#
# There is insufficient memory for the Java Runtime Environment to continue.
# Native memory allocation (mmap) failed to map 321912832 bytes for G1 virtual space
# Possible reasons:
#   The system is out of physical RAM or swap space
#   The process is running with CompressedOops enabled, and the Java Heap may be blocking the growth of the native heap
# Possible solutions:
#   Reduce memory load on the system
#   Increase physical memory or swap space
#   Check if swap backing store is full
#   Decrease Java heap size (-Xmx/-Xms)
#   Decrease number of Java threads
#   Decrease Java thread stack sizes (-Xss)
#   Set larger code cache with -XX:ReservedCodeCacheSize=
#   JVM is running with Unscaled Compressed Oops mode in which the Java heap is
#     placed in the first 4GB address space. The Java Heap base address is the
#     maximum limit for the native heap growth. Please use -XX:HeapBaseMinAddress
#     to set the Java Heap base and to place the Java Heap above 4GB virtual address.
# This output file may be truncated or incomplete.
#
#  Out of Memory Error (os_windows.cpp:3535), pid=17328, tid=31232
#
# JRE version: OpenJDK Runtime Environment 21.9 (17.0.3+6) (build 17.0.3+6-LTS)
# Java VM: OpenJDK 64-Bit Server VM 21.9 (17.0.3+6-LTS, mixed mode, sharing, tiered, compressed oops, compressed class ptrs, g1 gc, windows-amd64)
# No core dump will be written. Minidumps are not enabled by default on client versions of Windows
#

---------------  S U M M A R Y ------------

Command Line: --add-opens=java.base/java.util=ALL-UNNAMED --add-opens=java.base/java.lang=ALL-UNNAMED --add-opens=java.base/java.lang.invoke=ALL-UNNAMED --add-opens=java.prefs/java.util.prefs=ALL-UNNAMED --add-opens=java.base/java.nio.charset=ALL-UNNAMED --add-opens=java.base/java.net=ALL-UNNAMED --add-opens=java.base/java.util.concurrent.atomic=ALL-UNNAMED -Xmx2048m -Dfile.encoding=UTF-8 -Duser.country=CN -Duser.language=zh -Duser.variant org.gradle.launcher.daemon.bootstrap.GradleDaemon 8.0

Host: Intel(R) Celeron(R) N4020 CPU @ 1.10GHz, 2 cores, 7G,  Windows 11 , 64 bit Build 22621 (10.0.22621.3085)
Time: Mon Mar 18 00:20:48 2024  Windows 11 , 64 bit Build 22621 (10.0.22621.3085) elapsed time: 271.946219 seconds (0d 0h 4m 31s)

---------------  T H R E A D  ---------------

Current thread (0x000001eeffac6150):  VMThread "VM Thread" [stack: 0x00000048c5100000,0x00000048c5200000] [id=31232]

Stack: [0x00000048c5100000,0x00000048c5200000]
Native frames: (J=compiled Java code, j=interpreted, Vv=VM code, C=native code)
V  [jvm.dll+0x67720a]
V  [jvm.dll+0x832514]
V  [jvm.dll+0x833cbe]
V  [jvm.dll+0x834323]
V  [jvm.dll+0x245815]
V  [jvm.dll+0x674129]
V  [jvm.dll+0x668a62]
V  [jvm.dll+0x30469b]
V  [jvm.dll+0x30bba6]
V  [jvm.dll+0x35ba0e]
V  [jvm.dll+0x35bc3f]
V  [jvm.dll+0x2db5a8]
V  [jvm.dll+0x2d9874]
V  [jvm.dll+0x2d8e7c]
V  [jvm.dll+0x31cc5b]
V  [jvm.dll+0x8387fb]
V  [jvm.dll+0x839534]
V  [jvm.dll+0x839a4d]
V  [jvm.dll+0x839e24]
V  [jvm.dll+0x839ef0]
V  [jvm.dll+0x7e230a]
V  [jvm.dll+0x676095]
C  [ucrtbase.dll+0x29363]
C  [KERNEL32.DLL+0x1257d]
C  [ntdll.dll+0x5aa58]

VM_Operation (0x00000048c95fe020): G1CollectForAllocation, mode: safepoint, requested by thread 0x000001eea5c96a30


---------------  P R O C E S S  ---------------

Threads class SMR info:
_java_thread_list=0x000001eeac369620, length=71, elements={
0x000001eefeca4060, 0x000001eeffaca8e0, 0x000001eeffacb750, 0x000001eeffae36a0,
0x000001eeffae6fe0, 0x000001eeffae77a0, 0x000001eeffae9d70, 0x000001eeffaeab20,
0x000001eeffaf0180, 0x000001ee9d408070, 0x000001ee9d4af990, 0x000001ee9d4b82a0,
0x000001ee9e893fd0, 0x000001ee9ed2c760, 0x000001ee9eb3e440, 0x000001ee9ee7b080,
0x000001ee9e836080, 0x000001ee9d646a10, 0x000001ee9d90e020, 0x000001ee9eb0d1a0,
0x000001ee9ddda3b0, 0x000001ee9ddda880, 0x000001ee9ddd9070, 0x000001ee9ddd9ee0,
0x000001ee9ddd9a10, 0x000001ee9ed41b60, 0x000001ee9ed3f9b0, 0x000001ee9ed3eb40,
0x000001ee9ed41690, 0x000001ee9ed3fe80, 0x000001ee9ed40350, 0x000001ee9ed42030,
0x000001ee9ed3acb0, 0x000001ee9ed40820, 0x000001ee9ed3d330, 0x000001ee9ed411c0,
0x000001ee9ed3bb20, 0x000001ee9ed3f4e0, 0x000001ee9ed3c4c0, 0x000001ee9ed3c990,
0x000001ee9ed3ce60, 0x000001ee9ed3d800, 0x000001ee9fe7a310, 0x000001ee9fe7b180,
0x000001ee9fe79e40, 0x000001ee9fe7b650, 0x000001ee9fe7bb20, 0x000001ee9fe7bff0,
0x000001ee9fe794a0, 0x000001ee9fe7a7e0, 0x000001ee9fe7acb0, 0x000001ee9fe7c4c0,
0x000001ee9fe7c990, 0x000001ee9fe78fd0, 0x000001ee9fe79970, 0x000001eea0fe0220,
0x000001eea0fe40b0, 0x000001eea0fe4580, 0x000001eea0fe4a50, 0x000001eea0fe1560,
0x000001eea0fdf880, 0x000001eea0fe53f0, 0x000001eea0fe5d90, 0x000001eea0fe3240,
0x000001ee9f286dc0, 0x000001ee9f283400, 0x000001ee9f287290, 0x000001ee9f284270,
0x000001ee9f289440, 0x000001eea5c9a8c0, 0x000001eea5c96a30
}

Java Threads: ( => current thread )
  0x000001eefeca4060 JavaThread "main" [_thread_blocked, id=32312, stack(0x00000048c4b00000,0x00000048c4c00000)]
  0x000001eeffaca8e0 JavaThread "Reference Handler" daemon [_thread_blocked, id=6608, stack(0x00000048c5200000,0x00000048c5300000)]
  0x000001eeffacb750 JavaThread "Finalizer" daemon [_thread_blocked, id=6492, stack(0x00000048c5300000,0x00000048c5400000)]
  0x000001eeffae36a0 JavaThread "Signal Dispatcher" daemon [_thread_blocked, id=16388, stack(0x00000048c5400000,0x00000048c5500000)]
  0x000001eeffae6fe0 JavaThread "Attach Listener" daemon [_thread_blocked, id=8872, stack(0x00000048c5500000,0x00000048c5600000)]
  0x000001eeffae77a0 JavaThread "Service Thread" daemon [_thread_blocked, id=27452, stack(0x00000048c5600000,0x00000048c5700000)]
  0x000001eeffae9d70 JavaThread "Monitor Deflation Thread" daemon [_thread_blocked, id=26544, stack(0x00000048c5700000,0x00000048c5800000)]
  0x000001eeffaeab20 JavaThread "C2 CompilerThread0" daemon [_thread_blocked, id=2408, stack(0x00000048c5800000,0x00000048c5900000)]
  0x000001eeffaf0180 JavaThread "C1 CompilerThread0" daemon [_thread_blocked, id=31928, stack(0x00000048c5900000,0x00000048c5a00000)]
  0x000001ee9d408070 JavaThread "Sweeper thread" daemon [_thread_blocked, id=17684, stack(0x00000048c5a00000,0x00000048c5b00000)]
  0x000001ee9d4af990 JavaThread "Common-Cleaner" daemon [_thread_blocked, id=26712, stack(0x00000048c5b00000,0x00000048c5c00000)]
  0x000001ee9d4b82a0 JavaThread "Notification Thread" daemon [_thread_blocked, id=30936, stack(0x00000048c5c00000,0x00000048c5d00000)]
  0x000001ee9e893fd0 JavaThread "Daemon health stats" [_thread_blocked, id=22804, stack(0x00000048c5f00000,0x00000048c6000000)]
  0x000001ee9ed2c760 JavaThread "Incoming local TCP Connector on port 55832" [_thread_in_native, id=31576, stack(0x00000048c6000000,0x00000048c6100000)]
  0x000001ee9eb3e440 JavaThread "Daemon periodic checks" [_thread_blocked, id=11204, stack(0x00000048c6100000,0x00000048c6200000)]
  0x000001ee9ee7b080 JavaThread "Daemon" [_thread_blocked, id=6480, stack(0x00000048c6200000,0x00000048c6300000)]
  0x000001ee9e836080 JavaThread "Handler for socket connection from /127.0.0.1:55832 to /127.0.0.1:55833" [_thread_in_native, id=4504, stack(0x00000048c6300000,0x00000048c6400000)]
  0x000001ee9d646a10 JavaThread "Cancel handler" [_thread_blocked, id=20256, stack(0x00000048c6400000,0x00000048c6500000)]
  0x000001ee9d90e020 JavaThread "Daemon worker" [_thread_blocked, id=22648, stack(0x00000048c6500000,0x00000048c6600000)]
  0x000001ee9eb0d1a0 JavaThread "Asynchronous log dispatcher for DefaultDaemonConnection: socket connection from /127.0.0.1:55832 to /127.0.0.1:55833" [_thread_blocked, id=32196, stack(0x00000048c6600000,0x00000048c6700000)]
  0x000001ee9ddda3b0 JavaThread "Stdin handler" [_thread_blocked, id=31984, stack(0x00000048c6700000,0x00000048c6800000)]
  0x000001ee9ddda880 JavaThread "Daemon client event forwarder" [_thread_blocked, id=7296, stack(0x00000048c6800000,0x00000048c6900000)]
  0x000001ee9ddd9070 JavaThread "Cache worker for journal cache (C:\Users\11218\.gradle\caches\journal-1)" [_thread_blocked, id=32600, stack(0x00000048c6900000,0x00000048c6a00000)]
  0x000001ee9ddd9ee0 JavaThread "File lock request listener" [_thread_in_native, id=25700, stack(0x00000048c6a00000,0x00000048c6b00000)]
  0x000001ee9ddd9a10 JavaThread "Cache worker for file hash cache (C:\Users\11218\.gradle\caches\8.0\fileHashes)" [_thread_blocked, id=16612, stack(0x00000048c6b00000,0x00000048c6c00000)]
  0x000001ee9ed41b60 JavaThread "File watcher server" daemon [_thread_blocked, id=31416, stack(0x00000048c6c00000,0x00000048c6d00000)]
  0x000001ee9ed3f9b0 JavaThread "File watcher consumer" daemon [_thread_blocked, id=26496, stack(0x00000048c6d00000,0x00000048c6e00000)]
  0x000001ee9ed3eb40 JavaThread "Cache worker for checksums cache (D:\androidLearning\AndroidStudioProjects\serviceTest1\.gradle\8.0\checksums)" [_thread_blocked, id=7448, stack(0x00000048c6e00000,0x00000048c6f00000)]
  0x000001ee9ed41690 JavaThread "Cache worker for cache directory md-rule (C:\Users\11218\.gradle\caches\8.0\md-rule)" [_thread_blocked, id=32536, stack(0x00000048c7100000,0x00000048c7200000)]
  0x000001ee9ed3fe80 JavaThread "Cache worker for file content cache (C:\Users\11218\.gradle\caches\8.0\fileContent)" [_thread_blocked, id=28524, stack(0x00000048c7200000,0x00000048c7300000)]
  0x000001ee9ed40350 JavaThread "Cache worker for file hash cache (D:\androidLearning\AndroidStudioProjects\serviceTest1\.gradle\8.0\fileHashes)" [_thread_blocked, id=27688, stack(0x00000048c7300000,0x00000048c7400000)]
  0x000001ee9ed42030 JavaThread "Cache worker for cache directory md-supplier (C:\Users\11218\.gradle\caches\8.0\md-supplier)" [_thread_blocked, id=31612, stack(0x00000048c7500000,0x00000048c7600000)]
  0x000001ee9ed3acb0 JavaThread "Cache worker for execution history cache (C:\Users\11218\.gradle\caches\8.0\executionHistory)" [_thread_blocked, id=18908, stack(0x00000048c7600000,0x00000048c7700000)]
  0x000001ee9ed40820 JavaThread "jar transforms" [_thread_blocked, id=7948, stack(0x00000048c7700000,0x00000048c7800000)]
  0x000001ee9ed3d330 JavaThread "jar transforms Thread 2" [_thread_blocked, id=29592, stack(0x00000048c7800000,0x00000048c7900000)]
  0x000001ee9ed411c0 JavaThread "Cache worker for kotlin-dsl (C:\Users\11218\.gradle\caches\8.0\kotlin-dsl)" [_thread_blocked, id=31456, stack(0x00000048c7900000,0x00000048c7a00000)]
  0x000001ee9ed3bb20 JavaThread "Cache worker for dependencies-accessors (D:\androidLearning\AndroidStudioProjects\serviceTest1\.gradle\8.0\dependencies-accessors)" [_thread_blocked, id=28868, stack(0x00000048c7a00000,0x00000048c7b00000)]
  0x000001ee9ed3f4e0 JavaThread "Cache worker for Build Output Cleanup Cache (D:\androidLearning\AndroidStudioProjects\serviceTest1\.gradle\buildOutputCleanup)" [_thread_blocked, id=29248, stack(0x00000048c7b00000,0x00000048c7c00000)]
  0x000001ee9ed3c4c0 JavaThread "Unconstrained build operations" [_thread_blocked, id=5160, stack(0x00000048c7c00000,0x00000048c7d00000)]
  0x000001ee9ed3c990 JavaThread "Unconstrained build operations Thread 2" [_thread_blocked, id=32048, stack(0x00000048c7d00000,0x00000048c7e00000)]
  0x000001ee9ed3ce60 JavaThread "Unconstrained build operations Thread 3" [_thread_blocked, id=30484, stack(0x00000048c7e00000,0x00000048c7f00000)]
  0x000001ee9ed3d800 JavaThread "Unconstrained build operations Thread 4" [_thread_blocked, id=1772, stack(0x00000048c7f00000,0x00000048c8000000)]
  0x000001ee9fe7a310 JavaThread "Unconstrained build operations Thread 5" [_thread_blocked, id=29936, stack(0x00000048c8000000,0x00000048c8100000)]
  0x000001ee9fe7b180 JavaThread "Unconstrained build operations Thread 6" [_thread_blocked, id=2484, stack(0x00000048c8100000,0x00000048c8200000)]
  0x000001ee9fe79e40 JavaThread "Unconstrained build operations Thread 7" [_thread_blocked, id=30216, stack(0x00000048c8200000,0x00000048c8300000)]
  0x000001ee9fe7b650 JavaThread "Unconstrained build operations Thread 8" [_thread_blocked, id=22144, stack(0x00000048c8300000,0x00000048c8400000)]
  0x000001ee9fe7bb20 JavaThread "Unconstrained build operations Thread 9" [_thread_blocked, id=31280, stack(0x00000048c8400000,0x00000048c8500000)]
  0x000001ee9fe7bff0 JavaThread "Unconstrained build operations Thread 10" [_thread_blocked, id=28152, stack(0x00000048c8500000,0x00000048c8600000)]
  0x000001ee9fe794a0 JavaThread "Unconstrained build operations Thread 11" [_thread_blocked, id=24740, stack(0x00000048c8600000,0x00000048c8700000)]
  0x000001ee9fe7a7e0 JavaThread "Unconstrained build operations Thread 12" [_thread_blocked, id=29060, stack(0x00000048c8700000,0x00000048c8800000)]
  0x000001ee9fe7acb0 JavaThread "Unconstrained build operations Thread 13" [_thread_blocked, id=26676, stack(0x00000048c8800000,0x00000048c8900000)]
  0x000001ee9fe7c4c0 JavaThread "Unconstrained build operations Thread 14" [_thread_blocked, id=22164, stack(0x00000048c8900000,0x00000048c8a00000)]
  0x000001ee9fe7c990 JavaThread "Unconstrained build operations Thread 15" [_thread_blocked, id=11812, stack(0x00000048c8a00000,0x00000048c8b00000)]
  0x000001ee9fe78fd0 JavaThread "Unconstrained build operations Thread 16" [_thread_blocked, id=19056, stack(0x00000048c8b00000,0x00000048c8c00000)]
  0x000001ee9fe79970 JavaThread "Unconstrained build operations Thread 17" [_thread_blocked, id=19268, stack(0x00000048c8c00000,0x00000048c8d00000)]
  0x000001eea0fe0220 JavaThread "Unconstrained build operations Thread 18" [_thread_blocked, id=17648, stack(0x00000048c8d00000,0x00000048c8e00000)]
  0x000001eea0fe40b0 JavaThread "Unconstrained build operations Thread 19" [_thread_blocked, id=18080, stack(0x00000048c8e00000,0x00000048c8f00000)]
  0x000001eea0fe4580 JavaThread "Unconstrained build operations Thread 20" [_thread_blocked, id=27580, stack(0x00000048c8f00000,0x00000048c9000000)]
  0x000001eea0fe4a50 JavaThread "Memory manager" [_thread_blocked, id=25344, stack(0x00000048c9000000,0x00000048c9100000)]
  0x000001eea0fe1560 JavaThread "build event listener" [_thread_blocked, id=19792, stack(0x00000048c9100000,0x00000048c9200000)]
  0x000001eea0fdf880 JavaThread "build event listener" [_thread_blocked, id=24920, stack(0x00000048c9200000,0x00000048c9300000)]
  0x000001eea0fe53f0 JavaThread "included builds" [_thread_blocked, id=29820, stack(0x00000048c4900000,0x00000048c4a00000)]
  0x000001eea0fe5d90 JavaThread "Execution worker" [_thread_blocked, id=3988, stack(0x00000048c4a00000,0x00000048c4b00000)]
  0x000001eea0fe3240 JavaThread "Cache worker for execution history cache (D:\androidLearning\AndroidStudioProjects\serviceTest1\.gradle\8.0\executionHistory)" [_thread_blocked, id=13612, stack(0x00000048c9300000,0x00000048c9400000)]
  0x000001ee9f286dc0 JavaThread "WorkerExecutor Queue" [_thread_blocked, id=31672, stack(0x00000048c9400000,0x00000048c9500000)]
  0x000001ee9f283400 JavaThread "pool-4-thread-1" [_thread_blocked, id=32560, stack(0x00000048c6f00000,0x00000048c7000000)]
  0x000001ee9f287290 JavaThread "stderr" [_thread_in_native, id=21488, stack(0x00000048c9700000,0x00000048c9800000)]
  0x000001ee9f284270 JavaThread "stdout" [_thread_in_native, id=18192, stack(0x00000048c9800000,0x00000048c9900000)]
  0x000001ee9f289440 JavaThread "WorkerExecutor Queue Thread 3" [_thread_blocked, id=19544, stack(0x00000048c9900000,0x00000048c9a00000)]
  0x000001eea5c9a8c0 JavaThread "ForkJoinPool-1-worker-1" daemon [_thread_blocked, id=21200, stack(0x00000048c7000000,0x00000048c7100000)]
  0x000001eea5c96a30 JavaThread "ForkJoinPool-1-worker-2" daemon [_thread_blocked, id=26972, stack(0x00000048c9500000,0x00000048c9600000)]

Other Threads:
=>0x000001eeffac6150 VMThread "VM Thread" [stack: 0x00000048c5100000,0x00000048c5200000] [id=31232]
  0x000001ee9d4bab90 WatcherThread [stack: 0x00000048c5d00000,0x00000048c5e00000] [id=15448]
  0x000001eefecfe2e0 GCTaskThread "GC Thread#0" [stack: 0x00000048c4c00000,0x00000048c4d00000] [id=28592]
  0x000001ee9d64c700 GCTaskThread "GC Thread#1" [stack: 0x00000048c5e00000,0x00000048c5f00000] [id=2592]
  0x000001eefed10230 ConcurrentGCThread "G1 Main Marker" [stack: 0x00000048c4d00000,0x00000048c4e00000] [id=31940]
  0x000001eefed10c40 ConcurrentGCThread "G1 Conc#0" [stack: 0x00000048c4e00000,0x00000048c4f00000] [id=31252]
  0x000001eefed6e530 ConcurrentGCThread "G1 Refine#0" [stack: 0x00000048c4f00000,0x00000048c5000000] [id=31104]
  0x000001ee9ee7a320 ConcurrentGCThread "G1 Refine#1" [stack: 0x00000048c7400000,0x00000048c7500000] [id=10868]
  0x000001eeff9808a0 ConcurrentGCThread "G1 Service" [stack: 0x00000048c5000000,0x00000048c5100000] [id=19168]

Threads with active compile tasks:
C2 CompilerThread0   272007 25937 %     4       com.android.tools.r8.dex.B::a @ 316 (1021 bytes)

VM state: at safepoint (normal execution)

VM Mutex/Monitor currently owned by a thread:  ([mutex/lock_event])
[0x000001eefeca0240] Threads_lock - owner thread: 0x000001eeffac6150
[0x000001eefeca01b0] Heap_lock - owner thread: 0x000001eea5c96a30

Heap address: 0x0000000080000000, size: 2048 MB, Compressed Oops mode: 32-bit

CDS archive(s) mapped at: [0x0000000800000000-0x0000000800bc0000-0x0000000800bc0000), size 12320768, SharedBaseAddress: 0x0000000800000000, ArchiveRelocationMode: 0.
Compressed class space mapped at: 0x0000000800c00000-0x0000000840c00000, reserved size: 1073741824
Narrow klass base: 0x0000000800000000, Narrow klass shift: 0, Narrow klass range: 0x100000000

GC Precious Log:
 CPUs: 2 total, 2 available
 Memory: 7995M
 Large Page Support: Disabled
 NUMA Support: Disabled
 Compressed Oops: Enabled (32-bit)
 Heap Region Size: 1M
 Heap Min Capacity: 8M
 Heap Initial Capacity: 126M
 Heap Max Capacity: 2G
 Pre-touch: Disabled
 Parallel Workers: 2
 Concurrent Workers: 1
 Concurrent Refinement Workers: 2
 Periodic GC: Disabled

Heap:
 garbage-first heap   total 314368K, used 233472K [0x0000000080000000, 0x0000000100000000)
  region size 1024K, 6 young (6144K), 6 survivors (6144K)
 Metaspace       used 126642K, committed 127552K, reserved 1163264K
  class space    used 16451K, committed 16896K, reserved 1048576K

Heap Regions: E=young(eden), S=young(survivor), O=old, HS=humongous(starts), HC=humongous(continues), CS=collection set, F=free, OA=open archive, CA=closed archive, TAMS=top-at-mark-start (previous, next)
|   0|0x0000000080000000, 0x0000000080100000, 0x0000000080100000|100%| O|  |TAMS 0x0000000080100000, 0x0000000080000000| Untracked 
|   1|0x0000000080100000, 0x0000000080200000, 0x0000000080200000|100%| O|  |TAMS 0x0000000080200000, 0x0000000080100000| Untracked 
|   2|0x0000000080200000, 0x0000000080300000, 0x0000000080300000|100%| O|  |TAMS 0x0000000080300000, 0x0000000080200000| Untracked 
|   3|0x0000000080300000, 0x0000000080400000, 0x0000000080400000|100%|HS|  |TAMS 0x0000000080400000, 0x0000000080300000| Complete 
|   4|0x0000000080400000, 0x0000000080500000, 0x0000000080500000|100%|HC|  |TAMS 0x0000000080500000, 0x0000000080400000| Complete 
|   5|0x0000000080500000, 0x0000000080600000, 0x0000000080600000|100%|HC|  |TAMS 0x0000000080600000, 0x0000000080500000| Complete 
|   6|0x0000000080600000, 0x0000000080700000, 0x0000000080700000|100%|HC|  |TAMS 0x0000000080700000, 0x0000000080600000| Complete 
|   7|0x0000000080700000, 0x0000000080800000, 0x0000000080800000|100%| O|  |TAMS 0x0000000080800000, 0x0000000080700000| Untracked 
|   8|0x0000000080800000, 0x0000000080900000, 0x0000000080900000|100%| O|  |TAMS 0x0000000080900000, 0x0000000080800000| Untracked 
|   9|0x0000000080900000, 0x0000000080a00000, 0x0000000080a00000|100%| O|  |TAMS 0x0000000080a00000, 0x0000000080900000| Untracked 
|  10|0x0000000080a00000, 0x0000000080b00000, 0x0000000080b00000|100%| O|  |TAMS 0x0000000080b00000, 0x0000000080a00000| Untracked 
|  11|0x0000000080b00000, 0x0000000080c00000, 0x0000000080c00000|100%| O|  |TAMS 0x0000000080c00000, 0x0000000080b00000| Untracked 
|  12|0x0000000080c00000, 0x0000000080d00000, 0x0000000080d00000|100%| O|  |TAMS 0x0000000080d00000, 0x0000000080c00000| Untracked 
|  13|0x0000000080d00000, 0x0000000080e00000, 0x0000000080e00000|100%| O|  |TAMS 0x0000000080e00000, 0x0000000080d00000| Untracked 
|  14|0x0000000080e00000, 0x0000000080f00000, 0x0000000080f00000|100%| O|  |TAMS 0x0000000080f00000, 0x0000000080e00000| Untracked 
|  15|0x0000000080f00000, 0x0000000081000000, 0x0000000081000000|100%| O|  |TAMS 0x0000000081000000, 0x0000000080f00000| Untracked 
|  16|0x0000000081000000, 0x0000000081100000, 0x0000000081100000|100%| O|  |TAMS 0x0000000081100000, 0x0000000081000000| Untracked 
|  17|0x0000000081100000, 0x0000000081200000, 0x0000000081200000|100%| O|  |TAMS 0x0000000081200000, 0x0000000081100000| Untracked 
|  18|0x0000000081200000, 0x0000000081300000, 0x0000000081300000|100%| O|  |TAMS 0x0000000081300000, 0x0000000081200000| Untracked 
|  19|0x0000000081300000, 0x0000000081400000, 0x0000000081400000|100%| O|  |TAMS 0x0000000081400000, 0x0000000081300000| Untracked 
|  20|0x0000000081400000, 0x0000000081500000, 0x0000000081500000|100%| O|  |TAMS 0x0000000081500000, 0x0000000081400000| Untracked 
|  21|0x0000000081500000, 0x0000000081600000, 0x0000000081600000|100%| O|  |TAMS 0x0000000081600000, 0x0000000081500000| Untracked 
|  22|0x0000000081600000, 0x0000000081700000, 0x0000000081700000|100%| O|  |TAMS 0x0000000081700000, 0x0000000081600000| Untracked 
|  23|0x0000000081700000, 0x0000000081800000, 0x0000000081800000|100%| O|  |TAMS 0x0000000081800000, 0x0000000081700000| Untracked 
|  24|0x0000000081800000, 0x0000000081900000, 0x0000000081900000|100%| O|  |TAMS 0x0000000081900000, 0x0000000081800000| Untracked 
|  25|0x0000000081900000, 0x0000000081a00000, 0x0000000081a00000|100%| O|  |TAMS 0x0000000081a00000, 0x0000000081900000| Untracked 
|  26|0x0000000081a00000, 0x0000000081b00000, 0x0000000081b00000|100%| O|  |TAMS 0x0000000081b00000, 0x0000000081a00000| Untracked 
|  27|0x0000000081b00000, 0x0000000081c00000, 0x0000000081c00000|100%| O|  |TAMS 0x0000000081c00000, 0x0000000081b00000| Untracked 
|  28|0x0000000081c00000, 0x0000000081d00000, 0x0000000081d00000|100%| O|  |TAMS 0x0000000081d00000, 0x0000000081c00000| Untracked 
|  29|0x0000000081d00000, 0x0000000081e00000, 0x0000000081e00000|100%| O|  |TAMS 0x0000000081e00000, 0x0000000081d00000| Untracked 
|  30|0x0000000081e00000, 0x0000000081f00000, 0x0000000081f00000|100%| O|  |TAMS 0x0000000081f00000, 0x0000000081e00000| Untracked 
|  31|0x0000000081f00000, 0x0000000082000000, 0x0000000082000000|100%| O|  |TAMS 0x0000000082000000, 0x0000000081f00000| Untracked 
|  32|0x0000000082000000, 0x0000000082100000, 0x0000000082100000|100%| O|  |TAMS 0x0000000082100000, 0x0000000082000000| Untracked 
|  33|0x0000000082100000, 0x0000000082200000, 0x0000000082200000|100%| O|  |TAMS 0x0000000082200000, 0x0000000082100000| Untracked 
|  34|0x0000000082200000, 0x0000000082300000, 0x0000000082300000|100%| O|  |TAMS 0x0000000082300000, 0x0000000082200000| Untracked 
|  35|0x0000000082300000, 0x0000000082400000, 0x0000000082400000|100%| O|  |TAMS 0x0000000082400000, 0x0000000082300000| Untracked 
|  36|0x0000000082400000, 0x0000000082500000, 0x0000000082500000|100%| O|  |TAMS 0x0000000082500000, 0x0000000082400000| Untracked 
|  37|0x0000000082500000, 0x0000000082600000, 0x0000000082600000|100%| O|  |TAMS 0x0000000082600000, 0x0000000082500000| Untracked 
|  38|0x0000000082600000, 0x0000000082700000, 0x0000000082700000|100%|HS|  |TAMS 0x0000000082700000, 0x0000000082600000| Complete 
|  39|0x0000000082700000, 0x0000000082800000, 0x0000000082800000|100%|HS|  |TAMS 0x0000000082800000, 0x0000000082700000| Complete 
|  40|0x0000000082800000, 0x0000000082900000, 0x0000000082900000|100%|HS|  |TAMS 0x0000000082900000, 0x0000000082800000| Complete 
|  41|0x0000000082900000, 0x0000000082a00000, 0x0000000082a00000|100%|HC|  |TAMS 0x0000000082a00000, 0x0000000082900000| Complete 
|  42|0x0000000082a00000, 0x0000000082b00000, 0x0000000082b00000|100%|HS|  |TAMS 0x0000000082b00000, 0x0000000082a00000| Complete 
|  43|0x0000000082b00000, 0x0000000082c00000, 0x0000000082c00000|100%|HS|  |TAMS 0x0000000082c00000, 0x0000000082b00000| Complete 
|  44|0x0000000082c00000, 0x0000000082d00000, 0x0000000082d00000|100%|HC|  |TAMS 0x0000000082d00000, 0x0000000082c00000| Complete 
|  45|0x0000000082d00000, 0x0000000082e00000, 0x0000000082e00000|100%|HC|  |TAMS 0x0000000082e00000, 0x0000000082d00000| Complete 
|  46|0x0000000082e00000, 0x0000000082f00000, 0x0000000082f00000|100%|HC|  |TAMS 0x0000000082f00000, 0x0000000082e00000| Complete 
|  47|0x0000000082f00000, 0x0000000083000000, 0x0000000083000000|100%| O|  |TAMS 0x0000000083000000, 0x0000000082f00000| Untracked 
|  48|0x0000000083000000, 0x0000000083100000, 0x0000000083100000|100%| O|  |TAMS 0x0000000083100000, 0x0000000083000000| Untracked 
|  49|0x0000000083100000, 0x0000000083200000, 0x0000000083200000|100%| O|  |TAMS 0x0000000083200000, 0x0000000083100000| Untracked 
|  50|0x0000000083200000, 0x0000000083300000, 0x0000000083300000|100%| O|  |TAMS 0x0000000083300000, 0x0000000083200000| Untracked 
|  51|0x0000000083300000, 0x0000000083400000, 0x0000000083400000|100%| O|  |TAMS 0x0000000083400000, 0x0000000083300000| Untracked 
|  52|0x0000000083400000, 0x0000000083500000, 0x0000000083500000|100%| O|  |TAMS 0x0000000083500000, 0x0000000083400000| Untracked 
|  53|0x0000000083500000, 0x0000000083600000, 0x0000000083600000|100%| O|  |TAMS 0x0000000083600000, 0x0000000083500000| Untracked 
|  54|0x0000000083600000, 0x0000000083700000, 0x0000000083700000|100%| O|  |TAMS 0x0000000083700000, 0x0000000083600000| Untracked 
|  55|0x0000000083700000, 0x0000000083800000, 0x0000000083800000|100%| O|  |TAMS 0x0000000083800000, 0x0000000083700000| Untracked 
|  56|0x0000000083800000, 0x0000000083900000, 0x0000000083900000|100%| O|  |TAMS 0x0000000083900000, 0x0000000083800000| Untracked 
|  57|0x0000000083900000, 0x0000000083a00000, 0x0000000083a00000|100%| O|  |TAMS 0x0000000083a00000, 0x0000000083900000| Untracked 
|  58|0x0000000083a00000, 0x0000000083b00000, 0x0000000083b00000|100%| O|  |TAMS 0x0000000083b00000, 0x0000000083a00000| Untracked 
|  59|0x0000000083b00000, 0x0000000083c00000, 0x0000000083c00000|100%| O|  |TAMS 0x0000000083c00000, 0x0000000083b00000| Untracked 
|  60|0x0000000083c00000, 0x0000000083d00000, 0x0000000083d00000|100%| O|  |TAMS 0x0000000083d00000, 0x0000000083c00000| Untracked 
|  61|0x0000000083d00000, 0x0000000083e00000, 0x0000000083e00000|100%| O|  |TAMS 0x0000000083e00000, 0x0000000083d00000| Untracked 
|  62|0x0000000083e00000, 0x0000000083f00000, 0x0000000083f00000|100%| O|  |TAMS 0x0000000083f00000, 0x0000000083e00000| Untracked 
|  63|0x0000000083f00000, 0x0000000084000000, 0x0000000084000000|100%| O|  |TAMS 0x0000000084000000, 0x0000000083f00000| Untracked 
|  64|0x0000000084000000, 0x0000000084100000, 0x0000000084100000|100%| O|  |TAMS 0x0000000084100000, 0x0000000084000000| Untracked 
|  65|0x0000000084100000, 0x0000000084200000, 0x0000000084200000|100%| O|  |TAMS 0x0000000084200000, 0x0000000084100000| Untracked 
|  66|0x0000000084200000, 0x0000000084300000, 0x0000000084300000|100%| O|  |TAMS 0x0000000084300000, 0x0000000084200000| Untracked 
|  67|0x0000000084300000, 0x0000000084400000, 0x0000000084400000|100%| O|  |TAMS 0x0000000084400000, 0x0000000084300000| Untracked 
|  68|0x0000000084400000, 0x0000000084500000, 0x0000000084500000|100%| O|  |TAMS 0x0000000084500000, 0x0000000084400000| Untracked 
|  69|0x0000000084500000, 0x0000000084600000, 0x0000000084600000|100%| O|  |TAMS 0x0000000084600000, 0x0000000084500000| Untracked 
|  70|0x0000000084600000, 0x0000000084700000, 0x0000000084700000|100%| O|  |TAMS 0x0000000084700000, 0x0000000084600000| Untracked 
|  71|0x0000000084700000, 0x0000000084800000, 0x0000000084800000|100%| O|  |TAMS 0x0000000084800000, 0x0000000084700000| Untracked 
|  72|0x0000000084800000, 0x0000000084900000, 0x0000000084900000|100%| O|  |TAMS 0x0000000084900000, 0x0000000084800000| Untracked 
|  73|0x0000000084900000, 0x0000000084a00000, 0x0000000084a00000|100%| O|  |TAMS 0x0000000084a00000, 0x0000000084900000| Untracked 
|  74|0x0000000084a00000, 0x0000000084b00000, 0x0000000084b00000|100%| O|  |TAMS 0x0000000084b00000, 0x0000000084a00000| Untracked 
|  75|0x0000000084b00000, 0x0000000084c00000, 0x0000000084c00000|100%| O|  |TAMS 0x0000000084c00000, 0x0000000084b00000| Untracked 
|  76|0x0000000084c00000, 0x0000000084d00000, 0x0000000084d00000|100%| O|  |TAMS 0x0000000084d00000, 0x0000000084c00000| Untracked 
|  77|0x0000000084d00000, 0x0000000084e00000, 0x0000000084e00000|100%| O|  |TAMS 0x0000000084e00000, 0x0000000084d00000| Untracked 
|  78|0x0000000084e00000, 0x0000000084f00000, 0x0000000084f00000|100%| O|  |TAMS 0x0000000084f00000, 0x0000000084e00000| Untracked 
|  79|0x0000000084f00000, 0x0000000085000000, 0x0000000085000000|100%| O|  |TAMS 0x0000000085000000, 0x0000000084f00000| Untracked 
|  80|0x0000000085000000, 0x0000000085100000, 0x0000000085100000|100%| O|  |TAMS 0x0000000085100000, 0x0000000085000000| Untracked 
|  81|0x0000000085100000, 0x0000000085200000, 0x0000000085200000|100%| O|  |TAMS 0x0000000085200000, 0x0000000085100000| Untracked 
|  82|0x0000000085200000, 0x0000000085300000, 0x0000000085300000|100%| O|  |TAMS 0x0000000085300000, 0x0000000085200000| Untracked 
|  83|0x0000000085300000, 0x0000000085400000, 0x0000000085400000|100%| O|  |TAMS 0x0000000085400000, 0x0000000085300000| Untracked 
|  84|0x0000000085400000, 0x0000000085500000, 0x0000000085500000|100%| O|  |TAMS 0x0000000085500000, 0x0000000085400000| Untracked 
|  85|0x0000000085500000, 0x0000000085600000, 0x0000000085600000|100%| O|  |TAMS 0x0000000085600000, 0x0000000085500000| Untracked 
|  86|0x0000000085600000, 0x0000000085700000, 0x0000000085700000|100%| O|  |TAMS 0x0000000085700000, 0x0000000085600000| Untracked 
|  87|0x0000000085700000, 0x0000000085800000, 0x0000000085800000|100%| O|  |TAMS 0x0000000085800000, 0x0000000085700000| Untracked 
|  88|0x0000000085800000, 0x0000000085900000, 0x0000000085900000|100%| O|  |TAMS 0x0000000085900000, 0x0000000085800000| Untracked 
|  89|0x0000000085900000, 0x0000000085a00000, 0x0000000085a00000|100%| O|  |TAMS 0x0000000085a00000, 0x0000000085900000| Untracked 
|  90|0x0000000085a00000, 0x0000000085b00000, 0x0000000085b00000|100%| O|  |TAMS 0x0000000085b00000, 0x0000000085a00000| Untracked 
|  91|0x0000000085b00000, 0x0000000085c00000, 0x0000000085c00000|100%| O|  |TAMS 0x0000000085c00000, 0x0000000085b00000| Untracked 
|  92|0x0000000085c00000, 0x0000000085d00000, 0x0000000085d00000|100%| O|  |TAMS 0x0000000085c00000, 0x0000000085c00000| Untracked 
|  93|0x0000000085d00000, 0x0000000085e00000, 0x0000000085e00000|100%| O|  |TAMS 0x0000000085d00000, 0x0000000085d00000| Untracked 
|  94|0x0000000085e00000, 0x0000000085f00000, 0x0000000085f00000|100%| O|  |TAMS 0x0000000085e00000, 0x0000000085e00000| Untracked 
|  95|0x0000000085f00000, 0x0000000086000000, 0x0000000086000000|100%| O|  |TAMS 0x0000000085f00000, 0x0000000085f00000| Untracked 
|  96|0x0000000086000000, 0x0000000086100000, 0x0000000086100000|100%| O|  |TAMS 0x0000000086100000, 0x0000000086000000| Untracked 
|  97|0x0000000086100000, 0x0000000086200000, 0x0000000086200000|100%| O|  |TAMS 0x0000000086200000, 0x0000000086100000| Untracked 
|  98|0x0000000086200000, 0x0000000086300000, 0x0000000086300000|100%| O|  |TAMS 0x0000000086300000, 0x0000000086200000| Untracked 
|  99|0x0000000086300000, 0x0000000086400000, 0x0000000086400000|100%| O|  |TAMS 0x0000000086400000, 0x0000000086300000| Untracked 
| 100|0x0000000086400000, 0x0000000086500000, 0x0000000086500000|100%| O|  |TAMS 0x0000000086500000, 0x0000000086400000| Untracked 
| 101|0x0000000086500000, 0x0000000086600000, 0x0000000086600000|100%| O|  |TAMS 0x0000000086600000, 0x0000000086500000| Untracked 
| 102|0x0000000086600000, 0x0000000086700000, 0x0000000086700000|100%| O|  |TAMS 0x0000000086700000, 0x0000000086600000| Untracked 
| 103|0x0000000086700000, 0x0000000086800000, 0x0000000086800000|100%| O|  |TAMS 0x0000000086800000, 0x0000000086700000| Untracked 
| 104|0x0000000086800000, 0x0000000086900000, 0x0000000086900000|100%| O|  |TAMS 0x0000000086900000, 0x0000000086800000| Untracked 
| 105|0x0000000086900000, 0x0000000086a00000, 0x0000000086a00000|100%| O|  |TAMS 0x0000000086a00000, 0x0000000086900000| Untracked 
| 106|0x0000000086a00000, 0x0000000086b00000, 0x0000000086b00000|100%| O|  |TAMS 0x0000000086b00000, 0x0000000086a00000| Untracked 
| 107|0x0000000086b00000, 0x0000000086c00000, 0x0000000086c00000|100%| O|  |TAMS 0x0000000086c00000, 0x0000000086b00000| Untracked 
| 108|0x0000000086c00000, 0x0000000086d00000, 0x0000000086d00000|100%| O|  |TAMS 0x0000000086d00000, 0x0000000086c00000| Untracked 
| 109|0x0000000086d00000, 0x0000000086e00000, 0x0000000086e00000|100%| O|  |TAMS 0x0000000086e00000, 0x0000000086d00000| Untracked 
| 110|0x0000000086e00000, 0x0000000086f00000, 0x0000000086f00000|100%| O|  |TAMS 0x0000000086f00000, 0x0000000086e00000| Untracked 
| 111|0x0000000086f00000, 0x0000000087000000, 0x0000000087000000|100%| O|  |TAMS 0x0000000087000000, 0x0000000086f00000| Untracked 
| 112|0x0000000087000000, 0x0000000087100000, 0x0000000087100000|100%| O|  |TAMS 0x0000000087100000, 0x0000000087000000| Untracked 
| 113|0x0000000087100000, 0x0000000087200000, 0x0000000087200000|100%| O|  |TAMS 0x00000000871eae00, 0x0000000087100000| Untracked 
| 114|0x0000000087200000, 0x0000000087300000, 0x0000000087300000|100%|HS|  |TAMS 0x0000000087300000, 0x0000000087200000| Complete 
| 115|0x0000000087300000, 0x0000000087400000, 0x0000000087400000|100%| O|  |TAMS 0x0000000087300000, 0x0000000087300000| Untracked 
| 116|0x0000000087400000, 0x0000000087500000, 0x0000000087500000|100%|HS|  |TAMS 0x0000000087500000, 0x0000000087400000| Complete 
| 117|0x0000000087500000, 0x0000000087600000, 0x0000000087600000|100%|HC|  |TAMS 0x0000000087600000, 0x0000000087500000| Complete 
| 118|0x0000000087600000, 0x0000000087700000, 0x0000000087700000|100%|HS|  |TAMS 0x0000000087700000, 0x0000000087600000| Complete 
| 119|0x0000000087700000, 0x0000000087800000, 0x0000000087800000|100%|HS|  |TAMS 0x0000000087800000, 0x0000000087700000| Complete 
| 120|0x0000000087800000, 0x0000000087900000, 0x0000000087900000|100%|HC|  |TAMS 0x0000000087900000, 0x0000000087800000| Complete 
| 121|0x0000000087900000, 0x0000000087a00000, 0x0000000087a00000|100%| O|  |TAMS 0x0000000087a00000, 0x0000000087900000| Untracked 
| 122|0x0000000087a00000, 0x0000000087b00000, 0x0000000087b00000|100%| O|  |TAMS 0x0000000087b00000, 0x0000000087a00000| Untracked 
| 123|0x0000000087b00000, 0x0000000087c00000, 0x0000000087c00000|100%| O|  |TAMS 0x0000000087c00000, 0x0000000087b00000| Untracked 
| 124|0x0000000087c00000, 0x0000000087d00000, 0x0000000087d00000|100%| O|  |TAMS 0x0000000087d00000, 0x0000000087c00000| Untracked 
| 125|0x0000000087d00000, 0x0000000087e00000, 0x0000000087e00000|100%| O|  |TAMS 0x0000000087e00000, 0x0000000087d00000| Untracked 
| 126|0x0000000087e00000, 0x0000000087f00000, 0x0000000087f00000|100%| O|  |TAMS 0x0000000087f00000, 0x0000000087e00000| Untracked 
| 127|0x0000000087f00000, 0x0000000088000000, 0x0000000088000000|100%| O|  |TAMS 0x0000000088000000, 0x0000000087f00000| Untracked 
| 128|0x0000000088000000, 0x0000000088100000, 0x0000000088100000|100%|HS|  |TAMS 0x0000000088100000, 0x0000000088000000| Complete 
| 129|0x0000000088100000, 0x0000000088200000, 0x0000000088200000|100%|HC|  |TAMS 0x0000000088200000, 0x0000000088100000| Complete 
| 130|0x0000000088200000, 0x0000000088300000, 0x0000000088300000|100%|HS|  |TAMS 0x0000000088200000, 0x0000000088200000| Complete 
| 131|0x0000000088300000, 0x0000000088400000, 0x0000000088400000|100%|HC|  |TAMS 0x0000000088300000, 0x0000000088300000| Complete 
| 132|0x0000000088400000, 0x0000000088500000, 0x0000000088500000|100%| O|  |TAMS 0x0000000088400000, 0x0000000088400000| Untracked 
| 133|0x0000000088500000, 0x0000000088600000, 0x0000000088600000|100%|HS|  |TAMS 0x0000000088600000, 0x0000000088500000| Complete 
| 134|0x0000000088600000, 0x0000000088700000, 0x0000000088700000|100%|HC|  |TAMS 0x0000000088700000, 0x0000000088600000| Complete 
| 135|0x0000000088700000, 0x0000000088800000, 0x0000000088800000|100%| O|  |TAMS 0x0000000088700000, 0x0000000088700000| Untracked 
| 136|0x0000000088800000, 0x0000000088900000, 0x0000000088900000|100%|HS|  |TAMS 0x0000000088900000, 0x0000000088800000| Complete 
| 137|0x0000000088900000, 0x0000000088a00000, 0x0000000088a00000|100%| O|  |TAMS 0x0000000088900000, 0x0000000088900000| Untracked 
| 138|0x0000000088a00000, 0x0000000088b00000, 0x0000000088b00000|100%|HS|  |TAMS 0x0000000088b00000, 0x0000000088a00000| Complete 
| 139|0x0000000088b00000, 0x0000000088c00000, 0x0000000088c00000|100%| O|  |TAMS 0x0000000088b00000, 0x0000000088b00000| Untracked 
| 140|0x0000000088c00000, 0x0000000088d00000, 0x0000000088d00000|100%| O|  |TAMS 0x0000000088c00000, 0x0000000088c00000| Untracked 
| 141|0x0000000088d00000, 0x0000000088e00000, 0x0000000088e00000|100%| O|  |TAMS 0x0000000088d00000, 0x0000000088d00000| Untracked 
| 142|0x0000000088e00000, 0x0000000088f00000, 0x0000000088f00000|100%|HS|  |TAMS 0x0000000088f00000, 0x0000000088e00000| Complete 
| 143|0x0000000088f00000, 0x0000000089000000, 0x0000000089000000|100%|HC|  |TAMS 0x0000000089000000, 0x0000000088f00000| Complete 
| 144|0x0000000089000000, 0x0000000089100000, 0x0000000089100000|100%|HS|  |TAMS 0x0000000089000000, 0x0000000089000000| Complete 
| 145|0x0000000089100000, 0x0000000089200000, 0x0000000089200000|100%| O|  |TAMS 0x0000000089200000, 0x0000000089100000| Untracked 
| 146|0x0000000089200000, 0x0000000089300000, 0x0000000089300000|100%|HS|  |TAMS 0x0000000089200000, 0x0000000089200000| Complete 
| 147|0x0000000089300000, 0x0000000089400000, 0x0000000089400000|100%| O|  |TAMS 0x0000000089300000, 0x0000000089300000| Untracked 
| 148|0x0000000089400000, 0x0000000089500000, 0x0000000089500000|100%| O|  |TAMS 0x0000000089400000, 0x0000000089400000| Untracked 
| 149|0x0000000089500000, 0x0000000089600000, 0x0000000089600000|100%| O|  |TAMS 0x0000000089500000, 0x0000000089500000| Untracked 
| 150|0x0000000089600000, 0x0000000089700000, 0x0000000089700000|100%| O|  |TAMS 0x0000000089600000, 0x0000000089600000| Untracked 
| 151|0x0000000089700000, 0x0000000089800000, 0x0000000089800000|100%| O|  |TAMS 0x0000000089700000, 0x0000000089700000| Untracked 
| 152|0x0000000089800000, 0x0000000089900000, 0x0000000089900000|100%| O|  |TAMS 0x0000000089900000, 0x0000000089800000| Untracked 
| 153|0x0000000089900000, 0x0000000089a00000, 0x0000000089a00000|100%| O|  |TAMS 0x0000000089900000, 0x0000000089900000| Untracked 
| 154|0x0000000089a00000, 0x0000000089b00000, 0x0000000089b00000|100%| O|  |TAMS 0x0000000089a00000, 0x0000000089a00000| Untracked 
| 155|0x0000000089b00000, 0x0000000089c00000, 0x0000000089c00000|100%| O|  |TAMS 0x0000000089b00000, 0x0000000089b00000| Untracked 
| 156|0x0000000089c00000, 0x0000000089d00000, 0x0000000089d00000|100%| O|  |TAMS 0x0000000089c00000, 0x0000000089c00000| Untracked 
| 157|0x0000000089d00000, 0x0000000089e00000, 0x0000000089e00000|100%| O|  |TAMS 0x0000000089d00000, 0x0000000089d00000| Untracked 
| 158|0x0000000089e00000, 0x0000000089f00000, 0x0000000089f00000|100%| O|  |TAMS 0x0000000089e00000, 0x0000000089e00000| Untracked 
| 159|0x0000000089f00000, 0x000000008a000000, 0x000000008a000000|100%| O|  |TAMS 0x0000000089f00000, 0x0000000089f00000| Untracked 
| 160|0x000000008a000000, 0x000000008a100000, 0x000000008a100000|100%| O|  |TAMS 0x000000008a000000, 0x000000008a000000| Untracked 
| 161|0x000000008a100000, 0x000000008a200000, 0x000000008a200000|100%| O|  |TAMS 0x000000008a100000, 0x000000008a100000| Untracked 
| 162|0x000000008a200000, 0x000000008a300000, 0x000000008a300000|100%| O|  |TAMS 0x000000008a200000, 0x000000008a200000| Untracked 
| 163|0x000000008a300000, 0x000000008a400000, 0x000000008a400000|100%| O|  |TAMS 0x000000008a300000, 0x000000008a300000| Untracked 
| 164|0x000000008a400000, 0x000000008a500000, 0x000000008a500000|100%| O|  |TAMS 0x000000008a400000, 0x000000008a400000| Untracked 
| 165|0x000000008a500000, 0x000000008a600000, 0x000000008a600000|100%| O|  |TAMS 0x000000008a500000, 0x000000008a500000| Untracked 
| 166|0x000000008a600000, 0x000000008a700000, 0x000000008a700000|100%| O|  |TAMS 0x000000008a600000, 0x000000008a600000| Untracked 
| 167|0x000000008a700000, 0x000000008a800000, 0x000000008a800000|100%| O|  |TAMS 0x000000008a700000, 0x000000008a700000| Untracked 
| 168|0x000000008a800000, 0x000000008a900000, 0x000000008a900000|100%| O|  |TAMS 0x000000008a800000, 0x000000008a800000| Untracked 
| 169|0x000000008a900000, 0x000000008aa00000, 0x000000008aa00000|100%| O|  |TAMS 0x000000008a900000, 0x000000008a900000| Untracked 
| 170|0x000000008aa00000, 0x000000008ab00000, 0x000000008ab00000|100%| O|  |TAMS 0x000000008aa00000, 0x000000008aa00000| Untracked 
| 171|0x000000008ab00000, 0x000000008ac00000, 0x000000008ac00000|100%| O|  |TAMS 0x000000008ab00000, 0x000000008ab00000| Untracked 
| 172|0x000000008ac00000, 0x000000008ad00000, 0x000000008ad00000|100%| O|  |TAMS 0x000000008ac00000, 0x000000008ac00000| Untracked 
| 173|0x000000008ad00000, 0x000000008ae00000, 0x000000008ae00000|100%| O|  |TAMS 0x000000008ad00000, 0x000000008ad00000| Untracked 
| 174|0x000000008ae00000, 0x000000008af00000, 0x000000008af00000|100%| O|  |TAMS 0x000000008ae00000, 0x000000008ae00000| Untracked 
| 175|0x000000008af00000, 0x000000008b000000, 0x000000008b000000|100%| O|  |TAMS 0x000000008af00000, 0x000000008af00000| Untracked 
| 176|0x000000008b000000, 0x000000008b100000, 0x000000008b100000|100%| O|  |TAMS 0x000000008b000000, 0x000000008b000000| Untracked 
| 177|0x000000008b100000, 0x000000008b200000, 0x000000008b200000|100%| O|  |TAMS 0x000000008b100000, 0x000000008b100000| Untracked 
| 178|0x000000008b200000, 0x000000008b300000, 0x000000008b300000|100%| O|  |TAMS 0x000000008b200000, 0x000000008b200000| Untracked 
| 179|0x000000008b300000, 0x000000008b400000, 0x000000008b400000|100%| O|  |TAMS 0x000000008b300000, 0x000000008b300000| Untracked 
| 180|0x000000008b400000, 0x000000008b500000, 0x000000008b500000|100%| O|  |TAMS 0x000000008b500000, 0x000000008b400000| Untracked 
| 181|0x000000008b500000, 0x000000008b600000, 0x000000008b600000|100%| O|  |TAMS 0x000000008b600000, 0x000000008b500000| Untracked 
| 182|0x000000008b600000, 0x000000008b700000, 0x000000008b700000|100%| O|  |TAMS 0x000000008b600000, 0x000000008b600000| Untracked 
| 183|0x000000008b700000, 0x000000008b800000, 0x000000008b800000|100%| O|  |TAMS 0x000000008b700000, 0x000000008b700000| Untracked 
| 184|0x000000008b800000, 0x000000008b900000, 0x000000008b900000|100%| O|  |TAMS 0x000000008b800000, 0x000000008b800000| Untracked 
| 185|0x000000008b900000, 0x000000008ba00000, 0x000000008ba00000|100%| O|  |TAMS 0x000000008b900000, 0x000000008b900000| Untracked 
| 186|0x000000008ba00000, 0x000000008bb00000, 0x000000008bb00000|100%| O|  |TAMS 0x000000008ba00000, 0x000000008ba00000| Untracked 
| 187|0x000000008bb00000, 0x000000008bc00000, 0x000000008bc00000|100%| O|  |TAMS 0x000000008bb00000, 0x000000008bb00000| Untracked 
| 188|0x000000008bc00000, 0x000000008bd00000, 0x000000008bd00000|100%| O|  |TAMS 0x000000008bc00000, 0x000000008bc00000| Untracked 
| 189|0x000000008bd00000, 0x000000008be00000, 0x000000008be00000|100%| O|  |TAMS 0x000000008bd00000, 0x000000008bd00000| Untracked 
| 190|0x000000008be00000, 0x000000008bf00000, 0x000000008bf00000|100%| O|  |TAMS 0x000000008be00000, 0x000000008be00000| Untracked 
| 191|0x000000008bf00000, 0x000000008c000000, 0x000000008c000000|100%| O|  |TAMS 0x000000008bf00000, 0x000000008bf00000| Untracked 
| 192|0x000000008c000000, 0x000000008c100000, 0x000000008c100000|100%| O|  |TAMS 0x000000008c000000, 0x000000008c000000| Untracked 
| 193|0x000000008c100000, 0x000000008c200000, 0x000000008c200000|100%| O|  |TAMS 0x000000008c100000, 0x000000008c100000| Untracked 
| 194|0x000000008c200000, 0x000000008c300000, 0x000000008c300000|100%| O|  |TAMS 0x000000008c200000, 0x000000008c200000| Untracked 
| 195|0x000000008c300000, 0x000000008c400000, 0x000000008c400000|100%| O|  |TAMS 0x000000008c300000, 0x000000008c300000| Untracked 
| 196|0x000000008c400000, 0x000000008c500000, 0x000000008c500000|100%| O|  |TAMS 0x000000008c400000, 0x000000008c400000| Untracked 
| 197|0x000000008c500000, 0x000000008c600000, 0x000000008c600000|100%| O|  |TAMS 0x000000008c500000, 0x000000008c500000| Untracked 
| 198|0x000000008c600000, 0x000000008c700000, 0x000000008c700000|100%| O|  |TAMS 0x000000008c600000, 0x000000008c600000| Untracked 
| 199|0x000000008c700000, 0x000000008c800000, 0x000000008c800000|100%| O|  |TAMS 0x000000008c700000, 0x000000008c700000| Untracked 
| 200|0x000000008c800000, 0x000000008c900000, 0x000000008c900000|100%| O|  |TAMS 0x000000008c800000, 0x000000008c800000| Untracked 
| 201|0x000000008c900000, 0x000000008ca00000, 0x000000008ca00000|100%| O|  |TAMS 0x000000008c900000, 0x000000008c900000| Untracked 
| 202|0x000000008ca00000, 0x000000008cb00000, 0x000000008cb00000|100%| O|  |TAMS 0x000000008ca00000, 0x000000008ca00000| Untracked 
| 203|0x000000008cb00000, 0x000000008cc00000, 0x000000008cc00000|100%| O|  |TAMS 0x000000008cb00000, 0x000000008cb00000| Untracked 
| 204|0x000000008cc00000, 0x000000008cd00000, 0x000000008cd00000|100%| O|  |TAMS 0x000000008cc00000, 0x000000008cc00000| Untracked 
| 205|0x000000008cd00000, 0x000000008ce00000, 0x000000008ce00000|100%| O|  |TAMS 0x000000008cd00000, 0x000000008cd00000| Untracked 
| 206|0x000000008ce00000, 0x000000008cf00000, 0x000000008cf00000|100%| O|  |TAMS 0x000000008ce00000, 0x000000008ce00000| Untracked 
| 207|0x000000008cf00000, 0x000000008d000000, 0x000000008d000000|100%| O|  |TAMS 0x000000008cf00000, 0x000000008cf00000| Untracked 
| 208|0x000000008d000000, 0x000000008d100000, 0x000000008d100000|100%| O|  |TAMS 0x000000008d000000, 0x000000008d000000| Untracked 
| 209|0x000000008d100000, 0x000000008d200000, 0x000000008d200000|100%| O|  |TAMS 0x000000008d100000, 0x000000008d100000| Untracked 
| 210|0x000000008d200000, 0x000000008d300000, 0x000000008d300000|100%| O|  |TAMS 0x000000008d200000, 0x000000008d200000| Untracked 
| 211|0x000000008d300000, 0x000000008d400000, 0x000000008d400000|100%| O|  |TAMS 0x000000008d300000, 0x000000008d300000| Untracked 
| 212|0x000000008d400000, 0x000000008d500000, 0x000000008d500000|100%| O|  |TAMS 0x000000008d400000, 0x000000008d400000| Untracked 
| 213|0x000000008d500000, 0x000000008d600000, 0x000000008d600000|100%| O|  |TAMS 0x000000008d500000, 0x000000008d500000| Untracked 
| 214|0x000000008d600000, 0x000000008d700000, 0x000000008d700000|100%| O|  |TAMS 0x000000008d600000, 0x000000008d600000| Untracked 
| 215|0x000000008d700000, 0x000000008d700000, 0x000000008d800000|  0%| F|  |TAMS 0x000000008d700000, 0x000000008d700000| Untracked 
| 216|0x000000008d800000, 0x000000008d800000, 0x000000008d900000|  0%| F|  |TAMS 0x000000008d800000, 0x000000008d800000| Untracked 
| 217|0x000000008d900000, 0x000000008d900000, 0x000000008da00000|  0%| F|  |TAMS 0x000000008d900000, 0x000000008d900000| Untracked 
| 218|0x000000008da00000, 0x000000008da00000, 0x000000008db00000|  0%| F|  |TAMS 0x000000008da00000, 0x000000008da00000| Untracked 
| 219|0x000000008db00000, 0x000000008db00000, 0x000000008dc00000|  0%| F|  |TAMS 0x000000008db00000, 0x000000008db00000| Untracked 
| 220|0x000000008dc00000, 0x000000008dc00000, 0x000000008dd00000|  0%| F|  |TAMS 0x000000008dc00000, 0x000000008dc00000| Untracked 
| 221|0x000000008dd00000, 0x000000008dd00000, 0x000000008de00000|  0%| F|  |TAMS 0x000000008dd00000, 0x000000008dd00000| Untracked 
| 222|0x000000008de00000, 0x000000008de00000, 0x000000008df00000|  0%| F|  |TAMS 0x000000008de00000, 0x000000008de00000| Untracked 
| 223|0x000000008df00000, 0x000000008df00000, 0x000000008e000000|  0%| F|  |TAMS 0x000000008df00000, 0x000000008df00000| Untracked 
| 224|0x000000008e000000, 0x000000008e000000, 0x000000008e100000|  0%| F|  |TAMS 0x000000008e000000, 0x000000008e000000| Untracked 
| 225|0x000000008e100000, 0x000000008e100000, 0x000000008e200000|  0%| F|  |TAMS 0x000000008e100000, 0x000000008e100000| Untracked 
| 226|0x000000008e200000, 0x000000008e200000, 0x000000008e300000|  0%| F|  |TAMS 0x000000008e200000, 0x000000008e200000| Untracked 
| 227|0x000000008e300000, 0x000000008e300000, 0x000000008e400000|  0%| F|  |TAMS 0x000000008e300000, 0x000000008e300000| Untracked 
| 228|0x000000008e400000, 0x000000008e400000, 0x000000008e500000|  0%| F|  |TAMS 0x000000008e400000, 0x000000008e400000| Untracked 
| 229|0x000000008e500000, 0x000000008e500000, 0x000000008e600000|  0%| F|  |TAMS 0x000000008e500000, 0x000000008e500000| Untracked 
| 230|0x000000008e600000, 0x000000008e600000, 0x000000008e700000|  0%| F|  |TAMS 0x000000008e600000, 0x000000008e600000| Untracked 
| 231|0x000000008e700000, 0x000000008e700000, 0x000000008e800000|  0%| F|  |TAMS 0x000000008e700000, 0x000000008e700000| Untracked 
| 232|0x000000008e800000, 0x000000008e800000, 0x000000008e900000|  0%| F|  |TAMS 0x000000008e800000, 0x000000008e800000| Untracked 
| 233|0x000000008e900000, 0x000000008e900000, 0x000000008ea00000|  0%| F|  |TAMS 0x000000008e900000, 0x000000008e900000| Untracked 
| 234|0x000000008ea00000, 0x000000008ea00000, 0x000000008eb00000|  0%| F|  |TAMS 0x000000008ea00000, 0x000000008ea00000| Untracked 
| 235|0x000000008eb00000, 0x000000008eb00000, 0x000000008ec00000|  0%| F|  |TAMS 0x000000008eb00000, 0x000000008eb00000| Untracked 
| 236|0x000000008ec00000, 0x000000008ec00000, 0x000000008ed00000|  0%| F|  |TAMS 0x000000008ec00000, 0x000000008ec00000| Untracked 
| 237|0x000000008ed00000, 0x000000008ed00000, 0x000000008ee00000|  0%| F|  |TAMS 0x000000008ed00000, 0x000000008ed00000| Untracked 
| 238|0x000000008ee00000, 0x000000008ee00000, 0x000000008ef00000|  0%| F|  |TAMS 0x000000008ee00000, 0x000000008ee00000| Untracked 
| 239|0x000000008ef00000, 0x000000008ef00000, 0x000000008f000000|  0%| F|  |TAMS 0x000000008ef00000, 0x000000008ef00000| Untracked 
| 240|0x000000008f000000, 0x000000008f000000, 0x000000008f100000|  0%| F|  |TAMS 0x000000008f000000, 0x000000008f000000| Untracked 
| 241|0x000000008f100000, 0x000000008f100000, 0x000000008f200000|  0%| F|  |TAMS 0x000000008f100000, 0x000000008f100000| Untracked 
| 242|0x000000008f200000, 0x000000008f200000, 0x000000008f300000|  0%| F|  |TAMS 0x000000008f200000, 0x000000008f200000| Untracked 
| 243|0x000000008f300000, 0x000000008f300000, 0x000000008f400000|  0%| F|  |TAMS 0x000000008f300000, 0x000000008f300000| Untracked 
| 244|0x000000008f400000, 0x000000008f400000, 0x000000008f500000|  0%| F|  |TAMS 0x000000008f400000, 0x000000008f400000| Untracked 
| 245|0x000000008f500000, 0x000000008f600000, 0x000000008f600000|100%| O|  |TAMS 0x000000008f600000, 0x000000008f500000| Untracked 
| 246|0x000000008f600000, 0x000000008f700000, 0x000000008f700000|100%| O|  |TAMS 0x000000008f700000, 0x000000008f600000| Untracked 
| 247|0x000000008f700000, 0x000000008f800000, 0x000000008f800000|100%| O|  |TAMS 0x000000008f800000, 0x000000008f700000| Untracked 
| 248|0x000000008f800000, 0x000000008f900000, 0x000000008f900000|100%| O|  |TAMS 0x000000008f900000, 0x000000008f800000| Untracked 
| 249|0x000000008f900000, 0x000000008fa00000, 0x000000008fa00000|100%| O|  |TAMS 0x000000008fa00000, 0x000000008f900000| Untracked 
| 250|0x000000008fa00000, 0x000000008fb00000, 0x000000008fb00000|100%| O|  |TAMS 0x000000008fb00000, 0x000000008fa00000| Untracked 
| 251|0x000000008fb00000, 0x000000008fc00000, 0x000000008fc00000|100%| O|  |TAMS 0x000000008fc00000, 0x000000008fb00000| Untracked 
| 252|0x000000008fc00000, 0x000000008fc00000, 0x000000008fd00000|  0%| F|  |TAMS 0x000000008fc00000, 0x000000008fc00000| Untracked 
| 253|0x000000008fd00000, 0x000000008fd00000, 0x000000008fe00000|  0%| F|  |TAMS 0x000000008fd00000, 0x000000008fd00000| Untracked 
| 254|0x000000008fe00000, 0x000000008fe00000, 0x000000008ff00000|  0%| F|  |TAMS 0x000000008fe00000, 0x000000008fe00000| Untracked 
| 255|0x000000008ff00000, 0x000000008ff00000, 0x0000000090000000|  0%| F|  |TAMS 0x000000008ff00000, 0x000000008ff00000| Untracked 
| 256|0x0000000090000000, 0x0000000090000000, 0x0000000090100000|  0%| F|  |TAMS 0x0000000090000000, 0x0000000090000000| Untracked 
| 257|0x0000000090100000, 0x0000000090100000, 0x0000000090200000|  0%| F|  |TAMS 0x0000000090100000, 0x0000000090100000| Untracked 
| 258|0x0000000090200000, 0x0000000090200000, 0x0000000090300000|  0%| F|  |TAMS 0x0000000090200000, 0x0000000090200000| Untracked 
| 259|0x0000000090300000, 0x0000000090300000, 0x0000000090400000|  0%| F|  |TAMS 0x0000000090300000, 0x0000000090300000| Untracked 
| 260|0x0000000090400000, 0x0000000090400000, 0x0000000090500000|  0%| F|  |TAMS 0x0000000090400000, 0x0000000090400000| Untracked 
| 261|0x0000000090500000, 0x0000000090500000, 0x0000000090600000|  0%| F|  |TAMS 0x0000000090500000, 0x0000000090500000| Untracked 
| 262|0x0000000090600000, 0x0000000090600000, 0x0000000090700000|  0%| F|  |TAMS 0x0000000090600000, 0x0000000090600000| Untracked 
| 263|0x0000000090700000, 0x0000000090700000, 0x0000000090800000|  0%| F|  |TAMS 0x0000000090700000, 0x0000000090700000| Untracked 
| 264|0x0000000090800000, 0x0000000090800000, 0x0000000090900000|  0%| F|  |TAMS 0x0000000090800000, 0x0000000090800000| Untracked 
| 265|0x0000000090900000, 0x0000000090900000, 0x0000000090a00000|  0%| F|  |TAMS 0x0000000090900000, 0x0000000090900000| Untracked 
| 266|0x0000000090a00000, 0x0000000090a00000, 0x0000000090b00000|  0%| F|  |TAMS 0x0000000090a00000, 0x0000000090a00000| Untracked 
| 267|0x0000000090b00000, 0x0000000090b00000, 0x0000000090c00000|  0%| F|  |TAMS 0x0000000090b00000, 0x0000000090b00000| Untracked 
| 268|0x0000000090c00000, 0x0000000090d00000, 0x0000000090d00000|100%| S|CS|TAMS 0x0000000090c00000, 0x0000000090c00000| Complete 
| 269|0x0000000090d00000, 0x0000000090e00000, 0x0000000090e00000|100%| S|CS|TAMS 0x0000000090d00000, 0x0000000090d00000| Complete 
| 270|0x0000000090e00000, 0x0000000090f00000, 0x0000000090f00000|100%| S|CS|TAMS 0x0000000090e00000, 0x0000000090e00000| Complete 
| 271|0x0000000090f00000, 0x0000000091000000, 0x0000000091000000|100%| S|CS|TAMS 0x0000000090f00000, 0x0000000090f00000| Complete 
| 272|0x0000000091000000, 0x0000000091100000, 0x0000000091100000|100%| S|CS|TAMS 0x0000000091000000, 0x0000000091000000| Complete 
| 273|0x0000000091100000, 0x0000000091200000, 0x0000000091200000|100%| S|CS|TAMS 0x0000000091100000, 0x0000000091100000| Complete 
| 274|0x0000000091200000, 0x0000000091200000, 0x0000000091300000|  0%| F|  |TAMS 0x0000000091200000, 0x0000000091200000| Untracked 
| 275|0x0000000091300000, 0x0000000091300000, 0x0000000091400000|  0%| F|  |TAMS 0x0000000091300000, 0x0000000091300000| Untracked 
| 276|0x0000000091400000, 0x0000000091400000, 0x0000000091500000|  0%| F|  |TAMS 0x0000000091400000, 0x0000000091400000| Untracked 
| 277|0x0000000091500000, 0x0000000091500000, 0x0000000091600000|  0%| F|  |TAMS 0x0000000091500000, 0x0000000091500000| Untracked 
| 278|0x0000000091600000, 0x0000000091600000, 0x0000000091700000|  0%| F|  |TAMS 0x0000000091600000, 0x0000000091600000| Untracked 
| 279|0x0000000091700000, 0x0000000091700000, 0x0000000091800000|  0%| F|  |TAMS 0x0000000091700000, 0x0000000091700000| Untracked 
| 280|0x0000000091800000, 0x0000000091800000, 0x0000000091900000|  0%| F|  |TAMS 0x0000000091800000, 0x0000000091800000| Untracked 
| 281|0x0000000091900000, 0x0000000091900000, 0x0000000091a00000|  0%| F|  |TAMS 0x0000000091900000, 0x0000000091900000| Untracked 
| 282|0x0000000091a00000, 0x0000000091a00000, 0x0000000091b00000|  0%| F|  |TAMS 0x0000000091a00000, 0x0000000091a00000| Untracked 
| 283|0x0000000091b00000, 0x0000000091b00000, 0x0000000091c00000|  0%| F|  |TAMS 0x0000000091b00000, 0x0000000091b00000| Untracked 
| 284|0x0000000091c00000, 0x0000000091c00000, 0x0000000091d00000|  0%| F|  |TAMS 0x0000000091c00000, 0x0000000091c00000| Untracked 
| 285|0x0000000091d00000, 0x0000000091d00000, 0x0000000091e00000|  0%| F|  |TAMS 0x0000000091d00000, 0x0000000091d00000| Untracked 
| 286|0x0000000091e00000, 0x0000000091e00000, 0x0000000091f00000|  0%| F|  |TAMS 0x0000000091e00000, 0x0000000091e00000| Untracked 
| 287|0x0000000091f00000, 0x0000000091f00000, 0x0000000092000000|  0%| F|  |TAMS 0x0000000091f00000, 0x0000000091f00000| Untracked 
| 288|0x0000000092000000, 0x0000000092000000, 0x0000000092100000|  0%| F|  |TAMS 0x0000000092000000, 0x0000000092000000| Untracked 
| 289|0x0000000092100000, 0x0000000092100000, 0x0000000092200000|  0%| F|  |TAMS 0x0000000092100000, 0x0000000092100000| Untracked 
| 290|0x0000000092200000, 0x0000000092200000, 0x0000000092300000|  0%| F|  |TAMS 0x0000000092200000, 0x0000000092200000| Untracked 
| 291|0x0000000092300000, 0x0000000092300000, 0x0000000092400000|  0%| F|  |TAMS 0x0000000092300000, 0x0000000092300000| Untracked 
| 292|0x0000000092400000, 0x0000000092400000, 0x0000000092500000|  0%| F|  |TAMS 0x0000000092400000, 0x0000000092400000| Untracked 
| 293|0x0000000092500000, 0x0000000092500000, 0x0000000092600000|  0%| F|  |TAMS 0x0000000092500000, 0x0000000092500000| Untracked 
| 294|0x0000000092600000, 0x0000000092600000, 0x0000000092700000|  0%| F|  |TAMS 0x0000000092600000, 0x0000000092600000| Untracked 
| 295|0x0000000092700000, 0x0000000092700000, 0x0000000092800000|  0%| F|  |TAMS 0x0000000092700000, 0x0000000092700000| Untracked 
| 296|0x0000000092800000, 0x0000000092800000, 0x0000000092900000|  0%| F|  |TAMS 0x0000000092800000, 0x0000000092800000| Untracked 
| 297|0x0000000092900000, 0x0000000092900000, 0x0000000092a00000|  0%| F|  |TAMS 0x0000000092900000, 0x0000000092900000| Untracked 
| 298|0x0000000092a00000, 0x0000000092a00000, 0x0000000092b00000|  0%| F|  |TAMS 0x0000000092a00000, 0x0000000092a00000| Untracked 
| 299|0x0000000092b00000, 0x0000000092b00000, 0x0000000092c00000|  0%| F|  |TAMS 0x0000000092b00000, 0x0000000092b00000| Untracked 
| 300|0x0000000092c00000, 0x0000000092c00000, 0x0000000092d00000|  0%| F|  |TAMS 0x0000000092c00000, 0x0000000092c00000| Untracked 
| 301|0x0000000092d00000, 0x0000000092d00000, 0x0000000092e00000|  0%| F|  |TAMS 0x0000000092d00000, 0x0000000092d00000| Untracked 
| 302|0x0000000092e00000, 0x0000000092e00000, 0x0000000092f00000|  0%| F|  |TAMS 0x0000000092e00000, 0x0000000092e00000| Untracked 
| 303|0x0000000092f00000, 0x0000000092f00000, 0x0000000093000000|  0%| F|  |TAMS 0x0000000092f00000, 0x0000000092f00000| Untracked 
| 304|0x0000000093000000, 0x0000000093000000, 0x0000000093100000|  0%| F|  |TAMS 0x0000000093000000, 0x0000000093000000| Untracked 
| 305|0x0000000093100000, 0x0000000093100000, 0x0000000093200000|  0%| F|  |TAMS 0x0000000093100000, 0x0000000093100000| Untracked 
| 306|0x0000000093200000, 0x0000000093200000, 0x0000000093300000|  0%| F|  |TAMS 0x0000000093200000, 0x0000000093200000| Untracked 

Card table byte_map: [0x000001eeff170000,0x000001eeff570000] _byte_map_base: 0x000001eefed70000

Marking Bits (Prev, Next): (CMBitMap*) 0x000001eefecff940, (CMBitMap*) 0x000001eefecff900
 Prev Bits: [0x000001ee98a10000, 0x000001ee9aa10000)
 Next Bits: [0x000001ee96a10000, 0x000001ee98a10000)

Polling page: 0x000001eefe470000

Metaspace:

Usage:
  Non-class:    107.61 MB used.
      Class:     16.07 MB used.
       Both:    123.67 MB used.

Virtual space:
  Non-class space:      112.00 MB reserved,     108.06 MB ( 96%) committed,  14 nodes.
      Class space:        1.00 GB reserved,      16.50 MB (  2%) committed,  1 nodes.
             Both:        1.11 GB reserved,     124.56 MB ( 11%) committed. 

Chunk freelists:
   Non-Class:  3.14 MB
       Class:  3.55 MB
        Both:  6.69 MB

MaxMetaspaceSize: unlimited
CompressedClassSpaceSize: 1.00 GB
Initial GC threshold: 21.00 MB
Current GC threshold: 207.00 MB
CDS: on
MetaspaceReclaimPolicy: balanced
 - commit_granule_bytes: 65536.
 - commit_granule_words: 8192.
 - virtual_space_node_default_size: 1048576.
 - enlarge_chunks_in_place: 1.
 - new_chunks_are_fully_committed: 0.
 - uncommit_free_chunks: 1.
 - use_allocation_guard: 0.
 - handle_deallocations: 1.


Internal statistics:

num_allocs_failed_limit: 6.
num_arena_births: 1366.
num_arena_deaths: 0.
num_vsnodes_births: 15.
num_vsnodes_deaths: 0.
num_space_committed: 1991.
num_space_uncommitted: 0.
num_chunks_returned_to_freelist: 6.
num_chunks_taken_from_freelist: 6492.
num_chunk_merges: 6.
num_chunk_splits: 4413.
num_chunks_enlarged: 3102.
num_purges: 0.
num_inconsistent_stats: 0.

CodeHeap 'non-profiled nmethods': size=120064Kb used=15647Kb max_used=15647Kb free=104417Kb
 bounds [0x000001ee8f4d0000, 0x000001ee90420000, 0x000001ee96a10000]
CodeHeap 'profiled nmethods': size=120000Kb used=41176Kb max_used=41176Kb free=78823Kb
 bounds [0x000001ee87fa0000, 0x000001ee8a7e0000, 0x000001ee8f4d0000]
CodeHeap 'non-nmethods': size=5696Kb used=2474Kb max_used=2547Kb free=3221Kb
 bounds [0x000001ee87a10000, 0x000001ee87cb0000, 0x000001ee87fa0000]
 total_blobs=21413 nmethods=20390 adapters=933
 compilation: enabled
              stopped_count=0, restarted_count=0
 full_count=0

Compilation events (20 events):
Event: 271.590 Thread 0x000001eeffaf0180 25961       2       com.android.tools.r8.graph.B0$b::U (2 bytes)
Event: 271.590 Thread 0x000001eeffaf0180 nmethod 25961 0x000001ee8a7d2510 code [0x000001ee8a7d26a0, 0x000001ee8a7d27b8]
Event: 271.590 Thread 0x000001eeffaf0180 25962       2       com.android.tools.r8.graph.g::f (24 bytes)
Event: 271.590 Thread 0x000001eeffaf0180 nmethod 25962 0x000001ee8a7d2890 code [0x000001ee8a7d2a20, 0x000001ee8a7d2b38]
Event: 271.605 Thread 0x000001eeffaf0180 25963       1       com.android.tools.r8.dex.code.R2::hashCode (3 bytes)
Event: 271.605 Thread 0x000001eeffaf0180 nmethod 25963 0x000001ee90417910 code [0x000001ee90417aa0, 0x000001ee90417b78]
Event: 271.651 Thread 0x000001eeffaf0180 25966       2       com.android.tools.r8.dex.code.B1::c (15 bytes)
Event: 271.651 Thread 0x000001eeffaf0180 nmethod 25966 0x000001ee8a7d2c10 code [0x000001ee8a7d2dc0, 0x000001ee8a7d2ef8]
Event: 271.667 Thread 0x000001eeffaf0180 25967       2       com.android.tools.r8.graph.y4::<init> (15 bytes)
Event: 271.667 Thread 0x000001eeffaf0180 nmethod 25967 0x000001ee8a7d3010 code [0x000001ee8a7d31a0, 0x000001ee8a7d32f8]
Event: 271.668 Thread 0x000001eeffaf0180 25968       2       com.android.tools.r8.graph.y4$$Lambda$1801/0x0000000801b73988::<init> (15 bytes)
Event: 271.668 Thread 0x000001eeffaf0180 nmethod 25968 0x000001ee8a7d3390 code [0x000001ee8a7d3520, 0x000001ee8a7d36d8]
Event: 271.669 Thread 0x000001eeffaf0180 25969       2       com.android.tools.r8.graph.y4$$Lambda$1800/0x0000000801b72aa0::<init> (15 bytes)
Event: 271.670 Thread 0x000001eeffaf0180 nmethod 25969 0x000001ee8a7d3790 code [0x000001ee8a7d3920, 0x000001ee8a7d3ad8]
Event: 271.690 Thread 0x000001eeffaf0180 25970       2       com.android.tools.r8.graph.y4::a (19 bytes)
Event: 271.691 Thread 0x000001eeffaf0180 nmethod 25970 0x000001ee8a7d3b90 code [0x000001ee8a7d3d40, 0x000001ee8a7d3f88]
Event: 271.696 Thread 0x000001eeffaf0180 25971       2       com.android.tools.r8.dex.code.R2::<init> (6 bytes)
Event: 271.696 Thread 0x000001eeffaf0180 nmethod 25971 0x000001ee8a7d4090 code [0x000001ee8a7d4220, 0x000001ee8a7d4378]
Event: 271.705 Thread 0x000001eeffaf0180 25972       2       java.lang.invoke.VarHandleGuards::guard_LI_V (125 bytes)
Event: 271.708 Thread 0x000001eeffaf0180 nmethod 25972 0x000001ee8a7d4490 code [0x000001ee8a7d47a0, 0x000001ee8a7d5858]

GC Heap History (20 events):
Event: 256.026 GC heap after
{Heap after GC invocations=107 (full 0):
 garbage-first heap   total 272384K, used 151467K [0x0000000080000000, 0x0000000100000000)
  region size 1024K, 3 young (3072K), 3 survivors (3072K)
 Metaspace       used 123268K, committed 124096K, reserved 1163264K
  class space    used 16053K, committed 16448K, reserved 1048576K
}
Event: 257.625 GC heap before
{Heap before GC invocations=107 (full 0):
 garbage-first heap   total 272384K, used 239531K [0x0000000080000000, 0x0000000100000000)
  region size 1024K, 89 young (91136K), 3 survivors (3072K)
 Metaspace       used 123284K, committed 124160K, reserved 1163264K
  class space    used 16056K, committed 16448K, reserved 1048576K
}
Event: 257.638 GC heap after
{Heap after GC invocations=108 (full 0):
 garbage-first heap   total 272384K, used 151307K [0x0000000080000000, 0x0000000100000000)
  region size 1024K, 3 young (3072K), 3 survivors (3072K)
 Metaspace       used 123284K, committed 124160K, reserved 1163264K
  class space    used 16056K, committed 16448K, reserved 1048576K
}
Event: 259.246 GC heap before
{Heap before GC invocations=108 (full 0):
 garbage-first heap   total 272384K, used 241419K [0x0000000080000000, 0x0000000100000000)
  region size 1024K, 90 young (92160K), 3 survivors (3072K)
 Metaspace       used 123302K, committed 124160K, reserved 1163264K
  class space    used 16056K, committed 16448K, reserved 1048576K
}
Event: 259.261 GC heap after
{Heap after GC invocations=109 (full 0):
 garbage-first heap   total 272384K, used 151252K [0x0000000080000000, 0x0000000100000000)
  region size 1024K, 3 young (3072K), 3 survivors (3072K)
 Metaspace       used 123302K, committed 124160K, reserved 1163264K
  class space    used 16056K, committed 16448K, reserved 1048576K
}
Event: 260.031 GC heap before
{Heap before GC invocations=109 (full 0):
 garbage-first heap   total 272384K, used 239316K [0x0000000080000000, 0x0000000100000000)
  region size 1024K, 89 young (91136K), 3 survivors (3072K)
 Metaspace       used 123302K, committed 124160K, reserved 1163264K
  class space    used 16056K, committed 16448K, reserved 1048576K
}
Event: 260.053 GC heap after
{Heap after GC invocations=110 (full 0):
 garbage-first heap   total 272384K, used 151732K [0x0000000080000000, 0x0000000100000000)
  region size 1024K, 4 young (4096K), 4 survivors (4096K)
 Metaspace       used 123302K, committed 124160K, reserved 1163264K
  class space    used 16056K, committed 16448K, reserved 1048576K
}
Event: 260.934 GC heap before
{Heap before GC invocations=110 (full 0):
 garbage-first heap   total 272384K, used 238772K [0x0000000080000000, 0x0000000100000000)
  region size 1024K, 89 young (91136K), 4 survivors (4096K)
 Metaspace       used 123306K, committed 124160K, reserved 1163264K
  class space    used 16056K, committed 16448K, reserved 1048576K
}
Event: 260.943 GC heap after
{Heap after GC invocations=111 (full 0):
 garbage-first heap   total 272384K, used 150313K [0x0000000080000000, 0x0000000100000000)
  region size 1024K, 2 young (2048K), 2 survivors (2048K)
 Metaspace       used 123306K, committed 124160K, reserved 1163264K
  class space    used 16056K, committed 16448K, reserved 1048576K
}
Event: 267.496 GC heap before
{Heap before GC invocations=111 (full 0):
 garbage-first heap   total 272384K, used 223017K [0x0000000080000000, 0x0000000100000000)
  region size 1024K, 66 young (67584K), 2 survivors (2048K)
 Metaspace       used 126306K, committed 127168K, reserved 1163264K
  class space    used 16416K, committed 16832K, reserved 1048576K
}
Event: 267.518 GC heap after
{Heap after GC invocations=112 (full 0):
 garbage-first heap   total 272384K, used 168845K [0x0000000080000000, 0x0000000100000000)
  region size 1024K, 11 young (11264K), 11 survivors (11264K)
 Metaspace       used 126306K, committed 127168K, reserved 1163264K
  class space    used 16416K, committed 16832K, reserved 1048576K
}
Event: 267.562 GC heap before
{Heap before GC invocations=112 (full 0):
 garbage-first heap   total 272384K, used 197517K [0x0000000080000000, 0x0000000100000000)
  region size 1024K, 22 young (22528K), 11 survivors (11264K)
 Metaspace       used 126311K, committed 127168K, reserved 1163264K
  class space    used 16416K, committed 16832K, reserved 1048576K
}
Event: 267.583 GC heap after
{Heap after GC invocations=113 (full 0):
 garbage-first heap   total 272384K, used 184757K [0x0000000080000000, 0x0000000100000000)
  region size 1024K, 5 young (5120K), 5 survivors (5120K)
 Metaspace       used 126311K, committed 127168K, reserved 1163264K
  class space    used 16416K, committed 16832K, reserved 1048576K
}
Event: 268.745 GC heap before
{Heap before GC invocations=114 (full 0):
 garbage-first heap   total 314368K, used 218549K [0x0000000080000000, 0x0000000100000000)
  region size 1024K, 43 young (44032K), 5 survivors (5120K)
 Metaspace       used 126363K, committed 127232K, reserved 1163264K
  class space    used 16422K, committed 16832K, reserved 1048576K
}
Event: 268.862 GC heap after
{Heap after GC invocations=115 (full 0):
 garbage-first heap   total 314368K, used 190254K [0x0000000080000000, 0x0000000100000000)
  region size 1024K, 6 young (6144K), 6 survivors (6144K)
 Metaspace       used 126363K, committed 127232K, reserved 1163264K
  class space    used 16422K, committed 16832K, reserved 1048576K
}
Event: 269.109 GC heap before
{Heap before GC invocations=115 (full 0):
 garbage-first heap   total 314368K, used 201518K [0x0000000080000000, 0x0000000100000000)
  region size 1024K, 15 young (15360K), 6 survivors (6144K)
 Metaspace       used 126363K, committed 127232K, reserved 1163264K
  class space    used 16422K, committed 16832K, reserved 1048576K
}
Event: 269.167 GC heap after
{Heap after GC invocations=116 (full 0):
 garbage-first heap   total 314368K, used 186368K [0x0000000080000000, 0x0000000100000000)
  region size 1024K, 2 young (2048K), 2 survivors (2048K)
 Metaspace       used 126363K, committed 127232K, reserved 1163264K
  class space    used 16422K, committed 16832K, reserved 1048576K
}
Event: 271.050 GC heap before
{Heap before GC invocations=116 (full 0):
 garbage-first heap   total 314368K, used 244736K [0x0000000080000000, 0x0000000100000000)
  region size 1024K, 60 young (61440K), 2 survivors (2048K)
 Metaspace       used 126638K, committed 127552K, reserved 1163264K
  class space    used 16451K, committed 16896K, reserved 1048576K
}
Event: 271.165 GC heap after
{Heap after GC invocations=117 (full 0):
 garbage-first heap   total 314368K, used 215552K [0x0000000080000000, 0x0000000100000000)
  region size 1024K, 8 young (8192K), 8 survivors (8192K)
 Metaspace       used 126638K, committed 127552K, reserved 1163264K
  class space    used 16451K, committed 16896K, reserved 1048576K
}
Event: 271.805 GC heap before
{Heap before GC invocations=117 (full 0):
 garbage-first heap   total 314368K, used 249344K [0x0000000080000000, 0x0000000100000000)
  region size 1024K, 41 young (41984K), 8 survivors (8192K)
 Metaspace       used 126642K, committed 127552K, reserved 1163264K
  class space    used 16451K, committed 16896K, reserved 1048576K
}

Deoptimization events (20 events):
Event: 271.215 Thread 0x000001eea5c96a30 DEOPT PACKING pc=0x000001ee8994d50a sp=0x00000048c95fe890
Event: 271.215 Thread 0x000001eea5c96a30 DEOPT UNPACKING pc=0x000001ee87a62b24 sp=0x00000048c95fddd0 mode 0
Event: 271.256 Thread 0x000001eea5c9a8c0 DEOPT PACKING pc=0x000001ee8994d50a sp=0x00000048c70fe980
Event: 271.256 Thread 0x000001eea5c9a8c0 DEOPT UNPACKING pc=0x000001ee87a62b24 sp=0x00000048c70fdec0 mode 0
Event: 271.280 Thread 0x000001eea5c9a8c0 DEOPT PACKING pc=0x000001ee8994d50a sp=0x00000048c70fe980
Event: 271.280 Thread 0x000001eea5c9a8c0 DEOPT UNPACKING pc=0x000001ee87a62b24 sp=0x00000048c70fdec0 mode 0
Event: 271.283 Thread 0x000001eea5c9a8c0 DEOPT PACKING pc=0x000001ee8a770598 sp=0x00000048c70feab0
Event: 271.283 Thread 0x000001eea5c9a8c0 DEOPT UNPACKING pc=0x000001ee87a62b24 sp=0x00000048c70fdf88 mode 0
Event: 271.342 Thread 0x000001eea5c96a30 DEOPT PACKING pc=0x000001ee8994d50a sp=0x00000048c95fe890
Event: 271.342 Thread 0x000001eea5c96a30 DEOPT UNPACKING pc=0x000001ee87a62b24 sp=0x00000048c95fddd0 mode 0
Event: 271.376 Thread 0x000001eea5c96a30 DEOPT PACKING pc=0x000001ee8994d50a sp=0x00000048c95fe890
Event: 271.376 Thread 0x000001eea5c96a30 DEOPT UNPACKING pc=0x000001ee87a62b24 sp=0x00000048c95fddd0 mode 0
Event: 271.401 Thread 0x000001eea5c9a8c0 DEOPT PACKING pc=0x000001ee8994d50a sp=0x00000048c70fe980
Event: 271.401 Thread 0x000001eea5c9a8c0 DEOPT UNPACKING pc=0x000001ee87a62b24 sp=0x00000048c70fdec0 mode 0
Event: 271.420 Thread 0x000001eea5c9a8c0 DEOPT PACKING pc=0x000001ee8994d50a sp=0x00000048c70fe980
Event: 271.420 Thread 0x000001eea5c9a8c0 DEOPT UNPACKING pc=0x000001ee87a62b24 sp=0x00000048c70fdec0 mode 0
Event: 271.454 Thread 0x000001eea5c96a30 DEOPT PACKING pc=0x000001ee8994d50a sp=0x00000048c95fe890
Event: 271.454 Thread 0x000001eea5c96a30 DEOPT UNPACKING pc=0x000001ee87a62b24 sp=0x00000048c95fddd0 mode 0
Event: 271.741 Thread 0x000001eea5c9a8c0 DEOPT PACKING pc=0x000001ee8a732d98 sp=0x00000048c70fef90
Event: 271.741 Thread 0x000001eea5c9a8c0 DEOPT UNPACKING pc=0x000001ee87a62b24 sp=0x00000048c70fe530 mode 0

Classes unloaded (0 events):
No events

Classes redefined (0 events):
No events

Internal exceptions (20 events):
Event: 252.555 Thread 0x000001ee9fe7c4c0 Exception <a 'sun/nio/fs/WindowsException'{0x000000008f3ceda8}> (0x000000008f3ceda8) 
thrown [d:\a\1\s\lookaside\java-17-openjdk\src\hotspot\share\prims\jni.cpp, line 516]
Event: 253.113 Thread 0x000001ee9fe7c4c0 Exception <a 'sun/nio/fs/WindowsException'{0x000000008cba5cc0}> (0x000000008cba5cc0) 
thrown [d:\a\1\s\lookaside\java-17-openjdk\src\hotspot\share\prims\jni.cpp, line 516]
Event: 253.742 Thread 0x000001ee9fe7c4c0 Implicit null exception at 0x000001ee90003938 to 0x000001ee90005540
Event: 257.891 Thread 0x000001ee9fe7c4c0 Exception <a 'sun/nio/fs/WindowsException'{0x0000000090029870}> (0x0000000090029870) 
thrown [d:\a\1\s\lookaside\java-17-openjdk\src\hotspot\share\prims\jni.cpp, line 516]
Event: 258.229 Thread 0x000001eea0fe5d90 Exception <a 'sun/nio/fs/WindowsException'{0x000000008efabab0}> (0x000000008efabab0) 
thrown [d:\a\1\s\lookaside\java-17-openjdk\src\hotspot\share\prims\jni.cpp, line 516]
Event: 258.303 Thread 0x000001ee9fe7c4c0 Exception <a 'sun/nio/fs/WindowsException'{0x000000008ee8ad38}> (0x000000008ee8ad38) 
thrown [d:\a\1\s\lookaside\java-17-openjdk\src\hotspot\share\prims\jni.cpp, line 516]
Event: 258.745 Thread 0x000001eea0fe5d90 Exception <a 'sun/nio/fs/WindowsException'{0x000000008cbc1540}> (0x000000008cbc1540) 
thrown [d:\a\1\s\lookaside\java-17-openjdk\src\hotspot\share\prims\jni.cpp, line 516]
Event: 260.734 Thread 0x000001ee9fe7c4c0 Exception <a 'sun/nio/fs/WindowsException'{0x000000008ad11558}> (0x000000008ad11558) 
thrown [d:\a\1\s\lookaside\java-17-openjdk\src\hotspot\share\prims\jni.cpp, line 516]
Event: 261.119 Thread 0x000001eea0fe5d90 Exception <a 'sun/nio/fs/WindowsException'{0x000000008feaf6a8}> (0x000000008feaf6a8) 
thrown [d:\a\1\s\lookaside\java-17-openjdk\src\hotspot\share\prims\jni.cpp, line 516]
Event: 262.240 Thread 0x000001ee9f286dc0 Exception <a 'sun/nio/fs/WindowsException'{0x000000008eb75ea0}> (0x000000008eb75ea0) 
thrown [d:\a\1\s\lookaside\java-17-openjdk\src\hotspot\share\prims\jni.cpp, line 516]
Event: 262.241 Thread 0x000001ee9f286dc0 Exception <a 'sun/nio/fs/WindowsException'{0x000000008eb762f0}> (0x000000008eb762f0) 
thrown [d:\a\1\s\lookaside\java-17-openjdk\src\hotspot\share\prims\jni.cpp, line 516]
Event: 266.362 Thread 0x000001eea0fe53f0 Exception <a 'java/lang/NoSuchMethodError'{0x000000008caa9098}: static [Ljava/lang/String;.<clinit>()V> (0x000000008caa9098) 
thrown [d:\a\1\s\lookaside\java-17-openjdk\src\hotspot\share\prims\jni.cpp, line 1107]
Event: 266.380 Thread 0x000001eea0fe53f0 Exception <a 'java/lang/NoSuchMethodError'{0x000000008caee958}: static Lorg/jetbrains/kotlin/incremental/ChangedFiles$Known;.<clinit>()V> (0x000000008caee958) 
thrown [d:\a\1\s\lookaside\java-17-openjdk\src\hotspot\share\prims\jni.cpp, line 1107]
Event: 266.392 Thread 0x000001eea0fe53f0 Exception <a 'java/lang/NoSuchMethodError'{0x000000008c935f40}: static Lorg/jetbrains/kotlin/incremental/ClasspathChanges$ClasspathSnapshotEnabled$IncrementalRun$ToBeComputedByIncrementalCompiler;.<clinit>()V> (0x000000008c935f40) 
thrown [d:\a\1\s\lookaside\java-17-openjdk\src\hotspot\share\prims\jni.cpp, line 1107]
Event: 266.400 Thread 0x000001eea0fe53f0 Exception <a 'java/lang/NoSuchMethodError'{0x000000008c937f18}: static Lorg/jetbrains/kotlin/incremental/ClasspathChanges$ClasspathSnapshotEnabled$IncrementalRun;.<clinit>()V> (0x000000008c937f18) 
thrown [d:\a\1\s\lookaside\java-17-openjdk\src\hotspot\share\prims\jni.cpp, line 1107]
Event: 266.400 Thread 0x000001eea0fe53f0 Exception <a 'java/lang/NoSuchMethodError'{0x000000008c939c60}: static Lorg/jetbrains/kotlin/incremental/ClasspathChanges$ClasspathSnapshotEnabled;.<clinit>()V> (0x000000008c939c60) 
thrown [d:\a\1\s\lookaside\java-17-openjdk\src\hotspot\share\prims\jni.cpp, line 1107]
Event: 266.400 Thread 0x000001eea0fe53f0 Exception <a 'java/lang/NoSuchMethodError'{0x000000008c93bcf0}: static Lorg/jetbrains/kotlin/incremental/ClasspathChanges;.<clinit>()V> (0x000000008c93bcf0) 
thrown [d:\a\1\s\lookaside\java-17-openjdk\src\hotspot\share\prims\jni.cpp, line 1107]
Event: 266.436 Thread 0x000001eea0fe53f0 Exception <a 'java/lang/NoSuchMethodError'{0x000000008c9d7928}: static Lorg/jetbrains/kotlin/build/report/metrics/BuildMetricsReporterImpl;.<clinit>()V> (0x000000008c9d7928) 
thrown [d:\a\1\s\lookaside\java-17-openjdk\src\hotspot\share\prims\jni.cpp, line 1107]
Event: 266.447 Thread 0x000001eea0fe53f0 Exception <a 'java/lang/NoSuchMethodError'{0x000000008c81d4c8}: static Lorg/jetbrains/kotlin/build/report/metrics/GcMetrics;.<clinit>()V> (0x000000008c81d4c8) 
thrown [d:\a\1\s\lookaside\java-17-openjdk\src\hotspot\share\prims\jni.cpp, line 1107]
Event: 267.389 Thread 0x000001ee9f289440 Exception <a 'sun/nio/fs/WindowsException'{0x000000008c5e3690}> (0x000000008c5e3690) 
thrown [d:\a\1\s\lookaside\java-17-openjdk\src\hotspot\share\prims\jni.cpp, line 516]

VM Operations (20 events):
Event: 267.619 Executing VM operation: G1TryInitiateConcMark done
Event: 267.973 Executing VM operation: G1Concurrent
Event: 268.012 Executing VM operation: G1Concurrent done
Event: 268.189 Executing VM operation: G1Concurrent
Event: 268.221 Executing VM operation: G1Concurrent done
Event: 268.745 Executing VM operation: G1CollectForAllocation
Event: 268.862 Executing VM operation: G1CollectForAllocation done
Event: 269.109 Executing VM operation: G1CollectForAllocation
Event: 269.175 Executing VM operation: G1CollectForAllocation done
Event: 269.365 Executing VM operation: HandshakeAllThreads
Event: 269.366 Executing VM operation: HandshakeAllThreads done
Event: 269.380 Executing VM operation: HandshakeAllThreads
Event: 269.394 Executing VM operation: HandshakeAllThreads done
Event: 270.191 Executing VM operation: HandshakeAllThreads
Event: 270.192 Executing VM operation: HandshakeAllThreads done
Event: 270.192 Executing VM operation: Cleanup
Event: 270.241 Executing VM operation: Cleanup done
Event: 271.017 Executing VM operation: G1CollectForAllocation
Event: 271.206 Executing VM operation: G1CollectForAllocation done
Event: 271.784 Executing VM operation: G1CollectForAllocation

Events (20 events):
Event: 265.748 Thread 0x000001ee9d408070 flushing nmethod 0x000001ee89e53510
Event: 265.749 Thread 0x000001ee9d408070 flushing nmethod 0x000001ee89ee2710
Event: 265.749 Thread 0x000001ee9d408070 flushing nmethod 0x000001ee89ee5590
Event: 265.750 Thread 0x000001ee9d408070 flushing nmethod 0x000001ee89f9af90
Event: 265.750 Thread 0x000001ee9d408070 flushing nmethod 0x000001ee8a03c310
Event: 265.751 Thread 0x000001ee9d408070 flushing nmethod 0x000001ee8a076310
Event: 266.341 loading class java/nio/file/TempFileHelper
Event: 266.341 loading class java/nio/file/TempFileHelper done
Event: 269.322 loading class java/util/concurrent/ForkJoinPool$DefaultForkJoinWorkerThreadFactory$1
Event: 269.323 loading class java/util/concurrent/ForkJoinPool$DefaultForkJoinWorkerThreadFactory$1 done
Event: 269.324 Thread 0x000001eea5c9a8c0 Thread added: 0x000001eea5c9a8c0
Event: 269.335 Thread 0x000001eea5c96a30 Thread added: 0x000001eea5c96a30
Event: 269.357 loading class java/nio/HeapShortBuffer
Event: 269.360 loading class java/nio/HeapShortBuffer done
Event: 269.407 loading class java/util/AbstractList$RandomAccessSubList
Event: 269.407 loading class java/util/AbstractList$SubList
Event: 269.433 loading class java/util/AbstractList$SubList done
Event: 269.433 loading class java/util/AbstractList$RandomAccessSubList done
Event: 269.433 loading class java/util/AbstractList$SubList$1
Event: 269.434 loading class java/util/AbstractList$SubList$1 done


Dynamic libraries:
0x00007ff711ce0000 - 0x00007ff711d01000 	D:\java\ojdkbuild\java-17-openjdk-17.0.3.0.6-1\bin\java.exe
0x00007ff85fdb0000 - 0x00007ff85ffc7000 	C:\Windows\SYSTEM32\ntdll.dll
0x00007ff85e170000 - 0x00007ff85e234000 	C:\Windows\System32\KERNEL32.DLL
0x00007ff85d750000 - 0x00007ff85daf6000 	C:\Windows\System32\KERNELBASE.dll
0x00007ff85d4a0000 - 0x00007ff85d5b1000 	C:\Windows\System32\ucrtbase.dll
0x00007ff849720000 - 0x00007ff849738000 	D:\java\ojdkbuild\java-17-openjdk-17.0.3.0.6-1\bin\jli.dll
0x00007ff85ed70000 - 0x00007ff85ef1e000 	C:\Windows\System32\USER32.dll
0x00007ff85d260000 - 0x00007ff85d286000 	C:\Windows\System32\win32u.dll
0x00007ff85e9a0000 - 0x00007ff85e9c9000 	C:\Windows\System32\GDI32.dll
0x00007ff85d290000 - 0x00007ff85d3a8000 	C:\Windows\System32\gdi32full.dll
0x00007ff85d6b0000 - 0x00007ff85d74a000 	C:\Windows\System32\msvcp_win.dll
0x00007ff8493b0000 - 0x00007ff8493cb000 	D:\java\ojdkbuild\java-17-openjdk-17.0.3.0.6-1\bin\VCRUNTIME140.dll
0x00007ff8493f0000 - 0x00007ff849683000 	C:\Windows\WinSxS\amd64_microsoft.windows.common-controls_6595b64144ccf1df_6.0.22621.2506_none_270c5ae97388e100\COMCTL32.dll
0x00007ff85ec40000 - 0x00007ff85ece7000 	C:\Windows\System32\msvcrt.dll
0x00007ff85e240000 - 0x00007ff85e271000 	C:\Windows\System32\IMM32.DLL
0x00007ff859270000 - 0x00007ff85927c000 	D:\java\ojdkbuild\java-17-openjdk-17.0.3.0.6-1\bin\vcruntime140_1.dll
0x00007ff806d60000 - 0x00007ff806ded000 	D:\java\ojdkbuild\java-17-openjdk-17.0.3.0.6-1\bin\msvcp140.dll
0x00007fffd8960000 - 0x00007fffd95bf000 	D:\java\ojdkbuild\java-17-openjdk-17.0.3.0.6-1\bin\server\jvm.dll
0x00007ff85e3c0000 - 0x00007ff85e473000 	C:\Windows\System32\ADVAPI32.dll
0x00007ff85e5a0000 - 0x00007ff85e648000 	C:\Windows\System32\sechost.dll
0x00007ff85d470000 - 0x00007ff85d498000 	C:\Windows\System32\bcrypt.dll
0x00007ff85e480000 - 0x00007ff85e597000 	C:\Windows\System32\RPCRT4.dll
0x00007ff85e990000 - 0x00007ff85e998000 	C:\Windows\System32\PSAPI.DLL
0x00007ff83ee40000 - 0x00007ff83ee49000 	C:\Windows\SYSTEM32\WSOCK32.dll
0x00007ff85ef30000 - 0x00007ff85efa1000 	C:\Windows\System32\WS2_32.dll
0x00007ff82e330000 - 0x00007ff82e364000 	C:\Windows\SYSTEM32\WINMM.dll
0x00007ff849f00000 - 0x00007ff849f0a000 	C:\Windows\SYSTEM32\VERSION.dll
0x00007ff85c180000 - 0x00007ff85c198000 	C:\Windows\SYSTEM32\kernel.appcore.dll
0x00007ff84d470000 - 0x00007ff84d47a000 	D:\java\ojdkbuild\java-17-openjdk-17.0.3.0.6-1\bin\jimage.dll
0x00007ff85aa40000 - 0x00007ff85ac73000 	C:\Windows\SYSTEM32\DBGHELP.DLL
0x00007ff85f820000 - 0x00007ff85fba9000 	C:\Windows\System32\combase.dll
0x00007ff85e280000 - 0x00007ff85e357000 	C:\Windows\System32\OLEAUT32.dll
0x00007ff843da0000 - 0x00007ff843dd2000 	C:\Windows\SYSTEM32\dbgcore.DLL
0x00007ff85d630000 - 0x00007ff85d6aa000 	C:\Windows\System32\bcryptPrimitives.dll
0x00007ff835b50000 - 0x00007ff835b75000 	D:\java\ojdkbuild\java-17-openjdk-17.0.3.0.6-1\bin\java.dll
0x00007ff805de0000 - 0x00007ff805eb7000 	D:\java\ojdkbuild\java-17-openjdk-17.0.3.0.6-1\bin\jsvml.dll
0x00007ff85efc0000 - 0x00007ff85f81b000 	C:\Windows\System32\SHELL32.dll
0x00007ff85b010000 - 0x00007ff85b906000 	C:\Windows\SYSTEM32\windows.storage.dll
0x00007ff85aed0000 - 0x00007ff85b00e000 	C:\Windows\SYSTEM32\wintypes.dll
0x00007ff85db00000 - 0x00007ff85dbf3000 	C:\Windows\System32\SHCORE.dll
0x00007ff85e650000 - 0x00007ff85e6ae000 	C:\Windows\System32\shlwapi.dll
0x00007ff85d020000 - 0x00007ff85d046000 	C:\Windows\SYSTEM32\profapi.dll
0x00007ff849080000 - 0x00007ff849099000 	D:\java\ojdkbuild\java-17-openjdk-17.0.3.0.6-1\bin\net.dll
0x00007ff8531f0000 - 0x00007ff853327000 	C:\Windows\SYSTEM32\WINHTTP.dll
0x00007ff85c650000 - 0x00007ff85c6b9000 	C:\Windows\system32\mswsock.dll
0x00007ff83b680000 - 0x00007ff83b696000 	D:\java\ojdkbuild\java-17-openjdk-17.0.3.0.6-1\bin\nio.dll
0x00007ff82e6a0000 - 0x00007ff82e6b8000 	D:\java\ojdkbuild\java-17-openjdk-17.0.3.0.6-1\bin\zip.dll
0x00007ff859280000 - 0x00007ff859290000 	D:\java\ojdkbuild\java-17-openjdk-17.0.3.0.6-1\bin\verify.dll
0x00007ff82c320000 - 0x00007ff82c347000 	C:\Users\11218\.gradle\native\68d5fa5c4cc2d200863cafc0d521ce42e7d3e7ee720ec0a83991735586a16f82\windows-amd64\native-platform.dll
0x00007ff8010d0000 - 0x00007ff801214000 	C:\Users\11218\.gradle\native\e376f236ea51e6404a007f0833ffe2c6e607c4080706a723a18a27aeea778392\windows-amd64\native-platform-file-events.dll
0x00007ff848d50000 - 0x00007ff848d59000 	D:\java\ojdkbuild\java-17-openjdk-17.0.3.0.6-1\bin\management.dll
0x00007ff848a70000 - 0x00007ff848a7b000 	D:\java\ojdkbuild\java-17-openjdk-17.0.3.0.6-1\bin\management_ext.dll
0x00007ff85c9a0000 - 0x00007ff85c9bb000 	C:\Windows\SYSTEM32\CRYPTSP.dll
0x00007ff85c140000 - 0x00007ff85c175000 	C:\Windows\system32\rsaenh.dll
0x00007ff85c6f0000 - 0x00007ff85c71c000 	C:\Windows\SYSTEM32\USERENV.dll
0x00007ff85c980000 - 0x00007ff85c98c000 	C:\Windows\SYSTEM32\CRYPTBASE.dll
0x00007ff85bc20000 - 0x00007ff85bc4d000 	C:\Windows\SYSTEM32\IPHLPAPI.DLL
0x00007ff85eb30000 - 0x00007ff85eb39000 	C:\Windows\System32\NSI.dll
0x00007ff8531d0000 - 0x00007ff8531e9000 	C:\Windows\SYSTEM32\dhcpcsvc6.DLL
0x00007ff8531b0000 - 0x00007ff8531cf000 	C:\Windows\SYSTEM32\dhcpcsvc.DLL
0x00007ff85bca0000 - 0x00007ff85bd99000 	C:\Windows\SYSTEM32\DNSAPI.dll
0x00007ff848a40000 - 0x00007ff848a4d000 	D:\java\ojdkbuild\java-17-openjdk-17.0.3.0.6-1\bin\sunmscapi.dll
0x00007ff85d0f0000 - 0x00007ff85d256000 	C:\Windows\System32\CRYPT32.dll
0x00007ff85cab0000 - 0x00007ff85cade000 	C:\Windows\SYSTEM32\ncrypt.dll
0x00007ff85ca70000 - 0x00007ff85caa7000 	C:\Windows\SYSTEM32\NTASN1.dll
0x00007ff8496e0000 - 0x00007ff8496e8000 	C:\Windows\system32\wshunix.dll
0x00007ff83bf20000 - 0x00007ff83bf37000 	C:\Windows\system32\napinsp.dll
0x00007ff83bf00000 - 0x00007ff83bf1b000 	C:\Windows\system32\pnrpnsp.dll
0x00007ff83bee0000 - 0x00007ff83bef1000 	C:\Windows\System32\winrnr.dll
0x00007ff849f10000 - 0x00007ff849f25000 	C:\Windows\system32\wshbth.dll
0x00007ff83beb0000 - 0x00007ff83bed1000 	C:\Windows\system32\nlansp_c.dll
0x00007ff849e50000 - 0x00007ff849e5a000 	C:\Windows\System32\rasadhlp.dll
0x00007ff849be0000 - 0x00007ff849c63000 	C:\Windows\System32\fwpuclnt.dll
0x00007ff85c200000 - 0x00007ff85c234000 	C:\Windows\SYSTEM32\ntmarta.dll

dbghelp: loaded successfully - version: 4.0.5 - missing functions: none
symbol engine: initialized successfully - sym options: 0x614 - pdb path: .;D:\java\ojdkbuild\java-17-openjdk-17.0.3.0.6-1\bin;C:\Windows\SYSTEM32;C:\Windows\WinSxS\amd64_microsoft.windows.common-controls_6595b64144ccf1df_6.0.22621.2506_none_270c5ae97388e100;D:\java\ojdkbuild\java-17-openjdk-17.0.3.0.6-1\bin\server;C:\Users\11218\.gradle\native\68d5fa5c4cc2d200863cafc0d521ce42e7d3e7ee720ec0a83991735586a16f82\windows-amd64;C:\Users\11218\.gradle\native\e376f236ea51e6404a007f0833ffe2c6e607c4080706a723a18a27aeea778392\windows-amd64

VM Arguments:
jvm_args: --add-opens=java.base/java.util=ALL-UNNAMED --add-opens=java.base/java.lang=ALL-UNNAMED --add-opens=java.base/java.lang.invoke=ALL-UNNAMED --add-opens=java.prefs/java.util.prefs=ALL-UNNAMED --add-opens=java.base/java.nio.charset=ALL-UNNAMED --add-opens=java.base/java.net=ALL-UNNAMED --add-opens=java.base/java.util.concurrent.atomic=ALL-UNNAMED -Xmx2048m -Dfile.encoding=UTF-8 -Duser.country=CN -Duser.language=zh -Duser.variant 
java_command: org.gradle.launcher.daemon.bootstrap.GradleDaemon 8.0
java_class_path (initial): C:\Users\11218\.gradle\wrapper\dists\gradle-8.0-all\a2o1xoguejy6msdh0lk99lxza\gradle-8.0\lib\gradle-launcher-8.0.jar
Launcher Type: SUN_STANDARD

[Global flags]
     intx CICompilerCount                          = 2                                         {product} {ergonomic}
     uint ConcGCThreads                            = 1                                         {product} {ergonomic}
     uint G1ConcRefinementThreads                  = 2                                         {product} {ergonomic}
   size_t G1HeapRegionSize                         = 1048576                                   {product} {ergonomic}
    uintx GCDrainStackTargetSize                   = 64                                        {product} {ergonomic}
   size_t InitialHeapSize                          = 132120576                                 {product} {ergonomic}
   size_t MarkStackSize                            = 4194304                                   {product} {ergonomic}
   size_t MaxHeapSize                              = 2147483648                                {product} {command line}
   size_t MaxNewSize                               = 1287651328                                {product} {ergonomic}
   size_t MinHeapDeltaBytes                        = 1048576                                   {product} {ergonomic}
   size_t MinHeapSize                              = 8388608                                   {product} {ergonomic}
    uintx NonNMethodCodeHeapSize                   = 5826188                                {pd product} {ergonomic}
    uintx NonProfiledCodeHeapSize                  = 122916026                              {pd product} {ergonomic}
    uintx ProfiledCodeHeapSize                     = 122916026                              {pd product} {ergonomic}
    uintx ReservedCodeCacheSize                    = 251658240                              {pd product} {ergonomic}
     bool SegmentedCodeCache                       = true                                      {product} {ergonomic}
   size_t SoftMaxHeapSize                          = 2147483648                             {manageable} {ergonomic}
     bool UseCompressedClassPointers               = true                           {product lp64_product} {ergonomic}
     bool UseCompressedOops                        = true                           {product lp64_product} {ergonomic}
     bool UseG1GC                                  = true                                      {product} {ergonomic}
     bool UseLargePagesIndividualAllocation        = false                                  {pd product} {ergonomic}

Logging:
Log output configuration:
 #0: stdout all=warning uptime,level,tags
 #1: stderr all=off uptime,level,tags

Environment Variables:
JAVA_HOME=D:\java\ojdkbuild\java-17-openjdk-17.0.3.0.6-1
CLASSPATH=D:\androidLearning\AndroidStudioProjects\serviceTest1\\gradle\wrapper\gradle-wrapper.jar
PATH=C:\Users\11218\miniconda3\condabin;C:\Windows\system32;C:\Windows;C:\Windows\System32\Wbem;C:\Windows\System32\WindowsPowerShell\v1.0\;C:\Windows\System32\OpenSSH\;D:\powershell\powershell7;d:\python3.11;C:\Program Files\WinRAR;C:\Program Files\Microsoft Office\root\Office16;C:\Program Files\PuTTY\;C:\Users\11218\AppData\Local\Microsoft\WindowsApps;C:\Program Files\dotnet\;D:\mytools\MinGit-2.11.1.mingit.prerelease.4-64-bit\cmd;D:\mytools\MinGit-2.11.1.mingit.prerelease.4-64-bit\usr\bin;D:\mytools\WiresharkPortable64\App\Wireshark;D:\MYTOOLS\SPSS1\JRE\bin;D:\myPython\goods;D:\mytools\SPSS1;C:\Users\11218\AppData\Roaming\nvda\addons\NVBox\globalPlugins\nvbox\adb;d:\java\ojdkbuild\java-17-openjdk-17.0.3.0.6-1.jre\bin;C:\Program Files\Docker\Docker\resources\bin;d:\java\ojdkbuild\java-17-openjdk-17.0.3.0.6-1\bin;D:\androidLearning\gradle\gradle-8.0\bin;D:\java\ojdkbuild\java-17-openjdk-17.0.3.0.6-1\bin;D:/java/ojdkbuild/java-17-openjdk-17.0.3.0.6-1.jre\bin;D:/java/ojdkbuild/java-17-openjdk-17.0.3.0.6-1.jre\bin\server;D:\ANDROIDLEARNING\REVERSE;C:\Users\11218\AppData\Local\Programs\Python\Python311;D:\myPython\NVSrC;C:\Users\11218\.gradle\wrapper\dists\gradle-8.0-all\a2o1xoguejy6msdh0lk99lxza\gradle-8.0\bin;D:\androidLearning\REVERSE\jadx\bin;C:\Program Files\Cloudflare\Cloudflare WARP\;D:\mypython\nvsrc\py-3-11-32\Scripts\;D:\mypython\nvsrc\py-3-11-32\;C:\Users\11218\AppData\Local\Programs\Python\Python311\;C:\Users\11218\miniconda3;C:\Users\11218\miniconda3\Library\mingw-w64\bin;C:\Users\11218\miniconda3\Library\usr\bin;C:\Users\11218\miniconda3\Library\bin;C:\Users\11218\miniconda3\Scripts;C:\Users\11218\scoop\shims;C:\Users\11218\AppData\Local\Microsoft\WindowsApps;C:\Users\11218\AppData\Local\Programs\Microsoft VS Code\bin;D:\myPython\goods;C:\Users\11218\AppData\Local\Microsoft\WinGet\Links;C:\Users\11218\.dotnet\tools
USERNAME=Stranger
OS=Windows_NT
PROCESSOR_IDENTIFIER=Intel64 Family 6 Model 122 Stepping 8, GenuineIntel



---------------  S Y S T E M  ---------------

OS:
 Windows 11 , 64 bit Build 22621 (10.0.22621.3085)
OS uptime: 6 days 22:37 hours
Hyper-V role detected

CPU: total 2 (initial active 2) (2 cores per cpu, 1 threads per core) family 6 model 122 stepping 8 microcode 0x1a, cx8, cmov, fxsr, mmx, 3dnowpref, sse, sse2, sse3, ssse3, sse4.1, sse4.2, popcnt, tsc, tscinvbit, aes, erms, clmul, sha, clflush, clflushopt, hv

Memory: 4k page, system-wide physical 7995M (696M free)
TotalPageFile size 18209M (AvailPageFile size 116M)
current process WorkingSet (physical memory assigned to process): 664M, peak: 667M
current process commit charge ("private bytes"): 693M, peak: 1000M

vm_info: OpenJDK 64-Bit Server VM (17.0.3+6-LTS) for windows-amd64 JRE (17.0.3+6-LTS), built on May  3 2022 21:26:56 by "" with MS VC++ 16.10 / 16.11 (VS2019)

END.
