#
# There is insufficient memory for the Java Runtime Environment to continue.
# Native memory allocation (mmap) failed to map 314572800 bytes for G1 virtual space
# Possible reasons:
#   The system is out of physical RAM or swap space
#   The process is running with CompressedOops enabled, and the Java Heap may be blocking the growth of the native heap
# Possible solutions:
#   Reduce memory load on the system
#   Increase physical memory or swap space
#   Check if swap backing store is full
#   Decrease Java heap size (-Xmx/-Xms)
#   Decrease number of Java threads
#   Decrease Java thread stack sizes (-Xss)
#   Set larger code cache with -XX:ReservedCodeCacheSize=
#   JVM is running with Unscaled Compressed Oops mode in which the Java heap is
#     placed in the first 4GB address space. The Java Heap base address is the
#     maximum limit for the native heap growth. Please use -XX:HeapBaseMinAddress
#     to set the Java Heap base and to place the Java Heap above 4GB virtual address.
# This output file may be truncated or incomplete.
#
#  Out of Memory Error (os_windows.cpp:3535), pid=25752, tid=11396
#
# JRE version: OpenJDK Runtime Environment 21.9 (17.0.3+6) (build 17.0.3+6-LTS)
# Java VM: OpenJDK 64-Bit Server VM 21.9 (17.0.3+6-LTS, mixed mode, sharing, tiered, compressed oops, compressed class ptrs, g1 gc, windows-amd64)
# No core dump will be written. Minidumps are not enabled by default on client versions of Windows
#

---------------  S U M M A R Y ------------

Command Line: --add-opens=java.base/java.util=ALL-UNNAMED --add-opens=java.base/java.lang=ALL-UNNAMED --add-opens=java.base/java.lang.invoke=ALL-UNNAMED --add-opens=java.prefs/java.util.prefs=ALL-UNNAMED --add-opens=java.base/java.nio.charset=ALL-UNNAMED --add-opens=java.base/java.net=ALL-UNNAMED --add-opens=java.base/java.util.concurrent.atomic=ALL-UNNAMED -Xmx2048m -Dfile.encoding=UTF-8 -Duser.country=CN -Duser.language=zh -Duser.variant org.gradle.launcher.daemon.bootstrap.GradleDaemon 8.0

Host: Intel(R) Celeron(R) N4020 CPU @ 1.10GHz, 2 cores, 7G,  Windows 11 , 64 bit Build 22621 (10.0.22621.3085)
Time: Fri Mar  1 01:41:59 2024  Windows 11 , 64 bit Build 22621 (10.0.22621.3085) elapsed time: 174.774411 seconds (0d 0h 2m 54s)

---------------  T H R E A D  ---------------

Current thread (0x0000024e2f4d6cd0):  VMThread "VM Thread" [stack: 0x000000d362800000,0x000000d362900000] [id=11396]

Stack: [0x000000d362800000,0x000000d362900000]
Native frames: (J=compiled Java code, j=interpreted, Vv=VM code, C=native code)
V  [jvm.dll+0x67720a]
V  [jvm.dll+0x832514]
V  [jvm.dll+0x833cbe]
V  [jvm.dll+0x834323]
V  [jvm.dll+0x245815]
V  [jvm.dll+0x674129]
V  [jvm.dll+0x668a62]
V  [jvm.dll+0x30469b]
V  [jvm.dll+0x30bba6]
V  [jvm.dll+0x35ba0e]
V  [jvm.dll+0x35bc3f]
V  [jvm.dll+0x2db5a8]
V  [jvm.dll+0x2d9874]
V  [jvm.dll+0x2d8e7c]
V  [jvm.dll+0x31cc5b]
V  [jvm.dll+0x8387fb]
V  [jvm.dll+0x839534]
V  [jvm.dll+0x839a4d]
V  [jvm.dll+0x839e24]
V  [jvm.dll+0x839ef0]
V  [jvm.dll+0x7e230a]
V  [jvm.dll+0x676095]
C  [ucrtbase.dll+0x29363]
C  [KERNEL32.DLL+0x1257d]
C  [ntdll.dll+0x5aa58]

VM_Operation (0x000000d3677fe0b0): G1CollectForAllocation, mode: safepoint, requested by thread 0x0000024e3260bdb0


---------------  P R O C E S S  ---------------

Threads class SMR info:
_java_thread_list=0x0000024e3bfe0d00, length=79, elements={
0x0000024e11e35600, 0x0000024e2f4db060, 0x0000024e2f4dc670, 0x0000024e2f505cc0,
0x0000024e2f5069d0, 0x0000024e2f4f6210, 0x0000024e2f4f9ce0, 0x0000024e2f4fb620,
0x0000024e2f501080, 0x0000024e2f52ff10, 0x0000024e300ddcf0, 0x0000024e300e05e0,
0x0000024e316ba500, 0x0000024e317a5570, 0x0000024e31692a50, 0x0000024e30fde250,
0x0000024e31b37020, 0x0000024e3107e250, 0x0000024e31273430, 0x0000024e3174d1a0,
0x0000024e30ccb620, 0x0000024e30cc8fa0, 0x0000024e30cc9470, 0x0000024e30cc9940,
0x0000024e30cc8130, 0x0000024e30cca2e0, 0x0000024e30ccac80, 0x0000024e30ccbaf0,
0x0000024e30cca7b0, 0x0000024e30ccb150, 0x0000024e30cc8600, 0x0000024e329be210,
0x0000024e329bd3a0, 0x0000024e329bebb0, 0x0000024e329c33e0, 0x0000024e329c2570,
0x0000024e329c1230, 0x0000024e329bc060, 0x0000024e329bdd40, 0x0000024e329bfef0,
0x0000024e329c03c0, 0x0000024e329c1700, 0x0000024e329bc530, 0x0000024e329c0d60,
0x0000024e329c1bd0, 0x0000024e329bced0, 0x0000024e329c20a0, 0x0000024e30f4cd00,
0x0000024e30f506c0, 0x0000024e30f4c830, 0x0000024e30f4fd20, 0x0000024e30f501f0,
0x0000024e30f4b020, 0x0000024e30f49810, 0x0000024e30f4db70, 0x0000024e30f4d6a0,
0x0000024e30f4f380, 0x0000024e30f4d1d0, 0x0000024e30f49340, 0x0000024e30f4e9e0,
0x0000024e30f4f850, 0x0000024e31199330, 0x0000024e31193c90, 0x0000024e31197650,
0x0000024e31195e40, 0x0000024e311967e0, 0x0000024e3260b8e0, 0x0000024e3260f2a0,
0x0000024e3260af40, 0x0000024e3260c280, 0x0000024e3260f770, 0x0000024e3260a5a0,
0x0000024e3260cc20, 0x0000024e3260d0f0, 0x0000024e3260d5c0, 0x0000024e3260aa70,
0x0000024e3260da90, 0x0000024e3260bdb0, 0x0000024e3260df60
}

Java Threads: ( => current thread )
  0x0000024e11e35600 JavaThread "main" [_thread_blocked, id=17180, stack(0x000000d362200000,0x000000d362300000)]
  0x0000024e2f4db060 JavaThread "Reference Handler" daemon [_thread_blocked, id=23556, stack(0x000000d362900000,0x000000d362a00000)]
  0x0000024e2f4dc670 JavaThread "Finalizer" daemon [_thread_blocked, id=14400, stack(0x000000d362a00000,0x000000d362b00000)]
  0x0000024e2f505cc0 JavaThread "Signal Dispatcher" daemon [_thread_blocked, id=17520, stack(0x000000d362b00000,0x000000d362c00000)]
  0x0000024e2f5069d0 JavaThread "Attach Listener" daemon [_thread_blocked, id=9244, stack(0x000000d362c00000,0x000000d362d00000)]
  0x0000024e2f4f6210 JavaThread "Service Thread" daemon [_thread_blocked, id=27268, stack(0x000000d362d00000,0x000000d362e00000)]
  0x0000024e2f4f9ce0 JavaThread "Monitor Deflation Thread" daemon [_thread_blocked, id=25872, stack(0x000000d362e00000,0x000000d362f00000)]
  0x0000024e2f4fb620 JavaThread "C2 CompilerThread0" daemon [_thread_blocked, id=17284, stack(0x000000d362f00000,0x000000d363000000)]
  0x0000024e2f501080 JavaThread "C1 CompilerThread0" daemon [_thread_blocked, id=27128, stack(0x000000d363000000,0x000000d363100000)]
  0x0000024e2f52ff10 JavaThread "Sweeper thread" daemon [_thread_blocked, id=25644, stack(0x000000d363100000,0x000000d363200000)]
  0x0000024e300ddcf0 JavaThread "Common-Cleaner" daemon [_thread_blocked, id=18200, stack(0x000000d363200000,0x000000d363300000)]
  0x0000024e300e05e0 JavaThread "Notification Thread" daemon [_thread_blocked, id=26956, stack(0x000000d363300000,0x000000d363400000)]
  0x0000024e316ba500 JavaThread "Daemon health stats" [_thread_blocked, id=5132, stack(0x000000d363600000,0x000000d363700000)]
  0x0000024e317a5570 JavaThread "Incoming local TCP Connector on port 60454" [_thread_in_native, id=27192, stack(0x000000d363700000,0x000000d363800000)]
  0x0000024e31692a50 JavaThread "Daemon periodic checks" [_thread_blocked, id=21820, stack(0x000000d363800000,0x000000d363900000)]
  0x0000024e30fde250 JavaThread "Daemon" [_thread_blocked, id=12524, stack(0x000000d363900000,0x000000d363a00000)]
  0x0000024e31b37020 JavaThread "Handler for socket connection from /127.0.0.1:60454 to /127.0.0.1:60455" [_thread_in_native, id=4140, stack(0x000000d363a00000,0x000000d363b00000)]
  0x0000024e3107e250 JavaThread "Cancel handler" [_thread_blocked, id=7408, stack(0x000000d363b00000,0x000000d363c00000)]
  0x0000024e31273430 JavaThread "Daemon worker" [_thread_blocked, id=26828, stack(0x000000d363c00000,0x000000d363d00000)]
  0x0000024e3174d1a0 JavaThread "Asynchronous log dispatcher for DefaultDaemonConnection: socket connection from /127.0.0.1:60454 to /127.0.0.1:60455" [_thread_blocked, id=7952, stack(0x000000d363d00000,0x000000d363e00000)]
  0x0000024e30ccb620 JavaThread "Stdin handler" [_thread_blocked, id=16468, stack(0x000000d363e00000,0x000000d363f00000)]
  0x0000024e30cc8fa0 JavaThread "Daemon client event forwarder" [_thread_blocked, id=25188, stack(0x000000d363f00000,0x000000d364000000)]
  0x0000024e30cc9470 JavaThread "Cache worker for journal cache (C:\Users\11218\.gradle\caches\journal-1)" [_thread_blocked, id=13032, stack(0x000000d364000000,0x000000d364100000)]
  0x0000024e30cc9940 JavaThread "File lock request listener" [_thread_in_native, id=6928, stack(0x000000d364100000,0x000000d364200000)]
  0x0000024e30cc8130 JavaThread "Cache worker for file hash cache (C:\Users\11218\.gradle\caches\8.0\fileHashes)" [_thread_blocked, id=12416, stack(0x000000d364200000,0x000000d364300000)]
  0x0000024e30cca2e0 JavaThread "File watcher server" daemon [_thread_blocked, id=25252, stack(0x000000d364300000,0x000000d364400000)]
  0x0000024e30ccac80 JavaThread "File watcher consumer" daemon [_thread_blocked, id=11152, stack(0x000000d364400000,0x000000d364500000)]
  0x0000024e30ccbaf0 JavaThread "Cache worker for checksums cache (D:\androidLearning\AndroidStudioProjects\serviceTest1\.gradle\8.0\checksums)" [_thread_blocked, id=24908, stack(0x000000d364500000,0x000000d364600000)]
  0x0000024e30cca7b0 JavaThread "Cache worker for cache directory md-rule (C:\Users\11218\.gradle\caches\8.0\md-rule)" [_thread_blocked, id=19428, stack(0x000000d364600000,0x000000d364700000)]
  0x0000024e30ccb150 JavaThread "Cache worker for file content cache (C:\Users\11218\.gradle\caches\8.0\fileContent)" [_thread_blocked, id=18348, stack(0x000000d364700000,0x000000d364800000)]
  0x0000024e30cc8600 JavaThread "Cache worker for file hash cache (D:\androidLearning\AndroidStudioProjects\serviceTest1\.gradle\8.0\fileHashes)" [_thread_blocked, id=23388, stack(0x000000d364800000,0x000000d364900000)]
  0x0000024e329be210 JavaThread "Cache worker for cache directory md-supplier (C:\Users\11218\.gradle\caches\8.0\md-supplier)" [_thread_blocked, id=5808, stack(0x000000d364900000,0x000000d364a00000)]
  0x0000024e329bd3a0 JavaThread "Cache worker for execution history cache (C:\Users\11218\.gradle\caches\8.0\executionHistory)" [_thread_blocked, id=26924, stack(0x000000d364b00000,0x000000d364c00000)]
  0x0000024e329bebb0 JavaThread "jar transforms" [_thread_blocked, id=23768, stack(0x000000d364c00000,0x000000d364d00000)]
  0x0000024e329c33e0 JavaThread "jar transforms Thread 2" [_thread_blocked, id=15884, stack(0x000000d364d00000,0x000000d364e00000)]
  0x0000024e329c2570 JavaThread "Cache worker for kotlin-dsl (C:\Users\11218\.gradle\caches\8.0\kotlin-dsl)" [_thread_blocked, id=28296, stack(0x000000d364e00000,0x000000d364f00000)]
  0x0000024e329c1230 JavaThread "Cache worker for dependencies-accessors (D:\androidLearning\AndroidStudioProjects\serviceTest1\.gradle\8.0\dependencies-accessors)" [_thread_blocked, id=3424, stack(0x000000d364f00000,0x000000d365000000)]
  0x0000024e329bc060 JavaThread "Cache worker for Build Output Cleanup Cache (D:\androidLearning\AndroidStudioProjects\serviceTest1\.gradle\buildOutputCleanup)" [_thread_blocked, id=18012, stack(0x000000d365000000,0x000000d365100000)]
  0x0000024e329bdd40 JavaThread "Unconstrained build operations" [_thread_blocked, id=15552, stack(0x000000d365100000,0x000000d365200000)]
  0x0000024e329bfef0 JavaThread "Unconstrained build operations Thread 2" [_thread_blocked, id=7936, stack(0x000000d365200000,0x000000d365300000)]
  0x0000024e329c03c0 JavaThread "Unconstrained build operations Thread 3" [_thread_blocked, id=14596, stack(0x000000d365300000,0x000000d365400000)]
  0x0000024e329c1700 JavaThread "Unconstrained build operations Thread 4" [_thread_blocked, id=19812, stack(0x000000d365400000,0x000000d365500000)]
  0x0000024e329bc530 JavaThread "Unconstrained build operations Thread 5" [_thread_blocked, id=14120, stack(0x000000d365500000,0x000000d365600000)]
  0x0000024e329c0d60 JavaThread "Unconstrained build operations Thread 6" [_thread_blocked, id=20244, stack(0x000000d365600000,0x000000d365700000)]
  0x0000024e329c1bd0 JavaThread "Unconstrained build operations Thread 7" [_thread_blocked, id=26692, stack(0x000000d365700000,0x000000d365800000)]
  0x0000024e329bced0 JavaThread "Unconstrained build operations Thread 8" [_thread_blocked, id=14048, stack(0x000000d365800000,0x000000d365900000)]
  0x0000024e329c20a0 JavaThread "Unconstrained build operations Thread 9" [_thread_blocked, id=21684, stack(0x000000d365900000,0x000000d365a00000)]
  0x0000024e30f4cd00 JavaThread "Unconstrained build operations Thread 10" [_thread_blocked, id=26852, stack(0x000000d365a00000,0x000000d365b00000)]
  0x0000024e30f506c0 JavaThread "Unconstrained build operations Thread 11" [_thread_blocked, id=26184, stack(0x000000d365b00000,0x000000d365c00000)]
  0x0000024e30f4c830 JavaThread "Unconstrained build operations Thread 12" [_thread_blocked, id=28464, stack(0x000000d365c00000,0x000000d365d00000)]
  0x0000024e30f4fd20 JavaThread "Unconstrained build operations Thread 13" [_thread_blocked, id=14052, stack(0x000000d365d00000,0x000000d365e00000)]
  0x0000024e30f501f0 JavaThread "Unconstrained build operations Thread 14" [_thread_blocked, id=28240, stack(0x000000d365e00000,0x000000d365f00000)]
  0x0000024e30f4b020 JavaThread "Unconstrained build operations Thread 15" [_thread_blocked, id=16856, stack(0x000000d365f00000,0x000000d366000000)]
  0x0000024e30f49810 JavaThread "Unconstrained build operations Thread 16" [_thread_blocked, id=9376, stack(0x000000d366000000,0x000000d366100000)]
  0x0000024e30f4db70 JavaThread "Unconstrained build operations Thread 17" [_thread_blocked, id=8036, stack(0x000000d366100000,0x000000d366200000)]
  0x0000024e30f4d6a0 JavaThread "Unconstrained build operations Thread 18" [_thread_blocked, id=9220, stack(0x000000d366200000,0x000000d366300000)]
  0x0000024e30f4f380 JavaThread "Unconstrained build operations Thread 19" [_thread_blocked, id=24360, stack(0x000000d366300000,0x000000d366400000)]
  0x0000024e30f4d1d0 JavaThread "Unconstrained build operations Thread 20" [_thread_blocked, id=14396, stack(0x000000d366400000,0x000000d366500000)]
  0x0000024e30f49340 JavaThread "Memory manager" [_thread_blocked, id=11876, stack(0x000000d366500000,0x000000d366600000)]
  0x0000024e30f4e9e0 JavaThread "build event listener" [_thread_blocked, id=6136, stack(0x000000d366600000,0x000000d366700000)]
  0x0000024e30f4f850 JavaThread "build event listener" [_thread_blocked, id=21208, stack(0x000000d366700000,0x000000d366800000)]
  0x0000024e31199330 JavaThread "included builds" [_thread_blocked, id=7352, stack(0x000000d366a00000,0x000000d366b00000)]
  0x0000024e31193c90 JavaThread "Execution worker" [_thread_blocked, id=22944, stack(0x000000d366b00000,0x000000d366c00000)]
  0x0000024e31197650 JavaThread "Cache worker for execution history cache (D:\androidLearning\AndroidStudioProjects\serviceTest1\.gradle\8.0\executionHistory)" [_thread_blocked, id=18136, stack(0x000000d366c00000,0x000000d366d00000)]
  0x0000024e31195e40 JavaThread "WorkerExecutor Queue" [_thread_blocked, id=11868, stack(0x000000d362000000,0x000000d362100000)]
  0x0000024e311967e0 JavaThread "RMI Scheduler(0)" daemon [_thread_blocked, id=15948, stack(0x000000d362100000,0x000000d362200000)]
  0x0000024e3260b8e0 JavaThread "RMI GC Daemon" daemon [_thread_blocked, id=25412, stack(0x000000d366e00000,0x000000d366f00000)]
  0x0000024e3260f2a0 JavaThread "RMI TCP Accept-0" daemon [_thread_in_native, id=19536, stack(0x000000d366f00000,0x000000d367000000)]
  0x0000024e3260af40 JavaThread "RMI Reaper" [_thread_blocked, id=18192, stack(0x000000d367000000,0x000000d367100000)]
  0x0000024e3260c280 JavaThread "RMI TCP Connection(idle)" daemon [_thread_blocked, id=26060, stack(0x000000d367100000,0x000000d367200000)]
  0x0000024e3260f770 JavaThread "RMI TCP Connection(idle)" daemon [_thread_blocked, id=13040, stack(0x000000d367400000,0x000000d367500000)]
  0x0000024e3260a5a0 JavaThread "Cache worker for Java compile cache (C:\Users\11218\.gradle\caches\8.0\javaCompile)" [_thread_blocked, id=13188, stack(0x000000d366800000,0x000000d366900000)]
  0x0000024e3260cc20 JavaThread "Build operations" [_thread_blocked, id=2092, stack(0x000000d367500000,0x000000d367600000)]
  0x0000024e3260d0f0 JavaThread "Build operations Thread 2" [_thread_blocked, id=25884, stack(0x000000d367600000,0x000000d367700000)]
  0x0000024e3260d5c0 JavaThread "ForkJoinPool.commonPool-worker-1" daemon [_thread_blocked, id=24224, stack(0x000000d366d00000,0x000000d366e00000)]
  0x0000024e3260aa70 JavaThread "WorkerExecutor Queue Thread 5" [_thread_blocked, id=11108, stack(0x000000d367300000,0x000000d367400000)]
  0x0000024e3260da90 JavaThread "WorkerExecutor Queue Thread 6" [_thread_blocked, id=3820, stack(0x000000d367200000,0x000000d367300000)]
  0x0000024e3260bdb0 JavaThread "ForkJoinPool-1-worker-1" daemon [_thread_blocked, id=3156, stack(0x000000d367700000,0x000000d367800000)]
  0x0000024e3260df60 JavaThread "ForkJoinPool-1-worker-2" daemon [_thread_blocked, id=26680, stack(0x000000d367800000,0x000000d367900000)]

Other Threads:
=>0x0000024e2f4d6cd0 VMThread "VM Thread" [stack: 0x000000d362800000,0x000000d362900000] [id=11396]
  0x0000024e300db9c0 WatcherThread [stack: 0x000000d363400000,0x000000d363500000] [id=19676]
  0x0000024e11e906a0 GCTaskThread "GC Thread#0" [stack: 0x000000d362300000,0x000000d362400000] [id=15512]
  0x0000024e3012db30 GCTaskThread "GC Thread#1" [stack: 0x000000d363500000,0x000000d363600000] [id=18364]
  0x0000024e11ea15e0 ConcurrentGCThread "G1 Main Marker" [stack: 0x000000d362400000,0x000000d362500000] [id=14028]
  0x0000024e11ea2790 ConcurrentGCThread "G1 Conc#0" [stack: 0x000000d362500000,0x000000d362600000] [id=27620]
  0x0000024e11ef0bb0 ConcurrentGCThread "G1 Refine#0" [stack: 0x000000d362600000,0x000000d362700000] [id=21556]
  0x0000024e32946700 ConcurrentGCThread "G1 Refine#1" [stack: 0x000000d364a00000,0x000000d364b00000] [id=15224]
  0x0000024e11ef15d0 ConcurrentGCThread "G1 Service" [stack: 0x000000d362700000,0x000000d362800000] [id=13960]

Threads with active compile tasks:
C2 CompilerThread0   174861 15948       4       com.android.tools.r8.dex.B::h (829 bytes)

VM state: at safepoint (normal execution)

VM Mutex/Monitor currently owned by a thread:  ([mutex/lock_event])
[0x0000024e11e32a70] Threads_lock - owner thread: 0x0000024e2f4d6cd0
[0x0000024e11e331c0] Heap_lock - owner thread: 0x0000024e3260bdb0

Heap address: 0x0000000080000000, size: 2048 MB, Compressed Oops mode: 32-bit

CDS archive(s) mapped at: [0x0000000800000000-0x0000000800bc0000-0x0000000800bc0000), size 12320768, SharedBaseAddress: 0x0000000800000000, ArchiveRelocationMode: 0.
Compressed class space mapped at: 0x0000000800c00000-0x0000000840c00000, reserved size: 1073741824
Narrow klass base: 0x0000000800000000, Narrow klass shift: 0, Narrow klass range: 0x100000000

GC Precious Log:
 CPUs: 2 total, 2 available
 Memory: 7995M
 Large Page Support: Disabled
 NUMA Support: Disabled
 Compressed Oops: Enabled (32-bit)
 Heap Region Size: 1M
 Heap Min Capacity: 8M
 Heap Initial Capacity: 126M
 Heap Max Capacity: 2G
 Pre-touch: Disabled
 Parallel Workers: 2
 Concurrent Workers: 1
 Concurrent Refinement Workers: 2
 Periodic GC: Disabled

Heap:
 garbage-first heap   total 307200K, used 210943K [0x0000000080000000, 0x0000000100000000)
  region size 1024K, 8 young (8192K), 8 survivors (8192K)
 Metaspace       used 130994K, committed 132032K, reserved 1163264K
  class space    used 17948K, committed 18432K, reserved 1048576K

Heap Regions: E=young(eden), S=young(survivor), O=old, HS=humongous(starts), HC=humongous(continues), CS=collection set, F=free, OA=open archive, CA=closed archive, TAMS=top-at-mark-start (previous, next)
|   0|0x0000000080000000, 0x0000000080100000, 0x0000000080100000|100%| O|  |TAMS 0x0000000080100000, 0x0000000080100000| Untracked 
|   1|0x0000000080100000, 0x0000000080200000, 0x0000000080200000|100%| O|  |TAMS 0x0000000080200000, 0x0000000080200000| Untracked 
|   2|0x0000000080200000, 0x0000000080300000, 0x0000000080300000|100%| O|  |TAMS 0x0000000080300000, 0x0000000080300000| Untracked 
|   3|0x0000000080300000, 0x0000000080400000, 0x0000000080400000|100%|HS|  |TAMS 0x0000000080400000, 0x0000000080400000| Complete 
|   4|0x0000000080400000, 0x0000000080500000, 0x0000000080500000|100%|HC|  |TAMS 0x0000000080500000, 0x0000000080500000| Complete 
|   5|0x0000000080500000, 0x0000000080600000, 0x0000000080600000|100%|HC|  |TAMS 0x0000000080600000, 0x0000000080600000| Complete 
|   6|0x0000000080600000, 0x0000000080700000, 0x0000000080700000|100%|HC|  |TAMS 0x0000000080700000, 0x0000000080700000| Complete 
|   7|0x0000000080700000, 0x0000000080800000, 0x0000000080800000|100%| O|  |TAMS 0x0000000080800000, 0x0000000080800000| Untracked 
|   8|0x0000000080800000, 0x0000000080900000, 0x0000000080900000|100%| O|  |TAMS 0x0000000080900000, 0x0000000080900000| Untracked 
|   9|0x0000000080900000, 0x0000000080a00000, 0x0000000080a00000|100%| O|  |TAMS 0x0000000080a00000, 0x0000000080a00000| Untracked 
|  10|0x0000000080a00000, 0x0000000080b00000, 0x0000000080b00000|100%| O|  |TAMS 0x0000000080b00000, 0x0000000080b00000| Untracked 
|  11|0x0000000080b00000, 0x0000000080c00000, 0x0000000080c00000|100%| O|  |TAMS 0x0000000080c00000, 0x0000000080c00000| Untracked 
|  12|0x0000000080c00000, 0x0000000080d00000, 0x0000000080d00000|100%| O|  |TAMS 0x0000000080d00000, 0x0000000080d00000| Untracked 
|  13|0x0000000080d00000, 0x0000000080e00000, 0x0000000080e00000|100%| O|  |TAMS 0x0000000080e00000, 0x0000000080e00000| Untracked 
|  14|0x0000000080e00000, 0x0000000080f00000, 0x0000000080f00000|100%| O|  |TAMS 0x0000000080f00000, 0x0000000080f00000| Untracked 
|  15|0x0000000080f00000, 0x0000000081000000, 0x0000000081000000|100%| O|  |TAMS 0x0000000081000000, 0x0000000081000000| Untracked 
|  16|0x0000000081000000, 0x0000000081100000, 0x0000000081100000|100%| O|  |TAMS 0x0000000081100000, 0x0000000081100000| Untracked 
|  17|0x0000000081100000, 0x0000000081200000, 0x0000000081200000|100%| O|  |TAMS 0x0000000081200000, 0x0000000081200000| Untracked 
|  18|0x0000000081200000, 0x0000000081300000, 0x0000000081300000|100%| O|  |TAMS 0x0000000081300000, 0x0000000081300000| Untracked 
|  19|0x0000000081300000, 0x0000000081400000, 0x0000000081400000|100%| O|  |TAMS 0x0000000081400000, 0x0000000081400000| Untracked 
|  20|0x0000000081400000, 0x0000000081500000, 0x0000000081500000|100%| O|  |TAMS 0x0000000081500000, 0x0000000081500000| Untracked 
|  21|0x0000000081500000, 0x0000000081600000, 0x0000000081600000|100%| O|  |TAMS 0x0000000081600000, 0x0000000081600000| Untracked 
|  22|0x0000000081600000, 0x0000000081700000, 0x0000000081700000|100%| O|  |TAMS 0x0000000081700000, 0x0000000081700000| Untracked 
|  23|0x0000000081700000, 0x0000000081800000, 0x0000000081800000|100%| O|  |TAMS 0x0000000081800000, 0x0000000081800000| Untracked 
|  24|0x0000000081800000, 0x0000000081900000, 0x0000000081900000|100%| O|  |TAMS 0x0000000081900000, 0x0000000081900000| Untracked 
|  25|0x0000000081900000, 0x0000000081a00000, 0x0000000081a00000|100%| O|  |TAMS 0x0000000081a00000, 0x0000000081a00000| Untracked 
|  26|0x0000000081a00000, 0x0000000081b00000, 0x0000000081b00000|100%| O|  |TAMS 0x0000000081b00000, 0x0000000081b00000| Untracked 
|  27|0x0000000081b00000, 0x0000000081c00000, 0x0000000081c00000|100%| O|  |TAMS 0x0000000081c00000, 0x0000000081c00000| Untracked 
|  28|0x0000000081c00000, 0x0000000081d00000, 0x0000000081d00000|100%| O|  |TAMS 0x0000000081d00000, 0x0000000081d00000| Untracked 
|  29|0x0000000081d00000, 0x0000000081e00000, 0x0000000081e00000|100%| O|  |TAMS 0x0000000081e00000, 0x0000000081e00000| Untracked 
|  30|0x0000000081e00000, 0x0000000081f00000, 0x0000000081f00000|100%| O|  |TAMS 0x0000000081f00000, 0x0000000081f00000| Untracked 
|  31|0x0000000081f00000, 0x0000000082000000, 0x0000000082000000|100%| O|  |TAMS 0x0000000082000000, 0x0000000082000000| Untracked 
|  32|0x0000000082000000, 0x0000000082100000, 0x0000000082100000|100%| O|  |TAMS 0x0000000082100000, 0x0000000082100000| Untracked 
|  33|0x0000000082100000, 0x0000000082200000, 0x0000000082200000|100%| O|  |TAMS 0x0000000082200000, 0x0000000082200000| Untracked 
|  34|0x0000000082200000, 0x0000000082300000, 0x0000000082300000|100%| O|  |TAMS 0x0000000082300000, 0x0000000082300000| Untracked 
|  35|0x0000000082300000, 0x0000000082400000, 0x0000000082400000|100%| O|  |TAMS 0x0000000082400000, 0x0000000082400000| Untracked 
|  36|0x0000000082400000, 0x0000000082500000, 0x0000000082500000|100%| O|  |TAMS 0x0000000082500000, 0x0000000082500000| Untracked 
|  37|0x0000000082500000, 0x0000000082600000, 0x0000000082600000|100%| O|  |TAMS 0x0000000082600000, 0x0000000082600000| Untracked 
|  38|0x0000000082600000, 0x0000000082700000, 0x0000000082700000|100%| O|  |TAMS 0x0000000082600000, 0x0000000082600000| Untracked 
|  39|0x0000000082700000, 0x0000000082800000, 0x0000000082800000|100%| O|  |TAMS 0x0000000082800000, 0x0000000082800000| Untracked 
|  40|0x0000000082800000, 0x0000000082900000, 0x0000000082900000|100%| O|  |TAMS 0x0000000082900000, 0x0000000082900000| Untracked 
|  41|0x0000000082900000, 0x0000000082a00000, 0x0000000082a00000|100%|HS|  |TAMS 0x0000000082a00000, 0x0000000082a00000| Complete 
|  42|0x0000000082a00000, 0x0000000082b00000, 0x0000000082b00000|100%|HS|  |TAMS 0x0000000082b00000, 0x0000000082b00000| Complete 
|  43|0x0000000082b00000, 0x0000000082c00000, 0x0000000082c00000|100%|HS|  |TAMS 0x0000000082c00000, 0x0000000082c00000| Complete 
|  44|0x0000000082c00000, 0x0000000082d00000, 0x0000000082d00000|100%|HC|  |TAMS 0x0000000082d00000, 0x0000000082d00000| Complete 
|  45|0x0000000082d00000, 0x0000000082e00000, 0x0000000082e00000|100%|HS|  |TAMS 0x0000000082e00000, 0x0000000082e00000| Complete 
|  46|0x0000000082e00000, 0x0000000082f00000, 0x0000000082f00000|100%|HS|  |TAMS 0x0000000082f00000, 0x0000000082f00000| Complete 
|  47|0x0000000082f00000, 0x0000000083000000, 0x0000000083000000|100%|HC|  |TAMS 0x0000000083000000, 0x0000000083000000| Complete 
|  48|0x0000000083000000, 0x0000000083100000, 0x0000000083100000|100%|HC|  |TAMS 0x0000000083100000, 0x0000000083100000| Complete 
|  49|0x0000000083100000, 0x0000000083200000, 0x0000000083200000|100%|HC|  |TAMS 0x0000000083200000, 0x0000000083200000| Complete 
|  50|0x0000000083200000, 0x0000000083300000, 0x0000000083300000|100%| O|  |TAMS 0x0000000083300000, 0x0000000083300000| Untracked 
|  51|0x0000000083300000, 0x0000000083400000, 0x0000000083400000|100%| O|  |TAMS 0x0000000083400000, 0x0000000083400000| Untracked 
|  52|0x0000000083400000, 0x0000000083500000, 0x0000000083500000|100%| O|  |TAMS 0x0000000083500000, 0x0000000083500000| Untracked 
|  53|0x0000000083500000, 0x0000000083600000, 0x0000000083600000|100%| O|  |TAMS 0x0000000083600000, 0x0000000083600000| Untracked 
|  54|0x0000000083600000, 0x0000000083700000, 0x0000000083700000|100%| O|  |TAMS 0x0000000083700000, 0x0000000083700000| Untracked 
|  55|0x0000000083700000, 0x0000000083800000, 0x0000000083800000|100%| O|  |TAMS 0x0000000083800000, 0x0000000083800000| Untracked 
|  56|0x0000000083800000, 0x0000000083900000, 0x0000000083900000|100%| O|  |TAMS 0x0000000083900000, 0x0000000083900000| Untracked 
|  57|0x0000000083900000, 0x0000000083a00000, 0x0000000083a00000|100%| O|  |TAMS 0x0000000083a00000, 0x0000000083a00000| Untracked 
|  58|0x0000000083a00000, 0x0000000083b00000, 0x0000000083b00000|100%| O|  |TAMS 0x0000000083b00000, 0x0000000083b00000| Untracked 
|  59|0x0000000083b00000, 0x0000000083c00000, 0x0000000083c00000|100%| O|  |TAMS 0x0000000083c00000, 0x0000000083c00000| Untracked 
|  60|0x0000000083c00000, 0x0000000083d00000, 0x0000000083d00000|100%| O|  |TAMS 0x0000000083d00000, 0x0000000083d00000| Untracked 
|  61|0x0000000083d00000, 0x0000000083e00000, 0x0000000083e00000|100%| O|  |TAMS 0x0000000083e00000, 0x0000000083e00000| Untracked 
|  62|0x0000000083e00000, 0x0000000083f00000, 0x0000000083f00000|100%| O|  |TAMS 0x0000000083f00000, 0x0000000083f00000| Untracked 
|  63|0x0000000083f00000, 0x0000000084000000, 0x0000000084000000|100%| O|  |TAMS 0x0000000084000000, 0x0000000084000000| Untracked 
|  64|0x0000000084000000, 0x0000000084100000, 0x0000000084100000|100%| O|  |TAMS 0x0000000084100000, 0x0000000084100000| Untracked 
|  65|0x0000000084100000, 0x0000000084200000, 0x0000000084200000|100%| O|  |TAMS 0x0000000084200000, 0x0000000084200000| Untracked 
|  66|0x0000000084200000, 0x0000000084300000, 0x0000000084300000|100%| O|  |TAMS 0x0000000084300000, 0x0000000084300000| Untracked 
|  67|0x0000000084300000, 0x0000000084400000, 0x0000000084400000|100%| O|  |TAMS 0x0000000084300000, 0x0000000084300000| Untracked 
|  68|0x0000000084400000, 0x0000000084500000, 0x0000000084500000|100%| O|  |TAMS 0x0000000084500000, 0x0000000084500000| Untracked 
|  69|0x0000000084500000, 0x0000000084600000, 0x0000000084600000|100%| O|  |TAMS 0x0000000084600000, 0x0000000084600000| Untracked 
|  70|0x0000000084600000, 0x0000000084700000, 0x0000000084700000|100%| O|  |TAMS 0x0000000084700000, 0x0000000084700000| Untracked 
|  71|0x0000000084700000, 0x0000000084800000, 0x0000000084800000|100%| O|  |TAMS 0x0000000084800000, 0x0000000084800000| Untracked 
|  72|0x0000000084800000, 0x0000000084900000, 0x0000000084900000|100%| O|  |TAMS 0x0000000084900000, 0x0000000084900000| Untracked 
|  73|0x0000000084900000, 0x0000000084a00000, 0x0000000084a00000|100%| O|  |TAMS 0x0000000084a00000, 0x0000000084a00000| Untracked 
|  74|0x0000000084a00000, 0x0000000084b00000, 0x0000000084b00000|100%| O|  |TAMS 0x0000000084b00000, 0x0000000084b00000| Untracked 
|  75|0x0000000084b00000, 0x0000000084c00000, 0x0000000084c00000|100%| O|  |TAMS 0x0000000084c00000, 0x0000000084c00000| Untracked 
|  76|0x0000000084c00000, 0x0000000084d00000, 0x0000000084d00000|100%| O|  |TAMS 0x0000000084d00000, 0x0000000084d00000| Untracked 
|  77|0x0000000084d00000, 0x0000000084e00000, 0x0000000084e00000|100%| O|  |TAMS 0x0000000084e00000, 0x0000000084e00000| Untracked 
|  78|0x0000000084e00000, 0x0000000084f00000, 0x0000000084f00000|100%| O|  |TAMS 0x0000000084f00000, 0x0000000084f00000| Untracked 
|  79|0x0000000084f00000, 0x0000000085000000, 0x0000000085000000|100%| O|  |TAMS 0x0000000085000000, 0x0000000085000000| Untracked 
|  80|0x0000000085000000, 0x0000000085100000, 0x0000000085100000|100%| O|  |TAMS 0x0000000085100000, 0x0000000085100000| Untracked 
|  81|0x0000000085100000, 0x0000000085200000, 0x0000000085200000|100%| O|  |TAMS 0x0000000085200000, 0x0000000085200000| Untracked 
|  82|0x0000000085200000, 0x0000000085300000, 0x0000000085300000|100%| O|  |TAMS 0x0000000085300000, 0x0000000085300000| Untracked 
|  83|0x0000000085300000, 0x0000000085400000, 0x0000000085400000|100%| O|  |TAMS 0x0000000085400000, 0x0000000085400000| Untracked 
|  84|0x0000000085400000, 0x0000000085500000, 0x0000000085500000|100%| O|  |TAMS 0x0000000085500000, 0x0000000085500000| Untracked 
|  85|0x0000000085500000, 0x0000000085600000, 0x0000000085600000|100%| O|  |TAMS 0x0000000085600000, 0x0000000085600000| Untracked 
|  86|0x0000000085600000, 0x0000000085700000, 0x0000000085700000|100%| O|  |TAMS 0x0000000085700000, 0x0000000085700000| Untracked 
|  87|0x0000000085700000, 0x0000000085800000, 0x0000000085800000|100%| O|  |TAMS 0x0000000085800000, 0x0000000085800000| Untracked 
|  88|0x0000000085800000, 0x0000000085900000, 0x0000000085900000|100%| O|  |TAMS 0x0000000085900000, 0x0000000085900000| Untracked 
|  89|0x0000000085900000, 0x0000000085a00000, 0x0000000085a00000|100%| O|  |TAMS 0x0000000085a00000, 0x0000000085a00000| Untracked 
|  90|0x0000000085a00000, 0x0000000085b00000, 0x0000000085b00000|100%| O|  |TAMS 0x0000000085b00000, 0x0000000085b00000| Untracked 
|  91|0x0000000085b00000, 0x0000000085c00000, 0x0000000085c00000|100%| O|  |TAMS 0x0000000085c00000, 0x0000000085c00000| Untracked 
|  92|0x0000000085c00000, 0x0000000085d00000, 0x0000000085d00000|100%| O|  |TAMS 0x0000000085d00000, 0x0000000085d00000| Untracked 
|  93|0x0000000085d00000, 0x0000000085e00000, 0x0000000085e00000|100%| O|  |TAMS 0x0000000085e00000, 0x0000000085e00000| Untracked 
|  94|0x0000000085e00000, 0x0000000085f00000, 0x0000000085f00000|100%| O|  |TAMS 0x0000000085e00000, 0x0000000085e00000| Untracked 
|  95|0x0000000085f00000, 0x0000000086000000, 0x0000000086000000|100%| O|  |TAMS 0x0000000086000000, 0x0000000086000000| Untracked 
|  96|0x0000000086000000, 0x0000000086100000, 0x0000000086100000|100%| O|  |TAMS 0x0000000086100000, 0x0000000086100000| Untracked 
|  97|0x0000000086100000, 0x0000000086200000, 0x0000000086200000|100%| O|  |TAMS 0x0000000086200000, 0x0000000086200000| Untracked 
|  98|0x0000000086200000, 0x0000000086300000, 0x0000000086300000|100%| O|  |TAMS 0x0000000086300000, 0x0000000086300000| Untracked 
|  99|0x0000000086300000, 0x0000000086400000, 0x0000000086400000|100%| O|  |TAMS 0x0000000086400000, 0x0000000086400000| Untracked 
| 100|0x0000000086400000, 0x0000000086500000, 0x0000000086500000|100%| O|  |TAMS 0x0000000086500000, 0x0000000086500000| Untracked 
| 101|0x0000000086500000, 0x0000000086600000, 0x0000000086600000|100%| O|  |TAMS 0x0000000086600000, 0x0000000086600000| Untracked 
| 102|0x0000000086600000, 0x0000000086700000, 0x0000000086700000|100%| O|  |TAMS 0x0000000086600000, 0x0000000086600000| Untracked 
| 103|0x0000000086700000, 0x0000000086800000, 0x0000000086800000|100%| O|  |TAMS 0x0000000086800000, 0x0000000086800000| Untracked 
| 104|0x0000000086800000, 0x0000000086900000, 0x0000000086900000|100%| O|  |TAMS 0x0000000086900000, 0x0000000086900000| Untracked 
| 105|0x0000000086900000, 0x0000000086a00000, 0x0000000086a00000|100%| O|  |TAMS 0x0000000086a00000, 0x0000000086a00000| Untracked 
| 106|0x0000000086a00000, 0x0000000086b00000, 0x0000000086b00000|100%| O|  |TAMS 0x0000000086b00000, 0x0000000086b00000| Untracked 
| 107|0x0000000086b00000, 0x0000000086c00000, 0x0000000086c00000|100%| O|  |TAMS 0x0000000086c00000, 0x0000000086c00000| Untracked 
| 108|0x0000000086c00000, 0x0000000086d00000, 0x0000000086d00000|100%| O|  |TAMS 0x0000000086d00000, 0x0000000086d00000| Untracked 
| 109|0x0000000086d00000, 0x0000000086e00000, 0x0000000086e00000|100%| O|  |TAMS 0x0000000086e00000, 0x0000000086e00000| Untracked 
| 110|0x0000000086e00000, 0x0000000086f00000, 0x0000000086f00000|100%|HS|  |TAMS 0x0000000086f00000, 0x0000000086f00000| Complete 
| 111|0x0000000086f00000, 0x0000000087000000, 0x0000000087000000|100%|HC|  |TAMS 0x0000000087000000, 0x0000000087000000| Complete 
| 112|0x0000000087000000, 0x0000000087100000, 0x0000000087100000|100%|HS|  |TAMS 0x0000000087100000, 0x0000000087100000| Complete 
| 113|0x0000000087100000, 0x0000000087200000, 0x0000000087200000|100%|HC|  |TAMS 0x0000000087200000, 0x0000000087200000| Complete 
| 114|0x0000000087200000, 0x0000000087300000, 0x0000000087300000|100%|HC|  |TAMS 0x0000000087300000, 0x0000000087300000| Complete 
| 115|0x0000000087300000, 0x0000000087400000, 0x0000000087400000|100%| O|  |TAMS 0x0000000087400000, 0x0000000087400000| Untracked 
| 116|0x0000000087400000, 0x0000000087500000, 0x0000000087500000|100%| O|  |TAMS 0x0000000087500000, 0x0000000087500000| Untracked 
| 117|0x0000000087500000, 0x0000000087600000, 0x0000000087600000|100%| O|  |TAMS 0x0000000087600000, 0x0000000087600000| Untracked 
| 118|0x0000000087600000, 0x0000000087700000, 0x0000000087700000|100%|HS|  |TAMS 0x0000000087700000, 0x0000000087700000| Complete 
| 119|0x0000000087700000, 0x0000000087800000, 0x0000000087800000|100%|HC|  |TAMS 0x0000000087800000, 0x0000000087800000| Complete 
| 120|0x0000000087800000, 0x0000000087900000, 0x0000000087900000|100%|HC|  |TAMS 0x0000000087900000, 0x0000000087900000| Complete 
| 121|0x0000000087900000, 0x0000000087a00000, 0x0000000087a00000|100%|HC|  |TAMS 0x0000000087a00000, 0x0000000087a00000| Complete 
| 122|0x0000000087a00000, 0x0000000087b00000, 0x0000000087b00000|100%|HC|  |TAMS 0x0000000087b00000, 0x0000000087b00000| Complete 
| 123|0x0000000087b00000, 0x0000000087c00000, 0x0000000087c00000|100%|HC|  |TAMS 0x0000000087c00000, 0x0000000087c00000| Complete 
| 124|0x0000000087c00000, 0x0000000087d00000, 0x0000000087d00000|100%|HC|  |TAMS 0x0000000087d00000, 0x0000000087d00000| Complete 
| 125|0x0000000087d00000, 0x0000000087e00000, 0x0000000087e00000|100%|HC|  |TAMS 0x0000000087e00000, 0x0000000087e00000| Complete 
| 126|0x0000000087e00000, 0x0000000087f00000, 0x0000000087f00000|100%|HC|  |TAMS 0x0000000087f00000, 0x0000000087f00000| Complete 
| 127|0x0000000087f00000, 0x0000000088000000, 0x0000000088000000|100%| O|  |TAMS 0x0000000087f00000, 0x0000000088000000| Untracked 
| 128|0x0000000088000000, 0x0000000088100000, 0x0000000088100000|100%| O|  |TAMS 0x0000000088000000, 0x0000000088100000| Untracked 
| 129|0x0000000088100000, 0x0000000088200000, 0x0000000088200000|100%| O|  |TAMS 0x0000000088200000, 0x0000000088200000| Untracked 
| 130|0x0000000088200000, 0x0000000088300000, 0x0000000088300000|100%| O|  |TAMS 0x0000000088300000, 0x0000000088300000| Untracked 
| 131|0x0000000088300000, 0x0000000088400000, 0x0000000088400000|100%| O|  |TAMS 0x0000000088400000, 0x0000000088400000| Untracked 
| 132|0x0000000088400000, 0x0000000088500000, 0x0000000088500000|100%| O|  |TAMS 0x0000000088500000, 0x0000000088500000| Untracked 
| 133|0x0000000088500000, 0x0000000088600000, 0x0000000088600000|100%| O|  |TAMS 0x0000000088600000, 0x0000000088600000| Untracked 
| 134|0x0000000088600000, 0x0000000088700000, 0x0000000088700000|100%| O|  |TAMS 0x0000000088700000, 0x0000000088700000| Untracked 
| 135|0x0000000088700000, 0x0000000088800000, 0x0000000088800000|100%| O|  |TAMS 0x0000000088800000, 0x0000000088800000| Untracked 
| 136|0x0000000088800000, 0x0000000088900000, 0x0000000088900000|100%| O|  |TAMS 0x000000008889a000, 0x0000000088900000| Untracked 
| 137|0x0000000088900000, 0x0000000088a00000, 0x0000000088a00000|100%| O|  |TAMS 0x0000000088900000, 0x0000000088a00000| Untracked 
| 138|0x0000000088a00000, 0x0000000088b00000, 0x0000000088b00000|100%| O|  |TAMS 0x0000000088a00000, 0x0000000088b00000| Untracked 
| 139|0x0000000088b00000, 0x0000000088c00000, 0x0000000088c00000|100%| O|  |TAMS 0x0000000088b00000, 0x0000000088c00000| Untracked 
| 140|0x0000000088c00000, 0x0000000088d00000, 0x0000000088d00000|100%| O|  |TAMS 0x0000000088c00000, 0x0000000088d00000| Untracked 
| 141|0x0000000088d00000, 0x0000000088e00000, 0x0000000088e00000|100%| O|  |TAMS 0x0000000088d00000, 0x0000000088e00000| Untracked 
| 142|0x0000000088e00000, 0x0000000088f00000, 0x0000000088f00000|100%| O|  |TAMS 0x0000000088e00000, 0x0000000088f00000| Untracked 
| 143|0x0000000088f00000, 0x0000000088fffff8, 0x0000000089000000| 99%| O|  |TAMS 0x0000000088f00000, 0x0000000088fffff8| Untracked 
| 144|0x0000000089000000, 0x0000000089100000, 0x0000000089100000|100%| O|  |TAMS 0x0000000089000000, 0x0000000089100000| Untracked 
| 145|0x0000000089100000, 0x0000000089200000, 0x0000000089200000|100%| O|  |TAMS 0x0000000089100000, 0x0000000089200000| Untracked 
| 146|0x0000000089200000, 0x0000000089300000, 0x0000000089300000|100%| O|  |TAMS 0x0000000089200000, 0x0000000089300000| Untracked 
| 147|0x0000000089300000, 0x0000000089400000, 0x0000000089400000|100%| O|  |TAMS 0x0000000089300000, 0x0000000089400000| Untracked 
| 148|0x0000000089400000, 0x0000000089500000, 0x0000000089500000|100%| O|  |TAMS 0x0000000089400000, 0x0000000089500000| Untracked 
| 149|0x0000000089500000, 0x0000000089600000, 0x0000000089600000|100%| O|  |TAMS 0x0000000089500000, 0x00000000895fd600| Untracked 
| 150|0x0000000089600000, 0x0000000089700000, 0x0000000089700000|100%| O|  |TAMS 0x0000000089600000, 0x0000000089600000| Untracked 
| 151|0x0000000089700000, 0x0000000089800000, 0x0000000089800000|100%| O|  |TAMS 0x0000000089700000, 0x0000000089700000| Untracked 
| 152|0x0000000089800000, 0x0000000089900000, 0x0000000089900000|100%| O|  |TAMS 0x0000000089800000, 0x0000000089800000| Untracked 
| 153|0x0000000089900000, 0x0000000089a00000, 0x0000000089a00000|100%| O|  |TAMS 0x0000000089900000, 0x0000000089900000| Untracked 
| 154|0x0000000089a00000, 0x0000000089b00000, 0x0000000089b00000|100%| O|  |TAMS 0x0000000089a00000, 0x0000000089a00000| Untracked 
| 155|0x0000000089b00000, 0x0000000089c00000, 0x0000000089c00000|100%| O|  |TAMS 0x0000000089b00000, 0x0000000089b00000| Untracked 
| 156|0x0000000089c00000, 0x0000000089d00000, 0x0000000089d00000|100%| O|  |TAMS 0x0000000089c00000, 0x0000000089c00000| Untracked 
| 157|0x0000000089d00000, 0x0000000089e00000, 0x0000000089e00000|100%| O|  |TAMS 0x0000000089d00000, 0x0000000089d00000| Untracked 
| 158|0x0000000089e00000, 0x0000000089f00000, 0x0000000089f00000|100%| O|  |TAMS 0x0000000089e00000, 0x0000000089e00000| Untracked 
| 159|0x0000000089f00000, 0x000000008a000000, 0x000000008a000000|100%| O|  |TAMS 0x0000000089f00000, 0x0000000089f00000| Untracked 
| 160|0x000000008a000000, 0x000000008a100000, 0x000000008a100000|100%|HS|  |TAMS 0x000000008a000000, 0x000000008a100000| Complete 
| 161|0x000000008a100000, 0x000000008a200000, 0x000000008a200000|100%|HC|  |TAMS 0x000000008a100000, 0x000000008a200000| Complete 
| 162|0x000000008a200000, 0x000000008a300000, 0x000000008a300000|100%|HC|  |TAMS 0x000000008a200000, 0x000000008a300000| Complete 
| 163|0x000000008a300000, 0x000000008a400000, 0x000000008a400000|100%|HC|  |TAMS 0x000000008a300000, 0x000000008a400000| Complete 
| 164|0x000000008a400000, 0x000000008a500000, 0x000000008a500000|100%|HC|  |TAMS 0x000000008a400000, 0x000000008a500000| Complete 
| 165|0x000000008a500000, 0x000000008a600000, 0x000000008a600000|100%|HC|  |TAMS 0x000000008a500000, 0x000000008a600000| Complete 
| 166|0x000000008a600000, 0x000000008a700000, 0x000000008a700000|100%|HC|  |TAMS 0x000000008a600000, 0x000000008a700000| Complete 
| 167|0x000000008a700000, 0x000000008a800000, 0x000000008a800000|100%|HC|  |TAMS 0x000000008a700000, 0x000000008a800000| Complete 
| 168|0x000000008a800000, 0x000000008a900000, 0x000000008a900000|100%|HC|  |TAMS 0x000000008a800000, 0x000000008a900000| Complete 
| 169|0x000000008a900000, 0x000000008aa00000, 0x000000008aa00000|100%|HS|  |TAMS 0x000000008a900000, 0x000000008aa00000| Complete 
| 170|0x000000008aa00000, 0x000000008ab00000, 0x000000008ab00000|100%|HS|  |TAMS 0x000000008aa00000, 0x000000008ab00000| Complete 
| 171|0x000000008ab00000, 0x000000008ac00000, 0x000000008ac00000|100%|HC|  |TAMS 0x000000008ab00000, 0x000000008ac00000| Complete 
| 172|0x000000008ac00000, 0x000000008ad00000, 0x000000008ad00000|100%|HS|  |TAMS 0x000000008ac00000, 0x000000008ad00000| Complete 
| 173|0x000000008ad00000, 0x000000008ae00000, 0x000000008ae00000|100%| O|  |TAMS 0x000000008ad00000, 0x000000008ae00000| Untracked 
| 174|0x000000008ae00000, 0x000000008af00000, 0x000000008af00000|100%| O|  |TAMS 0x000000008ae00000, 0x000000008af00000| Untracked 
| 175|0x000000008af00000, 0x000000008b000000, 0x000000008b000000|100%| O|  |TAMS 0x000000008af00000, 0x000000008b000000| Untracked 
| 176|0x000000008b000000, 0x000000008b100000, 0x000000008b100000|100%| O|  |TAMS 0x000000008b000000, 0x000000008b100000| Untracked 
| 177|0x000000008b100000, 0x000000008b200000, 0x000000008b200000|100%| O|  |TAMS 0x000000008b100000, 0x000000008b200000| Untracked 
| 178|0x000000008b200000, 0x000000008b300000, 0x000000008b300000|100%| O|  |TAMS 0x000000008b200000, 0x000000008b300000| Untracked 
| 179|0x000000008b300000, 0x000000008b400000, 0x000000008b400000|100%| O|  |TAMS 0x000000008b300000, 0x000000008b400000| Untracked 
| 180|0x000000008b400000, 0x000000008b500000, 0x000000008b500000|100%| O|  |TAMS 0x000000008b400000, 0x000000008b500000| Untracked 
| 181|0x000000008b500000, 0x000000008b600000, 0x000000008b600000|100%| O|  |TAMS 0x000000008b500000, 0x000000008b600000| Untracked 
| 182|0x000000008b600000, 0x000000008b700000, 0x000000008b700000|100%| O|  |TAMS 0x000000008b600000, 0x000000008b700000| Untracked 
| 183|0x000000008b700000, 0x000000008b800000, 0x000000008b800000|100%| O|  |TAMS 0x000000008b700000, 0x000000008b800000| Untracked 
| 184|0x000000008b800000, 0x000000008b900000, 0x000000008b900000|100%| O|  |TAMS 0x000000008b800000, 0x000000008b900000| Untracked 
| 185|0x000000008b900000, 0x000000008ba00000, 0x000000008ba00000|100%| O|  |TAMS 0x000000008b900000, 0x000000008ba00000| Untracked 
| 186|0x000000008ba00000, 0x000000008bb00000, 0x000000008bb00000|100%| O|  |TAMS 0x000000008ba00000, 0x000000008bb00000| Untracked 
| 187|0x000000008bb00000, 0x000000008bc00000, 0x000000008bc00000|100%| O|  |TAMS 0x000000008bb00000, 0x000000008bc00000| Untracked 
| 188|0x000000008bc00000, 0x000000008bd00000, 0x000000008bd00000|100%| O|  |TAMS 0x000000008bc00000, 0x000000008bd00000| Untracked 
| 189|0x000000008bd00000, 0x000000008be00000, 0x000000008be00000|100%| O|  |TAMS 0x000000008bd00000, 0x000000008bd00000| Untracked 
| 190|0x000000008be00000, 0x000000008bf00000, 0x000000008bf00000|100%| O|  |TAMS 0x000000008be00000, 0x000000008be00000| Untracked 
| 191|0x000000008bf00000, 0x000000008c000000, 0x000000008c000000|100%| O|  |TAMS 0x000000008bf00000, 0x000000008bf00000| Untracked 
| 192|0x000000008c000000, 0x000000008c100000, 0x000000008c100000|100%| O|  |TAMS 0x000000008c000000, 0x000000008c000000| Untracked 
| 193|0x000000008c100000, 0x000000008c200000, 0x000000008c200000|100%| O|  |TAMS 0x000000008c100000, 0x000000008c100000| Untracked 
| 194|0x000000008c200000, 0x000000008c300000, 0x000000008c300000|100%| O|  |TAMS 0x000000008c200000, 0x000000008c200000| Untracked 
| 195|0x000000008c300000, 0x000000008c400000, 0x000000008c400000|100%| O|  |TAMS 0x000000008c300000, 0x000000008c300000| Untracked 
| 196|0x000000008c400000, 0x000000008c400000, 0x000000008c500000|  0%| F|  |TAMS 0x000000008c400000, 0x000000008c400000| Untracked 
| 197|0x000000008c500000, 0x000000008c500000, 0x000000008c600000|  0%| F|  |TAMS 0x000000008c500000, 0x000000008c500000| Untracked 
| 198|0x000000008c600000, 0x000000008c600000, 0x000000008c700000|  0%| F|  |TAMS 0x000000008c600000, 0x000000008c600000| Untracked 
| 199|0x000000008c700000, 0x000000008c700000, 0x000000008c800000|  0%| F|  |TAMS 0x000000008c700000, 0x000000008c700000| Untracked 
| 200|0x000000008c800000, 0x000000008c800000, 0x000000008c900000|  0%| F|  |TAMS 0x000000008c800000, 0x000000008c800000| Untracked 
| 201|0x000000008c900000, 0x000000008c900000, 0x000000008ca00000|  0%| F|  |TAMS 0x000000008c900000, 0x000000008c900000| Untracked 
| 202|0x000000008ca00000, 0x000000008ca00000, 0x000000008cb00000|  0%| F|  |TAMS 0x000000008ca00000, 0x000000008ca00000| Untracked 
| 203|0x000000008cb00000, 0x000000008cb00000, 0x000000008cc00000|  0%| F|  |TAMS 0x000000008cb00000, 0x000000008cb00000| Untracked 
| 204|0x000000008cc00000, 0x000000008cc00000, 0x000000008cd00000|  0%| F|  |TAMS 0x000000008cc00000, 0x000000008cc00000| Untracked 
| 205|0x000000008cd00000, 0x000000008cd00000, 0x000000008ce00000|  0%| F|  |TAMS 0x000000008cd00000, 0x000000008cd00000| Untracked 
| 206|0x000000008ce00000, 0x000000008ce00000, 0x000000008cf00000|  0%| F|  |TAMS 0x000000008ce00000, 0x000000008ce00000| Untracked 
| 207|0x000000008cf00000, 0x000000008cf00000, 0x000000008d000000|  0%| F|  |TAMS 0x000000008cf00000, 0x000000008cf00000| Untracked 
| 208|0x000000008d000000, 0x000000008d000000, 0x000000008d100000|  0%| F|  |TAMS 0x000000008d000000, 0x000000008d000000| Untracked 
| 209|0x000000008d100000, 0x000000008d100000, 0x000000008d200000|  0%| F|  |TAMS 0x000000008d100000, 0x000000008d100000| Untracked 
| 210|0x000000008d200000, 0x000000008d200000, 0x000000008d300000|  0%| F|  |TAMS 0x000000008d200000, 0x000000008d200000| Untracked 
| 211|0x000000008d300000, 0x000000008d300000, 0x000000008d400000|  0%| F|  |TAMS 0x000000008d300000, 0x000000008d300000| Untracked 
| 212|0x000000008d400000, 0x000000008d400000, 0x000000008d500000|  0%| F|  |TAMS 0x000000008d400000, 0x000000008d400000| Untracked 
| 213|0x000000008d500000, 0x000000008d500000, 0x000000008d600000|  0%| F|  |TAMS 0x000000008d500000, 0x000000008d500000| Untracked 
| 214|0x000000008d600000, 0x000000008d600000, 0x000000008d700000|  0%| F|  |TAMS 0x000000008d600000, 0x000000008d600000| Untracked 
| 215|0x000000008d700000, 0x000000008d700000, 0x000000008d800000|  0%| F|  |TAMS 0x000000008d700000, 0x000000008d700000| Untracked 
| 216|0x000000008d800000, 0x000000008d800000, 0x000000008d900000|  0%| F|  |TAMS 0x000000008d800000, 0x000000008d800000| Untracked 
| 217|0x000000008d900000, 0x000000008d900000, 0x000000008da00000|  0%| F|  |TAMS 0x000000008d900000, 0x000000008d900000| Untracked 
| 218|0x000000008da00000, 0x000000008da00000, 0x000000008db00000|  0%| F|  |TAMS 0x000000008da00000, 0x000000008da00000| Untracked 
| 219|0x000000008db00000, 0x000000008db00000, 0x000000008dc00000|  0%| F|  |TAMS 0x000000008db00000, 0x000000008db00000| Untracked 
| 220|0x000000008dc00000, 0x000000008dc00000, 0x000000008dd00000|  0%| F|  |TAMS 0x000000008dc00000, 0x000000008dc00000| Untracked 
| 221|0x000000008dd00000, 0x000000008dd00000, 0x000000008de00000|  0%| F|  |TAMS 0x000000008dd00000, 0x000000008dd00000| Untracked 
| 222|0x000000008de00000, 0x000000008de00000, 0x000000008df00000|  0%| F|  |TAMS 0x000000008de00000, 0x000000008de00000| Untracked 
| 223|0x000000008df00000, 0x000000008df00000, 0x000000008e000000|  0%| F|  |TAMS 0x000000008df00000, 0x000000008df00000| Untracked 
| 224|0x000000008e000000, 0x000000008e000000, 0x000000008e100000|  0%| F|  |TAMS 0x000000008e000000, 0x000000008e000000| Untracked 
| 225|0x000000008e100000, 0x000000008e100000, 0x000000008e200000|  0%| F|  |TAMS 0x000000008e100000, 0x000000008e100000| Untracked 
| 226|0x000000008e200000, 0x000000008e200000, 0x000000008e300000|  0%| F|  |TAMS 0x000000008e200000, 0x000000008e200000| Untracked 
| 227|0x000000008e300000, 0x000000008e300000, 0x000000008e400000|  0%| F|  |TAMS 0x000000008e300000, 0x000000008e300000| Untracked 
| 228|0x000000008e400000, 0x000000008e400000, 0x000000008e500000|  0%| F|  |TAMS 0x000000008e400000, 0x000000008e400000| Untracked 
| 229|0x000000008e500000, 0x000000008e600000, 0x000000008e600000|100%| S|CS|TAMS 0x000000008e500000, 0x000000008e500000| Complete 
| 230|0x000000008e600000, 0x000000008e700000, 0x000000008e700000|100%| S|CS|TAMS 0x000000008e600000, 0x000000008e600000| Complete 
| 231|0x000000008e700000, 0x000000008e800000, 0x000000008e800000|100%| S|CS|TAMS 0x000000008e700000, 0x000000008e700000| Complete 
| 232|0x000000008e800000, 0x000000008e900000, 0x000000008e900000|100%| S|CS|TAMS 0x000000008e800000, 0x000000008e800000| Complete 
| 233|0x000000008e900000, 0x000000008ea00000, 0x000000008ea00000|100%| S|CS|TAMS 0x000000008e900000, 0x000000008e900000| Complete 
| 234|0x000000008ea00000, 0x000000008eb00000, 0x000000008eb00000|100%| S|CS|TAMS 0x000000008ea00000, 0x000000008ea00000| Complete 
| 235|0x000000008eb00000, 0x000000008ec00000, 0x000000008ec00000|100%| S|CS|TAMS 0x000000008eb00000, 0x000000008eb00000| Complete 
| 236|0x000000008ec00000, 0x000000008ed00000, 0x000000008ed00000|100%| S|CS|TAMS 0x000000008ec00000, 0x000000008ec00000| Complete 
| 237|0x000000008ed00000, 0x000000008ed00000, 0x000000008ee00000|  0%| F|  |TAMS 0x000000008ed00000, 0x000000008ed00000| Untracked 
| 238|0x000000008ee00000, 0x000000008ee00000, 0x000000008ef00000|  0%| F|  |TAMS 0x000000008ee00000, 0x000000008ee00000| Untracked 
| 239|0x000000008ef00000, 0x000000008ef00000, 0x000000008f000000|  0%| F|  |TAMS 0x000000008ef00000, 0x000000008ef00000| Untracked 
| 240|0x000000008f000000, 0x000000008f000000, 0x000000008f100000|  0%| F|  |TAMS 0x000000008f000000, 0x000000008f000000| Untracked 
| 241|0x000000008f100000, 0x000000008f100000, 0x000000008f200000|  0%| F|  |TAMS 0x000000008f100000, 0x000000008f100000| Untracked 
| 242|0x000000008f200000, 0x000000008f200000, 0x000000008f300000|  0%| F|  |TAMS 0x000000008f200000, 0x000000008f200000| Untracked 
| 243|0x000000008f300000, 0x000000008f300000, 0x000000008f400000|  0%| F|  |TAMS 0x000000008f300000, 0x000000008f300000| Untracked 
| 244|0x000000008f400000, 0x000000008f400000, 0x000000008f500000|  0%| F|  |TAMS 0x000000008f400000, 0x000000008f400000| Untracked 
| 245|0x000000008f500000, 0x000000008f500000, 0x000000008f600000|  0%| F|  |TAMS 0x000000008f500000, 0x000000008f500000| Untracked 
| 246|0x000000008f600000, 0x000000008f600000, 0x000000008f700000|  0%| F|  |TAMS 0x000000008f600000, 0x000000008f600000| Untracked 
| 247|0x000000008f700000, 0x000000008f700000, 0x000000008f800000|  0%| F|  |TAMS 0x000000008f700000, 0x000000008f700000| Untracked 
| 248|0x000000008f800000, 0x000000008f800000, 0x000000008f900000|  0%| F|  |TAMS 0x000000008f800000, 0x000000008f800000| Untracked 
| 249|0x000000008f900000, 0x000000008f900000, 0x000000008fa00000|  0%| F|  |TAMS 0x000000008f900000, 0x000000008f900000| Untracked 
| 250|0x000000008fa00000, 0x000000008fa00000, 0x000000008fb00000|  0%| F|  |TAMS 0x000000008fa00000, 0x000000008fa00000| Untracked 
| 251|0x000000008fb00000, 0x000000008fb00000, 0x000000008fc00000|  0%| F|  |TAMS 0x000000008fb00000, 0x000000008fb00000| Untracked 
| 252|0x000000008fc00000, 0x000000008fc00000, 0x000000008fd00000|  0%| F|  |TAMS 0x000000008fc00000, 0x000000008fc00000| Untracked 
| 253|0x000000008fd00000, 0x000000008fd00000, 0x000000008fe00000|  0%| F|  |TAMS 0x000000008fd00000, 0x000000008fd00000| Untracked 
| 254|0x000000008fe00000, 0x000000008fe00000, 0x000000008ff00000|  0%| F|  |TAMS 0x000000008fe00000, 0x000000008fe00000| Untracked 
| 255|0x000000008ff00000, 0x000000008ff00000, 0x0000000090000000|  0%| F|  |TAMS 0x000000008ff00000, 0x000000008ff00000| Untracked 
| 256|0x0000000090000000, 0x0000000090000000, 0x0000000090100000|  0%| F|  |TAMS 0x0000000090000000, 0x0000000090000000| Untracked 
| 257|0x0000000090100000, 0x0000000090100000, 0x0000000090200000|  0%| F|  |TAMS 0x0000000090100000, 0x0000000090100000| Untracked 
| 258|0x0000000090200000, 0x0000000090200000, 0x0000000090300000|  0%| F|  |TAMS 0x0000000090200000, 0x0000000090200000| Untracked 
| 259|0x0000000090300000, 0x0000000090300000, 0x0000000090400000|  0%| F|  |TAMS 0x0000000090300000, 0x0000000090300000| Untracked 
| 260|0x0000000090400000, 0x0000000090400000, 0x0000000090500000|  0%| F|  |TAMS 0x0000000090400000, 0x0000000090400000| Untracked 
| 261|0x0000000090500000, 0x0000000090500000, 0x0000000090600000|  0%| F|  |TAMS 0x0000000090500000, 0x0000000090500000| Untracked 
| 262|0x0000000090600000, 0x0000000090600000, 0x0000000090700000|  0%| F|  |TAMS 0x0000000090600000, 0x0000000090600000| Untracked 
| 263|0x0000000090700000, 0x0000000090700000, 0x0000000090800000|  0%| F|  |TAMS 0x0000000090700000, 0x0000000090700000| Untracked 
| 264|0x0000000090800000, 0x0000000090800000, 0x0000000090900000|  0%| F|  |TAMS 0x0000000090800000, 0x0000000090800000| Untracked 
| 265|0x0000000090900000, 0x0000000090900000, 0x0000000090a00000|  0%| F|  |TAMS 0x0000000090900000, 0x0000000090900000| Untracked 
| 266|0x0000000090a00000, 0x0000000090a00000, 0x0000000090b00000|  0%| F|  |TAMS 0x0000000090a00000, 0x0000000090a00000| Untracked 
| 267|0x0000000090b00000, 0x0000000090b00000, 0x0000000090c00000|  0%| F|  |TAMS 0x0000000090b00000, 0x0000000090b00000| Untracked 
| 268|0x0000000090c00000, 0x0000000090c00000, 0x0000000090d00000|  0%| F|  |TAMS 0x0000000090c00000, 0x0000000090c00000| Untracked 
| 269|0x0000000090d00000, 0x0000000090d00000, 0x0000000090e00000|  0%| F|  |TAMS 0x0000000090d00000, 0x0000000090d00000| Untracked 
| 270|0x0000000090e00000, 0x0000000090e00000, 0x0000000090f00000|  0%| F|  |TAMS 0x0000000090e00000, 0x0000000090e00000| Untracked 
| 271|0x0000000090f00000, 0x0000000090f00000, 0x0000000091000000|  0%| F|  |TAMS 0x0000000090f00000, 0x0000000090f00000| Untracked 
| 272|0x0000000091000000, 0x0000000091000000, 0x0000000091100000|  0%| F|  |TAMS 0x0000000091000000, 0x0000000091000000| Untracked 
| 273|0x0000000091100000, 0x0000000091100000, 0x0000000091200000|  0%| F|  |TAMS 0x0000000091100000, 0x0000000091100000| Untracked 
| 274|0x0000000091200000, 0x0000000091200000, 0x0000000091300000|  0%| F|  |TAMS 0x0000000091200000, 0x0000000091200000| Untracked 
| 275|0x0000000091300000, 0x0000000091300000, 0x0000000091400000|  0%| F|  |TAMS 0x0000000091300000, 0x0000000091300000| Untracked 
| 276|0x0000000091400000, 0x0000000091400000, 0x0000000091500000|  0%| F|  |TAMS 0x0000000091400000, 0x0000000091400000| Untracked 
| 277|0x0000000091500000, 0x0000000091500000, 0x0000000091600000|  0%| F|  |TAMS 0x0000000091500000, 0x0000000091500000| Untracked 
| 278|0x0000000091600000, 0x0000000091600000, 0x0000000091700000|  0%| F|  |TAMS 0x0000000091600000, 0x0000000091600000| Untracked 
| 279|0x0000000091700000, 0x0000000091700000, 0x0000000091800000|  0%| F|  |TAMS 0x0000000091700000, 0x0000000091700000| Untracked 
| 280|0x0000000091800000, 0x0000000091800000, 0x0000000091900000|  0%| F|  |TAMS 0x0000000091800000, 0x0000000091800000| Untracked 
| 281|0x0000000091900000, 0x0000000091900000, 0x0000000091a00000|  0%| F|  |TAMS 0x0000000091900000, 0x0000000091900000| Untracked 
| 282|0x0000000091a00000, 0x0000000091a00000, 0x0000000091b00000|  0%| F|  |TAMS 0x0000000091a00000, 0x0000000091a00000| Untracked 
| 283|0x0000000091b00000, 0x0000000091b00000, 0x0000000091c00000|  0%| F|  |TAMS 0x0000000091b00000, 0x0000000091b00000| Untracked 
| 284|0x0000000091c00000, 0x0000000091c00000, 0x0000000091d00000|  0%| F|  |TAMS 0x0000000091c00000, 0x0000000091c00000| Untracked 
| 285|0x0000000091d00000, 0x0000000091d00000, 0x0000000091e00000|  0%| F|  |TAMS 0x0000000091d00000, 0x0000000091d00000| Untracked 
| 286|0x0000000091e00000, 0x0000000091e00000, 0x0000000091f00000|  0%| F|  |TAMS 0x0000000091e00000, 0x0000000091e00000| Untracked 
| 287|0x0000000091f00000, 0x0000000091f00000, 0x0000000092000000|  0%| F|  |TAMS 0x0000000091f00000, 0x0000000091f00000| Untracked 
| 288|0x0000000092000000, 0x0000000092000000, 0x0000000092100000|  0%| F|  |TAMS 0x0000000092000000, 0x0000000092000000| Untracked 
| 289|0x0000000092100000, 0x0000000092100000, 0x0000000092200000|  0%| F|  |TAMS 0x0000000092100000, 0x0000000092100000| Untracked 
| 290|0x0000000092200000, 0x0000000092200000, 0x0000000092300000|  0%| F|  |TAMS 0x0000000092200000, 0x0000000092200000| Untracked 
| 291|0x0000000092300000, 0x0000000092300000, 0x0000000092400000|  0%| F|  |TAMS 0x0000000092300000, 0x0000000092300000| Untracked 
| 292|0x0000000092400000, 0x0000000092400000, 0x0000000092500000|  0%| F|  |TAMS 0x0000000092400000, 0x0000000092400000| Untracked 
| 293|0x0000000092500000, 0x0000000092500000, 0x0000000092600000|  0%| F|  |TAMS 0x0000000092500000, 0x0000000092500000| Untracked 
| 294|0x0000000092600000, 0x0000000092600000, 0x0000000092700000|  0%| F|  |TAMS 0x0000000092600000, 0x0000000092600000| Untracked 
| 295|0x0000000092700000, 0x0000000092700000, 0x0000000092800000|  0%| F|  |TAMS 0x0000000092700000, 0x0000000092700000| Untracked 
| 296|0x0000000092800000, 0x0000000092800000, 0x0000000092900000|  0%| F|  |TAMS 0x0000000092800000, 0x0000000092800000| Untracked 
| 297|0x0000000092900000, 0x0000000092900000, 0x0000000092a00000|  0%| F|  |TAMS 0x0000000092900000, 0x0000000092900000| Untracked 
|2046|0x00000000ffe00000, 0x00000000fff00000, 0x00000000fff00000|100%| O|  |TAMS 0x00000000fff00000, 0x00000000fff00000| Untracked 
|2047|0x00000000fff00000, 0x0000000100000000, 0x0000000100000000|100%| O|  |TAMS 0x0000000100000000, 0x0000000100000000| Untracked 

Card table byte_map: [0x0000024e28910000,0x0000024e28d10000] _byte_map_base: 0x0000024e28510000

Marking Bits (Prev, Next): (CMBitMap*) 0x0000024e11e90cf0, (CMBitMap*) 0x0000024e11e90cb0
 Prev Bits: [0x0000024e2b110000, 0x0000024e2d110000)
 Next Bits: [0x0000024e29110000, 0x0000024e2b110000)

Polling page: 0x0000024e0ffb0000

Metaspace:

Usage:
  Non-class:    110.40 MB used.
      Class:     17.53 MB used.
       Both:    127.92 MB used.

Virtual space:
  Non-class space:      112.00 MB reserved,     110.94 MB (>99%) committed,  14 nodes.
      Class space:        1.00 GB reserved,      18.00 MB (  2%) committed,  1 nodes.
             Both:        1.11 GB reserved,     128.94 MB ( 11%) committed. 

Chunk freelists:
   Non-Class:  304.00 KB
       Class:  1.84 MB
        Both:  2.14 MB

MaxMetaspaceSize: unlimited
CompressedClassSpaceSize: 1.00 GB
Initial GC threshold: 21.00 MB
Current GC threshold: 207.62 MB
CDS: on
MetaspaceReclaimPolicy: balanced
 - commit_granule_bytes: 65536.
 - commit_granule_words: 8192.
 - virtual_space_node_default_size: 1048576.
 - enlarge_chunks_in_place: 1.
 - new_chunks_are_fully_committed: 0.
 - uncommit_free_chunks: 1.
 - use_allocation_guard: 0.
 - handle_deallocations: 1.


Internal statistics:

num_allocs_failed_limit: 9.
num_arena_births: 1546.
num_arena_deaths: 0.
num_vsnodes_births: 15.
num_vsnodes_deaths: 0.
num_space_committed: 2061.
num_space_uncommitted: 0.
num_chunks_returned_to_freelist: 9.
num_chunks_taken_from_freelist: 6886.
num_chunk_merges: 9.
num_chunk_splits: 4724.
num_chunks_enlarged: 3275.
num_purges: 0.
num_inconsistent_stats: 0.

CodeHeap 'non-profiled nmethods': size=120064Kb used=7994Kb max_used=8703Kb free=112069Kb
 bounds [0x0000024e213d0000, 0x0000024e21c70000, 0x0000024e28910000]
CodeHeap 'profiled nmethods': size=120000Kb used=25162Kb max_used=27117Kb free=94837Kb
 bounds [0x0000024e19ea0000, 0x0000024e1b920000, 0x0000024e213d0000]
CodeHeap 'non-nmethods': size=5696Kb used=2513Kb max_used=2563Kb free=3182Kb
 bounds [0x0000024e19910000, 0x0000024e19ba0000, 0x0000024e19ea0000]
 total_blobs=14025 nmethods=12946 adapters=990
 compilation: enabled
              stopped_count=0, restarted_count=0
 full_count=0

Compilation events (20 events):
Event: 174.284 Thread 0x0000024e2f501080 15971       2       org.jetbrains.kotlin.diagnostics.DiagnosticFactoryWithPsiElement::<init> (11 bytes)
Event: 174.285 Thread 0x0000024e2f501080 nmethod 15971 0x0000024e1a1a5510 code [0x0000024e1a1a5740, 0x0000024e1a1a5c98]
Event: 174.294 Thread 0x0000024e2f501080 15972       2       org.jetbrains.kotlin.diagnostics.DiagnosticFactory0::create (10 bytes)
Event: 174.294 Thread 0x0000024e2f501080 nmethod 15972 0x0000024e19f12e10 code [0x0000024e19f13020, 0x0000024e19f13538]
Event: 174.298 Thread 0x0000024e2f501080 15973       2       org.jetbrains.kotlin.diagnostics.DiagnosticFactory0::create (8 bytes)
Event: 174.298 Thread 0x0000024e2f501080 nmethod 15973 0x0000024e1a1a9e10 code [0x0000024e1a1aa000, 0x0000024e1a1aa408]
Event: 174.337 Thread 0x0000024e2f501080 15974       2       com.android.tools.r8.graph.Y2$$Lambda$2045/0x0000000801c2f528::<init> (15 bytes)
Event: 174.337 Thread 0x0000024e2f501080 nmethod 15974 0x0000024e1a9aec90 code [0x0000024e1a9aee20, 0x0000024e1a9aefd8]
Event: 174.384 Thread 0x0000024e2f501080 15975       2       java.lang.reflect.Field::hashCode (19 bytes)
Event: 174.384 Thread 0x0000024e2f501080 nmethod 15975 0x0000024e1a3aa710 code [0x0000024e1a3aa8c0, 0x0000024e1a3aaa48]
Event: 174.385 Thread 0x0000024e2f501080 15976       1       org.jetbrains.kotlin.diagnostics.DiagnosticFactory::setDefaultRenderer (6 bytes)
Event: 174.385 Thread 0x0000024e2f501080 nmethod 15976 0x0000024e21a23090 code [0x0000024e21a23220, 0x0000024e21a23338]
Event: 174.386 Thread 0x0000024e2f501080 15977       2       org.jetbrains.kotlin.diagnostics.Errors$Initializer::initializeNameAndRenderer (15 bytes)
Event: 174.386 Thread 0x0000024e2f501080 nmethod 15977 0x0000024e19faca10 code [0x0000024e19facc20, 0x0000024e19fad0b8]
Event: 174.482 Thread 0x0000024e2f4fb620 nmethod 15921 0x0000024e21c5fa90 code [0x0000024e21c60000, 0x0000024e21c68db0]
Event: 174.483 Thread 0x0000024e2f4fb620 15948       4       com.android.tools.r8.dex.B::h (829 bytes)
Event: 174.563 Thread 0x0000024e2f501080 15980       2       com.android.tools.r8.graph.J0::z0 (14 bytes)
Event: 174.564 Thread 0x0000024e2f501080 nmethod 15980 0x0000024e1b230310 code [0x0000024e1b2304a0, 0x0000024e1b2305e8]
Event: 174.570 Thread 0x0000024e2f501080 15981       2       com.android.tools.r8.dex.A::<init> (19 bytes)
Event: 174.571 Thread 0x0000024e2f501080 nmethod 15981 0x0000024e1ab08190 code [0x0000024e1ab08320, 0x0000024e1ab084d8]

GC Heap History (20 events):
Event: 150.766 GC heap after
{Heap after GC invocations=42 (full 0):
 garbage-first heap   total 211968K, used 117608K [0x0000000080000000, 0x0000000100000000)
  region size 1024K, 4 young (4096K), 4 survivors (4096K)
 Metaspace       used 104972K, committed 105856K, reserved 1146880K
  class space    used 14327K, committed 14720K, reserved 1048576K
}
Event: 157.163 GC heap before
{Heap before GC invocations=42 (full 0):
 garbage-first heap   total 211968K, used 179048K [0x0000000080000000, 0x0000000100000000)
  region size 1024K, 60 young (61440K), 4 survivors (4096K)
 Metaspace       used 109046K, committed 110016K, reserved 1146880K
  class space    used 15012K, committed 15488K, reserved 1048576K
}
Event: 157.200 GC heap after
{Heap after GC invocations=43 (full 0):
 garbage-first heap   total 211968K, used 130506K [0x0000000080000000, 0x0000000100000000)
  region size 1024K, 8 young (8192K), 8 survivors (8192K)
 Metaspace       used 109046K, committed 110016K, reserved 1146880K
  class space    used 15012K, committed 15488K, reserved 1048576K
}
Event: 158.965 GC heap before
{Heap before GC invocations=43 (full 0):
 garbage-first heap   total 211968K, used 160202K [0x0000000080000000, 0x0000000100000000)
  region size 1024K, 28 young (28672K), 8 survivors (8192K)
 Metaspace       used 114147K, committed 115072K, reserved 1155072K
  class space    used 15491K, committed 15936K, reserved 1048576K
}
Event: 159.001 GC heap after
{Heap after GC invocations=44 (full 0):
 garbage-first heap   total 211968K, used 134760K [0x0000000080000000, 0x0000000100000000)
  region size 1024K, 2 young (2048K), 2 survivors (2048K)
 Metaspace       used 114147K, committed 115072K, reserved 1155072K
  class space    used 15491K, committed 15936K, reserved 1048576K
}
Event: 159.057 GC heap before
{Heap before GC invocations=44 (full 0):
 garbage-first heap   total 211968K, used 145000K [0x0000000080000000, 0x0000000100000000)
  region size 1024K, 3 young (3072K), 2 survivors (2048K)
 Metaspace       used 114147K, committed 115072K, reserved 1155072K
  class space    used 15491K, committed 15936K, reserved 1048576K
}
Event: 159.064 GC heap after
{Heap after GC invocations=45 (full 0):
 garbage-first heap   total 211968K, used 134224K [0x0000000080000000, 0x0000000100000000)
  region size 1024K, 2 young (2048K), 2 survivors (2048K)
 Metaspace       used 114147K, committed 115072K, reserved 1155072K
  class space    used 15491K, committed 15936K, reserved 1048576K
}
Event: 159.095 GC heap before
{Heap before GC invocations=45 (full 0):
 garbage-first heap   total 211968K, used 142416K [0x0000000080000000, 0x0000000100000000)
  region size 1024K, 3 young (3072K), 2 survivors (2048K)
 Metaspace       used 114147K, committed 115072K, reserved 1155072K
  class space    used 15491K, committed 15936K, reserved 1048576K
}
Event: 159.108 GC heap after
{Heap after GC invocations=46 (full 0):
 garbage-first heap   total 254976K, used 134223K [0x0000000080000000, 0x0000000100000000)
  region size 1024K, 2 young (2048K), 2 survivors (2048K)
 Metaspace       used 114147K, committed 115072K, reserved 1155072K
  class space    used 15491K, committed 15936K, reserved 1048576K
}
Event: 165.399 GC heap before
{Heap before GC invocations=46 (full 0):
 garbage-first heap   total 254976K, used 214095K [0x0000000080000000, 0x0000000100000000)
  region size 1024K, 76 young (77824K), 2 survivors (2048K)
 Metaspace       used 126039K, committed 126976K, reserved 1163264K
  class space    used 16884K, committed 17344K, reserved 1048576K
}
Event: 165.425 GC heap after
{Heap after GC invocations=47 (full 0):
 garbage-first heap   total 254976K, used 135919K [0x0000000080000000, 0x0000000100000000)
  region size 1024K, 6 young (6144K), 6 survivors (6144K)
 Metaspace       used 126039K, committed 126976K, reserved 1163264K
  class space    used 16884K, committed 17344K, reserved 1048576K
}
Event: 165.491 GC heap before
{Heap before GC invocations=47 (full 0):
 garbage-first heap   total 254976K, used 150255K [0x0000000080000000, 0x0000000100000000)
  region size 1024K, 10 young (10240K), 6 survivors (6144K)
 Metaspace       used 126303K, committed 127296K, reserved 1163264K
  class space    used 16907K, committed 17408K, reserved 1048576K
}
Event: 165.512 GC heap after
{Heap after GC invocations=48 (full 0):
 garbage-first heap   total 254976K, used 149934K [0x0000000080000000, 0x0000000100000000)
  region size 1024K, 7 young (7168K), 7 survivors (7168K)
 Metaspace       used 126303K, committed 127296K, reserved 1163264K
  class space    used 16907K, committed 17408K, reserved 1048576K
}
Event: 165.515 GC heap before
{Heap before GC invocations=48 (full 0):
 garbage-first heap   total 254976K, used 153006K [0x0000000080000000, 0x0000000100000000)
  region size 1024K, 8 young (8192K), 7 survivors (7168K)
 Metaspace       used 126304K, committed 127296K, reserved 1163264K
  class space    used 16907K, committed 17408K, reserved 1048576K
}
Event: 165.531 GC heap after
{Heap after GC invocations=49 (full 0):
 garbage-first heap   total 254976K, used 153290K [0x0000000080000000, 0x0000000100000000)
  region size 1024K, 2 young (2048K), 2 survivors (2048K)
 Metaspace       used 126304K, committed 127296K, reserved 1163264K
  class space    used 16907K, committed 17408K, reserved 1048576K
}
Event: 170.224 GC heap before
{Heap before GC invocations=50 (full 0):
 garbage-first heap   total 307200K, used 243402K [0x0000000080000000, 0x0000000100000000)
  region size 1024K, 64 young (65536K), 2 survivors (2048K)
 Metaspace       used 127598K, committed 128576K, reserved 1163264K
  class space    used 17050K, committed 17536K, reserved 1048576K
}
Event: 170.339 GC heap after
{Heap after GC invocations=51 (full 0):
 garbage-first heap   total 307200K, used 182847K [0x0000000080000000, 0x0000000100000000)
  region size 1024K, 8 young (8192K), 8 survivors (8192K)
 Metaspace       used 127598K, committed 128576K, reserved 1163264K
  class space    used 17050K, committed 17536K, reserved 1048576K
}
Event: 170.917 GC heap before
{Heap before GC invocations=51 (full 0):
 garbage-first heap   total 307200K, used 190015K [0x0000000080000000, 0x0000000100000000)
  region size 1024K, 15 young (15360K), 8 survivors (8192K)
 Metaspace       used 128519K, committed 129536K, reserved 1163264K
  class space    used 17291K, committed 17792K, reserved 1048576K
}
Event: 170.981 GC heap after
{Heap after GC invocations=52 (full 0):
 garbage-first heap   total 307200K, used 183285K [0x0000000080000000, 0x0000000100000000)
  region size 1024K, 2 young (2048K), 2 survivors (2048K)
 Metaspace       used 128519K, committed 129536K, reserved 1163264K
  class space    used 17291K, committed 17792K, reserved 1048576K
}
Event: 174.613 GC heap before
{Heap before GC invocations=52 (full 0):
 garbage-first heap   total 307200K, used 242677K [0x0000000080000000, 0x0000000100000000)
  region size 1024K, 61 young (62464K), 2 survivors (2048K)
 Metaspace       used 130994K, committed 132032K, reserved 1163264K
  class space    used 17948K, committed 18432K, reserved 1048576K
}

Deoptimization events (20 events):
Event: 174.447 Thread 0x0000024e3260bdb0 DEOPT PACKING pc=0x0000024e1b8a4f75 sp=0x000000d3677fecf0
Event: 174.447 Thread 0x0000024e3260bdb0 DEOPT UNPACKING pc=0x0000024e19962b24 sp=0x000000d3677fe290 mode 0
Event: 174.453 Thread 0x0000024e3260bdb0 DEOPT PACKING pc=0x0000024e1b8a4f75 sp=0x000000d3677fecf0
Event: 174.453 Thread 0x0000024e3260bdb0 DEOPT UNPACKING pc=0x0000024e19962b24 sp=0x000000d3677fe290 mode 0
Event: 174.569 Thread 0x0000024e3260bdb0 Uncommon trap: trap_request=0xffffffbe fr.pc=0x0000024e21c66bec relative=0x0000000000006bec
Event: 174.569 Thread 0x0000024e3260bdb0 Uncommon trap: reason=profile_predicate action=maybe_recompile pc=0x0000024e21c66bec method=com.android.tools.r8.dex.B.a(I[Lcom/android/tools/r8/graph/g2;[Lcom/android/tools/r8/graph/h2;Z)[Lcom/android/tools/r8/graph/W0; @ 643 c2
Event: 174.569 Thread 0x0000024e3260bdb0 DEOPT PACKING pc=0x0000024e21c66bec sp=0x000000d3677fedd0
Event: 174.569 Thread 0x0000024e3260bdb0 DEOPT UNPACKING pc=0x0000024e1996239d sp=0x000000d3677fed90 mode 2
Event: 174.569 Thread 0x0000024e3260bdb0 Uncommon trap: trap_request=0xffffffbe fr.pc=0x0000024e21c66bec relative=0x0000000000006bec
Event: 174.569 Thread 0x0000024e3260bdb0 Uncommon trap: reason=profile_predicate action=maybe_recompile pc=0x0000024e21c66bec method=com.android.tools.r8.dex.B.a(I[Lcom/android/tools/r8/graph/g2;[Lcom/android/tools/r8/graph/h2;Z)[Lcom/android/tools/r8/graph/W0; @ 643 c2
Event: 174.569 Thread 0x0000024e3260bdb0 DEOPT PACKING pc=0x0000024e21c66bec sp=0x000000d3677fedd0
Event: 174.569 Thread 0x0000024e3260bdb0 DEOPT UNPACKING pc=0x0000024e1996239d sp=0x000000d3677fed90 mode 2
Event: 174.569 Thread 0x0000024e3260bdb0 Uncommon trap: trap_request=0xffffffbe fr.pc=0x0000024e21c66bec relative=0x0000000000006bec
Event: 174.569 Thread 0x0000024e3260bdb0 Uncommon trap: reason=profile_predicate action=maybe_recompile pc=0x0000024e21c66bec method=com.android.tools.r8.dex.B.a(I[Lcom/android/tools/r8/graph/g2;[Lcom/android/tools/r8/graph/h2;Z)[Lcom/android/tools/r8/graph/W0; @ 643 c2
Event: 174.569 Thread 0x0000024e3260bdb0 DEOPT PACKING pc=0x0000024e21c66bec sp=0x000000d3677fedc0
Event: 174.569 Thread 0x0000024e3260bdb0 DEOPT UNPACKING pc=0x0000024e1996239d sp=0x000000d3677fed80 mode 2
Event: 174.579 Thread 0x0000024e3260bdb0 Uncommon trap: trap_request=0xffffffbe fr.pc=0x0000024e21c56a14 relative=0x00000000000066d4
Event: 174.579 Thread 0x0000024e3260bdb0 Uncommon trap: reason=profile_predicate action=maybe_recompile pc=0x0000024e21c56a14 method=com.android.tools.r8.dex.B.a(I[Lcom/android/tools/r8/graph/g2;[Lcom/android/tools/r8/graph/h2;Z)[Lcom/android/tools/r8/graph/W0; @ 643 c2
Event: 174.579 Thread 0x0000024e3260bdb0 DEOPT PACKING pc=0x0000024e21c56a14 sp=0x000000d3677fedc0
Event: 174.579 Thread 0x0000024e3260bdb0 DEOPT UNPACKING pc=0x0000024e1996239d sp=0x000000d3677fed90 mode 2

Classes unloaded (0 events):
No events

Classes redefined (0 events):
No events

Internal exceptions (20 events):
Event: 164.768 Thread 0x0000024e3260aa70 Exception <a 'sun/nio/fs/WindowsException'{0x000000008b490960}> (0x000000008b490960) 
thrown [d:\a\1\s\lookaside\java-17-openjdk\src\hotspot\share\prims\jni.cpp, line 516]
Event: 164.768 Thread 0x0000024e3260aa70 Exception <a 'sun/nio/fs/WindowsException'{0x000000008b490d50}> (0x000000008b490d50) 
thrown [d:\a\1\s\lookaside\java-17-openjdk\src\hotspot\share\prims\jni.cpp, line 516]
Event: 165.389 Thread 0x0000024e31195e40 Exception <a 'sun/nio/fs/WindowsException'{0x000000008ab52728}> (0x000000008ab52728) 
thrown [d:\a\1\s\lookaside\java-17-openjdk\src\hotspot\share\prims\jni.cpp, line 516]
Event: 165.391 Thread 0x0000024e31195e40 Exception <a 'sun/nio/fs/WindowsException'{0x000000008ab57018}> (0x000000008ab57018) 
thrown [d:\a\1\s\lookaside\java-17-openjdk\src\hotspot\share\prims\jni.cpp, line 516]
Event: 165.392 Thread 0x0000024e31195e40 Exception <a 'sun/nio/fs/WindowsException'{0x000000008ab57730}> (0x000000008ab57730) 
thrown [d:\a\1\s\lookaside\java-17-openjdk\src\hotspot\share\prims\jni.cpp, line 516]
Event: 165.476 Thread 0x0000024e3260da90 Exception <a 'sun/nio/fs/WindowsException'{0x000000008f69b508}> (0x000000008f69b508) 
thrown [d:\a\1\s\lookaside\java-17-openjdk\src\hotspot\share\prims\jni.cpp, line 516]
Event: 169.062 Thread 0x0000024e31195e40 Exception <a 'sun/nio/fs/WindowsException'{0x00000000901ce0f8}> (0x00000000901ce0f8) 
thrown [d:\a\1\s\lookaside\java-17-openjdk\src\hotspot\share\prims\jni.cpp, line 516]
Event: 169.063 Thread 0x0000024e31195e40 Exception <a 'sun/nio/fs/WindowsException'{0x00000000901cecc0}> (0x00000000901cecc0) 
thrown [d:\a\1\s\lookaside\java-17-openjdk\src\hotspot\share\prims\jni.cpp, line 516]
Event: 169.063 Thread 0x0000024e31195e40 Exception <a 'sun/nio/fs/WindowsException'{0x00000000901cf880}> (0x00000000901cf880) 
thrown [d:\a\1\s\lookaside\java-17-openjdk\src\hotspot\share\prims\jni.cpp, line 516]
Event: 169.064 Thread 0x0000024e31195e40 Exception <a 'sun/nio/fs/WindowsException'{0x00000000901d04c8}> (0x00000000901d04c8) 
thrown [d:\a\1\s\lookaside\java-17-openjdk\src\hotspot\share\prims\jni.cpp, line 516]
Event: 169.078 Thread 0x0000024e31195e40 Exception <a 'sun/nio/fs/WindowsException'{0x00000000901f5880}> (0x00000000901f5880) 
thrown [d:\a\1\s\lookaside\java-17-openjdk\src\hotspot\share\prims\jni.cpp, line 516]
Event: 169.079 Thread 0x0000024e31195e40 Exception <a 'sun/nio/fs/WindowsException'{0x00000000901f65c8}> (0x00000000901f65c8) 
thrown [d:\a\1\s\lookaside\java-17-openjdk\src\hotspot\share\prims\jni.cpp, line 516]
Event: 169.443 Thread 0x0000024e31195e40 Exception <a 'sun/nio/fs/WindowsException'{0x00000000901f7e68}> (0x00000000901f7e68) 
thrown [d:\a\1\s\lookaside\java-17-openjdk\src\hotspot\share\prims\jni.cpp, line 516]
Event: 169.444 Thread 0x0000024e31195e40 Exception <a 'sun/nio/fs/WindowsException'{0x00000000901f96a0}> (0x00000000901f96a0) 
thrown [d:\a\1\s\lookaside\java-17-openjdk\src\hotspot\share\prims\jni.cpp, line 516]
Event: 169.446 Thread 0x0000024e31195e40 Exception <a 'sun/nio/fs/WindowsException'{0x00000000901fb3a8}> (0x00000000901fb3a8) 
thrown [d:\a\1\s\lookaside\java-17-openjdk\src\hotspot\share\prims\jni.cpp, line 516]
Event: 169.447 Thread 0x0000024e31195e40 Exception <a 'sun/nio/fs/WindowsException'{0x00000000901fc558}> (0x00000000901fc558) 
thrown [d:\a\1\s\lookaside\java-17-openjdk\src\hotspot\share\prims\jni.cpp, line 516]
Event: 169.447 Thread 0x0000024e31195e40 Exception <a 'sun/nio/fs/WindowsException'{0x00000000901fd3b8}> (0x00000000901fd3b8) 
thrown [d:\a\1\s\lookaside\java-17-openjdk\src\hotspot\share\prims\jni.cpp, line 516]
Event: 169.448 Thread 0x0000024e31195e40 Exception <a 'sun/nio/fs/WindowsException'{0x00000000901fe318}> (0x00000000901fe318) 
thrown [d:\a\1\s\lookaside\java-17-openjdk\src\hotspot\share\prims\jni.cpp, line 516]
Event: 169.448 Thread 0x0000024e31195e40 Exception <a 'sun/nio/fs/WindowsException'{0x00000000901ff308}> (0x00000000901ff308) 
thrown [d:\a\1\s\lookaside\java-17-openjdk\src\hotspot\share\prims\jni.cpp, line 516]
Event: 169.449 Thread 0x0000024e31195e40 Exception <a 'sun/nio/fs/WindowsException'{0x000000008fabf2c0}> (0x000000008fabf2c0) 
thrown [d:\a\1\s\lookaside\java-17-openjdk\src\hotspot\share\prims\jni.cpp, line 516]

VM Operations (20 events):
Event: 169.707 Executing VM operation: HandshakeAllThreads done
Event: 170.224 Executing VM operation: G1CollectForAllocation
Event: 170.393 Executing VM operation: G1CollectForAllocation done
Event: 170.717 Executing VM operation: HandshakeAllThreads
Event: 170.746 Executing VM operation: HandshakeAllThreads done
Event: 170.916 Executing VM operation: G1CollectForAllocation
Event: 170.987 Executing VM operation: G1CollectForAllocation done
Event: 171.478 Executing VM operation: ICBufferFull
Event: 171.568 Executing VM operation: ICBufferFull done
Event: 172.131 Executing VM operation: HandshakeAllThreads
Event: 172.947 Executing VM operation: HandshakeAllThreads done
Event: 172.949 Executing VM operation: Cleanup
Event: 173.060 Executing VM operation: Cleanup done
Event: 173.347 Executing VM operation: HandshakeAllThreads
Event: 173.368 Executing VM operation: HandshakeAllThreads done
Event: 173.820 Executing VM operation: ICBufferFull
Event: 173.820 Executing VM operation: ICBufferFull done
Event: 174.360 Executing VM operation: ICBufferFull
Event: 174.384 Executing VM operation: ICBufferFull done
Event: 174.606 Executing VM operation: G1CollectForAllocation

Events (20 events):
Event: 173.399 Thread 0x0000024e2f52ff10 flushing nmethod 0x0000024e1b82b310
Event: 173.399 Thread 0x0000024e2f52ff10 flushing nmethod 0x0000024e1b82b810
Event: 173.399 Thread 0x0000024e2f52ff10 flushing nmethod 0x0000024e1b82c110
Event: 173.399 Thread 0x0000024e2f52ff10 flushing nmethod 0x0000024e1b82cc10
Event: 173.399 Thread 0x0000024e2f52ff10 flushing nmethod 0x0000024e1b82d410
Event: 173.399 Thread 0x0000024e2f52ff10 flushing nmethod 0x0000024e1b82d810
Event: 173.399 Thread 0x0000024e2f52ff10 flushing nmethod 0x0000024e1b82e110
Event: 173.399 Thread 0x0000024e2f52ff10 flushing nmethod 0x0000024e1b82e890
Event: 173.400 Thread 0x0000024e2f52ff10 flushing nmethod 0x0000024e1b836110
Event: 173.400 Thread 0x0000024e2f52ff10 flushing nmethod 0x0000024e1b837c10
Event: 173.400 Thread 0x0000024e2f52ff10 flushing nmethod 0x0000024e1b838210
Event: 173.400 Thread 0x0000024e2f52ff10 flushing nmethod 0x0000024e1b838890
Event: 173.400 Thread 0x0000024e2f52ff10 flushing nmethod 0x0000024e1b839610
Event: 173.400 Thread 0x0000024e2f52ff10 flushing nmethod 0x0000024e1b839e10
Event: 173.400 Thread 0x0000024e2f52ff10 flushing nmethod 0x0000024e1b83b410
Event: 173.400 Thread 0x0000024e2f52ff10 flushing nmethod 0x0000024e1b83b810
Event: 173.400 Thread 0x0000024e2f52ff10 flushing nmethod 0x0000024e1b864590
Event: 173.400 Thread 0x0000024e2f52ff10 flushing nmethod 0x0000024e1b865b90
Event: 173.400 Thread 0x0000024e2f52ff10 flushing nmethod 0x0000024e1b866a10
Event: 173.400 Thread 0x0000024e2f52ff10 flushing nmethod 0x0000024e1b893890


Dynamic libraries:
0x00007ff63e280000 - 0x00007ff63e2a1000 	D:\java\ojdkbuild\java-17-openjdk-17.0.3.0.6-1\bin\java.exe
0x00007ffb6f4d0000 - 0x00007ffb6f6e7000 	C:\Windows\SYSTEM32\ntdll.dll
0x00007ffb6dc80000 - 0x00007ffb6dd44000 	C:\Windows\System32\KERNEL32.DLL
0x00007ffb6ce00000 - 0x00007ffb6d1a6000 	C:\Windows\System32\KERNELBASE.dll
0x00007ffb6c960000 - 0x00007ffb6ca71000 	C:\Windows\System32\ucrtbase.dll
0x00007ffb57270000 - 0x00007ffb5728b000 	D:\java\ojdkbuild\java-17-openjdk-17.0.3.0.6-1\bin\VCRUNTIME140.dll
0x00007ffb588c0000 - 0x00007ffb588d8000 	D:\java\ojdkbuild\java-17-openjdk-17.0.3.0.6-1\bin\jli.dll
0x00007ffb6dd50000 - 0x00007ffb6defe000 	C:\Windows\System32\USER32.dll
0x00007ffb6c930000 - 0x00007ffb6c956000 	C:\Windows\System32\win32u.dll
0x00007ffb50500000 - 0x00007ffb50793000 	C:\Windows\WinSxS\amd64_microsoft.windows.common-controls_6595b64144ccf1df_6.0.22621.2506_none_270c5ae97388e100\COMCTL32.dll
0x00007ffb6df00000 - 0x00007ffb6df29000 	C:\Windows\System32\GDI32.dll
0x00007ffb6d450000 - 0x00007ffb6d4f7000 	C:\Windows\System32\msvcrt.dll
0x00007ffb6c810000 - 0x00007ffb6c928000 	C:\Windows\System32\gdi32full.dll
0x00007ffb6cce0000 - 0x00007ffb6cd7a000 	C:\Windows\System32\msvcp_win.dll
0x00007ffb6f450000 - 0x00007ffb6f481000 	C:\Windows\System32\IMM32.DLL
0x00007ffb5acf0000 - 0x00007ffb5acfc000 	D:\java\ojdkbuild\java-17-openjdk-17.0.3.0.6-1\bin\vcruntime140_1.dll
0x00007ffb2a320000 - 0x00007ffb2a3ad000 	D:\java\ojdkbuild\java-17-openjdk-17.0.3.0.6-1\bin\msvcp140.dll
0x00007ffb15a80000 - 0x00007ffb166df000 	D:\java\ojdkbuild\java-17-openjdk-17.0.3.0.6-1\bin\server\jvm.dll
0x00007ffb6eb20000 - 0x00007ffb6ebd3000 	C:\Windows\System32\ADVAPI32.dll
0x00007ffb6d9f0000 - 0x00007ffb6da98000 	C:\Windows\System32\sechost.dll
0x00007ffb6ccb0000 - 0x00007ffb6ccd8000 	C:\Windows\System32\bcrypt.dll
0x00007ffb6dfc0000 - 0x00007ffb6e0d7000 	C:\Windows\System32\RPCRT4.dll
0x00007ffb6db70000 - 0x00007ffb6db78000 	C:\Windows\System32\PSAPI.DLL
0x00007ffb50910000 - 0x00007ffb50919000 	C:\Windows\SYSTEM32\WSOCK32.dll
0x00007ffb6ee40000 - 0x00007ffb6eeb1000 	C:\Windows\System32\WS2_32.dll
0x00007ffb5ac00000 - 0x00007ffb5ac34000 	C:\Windows\SYSTEM32\WINMM.dll
0x00007ffb59430000 - 0x00007ffb5943a000 	C:\Windows\SYSTEM32\VERSION.dll
0x00007ffb6b900000 - 0x00007ffb6b918000 	C:\Windows\SYSTEM32\kernel.appcore.dll
0x00007ffb588b0000 - 0x00007ffb588ba000 	D:\java\ojdkbuild\java-17-openjdk-17.0.3.0.6-1\bin\jimage.dll
0x00007ffb6a2c0000 - 0x00007ffb6a4f3000 	C:\Windows\SYSTEM32\DBGHELP.DLL
0x00007ffb6ef20000 - 0x00007ffb6f2a9000 	C:\Windows\System32\combase.dll
0x00007ffb6d220000 - 0x00007ffb6d2f7000 	C:\Windows\System32\OLEAUT32.dll
0x00007ffb57670000 - 0x00007ffb576a2000 	C:\Windows\SYSTEM32\dbgcore.DLL
0x00007ffb6cd80000 - 0x00007ffb6cdfa000 	C:\Windows\System32\bcryptPrimitives.dll
0x00007ffb4ca80000 - 0x00007ffb4caa5000 	D:\java\ojdkbuild\java-17-openjdk-17.0.3.0.6-1\bin\java.dll
0x00007ffb2a240000 - 0x00007ffb2a317000 	D:\java\ojdkbuild\java-17-openjdk-17.0.3.0.6-1\bin\jsvml.dll
0x00007ffb6e0e0000 - 0x00007ffb6e93b000 	C:\Windows\System32\SHELL32.dll
0x00007ffb6a730000 - 0x00007ffb6b026000 	C:\Windows\SYSTEM32\windows.storage.dll
0x00007ffb6a5f0000 - 0x00007ffb6a72e000 	C:\Windows\SYSTEM32\wintypes.dll
0x00007ffb6ed40000 - 0x00007ffb6ee33000 	C:\Windows\System32\SHCORE.dll
0x00007ffb6d980000 - 0x00007ffb6d9de000 	C:\Windows\System32\shlwapi.dll
0x00007ffb6c740000 - 0x00007ffb6c766000 	C:\Windows\SYSTEM32\profapi.dll
0x00007ffb544d0000 - 0x00007ffb544e9000 	D:\java\ojdkbuild\java-17-openjdk-17.0.3.0.6-1\bin\net.dll
0x00007ffb5d390000 - 0x00007ffb5d4c7000 	C:\Windows\SYSTEM32\WINHTTP.dll
0x00007ffb6bd70000 - 0x00007ffb6bdd9000 	C:\Windows\system32\mswsock.dll
0x00007ffb4fcf0000 - 0x00007ffb4fd06000 	D:\java\ojdkbuild\java-17-openjdk-17.0.3.0.6-1\bin\nio.dll
0x00007ffb4fa70000 - 0x00007ffb4fa88000 	D:\java\ojdkbuild\java-17-openjdk-17.0.3.0.6-1\bin\zip.dll
0x00007ffb54480000 - 0x00007ffb54490000 	D:\java\ojdkbuild\java-17-openjdk-17.0.3.0.6-1\bin\verify.dll
0x00007ffb4bef0000 - 0x00007ffb4bf17000 	C:\Users\11218\.gradle\native\68d5fa5c4cc2d200863cafc0d521ce42e7d3e7ee720ec0a83991735586a16f82\windows-amd64\native-platform.dll
0x00007ffb29560000 - 0x00007ffb296a4000 	C:\Users\11218\.gradle\native\e376f236ea51e6404a007f0833ffe2c6e607c4080706a723a18a27aeea778392\windows-amd64\native-platform-file-events.dll
0x00007ffb54420000 - 0x00007ffb54429000 	D:\java\ojdkbuild\java-17-openjdk-17.0.3.0.6-1\bin\management.dll
0x00007ffb4fa40000 - 0x00007ffb4fa4b000 	D:\java\ojdkbuild\java-17-openjdk-17.0.3.0.6-1\bin\management_ext.dll
0x00007ffb6c0c0000 - 0x00007ffb6c0db000 	C:\Windows\SYSTEM32\CRYPTSP.dll
0x00007ffb6b860000 - 0x00007ffb6b895000 	C:\Windows\system32\rsaenh.dll
0x00007ffb6be10000 - 0x00007ffb6be3c000 	C:\Windows\SYSTEM32\USERENV.dll
0x00007ffb6c0a0000 - 0x00007ffb6c0ac000 	C:\Windows\SYSTEM32\CRYPTBASE.dll
0x00007ffb6b390000 - 0x00007ffb6b3bd000 	C:\Windows\SYSTEM32\IPHLPAPI.DLL
0x00007ffb6df30000 - 0x00007ffb6df39000 	C:\Windows\System32\NSI.dll
0x00007ffb63750000 - 0x00007ffb63769000 	C:\Windows\SYSTEM32\dhcpcsvc6.DLL
0x00007ffb5d370000 - 0x00007ffb5d38f000 	C:\Windows\SYSTEM32\dhcpcsvc.DLL
0x00007ffb6b3c0000 - 0x00007ffb6b4b9000 	C:\Windows\SYSTEM32\DNSAPI.dll
0x00007ffb4f6f0000 - 0x00007ffb4f6fd000 	D:\java\ojdkbuild\java-17-openjdk-17.0.3.0.6-1\bin\sunmscapi.dll
0x00007ffb6cb40000 - 0x00007ffb6cca6000 	C:\Windows\System32\CRYPT32.dll
0x00007ffb6c1d0000 - 0x00007ffb6c1fe000 	C:\Windows\SYSTEM32\ncrypt.dll
0x00007ffb6c190000 - 0x00007ffb6c1c7000 	C:\Windows\SYSTEM32\NTASN1.dll
0x00007ffb4f6e0000 - 0x00007ffb4f6e8000 	C:\Windows\system32\wshunix.dll
0x00007ffb4f450000 - 0x00007ffb4f467000 	C:\Windows\system32\napinsp.dll
0x00007ffb4f430000 - 0x00007ffb4f44b000 	C:\Windows\system32\pnrpnsp.dll
0x00007ffb4f410000 - 0x00007ffb4f421000 	C:\Windows\System32\winrnr.dll
0x00007ffb59b60000 - 0x00007ffb59b75000 	C:\Windows\system32\wshbth.dll
0x00007ffb4f3e0000 - 0x00007ffb4f401000 	C:\Windows\system32\nlansp_c.dll
0x00007ffb595a0000 - 0x00007ffb595aa000 	C:\Windows\System32\rasadhlp.dll
0x00007ffb59440000 - 0x00007ffb594c3000 	C:\Windows\System32\fwpuclnt.dll
0x00007ffb57f20000 - 0x00007ffb57f3e000 	C:\Users\11218\AppData\Local\temp\native-platform7724304617707573326dir\native-platform.dll
0x00007ffb57f10000 - 0x00007ffb57f17000 	D:\java\ojdkbuild\java-17-openjdk-17.0.3.0.6-1\bin\rmi.dll

dbghelp: loaded successfully - version: 4.0.5 - missing functions: none
symbol engine: initialized successfully - sym options: 0x614 - pdb path: .;D:\java\ojdkbuild\java-17-openjdk-17.0.3.0.6-1\bin;C:\Windows\SYSTEM32;C:\Windows\WinSxS\amd64_microsoft.windows.common-controls_6595b64144ccf1df_6.0.22621.2506_none_270c5ae97388e100;D:\java\ojdkbuild\java-17-openjdk-17.0.3.0.6-1\bin\server;C:\Users\11218\.gradle\native\68d5fa5c4cc2d200863cafc0d521ce42e7d3e7ee720ec0a83991735586a16f82\windows-amd64;C:\Users\11218\.gradle\native\e376f236ea51e6404a007f0833ffe2c6e607c4080706a723a18a27aeea778392\windows-amd64;C:\Users\11218\AppData\Local\temp\native-platform7724304617707573326dir

VM Arguments:
jvm_args: --add-opens=java.base/java.util=ALL-UNNAMED --add-opens=java.base/java.lang=ALL-UNNAMED --add-opens=java.base/java.lang.invoke=ALL-UNNAMED --add-opens=java.prefs/java.util.prefs=ALL-UNNAMED --add-opens=java.base/java.nio.charset=ALL-UNNAMED --add-opens=java.base/java.net=ALL-UNNAMED --add-opens=java.base/java.util.concurrent.atomic=ALL-UNNAMED -Xmx2048m -Dfile.encoding=UTF-8 -Duser.country=CN -Duser.language=zh -Duser.variant 
java_command: org.gradle.launcher.daemon.bootstrap.GradleDaemon 8.0
java_class_path (initial): C:\Users\11218\.gradle\wrapper\dists\gradle-8.0-all\a2o1xoguejy6msdh0lk99lxza\gradle-8.0\lib\gradle-launcher-8.0.jar
Launcher Type: SUN_STANDARD

[Global flags]
     intx CICompilerCount                          = 2                                         {product} {ergonomic}
     uint ConcGCThreads                            = 1                                         {product} {ergonomic}
     uint G1ConcRefinementThreads                  = 2                                         {product} {ergonomic}
   size_t G1HeapRegionSize                         = 1048576                                   {product} {ergonomic}
    uintx GCDrainStackTargetSize                   = 64                                        {product} {ergonomic}
   size_t InitialHeapSize                          = 132120576                                 {product} {ergonomic}
   size_t MarkStackSize                            = 4194304                                   {product} {ergonomic}
   size_t MaxHeapSize                              = 2147483648                                {product} {command line}
   size_t MaxNewSize                               = 1287651328                                {product} {ergonomic}
   size_t MinHeapDeltaBytes                        = 1048576                                   {product} {ergonomic}
   size_t MinHeapSize                              = 8388608                                   {product} {ergonomic}
    uintx NonNMethodCodeHeapSize                   = 5826188                                {pd product} {ergonomic}
    uintx NonProfiledCodeHeapSize                  = 122916026                              {pd product} {ergonomic}
    uintx ProfiledCodeHeapSize                     = 122916026                              {pd product} {ergonomic}
    uintx ReservedCodeCacheSize                    = 251658240                              {pd product} {ergonomic}
     bool SegmentedCodeCache                       = true                                      {product} {ergonomic}
   size_t SoftMaxHeapSize                          = 2147483648                             {manageable} {ergonomic}
     bool UseCompressedClassPointers               = true                           {product lp64_product} {ergonomic}
     bool UseCompressedOops                        = true                           {product lp64_product} {ergonomic}
     bool UseG1GC                                  = true                                      {product} {ergonomic}
     bool UseLargePagesIndividualAllocation        = false                                  {pd product} {ergonomic}

Logging:
Log output configuration:
 #0: stdout all=warning uptime,level,tags
 #1: stderr all=off uptime,level,tags

Environment Variables:
JAVA_HOME=D:\java\ojdkbuild\java-17-openjdk-17.0.3.0.6-1
CLASSPATH=D:\androidLearning\AndroidStudioProjects\serviceTest1\\gradle\wrapper\gradle-wrapper.jar
PATH=C:\Users\11218\miniconda3;C:\Users\11218\miniconda3\Library\mingw-w64\bin;C:\Users\11218\miniconda3\Library\usr\bin;C:\Users\11218\miniconda3\Library\bin;C:\Users\11218\miniconda3\Scripts;C:\Users\11218\miniconda3\bin;C:\Users\11218\miniconda3\condabin;C:\Windows\system32;C:\Windows;C:\Windows\System32\Wbem;C:\Windows\System32\WindowsPowerShell\v1.0;C:\Windows\System32\OpenSSH;D:\powershell\powershell7;d:\python3.11;C:\Program Files\WinRAR;C:\Program Files\Microsoft Office\root\Office16;C:\Program Files\PuTTY;C:\Users\11218\AppData\Local\Microsoft\WindowsApps;C:\Program Files\dotnet;D:\mytools\MinGit-2.11.1.mingit.prerelease.4-64-bit\cmd;D:\mytools\MinGit-2.11.1.mingit.prerelease.4-64-bit\usr\bin;D:\mytools\WiresharkPortable64\App\Wireshark;D:\MYTOOLS\SPSS1\JRE\bin;D:\myPython\goods;D:\mytools\SPSS1;C:\Users\11218\AppData\Roaming\nvda\addons\NVBox\globalPlugins\nvbox\adb;d:\java\ojdkbuild\java-17-openjdk-17.0.3.0.6-1.jre\bin;C:\Program Files\Docker\Docker\resources\bin;d:\java\ojdkbuild\java-17-openjdk-17.0.3.0.6-1\bin;D:\androidLearning\gradle\gradle-8.0\bin;D:\java\ojdkbuild\java-17-openjdk-17.0.3.0.6-1\bin;D:\java\ojdkbuild\java-17-openjdk-17.0.3.0.6-1.jre\bin;D:\java\ojdkbuild\java-17-openjdk-17.0.3.0.6-1.jre\bin\server;D:\ANDROIDLEARNING\REVERSE;C:\Users\11218\AppData\Local\Programs\Python\Python311;D:\myPython\NVSrC;C:\Users\11218\.gradle\wrapper\dists\gradle-8.0-all\a2o1xoguejy6msdh0lk99lxza\gradle-8.0\bin;D:\androidLearning\REVERSE\jadx\bin;D:\mypython\nvsrc\py-3-11-32\Scripts;D:\mypython\nvsrc\py-3-11-32;C:\Users\11218\AppData\Local\Programs\Python\Python311;C:\Users\11218\miniconda3;C:\Users\11218\miniconda3\Library\mingw-w64\bin;C:\Users\11218\miniconda3\Library\usr\bin;C:\Users\11218\miniconda3\Library\bin;C:\Users\11218\miniconda3\Scripts;C:\Users\11218\scoop\shims;C:\Users\11218\AppData\Local\Microsoft\WindowsApps;C:\Users\11218\AppData\Local\Programs\Microsoft VS Code\bin;D:\myPython\goods;C:\Users\11218\AppData\Local\Microsoft\WinGet\Links;C:\Users
USERNAME=Stranger
OS=Windows_NT
PROCESSOR_IDENTIFIER=Intel64 Family 6 Model 122 Stepping 8, GenuineIntel



---------------  S Y S T E M  ---------------

OS:
 Windows 11 , 64 bit Build 22621 (10.0.22621.3085)
OS uptime: 9 days 0:33 hours
Hyper-V role detected

CPU: total 2 (initial active 2) (2 cores per cpu, 1 threads per core) family 6 model 122 stepping 8 microcode 0x1a, cx8, cmov, fxsr, mmx, 3dnowpref, sse, sse2, sse3, ssse3, sse4.1, sse4.2, popcnt, tsc, tscinvbit, aes, erms, clmul, sha, clflush, clflushopt, hv

Memory: 4k page, system-wide physical 7995M (371M free)
TotalPageFile size 19418M (AvailPageFile size 52M)
current process WorkingSet (physical memory assigned to process): 501M, peak: 542M
current process commit charge ("private bytes"): 645M, peak: 945M

vm_info: OpenJDK 64-Bit Server VM (17.0.3+6-LTS) for windows-amd64 JRE (17.0.3+6-LTS), built on May  3 2022 21:26:56 by "" with MS VC++ 16.10 / 16.11 (VS2019)

END.
