#
# There is insufficient memory for the Java Runtime Environment to continue.
# Native memory allocation (malloc) failed to allocate 1471056 bytes for Chunk::new
# Possible reasons:
#   The system is out of physical RAM or swap space
#   The process is running with CompressedOops enabled, and the Java Heap may be blocking the growth of the native heap
# Possible solutions:
#   Reduce memory load on the system
#   Increase physical memory or swap space
#   Check if swap backing store is full
#   Decrease Java heap size (-Xmx/-Xms)
#   Decrease number of Java threads
#   Decrease Java thread stack sizes (-Xss)
#   Set larger code cache with -XX:ReservedCodeCacheSize=
#   JVM is running with Unscaled Compressed Oops mode in which the Java heap is
#     placed in the first 4GB address space. The Java Heap base address is the
#     maximum limit for the native heap growth. Please use -XX:HeapBaseMinAddress
#     to set the Java Heap base and to place the Java Heap above 4GB virtual address.
# This output file may be truncated or incomplete.
#
#  Out of Memory Error (arena.cpp:189), pid=32264, tid=20228
#
# JRE version: OpenJDK Runtime Environment 21.9 (17.0.3+6) (build 17.0.3+6-LTS)
# Java VM: OpenJDK 64-Bit Server VM 21.9 (17.0.3+6-LTS, mixed mode, sharing, tiered, compressed oops, compressed class ptrs, g1 gc, windows-amd64)
# No core dump will be written. Minidumps are not enabled by default on client versions of Windows
#

---------------  S U M M A R Y ------------

Command Line: --add-opens=java.base/java.util=ALL-UNNAMED --add-opens=java.base/java.lang=ALL-UNNAMED --add-opens=java.base/java.lang.invoke=ALL-UNNAMED --add-opens=java.prefs/java.util.prefs=ALL-UNNAMED --add-opens=java.base/java.nio.charset=ALL-UNNAMED --add-opens=java.base/java.net=ALL-UNNAMED --add-opens=java.base/java.util.concurrent.atomic=ALL-UNNAMED -Xmx2048m -Dfile.encoding=UTF-8 -Duser.country=CN -Duser.language=zh -Duser.variant org.gradle.launcher.daemon.bootstrap.GradleDaemon 8.0

Host: Intel(R) Celeron(R) N4020 CPU @ 1.10GHz, 2 cores, 7G,  Windows 11 , 64 bit Build 22621 (10.0.22621.3085)
Time: Mon Mar 18 00:24:40 2024  Windows 11 , 64 bit Build 22621 (10.0.22621.3085) elapsed time: 130.461772 seconds (0d 0h 2m 10s)

---------------  T H R E A D  ---------------

Current thread (0x000001dfffc58c50):  JavaThread "C2 CompilerThread0" daemon [_thread_in_native, id=20228, stack(0x000000cf2ac00000,0x000000cf2ad00000)]


Current CompileTask:
C2: 130461 14713 %     4       com.android.tools.r8.dex.B::a @ 316 (1021 bytes)

Stack: [0x000000cf2ac00000,0x000000cf2ad00000]
Native frames: (J=compiled Java code, j=interpreted, Vv=VM code, C=native code)
V  [jvm.dll+0x67720a]
V  [jvm.dll+0x832514]
V  [jvm.dll+0x833cbe]
V  [jvm.dll+0x834323]
V  [jvm.dll+0x245815]
V  [jvm.dll+0xabf1b]
V  [jvm.dll+0xac4ac]
V  [jvm.dll+0x3639b2]
V  [jvm.dll+0x32ded1]
V  [jvm.dll+0x32d37a]
V  [jvm.dll+0x218771]
V  [jvm.dll+0x217b91]
V  [jvm.dll+0x1a400d]
V  [jvm.dll+0x227508]
V  [jvm.dll+0x22565c]
V  [jvm.dll+0x7e7d5c]
V  [jvm.dll+0x7e230a]
V  [jvm.dll+0x676095]
C  [ucrtbase.dll+0x29363]
C  [KERNEL32.DLL+0x1257d]
C  [ntdll.dll+0x5aa58]


---------------  P R O C E S S  ---------------

Threads class SMR info:
_java_thread_list=0x000001df9d2fd810, length=69, elements={
0x000001dff352de40, 0x000001dfffc3a650, 0x000001dfffc3b4c0, 0x000001dfffc52810,
0x000001dfffc534e0, 0x000001dfffc53fa0, 0x000001dfffc57310, 0x000001dfffc58c50,
0x000001dfffc5d7a0, 0x000001dfffc5f980, 0x000001df938bacc0, 0x000001df938bf1b0,
0x000001df94b40460, 0x000001df94922ec0, 0x000001df94b61410, 0x000001df94856db0,
0x000001df950d3890, 0x000001df93c92440, 0x000001df94712030, 0x000001df94712500,
0x000001df94611ed0, 0x000001df946123a0, 0x000001df9460e9e0, 0x000001df9460fd20,
0x000001df94611060, 0x000001df9460eeb0, 0x000001df94610b90, 0x000001df94611530,
0x000001df9460f380, 0x000001df94611a00, 0x000001df9460f850, 0x000001df946101f0,
0x000001df94642a70, 0x000001df9463ff20, 0x000001df9463f580, 0x000001df946408c0,
0x000001df9463e240, 0x000001df94640d90, 0x000001df9463c560, 0x000001df94641260,
0x000001df9463d8a0, 0x000001df9463fa50, 0x000001df94641730, 0x000001df94641c00,
0x000001df9463ca30, 0x000001df946420d0, 0x000001df9463dd70, 0x000001df946425a0,
0x000001df94313bd0, 0x000001df94310210, 0x000001df9430eed0, 0x000001df9430f3a0,
0x000001df94312d60, 0x000001df94310bb0, 0x000001df9430f870, 0x000001df94311080,
0x000001df9430d1f0, 0x000001df9430e060, 0x000001df94312890, 0x000001df94311550,
0x000001df94311a20, 0x000001df9430e530, 0x000001df9463c090, 0x000001df9cbc3840,
0x000001df9ab67d90, 0x000001df9ab695a0, 0x000001df9ab68c00, 0x000001df9ab6a8e0,
0x000001df9ab69a70
}

Java Threads: ( => current thread )
  0x000001dff352de40 JavaThread "main" [_thread_blocked, id=32052, stack(0x000000cf29f00000,0x000000cf2a000000)]
  0x000001dfffc3a650 JavaThread "Reference Handler" daemon [_thread_blocked, id=3928, stack(0x000000cf2a600000,0x000000cf2a700000)]
  0x000001dfffc3b4c0 JavaThread "Finalizer" daemon [_thread_blocked, id=19068, stack(0x000000cf2a700000,0x000000cf2a800000)]
  0x000001dfffc52810 JavaThread "Signal Dispatcher" daemon [_thread_blocked, id=30020, stack(0x000000cf2a800000,0x000000cf2a900000)]
  0x000001dfffc534e0 JavaThread "Attach Listener" daemon [_thread_blocked, id=18668, stack(0x000000cf2a900000,0x000000cf2aa00000)]
  0x000001dfffc53fa0 JavaThread "Service Thread" daemon [_thread_blocked, id=32204, stack(0x000000cf2aa00000,0x000000cf2ab00000)]
  0x000001dfffc57310 JavaThread "Monitor Deflation Thread" daemon [_thread_blocked, id=1672, stack(0x000000cf2ab00000,0x000000cf2ac00000)]
=>0x000001dfffc58c50 JavaThread "C2 CompilerThread0" daemon [_thread_in_native, id=20228, stack(0x000000cf2ac00000,0x000000cf2ad00000)]
  0x000001dfffc5d7a0 JavaThread "C1 CompilerThread0" daemon [_thread_blocked, id=9496, stack(0x000000cf2ad00000,0x000000cf2ae00000)]
  0x000001dfffc5f980 JavaThread "Sweeper thread" daemon [_thread_blocked, id=7524, stack(0x000000cf2ae00000,0x000000cf2af00000)]
  0x000001df938bacc0 JavaThread "Common-Cleaner" daemon [_thread_blocked, id=28040, stack(0x000000cf2af00000,0x000000cf2b000000)]
  0x000001df938bf1b0 JavaThread "Notification Thread" daemon [_thread_blocked, id=8332, stack(0x000000cf2b000000,0x000000cf2b100000)]
  0x000001df94b40460 JavaThread "Daemon health stats" [_thread_blocked, id=19712, stack(0x000000cf2b300000,0x000000cf2b400000)]
  0x000001df94922ec0 JavaThread "Incoming local TCP Connector on port 55902" [_thread_in_native, id=14388, stack(0x000000cf2b400000,0x000000cf2b500000)]
  0x000001df94b61410 JavaThread "Daemon periodic checks" [_thread_blocked, id=31000, stack(0x000000cf2b500000,0x000000cf2b600000)]
  0x000001df94856db0 JavaThread "Daemon" [_thread_blocked, id=32452, stack(0x000000cf2b600000,0x000000cf2b700000)]
  0x000001df950d3890 JavaThread "Handler for socket connection from /127.0.0.1:55902 to /127.0.0.1:55903" [_thread_in_native, id=21112, stack(0x000000cf2b700000,0x000000cf2b800000)]
  0x000001df93c92440 JavaThread "Cancel handler" [_thread_blocked, id=31468, stack(0x000000cf2b800000,0x000000cf2b900000)]
  0x000001df94712030 JavaThread "Daemon worker" [_thread_blocked, id=26552, stack(0x000000cf2b900000,0x000000cf2ba00000)]
  0x000001df94712500 JavaThread "Asynchronous log dispatcher for DefaultDaemonConnection: socket connection from /127.0.0.1:55902 to /127.0.0.1:55903" [_thread_blocked, id=6844, stack(0x000000cf2ba00000,0x000000cf2bb00000)]
  0x000001df94611ed0 JavaThread "Stdin handler" [_thread_blocked, id=32164, stack(0x000000cf2bb00000,0x000000cf2bc00000)]
  0x000001df946123a0 JavaThread "Daemon client event forwarder" [_thread_blocked, id=28812, stack(0x000000cf2bc00000,0x000000cf2bd00000)]
  0x000001df9460e9e0 JavaThread "Cache worker for journal cache (C:\Users\11218\.gradle\caches\journal-1)" [_thread_blocked, id=2820, stack(0x000000cf2bd00000,0x000000cf2be00000)]
  0x000001df9460fd20 JavaThread "File lock request listener" [_thread_in_native, id=18996, stack(0x000000cf2be00000,0x000000cf2bf00000)]
  0x000001df94611060 JavaThread "Cache worker for file hash cache (C:\Users\11218\.gradle\caches\8.0\fileHashes)" [_thread_blocked, id=8700, stack(0x000000cf2bf00000,0x000000cf2c000000)]
  0x000001df9460eeb0 JavaThread "File watcher server" daemon [_thread_in_native, id=5636, stack(0x000000cf2c200000,0x000000cf2c300000)]
  0x000001df94610b90 JavaThread "File watcher consumer" daemon [_thread_blocked, id=9512, stack(0x000000cf2c300000,0x000000cf2c400000)]
  0x000001df94611530 JavaThread "Cache worker for checksums cache (D:\androidLearning\AndroidStudioProjects\serviceTest1\.gradle\8.0\checksums)" [_thread_blocked, id=11852, stack(0x000000cf2c400000,0x000000cf2c500000)]
  0x000001df9460f380 JavaThread "Cache worker for cache directory md-rule (C:\Users\11218\.gradle\caches\8.0\md-rule)" [_thread_blocked, id=14032, stack(0x000000cf2c500000,0x000000cf2c600000)]
  0x000001df94611a00 JavaThread "Cache worker for file content cache (C:\Users\11218\.gradle\caches\8.0\fileContent)" [_thread_blocked, id=29572, stack(0x000000cf2c600000,0x000000cf2c700000)]
  0x000001df9460f850 JavaThread "Cache worker for file hash cache (D:\androidLearning\AndroidStudioProjects\serviceTest1\.gradle\8.0\fileHashes)" [_thread_blocked, id=16228, stack(0x000000cf2c700000,0x000000cf2c800000)]
  0x000001df946101f0 JavaThread "Cache worker for cache directory md-supplier (C:\Users\11218\.gradle\caches\8.0\md-supplier)" [_thread_blocked, id=18268, stack(0x000000cf2c800000,0x000000cf2c900000)]
  0x000001df94642a70 JavaThread "Cache worker for execution history cache (C:\Users\11218\.gradle\caches\8.0\executionHistory)" [_thread_blocked, id=17532, stack(0x000000cf2ca00000,0x000000cf2cb00000)]
  0x000001df9463ff20 JavaThread "jar transforms" [_thread_blocked, id=11464, stack(0x000000cf2cb00000,0x000000cf2cc00000)]
  0x000001df9463f580 JavaThread "jar transforms Thread 2" [_thread_blocked, id=14544, stack(0x000000cf2cc00000,0x000000cf2cd00000)]
  0x000001df946408c0 JavaThread "Cache worker for kotlin-dsl (C:\Users\11218\.gradle\caches\8.0\kotlin-dsl)" [_thread_blocked, id=24960, stack(0x000000cf2cd00000,0x000000cf2ce00000)]
  0x000001df9463e240 JavaThread "Cache worker for dependencies-accessors (D:\androidLearning\AndroidStudioProjects\serviceTest1\.gradle\8.0\dependencies-accessors)" [_thread_blocked, id=32016, stack(0x000000cf2ce00000,0x000000cf2cf00000)]
  0x000001df94640d90 JavaThread "Cache worker for Build Output Cleanup Cache (D:\androidLearning\AndroidStudioProjects\serviceTest1\.gradle\buildOutputCleanup)" [_thread_blocked, id=32632, stack(0x000000cf2cf00000,0x000000cf2d000000)]
  0x000001df9463c560 JavaThread "Unconstrained build operations" [_thread_blocked, id=24440, stack(0x000000cf29d00000,0x000000cf29e00000)]
  0x000001df94641260 JavaThread "Unconstrained build operations Thread 2" [_thread_blocked, id=10800, stack(0x000000cf29e00000,0x000000cf29f00000)]
  0x000001df9463d8a0 JavaThread "Unconstrained build operations Thread 3" [_thread_blocked, id=27680, stack(0x000000cf2d100000,0x000000cf2d200000)]
  0x000001df9463fa50 JavaThread "Unconstrained build operations Thread 4" [_thread_blocked, id=28160, stack(0x000000cf2d200000,0x000000cf2d300000)]
  0x000001df94641730 JavaThread "Unconstrained build operations Thread 5" [_thread_blocked, id=17680, stack(0x000000cf2d300000,0x000000cf2d400000)]
  0x000001df94641c00 JavaThread "Unconstrained build operations Thread 6" [_thread_blocked, id=31896, stack(0x000000cf2d400000,0x000000cf2d500000)]
  0x000001df9463ca30 JavaThread "Unconstrained build operations Thread 7" [_thread_blocked, id=3956, stack(0x000000cf2d500000,0x000000cf2d600000)]
  0x000001df946420d0 JavaThread "Unconstrained build operations Thread 8" [_thread_blocked, id=10008, stack(0x000000cf2d600000,0x000000cf2d700000)]
  0x000001df9463dd70 JavaThread "Unconstrained build operations Thread 9" [_thread_blocked, id=23396, stack(0x000000cf2d700000,0x000000cf2d800000)]
  0x000001df946425a0 JavaThread "Unconstrained build operations Thread 10" [_thread_blocked, id=30672, stack(0x000000cf2d800000,0x000000cf2d900000)]
  0x000001df94313bd0 JavaThread "Unconstrained build operations Thread 11" [_thread_blocked, id=29588, stack(0x000000cf2d900000,0x000000cf2da00000)]
  0x000001df94310210 JavaThread "Unconstrained build operations Thread 12" [_thread_blocked, id=32628, stack(0x000000cf2da00000,0x000000cf2db00000)]
  0x000001df9430eed0 JavaThread "Unconstrained build operations Thread 13" [_thread_blocked, id=4348, stack(0x000000cf2db00000,0x000000cf2dc00000)]
  0x000001df9430f3a0 JavaThread "Unconstrained build operations Thread 14" [_thread_blocked, id=13528, stack(0x000000cf2dc00000,0x000000cf2dd00000)]
  0x000001df94312d60 JavaThread "Unconstrained build operations Thread 15" [_thread_blocked, id=1928, stack(0x000000cf2dd00000,0x000000cf2de00000)]
  0x000001df94310bb0 JavaThread "Unconstrained build operations Thread 16" [_thread_blocked, id=31352, stack(0x000000cf2de00000,0x000000cf2df00000)]
  0x000001df9430f870 JavaThread "Unconstrained build operations Thread 17" [_thread_blocked, id=27668, stack(0x000000cf2df00000,0x000000cf2e000000)]
  0x000001df94311080 JavaThread "Unconstrained build operations Thread 18" [_thread_blocked, id=26724, stack(0x000000cf2e000000,0x000000cf2e100000)]
  0x000001df9430d1f0 JavaThread "Unconstrained build operations Thread 19" [_thread_blocked, id=14516, stack(0x000000cf2e100000,0x000000cf2e200000)]
  0x000001df9430e060 JavaThread "Unconstrained build operations Thread 20" [_thread_blocked, id=16324, stack(0x000000cf2e200000,0x000000cf2e300000)]
  0x000001df94312890 JavaThread "Memory manager" [_thread_blocked, id=24700, stack(0x000000cf2e300000,0x000000cf2e400000)]
  0x000001df94311550 JavaThread "build event listener" [_thread_blocked, id=10212, stack(0x000000cf2e400000,0x000000cf2e500000)]
  0x000001df94311a20 JavaThread "build event listener" [_thread_blocked, id=12372, stack(0x000000cf2e500000,0x000000cf2e600000)]
  0x000001df9430e530 JavaThread "included builds" [_thread_blocked, id=28828, stack(0x000000cf2e600000,0x000000cf2e700000)]
  0x000001df9463c090 JavaThread "Execution worker" [_thread_blocked, id=16172, stack(0x000000cf2e700000,0x000000cf2e800000)]
  0x000001df9cbc3840 JavaThread "Cache worker for execution history cache (D:\androidLearning\AndroidStudioProjects\serviceTest1\.gradle\8.0\executionHistory)" [_thread_blocked, id=24992, stack(0x000000cf2e800000,0x000000cf2e900000)]
  0x000001df9ab67d90 JavaThread "WorkerExecutor Queue" [_thread_in_native, id=24928, stack(0x000000cf2e900000,0x000000cf2ea00000)]
  0x000001df9ab695a0 JavaThread "WorkerExecutor Queue Thread 2" [_thread_blocked, id=29216, stack(0x000000cf2eb00000,0x000000cf2ec00000)]
  0x000001df9ab68c00 JavaThread "WorkerExecutor Queue Thread 3" [_thread_blocked, id=26188, stack(0x000000cf2ec00000,0x000000cf2ed00000)]
  0x000001df9ab6a8e0 JavaThread "ForkJoinPool-1-worker-1" daemon [_thread_in_Java, id=12444, stack(0x000000cf2ed00000,0x000000cf2ee00000)]
  0x000001df9ab69a70 JavaThread "ForkJoinPool-1-worker-2" daemon [_thread_in_Java, id=21736, stack(0x000000cf2ee00000,0x000000cf2ef00000)]

Other Threads:
  0x000001dfffc35ec0 VMThread "VM Thread" [stack: 0x000000cf2a500000,0x000000cf2a600000] [id=30400]
  0x000001df938b8590 WatcherThread [stack: 0x000000cf2b100000,0x000000cf2b200000] [id=29428]
  0x000001dff360e980 GCTaskThread "GC Thread#0" [stack: 0x000000cf2a000000,0x000000cf2a100000] [id=4080]
  0x000001df9393b120 GCTaskThread "GC Thread#1" [stack: 0x000000cf2b200000,0x000000cf2b300000] [id=31012]
  0x000001dff36208d0 ConcurrentGCThread "G1 Main Marker" [stack: 0x000000cf2a100000,0x000000cf2a200000] [id=18280]
  0x000001dff3621a80 ConcurrentGCThread "G1 Conc#0" [stack: 0x000000cf2a200000,0x000000cf2a300000] [id=24340]
  0x000001dff367e1c0 ConcurrentGCThread "G1 Refine#0" [stack: 0x000000cf2a300000,0x000000cf2a400000] [id=10464]
  0x000001df9489bfe0 ConcurrentGCThread "G1 Refine#1" [stack: 0x000000cf2c900000,0x000000cf2ca00000] [id=31736]
  0x000001dff367ebe0 ConcurrentGCThread "G1 Service" [stack: 0x000000cf2a400000,0x000000cf2a500000] [id=28328]

Threads with active compile tasks:
C2 CompilerThread0   130516 14713 %     4       com.android.tools.r8.dex.B::a @ 316 (1021 bytes)

VM state: not at safepoint (normal execution)

VM Mutex/Monitor currently owned by a thread: None

Heap address: 0x0000000080000000, size: 2048 MB, Compressed Oops mode: 32-bit

CDS archive(s) mapped at: [0x0000000800000000-0x0000000800bc0000-0x0000000800bc0000), size 12320768, SharedBaseAddress: 0x0000000800000000, ArchiveRelocationMode: 0.
Compressed class space mapped at: 0x0000000800c00000-0x0000000840c00000, reserved size: 1073741824
Narrow klass base: 0x0000000800000000, Narrow klass shift: 0, Narrow klass range: 0x100000000

GC Precious Log:
 CPUs: 2 total, 2 available
 Memory: 7995M
 Large Page Support: Disabled
 NUMA Support: Disabled
 Compressed Oops: Enabled (32-bit)
 Heap Region Size: 1M
 Heap Min Capacity: 8M
 Heap Initial Capacity: 126M
 Heap Max Capacity: 2G
 Pre-touch: Disabled
 Parallel Workers: 2
 Concurrent Workers: 1
 Concurrent Refinement Workers: 2
 Periodic GC: Disabled

Heap:
 garbage-first heap   total 288768K, used 204800K [0x0000000080000000, 0x0000000100000000)
  region size 1024K, 45 young (46080K), 2 survivors (2048K)
 Metaspace       used 103141K, committed 103936K, reserved 1138688K
  class space    used 14067K, committed 14464K, reserved 1048576K

Heap Regions: E=young(eden), S=young(survivor), O=old, HS=humongous(starts), HC=humongous(continues), CS=collection set, F=free, OA=open archive, CA=closed archive, TAMS=top-at-mark-start (previous, next)
|   0|0x0000000080000000, 0x0000000080100000, 0x0000000080100000|100%| O|  |TAMS 0x0000000080100000, 0x0000000080000000| Untracked 
|   1|0x0000000080100000, 0x0000000080200000, 0x0000000080200000|100%| O|  |TAMS 0x0000000080200000, 0x0000000080100000| Untracked 
|   2|0x0000000080200000, 0x0000000080300000, 0x0000000080300000|100%| O|  |TAMS 0x0000000080300000, 0x0000000080200000| Untracked 
|   3|0x0000000080300000, 0x0000000080400000, 0x0000000080400000|100%|HS|  |TAMS 0x0000000080400000, 0x0000000080300000| Complete 
|   4|0x0000000080400000, 0x0000000080500000, 0x0000000080500000|100%|HC|  |TAMS 0x0000000080500000, 0x0000000080400000| Complete 
|   5|0x0000000080500000, 0x0000000080600000, 0x0000000080600000|100%|HC|  |TAMS 0x0000000080600000, 0x0000000080500000| Complete 
|   6|0x0000000080600000, 0x0000000080700000, 0x0000000080700000|100%|HC|  |TAMS 0x0000000080700000, 0x0000000080600000| Complete 
|   7|0x0000000080700000, 0x0000000080800000, 0x0000000080800000|100%| O|  |TAMS 0x0000000080800000, 0x0000000080700000| Untracked 
|   8|0x0000000080800000, 0x0000000080900000, 0x0000000080900000|100%| O|  |TAMS 0x0000000080900000, 0x0000000080800000| Untracked 
|   9|0x0000000080900000, 0x0000000080a00000, 0x0000000080a00000|100%| O|  |TAMS 0x0000000080a00000, 0x0000000080900000| Untracked 
|  10|0x0000000080a00000, 0x0000000080b00000, 0x0000000080b00000|100%| O|  |TAMS 0x0000000080b00000, 0x0000000080a00000| Untracked 
|  11|0x0000000080b00000, 0x0000000080c00000, 0x0000000080c00000|100%| O|  |TAMS 0x0000000080c00000, 0x0000000080b00000| Untracked 
|  12|0x0000000080c00000, 0x0000000080d00000, 0x0000000080d00000|100%| O|  |TAMS 0x0000000080d00000, 0x0000000080c00000| Untracked 
|  13|0x0000000080d00000, 0x0000000080e00000, 0x0000000080e00000|100%| O|  |TAMS 0x0000000080e00000, 0x0000000080d00000| Untracked 
|  14|0x0000000080e00000, 0x0000000080f00000, 0x0000000080f00000|100%| O|  |TAMS 0x0000000080f00000, 0x0000000080e00000| Untracked 
|  15|0x0000000080f00000, 0x0000000081000000, 0x0000000081000000|100%| O|  |TAMS 0x0000000081000000, 0x0000000080f00000| Untracked 
|  16|0x0000000081000000, 0x0000000081100000, 0x0000000081100000|100%| O|  |TAMS 0x0000000081100000, 0x0000000081000000| Untracked 
|  17|0x0000000081100000, 0x0000000081200000, 0x0000000081200000|100%| O|  |TAMS 0x0000000081200000, 0x0000000081100000| Untracked 
|  18|0x0000000081200000, 0x0000000081300000, 0x0000000081300000|100%| O|  |TAMS 0x0000000081300000, 0x0000000081200000| Untracked 
|  19|0x0000000081300000, 0x0000000081400000, 0x0000000081400000|100%| O|  |TAMS 0x0000000081400000, 0x0000000081300000| Untracked 
|  20|0x0000000081400000, 0x0000000081500000, 0x0000000081500000|100%| O|  |TAMS 0x0000000081500000, 0x0000000081400000| Untracked 
|  21|0x0000000081500000, 0x0000000081600000, 0x0000000081600000|100%| O|  |TAMS 0x0000000081600000, 0x0000000081500000| Untracked 
|  22|0x0000000081600000, 0x0000000081700000, 0x0000000081700000|100%| O|  |TAMS 0x0000000081700000, 0x0000000081600000| Untracked 
|  23|0x0000000081700000, 0x0000000081800000, 0x0000000081800000|100%| O|  |TAMS 0x0000000081800000, 0x0000000081700000| Untracked 
|  24|0x0000000081800000, 0x0000000081900000, 0x0000000081900000|100%| O|  |TAMS 0x0000000081900000, 0x0000000081800000| Untracked 
|  25|0x0000000081900000, 0x0000000081a00000, 0x0000000081a00000|100%| O|  |TAMS 0x0000000081a00000, 0x0000000081900000| Untracked 
|  26|0x0000000081a00000, 0x0000000081b00000, 0x0000000081b00000|100%| O|  |TAMS 0x0000000081b00000, 0x0000000081a00000| Untracked 
|  27|0x0000000081b00000, 0x0000000081c00000, 0x0000000081c00000|100%| O|  |TAMS 0x0000000081c00000, 0x0000000081b00000| Untracked 
|  28|0x0000000081c00000, 0x0000000081d00000, 0x0000000081d00000|100%| O|  |TAMS 0x0000000081d00000, 0x0000000081c00000| Untracked 
|  29|0x0000000081d00000, 0x0000000081e00000, 0x0000000081e00000|100%| O|  |TAMS 0x0000000081e00000, 0x0000000081d00000| Untracked 
|  30|0x0000000081e00000, 0x0000000081f00000, 0x0000000081f00000|100%|HS|  |TAMS 0x0000000081f00000, 0x0000000081e00000| Complete 
|  31|0x0000000081f00000, 0x0000000082000000, 0x0000000082000000|100%| O|  |TAMS 0x0000000082000000, 0x0000000081f00000| Untracked 
|  32|0x0000000082000000, 0x0000000082100000, 0x0000000082100000|100%| O|  |TAMS 0x0000000082100000, 0x0000000082000000| Untracked 
|  33|0x0000000082100000, 0x0000000082200000, 0x0000000082200000|100%| O|  |TAMS 0x0000000082200000, 0x0000000082100000| Untracked 
|  34|0x0000000082200000, 0x0000000082300000, 0x0000000082300000|100%| O|  |TAMS 0x0000000082300000, 0x0000000082200000| Untracked 
|  35|0x0000000082300000, 0x0000000082400000, 0x0000000082400000|100%| O|  |TAMS 0x0000000082400000, 0x0000000082300000| Untracked 
|  36|0x0000000082400000, 0x0000000082500000, 0x0000000082500000|100%| O|  |TAMS 0x0000000082500000, 0x0000000082400000| Untracked 
|  37|0x0000000082500000, 0x0000000082600000, 0x0000000082600000|100%|HS|  |TAMS 0x0000000082600000, 0x0000000082500000| Complete 
|  38|0x0000000082600000, 0x0000000082700000, 0x0000000082700000|100%|HS|  |TAMS 0x0000000082700000, 0x0000000082600000| Complete 
|  39|0x0000000082700000, 0x0000000082800000, 0x0000000082800000|100%|HC|  |TAMS 0x0000000082800000, 0x0000000082700000| Complete 
|  40|0x0000000082800000, 0x0000000082900000, 0x0000000082900000|100%|HS|  |TAMS 0x0000000082900000, 0x0000000082800000| Complete 
|  41|0x0000000082900000, 0x0000000082a00000, 0x0000000082a00000|100%| O|  |TAMS 0x0000000082a00000, 0x0000000082900000| Untracked 
|  42|0x0000000082a00000, 0x0000000082b00000, 0x0000000082b00000|100%| O|  |TAMS 0x0000000082b00000, 0x0000000082a00000| Untracked 
|  43|0x0000000082b00000, 0x0000000082c00000, 0x0000000082c00000|100%| O|  |TAMS 0x0000000082c00000, 0x0000000082b00000| Untracked 
|  44|0x0000000082c00000, 0x0000000082d00000, 0x0000000082d00000|100%| O|  |TAMS 0x0000000082d00000, 0x0000000082c00000| Untracked 
|  45|0x0000000082d00000, 0x0000000082e00000, 0x0000000082e00000|100%| O|  |TAMS 0x0000000082e00000, 0x0000000082d00000| Untracked 
|  46|0x0000000082e00000, 0x0000000082f00000, 0x0000000082f00000|100%| O|  |TAMS 0x0000000082f00000, 0x0000000082e00000| Untracked 
|  47|0x0000000082f00000, 0x0000000083000000, 0x0000000083000000|100%| O|  |TAMS 0x0000000083000000, 0x0000000082f00000| Untracked 
|  48|0x0000000083000000, 0x0000000083000000, 0x0000000083100000|  0%| F|  |TAMS 0x0000000083000000, 0x0000000083000000| Untracked 
|  49|0x0000000083100000, 0x0000000083200000, 0x0000000083200000|100%|HS|  |TAMS 0x0000000083200000, 0x0000000083100000| Complete 
|  50|0x0000000083200000, 0x0000000083300000, 0x0000000083300000|100%|HC|  |TAMS 0x0000000083300000, 0x0000000083200000| Complete 
|  51|0x0000000083300000, 0x0000000083400000, 0x0000000083400000|100%|HC|  |TAMS 0x0000000083400000, 0x0000000083300000| Complete 
|  52|0x0000000083400000, 0x0000000083500000, 0x0000000083500000|100%|HC|  |TAMS 0x0000000083500000, 0x0000000083400000| Complete 
|  53|0x0000000083500000, 0x0000000083600000, 0x0000000083600000|100%| O|  |TAMS 0x0000000083600000, 0x0000000083500000| Untracked 
|  54|0x0000000083600000, 0x0000000083700000, 0x0000000083700000|100%| O|  |TAMS 0x0000000083700000, 0x0000000083600000| Untracked 
|  55|0x0000000083700000, 0x0000000083800000, 0x0000000083800000|100%| O|  |TAMS 0x0000000083800000, 0x0000000083700000| Untracked 
|  56|0x0000000083800000, 0x0000000083900000, 0x0000000083900000|100%| O|  |TAMS 0x0000000083900000, 0x0000000083800000| Untracked 
|  57|0x0000000083900000, 0x0000000083a00000, 0x0000000083a00000|100%| O|  |TAMS 0x0000000083a00000, 0x0000000083900000| Untracked 
|  58|0x0000000083a00000, 0x0000000083b00000, 0x0000000083b00000|100%| O|  |TAMS 0x0000000083b00000, 0x0000000083a00000| Untracked 
|  59|0x0000000083b00000, 0x0000000083c00000, 0x0000000083c00000|100%| O|  |TAMS 0x0000000083c00000, 0x0000000083b00000| Untracked 
|  60|0x0000000083c00000, 0x0000000083d00000, 0x0000000083d00000|100%| O|  |TAMS 0x0000000083d00000, 0x0000000083c00000| Untracked 
|  61|0x0000000083d00000, 0x0000000083e00000, 0x0000000083e00000|100%| O|  |TAMS 0x0000000083e00000, 0x0000000083d00000| Untracked 
|  62|0x0000000083e00000, 0x0000000083f00000, 0x0000000083f00000|100%| O|  |TAMS 0x0000000083f00000, 0x0000000083e00000| Untracked 
|  63|0x0000000083f00000, 0x0000000084000000, 0x0000000084000000|100%| O|  |TAMS 0x0000000084000000, 0x0000000083f00000| Untracked 
|  64|0x0000000084000000, 0x0000000084100000, 0x0000000084100000|100%| O|  |TAMS 0x0000000084100000, 0x0000000084000000| Untracked 
|  65|0x0000000084100000, 0x0000000084200000, 0x0000000084200000|100%| O|  |TAMS 0x0000000084200000, 0x0000000084100000| Untracked 
|  66|0x0000000084200000, 0x0000000084300000, 0x0000000084300000|100%| O|  |TAMS 0x0000000084300000, 0x0000000084200000| Untracked 
|  67|0x0000000084300000, 0x0000000084400000, 0x0000000084400000|100%| O|  |TAMS 0x0000000084400000, 0x0000000084300000| Untracked 
|  68|0x0000000084400000, 0x0000000084500000, 0x0000000084500000|100%| O|  |TAMS 0x0000000084500000, 0x0000000084400000| Untracked 
|  69|0x0000000084500000, 0x0000000084600000, 0x0000000084600000|100%| O|  |TAMS 0x0000000084600000, 0x0000000084500000| Untracked 
|  70|0x0000000084600000, 0x0000000084700000, 0x0000000084700000|100%| O|  |TAMS 0x0000000084700000, 0x0000000084600000| Untracked 
|  71|0x0000000084700000, 0x0000000084800000, 0x0000000084800000|100%| O|  |TAMS 0x0000000084800000, 0x0000000084700000| Untracked 
|  72|0x0000000084800000, 0x0000000084900000, 0x0000000084900000|100%| O|  |TAMS 0x0000000084900000, 0x0000000084800000| Untracked 
|  73|0x0000000084900000, 0x0000000084a00000, 0x0000000084a00000|100%| O|  |TAMS 0x0000000084a00000, 0x0000000084900000| Untracked 
|  74|0x0000000084a00000, 0x0000000084b00000, 0x0000000084b00000|100%| O|  |TAMS 0x0000000084b00000, 0x0000000084a00000| Untracked 
|  75|0x0000000084b00000, 0x0000000084c00000, 0x0000000084c00000|100%| O|  |TAMS 0x0000000084c00000, 0x0000000084b00000| Untracked 
|  76|0x0000000084c00000, 0x0000000084d00000, 0x0000000084d00000|100%| O|  |TAMS 0x0000000084d00000, 0x0000000084c00000| Untracked 
|  77|0x0000000084d00000, 0x0000000084e00000, 0x0000000084e00000|100%| O|  |TAMS 0x0000000084e00000, 0x0000000084d00000| Untracked 
|  78|0x0000000084e00000, 0x0000000084f00000, 0x0000000084f00000|100%| O|  |TAMS 0x0000000084f00000, 0x0000000084e00000| Untracked 
|  79|0x0000000084f00000, 0x0000000085000000, 0x0000000085000000|100%| O|  |TAMS 0x0000000085000000, 0x0000000084f00000| Untracked 
|  80|0x0000000085000000, 0x0000000085100000, 0x0000000085100000|100%| O|  |TAMS 0x0000000085100000, 0x0000000085000000| Untracked 
|  81|0x0000000085100000, 0x0000000085200000, 0x0000000085200000|100%| O|  |TAMS 0x0000000085200000, 0x0000000085100000| Untracked 
|  82|0x0000000085200000, 0x0000000085300000, 0x0000000085300000|100%| O|  |TAMS 0x0000000085300000, 0x0000000085200000| Untracked 
|  83|0x0000000085300000, 0x0000000085400000, 0x0000000085400000|100%| O|  |TAMS 0x0000000085400000, 0x0000000085300000| Untracked 
|  84|0x0000000085400000, 0x0000000085500000, 0x0000000085500000|100%| O|  |TAMS 0x0000000085500000, 0x0000000085400000| Untracked 
|  85|0x0000000085500000, 0x0000000085500000, 0x0000000085600000|  0%| F|  |TAMS 0x0000000085500000, 0x0000000085500000| Untracked 
|  86|0x0000000085600000, 0x0000000085700000, 0x0000000085700000|100%| O|  |TAMS 0x0000000085700000, 0x0000000085600000| Untracked 
|  87|0x0000000085700000, 0x0000000085800000, 0x0000000085800000|100%| O|  |TAMS 0x0000000085800000, 0x0000000085700000| Untracked 
|  88|0x0000000085800000, 0x0000000085900000, 0x0000000085900000|100%| O|  |TAMS 0x0000000085900000, 0x0000000085800000| Untracked 
|  89|0x0000000085900000, 0x0000000085a00000, 0x0000000085a00000|100%| O|  |TAMS 0x0000000085a00000, 0x0000000085900000| Untracked 
|  90|0x0000000085a00000, 0x0000000085b00000, 0x0000000085b00000|100%| O|  |TAMS 0x0000000085b00000, 0x0000000085a00000| Untracked 
|  91|0x0000000085b00000, 0x0000000085c00000, 0x0000000085c00000|100%| O|  |TAMS 0x0000000085c00000, 0x0000000085b00000| Untracked 
|  92|0x0000000085c00000, 0x0000000085d00000, 0x0000000085d00000|100%| O|  |TAMS 0x0000000085d00000, 0x0000000085c00000| Untracked 
|  93|0x0000000085d00000, 0x0000000085e00000, 0x0000000085e00000|100%| O|  |TAMS 0x0000000085e00000, 0x0000000085d00000| Untracked 
|  94|0x0000000085e00000, 0x0000000085f00000, 0x0000000085f00000|100%| O|  |TAMS 0x0000000085f00000, 0x0000000085e00000| Untracked 
|  95|0x0000000085f00000, 0x0000000086000000, 0x0000000086000000|100%| O|  |TAMS 0x0000000086000000, 0x0000000085f00000| Untracked 
|  96|0x0000000086000000, 0x0000000086100000, 0x0000000086100000|100%| O|  |TAMS 0x0000000086100000, 0x0000000086000000| Untracked 
|  97|0x0000000086100000, 0x0000000086200000, 0x0000000086200000|100%| O|  |TAMS 0x0000000086200000, 0x0000000086100000| Untracked 
|  98|0x0000000086200000, 0x0000000086300000, 0x0000000086300000|100%| O|  |TAMS 0x0000000086300000, 0x0000000086200000| Untracked 
|  99|0x0000000086300000, 0x0000000086400000, 0x0000000086400000|100%| O|  |TAMS 0x0000000086400000, 0x0000000086300000| Untracked 
| 100|0x0000000086400000, 0x0000000086500000, 0x0000000086500000|100%| O|  |TAMS 0x00000000864c5a00, 0x0000000086400000| Untracked 
| 101|0x0000000086500000, 0x0000000086600000, 0x0000000086600000|100%|HS|  |TAMS 0x0000000086500000, 0x0000000086500000| Complete 
| 102|0x0000000086600000, 0x0000000086700000, 0x0000000086700000|100%|HS|  |TAMS 0x0000000086700000, 0x0000000086600000| Complete 
| 103|0x0000000086700000, 0x0000000086800000, 0x0000000086800000|100%|HC|  |TAMS 0x0000000086800000, 0x0000000086700000| Complete 
| 104|0x0000000086800000, 0x0000000086900000, 0x0000000086900000|100%|HS|  |TAMS 0x0000000086900000, 0x0000000086800000| Complete 
| 105|0x0000000086900000, 0x0000000086a00000, 0x0000000086a00000|100%|HS|  |TAMS 0x0000000086a00000, 0x0000000086900000| Complete 
| 106|0x0000000086a00000, 0x0000000086b00000, 0x0000000086b00000|100%|HS|  |TAMS 0x0000000086b00000, 0x0000000086a00000| Complete 
| 107|0x0000000086b00000, 0x0000000086c00000, 0x0000000086c00000|100%|HC|  |TAMS 0x0000000086c00000, 0x0000000086b00000| Complete 
| 108|0x0000000086c00000, 0x0000000086d00000, 0x0000000086d00000|100%|HS|  |TAMS 0x0000000086d00000, 0x0000000086c00000| Complete 
| 109|0x0000000086d00000, 0x0000000086e00000, 0x0000000086e00000|100%|HC|  |TAMS 0x0000000086e00000, 0x0000000086d00000| Complete 
| 110|0x0000000086e00000, 0x0000000086f00000, 0x0000000086f00000|100%| O|  |TAMS 0x0000000086e00000, 0x0000000086e00000| Untracked 
| 111|0x0000000086f00000, 0x0000000087000000, 0x0000000087000000|100%| O|  |TAMS 0x0000000086f00000, 0x0000000086f00000| Untracked 
| 112|0x0000000087000000, 0x0000000087100000, 0x0000000087100000|100%| O|  |TAMS 0x0000000087000000, 0x0000000087000000| Untracked 
| 113|0x0000000087100000, 0x0000000087200000, 0x0000000087200000|100%| O|  |TAMS 0x0000000087100000, 0x0000000087100000| Untracked 
| 114|0x0000000087200000, 0x0000000087300000, 0x0000000087300000|100%| O|  |TAMS 0x0000000087200000, 0x0000000087200000| Untracked 
| 115|0x0000000087300000, 0x0000000087400000, 0x0000000087400000|100%| O|  |TAMS 0x0000000087300000, 0x0000000087300000| Untracked 
| 116|0x0000000087400000, 0x0000000087500000, 0x0000000087500000|100%| O|  |TAMS 0x0000000087400000, 0x0000000087400000| Untracked 
| 117|0x0000000087500000, 0x0000000087600000, 0x0000000087600000|100%| O|  |TAMS 0x0000000087500000, 0x0000000087500000| Untracked 
| 118|0x0000000087600000, 0x0000000087700000, 0x0000000087700000|100%| O|  |TAMS 0x0000000087600000, 0x0000000087600000| Untracked 
| 119|0x0000000087700000, 0x0000000087800000, 0x0000000087800000|100%| O|  |TAMS 0x0000000087700000, 0x0000000087700000| Untracked 
| 120|0x0000000087800000, 0x0000000087900000, 0x0000000087900000|100%|HS|  |TAMS 0x0000000087800000, 0x0000000087800000| Complete 
| 121|0x0000000087900000, 0x0000000087a00000, 0x0000000087a00000|100%| O|  |TAMS 0x0000000087900000, 0x0000000087900000| Untracked 
| 122|0x0000000087a00000, 0x0000000087b00000, 0x0000000087b00000|100%|HS|  |TAMS 0x0000000087a00000, 0x0000000087a00000| Complete 
| 123|0x0000000087b00000, 0x0000000087c00000, 0x0000000087c00000|100%|HC|  |TAMS 0x0000000087b00000, 0x0000000087b00000| Complete 
| 124|0x0000000087c00000, 0x0000000087d00000, 0x0000000087d00000|100%| O|  |TAMS 0x0000000087c00000, 0x0000000087c00000| Untracked 
| 125|0x0000000087d00000, 0x0000000087e00000, 0x0000000087e00000|100%|HS|  |TAMS 0x0000000087d00000, 0x0000000087d00000| Complete 
| 126|0x0000000087e00000, 0x0000000087f00000, 0x0000000087f00000|100%| O|  |TAMS 0x0000000087e00000, 0x0000000087e00000| Untracked 
| 127|0x0000000087f00000, 0x0000000088000000, 0x0000000088000000|100%|HS|  |TAMS 0x0000000087f00000, 0x0000000087f00000| Complete 
| 128|0x0000000088000000, 0x0000000088100000, 0x0000000088100000|100%| O|  |TAMS 0x0000000088000000, 0x0000000088000000| Untracked 
| 129|0x0000000088100000, 0x0000000088200000, 0x0000000088200000|100%| O|  |TAMS 0x0000000088100000, 0x0000000088100000| Untracked 
| 130|0x0000000088200000, 0x0000000088300000, 0x0000000088300000|100%| O|  |TAMS 0x0000000088200000, 0x0000000088200000| Untracked 
| 131|0x0000000088300000, 0x0000000088400000, 0x0000000088400000|100%|HS|  |TAMS 0x0000000088300000, 0x0000000088300000| Complete 
| 132|0x0000000088400000, 0x0000000088500000, 0x0000000088500000|100%|HC|  |TAMS 0x0000000088400000, 0x0000000088400000| Complete 
| 133|0x0000000088500000, 0x0000000088600000, 0x0000000088600000|100%| O|  |TAMS 0x0000000088500000, 0x0000000088500000| Untracked 
| 134|0x0000000088600000, 0x0000000088700000, 0x0000000088700000|100%| O|  |TAMS 0x0000000088600000, 0x0000000088600000| Untracked 
| 135|0x0000000088700000, 0x0000000088800000, 0x0000000088800000|100%| O|  |TAMS 0x0000000088700000, 0x0000000088700000| Untracked 
| 136|0x0000000088800000, 0x0000000088800000, 0x0000000088900000|  0%| F|  |TAMS 0x0000000088800000, 0x0000000088800000| Untracked 
| 137|0x0000000088900000, 0x0000000088900000, 0x0000000088a00000|  0%| F|  |TAMS 0x0000000088900000, 0x0000000088900000| Untracked 
| 138|0x0000000088a00000, 0x0000000088a00000, 0x0000000088b00000|  0%| F|  |TAMS 0x0000000088a00000, 0x0000000088a00000| Untracked 
| 139|0x0000000088b00000, 0x0000000088c00000, 0x0000000088c00000|100%|HS|  |TAMS 0x0000000088b00000, 0x0000000088b00000| Complete 
| 140|0x0000000088c00000, 0x0000000088d00000, 0x0000000088d00000|100%|HC|  |TAMS 0x0000000088c00000, 0x0000000088c00000| Complete 
| 141|0x0000000088d00000, 0x0000000088e00000, 0x0000000088e00000|100%| O|  |TAMS 0x0000000088d00000, 0x0000000088d00000| Untracked 
| 142|0x0000000088e00000, 0x0000000088f00000, 0x0000000088f00000|100%| O|  |TAMS 0x0000000088e00000, 0x0000000088e00000| Untracked 
| 143|0x0000000088f00000, 0x0000000089000000, 0x0000000089000000|100%| O|  |TAMS 0x0000000088f00000, 0x0000000088f00000| Untracked 
| 144|0x0000000089000000, 0x0000000089100000, 0x0000000089100000|100%| O|  |TAMS 0x0000000089000000, 0x0000000089000000| Untracked 
| 145|0x0000000089100000, 0x0000000089100000, 0x0000000089200000|  0%| F|  |TAMS 0x0000000089100000, 0x0000000089100000| Untracked 
| 146|0x0000000089200000, 0x0000000089200000, 0x0000000089300000|  0%| F|  |TAMS 0x0000000089200000, 0x0000000089200000| Untracked 
| 147|0x0000000089300000, 0x0000000089300000, 0x0000000089400000|  0%| F|  |TAMS 0x0000000089300000, 0x0000000089300000| Untracked 
| 148|0x0000000089400000, 0x0000000089400000, 0x0000000089500000|  0%| F|  |TAMS 0x0000000089400000, 0x0000000089400000| Untracked 
| 149|0x0000000089500000, 0x0000000089500000, 0x0000000089600000|  0%| F|  |TAMS 0x0000000089500000, 0x0000000089500000| Untracked 
| 150|0x0000000089600000, 0x0000000089600000, 0x0000000089700000|  0%| F|  |TAMS 0x0000000089600000, 0x0000000089600000| Untracked 
| 151|0x0000000089700000, 0x0000000089700000, 0x0000000089800000|  0%| F|  |TAMS 0x0000000089700000, 0x0000000089700000| Untracked 
| 152|0x0000000089800000, 0x0000000089800000, 0x0000000089900000|  0%| F|  |TAMS 0x0000000089800000, 0x0000000089800000| Untracked 
| 153|0x0000000089900000, 0x0000000089900000, 0x0000000089a00000|  0%| F|  |TAMS 0x0000000089900000, 0x0000000089900000| Untracked 
| 154|0x0000000089a00000, 0x0000000089b00000, 0x0000000089b00000|100%| O|  |TAMS 0x0000000089a00000, 0x0000000089a00000| Untracked 
| 155|0x0000000089b00000, 0x0000000089c00000, 0x0000000089c00000|100%| O|  |TAMS 0x0000000089b00000, 0x0000000089b00000| Untracked 
| 156|0x0000000089c00000, 0x0000000089d00000, 0x0000000089d00000|100%| O|  |TAMS 0x0000000089c00000, 0x0000000089c00000| Untracked 
| 157|0x0000000089d00000, 0x0000000089e00000, 0x0000000089e00000|100%| O|  |TAMS 0x0000000089d00000, 0x0000000089d00000| Untracked 
| 158|0x0000000089e00000, 0x0000000089f00000, 0x0000000089f00000|100%| O|  |TAMS 0x0000000089e00000, 0x0000000089e00000| Untracked 
| 159|0x0000000089f00000, 0x000000008a000000, 0x000000008a000000|100%| O|  |TAMS 0x0000000089f00000, 0x0000000089f00000| Untracked 
| 160|0x000000008a000000, 0x000000008a100000, 0x000000008a100000|100%| O|  |TAMS 0x000000008a000000, 0x000000008a000000| Untracked 
| 161|0x000000008a100000, 0x000000008a200000, 0x000000008a200000|100%| O|  |TAMS 0x000000008a100000, 0x000000008a100000| Untracked 
| 162|0x000000008a200000, 0x000000008a300000, 0x000000008a300000|100%| O|  |TAMS 0x000000008a200000, 0x000000008a200000| Untracked 
| 163|0x000000008a300000, 0x000000008a400000, 0x000000008a400000|100%| O|  |TAMS 0x000000008a300000, 0x000000008a300000| Untracked 
| 164|0x000000008a400000, 0x000000008a500000, 0x000000008a500000|100%| O|  |TAMS 0x000000008a400000, 0x000000008a400000| Untracked 
| 165|0x000000008a500000, 0x000000008a600000, 0x000000008a600000|100%| O|  |TAMS 0x000000008a500000, 0x000000008a500000| Untracked 
| 166|0x000000008a600000, 0x000000008a700000, 0x000000008a700000|100%| O|  |TAMS 0x000000008a600000, 0x000000008a600000| Untracked 
| 167|0x000000008a700000, 0x000000008a800000, 0x000000008a800000|100%| O|  |TAMS 0x000000008a700000, 0x000000008a700000| Untracked 
| 168|0x000000008a800000, 0x000000008a900000, 0x000000008a900000|100%| O|  |TAMS 0x000000008a800000, 0x000000008a800000| Untracked 
| 169|0x000000008a900000, 0x000000008aa00000, 0x000000008aa00000|100%| O|  |TAMS 0x000000008a900000, 0x000000008a900000| Untracked 
| 170|0x000000008aa00000, 0x000000008aa00000, 0x000000008ab00000|  0%| F|  |TAMS 0x000000008aa00000, 0x000000008aa00000| Untracked 
| 171|0x000000008ab00000, 0x000000008ab00000, 0x000000008ac00000|  0%| F|  |TAMS 0x000000008ab00000, 0x000000008ab00000| Untracked 
| 172|0x000000008ac00000, 0x000000008ac00000, 0x000000008ad00000|  0%| F|  |TAMS 0x000000008ac00000, 0x000000008ac00000| Untracked 
| 173|0x000000008ad00000, 0x000000008ad00000, 0x000000008ae00000|  0%| F|  |TAMS 0x000000008ad00000, 0x000000008ad00000| Untracked 
| 174|0x000000008ae00000, 0x000000008ae00000, 0x000000008af00000|  0%| F|  |TAMS 0x000000008ae00000, 0x000000008ae00000| Untracked 
| 175|0x000000008af00000, 0x000000008af00000, 0x000000008b000000|  0%| F|  |TAMS 0x000000008af00000, 0x000000008af00000| Untracked 
| 176|0x000000008b000000, 0x000000008b000000, 0x000000008b100000|  0%| F|  |TAMS 0x000000008b000000, 0x000000008b000000| Untracked 
| 177|0x000000008b100000, 0x000000008b100000, 0x000000008b200000|  0%| F|  |TAMS 0x000000008b100000, 0x000000008b100000| Untracked 
| 178|0x000000008b200000, 0x000000008b200000, 0x000000008b300000|  0%| F|  |TAMS 0x000000008b200000, 0x000000008b200000| Untracked 
| 179|0x000000008b300000, 0x000000008b300000, 0x000000008b400000|  0%| F|  |TAMS 0x000000008b300000, 0x000000008b300000| Untracked 
| 180|0x000000008b400000, 0x000000008b400000, 0x000000008b500000|  0%| F|  |TAMS 0x000000008b400000, 0x000000008b400000| Untracked 
| 181|0x000000008b500000, 0x000000008b500000, 0x000000008b600000|  0%| F|  |TAMS 0x000000008b500000, 0x000000008b500000| Untracked 
| 182|0x000000008b600000, 0x000000008b600000, 0x000000008b700000|  0%| F|  |TAMS 0x000000008b600000, 0x000000008b600000| Untracked 
| 183|0x000000008b700000, 0x000000008b700000, 0x000000008b800000|  0%| F|  |TAMS 0x000000008b700000, 0x000000008b700000| Untracked 
| 184|0x000000008b800000, 0x000000008b800000, 0x000000008b900000|  0%| F|  |TAMS 0x000000008b800000, 0x000000008b800000| Untracked 
| 185|0x000000008b900000, 0x000000008b900000, 0x000000008ba00000|  0%| F|  |TAMS 0x000000008b900000, 0x000000008b900000| Untracked 
| 186|0x000000008ba00000, 0x000000008ba00000, 0x000000008bb00000|  0%| F|  |TAMS 0x000000008ba00000, 0x000000008ba00000| Untracked 
| 187|0x000000008bb00000, 0x000000008bb00000, 0x000000008bc00000|  0%| F|  |TAMS 0x000000008bb00000, 0x000000008bb00000| Untracked 
| 188|0x000000008bc00000, 0x000000008bc00000, 0x000000008bd00000|  0%| F|  |TAMS 0x000000008bc00000, 0x000000008bc00000| Untracked 
| 189|0x000000008bd00000, 0x000000008bd00000, 0x000000008be00000|  0%| F|  |TAMS 0x000000008bd00000, 0x000000008bd00000| Untracked 
| 190|0x000000008be00000, 0x000000008be00000, 0x000000008bf00000|  0%| F|  |TAMS 0x000000008be00000, 0x000000008be00000| Untracked 
| 191|0x000000008bf00000, 0x000000008bf00000, 0x000000008c000000|  0%| F|  |TAMS 0x000000008bf00000, 0x000000008bf00000| Untracked 
| 192|0x000000008c000000, 0x000000008c000000, 0x000000008c100000|  0%| F|  |TAMS 0x000000008c000000, 0x000000008c000000| Untracked 
| 193|0x000000008c100000, 0x000000008c100000, 0x000000008c200000|  0%| F|  |TAMS 0x000000008c100000, 0x000000008c100000| Untracked 
| 194|0x000000008c200000, 0x000000008c200000, 0x000000008c300000|  0%| F|  |TAMS 0x000000008c200000, 0x000000008c200000| Untracked 
| 195|0x000000008c300000, 0x000000008c300000, 0x000000008c400000|  0%| F|  |TAMS 0x000000008c300000, 0x000000008c300000| Untracked 
| 196|0x000000008c400000, 0x000000008c400000, 0x000000008c500000|  0%| F|  |TAMS 0x000000008c400000, 0x000000008c400000| Untracked 
| 197|0x000000008c500000, 0x000000008c500000, 0x000000008c600000|  0%| F|  |TAMS 0x000000008c500000, 0x000000008c500000| Untracked 
| 198|0x000000008c600000, 0x000000008c600000, 0x000000008c700000|  0%| F|  |TAMS 0x000000008c600000, 0x000000008c600000| Untracked 
| 199|0x000000008c700000, 0x000000008c700000, 0x000000008c800000|  0%| F|  |TAMS 0x000000008c700000, 0x000000008c700000| Untracked 
| 200|0x000000008c800000, 0x000000008c800000, 0x000000008c900000|  0%| F|  |TAMS 0x000000008c800000, 0x000000008c800000| Untracked 
| 201|0x000000008c900000, 0x000000008c900000, 0x000000008ca00000|  0%| F|  |TAMS 0x000000008c900000, 0x000000008c900000| Untracked 
| 202|0x000000008ca00000, 0x000000008ca00000, 0x000000008cb00000|  0%| F|  |TAMS 0x000000008ca00000, 0x000000008ca00000| Untracked 
| 203|0x000000008cb00000, 0x000000008cb00000, 0x000000008cc00000|  0%| F|  |TAMS 0x000000008cb00000, 0x000000008cb00000| Untracked 
| 204|0x000000008cc00000, 0x000000008cc00000, 0x000000008cd00000|  0%| F|  |TAMS 0x000000008cc00000, 0x000000008cc00000| Untracked 
| 205|0x000000008cd00000, 0x000000008cd00000, 0x000000008ce00000|  0%| F|  |TAMS 0x000000008cd00000, 0x000000008cd00000| Untracked 
| 206|0x000000008ce00000, 0x000000008ce00000, 0x000000008cf00000|  0%| F|  |TAMS 0x000000008ce00000, 0x000000008ce00000| Untracked 
| 207|0x000000008cf00000, 0x000000008cf00000, 0x000000008d000000|  0%| F|  |TAMS 0x000000008cf00000, 0x000000008cf00000| Untracked 
| 208|0x000000008d000000, 0x000000008d000000, 0x000000008d100000|  0%| F|  |TAMS 0x000000008d000000, 0x000000008d000000| Untracked 
| 209|0x000000008d100000, 0x000000008d100000, 0x000000008d200000|  0%| F|  |TAMS 0x000000008d100000, 0x000000008d100000| Untracked 
| 210|0x000000008d200000, 0x000000008d200000, 0x000000008d300000|  0%| F|  |TAMS 0x000000008d200000, 0x000000008d200000| Untracked 
| 211|0x000000008d300000, 0x000000008d300000, 0x000000008d400000|  0%| F|  |TAMS 0x000000008d300000, 0x000000008d300000| Untracked 
| 212|0x000000008d400000, 0x000000008d400000, 0x000000008d500000|  0%| F|  |TAMS 0x000000008d400000, 0x000000008d400000| Untracked 
| 213|0x000000008d500000, 0x000000008d500000, 0x000000008d600000|  0%| F|  |TAMS 0x000000008d500000, 0x000000008d500000| Untracked 
| 214|0x000000008d600000, 0x000000008d600000, 0x000000008d700000|  0%| F|  |TAMS 0x000000008d600000, 0x000000008d600000| Untracked 
| 215|0x000000008d700000, 0x000000008d700000, 0x000000008d800000|  0%| F|  |TAMS 0x000000008d700000, 0x000000008d700000| Untracked 
| 216|0x000000008d800000, 0x000000008d800000, 0x000000008d900000|  0%| F|  |TAMS 0x000000008d800000, 0x000000008d800000| Untracked 
| 217|0x000000008d900000, 0x000000008d900000, 0x000000008da00000|  0%| F|  |TAMS 0x000000008d900000, 0x000000008d900000| Untracked 
| 218|0x000000008da00000, 0x000000008da00000, 0x000000008db00000|  0%| F|  |TAMS 0x000000008da00000, 0x000000008da00000| Untracked 
| 219|0x000000008db00000, 0x000000008db00000, 0x000000008dc00000|  0%| F|  |TAMS 0x000000008db00000, 0x000000008db00000| Untracked 
| 220|0x000000008dc00000, 0x000000008dc00000, 0x000000008dd00000|  0%| F|  |TAMS 0x000000008dc00000, 0x000000008dc00000| Untracked 
| 221|0x000000008dd00000, 0x000000008dd00000, 0x000000008de00000|  0%| F|  |TAMS 0x000000008dd00000, 0x000000008dd00000| Untracked 
| 222|0x000000008de00000, 0x000000008de00000, 0x000000008df00000|  0%| F|  |TAMS 0x000000008de00000, 0x000000008de00000| Untracked 
| 223|0x000000008df00000, 0x000000008df00000, 0x000000008e000000|  0%| F|  |TAMS 0x000000008df00000, 0x000000008df00000| Untracked 
| 224|0x000000008e000000, 0x000000008e000000, 0x000000008e100000|  0%| F|  |TAMS 0x000000008e000000, 0x000000008e000000| Untracked 
| 225|0x000000008e100000, 0x000000008e100000, 0x000000008e200000|  0%| F|  |TAMS 0x000000008e100000, 0x000000008e100000| Untracked 
| 226|0x000000008e200000, 0x000000008e200000, 0x000000008e300000|  0%| F|  |TAMS 0x000000008e200000, 0x000000008e200000| Untracked 
| 227|0x000000008e300000, 0x000000008e300000, 0x000000008e400000|  0%| F|  |TAMS 0x000000008e300000, 0x000000008e300000| Untracked 
| 228|0x000000008e400000, 0x000000008e400000, 0x000000008e500000|  0%| F|  |TAMS 0x000000008e400000, 0x000000008e400000| Untracked 
| 229|0x000000008e500000, 0x000000008e500000, 0x000000008e600000|  0%| F|  |TAMS 0x000000008e500000, 0x000000008e500000| Untracked 
| 230|0x000000008e600000, 0x000000008e600000, 0x000000008e700000|  0%| F|  |TAMS 0x000000008e600000, 0x000000008e600000| Untracked 
| 231|0x000000008e700000, 0x000000008e700000, 0x000000008e800000|  0%| F|  |TAMS 0x000000008e700000, 0x000000008e700000| Untracked 
| 232|0x000000008e800000, 0x000000008e800000, 0x000000008e900000|  0%| F|  |TAMS 0x000000008e800000, 0x000000008e800000| Untracked 
| 233|0x000000008e900000, 0x000000008e900000, 0x000000008ea00000|  0%| F|  |TAMS 0x000000008e900000, 0x000000008e900000| Untracked 
| 234|0x000000008ea00000, 0x000000008ea00000, 0x000000008eb00000|  0%| F|  |TAMS 0x000000008ea00000, 0x000000008ea00000| Untracked 
| 235|0x000000008eb00000, 0x000000008eb00000, 0x000000008ec00000|  0%| F|  |TAMS 0x000000008eb00000, 0x000000008eb00000| Untracked 
| 236|0x000000008ec00000, 0x000000008ec00000, 0x000000008ed00000|  0%| F|  |TAMS 0x000000008ec00000, 0x000000008ec00000| Untracked 
| 237|0x000000008ed00000, 0x000000008edf78d8, 0x000000008ee00000| 96%| E|  |TAMS 0x000000008ed00000, 0x000000008ed00000| Complete 
| 238|0x000000008ee00000, 0x000000008ef00000, 0x000000008ef00000|100%| E|CS|TAMS 0x000000008ee00000, 0x000000008ee00000| Complete 
| 239|0x000000008ef00000, 0x000000008f000000, 0x000000008f000000|100%| E|CS|TAMS 0x000000008ef00000, 0x000000008ef00000| Complete 
| 240|0x000000008f000000, 0x000000008f100000, 0x000000008f100000|100%| E|CS|TAMS 0x000000008f000000, 0x000000008f000000| Complete 
| 241|0x000000008f100000, 0x000000008f200000, 0x000000008f200000|100%| E|CS|TAMS 0x000000008f100000, 0x000000008f100000| Complete 
| 242|0x000000008f200000, 0x000000008f300000, 0x000000008f300000|100%| E|CS|TAMS 0x000000008f200000, 0x000000008f200000| Complete 
| 243|0x000000008f300000, 0x000000008f400000, 0x000000008f400000|100%| E|CS|TAMS 0x000000008f300000, 0x000000008f300000| Complete 
| 244|0x000000008f400000, 0x000000008f500000, 0x000000008f500000|100%| E|CS|TAMS 0x000000008f400000, 0x000000008f400000| Complete 
| 245|0x000000008f500000, 0x000000008f600000, 0x000000008f600000|100%| E|CS|TAMS 0x000000008f500000, 0x000000008f500000| Complete 
| 246|0x000000008f600000, 0x000000008f700000, 0x000000008f700000|100%| E|CS|TAMS 0x000000008f600000, 0x000000008f600000| Complete 
| 247|0x000000008f700000, 0x000000008f800000, 0x000000008f800000|100%| E|CS|TAMS 0x000000008f700000, 0x000000008f700000| Complete 
| 248|0x000000008f800000, 0x000000008f900000, 0x000000008f900000|100%| E|CS|TAMS 0x000000008f800000, 0x000000008f800000| Complete 
| 249|0x000000008f900000, 0x000000008fa00000, 0x000000008fa00000|100%| E|CS|TAMS 0x000000008f900000, 0x000000008f900000| Complete 
| 250|0x000000008fa00000, 0x000000008fb00000, 0x000000008fb00000|100%| E|CS|TAMS 0x000000008fa00000, 0x000000008fa00000| Complete 
| 251|0x000000008fb00000, 0x000000008fc00000, 0x000000008fc00000|100%| E|CS|TAMS 0x000000008fb00000, 0x000000008fb00000| Complete 
| 252|0x000000008fc00000, 0x000000008fd00000, 0x000000008fd00000|100%| E|CS|TAMS 0x000000008fc00000, 0x000000008fc00000| Complete 
| 253|0x000000008fd00000, 0x000000008fe00000, 0x000000008fe00000|100%| E|CS|TAMS 0x000000008fd00000, 0x000000008fd00000| Complete 
| 254|0x000000008fe00000, 0x000000008ff00000, 0x000000008ff00000|100%| E|CS|TAMS 0x000000008fe00000, 0x000000008fe00000| Complete 
| 255|0x000000008ff00000, 0x0000000090000000, 0x0000000090000000|100%| E|CS|TAMS 0x000000008ff00000, 0x000000008ff00000| Complete 
| 256|0x0000000090000000, 0x0000000090100000, 0x0000000090100000|100%| E|CS|TAMS 0x0000000090000000, 0x0000000090000000| Complete 
| 257|0x0000000090100000, 0x0000000090200000, 0x0000000090200000|100%| E|CS|TAMS 0x0000000090100000, 0x0000000090100000| Complete 
| 258|0x0000000090200000, 0x0000000090300000, 0x0000000090300000|100%| E|CS|TAMS 0x0000000090200000, 0x0000000090200000| Complete 
| 259|0x0000000090300000, 0x0000000090400000, 0x0000000090400000|100%| E|CS|TAMS 0x0000000090300000, 0x0000000090300000| Complete 
| 260|0x0000000090400000, 0x0000000090500000, 0x0000000090500000|100%| E|CS|TAMS 0x0000000090400000, 0x0000000090400000| Complete 
| 261|0x0000000090500000, 0x0000000090600000, 0x0000000090600000|100%| E|CS|TAMS 0x0000000090500000, 0x0000000090500000| Complete 
| 262|0x0000000090600000, 0x0000000090700000, 0x0000000090700000|100%| E|CS|TAMS 0x0000000090600000, 0x0000000090600000| Complete 
| 263|0x0000000090700000, 0x0000000090800000, 0x0000000090800000|100%| E|CS|TAMS 0x0000000090700000, 0x0000000090700000| Complete 
| 264|0x0000000090800000, 0x0000000090900000, 0x0000000090900000|100%| E|CS|TAMS 0x0000000090800000, 0x0000000090800000| Complete 
| 265|0x0000000090900000, 0x0000000090a00000, 0x0000000090a00000|100%| E|CS|TAMS 0x0000000090900000, 0x0000000090900000| Complete 
| 266|0x0000000090a00000, 0x0000000090b00000, 0x0000000090b00000|100%| E|CS|TAMS 0x0000000090a00000, 0x0000000090a00000| Complete 
| 267|0x0000000090b00000, 0x0000000090c00000, 0x0000000090c00000|100%| E|CS|TAMS 0x0000000090b00000, 0x0000000090b00000| Complete 
| 268|0x0000000090c00000, 0x0000000090d00000, 0x0000000090d00000|100%| E|CS|TAMS 0x0000000090c00000, 0x0000000090c00000| Complete 
| 269|0x0000000090d00000, 0x0000000090e00000, 0x0000000090e00000|100%| E|CS|TAMS 0x0000000090d00000, 0x0000000090d00000| Complete 
| 270|0x0000000090e00000, 0x0000000090f00000, 0x0000000090f00000|100%| E|CS|TAMS 0x0000000090e00000, 0x0000000090e00000| Complete 
| 271|0x0000000090f00000, 0x0000000091000000, 0x0000000091000000|100%| E|CS|TAMS 0x0000000090f00000, 0x0000000090f00000| Complete 
| 272|0x0000000091000000, 0x0000000091100000, 0x0000000091100000|100%| E|CS|TAMS 0x0000000091000000, 0x0000000091000000| Complete 
| 273|0x0000000091100000, 0x0000000091200000, 0x0000000091200000|100%| S|CS|TAMS 0x0000000091100000, 0x0000000091100000| Complete 
| 274|0x0000000091200000, 0x0000000091300000, 0x0000000091300000|100%| S|CS|TAMS 0x0000000091200000, 0x0000000091200000| Complete 
| 275|0x0000000091300000, 0x0000000091400000, 0x0000000091400000|100%| E|CS|TAMS 0x0000000091300000, 0x0000000091300000| Complete 
| 276|0x0000000091400000, 0x0000000091500000, 0x0000000091500000|100%| E|CS|TAMS 0x0000000091400000, 0x0000000091400000| Complete 
| 277|0x0000000091500000, 0x0000000091600000, 0x0000000091600000|100%| E|CS|TAMS 0x0000000091500000, 0x0000000091500000| Complete 
| 278|0x0000000091600000, 0x0000000091700000, 0x0000000091700000|100%| E|CS|TAMS 0x0000000091600000, 0x0000000091600000| Complete 
| 279|0x0000000091700000, 0x0000000091800000, 0x0000000091800000|100%| E|CS|TAMS 0x0000000091700000, 0x0000000091700000| Complete 
| 280|0x0000000091800000, 0x0000000091900000, 0x0000000091900000|100%| E|CS|TAMS 0x0000000091800000, 0x0000000091800000| Complete 
| 281|0x0000000091900000, 0x0000000091a00000, 0x0000000091a00000|100%| E|CS|TAMS 0x0000000091900000, 0x0000000091900000| Complete 

Card table byte_map: [0x000001dffd070000,0x000001dffd470000] _byte_map_base: 0x000001dffcc70000

Marking Bits (Prev, Next): (CMBitMap*) 0x000001dff360ffe0, (CMBitMap*) 0x000001dff360ffa0
 Prev Bits: [0x000001df8f000000, 0x000001df91000000)
 Next Bits: [0x000001dffd870000, 0x000001dfff870000)

Polling page: 0x000001dff3680000

Metaspace:

Usage:
  Non-class:     86.99 MB used.
      Class:     13.74 MB used.
       Both:    100.72 MB used.

Virtual space:
  Non-class space:       88.00 MB reserved,      87.38 MB (>99%) committed,  11 nodes.
      Class space:        1.00 GB reserved,      14.12 MB (  1%) committed,  1 nodes.
             Both:        1.09 GB reserved,     101.50 MB (  9%) committed. 

Chunk freelists:
   Non-Class:  256.00 KB
       Class:  1.89 MB
        Both:  2.14 MB

MaxMetaspaceSize: unlimited
CompressedClassSpaceSize: 1.00 GB
Initial GC threshold: 21.00 MB
Current GC threshold: 165.56 MB
CDS: on
MetaspaceReclaimPolicy: balanced
 - commit_granule_bytes: 65536.
 - commit_granule_words: 8192.
 - virtual_space_node_default_size: 1048576.
 - enlarge_chunks_in_place: 1.
 - new_chunks_are_fully_committed: 0.
 - uncommit_free_chunks: 1.
 - use_allocation_guard: 0.
 - handle_deallocations: 1.


Internal statistics:

num_allocs_failed_limit: 9.
num_arena_births: 1124.
num_arena_deaths: 0.
num_vsnodes_births: 12.
num_vsnodes_deaths: 0.
num_space_committed: 1623.
num_space_uncommitted: 0.
num_chunks_returned_to_freelist: 9.
num_chunks_taken_from_freelist: 5179.
num_chunk_merges: 6.
num_chunk_splits: 3482.
num_chunks_enlarged: 2376.
num_purges: 0.
num_inconsistent_stats: 0.

CodeHeap 'non-profiled nmethods': size=120064Kb used=7893Kb max_used=8026Kb free=112170Kb
 bounds [0x000001df87ac0000, 0x000001df882d0000, 0x000001df8f000000]
CodeHeap 'profiled nmethods': size=120000Kb used=24312Kb max_used=25245Kb free=95688Kb
 bounds [0x000001df80590000, 0x000001df81e90000, 0x000001df87ac0000]
CodeHeap 'non-nmethods': size=5696Kb used=2474Kb max_used=2510Kb free=3221Kb
 bounds [0x000001df80000000, 0x000001df80280000, 0x000001df80590000]
 total_blobs=13330 nmethods=12306 adapters=936
 compilation: enabled
              stopped_count=0, restarted_count=0
 full_count=0

Compilation events (20 events):
Event: 130.276 Thread 0x000001dfffc5d7a0 14761       2       com.android.tools.r8.utils.A1$g::b (13 bytes)
Event: 130.276 Thread 0x000001dfffc5d7a0 nmethod 14761 0x000001df81440510 code [0x000001df814406a0, 0x000001df814407b8]
Event: 130.276 Thread 0x000001dfffc5d7a0 14762       2       com.android.tools.r8.dex.code.W0::hashCode (21 bytes)
Event: 130.276 Thread 0x000001dfffc5d7a0 nmethod 14762 0x000001df81458990 code [0x000001df81458b20, 0x000001df81458c88]
Event: 130.279 Thread 0x000001dfffc5d7a0 14763       2       com.android.tools.r8.graph.w0$b::hashCode (15 bytes)
Event: 130.279 Thread 0x000001dfffc5d7a0 nmethod 14763 0x000001df81458490 code [0x000001df81458640, 0x000001df81458888]
Event: 130.282 Thread 0x000001dfffc5d7a0 14764       2       com.android.tools.r8.graph.w0$b$$Lambda$1280/0x0000000801a14670::a (5 bytes)
Event: 130.283 Thread 0x000001dfffc5d7a0 nmethod 14764 0x000001df81474290 code [0x000001df814744a0, 0x000001df81474728]
Event: 130.283 Thread 0x000001dfffc5d7a0 14765       2       com.android.tools.r8.graph.w0$b::a (19 bytes)
Event: 130.283 Thread 0x000001dfffc5d7a0 nmethod 14765 0x000001df81473b10 code [0x000001df81473d20, 0x000001df81473f88]
Event: 130.283 Thread 0x000001dfffc5d7a0 14766       2       com.android.tools.r8.utils.structural.l::a (18 bytes)
Event: 130.284 Thread 0x000001dfffc5d7a0 nmethod 14766 0x000001df81457f10 code [0x000001df814580a0, 0x000001df814581e8]
Event: 130.341 Thread 0x000001dfffc5d7a0 14769       2       com.android.tools.r8.dex.code.W0::<init> (20 bytes)
Event: 130.342 Thread 0x000001dfffc5d7a0 nmethod 14769 0x000001df816c8890 code [0x000001df816c8a40, 0x000001df816c8cb8]
Event: 130.387 Thread 0x000001dfffc5d7a0 14771       2       com.android.tools.r8.internal.T0::entrySet (32 bytes)
Event: 130.387 Thread 0x000001dfffc5d7a0 nmethod 14771 0x000001df816c8390 code [0x000001df816c8540, 0x000001df816c87b8]
Event: 130.387 Thread 0x000001dfffc5d7a0 14772       2       com.android.tools.r8.internal.b1::iterator (5 bytes)
Event: 130.387 Thread 0x000001dfffc5d7a0 nmethod 14772 0x000001df81835890 code [0x000001df81835a40, 0x000001df81835c48]
Event: 130.417 Thread 0x000001dfffc5d7a0 14773       2       com.android.tools.r8.utils.structural.s::a (16 bytes)
Event: 130.418 Thread 0x000001dfffc5d7a0 nmethod 14773 0x000001df81835510 code [0x000001df818356a0, 0x000001df818357e8]

GC Heap History (20 events):
Event: 96.311 GC heap before
{Heap before GC invocations=32 (full 0):
 garbage-first heap   total 219136K, used 154881K [0x0000000080000000, 0x0000000100000000)
  region size 1024K, 84 young (86016K), 5 survivors (5120K)
 Metaspace       used 85561K, committed 86272K, reserved 1130496K
  class space    used 11712K, committed 12032K, reserved 1048576K
}
Event: 96.354 GC heap after
{Heap after GC invocations=33 (full 0):
 garbage-first heap   total 219136K, used 80661K [0x0000000080000000, 0x0000000100000000)
  region size 1024K, 11 young (11264K), 11 survivors (11264K)
 Metaspace       used 85561K, committed 86272K, reserved 1130496K
  class space    used 11712K, committed 12032K, reserved 1048576K
}
Event: 102.661 GC heap before
{Heap before GC invocations=33 (full 0):
 garbage-first heap   total 219136K, used 159509K [0x0000000080000000, 0x0000000100000000)
  region size 1024K, 89 young (91136K), 11 survivors (11264K)
 Metaspace       used 90737K, committed 91392K, reserved 1130496K
  class space    used 12393K, committed 12672K, reserved 1048576K
}
Event: 102.730 GC heap after
{Heap after GC invocations=34 (full 0):
 garbage-first heap   total 219136K, used 88256K [0x0000000080000000, 0x0000000100000000)
  region size 1024K, 8 young (8192K), 8 survivors (8192K)
 Metaspace       used 90737K, committed 91392K, reserved 1130496K
  class space    used 12393K, committed 12672K, reserved 1048576K
}
Event: 106.839 GC heap before
{Heap before GC invocations=34 (full 0):
 garbage-first heap   total 219136K, used 164032K [0x0000000080000000, 0x0000000100000000)
  region size 1024K, 83 young (84992K), 8 survivors (8192K)
 Metaspace       used 91444K, committed 92160K, reserved 1130496K
  class space    used 12450K, committed 12800K, reserved 1048576K
}
Event: 106.891 GC heap after
{Heap after GC invocations=35 (full 0):
 garbage-first heap   total 219136K, used 93696K [0x0000000080000000, 0x0000000100000000)
  region size 1024K, 6 young (6144K), 6 survivors (6144K)
 Metaspace       used 91444K, committed 92160K, reserved 1130496K
  class space    used 12450K, committed 12800K, reserved 1048576K
}
Event: 110.034 GC heap before
{Heap before GC invocations=35 (full 0):
 garbage-first heap   total 219136K, used 167424K [0x0000000080000000, 0x0000000100000000)
  region size 1024K, 79 young (80896K), 6 survivors (6144K)
 Metaspace       used 91621K, committed 92416K, reserved 1130496K
  class space    used 12466K, committed 12864K, reserved 1048576K
}
Event: 110.080 GC heap after
{Heap after GC invocations=36 (full 0):
 garbage-first heap   total 219136K, used 99328K [0x0000000080000000, 0x0000000100000000)
  region size 1024K, 6 young (6144K), 6 survivors (6144K)
 Metaspace       used 91621K, committed 92416K, reserved 1130496K
  class space    used 12466K, committed 12864K, reserved 1048576K
}
Event: 113.122 GC heap before
{Heap before GC invocations=36 (full 0):
 garbage-first heap   total 219136K, used 171008K [0x0000000080000000, 0x0000000100000000)
  region size 1024K, 77 young (78848K), 6 survivors (6144K)
 Metaspace       used 91850K, committed 92608K, reserved 1130496K
  class space    used 12493K, committed 12864K, reserved 1048576K
}
Event: 113.164 GC heap after
{Heap after GC invocations=37 (full 0):
 garbage-first heap   total 219136K, used 102912K [0x0000000080000000, 0x0000000100000000)
  region size 1024K, 9 young (9216K), 9 survivors (9216K)
 Metaspace       used 91850K, committed 92608K, reserved 1130496K
  class space    used 12493K, committed 12864K, reserved 1048576K
}
Event: 115.458 GC heap before
{Heap before GC invocations=37 (full 0):
 garbage-first heap   total 219136K, used 174592K [0x0000000080000000, 0x0000000100000000)
  region size 1024K, 80 young (81920K), 9 survivors (9216K)
 Metaspace       used 91917K, committed 92608K, reserved 1130496K
  class space    used 12497K, committed 12864K, reserved 1048576K
}
Event: 115.503 GC heap after
{Heap after GC invocations=38 (full 0):
 garbage-first heap   total 219136K, used 106448K [0x0000000080000000, 0x0000000100000000)
  region size 1024K, 8 young (8192K), 8 survivors (8192K)
 Metaspace       used 91917K, committed 92608K, reserved 1130496K
  class space    used 12497K, committed 12864K, reserved 1048576K
}
Event: 121.216 GC heap before
{Heap before GC invocations=38 (full 0):
 garbage-first heap   total 219136K, used 176080K [0x0000000080000000, 0x0000000100000000)
  region size 1024K, 77 young (78848K), 8 survivors (8192K)
 Metaspace       used 95915K, committed 96704K, reserved 1138688K
  class space    used 12970K, committed 13376K, reserved 1048576K
}
Event: 121.266 GC heap after
{Heap after GC invocations=39 (full 0):
 garbage-first heap   total 219136K, used 113430K [0x0000000080000000, 0x0000000100000000)
  region size 1024K, 10 young (10240K), 10 survivors (10240K)
 Metaspace       used 95915K, committed 96704K, reserved 1138688K
  class space    used 12970K, committed 13376K, reserved 1048576K
}
Event: 125.697 GC heap before
{Heap before GC invocations=39 (full 0):
 garbage-first heap   total 219136K, used 182038K [0x0000000080000000, 0x0000000100000000)
  region size 1024K, 70 young (71680K), 10 survivors (10240K)
 Metaspace       used 100654K, committed 101440K, reserved 1138688K
  class space    used 13577K, committed 14016K, reserved 1048576K
}
Event: 125.751 GC heap after
{Heap after GC invocations=40 (full 0):
 garbage-first heap   total 219136K, used 131072K [0x0000000080000000, 0x0000000100000000)
  region size 1024K, 9 young (9216K), 9 survivors (9216K)
 Metaspace       used 100654K, committed 101440K, reserved 1138688K
  class space    used 13577K, committed 14016K, reserved 1048576K
}
Event: 127.514 GC heap before
{Heap before GC invocations=41 (full 0):
 garbage-first heap   total 288768K, used 200704K [0x0000000080000000, 0x0000000100000000)
  region size 1024K, 56 young (57344K), 9 survivors (9216K)
 Metaspace       used 100825K, committed 101696K, reserved 1138688K
  class space    used 13596K, committed 14016K, reserved 1048576K
}
Event: 127.620 GC heap after
{Heap after GC invocations=42 (full 0):
 garbage-first heap   total 288768K, used 157696K [0x0000000080000000, 0x0000000100000000)
  region size 1024K, 7 young (7168K), 7 survivors (7168K)
 Metaspace       used 100825K, committed 101696K, reserved 1138688K
  class space    used 13596K, committed 14016K, reserved 1048576K
}
Event: 127.775 GC heap before
{Heap before GC invocations=42 (full 0):
 garbage-first heap   total 288768K, used 166912K [0x0000000080000000, 0x0000000100000000)
  region size 1024K, 14 young (14336K), 7 survivors (7168K)
 Metaspace       used 100825K, committed 101696K, reserved 1138688K
  class space    used 13596K, committed 14016K, reserved 1048576K
}
Event: 127.844 GC heap after
{Heap after GC invocations=43 (full 0):
 garbage-first heap   total 288768K, used 161792K [0x0000000080000000, 0x0000000100000000)
  region size 1024K, 2 young (2048K), 2 survivors (2048K)
 Metaspace       used 100825K, committed 101696K, reserved 1138688K
  class space    used 13596K, committed 14016K, reserved 1048576K
}

Deoptimization events (20 events):
Event: 128.545 Thread 0x000001df9ab69a70 Uncommon trap: trap_request=0xffffffde fr.pc=0x000001df87f6c9f0 relative=0x0000000000001310
Event: 128.545 Thread 0x000001df9ab69a70 Uncommon trap: reason=class_check action=maybe_recompile pc=0x000001df87f6c9f0 method=com.android.tools.r8.dex.B.a(ILjava/util/function/Supplier;)Ljava/lang/Object; @ 31 c2
Event: 128.545 Thread 0x000001df9ab69a70 DEOPT PACKING pc=0x000001df87f6c9f0 sp=0x000000cf2eefefd0
Event: 128.545 Thread 0x000001df9ab69a70 DEOPT UNPACKING pc=0x000001df8005239d sp=0x000000cf2eefefe0 mode 2
Event: 128.546 Thread 0x000001df9ab69a70 Uncommon trap: trap_request=0xffffffde fr.pc=0x000001df87f6c9f0 relative=0x0000000000001310
Event: 128.546 Thread 0x000001df9ab69a70 Uncommon trap: reason=class_check action=maybe_recompile pc=0x000001df87f6c9f0 method=com.android.tools.r8.dex.B.a(ILjava/util/function/Supplier;)Ljava/lang/Object; @ 31 c2
Event: 128.546 Thread 0x000001df9ab69a70 DEOPT PACKING pc=0x000001df87f6c9f0 sp=0x000000cf2eefeda0
Event: 128.546 Thread 0x000001df9ab69a70 DEOPT UNPACKING pc=0x000001df8005239d sp=0x000000cf2eefedb0 mode 2
Event: 128.549 Thread 0x000001df9ab69a70 Uncommon trap: trap_request=0xffffffde fr.pc=0x000001df87f6c9f0 relative=0x0000000000001310
Event: 128.549 Thread 0x000001df9ab69a70 Uncommon trap: reason=class_check action=maybe_recompile pc=0x000001df87f6c9f0 method=com.android.tools.r8.dex.B.a(ILjava/util/function/Supplier;)Ljava/lang/Object; @ 31 c2
Event: 128.549 Thread 0x000001df9ab69a70 DEOPT PACKING pc=0x000001df87f6c9f0 sp=0x000000cf2eefebb0
Event: 128.549 Thread 0x000001df9ab69a70 DEOPT UNPACKING pc=0x000001df8005239d sp=0x000000cf2eefebc0 mode 2
Event: 128.554 Thread 0x000001df9ab69a70 Uncommon trap: trap_request=0xffffffde fr.pc=0x000001df87f6c9f0 relative=0x0000000000001310
Event: 128.554 Thread 0x000001df9ab69a70 Uncommon trap: reason=class_check action=maybe_recompile pc=0x000001df87f6c9f0 method=com.android.tools.r8.dex.B.a(ILjava/util/function/Supplier;)Ljava/lang/Object; @ 31 c2
Event: 128.554 Thread 0x000001df9ab69a70 DEOPT PACKING pc=0x000001df87f6c9f0 sp=0x000000cf2eefeda0
Event: 128.554 Thread 0x000001df9ab69a70 DEOPT UNPACKING pc=0x000001df8005239d sp=0x000000cf2eefedb0 mode 2
Event: 129.822 Thread 0x000001df9ab6a8e0 Uncommon trap: trap_request=0xffffff45 fr.pc=0x000001df882c2b58 relative=0x0000000000005138
Event: 129.822 Thread 0x000001df9ab6a8e0 Uncommon trap: reason=unstable_if action=reinterpret pc=0x000001df882c2b58 method=com.android.tools.r8.dex.code.O.a(IILcom/android/tools/r8/dex/code/a;Lcom/android/tools/r8/graph/f5;)Lcom/android/tools/r8/dex/code/B1; @ 1 c2
Event: 129.822 Thread 0x000001df9ab6a8e0 DEOPT PACKING pc=0x000001df882c2b58 sp=0x000000cf2edfef00
Event: 129.822 Thread 0x000001df9ab6a8e0 DEOPT UNPACKING pc=0x000001df8005239d sp=0x000000cf2edfeed0 mode 2

Classes unloaded (0 events):
No events

Classes redefined (0 events):
No events

Internal exceptions (20 events):
Event: 120.778 Thread 0x000001df9463c090 Exception <a 'java/lang/NoSuchMethodError'{0x00000000895f3888}: static Lorg/jetbrains/kotlin/build/report/metrics/BuildMetricsReporterImpl;.<clinit>()V> (0x00000000895f3888) 
thrown [d:\a\1\s\lookaside\java-17-openjdk\src\hotspot\share\prims\jni.cpp, line 1107]
Event: 120.823 Thread 0x000001df9463c090 Exception <a 'java/lang/NoSuchMethodError'{0x0000000089431c00}: static Lorg/jetbrains/kotlin/build/report/metrics/GcMetrics;.<clinit>()V> (0x0000000089431c00) 
thrown [d:\a\1\s\lookaside\java-17-openjdk\src\hotspot\share\prims\jni.cpp, line 1107]
Event: 121.079 Thread 0x000001df9430e530 Exception <a 'sun/nio/fs/WindowsException'{0x00000000893289b8}> (0x00000000893289b8) 
thrown [d:\a\1\s\lookaside\java-17-openjdk\src\hotspot\share\prims\jni.cpp, line 516]
Event: 121.816 Thread 0x000001df9ab67d90 Exception <a 'java/net/ConnectException'{0x000000008d091618}: Connection refused: connect> (0x000000008d091618) 
thrown [d:\a\1\s\lookaside\java-17-openjdk\src\hotspot\share\prims\jni.cpp, line 535]
Event: 121.816 Thread 0x000001df9ab67d90 Exception <a 'java/net/SocketException'{0x000000008d091ea0}: Socket is not connected: shutdown> (0x000000008d091ea0) 
thrown [d:\a\1\s\lookaside\java-17-openjdk\src\hotspot\share\prims\jni.cpp, line 535]
Event: 121.839 Thread 0x000001df9ab67d90 Exception <a 'java/net/ConnectException'{0x000000008d092cf0}: Connection refused: connect> (0x000000008d092cf0) 
thrown [d:\a\1\s\lookaside\java-17-openjdk\src\hotspot\share\prims\jni.cpp, line 535]
Event: 121.839 Thread 0x000001df9ab67d90 Exception <a 'java/net/SocketException'{0x000000008d093578}: Socket is not connected: shutdown> (0x000000008d093578) 
thrown [d:\a\1\s\lookaside\java-17-openjdk\src\hotspot\share\prims\jni.cpp, line 535]
Event: 121.855 Thread 0x000001df9ab67d90 Exception <a 'java/net/ConnectException'{0x000000008d0942f8}: Connection refused: connect> (0x000000008d0942f8) 
thrown [d:\a\1\s\lookaside\java-17-openjdk\src\hotspot\share\prims\jni.cpp, line 535]
Event: 121.855 Thread 0x000001df9ab67d90 Exception <a 'java/net/SocketException'{0x000000008d094b80}: Socket is not connected: shutdown> (0x000000008d094b80) 
thrown [d:\a\1\s\lookaside\java-17-openjdk\src\hotspot\share\prims\jni.cpp, line 535]
Event: 122.684 Thread 0x000001df9ab67d90 Exception <a 'java/lang/NoSuchMethodError'{0x000000008bfda820}: 'void java.lang.invoke.DirectMethodHandle$Holder.invokeStatic(java.lang.Object, long)'> (0x000000008bfda820) 
thrown [d:\a\1\s\lookaside\java-17-openjdk\src\hotspot\share\interpreter\linkResolver.cpp, line 766]
Event: 122.685 Thread 0x000001df9ab67d90 Exception <a 'java/lang/NoSuchMethodError'{0x000000008be834d8}: 'java.lang.Object java.lang.invoke.DirectMethodHandle$Holder.newInvokeSpecial(java.lang.Object, long)'> (0x000000008be834d8) 
thrown [d:\a\1\s\lookaside\java-17-openjdk\src\hotspot\share\interpreter\linkResolver.cpp, line 766]
Event: 122.695 Thread 0x000001df9ab67d90 Exception <a 'java/lang/NoSuchMethodError'{0x000000008bebb160}: 'java.lang.Object java.lang.invoke.DirectMethodHandle$Holder.invokeStatic(java.lang.Object, java.lang.Object, long, java.lang.Object)'> (0x000000008bebb160) 
thrown [d:\a\1\s\lookaside\java-17-openjdk\src\hotspot\share\interpreter\linkResolver.cpp, line 766]
Event: 122.695 Thread 0x000001df9ab67d90 Exception <a 'java/lang/NoSuchMethodError'{0x000000008bebebe0}: 'java.lang.Object java.lang.invoke.DirectMethodHandle$Holder.invokeStaticInit(java.lang.Object, java.lang.Object, long, java.lang.Object)'> (0x000000008bebebe0) 
thrown [d:\a\1\s\lookaside\java-17-openjdk\src\hotspot\share\interpreter\linkResolver.cpp, line 766]
Event: 124.763 Thread 0x000001df9ab68c00 Exception <a 'sun/nio/fs/WindowsException'{0x000000008a266b40}> (0x000000008a266b40) 
thrown [d:\a\1\s\lookaside\java-17-openjdk\src\hotspot\share\prims\jni.cpp, line 516]
Event: 125.798 Thread 0x000001df9ab68c00 Exception <a 'java/lang/NoSuchMethodError'{0x000000008e706f90}: 'java.lang.Object java.lang.invoke.DirectMethodHandle$Holder.invokeStaticInit(java.lang.Object, java.lang.Object, java.lang.Object, java.lang.Object, java.lang.Object, java.lang.Object, java.lang.Object, java.lang.Object, java.lang.Object, java.lang.Object, java.lang.Object, java.lang.Object, java.lang.Object, java.lang.Object, java.lang.Object, java.lang.Object, java.lang.Object, java.lang.Object, java.lang.Object, java.lang.Object, int, java
Event: 128.494 Thread 0x000001df9ab6a8e0 Exception <a 'java/lang/IncompatibleClassChangeError'{0x0000000090a0b618}: Found class java.lang.Object, but interface was expected> (0x0000000090a0b618) 
thrown [d:\a\1\s\lookaside\java-17-openjdk\src\hotspot\share\interpreter\linkResolver.cpp, line 833]
Event: 128.586 Thread 0x000001df9ab69a70 Exception <a 'java/lang/IncompatibleClassChangeError'{0x000000009094dca8}: Found class java.lang.Object, but interface was expected> (0x000000009094dca8) 
thrown [d:\a\1\s\lookaside\java-17-openjdk\src\hotspot\share\interpreter\linkResolver.cpp, line 833]
Event: 128.588 Thread 0x000001df9ab69a70 Exception <a 'java/lang/IncompatibleClassChangeError'{0x0000000090954d30}: Found class java.lang.Object, but interface was expected> (0x0000000090954d30) 
thrown [d:\a\1\s\lookaside\java-17-openjdk\src\hotspot\share\interpreter\linkResolver.cpp, line 833]
Event: 128.598 Thread 0x000001df9ab6a8e0 Exception <a 'java/lang/NoSuchMethodError'{0x00000000909700e0}: 'long java.lang.invoke.DirectMethodHandle$Holder.invokeStatic(java.lang.Object, java.lang.Object)'> (0x00000000909700e0) 
thrown [d:\a\1\s\lookaside\java-17-openjdk\src\hotspot\share\interpreter\linkResolver.cpp, line 766]
Event: 128.599 Thread 0x000001df9ab6a8e0 Exception <a 'java/lang/NoSuchMethodError'{0x0000000090999f50}: 'long java.lang.invoke.DirectMethodHandle$Holder.invokeStaticInit(java.lang.Object, java.lang.Object)'> (0x0000000090999f50) 
thrown [d:\a\1\s\lookaside\java-17-openjdk\src\hotspot\share\interpreter\linkResolver.cpp, line 766]

VM Operations (20 events):
Event: 125.499 Executing VM operation: Cleanup
Event: 125.499 Executing VM operation: Cleanup done
Event: 125.697 Executing VM operation: CollectForMetadataAllocation
Event: 125.751 Executing VM operation: CollectForMetadataAllocation done
Event: 126.136 Executing VM operation: G1Concurrent
Event: 126.193 Executing VM operation: G1Concurrent done
Event: 126.361 Executing VM operation: G1Concurrent
Event: 126.362 Executing VM operation: G1Concurrent done
Event: 127.365 Executing VM operation: Cleanup
Event: 127.367 Executing VM operation: Cleanup done
Event: 127.514 Executing VM operation: G1CollectForAllocation
Event: 127.631 Executing VM operation: G1CollectForAllocation done
Event: 127.774 Executing VM operation: G1CollectForAllocation
Event: 127.858 Executing VM operation: G1CollectForAllocation done
Event: 128.868 Executing VM operation: Cleanup
Event: 128.907 Executing VM operation: Cleanup done
Event: 129.910 Executing VM operation: Cleanup
Event: 129.985 Executing VM operation: Cleanup done
Event: 130.306 Executing VM operation: ICBufferFull
Event: 130.307 Executing VM operation: ICBufferFull done

Events (20 events):
Event: 128.357 loading class java/util/concurrent/ForkJoinPool$DefaultForkJoinWorkerThreadFactory$1 done
Event: 128.358 Thread 0x000001df9ab6a8e0 Thread added: 0x000001df9ab6a8e0
Event: 128.476 Thread 0x000001df9ab69a70 Thread added: 0x000001df9ab69a70
Event: 128.517 loading class java/lang/reflect/GenericSignatureFormatError
Event: 128.517 loading class java/lang/reflect/GenericSignatureFormatError done
Event: 128.851 loading class java/nio/ShortBuffer
Event: 128.851 loading class java/nio/ShortBuffer done
Event: 128.851 loading class java/nio/HeapShortBuffer
Event: 128.852 loading class java/nio/HeapShortBuffer done
Event: 128.923 loading class java/util/AbstractList$RandomAccessSubList
Event: 128.923 loading class java/util/AbstractList$SubList
Event: 128.923 loading class java/util/AbstractList$SubList done
Event: 128.923 loading class java/util/AbstractList$RandomAccessSubList done
Event: 128.923 loading class java/util/AbstractList$SubList$1
Event: 128.926 loading class java/util/AbstractList$SubList$1 done
Event: 128.981 Thread 0x000001df9ab68260 Thread exited: 0x000001df9ab68260
Event: 128.985 loading class sun/rmi/transport/tcp/TCPConnection
Event: 128.989 loading class sun/rmi/transport/Connection
Event: 128.989 loading class sun/rmi/transport/Connection done
Event: 128.989 loading class sun/rmi/transport/tcp/TCPConnection done


Dynamic libraries:
0x00007ff711ce0000 - 0x00007ff711d01000 	D:\java\ojdkbuild\java-17-openjdk-17.0.3.0.6-1\bin\java.exe
0x00007ff85fdb0000 - 0x00007ff85ffc7000 	C:\Windows\SYSTEM32\ntdll.dll
0x00007ff85e170000 - 0x00007ff85e234000 	C:\Windows\System32\KERNEL32.DLL
0x00007ff85d750000 - 0x00007ff85daf6000 	C:\Windows\System32\KERNELBASE.dll
0x00007ff85d4a0000 - 0x00007ff85d5b1000 	C:\Windows\System32\ucrtbase.dll
0x00007ff856f00000 - 0x00007ff856f18000 	D:\java\ojdkbuild\java-17-openjdk-17.0.3.0.6-1\bin\jli.dll
0x00007ff849720000 - 0x00007ff84973b000 	D:\java\ojdkbuild\java-17-openjdk-17.0.3.0.6-1\bin\VCRUNTIME140.dll
0x00007ff85ed70000 - 0x00007ff85ef1e000 	C:\Windows\System32\USER32.dll
0x00007ff85d260000 - 0x00007ff85d286000 	C:\Windows\System32\win32u.dll
0x00007ff8493f0000 - 0x00007ff849683000 	C:\Windows\WinSxS\amd64_microsoft.windows.common-controls_6595b64144ccf1df_6.0.22621.2506_none_270c5ae97388e100\COMCTL32.dll
0x00007ff85e9a0000 - 0x00007ff85e9c9000 	C:\Windows\System32\GDI32.dll
0x00007ff85d290000 - 0x00007ff85d3a8000 	C:\Windows\System32\gdi32full.dll
0x00007ff85ec40000 - 0x00007ff85ece7000 	C:\Windows\System32\msvcrt.dll
0x00007ff85d6b0000 - 0x00007ff85d74a000 	C:\Windows\System32\msvcp_win.dll
0x00007ff85e240000 - 0x00007ff85e271000 	C:\Windows\System32\IMM32.DLL
0x00007ff859270000 - 0x00007ff85927c000 	D:\java\ojdkbuild\java-17-openjdk-17.0.3.0.6-1\bin\vcruntime140_1.dll
0x00007ff81de50000 - 0x00007ff81dedd000 	D:\java\ojdkbuild\java-17-openjdk-17.0.3.0.6-1\bin\msvcp140.dll
0x00007fffd8960000 - 0x00007fffd95bf000 	D:\java\ojdkbuild\java-17-openjdk-17.0.3.0.6-1\bin\server\jvm.dll
0x00007ff85e3c0000 - 0x00007ff85e473000 	C:\Windows\System32\ADVAPI32.dll
0x00007ff85e5a0000 - 0x00007ff85e648000 	C:\Windows\System32\sechost.dll
0x00007ff85d470000 - 0x00007ff85d498000 	C:\Windows\System32\bcrypt.dll
0x00007ff85e480000 - 0x00007ff85e597000 	C:\Windows\System32\RPCRT4.dll
0x00007ff85e990000 - 0x00007ff85e998000 	C:\Windows\System32\PSAPI.DLL
0x00007ff83ee40000 - 0x00007ff83ee49000 	C:\Windows\SYSTEM32\WSOCK32.dll
0x00007ff85ef30000 - 0x00007ff85efa1000 	C:\Windows\System32\WS2_32.dll
0x00007ff82e330000 - 0x00007ff82e364000 	C:\Windows\SYSTEM32\WINMM.dll
0x00007ff849f00000 - 0x00007ff849f0a000 	C:\Windows\SYSTEM32\VERSION.dll
0x00007ff85c180000 - 0x00007ff85c198000 	C:\Windows\SYSTEM32\kernel.appcore.dll
0x00007ff84d470000 - 0x00007ff84d47a000 	D:\java\ojdkbuild\java-17-openjdk-17.0.3.0.6-1\bin\jimage.dll
0x00007ff85aa40000 - 0x00007ff85ac73000 	C:\Windows\SYSTEM32\DBGHELP.DLL
0x00007ff85f820000 - 0x00007ff85fba9000 	C:\Windows\System32\combase.dll
0x00007ff85e280000 - 0x00007ff85e357000 	C:\Windows\System32\OLEAUT32.dll
0x00007ff843da0000 - 0x00007ff843dd2000 	C:\Windows\SYSTEM32\dbgcore.DLL
0x00007ff85d630000 - 0x00007ff85d6aa000 	C:\Windows\System32\bcryptPrimitives.dll
0x00007ff845c60000 - 0x00007ff845c85000 	D:\java\ojdkbuild\java-17-openjdk-17.0.3.0.6-1\bin\java.dll
0x00007ff80fab0000 - 0x00007ff80fb87000 	D:\java\ojdkbuild\java-17-openjdk-17.0.3.0.6-1\bin\jsvml.dll
0x00007ff85efc0000 - 0x00007ff85f81b000 	C:\Windows\System32\SHELL32.dll
0x00007ff85b010000 - 0x00007ff85b906000 	C:\Windows\SYSTEM32\windows.storage.dll
0x00007ff85aed0000 - 0x00007ff85b00e000 	C:\Windows\SYSTEM32\wintypes.dll
0x00007ff85db00000 - 0x00007ff85dbf3000 	C:\Windows\System32\SHCORE.dll
0x00007ff85e650000 - 0x00007ff85e6ae000 	C:\Windows\System32\shlwapi.dll
0x00007ff85d020000 - 0x00007ff85d046000 	C:\Windows\SYSTEM32\profapi.dll
0x00007ff8496b0000 - 0x00007ff8496c9000 	D:\java\ojdkbuild\java-17-openjdk-17.0.3.0.6-1\bin\net.dll
0x00007ff8531f0000 - 0x00007ff853327000 	C:\Windows\SYSTEM32\WINHTTP.dll
0x00007ff85c650000 - 0x00007ff85c6b9000 	C:\Windows\system32\mswsock.dll
0x00007ff8493b0000 - 0x00007ff8493c6000 	D:\java\ojdkbuild\java-17-openjdk-17.0.3.0.6-1\bin\nio.dll
0x00007ff849080000 - 0x00007ff849098000 	D:\java\ojdkbuild\java-17-openjdk-17.0.3.0.6-1\bin\zip.dll
0x00007ff848d50000 - 0x00007ff848d60000 	D:\java\ojdkbuild\java-17-openjdk-17.0.3.0.6-1\bin\verify.dll
0x00007ff835b50000 - 0x00007ff835b77000 	C:\Users\11218\.gradle\native\68d5fa5c4cc2d200863cafc0d521ce42e7d3e7ee720ec0a83991735586a16f82\windows-amd64\native-platform.dll
0x00007ff807f30000 - 0x00007ff808074000 	C:\Users\11218\.gradle\native\e376f236ea51e6404a007f0833ffe2c6e607c4080706a723a18a27aeea778392\windows-amd64\native-platform-file-events.dll
0x00007ff848a40000 - 0x00007ff848a49000 	D:\java\ojdkbuild\java-17-openjdk-17.0.3.0.6-1\bin\management.dll
0x00007ff846b90000 - 0x00007ff846b9b000 	D:\java\ojdkbuild\java-17-openjdk-17.0.3.0.6-1\bin\management_ext.dll
0x00007ff85c9a0000 - 0x00007ff85c9bb000 	C:\Windows\SYSTEM32\CRYPTSP.dll
0x00007ff85c140000 - 0x00007ff85c175000 	C:\Windows\system32\rsaenh.dll
0x00007ff85c6f0000 - 0x00007ff85c71c000 	C:\Windows\SYSTEM32\USERENV.dll
0x00007ff85c980000 - 0x00007ff85c98c000 	C:\Windows\SYSTEM32\CRYPTBASE.dll
0x00007ff85bc20000 - 0x00007ff85bc4d000 	C:\Windows\SYSTEM32\IPHLPAPI.DLL
0x00007ff85eb30000 - 0x00007ff85eb39000 	C:\Windows\System32\NSI.dll
0x00007ff8531d0000 - 0x00007ff8531e9000 	C:\Windows\SYSTEM32\dhcpcsvc6.DLL
0x00007ff8531b0000 - 0x00007ff8531cf000 	C:\Windows\SYSTEM32\dhcpcsvc.DLL
0x00007ff85bca0000 - 0x00007ff85bd99000 	C:\Windows\SYSTEM32\DNSAPI.dll
0x00007ff8423b0000 - 0x00007ff8423bd000 	D:\java\ojdkbuild\java-17-openjdk-17.0.3.0.6-1\bin\sunmscapi.dll
0x00007ff85d0f0000 - 0x00007ff85d256000 	C:\Windows\System32\CRYPT32.dll
0x00007ff85cab0000 - 0x00007ff85cade000 	C:\Windows\SYSTEM32\ncrypt.dll
0x00007ff85ca70000 - 0x00007ff85caa7000 	C:\Windows\SYSTEM32\NTASN1.dll
0x00007ff8496e0000 - 0x00007ff8496e8000 	C:\Windows\system32\wshunix.dll
0x00007ff849e50000 - 0x00007ff849e5a000 	C:\Windows\System32\rasadhlp.dll
0x00007ff849be0000 - 0x00007ff849c63000 	C:\Windows\System32\fwpuclnt.dll
0x00007ff83bf20000 - 0x00007ff83bf37000 	C:\Windows\system32\napinsp.dll
0x00007ff83bf00000 - 0x00007ff83bf1b000 	C:\Windows\system32\pnrpnsp.dll
0x00007ff83bee0000 - 0x00007ff83bef1000 	C:\Windows\System32\winrnr.dll
0x00007ff849f10000 - 0x00007ff849f25000 	C:\Windows\system32\wshbth.dll
0x00007ff83beb0000 - 0x00007ff83bed1000 	C:\Windows\system32\nlansp_c.dll
0x00007ff83b680000 - 0x00007ff83b69e000 	C:\Users\11218\AppData\Local\temp\native-platform7454935616833710253dir\native-platform.dll

dbghelp: loaded successfully - version: 4.0.5 - missing functions: none
symbol engine: initialized successfully - sym options: 0x614 - pdb path: .;D:\java\ojdkbuild\java-17-openjdk-17.0.3.0.6-1\bin;C:\Windows\SYSTEM32;C:\Windows\WinSxS\amd64_microsoft.windows.common-controls_6595b64144ccf1df_6.0.22621.2506_none_270c5ae97388e100;D:\java\ojdkbuild\java-17-openjdk-17.0.3.0.6-1\bin\server;C:\Users\11218\.gradle\native\68d5fa5c4cc2d200863cafc0d521ce42e7d3e7ee720ec0a83991735586a16f82\windows-amd64;C:\Users\11218\.gradle\native\e376f236ea51e6404a007f0833ffe2c6e607c4080706a723a18a27aeea778392\windows-amd64;C:\Users\11218\AppData\Local\temp\native-platform7454935616833710253dir

VM Arguments:
jvm_args: --add-opens=java.base/java.util=ALL-UNNAMED --add-opens=java.base/java.lang=ALL-UNNAMED --add-opens=java.base/java.lang.invoke=ALL-UNNAMED --add-opens=java.prefs/java.util.prefs=ALL-UNNAMED --add-opens=java.base/java.nio.charset=ALL-UNNAMED --add-opens=java.base/java.net=ALL-UNNAMED --add-opens=java.base/java.util.concurrent.atomic=ALL-UNNAMED -Xmx2048m -Dfile.encoding=UTF-8 -Duser.country=CN -Duser.language=zh -Duser.variant 
java_command: org.gradle.launcher.daemon.bootstrap.GradleDaemon 8.0
java_class_path (initial): C:\Users\11218\.gradle\wrapper\dists\gradle-8.0-all\a2o1xoguejy6msdh0lk99lxza\gradle-8.0\lib\gradle-launcher-8.0.jar
Launcher Type: SUN_STANDARD

[Global flags]
     intx CICompilerCount                          = 2                                         {product} {ergonomic}
     uint ConcGCThreads                            = 1                                         {product} {ergonomic}
     uint G1ConcRefinementThreads                  = 2                                         {product} {ergonomic}
   size_t G1HeapRegionSize                         = 1048576                                   {product} {ergonomic}
    uintx GCDrainStackTargetSize                   = 64                                        {product} {ergonomic}
   size_t InitialHeapSize                          = 132120576                                 {product} {ergonomic}
   size_t MarkStackSize                            = 4194304                                   {product} {ergonomic}
   size_t MaxHeapSize                              = 2147483648                                {product} {command line}
   size_t MaxNewSize                               = 1287651328                                {product} {ergonomic}
   size_t MinHeapDeltaBytes                        = 1048576                                   {product} {ergonomic}
   size_t MinHeapSize                              = 8388608                                   {product} {ergonomic}
    uintx NonNMethodCodeHeapSize                   = 5826188                                {pd product} {ergonomic}
    uintx NonProfiledCodeHeapSize                  = 122916026                              {pd product} {ergonomic}
    uintx ProfiledCodeHeapSize                     = 122916026                              {pd product} {ergonomic}
    uintx ReservedCodeCacheSize                    = 251658240                              {pd product} {ergonomic}
     bool SegmentedCodeCache                       = true                                      {product} {ergonomic}
   size_t SoftMaxHeapSize                          = 2147483648                             {manageable} {ergonomic}
     bool UseCompressedClassPointers               = true                           {product lp64_product} {ergonomic}
     bool UseCompressedOops                        = true                           {product lp64_product} {ergonomic}
     bool UseG1GC                                  = true                                      {product} {ergonomic}
     bool UseLargePagesIndividualAllocation        = false                                  {pd product} {ergonomic}

Logging:
Log output configuration:
 #0: stdout all=warning uptime,level,tags
 #1: stderr all=off uptime,level,tags

Environment Variables:
JAVA_HOME=D:\java\ojdkbuild\java-17-openjdk-17.0.3.0.6-1
CLASSPATH=D:\androidLearning\AndroidStudioProjects\serviceTest1\\gradle\wrapper\gradle-wrapper.jar
PATH=C:\Users\11218\miniconda3\condabin;C:\Windows\system32;C:\Windows;C:\Windows\System32\Wbem;C:\Windows\System32\WindowsPowerShell\v1.0\;C:\Windows\System32\OpenSSH\;D:\powershell\powershell7;d:\python3.11;C:\Program Files\WinRAR;C:\Program Files\Microsoft Office\root\Office16;C:\Program Files\PuTTY\;C:\Users\11218\AppData\Local\Microsoft\WindowsApps;C:\Program Files\dotnet\;D:\mytools\MinGit-2.11.1.mingit.prerelease.4-64-bit\cmd;D:\mytools\MinGit-2.11.1.mingit.prerelease.4-64-bit\usr\bin;D:\mytools\WiresharkPortable64\App\Wireshark;D:\MYTOOLS\SPSS1\JRE\bin;D:\myPython\goods;D:\mytools\SPSS1;C:\Users\11218\AppData\Roaming\nvda\addons\NVBox\globalPlugins\nvbox\adb;d:\java\ojdkbuild\java-17-openjdk-17.0.3.0.6-1.jre\bin;C:\Program Files\Docker\Docker\resources\bin;d:\java\ojdkbuild\java-17-openjdk-17.0.3.0.6-1\bin;D:\androidLearning\gradle\gradle-8.0\bin;D:\java\ojdkbuild\java-17-openjdk-17.0.3.0.6-1\bin;D:/java/ojdkbuild/java-17-openjdk-17.0.3.0.6-1.jre\bin;D:/java/ojdkbuild/java-17-openjdk-17.0.3.0.6-1.jre\bin\server;D:\ANDROIDLEARNING\REVERSE;C:\Users\11218\AppData\Local\Programs\Python\Python311;D:\myPython\NVSrC;C:\Users\11218\.gradle\wrapper\dists\gradle-8.0-all\a2o1xoguejy6msdh0lk99lxza\gradle-8.0\bin;D:\androidLearning\REVERSE\jadx\bin;C:\Program Files\Cloudflare\Cloudflare WARP\;D:\mypython\nvsrc\py-3-11-32\Scripts\;D:\mypython\nvsrc\py-3-11-32\;C:\Users\11218\AppData\Local\Programs\Python\Python311\;C:\Users\11218\miniconda3;C:\Users\11218\miniconda3\Library\mingw-w64\bin;C:\Users\11218\miniconda3\Library\usr\bin;C:\Users\11218\miniconda3\Library\bin;C:\Users\11218\miniconda3\Scripts;C:\Users\11218\scoop\shims;C:\Users\11218\AppData\Local\Microsoft\WindowsApps;C:\Users\11218\AppData\Local\Programs\Microsoft VS Code\bin;D:\myPython\goods;C:\Users\11218\AppData\Local\Microsoft\WinGet\Links;C:\Users\11218\.dotnet\tools
USERNAME=Stranger
OS=Windows_NT
PROCESSOR_IDENTIFIER=Intel64 Family 6 Model 122 Stepping 8, GenuineIntel



---------------  S Y S T E M  ---------------

OS:
 Windows 11 , 64 bit Build 22621 (10.0.22621.3085)
OS uptime: 6 days 22:41 hours
Hyper-V role detected

CPU: total 2 (initial active 2) (2 cores per cpu, 1 threads per core) family 6 model 122 stepping 8 microcode 0x1a, cx8, cmov, fxsr, mmx, 3dnowpref, sse, sse2, sse3, ssse3, sse4.1, sse4.2, popcnt, tsc, tscinvbit, aes, erms, clmul, sha, clflush, clflushopt, hv

Memory: 4k page, system-wide physical 7995M (784M free)
TotalPageFile size 18209M (AvailPageFile size 6M)
current process WorkingSet (physical memory assigned to process): 545M, peak: 545M
current process commit charge ("private bytes"): 597M, peak: 599M

vm_info: OpenJDK 64-Bit Server VM (17.0.3+6-LTS) for windows-amd64 JRE (17.0.3+6-LTS), built on May  3 2022 21:26:56 by "" with MS VC++ 16.10 / 16.11 (VS2019)

END.
