#
# There is insufficient memory for the Java Runtime Environment to continue.
# Native memory allocation (malloc) failed to allocate 262160 bytes for Chunk::new
# Possible reasons:
#   The system is out of physical RAM or swap space
#   The process is running with CompressedOops enabled, and the Java Heap may be blocking the growth of the native heap
# Possible solutions:
#   Reduce memory load on the system
#   Increase physical memory or swap space
#   Check if swap backing store is full
#   Decrease Java heap size (-Xmx/-Xms)
#   Decrease number of Java threads
#   Decrease Java thread stack sizes (-Xss)
#   Set larger code cache with -XX:ReservedCodeCacheSize=
#   JVM is running with Unscaled Compressed Oops mode in which the Java heap is
#     placed in the first 4GB address space. The Java Heap base address is the
#     maximum limit for the native heap growth. Please use -XX:HeapBaseMinAddress
#     to set the Java Heap base and to place the Java Heap above 4GB virtual address.
# This output file may be truncated or incomplete.
#
#  Out of Memory Error (arena.cpp:189), pid=12148, tid=31532
#
# JRE version: OpenJDK Runtime Environment 21.9 (17.0.3+6) (build 17.0.3+6-LTS)
# Java VM: OpenJDK 64-Bit Server VM 21.9 (17.0.3+6-LTS, mixed mode, sharing, tiered, compressed oops, compressed class ptrs, g1 gc, windows-amd64)
# No core dump will be written. Minidumps are not enabled by default on client versions of Windows
#

---------------  S U M M A R Y ------------

Command Line: org.jetbrains.kotlin.cli.jvm.K2JVMCompiler @D:\androidLearning\AndroidStudioProjects\serviceTest1\app\build\20240317_14891944831699479543.compiler.options

Host: Intel(R) Celeron(R) N4020 CPU @ 1.10GHz, 2 cores, 7G,  Windows 11 , 64 bit Build 22621 (10.0.22621.3085)
Time: Sun Mar 17 15:36:07 2024  Windows 11 , 64 bit Build 22621 (10.0.22621.3085) elapsed time: 10.204115 seconds (0d 0h 0m 10s)

---------------  T H R E A D  ---------------

Current thread (0x000001b42fa27740):  JavaThread "C2 CompilerThread0" daemon [_thread_in_native, id=31532, stack(0x0000001c5ae00000,0x0000001c5af00000)]


Current CompileTask:
C2:  10204 1831   !   4       jdk.internal.loader.BuiltinClassLoader::loadClassOrNull (143 bytes)

Stack: [0x0000001c5ae00000,0x0000001c5af00000]
Native frames: (J=compiled Java code, j=interpreted, Vv=VM code, C=native code)
V  [jvm.dll+0x67720a]
V  [jvm.dll+0x832514]
V  [jvm.dll+0x833cbe]
V  [jvm.dll+0x834323]
V  [jvm.dll+0x245815]
V  [jvm.dll+0xabf1b]
V  [jvm.dll+0xac4ac]
V  [jvm.dll+0xac02b]
V  [jvm.dll+0x6548ac]
V  [jvm.dll+0x603187]
V  [jvm.dll+0x603384]
V  [jvm.dll+0x602fec]
V  [jvm.dll+0x603384]
V  [jvm.dll+0x602fec]
V  [jvm.dll+0x6089ab]
V  [jvm.dll+0x609772]
V  [jvm.dll+0x607cd4]
V  [jvm.dll+0x2185e8]
V  [jvm.dll+0x217b91]
V  [jvm.dll+0x1a400d]
V  [jvm.dll+0x227508]
V  [jvm.dll+0x22565c]
V  [jvm.dll+0x7e7d5c]
V  [jvm.dll+0x7e230a]
V  [jvm.dll+0x676095]
C  [ucrtbase.dll+0x29363]
C  [KERNEL32.DLL+0x1257d]
C  [ntdll.dll+0x5aa58]


---------------  P R O C E S S  ---------------

Threads class SMR info:
_java_thread_list=0x000001b4304a8030, length=12, elements={
0x000001b412554190, 0x000001b42fa0ab70, 0x000001b42fa0b9e0, 0x000001b42fa20510,
0x000001b42fa22230, 0x000001b42fa24bf0, 0x000001b42fa255a0, 0x000001b42fa27740,
0x000001b42fa281e0, 0x000001b42faa3640, 0x000001b4304a6bf0, 0x000001b4304ad290
}

Java Threads: ( => current thread )
  0x000001b412554190 JavaThread "main" [_thread_in_vm, id=19452, stack(0x0000001c5a100000,0x0000001c5a200000)]
  0x000001b42fa0ab70 JavaThread "Reference Handler" daemon [_thread_blocked, id=7628, stack(0x0000001c5a800000,0x0000001c5a900000)]
  0x000001b42fa0b9e0 JavaThread "Finalizer" daemon [_thread_blocked, id=7112, stack(0x0000001c5a900000,0x0000001c5aa00000)]
  0x000001b42fa20510 JavaThread "Signal Dispatcher" daemon [_thread_blocked, id=20764, stack(0x0000001c5aa00000,0x0000001c5ab00000)]
  0x000001b42fa22230 JavaThread "Attach Listener" daemon [_thread_blocked, id=28748, stack(0x0000001c5ab00000,0x0000001c5ac00000)]
  0x000001b42fa24bf0 JavaThread "Service Thread" daemon [_thread_blocked, id=31256, stack(0x0000001c5ac00000,0x0000001c5ad00000)]
  0x000001b42fa255a0 JavaThread "Monitor Deflation Thread" daemon [_thread_blocked, id=1056, stack(0x0000001c5ad00000,0x0000001c5ae00000)]
=>0x000001b42fa27740 JavaThread "C2 CompilerThread0" daemon [_thread_in_native, id=31532, stack(0x0000001c5ae00000,0x0000001c5af00000)]
  0x000001b42fa281e0 JavaThread "C1 CompilerThread0" daemon [_thread_blocked, id=28564, stack(0x0000001c5af00000,0x0000001c5b000000)]
  0x000001b42faa3640 JavaThread "Sweeper thread" daemon [_thread_blocked, id=30692, stack(0x0000001c5b000000,0x0000001c5b100000)]
  0x000001b4304a6bf0 JavaThread "Notification Thread" daemon [_thread_blocked, id=14048, stack(0x0000001c5b100000,0x0000001c5b200000)]
  0x000001b4304ad290 JavaThread "Common-Cleaner" daemon [_thread_blocked, id=31764, stack(0x0000001c5b300000,0x0000001c5b400000)]

Other Threads:
  0x000001b42fa053d0 VMThread "VM Thread" [stack: 0x0000001c5a700000,0x0000001c5a800000] [id=10396]
  0x000001b42f9f24e0 WatcherThread [stack: 0x0000001c5b200000,0x0000001c5b300000] [id=32640]
  0x000001b4125ac030 GCTaskThread "GC Thread#0" [stack: 0x0000001c5a200000,0x0000001c5a300000] [id=30728]
  0x000001b43061b1c0 GCTaskThread "GC Thread#1" [stack: 0x0000001c5b400000,0x0000001c5b500000] [id=25704]
  0x000001b4125bc970 ConcurrentGCThread "G1 Main Marker" [stack: 0x0000001c5a300000,0x0000001c5a400000] [id=29784]
  0x000001b4125bd380 ConcurrentGCThread "G1 Conc#0" [stack: 0x0000001c5a400000,0x0000001c5a500000] [id=29036]
  0x000001b41261dbd0 ConcurrentGCThread "G1 Refine#0" [stack: 0x0000001c5a500000,0x0000001c5a600000] [id=25032]
  0x000001b41261e5f0 ConcurrentGCThread "G1 Service" [stack: 0x0000001c5a600000,0x0000001c5a700000] [id=20752]

Threads with active compile tasks:
C2 CompilerThread0    10247 1831   !   4       jdk.internal.loader.BuiltinClassLoader::loadClassOrNull (143 bytes)

VM state: not at safepoint (normal execution)

VM Mutex/Monitor currently owned by a thread: None

Heap address: 0x0000000083000000, size: 2000 MB, Compressed Oops mode: 32-bit

CDS archive(s) mapped at: [0x0000000800000000-0x0000000800bc0000-0x0000000800bc0000), size 12320768, SharedBaseAddress: 0x0000000800000000, ArchiveRelocationMode: 0.
Compressed class space mapped at: 0x0000000800c00000-0x0000000840c00000, reserved size: 1073741824
Narrow klass base: 0x0000000800000000, Narrow klass shift: 0, Narrow klass range: 0x100000000

GC Precious Log:
 CPUs: 2 total, 2 available
 Memory: 7995M
 Large Page Support: Disabled
 NUMA Support: Disabled
 Compressed Oops: Enabled (32-bit)
 Heap Region Size: 1M
 Heap Min Capacity: 8M
 Heap Initial Capacity: 126M
 Heap Max Capacity: 2000M
 Pre-touch: Disabled
 Parallel Workers: 2
 Concurrent Workers: 1
 Concurrent Refinement Workers: 2
 Periodic GC: Disabled

Heap:
 garbage-first heap   total 129024K, used 50952K [0x0000000083000000, 0x0000000100000000)
  region size 1024K, 45 young (46080K), 1 survivors (1024K)
 Metaspace       used 17213K, committed 17408K, reserved 1073152K
  class space    used 1959K, committed 2048K, reserved 1048576K

Heap Regions: E=young(eden), S=young(survivor), O=old, HS=humongous(starts), HC=humongous(continues), CS=collection set, F=free, OA=open archive, CA=closed archive, TAMS=top-at-mark-start (previous, next)
|   0|0x0000000083000000, 0x0000000083100000, 0x0000000083100000|100%|HS|  |TAMS 0x0000000083000000, 0x0000000083000000| Complete 
|   1|0x0000000083100000, 0x0000000083200000, 0x0000000083200000|100%|HC|  |TAMS 0x0000000083100000, 0x0000000083100000| Complete 
|   2|0x0000000083200000, 0x0000000083300000, 0x0000000083300000|100%|HC|  |TAMS 0x0000000083200000, 0x0000000083200000| Complete 
|   3|0x0000000083300000, 0x0000000083400000, 0x0000000083400000|100%|HC|  |TAMS 0x0000000083300000, 0x0000000083300000| Complete 
|   4|0x0000000083400000, 0x0000000083400000, 0x0000000083500000|  0%| F|  |TAMS 0x0000000083400000, 0x0000000083400000| Untracked 
|   5|0x0000000083500000, 0x0000000083600000, 0x0000000083600000|100%| O|  |TAMS 0x0000000083500000, 0x0000000083500000| Untracked 
|   6|0x0000000083600000, 0x00000000836cf600, 0x0000000083700000| 81%| O|  |TAMS 0x0000000083600000, 0x0000000083600000| Untracked 
|   7|0x0000000083700000, 0x0000000083700000, 0x0000000083800000|  0%| F|  |TAMS 0x0000000083700000, 0x0000000083700000| Untracked 
|   8|0x0000000083800000, 0x0000000083800000, 0x0000000083900000|  0%| F|  |TAMS 0x0000000083800000, 0x0000000083800000| Untracked 
|   9|0x0000000083900000, 0x0000000083900000, 0x0000000083a00000|  0%| F|  |TAMS 0x0000000083900000, 0x0000000083900000| Untracked 
|  10|0x0000000083a00000, 0x0000000083a00000, 0x0000000083b00000|  0%| F|  |TAMS 0x0000000083a00000, 0x0000000083a00000| Untracked 
|  11|0x0000000083b00000, 0x0000000083b00000, 0x0000000083c00000|  0%| F|  |TAMS 0x0000000083b00000, 0x0000000083b00000| Untracked 
|  12|0x0000000083c00000, 0x0000000083c00000, 0x0000000083d00000|  0%| F|  |TAMS 0x0000000083c00000, 0x0000000083c00000| Untracked 
|  13|0x0000000083d00000, 0x0000000083d00000, 0x0000000083e00000|  0%| F|  |TAMS 0x0000000083d00000, 0x0000000083d00000| Untracked 
|  14|0x0000000083e00000, 0x0000000083e00000, 0x0000000083f00000|  0%| F|  |TAMS 0x0000000083e00000, 0x0000000083e00000| Untracked 
|  15|0x0000000083f00000, 0x0000000083f00000, 0x0000000084000000|  0%| F|  |TAMS 0x0000000083f00000, 0x0000000083f00000| Untracked 
|  16|0x0000000084000000, 0x0000000084000000, 0x0000000084100000|  0%| F|  |TAMS 0x0000000084000000, 0x0000000084000000| Untracked 
|  17|0x0000000084100000, 0x0000000084100000, 0x0000000084200000|  0%| F|  |TAMS 0x0000000084100000, 0x0000000084100000| Untracked 
|  18|0x0000000084200000, 0x0000000084200000, 0x0000000084300000|  0%| F|  |TAMS 0x0000000084200000, 0x0000000084200000| Untracked 
|  19|0x0000000084300000, 0x0000000084300000, 0x0000000084400000|  0%| F|  |TAMS 0x0000000084300000, 0x0000000084300000| Untracked 
|  20|0x0000000084400000, 0x0000000084400000, 0x0000000084500000|  0%| F|  |TAMS 0x0000000084400000, 0x0000000084400000| Untracked 
|  21|0x0000000084500000, 0x0000000084500000, 0x0000000084600000|  0%| F|  |TAMS 0x0000000084500000, 0x0000000084500000| Untracked 
|  22|0x0000000084600000, 0x0000000084600000, 0x0000000084700000|  0%| F|  |TAMS 0x0000000084600000, 0x0000000084600000| Untracked 
|  23|0x0000000084700000, 0x0000000084700000, 0x0000000084800000|  0%| F|  |TAMS 0x0000000084700000, 0x0000000084700000| Untracked 
|  24|0x0000000084800000, 0x0000000084800000, 0x0000000084900000|  0%| F|  |TAMS 0x0000000084800000, 0x0000000084800000| Untracked 
|  25|0x0000000084900000, 0x0000000084900000, 0x0000000084a00000|  0%| F|  |TAMS 0x0000000084900000, 0x0000000084900000| Untracked 
|  26|0x0000000084a00000, 0x0000000084a00000, 0x0000000084b00000|  0%| F|  |TAMS 0x0000000084a00000, 0x0000000084a00000| Untracked 
|  27|0x0000000084b00000, 0x0000000084b00000, 0x0000000084c00000|  0%| F|  |TAMS 0x0000000084b00000, 0x0000000084b00000| Untracked 
|  28|0x0000000084c00000, 0x0000000084c00000, 0x0000000084d00000|  0%| F|  |TAMS 0x0000000084c00000, 0x0000000084c00000| Untracked 
|  29|0x0000000084d00000, 0x0000000084d00000, 0x0000000084e00000|  0%| F|  |TAMS 0x0000000084d00000, 0x0000000084d00000| Untracked 
|  30|0x0000000084e00000, 0x0000000084e00000, 0x0000000084f00000|  0%| F|  |TAMS 0x0000000084e00000, 0x0000000084e00000| Untracked 
|  31|0x0000000084f00000, 0x0000000084f00000, 0x0000000085000000|  0%| F|  |TAMS 0x0000000084f00000, 0x0000000084f00000| Untracked 
|  32|0x0000000085000000, 0x0000000085000000, 0x0000000085100000|  0%| F|  |TAMS 0x0000000085000000, 0x0000000085000000| Untracked 
|  33|0x0000000085100000, 0x0000000085100000, 0x0000000085200000|  0%| F|  |TAMS 0x0000000085100000, 0x0000000085100000| Untracked 
|  34|0x0000000085200000, 0x0000000085200000, 0x0000000085300000|  0%| F|  |TAMS 0x0000000085200000, 0x0000000085200000| Untracked 
|  35|0x0000000085300000, 0x0000000085300000, 0x0000000085400000|  0%| F|  |TAMS 0x0000000085300000, 0x0000000085300000| Untracked 
|  36|0x0000000085400000, 0x0000000085400000, 0x0000000085500000|  0%| F|  |TAMS 0x0000000085400000, 0x0000000085400000| Untracked 
|  37|0x0000000085500000, 0x0000000085500000, 0x0000000085600000|  0%| F|  |TAMS 0x0000000085500000, 0x0000000085500000| Untracked 
|  38|0x0000000085600000, 0x0000000085600000, 0x0000000085700000|  0%| F|  |TAMS 0x0000000085600000, 0x0000000085600000| Untracked 
|  39|0x0000000085700000, 0x0000000085700000, 0x0000000085800000|  0%| F|  |TAMS 0x0000000085700000, 0x0000000085700000| Untracked 
|  40|0x0000000085800000, 0x0000000085800000, 0x0000000085900000|  0%| F|  |TAMS 0x0000000085800000, 0x0000000085800000| Untracked 
|  41|0x0000000085900000, 0x0000000085900000, 0x0000000085a00000|  0%| F|  |TAMS 0x0000000085900000, 0x0000000085900000| Untracked 
|  42|0x0000000085a00000, 0x0000000085a00000, 0x0000000085b00000|  0%| F|  |TAMS 0x0000000085a00000, 0x0000000085a00000| Untracked 
|  43|0x0000000085b00000, 0x0000000085b00000, 0x0000000085c00000|  0%| F|  |TAMS 0x0000000085b00000, 0x0000000085b00000| Untracked 
|  44|0x0000000085c00000, 0x0000000085c00000, 0x0000000085d00000|  0%| F|  |TAMS 0x0000000085c00000, 0x0000000085c00000| Untracked 
|  45|0x0000000085d00000, 0x0000000085d00000, 0x0000000085e00000|  0%| F|  |TAMS 0x0000000085d00000, 0x0000000085d00000| Untracked 
|  46|0x0000000085e00000, 0x0000000085e00000, 0x0000000085f00000|  0%| F|  |TAMS 0x0000000085e00000, 0x0000000085e00000| Untracked 
|  47|0x0000000085f00000, 0x0000000085f00000, 0x0000000086000000|  0%| F|  |TAMS 0x0000000085f00000, 0x0000000085f00000| Untracked 
|  48|0x0000000086000000, 0x0000000086000000, 0x0000000086100000|  0%| F|  |TAMS 0x0000000086000000, 0x0000000086000000| Untracked 
|  49|0x0000000086100000, 0x0000000086100000, 0x0000000086200000|  0%| F|  |TAMS 0x0000000086100000, 0x0000000086100000| Untracked 
|  50|0x0000000086200000, 0x0000000086200000, 0x0000000086300000|  0%| F|  |TAMS 0x0000000086200000, 0x0000000086200000| Untracked 
|  51|0x0000000086300000, 0x0000000086300000, 0x0000000086400000|  0%| F|  |TAMS 0x0000000086300000, 0x0000000086300000| Untracked 
|  52|0x0000000086400000, 0x0000000086400000, 0x0000000086500000|  0%| F|  |TAMS 0x0000000086400000, 0x0000000086400000| Untracked 
|  53|0x0000000086500000, 0x0000000086500000, 0x0000000086600000|  0%| F|  |TAMS 0x0000000086500000, 0x0000000086500000| Untracked 
|  54|0x0000000086600000, 0x0000000086600000, 0x0000000086700000|  0%| F|  |TAMS 0x0000000086600000, 0x0000000086600000| Untracked 
|  55|0x0000000086700000, 0x0000000086700000, 0x0000000086800000|  0%| F|  |TAMS 0x0000000086700000, 0x0000000086700000| Untracked 
|  56|0x0000000086800000, 0x0000000086800000, 0x0000000086900000|  0%| F|  |TAMS 0x0000000086800000, 0x0000000086800000| Untracked 
|  57|0x0000000086900000, 0x0000000086900000, 0x0000000086a00000|  0%| F|  |TAMS 0x0000000086900000, 0x0000000086900000| Untracked 
|  58|0x0000000086a00000, 0x0000000086a00000, 0x0000000086b00000|  0%| F|  |TAMS 0x0000000086a00000, 0x0000000086a00000| Untracked 
|  59|0x0000000086b00000, 0x0000000086b00000, 0x0000000086c00000|  0%| F|  |TAMS 0x0000000086b00000, 0x0000000086b00000| Untracked 
|  60|0x0000000086c00000, 0x0000000086c00000, 0x0000000086d00000|  0%| F|  |TAMS 0x0000000086c00000, 0x0000000086c00000| Untracked 
|  61|0x0000000086d00000, 0x0000000086d00000, 0x0000000086e00000|  0%| F|  |TAMS 0x0000000086d00000, 0x0000000086d00000| Untracked 
|  62|0x0000000086e00000, 0x0000000086e00000, 0x0000000086f00000|  0%| F|  |TAMS 0x0000000086e00000, 0x0000000086e00000| Untracked 
|  63|0x0000000086f00000, 0x0000000086f00000, 0x0000000087000000|  0%| F|  |TAMS 0x0000000086f00000, 0x0000000086f00000| Untracked 
|  64|0x0000000087000000, 0x0000000087000000, 0x0000000087100000|  0%| F|  |TAMS 0x0000000087000000, 0x0000000087000000| Untracked 
|  65|0x0000000087100000, 0x0000000087100000, 0x0000000087200000|  0%| F|  |TAMS 0x0000000087100000, 0x0000000087100000| Untracked 
|  66|0x0000000087200000, 0x0000000087200000, 0x0000000087300000|  0%| F|  |TAMS 0x0000000087200000, 0x0000000087200000| Untracked 
|  67|0x0000000087300000, 0x0000000087300000, 0x0000000087400000|  0%| F|  |TAMS 0x0000000087300000, 0x0000000087300000| Untracked 
|  68|0x0000000087400000, 0x0000000087400000, 0x0000000087500000|  0%| F|  |TAMS 0x0000000087400000, 0x0000000087400000| Untracked 
|  69|0x0000000087500000, 0x0000000087500000, 0x0000000087600000|  0%| F|  |TAMS 0x0000000087500000, 0x0000000087500000| Untracked 
|  70|0x0000000087600000, 0x0000000087600000, 0x0000000087700000|  0%| F|  |TAMS 0x0000000087600000, 0x0000000087600000| Untracked 
|  71|0x0000000087700000, 0x0000000087700000, 0x0000000087800000|  0%| F|  |TAMS 0x0000000087700000, 0x0000000087700000| Untracked 
|  72|0x0000000087800000, 0x0000000087800000, 0x0000000087900000|  0%| F|  |TAMS 0x0000000087800000, 0x0000000087800000| Untracked 
|  73|0x0000000087900000, 0x0000000087900000, 0x0000000087a00000|  0%| F|  |TAMS 0x0000000087900000, 0x0000000087900000| Untracked 
|  74|0x0000000087a00000, 0x0000000087a00000, 0x0000000087b00000|  0%| F|  |TAMS 0x0000000087a00000, 0x0000000087a00000| Untracked 
|  75|0x0000000087b00000, 0x0000000087b00000, 0x0000000087c00000|  0%| F|  |TAMS 0x0000000087b00000, 0x0000000087b00000| Untracked 
|  76|0x0000000087c00000, 0x0000000087c00000, 0x0000000087d00000|  0%| F|  |TAMS 0x0000000087c00000, 0x0000000087c00000| Untracked 
|  77|0x0000000087d00000, 0x0000000087d00000, 0x0000000087e00000|  0%| F|  |TAMS 0x0000000087d00000, 0x0000000087d00000| Untracked 
|  78|0x0000000087e00000, 0x0000000087e00000, 0x0000000087f00000|  0%| F|  |TAMS 0x0000000087e00000, 0x0000000087e00000| Untracked 
|  79|0x0000000087f00000, 0x0000000087f00000, 0x0000000088000000|  0%| F|  |TAMS 0x0000000087f00000, 0x0000000087f00000| Untracked 
|  80|0x0000000088000000, 0x0000000088000000, 0x0000000088100000|  0%| F|  |TAMS 0x0000000088000000, 0x0000000088000000| Untracked 
|  81|0x0000000088100000, 0x0000000088180800, 0x0000000088200000| 50%| E|  |TAMS 0x0000000088100000, 0x0000000088100000| Complete 
|  82|0x0000000088200000, 0x0000000088300000, 0x0000000088300000|100%| E|CS|TAMS 0x0000000088200000, 0x0000000088200000| Complete 
|  83|0x0000000088300000, 0x0000000088400000, 0x0000000088400000|100%| E|CS|TAMS 0x0000000088300000, 0x0000000088300000| Complete 
|  84|0x0000000088400000, 0x0000000088500000, 0x0000000088500000|100%| E|CS|TAMS 0x0000000088400000, 0x0000000088400000| Complete 
|  85|0x0000000088500000, 0x0000000088600000, 0x0000000088600000|100%| E|CS|TAMS 0x0000000088500000, 0x0000000088500000| Complete 
|  86|0x0000000088600000, 0x0000000088700000, 0x0000000088700000|100%| E|CS|TAMS 0x0000000088600000, 0x0000000088600000| Complete 
|  87|0x0000000088700000, 0x0000000088800000, 0x0000000088800000|100%| E|CS|TAMS 0x0000000088700000, 0x0000000088700000| Complete 
|  88|0x0000000088800000, 0x0000000088900000, 0x0000000088900000|100%| E|CS|TAMS 0x0000000088800000, 0x0000000088800000| Complete 
|  89|0x0000000088900000, 0x0000000088a00000, 0x0000000088a00000|100%| E|CS|TAMS 0x0000000088900000, 0x0000000088900000| Complete 
|  90|0x0000000088a00000, 0x0000000088b00000, 0x0000000088b00000|100%| E|CS|TAMS 0x0000000088a00000, 0x0000000088a00000| Complete 
|  91|0x0000000088b00000, 0x0000000088c00000, 0x0000000088c00000|100%| E|CS|TAMS 0x0000000088b00000, 0x0000000088b00000| Complete 
|  92|0x0000000088c00000, 0x0000000088d00000, 0x0000000088d00000|100%| E|CS|TAMS 0x0000000088c00000, 0x0000000088c00000| Complete 
|  93|0x0000000088d00000, 0x0000000088e00000, 0x0000000088e00000|100%| E|CS|TAMS 0x0000000088d00000, 0x0000000088d00000| Complete 
|  94|0x0000000088e00000, 0x0000000088f00000, 0x0000000088f00000|100%| E|CS|TAMS 0x0000000088e00000, 0x0000000088e00000| Complete 
|  95|0x0000000088f00000, 0x0000000089000000, 0x0000000089000000|100%| E|CS|TAMS 0x0000000088f00000, 0x0000000088f00000| Complete 
|  96|0x0000000089000000, 0x0000000089100000, 0x0000000089100000|100%| E|CS|TAMS 0x0000000089000000, 0x0000000089000000| Complete 
|  97|0x0000000089100000, 0x0000000089200000, 0x0000000089200000|100%| E|CS|TAMS 0x0000000089100000, 0x0000000089100000| Complete 
|  98|0x0000000089200000, 0x0000000089300000, 0x0000000089300000|100%| E|CS|TAMS 0x0000000089200000, 0x0000000089200000| Complete 
|  99|0x0000000089300000, 0x0000000089400000, 0x0000000089400000|100%| E|CS|TAMS 0x0000000089300000, 0x0000000089300000| Complete 
| 100|0x0000000089400000, 0x0000000089500000, 0x0000000089500000|100%| E|CS|TAMS 0x0000000089400000, 0x0000000089400000| Complete 
| 101|0x0000000089500000, 0x0000000089600000, 0x0000000089600000|100%| E|CS|TAMS 0x0000000089500000, 0x0000000089500000| Complete 
| 102|0x0000000089600000, 0x0000000089700000, 0x0000000089700000|100%| E|CS|TAMS 0x0000000089600000, 0x0000000089600000| Complete 
| 103|0x0000000089700000, 0x0000000089800000, 0x0000000089800000|100%| E|CS|TAMS 0x0000000089700000, 0x0000000089700000| Complete 
| 104|0x0000000089800000, 0x0000000089900000, 0x0000000089900000|100%| E|CS|TAMS 0x0000000089800000, 0x0000000089800000| Complete 
| 105|0x0000000089900000, 0x0000000089a00000, 0x0000000089a00000|100%| E|CS|TAMS 0x0000000089900000, 0x0000000089900000| Complete 
| 106|0x0000000089a00000, 0x0000000089b00000, 0x0000000089b00000|100%| E|CS|TAMS 0x0000000089a00000, 0x0000000089a00000| Complete 
| 107|0x0000000089b00000, 0x0000000089c00000, 0x0000000089c00000|100%| E|CS|TAMS 0x0000000089b00000, 0x0000000089b00000| Complete 
| 108|0x0000000089c00000, 0x0000000089d00000, 0x0000000089d00000|100%| E|CS|TAMS 0x0000000089c00000, 0x0000000089c00000| Complete 
| 109|0x0000000089d00000, 0x0000000089e00000, 0x0000000089e00000|100%| E|CS|TAMS 0x0000000089d00000, 0x0000000089d00000| Complete 
| 110|0x0000000089e00000, 0x0000000089f00000, 0x0000000089f00000|100%| E|CS|TAMS 0x0000000089e00000, 0x0000000089e00000| Complete 
| 111|0x0000000089f00000, 0x000000008a000000, 0x000000008a000000|100%| E|CS|TAMS 0x0000000089f00000, 0x0000000089f00000| Complete 
| 112|0x000000008a000000, 0x000000008a100000, 0x000000008a100000|100%| E|CS|TAMS 0x000000008a000000, 0x000000008a000000| Complete 
| 113|0x000000008a100000, 0x000000008a1f2cb8, 0x000000008a200000| 94%| S|CS|TAMS 0x000000008a100000, 0x000000008a100000| Complete 
| 114|0x000000008a200000, 0x000000008a300000, 0x000000008a300000|100%| E|CS|TAMS 0x000000008a200000, 0x000000008a200000| Complete 
| 115|0x000000008a300000, 0x000000008a400000, 0x000000008a400000|100%| E|CS|TAMS 0x000000008a300000, 0x000000008a300000| Complete 
| 116|0x000000008a400000, 0x000000008a500000, 0x000000008a500000|100%| E|CS|TAMS 0x000000008a400000, 0x000000008a400000| Complete 
| 117|0x000000008a500000, 0x000000008a600000, 0x000000008a600000|100%| E|CS|TAMS 0x000000008a500000, 0x000000008a500000| Complete 
| 118|0x000000008a600000, 0x000000008a700000, 0x000000008a700000|100%| E|CS|TAMS 0x000000008a600000, 0x000000008a600000| Complete 
| 119|0x000000008a700000, 0x000000008a800000, 0x000000008a800000|100%| E|CS|TAMS 0x000000008a700000, 0x000000008a700000| Complete 
| 120|0x000000008a800000, 0x000000008a900000, 0x000000008a900000|100%| E|CS|TAMS 0x000000008a800000, 0x000000008a800000| Complete 
| 121|0x000000008a900000, 0x000000008aa00000, 0x000000008aa00000|100%| E|CS|TAMS 0x000000008a900000, 0x000000008a900000| Complete 
| 122|0x000000008aa00000, 0x000000008ab00000, 0x000000008ab00000|100%| E|CS|TAMS 0x000000008aa00000, 0x000000008aa00000| Complete 
| 123|0x000000008ab00000, 0x000000008ac00000, 0x000000008ac00000|100%| E|CS|TAMS 0x000000008ab00000, 0x000000008ab00000| Complete 
| 124|0x000000008ac00000, 0x000000008ad00000, 0x000000008ad00000|100%| E|CS|TAMS 0x000000008ac00000, 0x000000008ac00000| Complete 
| 125|0x000000008ad00000, 0x000000008ae00000, 0x000000008ae00000|100%| E|CS|TAMS 0x000000008ad00000, 0x000000008ad00000| Complete 

Card table byte_map: [0x000001b429030000,0x000001b429420000] _byte_map_base: 0x000001b428c18000

Marking Bits (Prev, Next): (CMBitMap*) 0x000001b4125ac640, (CMBitMap*) 0x000001b4125ac680
 Prev Bits: [0x000001b429810000, 0x000001b42b750000)
 Next Bits: [0x000001b42b750000, 0x000001b42d690000)

Polling page: 0x000001b410350000

Metaspace:

Usage:
  Non-class:     14.90 MB used.
      Class:      1.91 MB used.
       Both:     16.81 MB used.

Virtual space:
  Non-class space:       24.00 MB reserved,      15.00 MB ( 62%) committed,  3 nodes.
      Class space:        1.00 GB reserved,       2.00 MB ( <1%) committed,  1 nodes.
             Both:        1.02 GB reserved,      17.00 MB (  2%) committed. 

Chunk freelists:
   Non-Class:  2.86 MB
       Class:  1.95 MB
        Both:  4.81 MB

MaxMetaspaceSize: unlimited
CompressedClassSpaceSize: 1.00 GB
Initial GC threshold: 21.00 MB
Current GC threshold: 21.00 MB
CDS: on
MetaspaceReclaimPolicy: balanced
 - commit_granule_bytes: 65536.
 - commit_granule_words: 8192.
 - virtual_space_node_default_size: 1048576.
 - enlarge_chunks_in_place: 1.
 - new_chunks_are_fully_committed: 0.
 - uncommit_free_chunks: 1.
 - use_allocation_guard: 0.
 - handle_deallocations: 1.


Internal statistics:

num_allocs_failed_limit: 0.
num_arena_births: 132.
num_arena_deaths: 0.
num_vsnodes_births: 4.
num_vsnodes_deaths: 0.
num_space_committed: 272.
num_space_uncommitted: 0.
num_chunks_returned_to_freelist: 0.
num_chunks_taken_from_freelist: 699.
num_chunk_merges: 0.
num_chunk_splits: 557.
num_chunks_enlarged: 492.
num_purges: 0.
num_inconsistent_stats: 0.

CodeHeap 'non-profiled nmethods': size=120064Kb used=588Kb max_used=588Kb free=119475Kb
 bounds [0x000001b421af0000, 0x000001b421d60000, 0x000001b429030000]
CodeHeap 'profiled nmethods': size=120000Kb used=3581Kb max_used=3581Kb free=116419Kb
 bounds [0x000001b41a5c0000, 0x000001b41a940000, 0x000001b421af0000]
CodeHeap 'non-nmethods': size=5696Kb used=1212Kb max_used=1225Kb free=4483Kb
 bounds [0x000001b41a030000, 0x000001b41a2a0000, 0x000001b41a5c0000]
 total_blobs=2341 nmethods=1830 adapters=424
 compilation: enabled
              stopped_count=0, restarted_count=0
 full_count=0

Compilation events (20 events):
Event: 9.819 Thread 0x000001b42fa281e0 nmethod 1824 0x000001b41a939d90 code [0x000001b41a939f60, 0x000001b41a93a448]
Event: 9.855 Thread 0x000001b42fa281e0 1825       1       java.lang.invoke.InfoFromMemberName::getReferenceKind (5 bytes)
Event: 9.855 Thread 0x000001b42fa281e0 nmethod 1825 0x000001b421b82390 code [0x000001b421b82520, 0x000001b421b825f8]
Event: 9.875 Thread 0x000001b42fa281e0 1826       3       java.lang.invoke.MemberName::isCallerSensitive (8 bytes)
Event: 9.876 Thread 0x000001b42fa281e0 nmethod 1826 0x000001b41a93a590 code [0x000001b41a93a740, 0x000001b41a93a978]
Event: 9.876 Thread 0x000001b42fa281e0 1827       3       sun.invoke.util.BytecodeDescriptor::unparse (24 bytes)
Event: 9.876 Thread 0x000001b42fa281e0 nmethod 1827 0x000001b41a93aa90 code [0x000001b41a93ac40, 0x000001b41a93ae48]
Event: 9.876 Thread 0x000001b42fa281e0 1828       3       java.lang.invoke.TypeConvertingMethodAdapter::descriptorToName (36 bytes)
Event: 9.878 Thread 0x000001b42fa281e0 nmethod 1828 0x000001b41a93af10 code [0x000001b41a93b1a0, 0x000001b41a93bd48]
Event: 9.880 Thread 0x000001b42fa27740 1829       4       java.lang.ref.Cleaner$1::apply (9 bytes)
Event: 9.881 Thread 0x000001b42fa27740 nmethod 1829 0x000001b421b82690 code [0x000001b421b82800, 0x000001b421b828b8]
Event: 9.894 Thread 0x000001b42fa27740 1830       4       java.lang.ClassLoader::getClassLoadingLock (35 bytes)
Event: 9.896 Thread 0x000001b42fa27740 nmethod 1830 0x000001b421b82990 code [0x000001b421b82b20, 0x000001b421b82c68]
Event: 9.897 Thread 0x000001b42fa27740 1831   !   4       jdk.internal.loader.BuiltinClassLoader::loadClassOrNull (143 bytes)
Event: 9.907 Thread 0x000001b42fa281e0 1833       3       java.lang.invoke.MethodTypeForm::cachedLambdaForm (23 bytes)
Event: 9.907 Thread 0x000001b42fa281e0 nmethod 1833 0x000001b41a93c210 code [0x000001b41a93c3c0, 0x000001b41a93c728]
Event: 10.032 Thread 0x000001b42fa281e0 1834       3       java.lang.invoke.MemberName::checkForTypeAlias (172 bytes)
Event: 10.035 Thread 0x000001b42fa281e0 nmethod 1834 0x000001b41a93c890 code [0x000001b41a93cd00, 0x000001b41a93eb98]
Event: 10.037 Thread 0x000001b42fa281e0 1835       1       jdk.internal.org.objectweb.asm.SymbolTable::getConstantPoolCount (5 bytes)
Event: 10.037 Thread 0x000001b42fa281e0 nmethod 1835 0x000001b421b82d90 code [0x000001b421b82f20, 0x000001b421b82ff8]

GC Heap History (6 events):
Event: 1.279 GC heap before
{Heap before GC invocations=0 (full 0):
 garbage-first heap   total 129024K, used 10240K [0x0000000083000000, 0x0000000100000000)
  region size 1024K, 6 young (6144K), 0 survivors (0K)
 Metaspace       used 1815K, committed 1984K, reserved 1056768K
  class space    used 86K, committed 192K, reserved 1048576K
}
Event: 1.324 GC heap after
{Heap after GC invocations=1 (full 0):
 garbage-first heap   total 129024K, used 7101K [0x0000000083000000, 0x0000000100000000)
  region size 1024K, 1 young (1024K), 1 survivors (1024K)
 Metaspace       used 1815K, committed 1984K, reserved 1056768K
  class space    used 86K, committed 192K, reserved 1048576K
}
Event: 1.998 GC heap before
{Heap before GC invocations=1 (full 0):
 garbage-first heap   total 129024K, used 12221K [0x0000000083000000, 0x0000000100000000)
  region size 1024K, 6 young (6144K), 1 survivors (1024K)
 Metaspace       used 3401K, committed 3520K, reserved 1056768K
  class space    used 255K, committed 320K, reserved 1048576K
}
Event: 2.002 GC heap after
{Heap after GC invocations=2 (full 0):
 garbage-first heap   total 129024K, used 6282K [0x0000000083000000, 0x0000000100000000)
  region size 1024K, 1 young (1024K), 1 survivors (1024K)
 Metaspace       used 3401K, committed 3520K, reserved 1056768K
  class space    used 255K, committed 320K, reserved 1048576K
}
Event: 3.903 GC heap before
{Heap before GC invocations=2 (full 0):
 garbage-first heap   total 129024K, used 16522K [0x0000000083000000, 0x0000000100000000)
  region size 1024K, 12 young (12288K), 1 survivors (1024K)
 Metaspace       used 6397K, committed 6528K, reserved 1064960K
  class space    used 640K, committed 704K, reserved 1048576K
}
Event: 3.910 GC heap after
{Heap after GC invocations=3 (full 0):
 garbage-first heap   total 129024K, used 6920K [0x0000000083000000, 0x0000000100000000)
  region size 1024K, 1 young (1024K), 1 survivors (1024K)
 Metaspace       used 6397K, committed 6528K, reserved 1064960K
  class space    used 640K, committed 704K, reserved 1048576K
}

Deoptimization events (20 events):
Event: 8.042 Thread 0x000001b412554190 Uncommon trap: trap_request=0xffffff45 fr.pc=0x000001b421b312d0 relative=0x00000000000000b0
Event: 8.042 Thread 0x000001b412554190 Uncommon trap: reason=unstable_if action=reinterpret pc=0x000001b421b312d0 method=java.lang.Integer.valueOf(I)Ljava/lang/Integer; @ 3 c2
Event: 8.042 Thread 0x000001b412554190 DEOPT PACKING pc=0x000001b421b312d0 sp=0x0000001c5a1fcbb0
Event: 8.042 Thread 0x000001b412554190 DEOPT UNPACKING pc=0x000001b41a08239d sp=0x0000001c5a1fcb48 mode 2
Event: 9.399 Thread 0x000001b412554190 Uncommon trap: trap_request=0xffffffde fr.pc=0x000001b421b7b52c relative=0x000000000000010c
Event: 9.399 Thread 0x000001b412554190 Uncommon trap: reason=class_check action=maybe_recompile pc=0x000001b421b7b52c method=jdk.internal.misc.Unsafe.allocateUninitializedArray(Ljava/lang/Class;I)Ljava/lang/Object; @ 51 c2
Event: 9.399 Thread 0x000001b412554190 DEOPT PACKING pc=0x000001b421b7b52c sp=0x0000001c5a1fd3b0
Event: 9.399 Thread 0x000001b412554190 DEOPT UNPACKING pc=0x000001b41a08239d sp=0x0000001c5a1fd338 mode 2
Event: 9.399 Thread 0x000001b412554190 Uncommon trap: trap_request=0xffffffde fr.pc=0x000001b421b7b52c relative=0x000000000000010c
Event: 9.399 Thread 0x000001b412554190 Uncommon trap: reason=class_check action=maybe_recompile pc=0x000001b421b7b52c method=jdk.internal.misc.Unsafe.allocateUninitializedArray(Ljava/lang/Class;I)Ljava/lang/Object; @ 51 c2
Event: 9.399 Thread 0x000001b412554190 DEOPT PACKING pc=0x000001b421b7b52c sp=0x0000001c5a1fcf70
Event: 9.399 Thread 0x000001b412554190 DEOPT UNPACKING pc=0x000001b41a08239d sp=0x0000001c5a1fcef8 mode 2
Event: 9.400 Thread 0x000001b412554190 Uncommon trap: trap_request=0xffffffde fr.pc=0x000001b421b7b52c relative=0x000000000000010c
Event: 9.400 Thread 0x000001b412554190 Uncommon trap: reason=class_check action=maybe_recompile pc=0x000001b421b7b52c method=jdk.internal.misc.Unsafe.allocateUninitializedArray(Ljava/lang/Class;I)Ljava/lang/Object; @ 51 c2
Event: 9.400 Thread 0x000001b412554190 DEOPT PACKING pc=0x000001b421b7b52c sp=0x0000001c5a1fd9f0
Event: 9.400 Thread 0x000001b412554190 DEOPT UNPACKING pc=0x000001b41a08239d sp=0x0000001c5a1fd978 mode 2
Event: 9.400 Thread 0x000001b412554190 Uncommon trap: trap_request=0xffffffde fr.pc=0x000001b421b7b52c relative=0x000000000000010c
Event: 9.400 Thread 0x000001b412554190 Uncommon trap: reason=class_check action=maybe_recompile pc=0x000001b421b7b52c method=jdk.internal.misc.Unsafe.allocateUninitializedArray(Ljava/lang/Class;I)Ljava/lang/Object; @ 51 c2
Event: 9.400 Thread 0x000001b412554190 DEOPT PACKING pc=0x000001b421b7b52c sp=0x0000001c5a1fd5b0
Event: 9.400 Thread 0x000001b412554190 DEOPT UNPACKING pc=0x000001b41a08239d sp=0x0000001c5a1fd538 mode 2

Classes unloaded (0 events):
No events

Classes redefined (0 events):
No events

Internal exceptions (20 events):
Event: 9.077 Thread 0x000001b412554190 Exception <a 'java/lang/NoSuchMethodError'{0x0000000088fb9520}: 'void java.lang.invoke.DirectMethodHandle$Holder.invokeStatic(java.lang.Object, java.lang.Object, java.lang.Object)'> (0x0000000088fb9520) 
thrown [d:\a\1\s\lookaside\java-17-openjdk\src\hotspot\share\interpreter\linkResolver.cpp, line 766]
Event: 9.082 Thread 0x000001b412554190 Exception <a 'java/lang/NoSuchMethodError'{0x0000000088fd9810}: 'java.lang.Object java.lang.invoke.DirectMethodHandle$Holder.invokeStaticInit(java.lang.Object, int)'> (0x0000000088fd9810) 
thrown [d:\a\1\s\lookaside\java-17-openjdk\src\hotspot\share\interpreter\linkResolver.cpp, line 766]
Event: 9.088 Thread 0x000001b412554190 Exception <a 'java/lang/NoSuchMethodError'{0x0000000088fe64d0}: 'java.lang.Object java.lang.invoke.DirectMethodHandle$Holder.invokeInterface(java.lang.Object, java.lang.Object)'> (0x0000000088fe64d0) 
thrown [d:\a\1\s\lookaside\java-17-openjdk\src\hotspot\share\interpreter\linkResolver.cpp, line 766]
Event: 9.131 Thread 0x000001b412554190 Exception <a 'java/lang/NoSuchMethodError'{0x0000000088d09a48}: 'long java.lang.invoke.DirectMethodHandle$Holder.invokeStatic(java.lang.Object)'> (0x0000000088d09a48) 
thrown [d:\a\1\s\lookaside\java-17-openjdk\src\hotspot\share\interpreter\linkResolver.cpp, line 766]
Event: 9.133 Thread 0x000001b412554190 Exception <a 'java/lang/NoSuchMethodError'{0x0000000088d0d1a0}: 'long java.lang.invoke.DirectMethodHandle$Holder.invokeStaticInit(java.lang.Object)'> (0x0000000088d0d1a0) 
thrown [d:\a\1\s\lookaside\java-17-openjdk\src\hotspot\share\interpreter\linkResolver.cpp, line 766]
Event: 9.268 Thread 0x000001b412554190 Exception <a 'java/lang/NoSuchMethodError'{0x0000000088cb5be8}: 'int java.lang.invoke.DirectMethodHandle$Holder.invokeStaticInit(java.lang.Object, java.lang.Object, java.lang.Object, java.lang.Object)'> (0x0000000088cb5be8) 
thrown [d:\a\1\s\lookaside\java-17-openjdk\src\hotspot\share\interpreter\linkResolver.cpp, line 766]
Event: 9.325 Thread 0x000001b412554190 Exception <a 'java/lang/NoSuchMethodError'{0x0000000088a70098}: 'long java.lang.invoke.Invokers$Holder.invoke_MT(java.lang.Object, java.lang.Object, java.lang.Object, java.lang.Object)'> (0x0000000088a70098) 
thrown [d:\a\1\s\lookaside\java-17-openjdk\src\hotspot\share\interpreter\linkResolver.cpp, line 766]
Event: 9.333 Thread 0x000001b412554190 Exception <a 'java/lang/NoSuchMethodError'{0x0000000088a7b670}: 'int java.lang.invoke.DirectMethodHandle$Holder.invokeSpecial(java.lang.Object, java.lang.Object, java.lang.Object)'> (0x0000000088a7b670) 
thrown [d:\a\1\s\lookaside\java-17-openjdk\src\hotspot\share\interpreter\linkResolver.cpp, line 766]
Event: 9.337 Thread 0x000001b412554190 Exception <a 'java/lang/NoSuchMethodError'{0x0000000088a7f360}: 'int java.lang.invoke.DirectMethodHandle$Holder.invokeSpecial(java.lang.Object, java.lang.Object, java.lang.Object, java.lang.Object)'> (0x0000000088a7f360) 
thrown [d:\a\1\s\lookaside\java-17-openjdk\src\hotspot\share\interpreter\linkResolver.cpp, line 766]
Event: 9.338 Thread 0x000001b412554190 Exception <a 'java/lang/NoSuchMethodError'{0x0000000088a82c18}: 'int java.lang.invoke.Invokers$Holder.invoke_MT(java.lang.Object, java.lang.Object, java.lang.Object, java.lang.Object)'> (0x0000000088a82c18) 
thrown [d:\a\1\s\lookaside\java-17-openjdk\src\hotspot\share\interpreter\linkResolver.cpp, line 766]
Event: 9.349 Thread 0x000001b412554190 Exception <a 'java/lang/NoSuchMethodError'{0x0000000088a921a0}: 'void java.lang.invoke.DelegatingMethodHandle$Holder.reinvoke_L(java.lang.Object, java.lang.Object, java.lang.Object, long, java.lang.Object)'> (0x0000000088a921a0) 
thrown [d:\a\1\s\lookaside\java-17-openjdk\src\hotspot\share\interpreter\linkResolver.cpp, line 766]
Event: 9.353 Thread 0x000001b412554190 Exception <a 'java/lang/NoSuchMethodError'{0x0000000088a99dd8}: 'java.lang.Object java.lang.invoke.DirectMethodHandle$Holder.invokeSpecial(java.lang.Object, java.lang.Object, java.lang.Object, java.lang.Object, long)'> (0x0000000088a99dd8) 
thrown [d:\a\1\s\lookaside\java-17-openjdk\src\hotspot\share\interpreter\linkResolver.cpp, line 766]
Event: 9.379 Thread 0x000001b412554190 Exception <a 'java/lang/NoSuchMethodError'{0x0000000088aa9198}: 'int java.lang.invoke.DelegatingMethodHandle$Holder.reinvoke_L(java.lang.Object, java.lang.Object, java.lang.Object, long, java.lang.Object, java.lang.Object)'> (0x0000000088aa9198) 
thrown [d:\a\1\s\lookaside\java-17-openjdk\src\hotspot\share\interpreter\linkResolver.cpp, line 766]
Event: 9.387 Thread 0x000001b412554190 Exception <a 'java/lang/NoSuchMethodError'{0x0000000088ab7d28}: 'int java.lang.invoke.DelegatingMethodHandle$Holder.reinvoke_L(java.lang.Object, java.lang.Object, java.lang.Object, long, int, int)'> (0x0000000088ab7d28) 
thrown [d:\a\1\s\lookaside\java-17-openjdk\src\hotspot\share\interpreter\linkResolver.cpp, line 766]
Event: 9.396 Thread 0x000001b412554190 Exception <a 'java/lang/NoSuchMethodError'{0x0000000088ac6788}: 'int java.lang.invoke.DelegatingMethodHandle$Holder.reinvoke_L(java.lang.Object, java.lang.Object, java.lang.Object, long, long, long)'> (0x0000000088ac6788) 
thrown [d:\a\1\s\lookaside\java-17-openjdk\src\hotspot\share\interpreter\linkResolver.cpp, line 766]
Event: 9.398 Thread 0x000001b412554190 Exception <a 'java/lang/NoSuchMethodError'{0x0000000088ad4da0}: 'int java.lang.invoke.DelegatingMethodHandle$Holder.reinvoke_L(java.lang.Object, java.lang.Object, java.lang.Object, long, int)'> (0x0000000088ad4da0) 
thrown [d:\a\1\s\lookaside\java-17-openjdk\src\hotspot\share\interpreter\linkResolver.cpp, line 766]
Event: 9.441 Thread 0x000001b412554190 Exception <a 'java/lang/NoSuchMethodError'{0x000000008897c1a8}: 'int java.lang.invoke.DirectMethodHandle$Holder.invokeStaticInit(java.lang.Object, java.lang.Object, java.lang.Object)'> (0x000000008897c1a8) 
thrown [d:\a\1\s\lookaside\java-17-openjdk\src\hotspot\share\interpreter\linkResolver.cpp, line 766]
Event: 9.466 Thread 0x000001b412554190 Exception <a 'java/lang/NoSuchMethodError'{0x00000000889a5998}: 'int java.lang.invoke.DirectMethodHandle$Holder.invokeStaticInit(java.lang.Object, java.lang.Object)'> (0x00000000889a5998) 
thrown [d:\a\1\s\lookaside\java-17-openjdk\src\hotspot\share\interpreter\linkResolver.cpp, line 766]
Event: 9.530 Thread 0x000001b412554190 Exception <a 'java/lang/NoSuchMethodError'{0x00000000888849c8}: 'void java.lang.invoke.DirectMethodHandle$Holder.invokeSpecial(java.lang.Object, java.lang.Object, java.lang.Object)'> (0x00000000888849c8) 
thrown [d:\a\1\s\lookaside\java-17-openjdk\src\hotspot\share\interpreter\linkResolver.cpp, line 766]
Event: 9.772 Thread 0x000001b412554190 Exception <a 'java/lang/NoSuchMethodError'{0x00000000885a8a18}: 'void java.lang.invoke.DirectMethodHandle$Holder.invokeStatic(java.lang.Object, java.lang.Object, java.lang.Object, java.lang.Object)'> (0x00000000885a8a18) 
thrown [d:\a\1\s\lookaside\java-17-openjdk\src\hotspot\share\interpreter\linkResolver.cpp, line 766]

VM Operations (20 events):
Event: 5.422 Executing VM operation: HandshakeAllThreads
Event: 5.422 Executing VM operation: HandshakeAllThreads done
Event: 6.218 Executing VM operation: HandshakeAllThreads
Event: 6.218 Executing VM operation: HandshakeAllThreads done
Event: 6.218 Executing VM operation: Cleanup
Event: 6.220 Executing VM operation: Cleanup done
Event: 6.832 Executing VM operation: HandshakeAllThreads
Event: 6.832 Executing VM operation: HandshakeAllThreads done
Event: 7.846 Executing VM operation: Cleanup
Event: 7.958 Executing VM operation: Cleanup done
Event: 8.327 Executing VM operation: HandshakeAllThreads
Event: 8.327 Executing VM operation: HandshakeAllThreads done
Event: 8.605 Executing VM operation: HandshakeAllThreads
Event: 8.606 Executing VM operation: HandshakeAllThreads done
Event: 9.051 Executing VM operation: HandshakeAllThreads
Event: 9.051 Executing VM operation: HandshakeAllThreads done
Event: 9.051 Executing VM operation: Cleanup
Event: 9.051 Executing VM operation: Cleanup done
Event: 9.905 Executing VM operation: HandshakeAllThreads
Event: 9.905 Executing VM operation: HandshakeAllThreads done

Events (20 events):
Event: 9.699 loading class javax/xml/stream/XMLStreamException
Event: 9.700 loading class javax/xml/stream/XMLStreamException done
Event: 9.700 loading class java/text/ParseException
Event: 9.700 loading class java/text/ParseException done
Event: 9.711 loading class javax/xml/stream/Location
Event: 9.712 loading class javax/xml/stream/Location done
Event: 9.715 loading class javax/xml/namespace/NamespaceContext
Event: 9.716 loading class javax/xml/namespace/NamespaceContext done
Event: 9.716 loading class javax/xml/stream/XMLStreamConstants
Event: 9.716 loading class javax/xml/stream/XMLStreamConstants done
Event: 9.726 loading class java/io/CharConversionException
Event: 9.726 loading class java/io/CharConversionException done
Event: 9.728 loading class javax/xml/stream/XMLStreamReader
Event: 9.728 loading class javax/xml/stream/XMLStreamReader done
Event: 9.776 loading class javax/swing/Icon
Event: 9.777 loading class javax/swing/Icon done
Event: 9.777 loading class sun/invoke/util/VerifyAccess$1
Event: 9.777 loading class sun/invoke/util/VerifyAccess$1 done
Event: 9.842 loading class java/util/concurrent/atomic/AtomicReferenceArray
Event: 9.844 loading class java/util/concurrent/atomic/AtomicReferenceArray done


Dynamic libraries:
0x00007ff637b20000 - 0x00007ff637b41000 	D:\java\ojdkbuild\java-17-openjdk-17.0.3.0.6-1\bin\java.exe
0x00007ff85fdb0000 - 0x00007ff85ffc7000 	C:\Windows\SYSTEM32\ntdll.dll
0x00007ff85e170000 - 0x00007ff85e234000 	C:\Windows\System32\KERNEL32.DLL
0x00007ff85d750000 - 0x00007ff85daf6000 	C:\Windows\System32\KERNELBASE.dll
0x00007ff85d4a0000 - 0x00007ff85d5b1000 	C:\Windows\System32\ucrtbase.dll
0x00007ff826ac0000 - 0x00007ff826ad8000 	D:\java\ojdkbuild\java-17-openjdk-17.0.3.0.6-1\bin\jli.dll
0x00007ff85ed70000 - 0x00007ff85ef1e000 	C:\Windows\System32\USER32.dll
0x00007ff85d260000 - 0x00007ff85d286000 	C:\Windows\System32\win32u.dll
0x00007ff85e9a0000 - 0x00007ff85e9c9000 	C:\Windows\System32\GDI32.dll
0x00007ff85d290000 - 0x00007ff85d3a8000 	C:\Windows\System32\gdi32full.dll
0x00007ff827000000 - 0x00007ff82701b000 	D:\java\ojdkbuild\java-17-openjdk-17.0.3.0.6-1\bin\VCRUNTIME140.dll
0x00007ff85d6b0000 - 0x00007ff85d74a000 	C:\Windows\System32\msvcp_win.dll
0x00007ff8493f0000 - 0x00007ff849683000 	C:\Windows\WinSxS\amd64_microsoft.windows.common-controls_6595b64144ccf1df_6.0.22621.2506_none_270c5ae97388e100\COMCTL32.dll
0x00007ff85ec40000 - 0x00007ff85ece7000 	C:\Windows\System32\msvcrt.dll
0x00007ff85e240000 - 0x00007ff85e271000 	C:\Windows\System32\IMM32.DLL
0x00007ff8496f0000 - 0x00007ff8496fc000 	D:\java\ojdkbuild\java-17-openjdk-17.0.3.0.6-1\bin\vcruntime140_1.dll
0x00007ff806d60000 - 0x00007ff806ded000 	D:\java\ojdkbuild\java-17-openjdk-17.0.3.0.6-1\bin\msvcp140.dll
0x00007fffe5a60000 - 0x00007fffe66bf000 	D:\java\ojdkbuild\java-17-openjdk-17.0.3.0.6-1\bin\server\jvm.dll
0x00007ff85e3c0000 - 0x00007ff85e473000 	C:\Windows\System32\ADVAPI32.dll
0x00007ff85e5a0000 - 0x00007ff85e648000 	C:\Windows\System32\sechost.dll
0x00007ff85d470000 - 0x00007ff85d498000 	C:\Windows\System32\bcrypt.dll
0x00007ff85e480000 - 0x00007ff85e597000 	C:\Windows\System32\RPCRT4.dll
0x00007ff85e990000 - 0x00007ff85e998000 	C:\Windows\System32\PSAPI.DLL
0x00007ff83ee40000 - 0x00007ff83ee49000 	C:\Windows\SYSTEM32\WSOCK32.dll
0x00007ff85ef30000 - 0x00007ff85efa1000 	C:\Windows\System32\WS2_32.dll
0x00007ff82e330000 - 0x00007ff82e364000 	C:\Windows\SYSTEM32\WINMM.dll
0x00007ff849f00000 - 0x00007ff849f0a000 	C:\Windows\SYSTEM32\VERSION.dll
0x00007ff85c180000 - 0x00007ff85c198000 	C:\Windows\SYSTEM32\kernel.appcore.dll
0x00007ff848a40000 - 0x00007ff848a4a000 	D:\java\ojdkbuild\java-17-openjdk-17.0.3.0.6-1\bin\jimage.dll
0x00007ff85aa40000 - 0x00007ff85ac73000 	C:\Windows\SYSTEM32\DBGHELP.DLL
0x00007ff85f820000 - 0x00007ff85fba9000 	C:\Windows\System32\combase.dll
0x00007ff85e280000 - 0x00007ff85e357000 	C:\Windows\System32\OLEAUT32.dll
0x00007ff843da0000 - 0x00007ff843dd2000 	C:\Windows\SYSTEM32\dbgcore.DLL
0x00007ff85d630000 - 0x00007ff85d6aa000 	C:\Windows\System32\bcryptPrimitives.dll
0x00007ff825410000 - 0x00007ff825435000 	D:\java\ojdkbuild\java-17-openjdk-17.0.3.0.6-1\bin\java.dll
0x00007ff800b30000 - 0x00007ff800c07000 	D:\java\ojdkbuild\java-17-openjdk-17.0.3.0.6-1\bin\jsvml.dll
0x00007ff85efc0000 - 0x00007ff85f81b000 	C:\Windows\System32\SHELL32.dll
0x00007ff85b010000 - 0x00007ff85b906000 	C:\Windows\SYSTEM32\windows.storage.dll
0x00007ff85aed0000 - 0x00007ff85b00e000 	C:\Windows\SYSTEM32\wintypes.dll
0x00007ff85db00000 - 0x00007ff85dbf3000 	C:\Windows\System32\SHCORE.dll
0x00007ff85e650000 - 0x00007ff85e6ae000 	C:\Windows\System32\shlwapi.dll
0x00007ff85d020000 - 0x00007ff85d046000 	C:\Windows\SYSTEM32\profapi.dll
0x00007ff826aa0000 - 0x00007ff826ab9000 	D:\java\ojdkbuild\java-17-openjdk-17.0.3.0.6-1\bin\net.dll
0x00007ff8531f0000 - 0x00007ff853327000 	C:\Windows\SYSTEM32\WINHTTP.dll
0x00007ff85c650000 - 0x00007ff85c6b9000 	C:\Windows\system32\mswsock.dll
0x00007ff825560000 - 0x00007ff825576000 	D:\java\ojdkbuild\java-17-openjdk-17.0.3.0.6-1\bin\nio.dll
0x00007ff820a70000 - 0x00007ff820a88000 	D:\java\ojdkbuild\java-17-openjdk-17.0.3.0.6-1\bin\zip.dll

dbghelp: loaded successfully - version: 4.0.5 - missing functions: none
symbol engine: initialized successfully - sym options: 0x614 - pdb path: .;D:\java\ojdkbuild\java-17-openjdk-17.0.3.0.6-1\bin;C:\Windows\SYSTEM32;C:\Windows\WinSxS\amd64_microsoft.windows.common-controls_6595b64144ccf1df_6.0.22621.2506_none_270c5ae97388e100;D:\java\ojdkbuild\java-17-openjdk-17.0.3.0.6-1\bin\server

VM Arguments:
java_command: org.jetbrains.kotlin.cli.jvm.K2JVMCompiler @D:\androidLearning\AndroidStudioProjects\serviceTest1\app\build\20240317_14891944831699479543.compiler.options
java_class_path (initial): C:\Users\11218\.gradle\caches\modules-2\files-2.1\org.jetbrains.kotlin\kotlin-compiler-embeddable\1.9.0\2c8c3a7402becca891f12739b3e9fd2dc2adbd7a\kotlin-compiler-embeddable-1.9.0.jar;C:\Users\11218\.gradle\caches\modules-2\files-2.1\org.jetbrains.kotlin\kotlin-stdlib\1.9.0\8ee15ef0c67dc83d874f412d84378d7f0eb50b63\kotlin-stdlib-1.9.0.jar;C:\Users\11218\.gradle\caches\modules-2\files-2.1\org.jetbrains.kotlin\kotlin-script-runtime\1.9.0\4b3102cbbb7e1b58d9d1adf89563f00069ffa7d1\kotlin-script-runtime-1.9.0.jar;C:\Users\11218\.gradle\caches\modules-2\files-2.1\org.jetbrains.kotlin\kotlin-reflect\1.6.10\1cbe9c92c12a94eea200d23c2bbaedaf3daf5132\kotlin-reflect-1.6.10.jar;C:\Users\11218\.gradle\caches\modules-2\files-2.1\org.jetbrains.kotlin\kotlin-daemon-embeddable\1.9.0\186543f5e28cf8d9a0290fecc2cf34301c40a65c\kotlin-daemon-embeddable-1.9.0.jar;C:\Users\11218\.gradle\caches\modules-2\files-2.1\org.jetbrains.intellij.deps\trove4j\1.0.20200330\3afb14d5f9ceb459d724e907a21145e8ff394f02\trove4j-1.0.20200330.jar;C:\Users\11218\.gradle\caches\modules-2\files-2.1\org.jetbrains.kotlin\kotlin-stdlib-common\1.9.0\cd65c21cfd1eec4d44ef09f9f52b6d9f8a720636\kotlin-stdlib-common-1.9.0.jar;C:\Users\11218\.gradle\caches\modules-2\files-2.1\org.jetbrains\annotations\13.0\919f0dfe192fb4e063e7dacadee7f8bb9a2672a9\annotations-13.0.jar
Launcher Type: SUN_STANDARD

[Global flags]
     intx CICompilerCount                          = 2                                         {product} {ergonomic}
     uint ConcGCThreads                            = 1                                         {product} {ergonomic}
     uint G1ConcRefinementThreads                  = 2                                         {product} {ergonomic}
   size_t G1HeapRegionSize                         = 1048576                                   {product} {ergonomic}
    uintx GCDrainStackTargetSize                   = 64                                        {product} {ergonomic}
   size_t InitialHeapSize                          = 132120576                                 {product} {ergonomic}
   size_t MarkStackSize                            = 4194304                                   {product} {ergonomic}
   size_t MaxHeapSize                              = 2097152000                                {product} {ergonomic}
   size_t MaxNewSize                               = 1258291200                                {product} {ergonomic}
   size_t MinHeapDeltaBytes                        = 1048576                                   {product} {ergonomic}
   size_t MinHeapSize                              = 8388608                                   {product} {ergonomic}
    uintx NonNMethodCodeHeapSize                   = 5826188                                {pd product} {ergonomic}
    uintx NonProfiledCodeHeapSize                  = 122916026                              {pd product} {ergonomic}
    uintx ProfiledCodeHeapSize                     = 122916026                              {pd product} {ergonomic}
    uintx ReservedCodeCacheSize                    = 251658240                              {pd product} {ergonomic}
     bool SegmentedCodeCache                       = true                                      {product} {ergonomic}
   size_t SoftMaxHeapSize                          = 2097152000                             {manageable} {ergonomic}
     bool UseCompressedClassPointers               = true                           {product lp64_product} {ergonomic}
     bool UseCompressedOops                        = true                           {product lp64_product} {ergonomic}
     bool UseG1GC                                  = true                                      {product} {ergonomic}
     bool UseLargePagesIndividualAllocation        = false                                  {pd product} {ergonomic}

Logging:
Log output configuration:
 #0: stdout all=warning uptime,level,tags
 #1: stderr all=off uptime,level,tags

Environment Variables:
JAVA_HOME=D:\java\ojdkbuild\java-17-openjdk-17.0.3.0.6-1
CLASSPATH=D:\androidLearning\AndroidStudioProjects\serviceTest1\\gradle\wrapper\gradle-wrapper.jar
PATH=C:\Users\11218\miniconda3\condabin;C:\Windows\system32;C:\Windows;C:\Windows\System32\Wbem;C:\Windows\System32\WindowsPowerShell\v1.0\;C:\Windows\System32\OpenSSH\;D:\powershell\powershell7;d:\python3.11;C:\Program Files\WinRAR;C:\Program Files\Microsoft Office\root\Office16;C:\Program Files\PuTTY\;C:\Users\11218\AppData\Local\Microsoft\WindowsApps;C:\Program Files\dotnet\;D:\mytools\MinGit-2.11.1.mingit.prerelease.4-64-bit\cmd;D:\mytools\MinGit-2.11.1.mingit.prerelease.4-64-bit\usr\bin;D:\mytools\WiresharkPortable64\App\Wireshark;D:\MYTOOLS\SPSS1\JRE\bin;D:\myPython\goods;D:\mytools\SPSS1;C:\Users\11218\AppData\Roaming\nvda\addons\NVBox\globalPlugins\nvbox\adb;d:\java\ojdkbuild\java-17-openjdk-17.0.3.0.6-1.jre\bin;C:\Program Files\Docker\Docker\resources\bin;d:\java\ojdkbuild\java-17-openjdk-17.0.3.0.6-1\bin;D:\androidLearning\gradle\gradle-8.0\bin;D:\java\ojdkbuild\java-17-openjdk-17.0.3.0.6-1\bin;D:/java/ojdkbuild/java-17-openjdk-17.0.3.0.6-1.jre\bin;D:/java/ojdkbuild/java-17-openjdk-17.0.3.0.6-1.jre\bin\server;D:\ANDROIDLEARNING\REVERSE;C:\Users\11218\AppData\Local\Programs\Python\Python311;D:\myPython\NVSrC;C:\Users\11218\.gradle\wrapper\dists\gradle-8.0-all\a2o1xoguejy6msdh0lk99lxza\gradle-8.0\bin;D:\androidLearning\REVERSE\jadx\bin;C:\Program Files\Cloudflare\Cloudflare WARP\;D:\mypython\nvsrc\py-3-11-32\Scripts\;D:\mypython\nvsrc\py-3-11-32\;C:\Users\11218\AppData\Local\Programs\Python\Python311\;C:\Users\11218\miniconda3;C:\Users\11218\miniconda3\Library\mingw-w64\bin;C:\Users\11218\miniconda3\Library\usr\bin;C:\Users\11218\miniconda3\Library\bin;C:\Users\11218\miniconda3\Scripts;C:\Users\11218\scoop\shims;C:\Users\11218\AppData\Local\Microsoft\WindowsApps;C:\Users\11218\AppData\Local\Programs\Microsoft VS Code\bin;D:\myPython\goods;C:\Users\11218\AppData\Local\Microsoft\WinGet\Links;C:\Users\11218\.dotnet\tools
USERNAME=Stranger
OS=Windows_NT
PROCESSOR_IDENTIFIER=Intel64 Family 6 Model 122 Stepping 8, GenuineIntel



---------------  S Y S T E M  ---------------

OS:
 Windows 11 , 64 bit Build 22621 (10.0.22621.3085)
OS uptime: 6 days 13:53 hours
Hyper-V role detected

CPU: total 2 (initial active 2) (2 cores per cpu, 1 threads per core) family 6 model 122 stepping 8 microcode 0x1a, cx8, cmov, fxsr, mmx, 3dnowpref, sse, sse2, sse3, ssse3, sse4.1, sse4.2, popcnt, tsc, tscinvbit, aes, erms, clmul, sha, clflush, clflushopt, hv

Memory: 4k page, system-wide physical 7995M (680M free)
TotalPageFile size 17511M (AvailPageFile size 5M)
current process WorkingSet (physical memory assigned to process): 124M, peak: 124M
current process commit charge ("private bytes"): 235M, peak: 235M

vm_info: OpenJDK 64-Bit Server VM (17.0.3+6-LTS) for windows-amd64 JRE (17.0.3+6-LTS), built on May  3 2022 21:26:56 by "" with MS VC++ 16.10 / 16.11 (VS2019)

END.
