#
# There is insufficient memory for the Java Runtime Environment to continue.
# Native memory allocation (mmap) failed to map 118489088 bytes for G1 virtual space
# Possible reasons:
#   The system is out of physical RAM or swap space
#   The process is running with CompressedOops enabled, and the Java Heap may be blocking the growth of the native heap
# Possible solutions:
#   Reduce memory load on the system
#   Increase physical memory or swap space
#   Check if swap backing store is full
#   Decrease Java heap size (-Xmx/-Xms)
#   Decrease number of Java threads
#   Decrease Java thread stack sizes (-Xss)
#   Set larger code cache with -XX:ReservedCodeCacheSize=
#   JVM is running with Unscaled Compressed Oops mode in which the Java heap is
#     placed in the first 4GB address space. The Java Heap base address is the
#     maximum limit for the native heap growth. Please use -XX:HeapBaseMinAddress
#     to set the Java Heap base and to place the Java Heap above 4GB virtual address.
# This output file may be truncated or incomplete.
#
#  Out of Memory Error (os_windows.cpp:3535), pid=26512, tid=27804
#
# JRE version: OpenJDK Runtime Environment 21.9 (17.0.3+6) (build 17.0.3+6-LTS)
# Java VM: OpenJDK 64-Bit Server VM 21.9 (17.0.3+6-LTS, mixed mode, sharing, tiered, compressed oops, compressed class ptrs, g1 gc, windows-amd64)
# No core dump will be written. Minidumps are not enabled by default on client versions of Windows
#

---------------  S U M M A R Y ------------

Command Line: --add-opens=java.base/java.util=ALL-UNNAMED --add-opens=java.base/java.lang=ALL-UNNAMED --add-opens=java.base/java.lang.invoke=ALL-UNNAMED --add-opens=java.prefs/java.util.prefs=ALL-UNNAMED --add-opens=java.base/java.nio.charset=ALL-UNNAMED --add-opens=java.base/java.net=ALL-UNNAMED --add-opens=java.base/java.util.concurrent.atomic=ALL-UNNAMED -Xmx2048m -Dfile.encoding=UTF-8 -Duser.country=CN -Duser.language=zh -Duser.variant org.gradle.launcher.daemon.bootstrap.GradleDaemon 8.0

Host: Intel(R) Celeron(R) N4020 CPU @ 1.10GHz, 2 cores, 7G,  Windows 11 , 64 bit Build 22621 (10.0.22621.3085)
Time: Tue Mar 19 17:02:28 2024  Windows 11 , 64 bit Build 22621 (10.0.22621.3085) elapsed time: 132.439336 seconds (0d 0h 2m 12s)

---------------  T H R E A D  ---------------

Current thread (0x00000270474d7860):  VMThread "VM Thread" [stack: 0x0000007aba000000,0x0000007aba100000] [id=27804]

Stack: [0x0000007aba000000,0x0000007aba100000]
Native frames: (J=compiled Java code, j=interpreted, Vv=VM code, C=native code)
V  [jvm.dll+0x67720a]
V  [jvm.dll+0x832514]
V  [jvm.dll+0x833cbe]
V  [jvm.dll+0x834323]
V  [jvm.dll+0x245815]
V  [jvm.dll+0x674129]
V  [jvm.dll+0x668a62]
V  [jvm.dll+0x30469b]
V  [jvm.dll+0x30bba6]
V  [jvm.dll+0x35ba0e]
V  [jvm.dll+0x35bc3f]
V  [jvm.dll+0x2db5a8]
V  [jvm.dll+0x2d9874]
V  [jvm.dll+0x2d8e7c]
V  [jvm.dll+0x31cc5b]
V  [jvm.dll+0x8387fb]
V  [jvm.dll+0x839534]
V  [jvm.dll+0x839a4d]
V  [jvm.dll+0x839e24]
V  [jvm.dll+0x839ef0]
V  [jvm.dll+0x7e230a]
V  [jvm.dll+0x676095]
C  [ucrtbase.dll+0x29363]
C  [KERNEL32.DLL+0x1257d]
C  [ntdll.dll+0x5aa58]

VM_Operation (0x0000007abb4f3190): G1CollectForAllocation, mode: safepoint, requested by thread 0x000002704950d030


---------------  P R O C E S S  ---------------

Threads class SMR info:
_java_thread_list=0x000002704e8efa00, length=61, elements={
0x0000027027cadf90, 0x00000270474dbff0, 0x00000270474dce60, 0x00000270474f69c0,
0x00000270474f7570, 0x00000270474f8120, 0x00000270474fcff0, 0x00000270474fe190,
0x00000270475683a0, 0x00000270475718b0, 0x00000270480b9930, 0x00000270480bc220,
0x0000027048c42020, 0x0000027049332c50, 0x00000270484820d0, 0x0000027049bce890,
0x000002704932ffe0, 0x00000270492997a0, 0x000002704950d030, 0x00000270490d94a0,
0x0000027048bdb580, 0x0000027048bdbf20, 0x0000027048bdc8c0, 0x0000027048bda710,
0x0000027048bd93d0, 0x0000027048bdabe0, 0x0000027048bdb0b0, 0x0000027048bdc3f0,
0x0000027048bd9d70, 0x0000027048bda240, 0x000002704a58ed50, 0x000002704a593a50,
0x000002704a5918a0, 0x000002704a58da10, 0x000002704a58dee0, 0x000002704a5943f0,
0x000002704a58d540, 0x000002704a5930b0, 0x000002704a58fbc0, 0x000002704a590560,
0x000002704a590a30, 0x000002704a590f00, 0x000002704a5913d0, 0x0000027048bdcd90,
0x000002704847edb0, 0x000002704847e410, 0x000002704847da70, 0x000002704847c260,
0x000002704847e8e0, 0x000002704847d5a0, 0x000002704847b8c0, 0x000002704847bd90,
0x000002704847c730, 0x000002704847f750, 0x000002704847f280, 0x000002704847cc00,
0x000002704847b3f0, 0x000002704847d0d0, 0x000002704847fc20, 0x00000270484800f0,
0x00000270484805c0
}

Java Threads: ( => current thread )
  0x0000027027cadf90 JavaThread "main" [_thread_blocked, id=27892, stack(0x0000007ab9a00000,0x0000007ab9b00000)]
  0x00000270474dbff0 JavaThread "Reference Handler" daemon [_thread_blocked, id=30564, stack(0x0000007aba100000,0x0000007aba200000)]
  0x00000270474dce60 JavaThread "Finalizer" daemon [_thread_blocked, id=25832, stack(0x0000007aba200000,0x0000007aba300000)]
  0x00000270474f69c0 JavaThread "Signal Dispatcher" daemon [_thread_blocked, id=5364, stack(0x0000007aba300000,0x0000007aba400000)]
  0x00000270474f7570 JavaThread "Attach Listener" daemon [_thread_blocked, id=32120, stack(0x0000007aba400000,0x0000007aba500000)]
  0x00000270474f8120 JavaThread "Service Thread" daemon [_thread_blocked, id=8404, stack(0x0000007aba500000,0x0000007aba600000)]
  0x00000270474fcff0 JavaThread "Monitor Deflation Thread" daemon [_thread_blocked, id=13636, stack(0x0000007aba600000,0x0000007aba700000)]
  0x00000270474fe190 JavaThread "C2 CompilerThread0" daemon [_thread_blocked, id=17392, stack(0x0000007aba700000,0x0000007aba800000)]
  0x00000270475683a0 JavaThread "C1 CompilerThread0" daemon [_thread_blocked, id=16648, stack(0x0000007aba800000,0x0000007aba900000)]
  0x00000270475718b0 JavaThread "Sweeper thread" daemon [_thread_blocked, id=17412, stack(0x0000007aba900000,0x0000007abaa00000)]
  0x00000270480b9930 JavaThread "Common-Cleaner" daemon [_thread_blocked, id=12640, stack(0x0000007abaa00000,0x0000007abab00000)]
  0x00000270480bc220 JavaThread "Notification Thread" daemon [_thread_blocked, id=13460, stack(0x0000007abab00000,0x0000007abac00000)]
  0x0000027048c42020 JavaThread "Daemon health stats" [_thread_blocked, id=32704, stack(0x0000007abae00000,0x0000007abaf00000)]
  0x0000027049332c50 JavaThread "Incoming local TCP Connector on port 52095" [_thread_in_native, id=17296, stack(0x0000007abaf00000,0x0000007abb000000)]
  0x00000270484820d0 JavaThread "Daemon periodic checks" [_thread_blocked, id=22444, stack(0x0000007abb000000,0x0000007abb100000)]
  0x0000027049bce890 JavaThread "Daemon" [_thread_blocked, id=21672, stack(0x0000007abb100000,0x0000007abb200000)]
  0x000002704932ffe0 JavaThread "Handler for socket connection from /127.0.0.1:52095 to /127.0.0.1:52096" [_thread_in_native, id=3660, stack(0x0000007abb200000,0x0000007abb300000)]
  0x00000270492997a0 JavaThread "Cancel handler" [_thread_blocked, id=33244, stack(0x0000007abb300000,0x0000007abb400000)]
  0x000002704950d030 JavaThread "Daemon worker" [_thread_blocked, id=33132, stack(0x0000007abb400000,0x0000007abb500000)]
  0x00000270490d94a0 JavaThread "Asynchronous log dispatcher for DefaultDaemonConnection: socket connection from /127.0.0.1:52095 to /127.0.0.1:52096" [_thread_blocked, id=23776, stack(0x0000007abb500000,0x0000007abb600000)]
  0x0000027048bdb580 JavaThread "Stdin handler" [_thread_blocked, id=20572, stack(0x0000007abb600000,0x0000007abb700000)]
  0x0000027048bdbf20 JavaThread "Daemon client event forwarder" [_thread_blocked, id=15804, stack(0x0000007abb700000,0x0000007abb800000)]
  0x0000027048bdc8c0 JavaThread "Cache worker for journal cache (C:\Users\11218\.gradle\caches\journal-1)" [_thread_blocked, id=28764, stack(0x0000007abb800000,0x0000007abb900000)]
  0x0000027048bda710 JavaThread "File lock request listener" [_thread_in_native, id=33504, stack(0x0000007abb900000,0x0000007abba00000)]
  0x0000027048bd93d0 JavaThread "Cache worker for file hash cache (C:\Users\11218\.gradle\caches\8.0\fileHashes)" [_thread_blocked, id=11632, stack(0x0000007abba00000,0x0000007abbb00000)]
  0x0000027048bdabe0 JavaThread "File watcher server" daemon [_thread_in_native, id=30788, stack(0x0000007abbd00000,0x0000007abbe00000)]
  0x0000027048bdb0b0 JavaThread "File watcher consumer" daemon [_thread_blocked, id=18004, stack(0x0000007abbe00000,0x0000007abbf00000)]
  0x0000027048bdc3f0 JavaThread "Cache worker for checksums cache (D:\androidLearning\AndroidStudioProjects\serviceTest1\.gradle\8.0\checksums)" [_thread_blocked, id=22440, stack(0x0000007abbf00000,0x0000007abc000000)]
  0x0000027048bd9d70 JavaThread "Cache worker for cache directory md-rule (C:\Users\11218\.gradle\caches\8.0\md-rule)" [_thread_blocked, id=30800, stack(0x0000007abc000000,0x0000007abc100000)]
  0x0000027048bda240 JavaThread "Cache worker for file content cache (C:\Users\11218\.gradle\caches\8.0\fileContent)" [_thread_blocked, id=4088, stack(0x0000007abc100000,0x0000007abc200000)]
  0x000002704a58ed50 JavaThread "Cache worker for file hash cache (D:\androidLearning\AndroidStudioProjects\serviceTest1\.gradle\8.0\fileHashes)" [_thread_blocked, id=20540, stack(0x0000007abc200000,0x0000007abc300000)]
  0x000002704a593a50 JavaThread "Cache worker for cache directory md-supplier (C:\Users\11218\.gradle\caches\8.0\md-supplier)" [_thread_blocked, id=33668, stack(0x0000007abc400000,0x0000007abc500000)]
  0x000002704a5918a0 JavaThread "Cache worker for execution history cache (C:\Users\11218\.gradle\caches\8.0\executionHistory)" [_thread_blocked, id=13720, stack(0x0000007abc500000,0x0000007abc600000)]
  0x000002704a58da10 JavaThread "jar transforms" [_thread_blocked, id=12104, stack(0x0000007abc600000,0x0000007abc700000)]
  0x000002704a58dee0 JavaThread "jar transforms Thread 2" [_thread_blocked, id=14196, stack(0x0000007abc700000,0x0000007abc800000)]
  0x000002704a5943f0 JavaThread "Cache worker for kotlin-dsl (C:\Users\11218\.gradle\caches\8.0\kotlin-dsl)" [_thread_blocked, id=14308, stack(0x0000007abc800000,0x0000007abc900000)]
  0x000002704a58d540 JavaThread "Cache worker for dependencies-accessors (D:\androidLearning\AndroidStudioProjects\serviceTest1\.gradle\8.0\dependencies-accessors)" [_thread_blocked, id=23088, stack(0x0000007abc900000,0x0000007abca00000)]
  0x000002704a5930b0 JavaThread "Cache worker for Build Output Cleanup Cache (D:\androidLearning\AndroidStudioProjects\serviceTest1\.gradle\buildOutputCleanup)" [_thread_blocked, id=30556, stack(0x0000007abca00000,0x0000007abcb00000)]
  0x000002704a58fbc0 JavaThread "Unconstrained build operations" [_thread_blocked, id=26976, stack(0x0000007ab9900000,0x0000007ab9a00000)]
  0x000002704a590560 JavaThread "Unconstrained build operations Thread 2" [_thread_blocked, id=23996, stack(0x0000007abcb00000,0x0000007abcc00000)]
  0x000002704a590a30 JavaThread "Unconstrained build operations Thread 3" [_thread_blocked, id=20808, stack(0x0000007abcc00000,0x0000007abcd00000)]
  0x000002704a590f00 JavaThread "Unconstrained build operations Thread 4" [_thread_blocked, id=33584, stack(0x0000007abcd00000,0x0000007abce00000)]
  0x000002704a5913d0 JavaThread "Unconstrained build operations Thread 5" [_thread_blocked, id=27624, stack(0x0000007abce00000,0x0000007abcf00000)]
  0x0000027048bdcd90 JavaThread "Unconstrained build operations Thread 6" [_thread_blocked, id=9136, stack(0x0000007abcf00000,0x0000007abd000000)]
  0x000002704847edb0 JavaThread "Unconstrained build operations Thread 7" [_thread_blocked, id=9568, stack(0x0000007abd000000,0x0000007abd100000)]
  0x000002704847e410 JavaThread "Unconstrained build operations Thread 8" [_thread_blocked, id=28892, stack(0x0000007abd100000,0x0000007abd200000)]
  0x000002704847da70 JavaThread "Unconstrained build operations Thread 9" [_thread_blocked, id=29760, stack(0x0000007abd200000,0x0000007abd300000)]
  0x000002704847c260 JavaThread "Unconstrained build operations Thread 10" [_thread_blocked, id=19272, stack(0x0000007abd300000,0x0000007abd400000)]
  0x000002704847e8e0 JavaThread "Unconstrained build operations Thread 11" [_thread_blocked, id=19252, stack(0x0000007abd400000,0x0000007abd500000)]
  0x000002704847d5a0 JavaThread "Unconstrained build operations Thread 12" [_thread_blocked, id=14032, stack(0x0000007abd500000,0x0000007abd600000)]
  0x000002704847b8c0 JavaThread "Unconstrained build operations Thread 13" [_thread_blocked, id=22828, stack(0x0000007abd600000,0x0000007abd700000)]
  0x000002704847bd90 JavaThread "Unconstrained build operations Thread 14" [_thread_blocked, id=21892, stack(0x0000007abd700000,0x0000007abd800000)]
  0x000002704847c730 JavaThread "Unconstrained build operations Thread 15" [_thread_blocked, id=24060, stack(0x0000007abd800000,0x0000007abd900000)]
  0x000002704847f750 JavaThread "Unconstrained build operations Thread 16" [_thread_blocked, id=3612, stack(0x0000007abd900000,0x0000007abda00000)]
  0x000002704847f280 JavaThread "Unconstrained build operations Thread 17" [_thread_blocked, id=13356, stack(0x0000007abda00000,0x0000007abdb00000)]
  0x000002704847cc00 JavaThread "Unconstrained build operations Thread 18" [_thread_blocked, id=33700, stack(0x0000007abdb00000,0x0000007abdc00000)]
  0x000002704847b3f0 JavaThread "Unconstrained build operations Thread 19" [_thread_blocked, id=3100, stack(0x0000007abdc00000,0x0000007abdd00000)]
  0x000002704847d0d0 JavaThread "Unconstrained build operations Thread 20" [_thread_blocked, id=8212, stack(0x0000007abdd00000,0x0000007abde00000)]
  0x000002704847fc20 JavaThread "Memory manager" [_thread_blocked, id=25032, stack(0x0000007abde00000,0x0000007abdf00000)]
  0x00000270484800f0 JavaThread "build event listener" [_thread_blocked, id=8092, stack(0x0000007abdf00000,0x0000007abe000000)]
  0x00000270484805c0 JavaThread "build event listener" [_thread_blocked, id=21876, stack(0x0000007abe000000,0x0000007abe100000)]

Other Threads:
=>0x00000270474d7860 VMThread "VM Thread" [stack: 0x0000007aba000000,0x0000007aba100000] [id=27804]
  0x00000270480bc6f0 WatcherThread [stack: 0x0000007abac00000,0x0000007abad00000] [id=27040]
  0x0000027029cfe2e0 GCTaskThread "GC Thread#0" [stack: 0x0000007ab9b00000,0x0000007ab9c00000] [id=30444]
  0x000002704810ff90 GCTaskThread "GC Thread#1" [stack: 0x0000007abad00000,0x0000007abae00000] [id=31588]
  0x0000027029d10230 ConcurrentGCThread "G1 Main Marker" [stack: 0x0000007ab9c00000,0x0000007ab9d00000] [id=4712]
  0x0000027029d10c40 ConcurrentGCThread "G1 Conc#0" [stack: 0x0000007ab9d00000,0x0000007ab9e00000] [id=29232]
  0x0000027029d6e450 ConcurrentGCThread "G1 Refine#0" [stack: 0x0000007ab9e00000,0x0000007ab9f00000] [id=33736]
  0x00000270496e3a80 ConcurrentGCThread "G1 Refine#1" [stack: 0x0000007abc300000,0x0000007abc400000] [id=9736]
  0x0000027047390090 ConcurrentGCThread "G1 Service" [stack: 0x0000007ab9f00000,0x0000007aba000000] [id=23736]

Threads with active compile tasks:
C2 CompilerThread0   132530 10211   !   4       org.jetbrains.kotlin.metadata.ProtoBuf$Type::<init> (875 bytes)

VM state: at safepoint (normal execution)

VM Mutex/Monitor currently owned by a thread:  ([mutex/lock_event])
[0x0000027027cab490] Threads_lock - owner thread: 0x00000270474d7860
[0x0000027027caae60] Heap_lock - owner thread: 0x000002704950d030

Heap address: 0x0000000080000000, size: 2048 MB, Compressed Oops mode: 32-bit

CDS archive(s) mapped at: [0x0000000800000000-0x0000000800bc0000-0x0000000800bc0000), size 12320768, SharedBaseAddress: 0x0000000800000000, ArchiveRelocationMode: 0.
Compressed class space mapped at: 0x0000000800c00000-0x0000000840c00000, reserved size: 1073741824
Narrow klass base: 0x0000000800000000, Narrow klass shift: 0, Narrow klass range: 0x100000000

GC Precious Log:
 CPUs: 2 total, 2 available
 Memory: 7995M
 Large Page Support: Disabled
 NUMA Support: Disabled
 Compressed Oops: Enabled (32-bit)
 Heap Region Size: 1M
 Heap Min Capacity: 8M
 Heap Initial Capacity: 126M
 Heap Max Capacity: 2G
 Pre-touch: Disabled
 Parallel Workers: 2
 Concurrent Workers: 1
 Concurrent Refinement Workers: 2
 Periodic GC: Disabled

Heap:
 garbage-first heap   total 214016K, used 130701K [0x0000000080000000, 0x0000000100000000)
  region size 1024K, 6 young (6144K), 6 survivors (6144K)
 Metaspace       used 100746K, committed 101376K, reserved 1138688K
  class space    used 13392K, committed 13696K, reserved 1048576K

Heap Regions: E=young(eden), S=young(survivor), O=old, HS=humongous(starts), HC=humongous(continues), CS=collection set, F=free, OA=open archive, CA=closed archive, TAMS=top-at-mark-start (previous, next)
|   0|0x0000000080000000, 0x0000000080100000, 0x0000000080100000|100%| O|  |TAMS 0x0000000080100000, 0x0000000080000000| Untracked 
|   1|0x0000000080100000, 0x0000000080200000, 0x0000000080200000|100%| O|  |TAMS 0x0000000080200000, 0x0000000080100000| Untracked 
|   2|0x0000000080200000, 0x0000000080300000, 0x0000000080300000|100%| O|  |TAMS 0x0000000080300000, 0x0000000080200000| Untracked 
|   3|0x0000000080300000, 0x0000000080400000, 0x0000000080400000|100%|HS|  |TAMS 0x0000000080400000, 0x0000000080300000| Complete 
|   4|0x0000000080400000, 0x0000000080500000, 0x0000000080500000|100%|HC|  |TAMS 0x0000000080500000, 0x0000000080400000| Complete 
|   5|0x0000000080500000, 0x0000000080600000, 0x0000000080600000|100%|HC|  |TAMS 0x0000000080600000, 0x0000000080500000| Complete 
|   6|0x0000000080600000, 0x0000000080700000, 0x0000000080700000|100%|HC|  |TAMS 0x0000000080700000, 0x0000000080600000| Complete 
|   7|0x0000000080700000, 0x0000000080800000, 0x0000000080800000|100%| O|  |TAMS 0x0000000080800000, 0x0000000080700000| Untracked 
|   8|0x0000000080800000, 0x0000000080900000, 0x0000000080900000|100%| O|  |TAMS 0x0000000080900000, 0x0000000080800000| Untracked 
|   9|0x0000000080900000, 0x0000000080a00000, 0x0000000080a00000|100%| O|  |TAMS 0x0000000080a00000, 0x0000000080900000| Untracked 
|  10|0x0000000080a00000, 0x0000000080b00000, 0x0000000080b00000|100%| O|  |TAMS 0x0000000080b00000, 0x0000000080a00000| Untracked 
|  11|0x0000000080b00000, 0x0000000080c00000, 0x0000000080c00000|100%| O|  |TAMS 0x0000000080c00000, 0x0000000080b00000| Untracked 
|  12|0x0000000080c00000, 0x0000000080d00000, 0x0000000080d00000|100%| O|  |TAMS 0x0000000080d00000, 0x0000000080c00000| Untracked 
|  13|0x0000000080d00000, 0x0000000080e00000, 0x0000000080e00000|100%| O|  |TAMS 0x0000000080e00000, 0x0000000080d00000| Untracked 
|  14|0x0000000080e00000, 0x0000000080f00000, 0x0000000080f00000|100%| O|  |TAMS 0x0000000080f00000, 0x0000000080e00000| Untracked 
|  15|0x0000000080f00000, 0x0000000081000000, 0x0000000081000000|100%| O|  |TAMS 0x0000000081000000, 0x0000000080f00000| Untracked 
|  16|0x0000000081000000, 0x0000000081100000, 0x0000000081100000|100%| O|  |TAMS 0x0000000081100000, 0x0000000081000000| Untracked 
|  17|0x0000000081100000, 0x0000000081200000, 0x0000000081200000|100%| O|  |TAMS 0x0000000081200000, 0x0000000081100000| Untracked 
|  18|0x0000000081200000, 0x0000000081300000, 0x0000000081300000|100%| O|  |TAMS 0x0000000081300000, 0x0000000081200000| Untracked 
|  19|0x0000000081300000, 0x00000000813e4400, 0x0000000081400000| 89%| O|  |TAMS 0x00000000813e4400, 0x0000000081300000| Untracked 
|  20|0x0000000081400000, 0x0000000081500000, 0x0000000081500000|100%| O|  |TAMS 0x0000000081500000, 0x0000000081400000| Untracked 
|  21|0x0000000081500000, 0x0000000081600000, 0x0000000081600000|100%| O|  |TAMS 0x0000000081600000, 0x0000000081500000| Untracked 
|  22|0x0000000081600000, 0x0000000081700000, 0x0000000081700000|100%| O|  |TAMS 0x0000000081700000, 0x0000000081600000| Untracked 
|  23|0x0000000081700000, 0x0000000081800000, 0x0000000081800000|100%| O|  |TAMS 0x0000000081800000, 0x0000000081700000| Untracked 
|  24|0x0000000081800000, 0x0000000081900000, 0x0000000081900000|100%| O|  |TAMS 0x0000000081900000, 0x0000000081800000| Untracked 
|  25|0x0000000081900000, 0x0000000081a00000, 0x0000000081a00000|100%| O|  |TAMS 0x0000000081a00000, 0x0000000081900000| Untracked 
|  26|0x0000000081a00000, 0x0000000081b00000, 0x0000000081b00000|100%| O|  |TAMS 0x0000000081b00000, 0x0000000081a00000| Untracked 
|  27|0x0000000081b00000, 0x0000000081c00000, 0x0000000081c00000|100%| O|  |TAMS 0x0000000081c00000, 0x0000000081b00000| Untracked 
|  28|0x0000000081c00000, 0x0000000081d00000, 0x0000000081d00000|100%| O|  |TAMS 0x0000000081d00000, 0x0000000081c00000| Untracked 
|  29|0x0000000081d00000, 0x0000000081e00000, 0x0000000081e00000|100%| O|  |TAMS 0x0000000081e00000, 0x0000000081d00000| Untracked 
|  30|0x0000000081e00000, 0x0000000081f00000, 0x0000000081f00000|100%| O|  |TAMS 0x0000000081f00000, 0x0000000081e00000| Untracked 
|  31|0x0000000081f00000, 0x0000000082000000, 0x0000000082000000|100%| O|  |TAMS 0x0000000082000000, 0x0000000081f00000| Untracked 
|  32|0x0000000082000000, 0x0000000082100000, 0x0000000082100000|100%| O|  |TAMS 0x0000000082100000, 0x0000000082000000| Untracked 
|  33|0x0000000082100000, 0x0000000082200000, 0x0000000082200000|100%| O|  |TAMS 0x0000000082200000, 0x0000000082100000| Untracked 
|  34|0x0000000082200000, 0x0000000082300000, 0x0000000082300000|100%| O|  |TAMS 0x0000000082300000, 0x0000000082200000| Untracked 
|  35|0x0000000082300000, 0x0000000082400000, 0x0000000082400000|100%| O|  |TAMS 0x0000000082400000, 0x0000000082300000| Untracked 
|  36|0x0000000082400000, 0x0000000082500000, 0x0000000082500000|100%| O|  |TAMS 0x0000000082500000, 0x0000000082400000| Untracked 
|  37|0x0000000082500000, 0x0000000082600000, 0x0000000082600000|100%| O|  |TAMS 0x0000000082600000, 0x0000000082500000| Untracked 
|  38|0x0000000082600000, 0x0000000082700000, 0x0000000082700000|100%| O|  |TAMS 0x0000000082700000, 0x0000000082600000| Untracked 
|  39|0x0000000082700000, 0x0000000082800000, 0x0000000082800000|100%| O|  |TAMS 0x0000000082800000, 0x0000000082700000| Untracked 
|  40|0x0000000082800000, 0x0000000082900000, 0x0000000082900000|100%| O|  |TAMS 0x0000000082900000, 0x0000000082800000| Untracked 
|  41|0x0000000082900000, 0x0000000082a00000, 0x0000000082a00000|100%| O|  |TAMS 0x0000000082a00000, 0x0000000082900000| Untracked 
|  42|0x0000000082a00000, 0x0000000082b00000, 0x0000000082b00000|100%| O|  |TAMS 0x0000000082b00000, 0x0000000082a00000| Untracked 
|  43|0x0000000082b00000, 0x0000000082c00000, 0x0000000082c00000|100%|HS|  |TAMS 0x0000000082c00000, 0x0000000082b00000| Complete 
|  44|0x0000000082c00000, 0x0000000082d00000, 0x0000000082d00000|100%|HS|  |TAMS 0x0000000082d00000, 0x0000000082c00000| Complete 
|  45|0x0000000082d00000, 0x0000000082e00000, 0x0000000082e00000|100%|HS|  |TAMS 0x0000000082e00000, 0x0000000082d00000| Complete 
|  46|0x0000000082e00000, 0x0000000082f00000, 0x0000000082f00000|100%|HC|  |TAMS 0x0000000082f00000, 0x0000000082e00000| Complete 
|  47|0x0000000082f00000, 0x0000000083000000, 0x0000000083000000|100%|HS|  |TAMS 0x0000000083000000, 0x0000000082f00000| Complete 
|  48|0x0000000083000000, 0x0000000083100000, 0x0000000083100000|100%|HS|  |TAMS 0x0000000083100000, 0x0000000083000000| Complete 
|  49|0x0000000083100000, 0x0000000083200000, 0x0000000083200000|100%|HC|  |TAMS 0x0000000083200000, 0x0000000083100000| Complete 
|  50|0x0000000083200000, 0x0000000083300000, 0x0000000083300000|100%|HC|  |TAMS 0x0000000083300000, 0x0000000083200000| Complete 
|  51|0x0000000083300000, 0x0000000083400000, 0x0000000083400000|100%|HC|  |TAMS 0x0000000083400000, 0x0000000083300000| Complete 
|  52|0x0000000083400000, 0x0000000083500000, 0x0000000083500000|100%| O|  |TAMS 0x0000000083500000, 0x0000000083400000| Untracked 
|  53|0x0000000083500000, 0x0000000083600000, 0x0000000083600000|100%| O|  |TAMS 0x0000000083600000, 0x0000000083500000| Untracked 
|  54|0x0000000083600000, 0x0000000083700000, 0x0000000083700000|100%| O|  |TAMS 0x0000000083700000, 0x0000000083600000| Untracked 
|  55|0x0000000083700000, 0x0000000083800000, 0x0000000083800000|100%| O|  |TAMS 0x0000000083800000, 0x0000000083700000| Untracked 
|  56|0x0000000083800000, 0x0000000083900000, 0x0000000083900000|100%| O|  |TAMS 0x0000000083900000, 0x0000000083800000| Untracked 
|  57|0x0000000083900000, 0x0000000083a00000, 0x0000000083a00000|100%| O|  |TAMS 0x0000000083a00000, 0x0000000083900000| Untracked 
|  58|0x0000000083a00000, 0x0000000083b00000, 0x0000000083b00000|100%| O|  |TAMS 0x0000000083b00000, 0x0000000083a00000| Untracked 
|  59|0x0000000083b00000, 0x0000000083c00000, 0x0000000083c00000|100%| O|  |TAMS 0x0000000083c00000, 0x0000000083b00000| Untracked 
|  60|0x0000000083c00000, 0x0000000083d00000, 0x0000000083d00000|100%| O|  |TAMS 0x0000000083d00000, 0x0000000083c00000| Untracked 
|  61|0x0000000083d00000, 0x0000000083e00000, 0x0000000083e00000|100%| O|  |TAMS 0x0000000083e00000, 0x0000000083d00000| Untracked 
|  62|0x0000000083e00000, 0x0000000083f00000, 0x0000000083f00000|100%| O|  |TAMS 0x0000000083f00000, 0x0000000083e00000| Untracked 
|  63|0x0000000083f00000, 0x0000000084000000, 0x0000000084000000|100%| O|  |TAMS 0x0000000084000000, 0x0000000083f00000| Untracked 
|  64|0x0000000084000000, 0x0000000084100000, 0x0000000084100000|100%| O|  |TAMS 0x0000000084100000, 0x0000000084000000| Untracked 
|  65|0x0000000084100000, 0x0000000084200000, 0x0000000084200000|100%| O|  |TAMS 0x0000000084200000, 0x0000000084100000| Untracked 
|  66|0x0000000084200000, 0x0000000084300000, 0x0000000084300000|100%| O|  |TAMS 0x0000000084300000, 0x0000000084200000| Untracked 
|  67|0x0000000084300000, 0x0000000084400000, 0x0000000084400000|100%|HS|  |TAMS 0x0000000084400000, 0x0000000084300000| Complete 
|  68|0x0000000084400000, 0x0000000084500000, 0x0000000084500000|100%|HC|  |TAMS 0x0000000084500000, 0x0000000084400000| Complete 
|  69|0x0000000084500000, 0x0000000084600000, 0x0000000084600000|100%|HC|  |TAMS 0x0000000084600000, 0x0000000084500000| Complete 
|  70|0x0000000084600000, 0x0000000084700000, 0x0000000084700000|100%|HC|  |TAMS 0x0000000084700000, 0x0000000084600000| Complete 
|  71|0x0000000084700000, 0x0000000084800000, 0x0000000084800000|100%| O|  |TAMS 0x0000000084700000, 0x0000000084700000| Untracked 
|  72|0x0000000084800000, 0x0000000084900000, 0x0000000084900000|100%| O|  |TAMS 0x0000000084800000, 0x0000000084800000| Untracked 
|  73|0x0000000084900000, 0x0000000084900000, 0x0000000084a00000|  0%| F|  |TAMS 0x0000000084900000, 0x0000000084900000| Untracked 
|  74|0x0000000084a00000, 0x0000000084a00000, 0x0000000084b00000|  0%| F|  |TAMS 0x0000000084a00000, 0x0000000084a00000| Untracked 
|  75|0x0000000084b00000, 0x0000000084c00000, 0x0000000084c00000|100%| O|  |TAMS 0x0000000084c00000, 0x0000000084b00000| Untracked 
|  76|0x0000000084c00000, 0x0000000084d00000, 0x0000000084d00000|100%| O|  |TAMS 0x0000000084d00000, 0x0000000084c00000| Untracked 
|  77|0x0000000084d00000, 0x0000000084e00000, 0x0000000084e00000|100%| O|  |TAMS 0x0000000084e00000, 0x0000000084d00000| Untracked 
|  78|0x0000000084e00000, 0x0000000084f00000, 0x0000000084f00000|100%| O|  |TAMS 0x0000000084f00000, 0x0000000084e00000| Untracked 
|  79|0x0000000084f00000, 0x0000000085000000, 0x0000000085000000|100%| O|  |TAMS 0x0000000085000000, 0x0000000084f00000| Untracked 
|  80|0x0000000085000000, 0x0000000085100000, 0x0000000085100000|100%| O|  |TAMS 0x0000000085100000, 0x0000000085000000| Untracked 
|  81|0x0000000085100000, 0x0000000085200000, 0x0000000085200000|100%| O|  |TAMS 0x0000000085200000, 0x0000000085100000| Untracked 
|  82|0x0000000085200000, 0x0000000085300000, 0x0000000085300000|100%| O|  |TAMS 0x0000000085300000, 0x0000000085200000| Untracked 
|  83|0x0000000085300000, 0x0000000085400000, 0x0000000085400000|100%| O|  |TAMS 0x0000000085400000, 0x0000000085300000| Untracked 
|  84|0x0000000085400000, 0x0000000085500000, 0x0000000085500000|100%| O|  |TAMS 0x0000000085500000, 0x0000000085400000| Untracked 
|  85|0x0000000085500000, 0x0000000085600000, 0x0000000085600000|100%| O|  |TAMS 0x0000000085600000, 0x0000000085500000| Untracked 
|  86|0x0000000085600000, 0x0000000085700000, 0x0000000085700000|100%| O|  |TAMS 0x0000000085700000, 0x0000000085600000| Untracked 
|  87|0x0000000085700000, 0x0000000085800000, 0x0000000085800000|100%| O|  |TAMS 0x0000000085800000, 0x0000000085700000| Untracked 
|  88|0x0000000085800000, 0x0000000085900000, 0x0000000085900000|100%| O|  |TAMS 0x0000000085900000, 0x0000000085800000| Untracked 
|  89|0x0000000085900000, 0x0000000085a00000, 0x0000000085a00000|100%| O|  |TAMS 0x0000000085a00000, 0x0000000085900000| Untracked 
|  90|0x0000000085a00000, 0x0000000085b00000, 0x0000000085b00000|100%| O|  |TAMS 0x0000000085b00000, 0x0000000085a00000| Untracked 
|  91|0x0000000085b00000, 0x0000000085c00000, 0x0000000085c00000|100%| O|  |TAMS 0x0000000085c00000, 0x0000000085b00000| Untracked 
|  92|0x0000000085c00000, 0x0000000085d00000, 0x0000000085d00000|100%| O|  |TAMS 0x0000000085d00000, 0x0000000085c00000| Untracked 
|  93|0x0000000085d00000, 0x0000000085e00000, 0x0000000085e00000|100%| O|  |TAMS 0x0000000085e00000, 0x0000000085d00000| Untracked 
|  94|0x0000000085e00000, 0x0000000085f00000, 0x0000000085f00000|100%| O|  |TAMS 0x0000000085f00000, 0x0000000085e00000| Untracked 
|  95|0x0000000085f00000, 0x0000000086000000, 0x0000000086000000|100%| O|  |TAMS 0x0000000086000000, 0x0000000085f00000| Untracked 
|  96|0x0000000086000000, 0x0000000086100000, 0x0000000086100000|100%| O|  |TAMS 0x0000000086100000, 0x0000000086000000| Untracked 
|  97|0x0000000086100000, 0x0000000086100000, 0x0000000086200000|  0%| F|  |TAMS 0x0000000086100000, 0x0000000086100000| Untracked 
|  98|0x0000000086200000, 0x0000000086300000, 0x0000000086300000|100%| O|  |TAMS 0x0000000086300000, 0x0000000086200000| Untracked 
|  99|0x0000000086300000, 0x0000000086400000, 0x0000000086400000|100%| O|  |TAMS 0x0000000086400000, 0x0000000086300000| Untracked 
| 100|0x0000000086400000, 0x0000000086500000, 0x0000000086500000|100%| O|  |TAMS 0x0000000086500000, 0x0000000086400000| Untracked 
| 101|0x0000000086500000, 0x0000000086600000, 0x0000000086600000|100%| O|  |TAMS 0x0000000086600000, 0x0000000086500000| Untracked 
| 102|0x0000000086600000, 0x0000000086700000, 0x0000000086700000|100%| O|  |TAMS 0x0000000086700000, 0x0000000086600000| Untracked 
| 103|0x0000000086700000, 0x0000000086800000, 0x0000000086800000|100%|HS|  |TAMS 0x0000000086800000, 0x0000000086700000| Complete 
| 104|0x0000000086800000, 0x0000000086900000, 0x0000000086900000|100%|HC|  |TAMS 0x0000000086900000, 0x0000000086800000| Complete 
| 105|0x0000000086900000, 0x0000000086a00000, 0x0000000086a00000|100%|HC|  |TAMS 0x0000000086a00000, 0x0000000086900000| Complete 
| 106|0x0000000086a00000, 0x0000000086b00000, 0x0000000086b00000|100%|HC|  |TAMS 0x0000000086b00000, 0x0000000086a00000| Complete 
| 107|0x0000000086b00000, 0x0000000086c00000, 0x0000000086c00000|100%|HC|  |TAMS 0x0000000086c00000, 0x0000000086b00000| Complete 
| 108|0x0000000086c00000, 0x0000000086d00000, 0x0000000086d00000|100%|HC|  |TAMS 0x0000000086d00000, 0x0000000086c00000| Complete 
| 109|0x0000000086d00000, 0x0000000086e00000, 0x0000000086e00000|100%| O|  |TAMS 0x0000000086e00000, 0x0000000086d00000| Untracked 
| 110|0x0000000086e00000, 0x0000000086f00000, 0x0000000086f00000|100%| O|  |TAMS 0x0000000086f00000, 0x0000000086e00000| Untracked 
| 111|0x0000000086f00000, 0x0000000087000000, 0x0000000087000000|100%| O|  |TAMS 0x0000000087000000, 0x0000000086f00000| Untracked 
| 112|0x0000000087000000, 0x0000000087100000, 0x0000000087100000|100%| O|  |TAMS 0x0000000087100000, 0x0000000087000000| Untracked 
| 113|0x0000000087100000, 0x0000000087200000, 0x0000000087200000|100%| O|  |TAMS 0x0000000087200000, 0x0000000087100000| Untracked 
| 114|0x0000000087200000, 0x0000000087300000, 0x0000000087300000|100%| O|  |TAMS 0x0000000087300000, 0x0000000087200000| Untracked 
| 115|0x0000000087300000, 0x0000000087400000, 0x0000000087400000|100%| O|  |TAMS 0x0000000087300000, 0x0000000087300000| Untracked 
| 116|0x0000000087400000, 0x0000000087500000, 0x0000000087500000|100%| O|  |TAMS 0x0000000087400000, 0x0000000087400000| Untracked 
| 117|0x0000000087500000, 0x0000000087600000, 0x0000000087600000|100%| O|  |TAMS 0x0000000087500000, 0x0000000087500000| Untracked 
| 118|0x0000000087600000, 0x0000000087700000, 0x0000000087700000|100%| O|  |TAMS 0x0000000087600000, 0x0000000087600000| Untracked 
| 119|0x0000000087700000, 0x0000000087800000, 0x0000000087800000|100%| O|  |TAMS 0x0000000087700000, 0x0000000087700000| Untracked 
| 120|0x0000000087800000, 0x0000000087900000, 0x0000000087900000|100%| O|  |TAMS 0x0000000087800000, 0x0000000087800000| Untracked 
| 121|0x0000000087900000, 0x0000000087a00000, 0x0000000087a00000|100%| O|  |TAMS 0x0000000087900000, 0x0000000087900000| Untracked 
| 122|0x0000000087a00000, 0x0000000087ac0000, 0x0000000087b00000| 75%| O|  |TAMS 0x0000000087a00000, 0x0000000087a00000| Untracked 
| 123|0x0000000087b00000, 0x0000000087b00000, 0x0000000087c00000|  0%| F|  |TAMS 0x0000000087b00000, 0x0000000087b00000| Untracked 
| 124|0x0000000087c00000, 0x0000000087c00000, 0x0000000087d00000|  0%| F|  |TAMS 0x0000000087c00000, 0x0000000087c00000| Untracked 
| 125|0x0000000087d00000, 0x0000000087d00000, 0x0000000087e00000|  0%| F|  |TAMS 0x0000000087d00000, 0x0000000087d00000| Untracked 
| 126|0x0000000087e00000, 0x0000000087e00000, 0x0000000087f00000|  0%| F|  |TAMS 0x0000000087e00000, 0x0000000087e00000| Untracked 
| 127|0x0000000087f00000, 0x0000000087f00000, 0x0000000088000000|  0%| F|  |TAMS 0x0000000087f00000, 0x0000000087f00000| Untracked 
| 128|0x0000000088000000, 0x0000000088000000, 0x0000000088100000|  0%| F|  |TAMS 0x0000000088000000, 0x0000000088000000| Untracked 
| 129|0x0000000088100000, 0x0000000088100000, 0x0000000088200000|  0%| F|  |TAMS 0x0000000088100000, 0x0000000088100000| Untracked 
| 130|0x0000000088200000, 0x0000000088200000, 0x0000000088300000|  0%| F|  |TAMS 0x0000000088200000, 0x0000000088200000| Untracked 
| 131|0x0000000088300000, 0x0000000088300000, 0x0000000088400000|  0%| F|  |TAMS 0x0000000088300000, 0x0000000088300000| Untracked 
| 132|0x0000000088400000, 0x0000000088400000, 0x0000000088500000|  0%| F|  |TAMS 0x0000000088400000, 0x0000000088400000| Untracked 
| 133|0x0000000088500000, 0x0000000088500000, 0x0000000088600000|  0%| F|  |TAMS 0x0000000088500000, 0x0000000088500000| Untracked 
| 134|0x0000000088600000, 0x0000000088600000, 0x0000000088700000|  0%| F|  |TAMS 0x0000000088600000, 0x0000000088600000| Untracked 
| 135|0x0000000088700000, 0x0000000088700000, 0x0000000088800000|  0%| F|  |TAMS 0x0000000088700000, 0x0000000088700000| Untracked 
| 136|0x0000000088800000, 0x0000000088800000, 0x0000000088900000|  0%| F|  |TAMS 0x0000000088800000, 0x0000000088800000| Untracked 
| 137|0x0000000088900000, 0x0000000088900000, 0x0000000088a00000|  0%| F|  |TAMS 0x0000000088900000, 0x0000000088900000| Untracked 
| 138|0x0000000088a00000, 0x0000000088a00000, 0x0000000088b00000|  0%| F|  |TAMS 0x0000000088a00000, 0x0000000088a00000| Untracked 
| 139|0x0000000088b00000, 0x0000000088b00000, 0x0000000088c00000|  0%| F|  |TAMS 0x0000000088b00000, 0x0000000088b00000| Untracked 
| 140|0x0000000088c00000, 0x0000000088c00000, 0x0000000088d00000|  0%| F|  |TAMS 0x0000000088c00000, 0x0000000088c00000| Untracked 
| 141|0x0000000088d00000, 0x0000000088d00000, 0x0000000088e00000|  0%| F|  |TAMS 0x0000000088d00000, 0x0000000088d00000| Untracked 
| 142|0x0000000088e00000, 0x0000000088e00000, 0x0000000088f00000|  0%| F|  |TAMS 0x0000000088e00000, 0x0000000088e00000| Untracked 
| 143|0x0000000088f00000, 0x0000000088f00000, 0x0000000089000000|  0%| F|  |TAMS 0x0000000088f00000, 0x0000000088f00000| Untracked 
| 144|0x0000000089000000, 0x0000000089000000, 0x0000000089100000|  0%| F|  |TAMS 0x0000000089000000, 0x0000000089000000| Untracked 
| 145|0x0000000089100000, 0x0000000089100000, 0x0000000089200000|  0%| F|  |TAMS 0x0000000089100000, 0x0000000089100000| Untracked 
| 146|0x0000000089200000, 0x0000000089200000, 0x0000000089300000|  0%| F|  |TAMS 0x0000000089200000, 0x0000000089200000| Untracked 
| 147|0x0000000089300000, 0x0000000089300000, 0x0000000089400000|  0%| F|  |TAMS 0x0000000089300000, 0x0000000089300000| Untracked 
| 148|0x0000000089400000, 0x0000000089400000, 0x0000000089500000|  0%| F|  |TAMS 0x0000000089400000, 0x0000000089400000| Untracked 
| 149|0x0000000089500000, 0x0000000089500000, 0x0000000089600000|  0%| F|  |TAMS 0x0000000089500000, 0x0000000089500000| Untracked 
| 150|0x0000000089600000, 0x0000000089600000, 0x0000000089700000|  0%| F|  |TAMS 0x0000000089600000, 0x0000000089600000| Untracked 
| 151|0x0000000089700000, 0x0000000089700000, 0x0000000089800000|  0%| F|  |TAMS 0x0000000089700000, 0x0000000089700000| Untracked 
| 152|0x0000000089800000, 0x0000000089800000, 0x0000000089900000|  0%| F|  |TAMS 0x0000000089800000, 0x0000000089800000| Untracked 
| 153|0x0000000089900000, 0x0000000089900000, 0x0000000089a00000|  0%| F|  |TAMS 0x0000000089900000, 0x0000000089900000| Untracked 
| 154|0x0000000089a00000, 0x0000000089aff300, 0x0000000089b00000| 99%| S|CS|TAMS 0x0000000089a00000, 0x0000000089a00000| Complete 
| 155|0x0000000089b00000, 0x0000000089c00000, 0x0000000089c00000|100%| S|CS|TAMS 0x0000000089b00000, 0x0000000089b00000| Complete 
| 156|0x0000000089c00000, 0x0000000089d00000, 0x0000000089d00000|100%| S|CS|TAMS 0x0000000089c00000, 0x0000000089c00000| Complete 
| 157|0x0000000089d00000, 0x0000000089e00000, 0x0000000089e00000|100%| S|CS|TAMS 0x0000000089d00000, 0x0000000089d00000| Complete 
| 158|0x0000000089e00000, 0x0000000089f00000, 0x0000000089f00000|100%| S|CS|TAMS 0x0000000089e00000, 0x0000000089e00000| Complete 
| 159|0x0000000089f00000, 0x000000008a000000, 0x000000008a000000|100%| S|CS|TAMS 0x0000000089f00000, 0x0000000089f00000| Complete 
| 160|0x000000008a000000, 0x000000008a000000, 0x000000008a100000|  0%| F|  |TAMS 0x000000008a000000, 0x000000008a000000| Untracked 
| 161|0x000000008a100000, 0x000000008a100000, 0x000000008a200000|  0%| F|  |TAMS 0x000000008a100000, 0x000000008a100000| Untracked 
| 162|0x000000008a200000, 0x000000008a200000, 0x000000008a300000|  0%| F|  |TAMS 0x000000008a200000, 0x000000008a200000| Untracked 
| 163|0x000000008a300000, 0x000000008a300000, 0x000000008a400000|  0%| F|  |TAMS 0x000000008a300000, 0x000000008a300000| Untracked 
| 164|0x000000008a400000, 0x000000008a400000, 0x000000008a500000|  0%| F|  |TAMS 0x000000008a400000, 0x000000008a400000| Untracked 
| 165|0x000000008a500000, 0x000000008a500000, 0x000000008a600000|  0%| F|  |TAMS 0x000000008a500000, 0x000000008a500000| Untracked 
| 166|0x000000008a600000, 0x000000008a600000, 0x000000008a700000|  0%| F|  |TAMS 0x000000008a600000, 0x000000008a600000| Untracked 
| 167|0x000000008a700000, 0x000000008a700000, 0x000000008a800000|  0%| F|  |TAMS 0x000000008a700000, 0x000000008a700000| Untracked 
| 168|0x000000008a800000, 0x000000008a800000, 0x000000008a900000|  0%| F|  |TAMS 0x000000008a800000, 0x000000008a800000| Untracked 
| 169|0x000000008a900000, 0x000000008a900000, 0x000000008aa00000|  0%| F|  |TAMS 0x000000008a900000, 0x000000008a900000| Untracked 
| 170|0x000000008aa00000, 0x000000008aa00000, 0x000000008ab00000|  0%| F|  |TAMS 0x000000008aa00000, 0x000000008aa00000| Untracked 
| 171|0x000000008ab00000, 0x000000008ab00000, 0x000000008ac00000|  0%| F|  |TAMS 0x000000008ab00000, 0x000000008ab00000| Untracked 
| 172|0x000000008ac00000, 0x000000008ac00000, 0x000000008ad00000|  0%| F|  |TAMS 0x000000008ac00000, 0x000000008ac00000| Untracked 
| 173|0x000000008ad00000, 0x000000008ad00000, 0x000000008ae00000|  0%| F|  |TAMS 0x000000008ad00000, 0x000000008ad00000| Untracked 
| 174|0x000000008ae00000, 0x000000008ae00000, 0x000000008af00000|  0%| F|  |TAMS 0x000000008ae00000, 0x000000008ae00000| Untracked 
| 175|0x000000008af00000, 0x000000008af00000, 0x000000008b000000|  0%| F|  |TAMS 0x000000008af00000, 0x000000008af00000| Untracked 
| 176|0x000000008b000000, 0x000000008b000000, 0x000000008b100000|  0%| F|  |TAMS 0x000000008b000000, 0x000000008b000000| Untracked 
| 177|0x000000008b100000, 0x000000008b100000, 0x000000008b200000|  0%| F|  |TAMS 0x000000008b100000, 0x000000008b100000| Untracked 
| 178|0x000000008b200000, 0x000000008b200000, 0x000000008b300000|  0%| F|  |TAMS 0x000000008b200000, 0x000000008b200000| Untracked 
| 179|0x000000008b300000, 0x000000008b300000, 0x000000008b400000|  0%| F|  |TAMS 0x000000008b300000, 0x000000008b300000| Untracked 
| 180|0x000000008b400000, 0x000000008b400000, 0x000000008b500000|  0%| F|  |TAMS 0x000000008b400000, 0x000000008b400000| Untracked 
| 181|0x000000008b500000, 0x000000008b500000, 0x000000008b600000|  0%| F|  |TAMS 0x000000008b500000, 0x000000008b500000| Untracked 
| 182|0x000000008b600000, 0x000000008b600000, 0x000000008b700000|  0%| F|  |TAMS 0x000000008b600000, 0x000000008b600000| Untracked 
| 183|0x000000008b700000, 0x000000008b700000, 0x000000008b800000|  0%| F|  |TAMS 0x000000008b700000, 0x000000008b700000| Untracked 
| 184|0x000000008b800000, 0x000000008b800000, 0x000000008b900000|  0%| F|  |TAMS 0x000000008b800000, 0x000000008b800000| Untracked 
| 185|0x000000008b900000, 0x000000008b900000, 0x000000008ba00000|  0%| F|  |TAMS 0x000000008b900000, 0x000000008b900000| Untracked 
| 186|0x000000008ba00000, 0x000000008ba00000, 0x000000008bb00000|  0%| F|  |TAMS 0x000000008ba00000, 0x000000008ba00000| Untracked 
| 187|0x000000008bb00000, 0x000000008bb00000, 0x000000008bc00000|  0%| F|  |TAMS 0x000000008bb00000, 0x000000008bb00000| Untracked 
| 188|0x000000008bc00000, 0x000000008bc00000, 0x000000008bd00000|  0%| F|  |TAMS 0x000000008bc00000, 0x000000008bc00000| Untracked 
| 189|0x000000008bd00000, 0x000000008bd00000, 0x000000008be00000|  0%| F|  |TAMS 0x000000008bd00000, 0x000000008bd00000| Untracked 
| 190|0x000000008be00000, 0x000000008be00000, 0x000000008bf00000|  0%| F|  |TAMS 0x000000008be00000, 0x000000008be00000| Untracked 
| 191|0x000000008bf00000, 0x000000008bf00000, 0x000000008c000000|  0%| F|  |TAMS 0x000000008bf00000, 0x000000008bf00000| Untracked 
| 192|0x000000008c000000, 0x000000008c000000, 0x000000008c100000|  0%| F|  |TAMS 0x000000008c000000, 0x000000008c000000| Untracked 
| 193|0x000000008c100000, 0x000000008c100000, 0x000000008c200000|  0%| F|  |TAMS 0x000000008c100000, 0x000000008c100000| Untracked 
| 194|0x000000008c200000, 0x000000008c200000, 0x000000008c300000|  0%| F|  |TAMS 0x000000008c200000, 0x000000008c200000| Untracked 
| 195|0x000000008c300000, 0x000000008c300000, 0x000000008c400000|  0%| F|  |TAMS 0x000000008c300000, 0x000000008c300000| Untracked 
| 196|0x000000008c400000, 0x000000008c400000, 0x000000008c500000|  0%| F|  |TAMS 0x000000008c400000, 0x000000008c400000| Untracked 
| 197|0x000000008c500000, 0x000000008c500000, 0x000000008c600000|  0%| F|  |TAMS 0x000000008c500000, 0x000000008c500000| Untracked 
| 198|0x000000008c600000, 0x000000008c600000, 0x000000008c700000|  0%| F|  |TAMS 0x000000008c600000, 0x000000008c600000| Untracked 
| 199|0x000000008c700000, 0x000000008c700000, 0x000000008c800000|  0%| F|  |TAMS 0x000000008c700000, 0x000000008c700000| Untracked 
| 200|0x000000008c800000, 0x000000008c800000, 0x000000008c900000|  0%| F|  |TAMS 0x000000008c800000, 0x000000008c800000| Untracked 
| 201|0x000000008c900000, 0x000000008c900000, 0x000000008ca00000|  0%| F|  |TAMS 0x000000008c900000, 0x000000008c900000| Untracked 
| 202|0x000000008ca00000, 0x000000008ca00000, 0x000000008cb00000|  0%| F|  |TAMS 0x000000008ca00000, 0x000000008ca00000| Untracked 
| 203|0x000000008cb00000, 0x000000008cb00000, 0x000000008cc00000|  0%| F|  |TAMS 0x000000008cb00000, 0x000000008cb00000| Untracked 
| 204|0x000000008cc00000, 0x000000008cc00000, 0x000000008cd00000|  0%| F|  |TAMS 0x000000008cc00000, 0x000000008cc00000| Untracked 
| 205|0x000000008cd00000, 0x000000008cd00000, 0x000000008ce00000|  0%| F|  |TAMS 0x000000008cd00000, 0x000000008cd00000| Untracked 
|2045|0x00000000ffd00000, 0x00000000ffd00000, 0x00000000ffe00000|  0%| F|  |TAMS 0x00000000ffd00000, 0x00000000ffd00000| Untracked 
|2046|0x00000000ffe00000, 0x00000000fff00000, 0x00000000fff00000|100%| O|  |TAMS 0x00000000fff00000, 0x00000000ffe00000| Untracked 
|2047|0x00000000fff00000, 0x0000000100000000, 0x0000000100000000|100%| O|  |TAMS 0x0000000100000000, 0x00000000fff00000| Untracked 

Card table byte_map: [0x0000027040b80000,0x0000027040f80000] _byte_map_base: 0x0000027040780000

Marking Bits (Prev, Next): (CMBitMap*) 0x0000027029cff940, (CMBitMap*) 0x0000027029cff900
 Prev Bits: [0x0000027043380000, 0x0000027045380000)
 Next Bits: [0x0000027041380000, 0x0000027043380000)

Polling page: 0x0000027027ba0000

Metaspace:

Usage:
  Non-class:     85.31 MB used.
      Class:     13.08 MB used.
       Both:     98.38 MB used.

Virtual space:
  Non-class space:       88.00 MB reserved,      85.62 MB ( 97%) committed,  11 nodes.
      Class space:        1.00 GB reserved,      13.38 MB (  1%) committed,  1 nodes.
             Both:        1.09 GB reserved,      99.00 MB (  9%) committed. 

Chunk freelists:
   Non-Class:  2.20 MB
       Class:  2.62 MB
        Both:  4.83 MB

MaxMetaspaceSize: unlimited
CompressedClassSpaceSize: 1.00 GB
Initial GC threshold: 21.00 MB
Current GC threshold: 150.00 MB
CDS: on
MetaspaceReclaimPolicy: balanced
 - commit_granule_bytes: 65536.
 - commit_granule_words: 8192.
 - virtual_space_node_default_size: 1048576.
 - enlarge_chunks_in_place: 1.
 - new_chunks_are_fully_committed: 0.
 - uncommit_free_chunks: 1.
 - use_allocation_guard: 0.
 - handle_deallocations: 1.


Internal statistics:

num_allocs_failed_limit: 6.
num_arena_births: 858.
num_arena_deaths: 0.
num_vsnodes_births: 12.
num_vsnodes_deaths: 0.
num_space_committed: 1582.
num_space_uncommitted: 0.
num_chunks_returned_to_freelist: 6.
num_chunks_taken_from_freelist: 4442.
num_chunk_merges: 6.
num_chunk_splits: 3252.
num_chunks_enlarged: 2502.
num_purges: 0.
num_inconsistent_stats: 0.

CodeHeap 'non-profiled nmethods': size=120064Kb used=4977Kb max_used=5339Kb free=115086Kb
 bounds [0x0000027039240000, 0x0000027039780000, 0x0000027040780000]
CodeHeap 'profiled nmethods': size=120000Kb used=17180Kb max_used=18292Kb free=102820Kb
 bounds [0x0000027031d10000, 0x0000027032ef0000, 0x0000027039240000]
CodeHeap 'non-nmethods': size=5696Kb used=2461Kb max_used=2484Kb free=3234Kb
 bounds [0x0000027031780000, 0x0000027031a00000, 0x0000027031d10000]
 total_blobs=9525 nmethods=8512 adapters=924
 compilation: enabled
              stopped_count=0, restarted_count=0
 full_count=0

Compilation events (20 events):
Event: 132.189 Thread 0x00000270475683a0 nmethod 10208 0x0000027032878590 code [0x0000027032878d20, 0x000002703287de28]
Event: 132.195 Thread 0x00000270474fe190 10209       4       org.jetbrains.kotlin.metadata.ProtoBuf$Type::initFields (79 bytes)
Event: 132.200 Thread 0x00000270474fe190 nmethod 10209 0x00000270392ad310 code [0x00000270392ad4a0, 0x00000270392ad898]
Event: 132.200 Thread 0x00000270474fe190 10210       4       org.jetbrains.kotlin.metadata.ProtoBuf$Type$1::parsePartialFrom (11 bytes)
Event: 132.202 Thread 0x00000270474fe190 nmethod 10210 0x000002703954f590 code [0x000002703954f720, 0x000002703954f848]
Event: 132.202 Thread 0x00000270474fe190 10211   !   4       org.jetbrains.kotlin.metadata.ProtoBuf$Type::<init> (875 bytes)
Event: 132.351 Thread 0x00000270475683a0 10214   !   3       org.jetbrains.kotlin.metadata.jvm.JvmProtoBuf$JvmMethodSignature::<init> (286 bytes)
Event: 132.354 Thread 0x00000270475683a0 nmethod 10214 0x00000270321ffa90 code [0x00000270321ffea0, 0x0000027032201ea8]
Event: 132.354 Thread 0x00000270475683a0 10216   !   3       org.jetbrains.kotlin.metadata.jvm.JvmProtoBuf$JvmMethodSignature$Builder::mergeFrom (60 bytes)
Event: 132.354 Thread 0x00000270475683a0 nmethod 10216 0x0000027032300290 code [0x0000027032300480, 0x0000027032300ab8]
Event: 132.354 Thread 0x00000270475683a0 10217       3       org.jetbrains.kotlin.metadata.jvm.JvmProtoBuf$JvmMethodSignature$Builder::buildPartial (65 bytes)
Event: 132.355 Thread 0x00000270475683a0 nmethod 10217 0x00000270320e4690 code [0x00000270320e4860, 0x00000270320e4df8]
Event: 132.355 Thread 0x00000270475683a0 10213       3       org.jetbrains.kotlin.metadata.jvm.JvmProtoBuf$JvmMethodSignature$1::parsePartialFrom (11 bytes)
Event: 132.355 Thread 0x00000270475683a0 nmethod 10213 0x000002703252e990 code [0x000002703252eb40, 0x000002703252ed48]
Event: 132.355 Thread 0x00000270475683a0 10215       3       org.jetbrains.kotlin.metadata.ProtoBuf$Type$Argument$Projection::valueOf (50 bytes)
Event: 132.355 Thread 0x00000270475683a0 nmethod 10215 0x00000270326a5410 code [0x00000270326a55c0, 0x00000270326a5818]
Event: 132.367 Thread 0x00000270475683a0 10220       3       org.jetbrains.kotlin.metadata.ProtoBuf$Type::getDefaultInstanceForType (5 bytes)
Event: 132.367 Thread 0x00000270475683a0 nmethod 10220 0x0000027031fad990 code [0x0000027031fadb20, 0x0000027031fadc98]
Event: 132.367 Thread 0x00000270475683a0 10221       3       org.jetbrains.kotlin.metadata.ProtoBuf$Type::getDefaultInstanceForType (4 bytes)
Event: 132.367 Thread 0x00000270475683a0 nmethod 10221 0x0000027032681c90 code [0x0000027032681e20, 0x0000027032681f38]

GC Heap History (20 events):
Event: 109.895 GC heap after
{Heap after GC invocations=39 (full 0):
 garbage-first heap   total 112640K, used 90273K [0x0000000080000000, 0x0000000100000000)
  region size 1024K, 2 young (2048K), 2 survivors (2048K)
 Metaspace       used 82859K, committed 83520K, reserved 1122304K
  class space    used 11461K, committed 11776K, reserved 1048576K
}
Event: 109.932 GC heap before
{Heap before GC invocations=39 (full 0):
 garbage-first heap   total 112640K, used 95393K [0x0000000080000000, 0x0000000100000000)
  region size 1024K, 7 young (7168K), 2 survivors (2048K)
 Metaspace       used 82859K, committed 83520K, reserved 1122304K
  class space    used 11461K, committed 11776K, reserved 1048576K
}
Event: 109.943 GC heap after
{Heap after GC invocations=40 (full 0):
 garbage-first heap   total 112640K, used 91905K [0x0000000080000000, 0x0000000100000000)
  region size 1024K, 1 young (1024K), 1 survivors (1024K)
 Metaspace       used 82859K, committed 83520K, reserved 1122304K
  class space    used 11461K, committed 11776K, reserved 1048576K
}
Event: 110.573 GC heap before
{Heap before GC invocations=41 (full 0):
 garbage-first heap   total 155648K, used 98049K [0x0000000080000000, 0x0000000100000000)
  region size 1024K, 7 young (7168K), 1 survivors (1024K)
 Metaspace       used 82859K, committed 83520K, reserved 1122304K
  class space    used 11461K, committed 11776K, reserved 1048576K
}
Event: 110.583 GC heap after
{Heap after GC invocations=42 (full 0):
 garbage-first heap   total 155648K, used 93450K [0x0000000080000000, 0x0000000100000000)
  region size 1024K, 1 young (1024K), 1 survivors (1024K)
 Metaspace       used 82859K, committed 83520K, reserved 1122304K
  class space    used 11461K, committed 11776K, reserved 1048576K
}
Event: 110.713 GC heap before
{Heap before GC invocations=42 (full 0):
 garbage-first heap   total 155648K, used 98570K [0x0000000080000000, 0x0000000100000000)
  region size 1024K, 7 young (7168K), 1 survivors (1024K)
 Metaspace       used 82931K, committed 83712K, reserved 1122304K
  class space    used 11465K, committed 11840K, reserved 1048576K
}
Event: 110.733 GC heap after
{Heap after GC invocations=43 (full 0):
 garbage-first heap   total 187392K, used 95258K [0x0000000080000000, 0x0000000100000000)
  region size 1024K, 1 young (1024K), 1 survivors (1024K)
 Metaspace       used 82931K, committed 83712K, reserved 1122304K
  class space    used 11465K, committed 11840K, reserved 1048576K
}
Event: 113.480 GC heap before
{Heap before GC invocations=43 (full 0):
 garbage-first heap   total 187392K, used 142362K [0x0000000080000000, 0x0000000100000000)
  region size 1024K, 47 young (48128K), 1 survivors (1024K)
 Metaspace       used 82960K, committed 83712K, reserved 1122304K
  class space    used 11466K, committed 11840K, reserved 1048576K
}
Event: 113.577 GC heap after
{Heap after GC invocations=44 (full 0):
 garbage-first heap   total 187392K, used 106199K [0x0000000080000000, 0x0000000100000000)
  region size 1024K, 6 young (6144K), 6 survivors (6144K)
 Metaspace       used 82960K, committed 83712K, reserved 1122304K
  class space    used 11466K, committed 11840K, reserved 1048576K
}
Event: 116.406 GC heap before
{Heap before GC invocations=44 (full 0):
 garbage-first heap   total 187392K, used 144087K [0x0000000080000000, 0x0000000100000000)
  region size 1024K, 43 young (44032K), 6 survivors (6144K)
 Metaspace       used 85063K, committed 85696K, reserved 1130496K
  class space    used 11714K, committed 12032K, reserved 1048576K
}
Event: 116.479 GC heap after
{Heap after GC invocations=45 (full 0):
 garbage-first heap   total 187392K, used 113041K [0x0000000080000000, 0x0000000100000000)
  region size 1024K, 6 young (6144K), 6 survivors (6144K)
 Metaspace       used 85063K, committed 85696K, reserved 1130496K
  class space    used 11714K, committed 12032K, reserved 1048576K
}
Event: 119.787 GC heap before
{Heap before GC invocations=45 (full 0):
 garbage-first heap   total 187392K, used 151953K [0x0000000080000000, 0x0000000100000000)
  region size 1024K, 39 young (39936K), 6 survivors (6144K)
 Metaspace       used 87879K, committed 88576K, reserved 1130496K
  class space    used 11984K, committed 12352K, reserved 1048576K
}
Event: 119.817 GC heap after
{Heap after GC invocations=46 (full 0):
 garbage-first heap   total 187392K, used 124817K [0x0000000080000000, 0x0000000100000000)
  region size 1024K, 5 young (5120K), 5 survivors (5120K)
 Metaspace       used 87879K, committed 88576K, reserved 1130496K
  class space    used 11984K, committed 12352K, reserved 1048576K
}
Event: 122.630 GC heap before
{Heap before GC invocations=46 (full 0):
 garbage-first heap   total 187392K, used 152465K [0x0000000080000000, 0x0000000100000000)
  region size 1024K, 32 young (32768K), 5 survivors (5120K)
 Metaspace       used 91430K, committed 92096K, reserved 1130496K
  class space    used 12306K, committed 12672K, reserved 1048576K
}
Event: 122.652 GC heap after
{Heap after GC invocations=47 (full 0):
 garbage-first heap   total 187392K, used 127510K [0x0000000080000000, 0x0000000100000000)
  region size 1024K, 3 young (3072K), 3 survivors (3072K)
 Metaspace       used 91430K, committed 92096K, reserved 1130496K
  class space    used 12306K, committed 12672K, reserved 1048576K
}
Event: 127.891 GC heap before
{Heap before GC invocations=48 (full 0):
 garbage-first heap   total 214016K, used 150038K [0x0000000080000000, 0x0000000100000000)
  region size 1024K, 28 young (28672K), 3 survivors (3072K)
 Metaspace       used 94996K, committed 95680K, reserved 1138688K
  class space    used 12667K, committed 12992K, reserved 1048576K
}
Event: 127.906 GC heap after
{Heap after GC invocations=49 (full 0):
 garbage-first heap   total 214016K, used 127113K [0x0000000080000000, 0x0000000100000000)
  region size 1024K, 2 young (2048K), 2 survivors (2048K)
 Metaspace       used 94996K, committed 95680K, reserved 1138688K
  class space    used 12667K, committed 12992K, reserved 1048576K
}
Event: 128.529 GC heap before
{Heap before GC invocations=49 (full 0):
 garbage-first heap   total 214016K, used 135305K [0x0000000080000000, 0x0000000100000000)
  region size 1024K, 10 young (10240K), 2 survivors (2048K)
 Metaspace       used 95973K, committed 96640K, reserved 1138688K
  class space    used 12796K, committed 13120K, reserved 1048576K
}
Event: 128.553 GC heap after
{Heap after GC invocations=50 (full 0):
 garbage-first heap   total 214016K, used 125405K [0x0000000080000000, 0x0000000100000000)
  region size 1024K, 1 young (1024K), 1 survivors (1024K)
 Metaspace       used 95973K, committed 96640K, reserved 1138688K
  class space    used 12796K, committed 13120K, reserved 1048576K
}
Event: 132.368 GC heap before
{Heap before GC invocations=50 (full 0):
 garbage-first heap   total 214016K, used 173533K [0x0000000080000000, 0x0000000100000000)
  region size 1024K, 47 young (48128K), 1 survivors (1024K)
 Metaspace       used 100746K, committed 101376K, reserved 1138688K
  class space    used 13392K, committed 13696K, reserved 1048576K
}

Deoptimization events (20 events):
Event: 128.751 Thread 0x000002704950d030 DEOPT PACKING pc=0x000002703973c8cc sp=0x0000007abb4f4220
Event: 128.751 Thread 0x000002704950d030 DEOPT UNPACKING pc=0x00000270317d239d sp=0x0000007abb4f4208 mode 2
Event: 130.310 Thread 0x000002704950d030 Uncommon trap: trap_request=0xffffffc6 fr.pc=0x00000270395b46f0 relative=0x0000000000001670
Event: 130.310 Thread 0x000002704950d030 Uncommon trap: reason=bimorphic_or_optimized_type_check action=maybe_recompile pc=0x00000270395b46f0 method=gnu.trove.TObjectHash.insertionIndex(Ljava/lang/Object;)I @ 13 c2
Event: 130.310 Thread 0x000002704950d030 DEOPT PACKING pc=0x00000270395b46f0 sp=0x0000007abb4f1dd0
Event: 130.310 Thread 0x000002704950d030 DEOPT UNPACKING pc=0x00000270317d239d sp=0x0000007abb4f1d80 mode 2
Event: 130.310 Thread 0x000002704950d030 Uncommon trap: trap_request=0xffffffc6 fr.pc=0x00000270395b45a4 relative=0x0000000000001524
Event: 130.310 Thread 0x000002704950d030 Uncommon trap: reason=bimorphic_or_optimized_type_check action=maybe_recompile pc=0x00000270395b45a4 method=gnu.trove.TObjectHash.insertionIndex(Ljava/lang/Object;)I @ 30 c2
Event: 130.310 Thread 0x000002704950d030 DEOPT PACKING pc=0x00000270395b45a4 sp=0x0000007abb4f1dd0
Event: 130.310 Thread 0x000002704950d030 DEOPT UNPACKING pc=0x00000270317d239d sp=0x0000007abb4f1d80 mode 2
Event: 130.311 Thread 0x000002704950d030 Uncommon trap: trap_request=0xffffffc6 fr.pc=0x00000270395b45a4 relative=0x0000000000001524
Event: 130.311 Thread 0x000002704950d030 Uncommon trap: reason=bimorphic_or_optimized_type_check action=maybe_recompile pc=0x00000270395b45a4 method=gnu.trove.TObjectHash.insertionIndex(Ljava/lang/Object;)I @ 30 c2
Event: 130.311 Thread 0x000002704950d030 DEOPT PACKING pc=0x00000270395b45a4 sp=0x0000007abb4f1dd0
Event: 130.311 Thread 0x000002704950d030 DEOPT UNPACKING pc=0x00000270317d239d sp=0x0000007abb4f1d80 mode 2
Event: 130.311 Thread 0x000002704950d030 Uncommon trap: trap_request=0xffffffc6 fr.pc=0x00000270395b45a4 relative=0x0000000000001524
Event: 130.311 Thread 0x000002704950d030 Uncommon trap: reason=bimorphic_or_optimized_type_check action=maybe_recompile pc=0x00000270395b45a4 method=gnu.trove.TObjectHash.insertionIndex(Ljava/lang/Object;)I @ 30 c2
Event: 130.311 Thread 0x000002704950d030 DEOPT PACKING pc=0x00000270395b45a4 sp=0x0000007abb4f1dd0
Event: 130.311 Thread 0x000002704950d030 DEOPT UNPACKING pc=0x00000270317d239d sp=0x0000007abb4f1d80 mode 2
Event: 132.180 Thread 0x000002704950d030 DEOPT PACKING pc=0x0000027032551fdf sp=0x0000007abb4f4210
Event: 132.180 Thread 0x000002704950d030 DEOPT UNPACKING pc=0x00000270317d2b24 sp=0x0000007abb4f3748 mode 0

Classes unloaded (0 events):
No events

Classes redefined (0 events):
No events

Internal exceptions (20 events):
Event: 97.122 Thread 0x000002704950d030 Exception <a 'java/lang/NoSuchMethodError'{0x0000000085da70b8}: static Lorg/jetbrains/kotlin/gradle/plugin/internal/DefaultIdeaSyncDetectorVariantFactory;.<clinit>()V> (0x0000000085da70b8) 
thrown [d:\a\1\s\lookaside\java-17-openjdk\src\hotspot\share\prims\jni.cpp, line 1107]
Event: 97.126 Thread 0x000002704950d030 Exception <a 'java/lang/NoSuchMethodError'{0x0000000085dc05c8}: static Lorg/jetbrains/kotlin/gradle/plugin/internal/DefaultKotlinTestReportCompatibilityHelperVariantFactory;.<clinit>()V> (0x0000000085dc05c8) 
thrown [d:\a\1\s\lookaside\java-17-openjdk\src\hotspot\share\prims\jni.cpp, line 1107]
Event: 101.642 Thread 0x000002704950d030 Exception <a 'java/lang/ClassNotFoundException'{0x0000000085c4a368}: org/jetbrains/kotlin/gradle/targets/js/npm/DefaultNpmDependencyExtensionBeanInfo> (0x0000000085c4a368) 
thrown [d:\a\1\s\lookaside\java-17-openjdk\src\hotspot\share\classfile\systemDictionary.cpp, line 256]
Event: 101.642 Thread 0x000002704950d030 Exception <a 'java/lang/ClassNotFoundException'{0x0000000085c56ab8}: org/jetbrains/kotlin/gradle/targets/js/npm/DefaultNpmDependencyExtensionCustomizer> (0x0000000085c56ab8) 
thrown [d:\a\1\s\lookaside\java-17-openjdk\src\hotspot\share\classfile\systemDictionary.cpp, line 256]
Event: 101.662 Thread 0x000002704950d030 Exception <a 'java/lang/ClassNotFoundException'{0x0000000085cc1d68}: org/jetbrains/kotlin/gradle/targets/js/npm/NpmDependencyExtensionKt$defaultNpmDependencyDelegate$1BeanInfo> (0x0000000085cc1d68) 
thrown [d:\a\1\s\lookaside\java-17-openjdk\src\hotspot\share\classfile\systemDictionary.cpp, line 256]
Event: 101.671 Thread 0x000002704950d030 Exception <a 'java/lang/ClassNotFoundException'{0x0000000085cce500}: org/jetbrains/kotlin/gradle/targets/js/npm/NpmDependencyExtensionDelegateBeanInfo> (0x0000000085cce500) 
thrown [d:\a\1\s\lookaside\java-17-openjdk\src\hotspot\share\classfile\systemDictionary.cpp, line 256]
Event: 101.672 Thread 0x000002704950d030 Exception <a 'java/lang/ClassNotFoundException'{0x0000000085cdac60}: org/jetbrains/kotlin/gradle/targets/js/npm/NpmDependencyExtensionDelegateCustomizer> (0x0000000085cdac60) 
thrown [d:\a\1\s\lookaside\java-17-openjdk\src\hotspot\share\classfile\systemDictionary.cpp, line 256]
Event: 101.680 Thread 0x000002704950d030 Exception <a 'java/lang/ClassNotFoundException'{0x0000000085cfc770}: org/jetbrains/kotlin/gradle/targets/js/npm/NpmDependencyExtensionKt$defaultNpmDependencyDelegate$1Customizer> (0x0000000085cfc770) 
thrown [d:\a\1\s\lookaside\java-17-openjdk\src\hotspot\share\classfile\systemDictionary.cpp, line 256]
Event: 101.694 Thread 0x000002704950d030 Exception <a 'java/lang/ClassNotFoundException'{0x0000000085b33998}: org/jetbrains/kotlin/gradle/targets/js/npm/DefaultDevNpmDependencyExtensionBeanInfo> (0x0000000085b33998) 
thrown [d:\a\1\s\lookaside\java-17-openjdk\src\hotspot\share\classfile\systemDictionary.cpp, line 256]
Event: 101.694 Thread 0x000002704950d030 Exception <a 'java/lang/ClassNotFoundException'{0x0000000085b40100}: org/jetbrains/kotlin/gradle/targets/js/npm/DefaultDevNpmDependencyExtensionCustomizer> (0x0000000085b40100) 
thrown [d:\a\1\s\lookaside\java-17-openjdk\src\hotspot\share\classfile\systemDictionary.cpp, line 256]
Event: 101.813 Thread 0x000002704950d030 Exception <a 'java/lang/ClassNotFoundException'{0x0000000085b7d020}: org/jetbrains/kotlin/gradle/targets/js/npm/DefaultPeerNpmDependencyExtensionBeanInfo> (0x0000000085b7d020) 
thrown [d:\a\1\s\lookaside\java-17-openjdk\src\hotspot\share\classfile\systemDictionary.cpp, line 256]
Event: 101.813 Thread 0x000002704950d030 Exception <a 'java/lang/ClassNotFoundException'{0x0000000085b897d8}: org/jetbrains/kotlin/gradle/targets/js/npm/DefaultPeerNpmDependencyExtensionCustomizer> (0x0000000085b897d8) 
thrown [d:\a\1\s\lookaside\java-17-openjdk\src\hotspot\share\classfile\systemDictionary.cpp, line 256]
Event: 101.826 Thread 0x000002704950d030 Exception <a 'java/lang/ClassNotFoundException'{0x0000000085bca820}: org/jetbrains/kotlin/gradle/targets/js/npm/DefaultPeerNpmDependencyExtension$delegate$1BeanInfo> (0x0000000085bca820) 
thrown [d:\a\1\s\lookaside\java-17-openjdk\src\hotspot\share\classfile\systemDictionary.cpp, line 256]
Event: 101.827 Thread 0x000002704950d030 Exception <a 'java/lang/ClassNotFoundException'{0x0000000085bd72a0}: org/jetbrains/kotlin/gradle/targets/js/npm/DefaultPeerNpmDependencyExtension$delegate$1Customizer> (0x0000000085bd72a0) 
thrown [d:\a\1\s\lookaside\java-17-openjdk\src\hotspot\share\classfile\systemDictionary.cpp, line 256]
Event: 105.716 Thread 0x000002704950d030 Exception <a 'java/lang/NoSuchMethodError'{0x0000000086597a38}: 'long java.lang.invoke.DirectMethodHandle$Holder.invokeStatic(java.lang.Object)'> (0x0000000086597a38) 
thrown [d:\a\1\s\lookaside\java-17-openjdk\src\hotspot\share\interpreter\linkResolver.cpp, line 766]
Event: 105.721 Thread 0x000002704950d030 Exception <a 'java/lang/NoSuchMethodError'{0x000000008659c5d8}: 'long java.lang.invoke.DirectMethodHandle$Holder.invokeStaticInit(java.lang.Object)'> (0x000000008659c5d8) 
thrown [d:\a\1\s\lookaside\java-17-openjdk\src\hotspot\share\interpreter\linkResolver.cpp, line 766]
Event: 109.253 Thread 0x000002704950d030 Exception <a 'java/lang/NoSuchMethodError'{0x00000000864ed660}: 'java.lang.Object java.lang.invoke.Invokers$Holder.invoke_MT(java.lang.Object, java.lang.Object, java.lang.Object)'> (0x00000000864ed660) 
thrown [d:\a\1\s\lookaside\java-17-openjdk\src\hotspot\share\interpreter\linkResolver.cpp, line 766]
Event: 111.084 Thread 0x000002704950d030 Implicit null exception at 0x00000270396c84d7 to 0x00000270396ca48c
Event: 111.084 Thread 0x000002704950d030 Implicit null exception at 0x00000270396cc659 to 0x00000270396ce5b0
Event: 130.507 Thread 0x000002704950d030 Exception <a 'java/lang/NoSuchMethodError'{0x000000008b539b88}: 'java.lang.Object java.lang.invoke.DirectMethodHandle$Holder.invokeStatic(java.lang.Object, java.lang.Object, java.lang.Object, java.lang.Object, int)'> (0x000000008b539b88) 
thrown [d:\a\1\s\lookaside\java-17-openjdk\src\hotspot\share\interpreter\linkResolver.cpp, line 766]

VM Operations (20 events):
Event: 127.277 Executing VM operation: HandshakeAllThreads done
Event: 127.891 Executing VM operation: G1CollectForAllocation
Event: 127.906 Executing VM operation: G1CollectForAllocation done
Event: 128.268 Executing VM operation: HandshakeAllThreads
Event: 128.269 Executing VM operation: HandshakeAllThreads done
Event: 128.528 Executing VM operation: G1CollectForAllocation
Event: 128.553 Executing VM operation: G1CollectForAllocation done
Event: 129.569 Executing VM operation: Cleanup
Event: 129.590 Executing VM operation: Cleanup done
Event: 130.374 Executing VM operation: HandshakeAllThreads
Event: 130.375 Executing VM operation: HandshakeAllThreads done
Event: 130.387 Executing VM operation: HandshakeAllThreads
Event: 130.387 Executing VM operation: HandshakeAllThreads done
Event: 131.162 Executing VM operation: HandshakeAllThreads
Event: 131.162 Executing VM operation: HandshakeAllThreads done
Event: 131.162 Executing VM operation: Cleanup
Event: 131.164 Executing VM operation: Cleanup done
Event: 132.173 Executing VM operation: Cleanup
Event: 132.181 Executing VM operation: Cleanup done
Event: 132.367 Executing VM operation: G1CollectForAllocation

Events (20 events):
Event: 126.983 Thread 0x00000270475718b0 flushing nmethod 0x0000027032de7510
Event: 126.983 Thread 0x00000270475718b0 flushing nmethod 0x0000027032de7990
Event: 126.983 Thread 0x00000270475718b0 flushing nmethod 0x0000027032de8910
Event: 126.983 Thread 0x00000270475718b0 flushing nmethod 0x0000027032de8d90
Event: 126.983 Thread 0x00000270475718b0 flushing nmethod 0x0000027032de9b90
Event: 126.983 Thread 0x00000270475718b0 flushing nmethod 0x0000027032deb510
Event: 128.681 loading class java/text/StringCharacterIterator
Event: 128.682 loading class java/text/CharacterIterator
Event: 128.682 loading class java/text/CharacterIterator done
Event: 128.682 loading class java/text/StringCharacterIterator done
Event: 128.833 loading class java/io/NotSerializableException
Event: 128.839 loading class java/io/NotSerializableException done
Event: 130.209 loading class java/util/function/IntUnaryOperator
Event: 130.210 loading class java/util/function/IntUnaryOperator done
Event: 130.384 loading class java/util/AbstractList$SubList
Event: 130.385 loading class java/util/AbstractList$SubList done
Event: 130.385 loading class java/util/AbstractList$SubList$1
Event: 130.385 loading class java/util/AbstractList$SubList$1 done
Event: 130.385 loading class java/util/AbstractList$ListItr
Event: 130.385 loading class java/util/AbstractList$ListItr done


Dynamic libraries:
0x00007ff651720000 - 0x00007ff651741000 	D:\java\ojdkbuild\java-17-openjdk-17.0.3.0.6-1\bin\java.exe
0x00007ff85fdb0000 - 0x00007ff85ffc7000 	C:\Windows\SYSTEM32\ntdll.dll
0x00007ff85e170000 - 0x00007ff85e234000 	C:\Windows\System32\KERNEL32.DLL
0x00007ff85d750000 - 0x00007ff85daf6000 	C:\Windows\System32\KERNELBASE.dll
0x00007ff85d4a0000 - 0x00007ff85d5b1000 	C:\Windows\System32\ucrtbase.dll
0x00007ff848780000 - 0x00007ff848798000 	D:\java\ojdkbuild\java-17-openjdk-17.0.3.0.6-1\bin\jli.dll
0x00007ff85ed70000 - 0x00007ff85ef1e000 	C:\Windows\System32\USER32.dll
0x00007ff85d260000 - 0x00007ff85d286000 	C:\Windows\System32\win32u.dll
0x00007ff85e9a0000 - 0x00007ff85e9c9000 	C:\Windows\System32\GDI32.dll
0x00007ff85d290000 - 0x00007ff85d3a8000 	C:\Windows\System32\gdi32full.dll
0x00007ff85d6b0000 - 0x00007ff85d74a000 	C:\Windows\System32\msvcp_win.dll
0x00007ff848700000 - 0x00007ff84871b000 	D:\java\ojdkbuild\java-17-openjdk-17.0.3.0.6-1\bin\VCRUNTIME140.dll
0x00007ff8493f0000 - 0x00007ff849683000 	C:\Windows\WinSxS\amd64_microsoft.windows.common-controls_6595b64144ccf1df_6.0.22621.2506_none_270c5ae97388e100\COMCTL32.dll
0x00007ff85ec40000 - 0x00007ff85ece7000 	C:\Windows\System32\msvcrt.dll
0x00007ff85e240000 - 0x00007ff85e271000 	C:\Windows\System32\IMM32.DLL
0x00007ff8496b0000 - 0x00007ff8496bc000 	D:\java\ojdkbuild\java-17-openjdk-17.0.3.0.6-1\bin\vcruntime140_1.dll
0x00007ff824970000 - 0x00007ff8249fd000 	D:\java\ojdkbuild\java-17-openjdk-17.0.3.0.6-1\bin\msvcp140.dll
0x00007ff8116d0000 - 0x00007ff81232f000 	D:\java\ojdkbuild\java-17-openjdk-17.0.3.0.6-1\bin\server\jvm.dll
0x00007ff85e3c0000 - 0x00007ff85e473000 	C:\Windows\System32\ADVAPI32.dll
0x00007ff85e5a0000 - 0x00007ff85e648000 	C:\Windows\System32\sechost.dll
0x00007ff85d470000 - 0x00007ff85d498000 	C:\Windows\System32\bcrypt.dll
0x00007ff85e480000 - 0x00007ff85e597000 	C:\Windows\System32\RPCRT4.dll
0x00007ff85e990000 - 0x00007ff85e998000 	C:\Windows\System32\PSAPI.DLL
0x00007ff83ee40000 - 0x00007ff83ee49000 	C:\Windows\SYSTEM32\WSOCK32.dll
0x00007ff85ef30000 - 0x00007ff85efa1000 	C:\Windows\System32\WS2_32.dll
0x00007ff82e330000 - 0x00007ff82e364000 	C:\Windows\SYSTEM32\WINMM.dll
0x00007ff849f00000 - 0x00007ff849f0a000 	C:\Windows\SYSTEM32\VERSION.dll
0x00007ff85c180000 - 0x00007ff85c198000 	C:\Windows\SYSTEM32\kernel.appcore.dll
0x00007ff849090000 - 0x00007ff84909a000 	D:\java\ojdkbuild\java-17-openjdk-17.0.3.0.6-1\bin\jimage.dll
0x00007ff85aa40000 - 0x00007ff85ac73000 	C:\Windows\SYSTEM32\DBGHELP.DLL
0x00007ff85f820000 - 0x00007ff85fba9000 	C:\Windows\System32\combase.dll
0x00007ff85e280000 - 0x00007ff85e357000 	C:\Windows\System32\OLEAUT32.dll
0x00007ff843da0000 - 0x00007ff843dd2000 	C:\Windows\SYSTEM32\dbgcore.DLL
0x00007ff85d630000 - 0x00007ff85d6aa000 	C:\Windows\System32\bcryptPrimitives.dll
0x00007ff8391f0000 - 0x00007ff839215000 	D:\java\ojdkbuild\java-17-openjdk-17.0.3.0.6-1\bin\java.dll
0x00007ff81cbe0000 - 0x00007ff81ccb7000 	D:\java\ojdkbuild\java-17-openjdk-17.0.3.0.6-1\bin\jsvml.dll
0x00007ff85efc0000 - 0x00007ff85f81b000 	C:\Windows\System32\SHELL32.dll
0x00007ff85b010000 - 0x00007ff85b906000 	C:\Windows\SYSTEM32\windows.storage.dll
0x00007ff85aed0000 - 0x00007ff85b00e000 	C:\Windows\SYSTEM32\wintypes.dll
0x00007ff85db00000 - 0x00007ff85dbf3000 	C:\Windows\System32\SHCORE.dll
0x00007ff85e650000 - 0x00007ff85e6ae000 	C:\Windows\System32\shlwapi.dll
0x00007ff85d020000 - 0x00007ff85d046000 	C:\Windows\SYSTEM32\profapi.dll
0x00007ff83b570000 - 0x00007ff83b589000 	D:\java\ojdkbuild\java-17-openjdk-17.0.3.0.6-1\bin\net.dll
0x00007ff8531f0000 - 0x00007ff853327000 	C:\Windows\SYSTEM32\WINHTTP.dll
0x00007ff85c650000 - 0x00007ff85c6b9000 	C:\Windows\system32\mswsock.dll
0x00007ff8391c0000 - 0x00007ff8391d6000 	D:\java\ojdkbuild\java-17-openjdk-17.0.3.0.6-1\bin\nio.dll
0x00007ff8374c0000 - 0x00007ff8374d8000 	D:\java\ojdkbuild\java-17-openjdk-17.0.3.0.6-1\bin\zip.dll
0x00007ff848d10000 - 0x00007ff848d20000 	D:\java\ojdkbuild\java-17-openjdk-17.0.3.0.6-1\bin\verify.dll
0x00007ff82e690000 - 0x00007ff82e6b7000 	C:\Users\11218\.gradle\native\68d5fa5c4cc2d200863cafc0d521ce42e7d3e7ee720ec0a83991735586a16f82\windows-amd64\native-platform.dll
0x00007ff81c570000 - 0x00007ff81c6b4000 	C:\Users\11218\.gradle\native\e376f236ea51e6404a007f0833ffe2c6e607c4080706a723a18a27aeea778392\windows-amd64\native-platform-file-events.dll
0x00007ff848a70000 - 0x00007ff848a79000 	D:\java\ojdkbuild\java-17-openjdk-17.0.3.0.6-1\bin\management.dll
0x00007ff848a40000 - 0x00007ff848a4b000 	D:\java\ojdkbuild\java-17-openjdk-17.0.3.0.6-1\bin\management_ext.dll
0x00007ff85c9a0000 - 0x00007ff85c9bb000 	C:\Windows\SYSTEM32\CRYPTSP.dll
0x00007ff85c140000 - 0x00007ff85c175000 	C:\Windows\system32\rsaenh.dll
0x00007ff85c6f0000 - 0x00007ff85c71c000 	C:\Windows\SYSTEM32\USERENV.dll
0x00007ff85c980000 - 0x00007ff85c98c000 	C:\Windows\SYSTEM32\CRYPTBASE.dll
0x00007ff85bc20000 - 0x00007ff85bc4d000 	C:\Windows\SYSTEM32\IPHLPAPI.DLL
0x00007ff85eb30000 - 0x00007ff85eb39000 	C:\Windows\System32\NSI.dll
0x00007ff8531d0000 - 0x00007ff8531e9000 	C:\Windows\SYSTEM32\dhcpcsvc6.DLL
0x00007ff8531b0000 - 0x00007ff8531cf000 	C:\Windows\SYSTEM32\dhcpcsvc.DLL
0x00007ff85bca0000 - 0x00007ff85bd99000 	C:\Windows\SYSTEM32\DNSAPI.dll
0x00007ff8488e0000 - 0x00007ff8488ed000 	D:\java\ojdkbuild\java-17-openjdk-17.0.3.0.6-1\bin\sunmscapi.dll
0x00007ff85d0f0000 - 0x00007ff85d256000 	C:\Windows\System32\CRYPT32.dll
0x00007ff85cab0000 - 0x00007ff85cade000 	C:\Windows\SYSTEM32\ncrypt.dll
0x00007ff85ca70000 - 0x00007ff85caa7000 	C:\Windows\SYSTEM32\NTASN1.dll
0x00007ff8496e0000 - 0x00007ff8496e8000 	C:\Windows\system32\wshunix.dll
0x00007ff849e50000 - 0x00007ff849e5a000 	C:\Windows\System32\rasadhlp.dll
0x00007ff849be0000 - 0x00007ff849c63000 	C:\Windows\System32\fwpuclnt.dll

dbghelp: loaded successfully - version: 4.0.5 - missing functions: none
symbol engine: initialized successfully - sym options: 0x614 - pdb path: .;D:\java\ojdkbuild\java-17-openjdk-17.0.3.0.6-1\bin;C:\Windows\SYSTEM32;C:\Windows\WinSxS\amd64_microsoft.windows.common-controls_6595b64144ccf1df_6.0.22621.2506_none_270c5ae97388e100;D:\java\ojdkbuild\java-17-openjdk-17.0.3.0.6-1\bin\server;C:\Users\11218\.gradle\native\68d5fa5c4cc2d200863cafc0d521ce42e7d3e7ee720ec0a83991735586a16f82\windows-amd64;C:\Users\11218\.gradle\native\e376f236ea51e6404a007f0833ffe2c6e607c4080706a723a18a27aeea778392\windows-amd64

VM Arguments:
jvm_args: --add-opens=java.base/java.util=ALL-UNNAMED --add-opens=java.base/java.lang=ALL-UNNAMED --add-opens=java.base/java.lang.invoke=ALL-UNNAMED --add-opens=java.prefs/java.util.prefs=ALL-UNNAMED --add-opens=java.base/java.nio.charset=ALL-UNNAMED --add-opens=java.base/java.net=ALL-UNNAMED --add-opens=java.base/java.util.concurrent.atomic=ALL-UNNAMED -Xmx2048m -Dfile.encoding=UTF-8 -Duser.country=CN -Duser.language=zh -Duser.variant 
java_command: org.gradle.launcher.daemon.bootstrap.GradleDaemon 8.0
java_class_path (initial): C:\Users\11218\.gradle\wrapper\dists\gradle-8.0-all\a2o1xoguejy6msdh0lk99lxza\gradle-8.0\lib\gradle-launcher-8.0.jar
Launcher Type: SUN_STANDARD

[Global flags]
     intx CICompilerCount                          = 2                                         {product} {ergonomic}
     uint ConcGCThreads                            = 1                                         {product} {ergonomic}
     uint G1ConcRefinementThreads                  = 2                                         {product} {ergonomic}
   size_t G1HeapRegionSize                         = 1048576                                   {product} {ergonomic}
    uintx GCDrainStackTargetSize                   = 64                                        {product} {ergonomic}
   size_t InitialHeapSize                          = 132120576                                 {product} {ergonomic}
   size_t MarkStackSize                            = 4194304                                   {product} {ergonomic}
   size_t MaxHeapSize                              = 2147483648                                {product} {command line}
   size_t MaxNewSize                               = 1287651328                                {product} {ergonomic}
   size_t MinHeapDeltaBytes                        = 1048576                                   {product} {ergonomic}
   size_t MinHeapSize                              = 8388608                                   {product} {ergonomic}
    uintx NonNMethodCodeHeapSize                   = 5826188                                {pd product} {ergonomic}
    uintx NonProfiledCodeHeapSize                  = 122916026                              {pd product} {ergonomic}
    uintx ProfiledCodeHeapSize                     = 122916026                              {pd product} {ergonomic}
    uintx ReservedCodeCacheSize                    = 251658240                              {pd product} {ergonomic}
     bool SegmentedCodeCache                       = true                                      {product} {ergonomic}
   size_t SoftMaxHeapSize                          = 2147483648                             {manageable} {ergonomic}
     bool UseCompressedClassPointers               = true                           {product lp64_product} {ergonomic}
     bool UseCompressedOops                        = true                           {product lp64_product} {ergonomic}
     bool UseG1GC                                  = true                                      {product} {ergonomic}
     bool UseLargePagesIndividualAllocation        = false                                  {pd product} {ergonomic}

Logging:
Log output configuration:
 #0: stdout all=warning uptime,level,tags
 #1: stderr all=off uptime,level,tags

Environment Variables:
JAVA_HOME=D:\java\ojdkbuild\java-17-openjdk-17.0.3.0.6-1
CLASSPATH=D:\androidLearning\AndroidStudioProjects\serviceTest1\\gradle\wrapper\gradle-wrapper.jar
PATH=C:\Users\11218\miniconda3\condabin;C:\Windows\system32;C:\Windows;C:\Windows\System32\Wbem;C:\Windows\System32\WindowsPowerShell\v1.0\;C:\Windows\System32\OpenSSH\;D:\powershell\powershell7;d:\python3.11;C:\Program Files\WinRAR;C:\Program Files\Microsoft Office\root\Office16;C:\Program Files\PuTTY\;C:\Users\11218\AppData\Local\Microsoft\WindowsApps;C:\Program Files\dotnet\;D:\mytools\MinGit-2.11.1.mingit.prerelease.4-64-bit\cmd;D:\mytools\MinGit-2.11.1.mingit.prerelease.4-64-bit\usr\bin;D:\mytools\WiresharkPortable64\App\Wireshark;D:\MYTOOLS\SPSS1\JRE\bin;D:\myPython\goods;D:\mytools\SPSS1;C:\Users\11218\AppData\Roaming\nvda\addons\NVBox\globalPlugins\nvbox\adb;d:\java\ojdkbuild\java-17-openjdk-17.0.3.0.6-1.jre\bin;C:\Program Files\Docker\Docker\resources\bin;d:\java\ojdkbuild\java-17-openjdk-17.0.3.0.6-1\bin;D:\androidLearning\gradle\gradle-8.0\bin;D:\java\ojdkbuild\java-17-openjdk-17.0.3.0.6-1\bin;D:/java/ojdkbuild/java-17-openjdk-17.0.3.0.6-1.jre\bin;D:/java/ojdkbuild/java-17-openjdk-17.0.3.0.6-1.jre\bin\server;D:\ANDROIDLEARNING\REVERSE;C:\Users\11218\AppData\Local\Programs\Python\Python311;D:\myPython\NVSrC;C:\Users\11218\.gradle\wrapper\dists\gradle-8.0-all\a2o1xoguejy6msdh0lk99lxza\gradle-8.0\bin;D:\androidLearning\REVERSE\jadx\bin;C:\Program Files\Cloudflare\Cloudflare WARP\;D:\mypython\nvsrc\py-3-11-32\Scripts\;D:\mypython\nvsrc\py-3-11-32\;C:\Users\11218\AppData\Local\Programs\Python\Python311\;C:\Users\11218\miniconda3;C:\Users\11218\miniconda3\Library\mingw-w64\bin;C:\Users\11218\miniconda3\Library\usr\bin;C:\Users\11218\miniconda3\Library\bin;C:\Users\11218\miniconda3\Scripts;C:\Users\11218\scoop\shims;C:\Users\11218\AppData\Local\Microsoft\WindowsApps;C:\Users\11218\AppData\Local\Programs\Microsoft VS Code\bin;D:\myPython\goods;C:\Users\11218\AppData\Local\Microsoft\WinGet\Links;C:\Users\11218\.dotnet\tools
USERNAME=Stranger
OS=Windows_NT
PROCESSOR_IDENTIFIER=Intel64 Family 6 Model 122 Stepping 8, GenuineIntel



---------------  S Y S T E M  ---------------

OS:
 Windows 11 , 64 bit Build 22621 (10.0.22621.3085)
OS uptime: 8 days 15:19 hours
Hyper-V role detected

CPU: total 2 (initial active 2) (2 cores per cpu, 1 threads per core) family 6 model 122 stepping 8 microcode 0x1a, cx8, cmov, fxsr, mmx, 3dnowpref, sse, sse2, sse3, ssse3, sse4.1, sse4.2, popcnt, tsc, tscinvbit, aes, erms, clmul, sha, clflush, clflushopt, hv

Memory: 4k page, system-wide physical 7995M (559M free)
TotalPageFile size 17794M (AvailPageFile size 20M)
current process WorkingSet (physical memory assigned to process): 447M, peak: 450M
current process commit charge ("private bytes"): 483M, peak: 596M

vm_info: OpenJDK 64-Bit Server VM (17.0.3+6-LTS) for windows-amd64 JRE (17.0.3+6-LTS), built on May  3 2022 21:26:56 by "" with MS VC++ 16.10 / 16.11 (VS2019)

END.
