#
# There is insufficient memory for the Java Runtime Environment to continue.
# Native memory allocation (mmap) failed to map 153092096 bytes for G1 virtual space
# Possible reasons:
#   The system is out of physical RAM or swap space
#   The process is running with CompressedOops enabled, and the Java Heap may be blocking the growth of the native heap
# Possible solutions:
#   Reduce memory load on the system
#   Increase physical memory or swap space
#   Check if swap backing store is full
#   Decrease Java heap size (-Xmx/-Xms)
#   Decrease number of Java threads
#   Decrease Java thread stack sizes (-Xss)
#   Set larger code cache with -XX:ReservedCodeCacheSize=
#   JVM is running with Unscaled Compressed Oops mode in which the Java heap is
#     placed in the first 4GB address space. The Java Heap base address is the
#     maximum limit for the native heap growth. Please use -XX:HeapBaseMinAddress
#     to set the Java Heap base and to place the Java Heap above 4GB virtual address.
# This output file may be truncated or incomplete.
#
#  Out of Memory Error (os_windows.cpp:3535), pid=14716, tid=14724
#
# JRE version: OpenJDK Runtime Environment 21.9 (17.0.3+6) (build 17.0.3+6-LTS)
# Java VM: OpenJDK 64-Bit Server VM 21.9 (17.0.3+6-LTS, mixed mode, sharing, tiered, compressed oops, compressed class ptrs, g1 gc, windows-amd64)
# No core dump will be written. Minidumps are not enabled by default on client versions of Windows
#

---------------  S U M M A R Y ------------

Command Line: --add-opens=java.base/java.util=ALL-UNNAMED --add-opens=java.base/java.lang=ALL-UNNAMED --add-opens=java.base/java.lang.invoke=ALL-UNNAMED --add-opens=java.prefs/java.util.prefs=ALL-UNNAMED --add-opens=java.base/java.nio.charset=ALL-UNNAMED --add-opens=java.base/java.net=ALL-UNNAMED --add-opens=java.base/java.util.concurrent.atomic=ALL-UNNAMED -Xmx2048m -Dfile.encoding=UTF-8 -Duser.country=CN -Duser.language=zh -Duser.variant org.gradle.launcher.daemon.bootstrap.GradleDaemon 8.0

Host: Intel(R) Celeron(R) N4020 CPU @ 1.10GHz, 2 cores, 7G,  Windows 11 , 64 bit Build 22621 (10.0.22621.3085)
Time: Sun Mar 10 15:53:18 2024  Windows 11 , 64 bit Build 22621 (10.0.22621.3085) elapsed time: 976.406736 seconds (0d 0h 16m 16s)

---------------  T H R E A D  ---------------

Current thread (0x000002225bc2a020):  VMThread "VM Thread" [stack: 0x0000003804200000,0x0000003804300000] [id=14724]

Stack: [0x0000003804200000,0x0000003804300000]
Native frames: (J=compiled Java code, j=interpreted, Vv=VM code, C=native code)
V  [jvm.dll+0x67720a]
V  [jvm.dll+0x832514]
V  [jvm.dll+0x833cbe]
V  [jvm.dll+0x834323]
V  [jvm.dll+0x245815]
V  [jvm.dll+0x674129]
V  [jvm.dll+0x668a62]
V  [jvm.dll+0x30469b]
V  [jvm.dll+0x30bba6]
V  [jvm.dll+0x35ba0e]
V  [jvm.dll+0x35bc3f]
V  [jvm.dll+0x2db5a8]
V  [jvm.dll+0x2d9874]
V  [jvm.dll+0x2d8e7c]
V  [jvm.dll+0x31cc5b]
V  [jvm.dll+0x8387fb]
V  [jvm.dll+0x839534]
V  [jvm.dll+0x839a4d]
V  [jvm.dll+0x839e24]
V  [jvm.dll+0x839ef0]
V  [jvm.dll+0x7e230a]
V  [jvm.dll+0x676095]
C  [ucrtbase.dll+0x29363]
C  [KERNEL32.DLL+0x1257d]
C  [ntdll.dll+0x5aa58]

VM_Operation (0x00000038082f7530): G1CollectForAllocation, mode: safepoint, requested by thread 0x000002225ef5d570


---------------  P R O C E S S  ---------------

Threads class SMR info:
_java_thread_list=0x0000022260c38200, length=69, elements={
0x000002223e5d5060, 0x000002225bc2de20, 0x000002225bc2ea90, 0x000002225bc562c0,
0x000002225bc44200, 0x000002225bc45bc0, 0x000002225bc46570, 0x000002225bc48f30,
0x000002225bc4acf0, 0x000002225bc4b5f0, 0x000002225c8bc840, 0x000002225c8bf540,
0x000002225df46b70, 0x000002225d2ba5e0, 0x000002225e81a070, 0x000002225ce94ad0,
0x000002225ce97620, 0x000002225ce97150, 0x000002225ce95470, 0x000002225ce96c80,
0x000002225ef5a080, 0x000002225ef5bd60, 0x000002225ef583a0, 0x000002225ef57a00,
0x000002225ef5da40, 0x000002225e90ab20, 0x00000222600e1350, 0x00000222600de800,
0x00000222600decd0, 0x00000222600df1a0, 0x00000222600e1cf0, 0x00000222600e3500,
0x00000222600e4370, 0x00000222600e2690, 0x00000222600dcff0, 0x00000222600dd990,
0x00000222600de330, 0x00000222600df670, 0x00000222600dfb40, 0x00000222600e04e0,
0x000002225e907b00, 0x000002225e90ccd0, 0x000002225e909310, 0x000002225e907fd0,
0x000002225e90c800, 0x000002225e90be60, 0x000002225e9084a0, 0x000002225e9097e0,
0x000002225e90a180, 0x000002225e90a650, 0x000002225e908970, 0x000002225e90c330,
0x000002225e908e40, 0x000002225e90d1a0, 0x000002225e90d670, 0x000002225e90db40,
0x000002225e906c90, 0x000002225ef5c700, 0x000002225ef59210, 0x000002225ef57060,
0x000002225ef596e0, 0x000002225ef5d0a0, 0x000002225ef5d570, 0x000002225ef5e8b0,
0x000002225ce95e10, 0x000002225ce97fc0, 0x000002225ce94fa0, 0x00000222638a1300,
0x00000222638a34b0
}

Java Threads: ( => current thread )
  0x000002223e5d5060 JavaThread "main" [_thread_blocked, id=21744, stack(0x0000003803c00000,0x0000003803d00000)]
  0x000002225bc2de20 JavaThread "Reference Handler" daemon [_thread_blocked, id=16012, stack(0x0000003804300000,0x0000003804400000)]
  0x000002225bc2ea90 JavaThread "Finalizer" daemon [_thread_blocked, id=28256, stack(0x0000003804400000,0x0000003804500000)]
  0x000002225bc562c0 JavaThread "Signal Dispatcher" daemon [_thread_blocked, id=26920, stack(0x0000003804500000,0x0000003804600000)]
  0x000002225bc44200 JavaThread "Attach Listener" daemon [_thread_blocked, id=28112, stack(0x0000003804600000,0x0000003804700000)]
  0x000002225bc45bc0 JavaThread "Service Thread" daemon [_thread_blocked, id=29384, stack(0x0000003804700000,0x0000003804800000)]
  0x000002225bc46570 JavaThread "Monitor Deflation Thread" daemon [_thread_blocked, id=16216, stack(0x0000003804800000,0x0000003804900000)]
  0x000002225bc48f30 JavaThread "C2 CompilerThread0" daemon [_thread_blocked, id=13144, stack(0x0000003804900000,0x0000003804a00000)]
  0x000002225bc4acf0 JavaThread "C1 CompilerThread0" daemon [_thread_blocked, id=17280, stack(0x0000003804a00000,0x0000003804b00000)]
  0x000002225bc4b5f0 JavaThread "Sweeper thread" daemon [_thread_blocked, id=29168, stack(0x0000003804b00000,0x0000003804c00000)]
  0x000002225c8bc840 JavaThread "Common-Cleaner" daemon [_thread_blocked, id=28960, stack(0x0000003804c00000,0x0000003804d00000)]
  0x000002225c8bf540 JavaThread "Notification Thread" daemon [_thread_blocked, id=1700, stack(0x0000003804d00000,0x0000003804e00000)]
  0x000002225df46b70 JavaThread "Daemon health stats" [_thread_blocked, id=25140, stack(0x0000003805000000,0x0000003805100000)]
  0x000002225d2ba5e0 JavaThread "Incoming local TCP Connector on port 55742" [_thread_in_native, id=18556, stack(0x0000003805100000,0x0000003805200000)]
  0x000002225e81a070 JavaThread "Daemon periodic checks" [_thread_blocked, id=25324, stack(0x0000003805200000,0x0000003805300000)]
  0x000002225ce94ad0 JavaThread "Cache worker for journal cache (C:\Users\11218\.gradle\caches\journal-1)" [_thread_blocked, id=15484, stack(0x0000003805a00000,0x0000003805b00000)]
  0x000002225ce97620 JavaThread "File lock request listener" [_thread_in_native, id=13400, stack(0x0000003805b00000,0x0000003805c00000)]
  0x000002225ce97150 JavaThread "Cache worker for file hash cache (C:\Users\11218\.gradle\caches\8.0\fileHashes)" [_thread_blocked, id=23008, stack(0x0000003805c00000,0x0000003805d00000)]
  0x000002225ce95470 JavaThread "File watcher server" daemon [_thread_blocked, id=20112, stack(0x0000003805f00000,0x0000003806000000)]
  0x000002225ce96c80 JavaThread "File watcher consumer" daemon [_thread_blocked, id=25112, stack(0x0000003806000000,0x0000003806100000)]
  0x000002225ef5a080 JavaThread "Cache worker for file content cache (C:\Users\11218\.gradle\caches\8.0\fileContent)" [_thread_blocked, id=10536, stack(0x0000003806300000,0x0000003806400000)]
  0x000002225ef5bd60 JavaThread "Cache worker for execution history cache (C:\Users\11218\.gradle\caches\8.0\executionHistory)" [_thread_blocked, id=23328, stack(0x0000003806700000,0x0000003806800000)]
  0x000002225ef583a0 JavaThread "jar transforms" [_thread_blocked, id=12792, stack(0x0000003806800000,0x0000003806900000)]
  0x000002225ef57a00 JavaThread "jar transforms Thread 2" [_thread_blocked, id=29376, stack(0x0000003806900000,0x0000003806a00000)]
  0x000002225ef5da40 JavaThread "Cache worker for kotlin-dsl (C:\Users\11218\.gradle\caches\8.0\kotlin-dsl)" [_thread_blocked, id=10988, stack(0x0000003806a00000,0x0000003806b00000)]
  0x000002225e90ab20 JavaThread "Memory manager" [_thread_blocked, id=27484, stack(0x0000003808100000,0x0000003808200000)]
  0x00000222600e1350 JavaThread "Daemon Thread 2" [_thread_blocked, id=29148, stack(0x0000003803a00000,0x0000003803b00000)]
  0x00000222600de800 JavaThread "Handler for socket connection from /127.0.0.1:55742 to /127.0.0.1:55779" [_thread_in_native, id=30320, stack(0x0000003803b00000,0x0000003803c00000)]
  0x00000222600decd0 JavaThread "Cancel handler" [_thread_blocked, id=29892, stack(0x0000003805300000,0x0000003805400000)]
  0x00000222600df1a0 JavaThread "Daemon worker Thread 2" [_thread_blocked, id=27276, stack(0x0000003805400000,0x0000003805500000)]
  0x00000222600e1cf0 JavaThread "Asynchronous log dispatcher for DefaultDaemonConnection: socket connection from /127.0.0.1:55742 to /127.0.0.1:55779" [_thread_blocked, id=28200, stack(0x0000003805500000,0x0000003805600000)]
  0x00000222600e3500 JavaThread "Stdin handler" [_thread_blocked, id=29676, stack(0x0000003805600000,0x0000003805700000)]
  0x00000222600e4370 JavaThread "Daemon client event forwarder" [_thread_blocked, id=30488, stack(0x0000003805700000,0x0000003805800000)]
  0x00000222600e2690 JavaThread "Cache worker for checksums cache (D:\androidLearning\AndroidStudioProjects\serviceTest1\.gradle\8.0\checksums)" [_thread_blocked, id=8908, stack(0x0000003805800000,0x0000003805900000)]
  0x00000222600dcff0 JavaThread "Cache worker for cache directory md-rule (C:\Users\11218\.gradle\caches\8.0\md-rule)" [_thread_blocked, id=14992, stack(0x0000003805900000,0x0000003805a00000)]
  0x00000222600dd990 JavaThread "Cache worker for file hash cache (D:\androidLearning\AndroidStudioProjects\serviceTest1\.gradle\8.0\fileHashes)" [_thread_blocked, id=11052, stack(0x0000003805d00000,0x0000003805e00000)]
  0x00000222600de330 JavaThread "Cache worker for cache directory md-supplier (C:\Users\11218\.gradle\caches\8.0\md-supplier)" [_thread_blocked, id=29996, stack(0x0000003805e00000,0x0000003805f00000)]
  0x00000222600df670 JavaThread "Cache worker for dependencies-accessors (D:\androidLearning\AndroidStudioProjects\serviceTest1\.gradle\8.0\dependencies-accessors)" [_thread_blocked, id=17920, stack(0x0000003806100000,0x0000003806200000)]
  0x00000222600dfb40 JavaThread "Cache worker for Build Output Cleanup Cache (D:\androidLearning\AndroidStudioProjects\serviceTest1\.gradle\buildOutputCleanup)" [_thread_blocked, id=28892, stack(0x0000003806200000,0x0000003806300000)]
  0x00000222600e04e0 JavaThread "Unconstrained build operations" [_thread_blocked, id=26288, stack(0x0000003806500000,0x0000003806600000)]
  0x000002225e907b00 JavaThread "Unconstrained build operations Thread 2" [_thread_blocked, id=28608, stack(0x0000003806b00000,0x0000003806c00000)]
  0x000002225e90ccd0 JavaThread "Unconstrained build operations Thread 3" [_thread_blocked, id=27904, stack(0x0000003806c00000,0x0000003806d00000)]
  0x000002225e909310 JavaThread "Unconstrained build operations Thread 4" [_thread_blocked, id=20900, stack(0x0000003806d00000,0x0000003806e00000)]
  0x000002225e907fd0 JavaThread "Unconstrained build operations Thread 5" [_thread_blocked, id=28272, stack(0x0000003806e00000,0x0000003806f00000)]
  0x000002225e90c800 JavaThread "Unconstrained build operations Thread 6" [_thread_blocked, id=23408, stack(0x0000003806f00000,0x0000003807000000)]
  0x000002225e90be60 JavaThread "Unconstrained build operations Thread 7" [_thread_blocked, id=28188, stack(0x0000003807000000,0x0000003807100000)]
  0x000002225e9084a0 JavaThread "Unconstrained build operations Thread 8" [_thread_blocked, id=29404, stack(0x0000003807100000,0x0000003807200000)]
  0x000002225e9097e0 JavaThread "Unconstrained build operations Thread 9" [_thread_blocked, id=26408, stack(0x0000003807200000,0x0000003807300000)]
  0x000002225e90a180 JavaThread "Unconstrained build operations Thread 10" [_thread_blocked, id=21336, stack(0x0000003807300000,0x0000003807400000)]
  0x000002225e90a650 JavaThread "Unconstrained build operations Thread 11" [_thread_blocked, id=28344, stack(0x0000003807400000,0x0000003807500000)]
  0x000002225e908970 JavaThread "Unconstrained build operations Thread 12" [_thread_blocked, id=24260, stack(0x0000003807500000,0x0000003807600000)]
  0x000002225e90c330 JavaThread "Unconstrained build operations Thread 13" [_thread_blocked, id=26636, stack(0x0000003807600000,0x0000003807700000)]
  0x000002225e908e40 JavaThread "Unconstrained build operations Thread 14" [_thread_blocked, id=22596, stack(0x0000003807700000,0x0000003807800000)]
  0x000002225e90d1a0 JavaThread "Unconstrained build operations Thread 15" [_thread_blocked, id=5592, stack(0x0000003807800000,0x0000003807900000)]
  0x000002225e90d670 JavaThread "Unconstrained build operations Thread 16" [_thread_blocked, id=29912, stack(0x0000003807900000,0x0000003807a00000)]
  0x000002225e90db40 JavaThread "Unconstrained build operations Thread 17" [_thread_blocked, id=28568, stack(0x0000003807a00000,0x0000003807b00000)]
  0x000002225e906c90 JavaThread "Unconstrained build operations Thread 18" [_thread_blocked, id=28640, stack(0x0000003807b00000,0x0000003807c00000)]
  0x000002225ef5c700 JavaThread "Unconstrained build operations Thread 19" [_thread_blocked, id=22076, stack(0x0000003807c00000,0x0000003807d00000)]
  0x000002225ef59210 JavaThread "Unconstrained build operations Thread 20" [_thread_blocked, id=19832, stack(0x0000003807d00000,0x0000003807e00000)]
  0x000002225ef57060 JavaThread "build event listener" [_thread_blocked, id=21076, stack(0x0000003807e00000,0x0000003807f00000)]
  0x000002225ef596e0 JavaThread "build event listener" [_thread_blocked, id=3644, stack(0x0000003807f00000,0x0000003808000000)]
  0x000002225ef5d0a0 JavaThread "included builds" [_thread_blocked, id=19472, stack(0x0000003808000000,0x0000003808100000)]
  0x000002225ef5d570 JavaThread "Execution worker" [_thread_blocked, id=30100, stack(0x0000003808200000,0x0000003808300000)]
  0x000002225ef5e8b0 JavaThread "Cache worker for execution history cache (D:\androidLearning\AndroidStudioProjects\serviceTest1\.gradle\8.0\executionHistory)" [_thread_blocked, id=26860, stack(0x0000003808300000,0x0000003808400000)]
  0x000002225ce95e10 JavaThread "WorkerExecutor Queue" [_thread_blocked, id=7812, stack(0x0000003808400000,0x0000003808500000)]
  0x000002225ce97fc0 JavaThread "WorkerExecutor Queue Thread 2" [_thread_blocked, id=16100, stack(0x0000003808500000,0x0000003808600000)]
  0x000002225ce94fa0 JavaThread "pool-6-thread-1" [_thread_blocked, id=30212, stack(0x0000003808700000,0x0000003808800000)]
  0x00000222638a1300 JavaThread "stderr" [_thread_in_native, id=14596, stack(0x0000003808800000,0x0000003808900000)]
  0x00000222638a34b0 JavaThread "stdout" [_thread_in_native, id=1492, stack(0x0000003808900000,0x0000003808a00000)]

Other Threads:
=>0x000002225bc2a020 VMThread "VM Thread" [stack: 0x0000003804200000,0x0000003804300000] [id=14724]
  0x000002225c834460 WatcherThread [stack: 0x0000003804e00000,0x0000003804f00000] [id=29044]
  0x000002223e62eba0 GCTaskThread "GC Thread#0" [stack: 0x0000003803d00000,0x0000003803e00000] [id=28924]
  0x000002225c9323c0 GCTaskThread "GC Thread#1" [stack: 0x0000003804f00000,0x0000003805000000] [id=30000]
  0x000002223e63fb50 ConcurrentGCThread "G1 Main Marker" [stack: 0x0000003803e00000,0x0000003803f00000] [id=13528]
  0x000002223e641510 ConcurrentGCThread "G1 Conc#0" [stack: 0x0000003803f00000,0x0000003804000000] [id=30188]
  0x000002223e692380 ConcurrentGCThread "G1 Refine#0" [stack: 0x0000003804000000,0x0000003804100000] [id=27884]
  0x000002225ef80dc0 ConcurrentGCThread "G1 Refine#1" [stack: 0x0000003806600000,0x0000003806700000] [id=30676]
  0x000002223e692ca0 ConcurrentGCThread "G1 Service" [stack: 0x0000003804100000,0x0000003804200000] [id=30464]

Threads with active compile tasks:
C1 CompilerThread0   976481 17648       3       kotlin.reflect.jvm.internal.impl.serialization.deserialization.descriptors.DeserializedMemberScope$OptimizedImplementation::getContributedVariables (46 bytes)

VM state: at safepoint (normal execution)

VM Mutex/Monitor currently owned by a thread:  ([mutex/lock_event])
[0x000002223e5d1ab0] Threads_lock - owner thread: 0x000002225bc2a020
[0x000002223e5d1a20] Heap_lock - owner thread: 0x000002225ef5d570

Heap address: 0x0000000080000000, size: 2048 MB, Compressed Oops mode: 32-bit

CDS archive(s) mapped at: [0x0000000800000000-0x0000000800bc0000-0x0000000800bc0000), size 12320768, SharedBaseAddress: 0x0000000800000000, ArchiveRelocationMode: 0.
Compressed class space mapped at: 0x0000000800c00000-0x0000000840c00000, reserved size: 1073741824
Narrow klass base: 0x0000000800000000, Narrow klass shift: 0, Narrow klass range: 0x100000000

GC Precious Log:
 CPUs: 2 total, 2 available
 Memory: 7995M
 Large Page Support: Disabled
 NUMA Support: Disabled
 Compressed Oops: Enabled (32-bit)
 Heap Region Size: 1M
 Heap Min Capacity: 8M
 Heap Initial Capacity: 126M
 Heap Max Capacity: 2G
 Pre-touch: Disabled
 Parallel Workers: 2
 Concurrent Workers: 1
 Concurrent Refinement Workers: 2
 Periodic GC: Disabled

Heap:
 garbage-first heap   total 244736K, used 184354K [0x0000000080000000, 0x0000000100000000)
  region size 1024K, 4 young (4096K), 4 survivors (4096K)
 Metaspace       used 105598K, committed 106496K, reserved 1146880K
  class space    used 13974K, committed 14464K, reserved 1048576K

Heap Regions: E=young(eden), S=young(survivor), O=old, HS=humongous(starts), HC=humongous(continues), CS=collection set, F=free, OA=open archive, CA=closed archive, TAMS=top-at-mark-start (previous, next)
|   0|0x0000000080000000, 0x0000000080100000, 0x0000000080100000|100%| O|  |TAMS 0x0000000080100000, 0x0000000080100000| Untracked 
|   1|0x0000000080100000, 0x0000000080200000, 0x0000000080200000|100%| O|  |TAMS 0x0000000080200000, 0x0000000080200000| Untracked 
|   2|0x0000000080200000, 0x0000000080300000, 0x0000000080300000|100%| O|  |TAMS 0x0000000080300000, 0x0000000080300000| Untracked 
|   3|0x0000000080300000, 0x0000000080400000, 0x0000000080400000|100%|HS|  |TAMS 0x0000000080400000, 0x0000000080400000| Complete 
|   4|0x0000000080400000, 0x0000000080500000, 0x0000000080500000|100%|HC|  |TAMS 0x0000000080500000, 0x0000000080500000| Complete 
|   5|0x0000000080500000, 0x0000000080600000, 0x0000000080600000|100%|HC|  |TAMS 0x0000000080600000, 0x0000000080600000| Complete 
|   6|0x0000000080600000, 0x0000000080700000, 0x0000000080700000|100%|HC|  |TAMS 0x0000000080700000, 0x0000000080700000| Complete 
|   7|0x0000000080700000, 0x0000000080800000, 0x0000000080800000|100%| O|  |TAMS 0x0000000080800000, 0x0000000080800000| Untracked 
|   8|0x0000000080800000, 0x0000000080900000, 0x0000000080900000|100%| O|  |TAMS 0x0000000080900000, 0x0000000080900000| Untracked 
|   9|0x0000000080900000, 0x0000000080a00000, 0x0000000080a00000|100%| O|  |TAMS 0x0000000080a00000, 0x0000000080a00000| Untracked 
|  10|0x0000000080a00000, 0x0000000080b00000, 0x0000000080b00000|100%| O|  |TAMS 0x0000000080b00000, 0x0000000080b00000| Untracked 
|  11|0x0000000080b00000, 0x0000000080c00000, 0x0000000080c00000|100%| O|  |TAMS 0x0000000080c00000, 0x0000000080c00000| Untracked 
|  12|0x0000000080c00000, 0x0000000080d00000, 0x0000000080d00000|100%| O|  |TAMS 0x0000000080d00000, 0x0000000080d00000| Untracked 
|  13|0x0000000080d00000, 0x0000000080e00000, 0x0000000080e00000|100%| O|  |TAMS 0x0000000080e00000, 0x0000000080e00000| Untracked 
|  14|0x0000000080e00000, 0x0000000080f00000, 0x0000000080f00000|100%| O|  |TAMS 0x0000000080f00000, 0x0000000080f00000| Untracked 
|  15|0x0000000080f00000, 0x0000000081000000, 0x0000000081000000|100%| O|  |TAMS 0x0000000081000000, 0x0000000081000000| Untracked 
|  16|0x0000000081000000, 0x0000000081100000, 0x0000000081100000|100%| O|  |TAMS 0x0000000081100000, 0x0000000081100000| Untracked 
|  17|0x0000000081100000, 0x0000000081200000, 0x0000000081200000|100%| O|  |TAMS 0x0000000081200000, 0x0000000081200000| Untracked 
|  18|0x0000000081200000, 0x0000000081300000, 0x0000000081300000|100%| O|  |TAMS 0x0000000081300000, 0x0000000081300000| Untracked 
|  19|0x0000000081300000, 0x0000000081400000, 0x0000000081400000|100%| O|  |TAMS 0x0000000081400000, 0x0000000081400000| Untracked 
|  20|0x0000000081400000, 0x0000000081500000, 0x0000000081500000|100%| O|  |TAMS 0x0000000081500000, 0x0000000081500000| Untracked 
|  21|0x0000000081500000, 0x0000000081600000, 0x0000000081600000|100%| O|  |TAMS 0x0000000081600000, 0x0000000081600000| Untracked 
|  22|0x0000000081600000, 0x0000000081700000, 0x0000000081700000|100%| O|  |TAMS 0x0000000081700000, 0x0000000081700000| Untracked 
|  23|0x0000000081700000, 0x0000000081800000, 0x0000000081800000|100%| O|  |TAMS 0x0000000081700000, 0x0000000081800000| Untracked 
|  24|0x0000000081800000, 0x0000000081900000, 0x0000000081900000|100%| O|  |TAMS 0x0000000081900000, 0x0000000081900000| Untracked 
|  25|0x0000000081900000, 0x0000000081a00000, 0x0000000081a00000|100%| O|  |TAMS 0x0000000081a00000, 0x0000000081a00000| Untracked 
|  26|0x0000000081a00000, 0x0000000081b00000, 0x0000000081b00000|100%| O|  |TAMS 0x0000000081a00000, 0x0000000081b00000| Untracked 
|  27|0x0000000081b00000, 0x0000000081c00000, 0x0000000081c00000|100%| O|  |TAMS 0x0000000081c00000, 0x0000000081c00000| Untracked 
|  28|0x0000000081c00000, 0x0000000081d00000, 0x0000000081d00000|100%| O|  |TAMS 0x0000000081d00000, 0x0000000081d00000| Untracked 
|  29|0x0000000081d00000, 0x0000000081e00000, 0x0000000081e00000|100%| O|  |TAMS 0x0000000081e00000, 0x0000000081e00000| Untracked 
|  30|0x0000000081e00000, 0x0000000081f00000, 0x0000000081f00000|100%| O|  |TAMS 0x0000000081f00000, 0x0000000081f00000| Untracked 
|  31|0x0000000081f00000, 0x0000000082000000, 0x0000000082000000|100%| O|  |TAMS 0x0000000082000000, 0x0000000082000000| Untracked 
|  32|0x0000000082000000, 0x0000000082100000, 0x0000000082100000|100%| O|  |TAMS 0x0000000082100000, 0x0000000082100000| Untracked 
|  33|0x0000000082100000, 0x0000000082200000, 0x0000000082200000|100%| O|  |TAMS 0x0000000082200000, 0x0000000082200000| Untracked 
|  34|0x0000000082200000, 0x0000000082300000, 0x0000000082300000|100%| O|  |TAMS 0x0000000082300000, 0x0000000082300000| Untracked 
|  35|0x0000000082300000, 0x0000000082400000, 0x0000000082400000|100%| O|  |TAMS 0x0000000082400000, 0x0000000082400000| Untracked 
|  36|0x0000000082400000, 0x0000000082500000, 0x0000000082500000|100%| O|  |TAMS 0x0000000082500000, 0x0000000082500000| Untracked 
|  37|0x0000000082500000, 0x0000000082600000, 0x0000000082600000|100%|HS|  |TAMS 0x0000000082600000, 0x0000000082600000| Complete 
|  38|0x0000000082600000, 0x0000000082700000, 0x0000000082700000|100%|HS|  |TAMS 0x0000000082700000, 0x0000000082700000| Complete 
|  39|0x0000000082700000, 0x0000000082800000, 0x0000000082800000|100%|HS|  |TAMS 0x0000000082800000, 0x0000000082800000| Complete 
|  40|0x0000000082800000, 0x0000000082900000, 0x0000000082900000|100%|HC|  |TAMS 0x0000000082900000, 0x0000000082900000| Complete 
|  41|0x0000000082900000, 0x0000000082a00000, 0x0000000082a00000|100%|HS|  |TAMS 0x0000000082a00000, 0x0000000082a00000| Complete 
|  42|0x0000000082a00000, 0x0000000082b00000, 0x0000000082b00000|100%| O|  |TAMS 0x0000000082b00000, 0x0000000082b00000| Untracked 
|  43|0x0000000082b00000, 0x0000000082c00000, 0x0000000082c00000|100%| O|  |TAMS 0x0000000082c00000, 0x0000000082c00000| Untracked 
|  44|0x0000000082c00000, 0x0000000082d00000, 0x0000000082d00000|100%|HS|  |TAMS 0x0000000082d00000, 0x0000000082d00000| Complete 
|  45|0x0000000082d00000, 0x0000000082e00000, 0x0000000082e00000|100%|HC|  |TAMS 0x0000000082e00000, 0x0000000082e00000| Complete 
|  46|0x0000000082e00000, 0x0000000082f00000, 0x0000000082f00000|100%|HC|  |TAMS 0x0000000082f00000, 0x0000000082f00000| Complete 
|  47|0x0000000082f00000, 0x0000000083000000, 0x0000000083000000|100%|HC|  |TAMS 0x0000000083000000, 0x0000000083000000| Complete 
|  48|0x0000000083000000, 0x0000000083100000, 0x0000000083100000|100%| O|  |TAMS 0x0000000083100000, 0x0000000083100000| Untracked 
|  49|0x0000000083100000, 0x0000000083200000, 0x0000000083200000|100%| O|  |TAMS 0x0000000083200000, 0x0000000083200000| Untracked 
|  50|0x0000000083200000, 0x0000000083300000, 0x0000000083300000|100%| O|  |TAMS 0x0000000083300000, 0x0000000083300000| Untracked 
|  51|0x0000000083300000, 0x0000000083400000, 0x0000000083400000|100%| O|  |TAMS 0x0000000083400000, 0x0000000083400000| Untracked 
|  52|0x0000000083400000, 0x0000000083500000, 0x0000000083500000|100%| O|  |TAMS 0x0000000083500000, 0x0000000083500000| Untracked 
|  53|0x0000000083500000, 0x0000000083600000, 0x0000000083600000|100%| O|  |TAMS 0x0000000083600000, 0x0000000083600000| Untracked 
|  54|0x0000000083600000, 0x0000000083700000, 0x0000000083700000|100%| O|  |TAMS 0x0000000083700000, 0x0000000083700000| Untracked 
|  55|0x0000000083700000, 0x0000000083800000, 0x0000000083800000|100%| O|  |TAMS 0x0000000083800000, 0x0000000083800000| Untracked 
|  56|0x0000000083800000, 0x0000000083900000, 0x0000000083900000|100%| O|  |TAMS 0x0000000083900000, 0x0000000083900000| Untracked 
|  57|0x0000000083900000, 0x0000000083a00000, 0x0000000083a00000|100%| O|  |TAMS 0x0000000083a00000, 0x0000000083a00000| Untracked 
|  58|0x0000000083a00000, 0x0000000083b00000, 0x0000000083b00000|100%| O|  |TAMS 0x0000000083b00000, 0x0000000083b00000| Untracked 
|  59|0x0000000083b00000, 0x0000000083c00000, 0x0000000083c00000|100%| O|  |TAMS 0x0000000083c00000, 0x0000000083c00000| Untracked 
|  60|0x0000000083c00000, 0x0000000083d00000, 0x0000000083d00000|100%| O|  |TAMS 0x0000000083d00000, 0x0000000083d00000| Untracked 
|  61|0x0000000083d00000, 0x0000000083e00000, 0x0000000083e00000|100%| O|  |TAMS 0x0000000083e00000, 0x0000000083e00000| Untracked 
|  62|0x0000000083e00000, 0x0000000083f00000, 0x0000000083f00000|100%| O|  |TAMS 0x0000000083f00000, 0x0000000083f00000| Untracked 
|  63|0x0000000083f00000, 0x0000000084000000, 0x0000000084000000|100%| O|  |TAMS 0x0000000084000000, 0x0000000084000000| Untracked 
|  64|0x0000000084000000, 0x0000000084100000, 0x0000000084100000|100%| O|  |TAMS 0x0000000084100000, 0x0000000084100000| Untracked 
|  65|0x0000000084100000, 0x0000000084200000, 0x0000000084200000|100%| O|  |TAMS 0x0000000084200000, 0x0000000084200000| Untracked 
|  66|0x0000000084200000, 0x0000000084300000, 0x0000000084300000|100%| O|  |TAMS 0x0000000084300000, 0x0000000084300000| Untracked 
|  67|0x0000000084300000, 0x0000000084400000, 0x0000000084400000|100%| O|  |TAMS 0x0000000084400000, 0x0000000084400000| Untracked 
|  68|0x0000000084400000, 0x0000000084500000, 0x0000000084500000|100%| O|  |TAMS 0x0000000084500000, 0x0000000084500000| Untracked 
|  69|0x0000000084500000, 0x0000000084600000, 0x0000000084600000|100%| O|  |TAMS 0x0000000084600000, 0x0000000084600000| Untracked 
|  70|0x0000000084600000, 0x0000000084700000, 0x0000000084700000|100%| O|  |TAMS 0x0000000084700000, 0x0000000084700000| Untracked 
|  71|0x0000000084700000, 0x0000000084800000, 0x0000000084800000|100%| O|  |TAMS 0x0000000084800000, 0x0000000084800000| Untracked 
|  72|0x0000000084800000, 0x0000000084900000, 0x0000000084900000|100%| O|  |TAMS 0x0000000084900000, 0x0000000084900000| Untracked 
|  73|0x0000000084900000, 0x0000000084a00000, 0x0000000084a00000|100%| O|  |TAMS 0x0000000084950400, 0x0000000084a00000| Untracked 
|  74|0x0000000084a00000, 0x0000000084b00000, 0x0000000084b00000|100%| O|  |TAMS 0x0000000084a00000, 0x0000000084b00000| Untracked 
|  75|0x0000000084b00000, 0x0000000084c00000, 0x0000000084c00000|100%| O|  |TAMS 0x0000000084b00000, 0x0000000084c00000| Untracked 
|  76|0x0000000084c00000, 0x0000000084d00000, 0x0000000084d00000|100%| O|  |TAMS 0x0000000084c00000, 0x0000000084d00000| Untracked 
|  77|0x0000000084d00000, 0x0000000084e00000, 0x0000000084e00000|100%| O|  |TAMS 0x0000000084d00000, 0x0000000084e00000| Untracked 
|  78|0x0000000084e00000, 0x0000000084f00000, 0x0000000084f00000|100%| O|  |TAMS 0x0000000084e00000, 0x0000000084f00000| Untracked 
|  79|0x0000000084f00000, 0x0000000085000000, 0x0000000085000000|100%| O|  |TAMS 0x0000000084f00000, 0x0000000085000000| Untracked 
|  80|0x0000000085000000, 0x0000000085100000, 0x0000000085100000|100%| O|  |TAMS 0x0000000085000000, 0x0000000085100000| Untracked 
|  81|0x0000000085100000, 0x0000000085200000, 0x0000000085200000|100%| O|  |TAMS 0x0000000085100000, 0x0000000085200000| Untracked 
|  82|0x0000000085200000, 0x0000000085300000, 0x0000000085300000|100%| O|  |TAMS 0x0000000085200000, 0x0000000085300000| Untracked 
|  83|0x0000000085300000, 0x0000000085400000, 0x0000000085400000|100%| O|  |TAMS 0x0000000085300000, 0x0000000085400000| Untracked 
|  84|0x0000000085400000, 0x0000000085500000, 0x0000000085500000|100%| O|  |TAMS 0x0000000085400000, 0x0000000085500000| Untracked 
|  85|0x0000000085500000, 0x0000000085600000, 0x0000000085600000|100%| O|  |TAMS 0x0000000085500000, 0x0000000085600000| Untracked 
|  86|0x0000000085600000, 0x0000000085700000, 0x0000000085700000|100%| O|  |TAMS 0x0000000085600000, 0x0000000085700000| Untracked 
|  87|0x0000000085700000, 0x0000000085800000, 0x0000000085800000|100%| O|  |TAMS 0x0000000085700000, 0x0000000085800000| Untracked 
|  88|0x0000000085800000, 0x0000000085900000, 0x0000000085900000|100%| O|  |TAMS 0x0000000085800000, 0x0000000085900000| Untracked 
|  89|0x0000000085900000, 0x0000000085a00000, 0x0000000085a00000|100%| O|  |TAMS 0x0000000085900000, 0x0000000085a00000| Untracked 
|  90|0x0000000085a00000, 0x0000000085b00000, 0x0000000085b00000|100%| O|  |TAMS 0x0000000085a00000, 0x0000000085b00000| Untracked 
|  91|0x0000000085b00000, 0x0000000085c00000, 0x0000000085c00000|100%| O|  |TAMS 0x0000000085b00000, 0x0000000085c00000| Untracked 
|  92|0x0000000085c00000, 0x0000000085d00000, 0x0000000085d00000|100%| O|  |TAMS 0x0000000085c00000, 0x0000000085d00000| Untracked 
|  93|0x0000000085d00000, 0x0000000085e00000, 0x0000000085e00000|100%| O|  |TAMS 0x0000000085d00000, 0x0000000085e00000| Untracked 
|  94|0x0000000085e00000, 0x0000000085f00000, 0x0000000085f00000|100%| O|  |TAMS 0x0000000085e00000, 0x0000000085f00000| Untracked 
|  95|0x0000000085f00000, 0x0000000086000000, 0x0000000086000000|100%| O|  |TAMS 0x0000000085f00000, 0x0000000086000000| Untracked 
|  96|0x0000000086000000, 0x0000000086100000, 0x0000000086100000|100%| O|  |TAMS 0x0000000086000000, 0x0000000086100000| Untracked 
|  97|0x0000000086100000, 0x0000000086200000, 0x0000000086200000|100%| O|  |TAMS 0x0000000086100000, 0x0000000086200000| Untracked 
|  98|0x0000000086200000, 0x0000000086300000, 0x0000000086300000|100%| O|  |TAMS 0x0000000086200000, 0x0000000086300000| Untracked 
|  99|0x0000000086300000, 0x0000000086400000, 0x0000000086400000|100%| O|  |TAMS 0x0000000086300000, 0x0000000086400000| Untracked 
| 100|0x0000000086400000, 0x0000000086500000, 0x0000000086500000|100%| O|  |TAMS 0x0000000086400000, 0x0000000086500000| Untracked 
| 101|0x0000000086500000, 0x0000000086600000, 0x0000000086600000|100%| O|  |TAMS 0x0000000086500000, 0x0000000086600000| Untracked 
| 102|0x0000000086600000, 0x0000000086700000, 0x0000000086700000|100%| O|  |TAMS 0x0000000086600000, 0x0000000086700000| Untracked 
| 103|0x0000000086700000, 0x0000000086800000, 0x0000000086800000|100%| O|  |TAMS 0x0000000086700000, 0x0000000086800000| Untracked 
| 104|0x0000000086800000, 0x0000000086900000, 0x0000000086900000|100%| O|  |TAMS 0x0000000086800000, 0x0000000086900000| Untracked 
| 105|0x0000000086900000, 0x0000000086a00000, 0x0000000086a00000|100%| O|  |TAMS 0x0000000086900000, 0x0000000086a00000| Untracked 
| 106|0x0000000086a00000, 0x0000000086b00000, 0x0000000086b00000|100%| O|  |TAMS 0x0000000086a00000, 0x0000000086b00000| Untracked 
| 107|0x0000000086b00000, 0x0000000086c00000, 0x0000000086c00000|100%| O|  |TAMS 0x0000000086b00000, 0x0000000086c00000| Untracked 
| 108|0x0000000086c00000, 0x0000000086d00000, 0x0000000086d00000|100%| O|  |TAMS 0x0000000086c00000, 0x0000000086d00000| Untracked 
| 109|0x0000000086d00000, 0x0000000086e00000, 0x0000000086e00000|100%| O|  |TAMS 0x0000000086d00000, 0x0000000086e00000| Untracked 
| 110|0x0000000086e00000, 0x0000000086f00000, 0x0000000086f00000|100%| O|  |TAMS 0x0000000086e00000, 0x0000000086f00000| Untracked 
| 111|0x0000000086f00000, 0x0000000087000000, 0x0000000087000000|100%| O|  |TAMS 0x0000000086f00000, 0x0000000087000000| Untracked 
| 112|0x0000000087000000, 0x0000000087100000, 0x0000000087100000|100%| O|  |TAMS 0x0000000087000000, 0x0000000087100000| Untracked 
| 113|0x0000000087100000, 0x0000000087200000, 0x0000000087200000|100%| O|  |TAMS 0x0000000087100000, 0x0000000087200000| Untracked 
| 114|0x0000000087200000, 0x0000000087300000, 0x0000000087300000|100%| O|  |TAMS 0x0000000087200000, 0x0000000087300000| Untracked 
| 115|0x0000000087300000, 0x0000000087400000, 0x0000000087400000|100%| O|  |TAMS 0x0000000087300000, 0x0000000087400000| Untracked 
| 116|0x0000000087400000, 0x0000000087500000, 0x0000000087500000|100%| O|  |TAMS 0x0000000087400000, 0x0000000087500000| Untracked 
| 117|0x0000000087500000, 0x0000000087600000, 0x0000000087600000|100%| O|  |TAMS 0x0000000087500000, 0x0000000087600000| Untracked 
| 118|0x0000000087600000, 0x0000000087700000, 0x0000000087700000|100%| O|  |TAMS 0x0000000087600000, 0x0000000087700000| Untracked 
| 119|0x0000000087700000, 0x0000000087800000, 0x0000000087800000|100%| O|  |TAMS 0x0000000087700000, 0x0000000087800000| Untracked 
| 120|0x0000000087800000, 0x0000000087900000, 0x0000000087900000|100%| O|  |TAMS 0x0000000087800000, 0x0000000087900000| Untracked 
| 121|0x0000000087900000, 0x0000000087a00000, 0x0000000087a00000|100%| O|  |TAMS 0x0000000087900000, 0x0000000087a00000| Untracked 
| 122|0x0000000087a00000, 0x0000000087b00000, 0x0000000087b00000|100%| O|  |TAMS 0x0000000087a00000, 0x0000000087b00000| Untracked 
| 123|0x0000000087b00000, 0x0000000087c00000, 0x0000000087c00000|100%| O|  |TAMS 0x0000000087b00000, 0x0000000087c00000| Untracked 
| 124|0x0000000087c00000, 0x0000000087d00000, 0x0000000087d00000|100%| O|  |TAMS 0x0000000087c00000, 0x0000000087d00000| Untracked 
| 125|0x0000000087d00000, 0x0000000087e00000, 0x0000000087e00000|100%| O|  |TAMS 0x0000000087d00000, 0x0000000087e00000| Untracked 
| 126|0x0000000087e00000, 0x0000000087f00000, 0x0000000087f00000|100%| O|  |TAMS 0x0000000087e00000, 0x0000000087f00000| Untracked 
| 127|0x0000000087f00000, 0x0000000088000000, 0x0000000088000000|100%| O|  |TAMS 0x0000000087f00000, 0x0000000088000000| Untracked 
| 128|0x0000000088000000, 0x0000000088100000, 0x0000000088100000|100%| O|  |TAMS 0x0000000088000000, 0x0000000088100000| Untracked 
| 129|0x0000000088100000, 0x0000000088200000, 0x0000000088200000|100%| O|  |TAMS 0x0000000088100000, 0x0000000088200000| Untracked 
| 130|0x0000000088200000, 0x0000000088300000, 0x0000000088300000|100%| O|  |TAMS 0x0000000088200000, 0x0000000088300000| Untracked 
| 131|0x0000000088300000, 0x0000000088400000, 0x0000000088400000|100%| O|  |TAMS 0x0000000088300000, 0x0000000088400000| Untracked 
| 132|0x0000000088400000, 0x0000000088500000, 0x0000000088500000|100%| O|  |TAMS 0x0000000088400000, 0x0000000088500000| Untracked 
| 133|0x0000000088500000, 0x0000000088600000, 0x0000000088600000|100%| O|  |TAMS 0x0000000088500000, 0x0000000088600000| Untracked 
| 134|0x0000000088600000, 0x0000000088700000, 0x0000000088700000|100%| O|  |TAMS 0x0000000088600000, 0x0000000088700000| Untracked 
| 135|0x0000000088700000, 0x0000000088800000, 0x0000000088800000|100%| O|  |TAMS 0x0000000088700000, 0x0000000088800000| Untracked 
| 136|0x0000000088800000, 0x0000000088900000, 0x0000000088900000|100%| O|  |TAMS 0x0000000088800000, 0x0000000088900000| Untracked 
| 137|0x0000000088900000, 0x0000000088a00000, 0x0000000088a00000|100%| O|  |TAMS 0x0000000088900000, 0x0000000088a00000| Untracked 
| 138|0x0000000088a00000, 0x0000000088b00000, 0x0000000088b00000|100%| O|  |TAMS 0x0000000088a00000, 0x0000000088b00000| Untracked 
| 139|0x0000000088b00000, 0x0000000088c00000, 0x0000000088c00000|100%| O|  |TAMS 0x0000000088b00000, 0x0000000088c00000| Untracked 
| 140|0x0000000088c00000, 0x0000000088d00000, 0x0000000088d00000|100%|HS|  |TAMS 0x0000000088c00000, 0x0000000088d00000| Complete 
| 141|0x0000000088d00000, 0x0000000088e00000, 0x0000000088e00000|100%|HC|  |TAMS 0x0000000088d00000, 0x0000000088e00000| Complete 
| 142|0x0000000088e00000, 0x0000000088f00000, 0x0000000088f00000|100%|HC|  |TAMS 0x0000000088e00000, 0x0000000088f00000| Complete 
| 143|0x0000000088f00000, 0x0000000089000000, 0x0000000089000000|100%|HC|  |TAMS 0x0000000088f00000, 0x0000000089000000| Complete 
| 144|0x0000000089000000, 0x0000000089100000, 0x0000000089100000|100%| O|  |TAMS 0x0000000089000000, 0x0000000089100000| Untracked 
| 145|0x0000000089100000, 0x0000000089200000, 0x0000000089200000|100%| O|  |TAMS 0x0000000089100000, 0x0000000089200000| Untracked 
| 146|0x0000000089200000, 0x0000000089300000, 0x0000000089300000|100%| O|  |TAMS 0x0000000089200000, 0x0000000089300000| Untracked 
| 147|0x0000000089300000, 0x0000000089400000, 0x0000000089400000|100%| O|  |TAMS 0x0000000089300000, 0x0000000089400000| Untracked 
| 148|0x0000000089400000, 0x0000000089500000, 0x0000000089500000|100%| O|  |TAMS 0x0000000089400000, 0x0000000089500000| Untracked 
| 149|0x0000000089500000, 0x0000000089600000, 0x0000000089600000|100%| O|  |TAMS 0x0000000089500000, 0x0000000089600000| Untracked 
| 150|0x0000000089600000, 0x0000000089700000, 0x0000000089700000|100%| O|  |TAMS 0x0000000089600000, 0x0000000089700000| Untracked 
| 151|0x0000000089700000, 0x0000000089800000, 0x0000000089800000|100%| O|  |TAMS 0x0000000089700000, 0x0000000089800000| Untracked 
| 152|0x0000000089800000, 0x0000000089900000, 0x0000000089900000|100%| O|  |TAMS 0x0000000089800000, 0x0000000089900000| Untracked 
| 153|0x0000000089900000, 0x0000000089a00000, 0x0000000089a00000|100%| O|  |TAMS 0x0000000089900000, 0x0000000089a00000| Untracked 
| 154|0x0000000089a00000, 0x0000000089b00000, 0x0000000089b00000|100%| O|  |TAMS 0x0000000089a00000, 0x0000000089b00000| Untracked 
| 155|0x0000000089b00000, 0x0000000089c00000, 0x0000000089c00000|100%| O|  |TAMS 0x0000000089b00000, 0x0000000089c00000| Untracked 
| 156|0x0000000089c00000, 0x0000000089d00000, 0x0000000089d00000|100%| O|  |TAMS 0x0000000089c00000, 0x0000000089d00000| Untracked 
| 157|0x0000000089d00000, 0x0000000089e00000, 0x0000000089e00000|100%| O|  |TAMS 0x0000000089d00000, 0x0000000089e00000| Untracked 
| 158|0x0000000089e00000, 0x0000000089f00000, 0x0000000089f00000|100%| O|  |TAMS 0x0000000089e00000, 0x0000000089f00000| Untracked 
| 159|0x0000000089f00000, 0x000000008a000000, 0x000000008a000000|100%| O|  |TAMS 0x0000000089f00000, 0x000000008a000000| Untracked 
| 160|0x000000008a000000, 0x000000008a100000, 0x000000008a100000|100%| O|  |TAMS 0x000000008a000000, 0x000000008a100000| Untracked 
| 161|0x000000008a100000, 0x000000008a200000, 0x000000008a200000|100%| O|  |TAMS 0x000000008a100000, 0x000000008a200000| Untracked 
| 162|0x000000008a200000, 0x000000008a300000, 0x000000008a300000|100%| O|  |TAMS 0x000000008a200000, 0x000000008a300000| Untracked 
| 163|0x000000008a300000, 0x000000008a400000, 0x000000008a400000|100%| O|  |TAMS 0x000000008a300000, 0x000000008a400000| Untracked 
| 164|0x000000008a400000, 0x000000008a500000, 0x000000008a500000|100%| O|  |TAMS 0x000000008a400000, 0x000000008a500000| Untracked 
| 165|0x000000008a500000, 0x000000008a600000, 0x000000008a600000|100%| O|  |TAMS 0x000000008a500000, 0x000000008a600000| Untracked 
| 166|0x000000008a600000, 0x000000008a700000, 0x000000008a700000|100%| O|  |TAMS 0x000000008a600000, 0x000000008a700000| Untracked 
| 167|0x000000008a700000, 0x000000008a780200, 0x000000008a800000| 50%| O|  |TAMS 0x000000008a700000, 0x000000008a780200| Untracked 
| 168|0x000000008a800000, 0x000000008a800000, 0x000000008a900000|  0%| F|  |TAMS 0x000000008a800000, 0x000000008a800000| Untracked 
| 169|0x000000008a900000, 0x000000008a900000, 0x000000008aa00000|  0%| F|  |TAMS 0x000000008a900000, 0x000000008a900000| Untracked 
| 170|0x000000008aa00000, 0x000000008ab00000, 0x000000008ab00000|100%| O|  |TAMS 0x000000008aa00000, 0x000000008ab00000| Untracked 
| 171|0x000000008ab00000, 0x000000008ac00000, 0x000000008ac00000|100%| O|  |TAMS 0x000000008ab00000, 0x000000008ac00000| Untracked 
| 172|0x000000008ac00000, 0x000000008ad00000, 0x000000008ad00000|100%| O|  |TAMS 0x000000008ac00000, 0x000000008ad00000| Untracked 
| 173|0x000000008ad00000, 0x000000008ae00000, 0x000000008ae00000|100%| O|  |TAMS 0x000000008ad00000, 0x000000008ae00000| Untracked 
| 174|0x000000008ae00000, 0x000000008af00000, 0x000000008af00000|100%| O|  |TAMS 0x000000008ae00000, 0x000000008af00000| Untracked 
| 175|0x000000008af00000, 0x000000008b000000, 0x000000008b000000|100%| O|  |TAMS 0x000000008af00000, 0x000000008b000000| Untracked 
| 176|0x000000008b000000, 0x000000008b100000, 0x000000008b100000|100%| O|  |TAMS 0x000000008b000000, 0x000000008b100000| Untracked 
| 177|0x000000008b100000, 0x000000008b200000, 0x000000008b200000|100%| O|  |TAMS 0x000000008b100000, 0x000000008b200000| Untracked 
| 178|0x000000008b200000, 0x000000008b300000, 0x000000008b300000|100%| O|  |TAMS 0x000000008b200000, 0x000000008b300000| Untracked 
| 179|0x000000008b300000, 0x000000008b300000, 0x000000008b400000|  0%| F|  |TAMS 0x000000008b300000, 0x000000008b300000| Untracked 
| 180|0x000000008b400000, 0x000000008b400000, 0x000000008b500000|  0%| F|  |TAMS 0x000000008b400000, 0x000000008b400000| Untracked 
| 181|0x000000008b500000, 0x000000008b500000, 0x000000008b600000|  0%| F|  |TAMS 0x000000008b500000, 0x000000008b500000| Untracked 
| 182|0x000000008b600000, 0x000000008b600000, 0x000000008b700000|  0%| F|  |TAMS 0x000000008b600000, 0x000000008b600000| Untracked 
| 183|0x000000008b700000, 0x000000008b700000, 0x000000008b800000|  0%| F|  |TAMS 0x000000008b700000, 0x000000008b700000| Untracked 
| 184|0x000000008b800000, 0x000000008b800000, 0x000000008b900000|  0%| F|  |TAMS 0x000000008b800000, 0x000000008b800000| Untracked 
| 185|0x000000008b900000, 0x000000008b900000, 0x000000008ba00000|  0%| F|  |TAMS 0x000000008b900000, 0x000000008b900000| Untracked 
| 186|0x000000008ba00000, 0x000000008ba00000, 0x000000008bb00000|  0%| F|  |TAMS 0x000000008ba00000, 0x000000008ba00000| Untracked 
| 187|0x000000008bb00000, 0x000000008bb00000, 0x000000008bc00000|  0%| F|  |TAMS 0x000000008bb00000, 0x000000008bb00000| Untracked 
| 188|0x000000008bc00000, 0x000000008bc00000, 0x000000008bd00000|  0%| F|  |TAMS 0x000000008bc00000, 0x000000008bc00000| Untracked 
| 189|0x000000008bd00000, 0x000000008bd00000, 0x000000008be00000|  0%| F|  |TAMS 0x000000008bd00000, 0x000000008bd00000| Untracked 
| 190|0x000000008be00000, 0x000000008be00000, 0x000000008bf00000|  0%| F|  |TAMS 0x000000008be00000, 0x000000008be00000| Untracked 
| 191|0x000000008bf00000, 0x000000008bf00000, 0x000000008c000000|  0%| F|  |TAMS 0x000000008bf00000, 0x000000008bf00000| Untracked 
| 192|0x000000008c000000, 0x000000008c000000, 0x000000008c100000|  0%| F|  |TAMS 0x000000008c000000, 0x000000008c000000| Untracked 
| 193|0x000000008c100000, 0x000000008c100000, 0x000000008c200000|  0%| F|  |TAMS 0x000000008c100000, 0x000000008c100000| Untracked 
| 194|0x000000008c200000, 0x000000008c200000, 0x000000008c300000|  0%| F|  |TAMS 0x000000008c200000, 0x000000008c200000| Untracked 
| 195|0x000000008c300000, 0x000000008c300000, 0x000000008c400000|  0%| F|  |TAMS 0x000000008c300000, 0x000000008c300000| Untracked 
| 196|0x000000008c400000, 0x000000008c400000, 0x000000008c500000|  0%| F|  |TAMS 0x000000008c400000, 0x000000008c400000| Untracked 
| 197|0x000000008c500000, 0x000000008c500000, 0x000000008c600000|  0%| F|  |TAMS 0x000000008c500000, 0x000000008c500000| Untracked 
| 198|0x000000008c600000, 0x000000008c600000, 0x000000008c700000|  0%| F|  |TAMS 0x000000008c600000, 0x000000008c600000| Untracked 
| 199|0x000000008c700000, 0x000000008c700000, 0x000000008c800000|  0%| F|  |TAMS 0x000000008c700000, 0x000000008c700000| Untracked 
| 200|0x000000008c800000, 0x000000008c800000, 0x000000008c900000|  0%| F|  |TAMS 0x000000008c800000, 0x000000008c800000| Untracked 
| 201|0x000000008c900000, 0x000000008c900000, 0x000000008ca00000|  0%| F|  |TAMS 0x000000008c900000, 0x000000008c900000| Untracked 
| 202|0x000000008ca00000, 0x000000008ca00000, 0x000000008cb00000|  0%| F|  |TAMS 0x000000008ca00000, 0x000000008ca00000| Untracked 
| 203|0x000000008cb00000, 0x000000008cb00000, 0x000000008cc00000|  0%| F|  |TAMS 0x000000008cb00000, 0x000000008cb00000| Untracked 
| 204|0x000000008cc00000, 0x000000008cc00000, 0x000000008cd00000|  0%| F|  |TAMS 0x000000008cc00000, 0x000000008cc00000| Untracked 
| 205|0x000000008cd00000, 0x000000008cd88818, 0x000000008ce00000| 53%| S|CS|TAMS 0x000000008cd00000, 0x000000008cd00000| Complete 
| 206|0x000000008ce00000, 0x000000008cf00000, 0x000000008cf00000|100%| S|CS|TAMS 0x000000008ce00000, 0x000000008ce00000| Complete 
| 207|0x000000008cf00000, 0x000000008d000000, 0x000000008d000000|100%| S|CS|TAMS 0x000000008cf00000, 0x000000008cf00000| Complete 
| 208|0x000000008d000000, 0x000000008d000000, 0x000000008d100000|  0%| F|  |TAMS 0x000000008d000000, 0x000000008d000000| Untracked 
| 209|0x000000008d100000, 0x000000008d100000, 0x000000008d200000|  0%| F|  |TAMS 0x000000008d100000, 0x000000008d100000| Untracked 
| 210|0x000000008d200000, 0x000000008d300000, 0x000000008d300000|100%| S|CS|TAMS 0x000000008d200000, 0x000000008d200000| Complete 
| 211|0x000000008d300000, 0x000000008d300000, 0x000000008d400000|  0%| F|  |TAMS 0x000000008d300000, 0x000000008d300000| Untracked 
| 212|0x000000008d400000, 0x000000008d400000, 0x000000008d500000|  0%| F|  |TAMS 0x000000008d400000, 0x000000008d400000| Untracked 
| 213|0x000000008d500000, 0x000000008d500000, 0x000000008d600000|  0%| F|  |TAMS 0x000000008d500000, 0x000000008d500000| Untracked 
| 214|0x000000008d600000, 0x000000008d600000, 0x000000008d700000|  0%| F|  |TAMS 0x000000008d600000, 0x000000008d600000| Untracked 
| 215|0x000000008d700000, 0x000000008d700000, 0x000000008d800000|  0%| F|  |TAMS 0x000000008d700000, 0x000000008d700000| Untracked 
| 216|0x000000008d800000, 0x000000008d800000, 0x000000008d900000|  0%| F|  |TAMS 0x000000008d800000, 0x000000008d800000| Untracked 
| 217|0x000000008d900000, 0x000000008d900000, 0x000000008da00000|  0%| F|  |TAMS 0x000000008d900000, 0x000000008d900000| Untracked 
| 218|0x000000008da00000, 0x000000008da00000, 0x000000008db00000|  0%| F|  |TAMS 0x000000008da00000, 0x000000008da00000| Untracked 
| 219|0x000000008db00000, 0x000000008db00000, 0x000000008dc00000|  0%| F|  |TAMS 0x000000008db00000, 0x000000008db00000| Untracked 
| 220|0x000000008dc00000, 0x000000008dc00000, 0x000000008dd00000|  0%| F|  |TAMS 0x000000008dc00000, 0x000000008dc00000| Untracked 
| 221|0x000000008dd00000, 0x000000008dd00000, 0x000000008de00000|  0%| F|  |TAMS 0x000000008dd00000, 0x000000008dd00000| Untracked 
| 222|0x000000008de00000, 0x000000008de00000, 0x000000008df00000|  0%| F|  |TAMS 0x000000008de00000, 0x000000008de00000| Untracked 
| 223|0x000000008df00000, 0x000000008df00000, 0x000000008e000000|  0%| F|  |TAMS 0x000000008df00000, 0x000000008df00000| Untracked 
| 224|0x000000008e000000, 0x000000008e000000, 0x000000008e100000|  0%| F|  |TAMS 0x000000008e000000, 0x000000008e000000| Untracked 
| 225|0x000000008e100000, 0x000000008e100000, 0x000000008e200000|  0%| F|  |TAMS 0x000000008e100000, 0x000000008e100000| Untracked 
| 226|0x000000008e200000, 0x000000008e200000, 0x000000008e300000|  0%| F|  |TAMS 0x000000008e200000, 0x000000008e200000| Untracked 
| 227|0x000000008e300000, 0x000000008e300000, 0x000000008e400000|  0%| F|  |TAMS 0x000000008e300000, 0x000000008e300000| Untracked 
| 228|0x000000008e400000, 0x000000008e400000, 0x000000008e500000|  0%| F|  |TAMS 0x000000008e400000, 0x000000008e400000| Untracked 
| 229|0x000000008e500000, 0x000000008e500000, 0x000000008e600000|  0%| F|  |TAMS 0x000000008e500000, 0x000000008e500000| Untracked 
| 230|0x000000008e600000, 0x000000008e600000, 0x000000008e700000|  0%| F|  |TAMS 0x000000008e600000, 0x000000008e600000| Untracked 
| 231|0x000000008e700000, 0x000000008e700000, 0x000000008e800000|  0%| F|  |TAMS 0x000000008e700000, 0x000000008e700000| Untracked 
| 232|0x000000008e800000, 0x000000008e800000, 0x000000008e900000|  0%| F|  |TAMS 0x000000008e800000, 0x000000008e800000| Untracked 
| 233|0x000000008e900000, 0x000000008e900000, 0x000000008ea00000|  0%| F|  |TAMS 0x000000008e900000, 0x000000008e900000| Untracked 
| 234|0x000000008ea00000, 0x000000008ea00000, 0x000000008eb00000|  0%| F|  |TAMS 0x000000008ea00000, 0x000000008ea00000| Untracked 
| 235|0x000000008eb00000, 0x000000008eb00000, 0x000000008ec00000|  0%| F|  |TAMS 0x000000008eb00000, 0x000000008eb00000| Untracked 
| 236|0x000000008ec00000, 0x000000008ec00000, 0x000000008ed00000|  0%| F|  |TAMS 0x000000008ec00000, 0x000000008ec00000| Untracked 
| 237|0x000000008ed00000, 0x000000008ed00000, 0x000000008ee00000|  0%| F|  |TAMS 0x000000008ed00000, 0x000000008ed00000| Untracked 
| 238|0x000000008ee00000, 0x000000008ee00000, 0x000000008ef00000|  0%| F|  |TAMS 0x000000008ee00000, 0x000000008ee00000| Untracked 

Card table byte_map: [0x00000222550b0000,0x00000222554b0000] _byte_map_base: 0x0000022254cb0000

Marking Bits (Prev, Next): (CMBitMap*) 0x000002223e62f1f0, (CMBitMap*) 0x000002223e62f1b0
 Prev Bits: [0x00000222578b0000, 0x00000222598b0000)
 Next Bits: [0x00000222558b0000, 0x00000222578b0000)

Polling page: 0x000002223c310000

Metaspace:

Usage:
  Non-class:     89.48 MB used.
      Class:     13.65 MB used.
       Both:    103.12 MB used.

Virtual space:
  Non-class space:       96.00 MB reserved,      89.88 MB ( 94%) committed,  12 nodes.
      Class space:        1.00 GB reserved,      14.12 MB (  1%) committed,  1 nodes.
             Both:        1.09 GB reserved,     104.00 MB (  9%) committed. 

Chunk freelists:
   Non-Class:  1.88 MB
       Class:  1.92 MB
        Both:  3.80 MB

MaxMetaspaceSize: unlimited
CompressedClassSpaceSize: 1.00 GB
Initial GC threshold: 21.00 MB
Current GC threshold: 131.69 MB
CDS: on
MetaspaceReclaimPolicy: balanced
 - commit_granule_bytes: 65536.
 - commit_granule_words: 8192.
 - virtual_space_node_default_size: 1048576.
 - enlarge_chunks_in_place: 1.
 - new_chunks_are_fully_committed: 0.
 - uncommit_free_chunks: 1.
 - use_allocation_guard: 0.
 - handle_deallocations: 1.


Internal statistics:

num_allocs_failed_limit: 6.
num_arena_births: 1426.
num_arena_deaths: 0.
num_vsnodes_births: 13.
num_vsnodes_deaths: 0.
num_space_committed: 1663.
num_space_uncommitted: 0.
num_chunks_returned_to_freelist: 6.
num_chunks_taken_from_freelist: 5767.
num_chunk_merges: 3.
num_chunk_splits: 3760.
num_chunks_enlarged: 2414.
num_purges: 0.
num_inconsistent_stats: 0.

CodeHeap 'non-profiled nmethods': size=120064Kb used=9742Kb max_used=9742Kb free=110321Kb
 bounds [0x000002224db70000, 0x000002224e520000, 0x00000222550b0000]
CodeHeap 'profiled nmethods': size=120000Kb used=28789Kb max_used=29058Kb free=91210Kb
 bounds [0x0000022246640000, 0x00000222482b0000, 0x000002224db70000]
CodeHeap 'non-nmethods': size=5696Kb used=2464Kb max_used=2509Kb free=3232Kb
 bounds [0x00000222460b0000, 0x0000022246350000, 0x0000022246640000]
 total_blobs=15369 nmethods=14356 adapters=924
 compilation: enabled
              stopped_count=0, restarted_count=0
 full_count=0

Compilation events (20 events):
Event: 976.376 Thread 0x000002225bc4acf0 nmethod 17637 0x0000022247473910 code [0x0000022247473b40, 0x00000222474742e8]
Event: 976.376 Thread 0x000002225bc4acf0 17638       3       kotlin.reflect.jvm.internal.impl.metadata.jvm.JvmProtoBuf$JvmPropertySignature$Builder::<init> (44 bytes)
Event: 976.376 Thread 0x000002225bc4acf0 nmethod 17638 0x0000022247472e90 code [0x00000222474730a0, 0x0000022247473778]
Event: 976.377 Thread 0x000002225bc4acf0 17639       3       kotlin.reflect.jvm.internal.impl.types.TypeSubstitution::<init> (5 bytes)
Event: 976.378 Thread 0x000002225bc4acf0 nmethod 17639 0x0000022247f21c10 code [0x0000022247f21da0, 0x0000022247f21ef8]
Event: 976.378 Thread 0x000002225bc4acf0 17640       3       kotlin.reflect.jvm.internal.impl.types.TypeSubstitutor::create (17 bytes)
Event: 976.378 Thread 0x000002225bc4acf0 nmethod 17640 0x0000022247472690 code [0x0000022247472860, 0x0000022247472bb8]
Event: 976.378 Thread 0x000002225bc4acf0 17641       3       kotlin.reflect.jvm.internal.impl.types.TypeSubstitutor::<init> (19 bytes)
Event: 976.379 Thread 0x000002225bc4acf0 nmethod 17641 0x0000022247fb8e90 code [0x0000022247fb9040, 0x0000022247fb9268]
Event: 976.381 Thread 0x000002225bc4acf0 17642       3       kotlin.reflect.jvm.internal.impl.serialization.deserialization.descriptors.DeserializedMemberScope$OptimizedImplementation::getVariableNames (17 bytes)
Event: 976.382 Thread 0x000002225bc4acf0 nmethod 17642 0x0000022247fb7b10 code [0x0000022247fb7dc0, 0x0000022247fb8a68]
Event: 976.388 Thread 0x000002225bc4acf0 17643       3       kotlin.reflect.jvm.internal.impl.types.TypeSubstitutor::isEmpty (8 bytes)
Event: 976.388 Thread 0x000002225bc4acf0 nmethod 17643 0x0000022247fb7690 code [0x0000022247fb7840, 0x0000022247fb7a08]
Event: 976.388 Thread 0x000002225bc4acf0 17644       3       kotlin.reflect.jvm.internal.impl.types.TypeConstructorSubstitution$Companion$createByConstructorsMap$1::isEmpty (10 bytes)
Event: 976.388 Thread 0x000002225bc4acf0 nmethod 17644 0x0000022247fb7110 code [0x0000022247fb72c0, 0x0000022247fb7488]
Event: 976.388 Thread 0x000002225bc4acf0 17645       3       kotlin.reflect.jvm.internal.impl.descriptors.impl.VariableDescriptorImpl::getType (13 bytes)
Event: 976.388 Thread 0x000002225bc4acf0 nmethod 17645 0x0000022246b39490 code [0x0000022246b39640, 0x0000022246b397c8]
Event: 976.388 Thread 0x000002225bc4acf0 17646       3       kotlin.reflect.jvm.internal.impl.descriptors.impl.PropertyDescriptorImpl::getModality (14 bytes)
Event: 976.389 Thread 0x000002225bc4acf0 nmethod 17646 0x0000022246b39090 code [0x0000022246b39240, 0x0000022246b393c8]
Event: 976.389 Thread 0x000002225bc4acf0 17648       3       kotlin.reflect.jvm.internal.impl.serialization.deserialization.descriptors.DeserializedMemberScope$OptimizedImplementation::getContributedVariables (46 bytes)

GC Heap History (20 events):
Event: 947.475 GC heap after
{Heap after GC invocations=67 (full 0):
 garbage-first heap   total 244736K, used 151088K [0x0000000080000000, 0x0000000100000000)
  region size 1024K, 1 young (1024K), 1 survivors (1024K)
 Metaspace       used 98854K, committed 99648K, reserved 1138688K
  class space    used 13258K, committed 13696K, reserved 1048576K
}
Event: 951.958 GC heap before
{Heap before GC invocations=67 (full 0):
 garbage-first heap   total 244736K, used 198192K [0x0000000080000000, 0x0000000100000000)
  region size 1024K, 42 young (43008K), 1 survivors (1024K)
 Metaspace       used 101122K, committed 101952K, reserved 1138688K
  class space    used 13491K, committed 13952K, reserved 1048576K
}
Event: 951.993 GC heap after
{Heap after GC invocations=68 (full 0):
 garbage-first heap   total 244736K, used 157289K [0x0000000080000000, 0x0000000100000000)
  region size 1024K, 6 young (6144K), 6 survivors (6144K)
 Metaspace       used 101122K, committed 101952K, reserved 1138688K
  class space    used 13491K, committed 13952K, reserved 1048576K
}
Event: 953.138 GC heap before
{Heap before GC invocations=68 (full 0):
 garbage-first heap   total 244736K, used 194153K [0x0000000080000000, 0x0000000100000000)
  region size 1024K, 42 young (43008K), 6 survivors (6144K)
 Metaspace       used 101160K, committed 102080K, reserved 1138688K
  class space    used 13491K, committed 13952K, reserved 1048576K
}
Event: 953.178 GC heap after
{Heap after GC invocations=69 (full 0):
 garbage-first heap   total 244736K, used 166411K [0x0000000080000000, 0x0000000100000000)
  region size 1024K, 6 young (6144K), 6 survivors (6144K)
 Metaspace       used 101160K, committed 102080K, reserved 1138688K
  class space    used 13491K, committed 13952K, reserved 1048576K
}
Event: 953.534 GC heap before
{Heap before GC invocations=69 (full 0):
 garbage-first heap   total 244736K, used 190987K [0x0000000080000000, 0x0000000100000000)
  region size 1024K, 19 young (19456K), 6 survivors (6144K)
 Metaspace       used 101180K, committed 102080K, reserved 1138688K
  class space    used 13492K, committed 13952K, reserved 1048576K
}
Event: 953.578 GC heap after
{Heap after GC invocations=70 (full 0):
 garbage-first heap   total 244736K, used 178688K [0x0000000080000000, 0x0000000100000000)
  region size 1024K, 5 young (5120K), 5 survivors (5120K)
 Metaspace       used 101180K, committed 102080K, reserved 1138688K
  class space    used 13492K, committed 13952K, reserved 1048576K
}
Event: 957.223 GC heap before
{Heap before GC invocations=70 (full 0):
 garbage-first heap   total 244736K, used 204288K [0x0000000080000000, 0x0000000100000000)
  region size 1024K, 27 young (27648K), 5 survivors (5120K)
 Metaspace       used 102519K, committed 103360K, reserved 1138688K
  class space    used 13647K, committed 14080K, reserved 1048576K
}
Event: 957.264 GC heap after
{Heap after GC invocations=71 (full 0):
 garbage-first heap   total 244736K, used 179200K [0x0000000080000000, 0x0000000100000000)
  region size 1024K, 4 young (4096K), 4 survivors (4096K)
 Metaspace       used 102519K, committed 103360K, reserved 1138688K
  class space    used 13647K, committed 14080K, reserved 1048576K
}
Event: 969.718 GC heap before
{Heap before GC invocations=71 (full 0):
 garbage-first heap   total 244736K, used 201728K [0x0000000080000000, 0x0000000100000000)
  region size 1024K, 27 young (27648K), 4 survivors (4096K)
 Metaspace       used 102798K, committed 103744K, reserved 1138688K
  class space    used 13669K, committed 14144K, reserved 1048576K
}
Event: 969.734 GC heap after
{Heap after GC invocations=72 (full 0):
 garbage-first heap   total 244736K, used 180452K [0x0000000080000000, 0x0000000100000000)
  region size 1024K, 2 young (2048K), 2 survivors (2048K)
 Metaspace       used 102798K, committed 103744K, reserved 1138688K
  class space    used 13669K, committed 14144K, reserved 1048576K
}
Event: 970.608 GC heap before
{Heap before GC invocations=72 (full 0):
 garbage-first heap   total 244736K, used 204004K [0x0000000080000000, 0x0000000100000000)
  region size 1024K, 26 young (26624K), 2 survivors (2048K)
 Metaspace       used 103087K, committed 104000K, reserved 1146880K
  class space    used 13688K, committed 14144K, reserved 1048576K
}
Event: 970.618 GC heap after
{Heap after GC invocations=73 (full 0):
 garbage-first heap   total 244736K, used 179897K [0x0000000080000000, 0x0000000100000000)
  region size 1024K, 2 young (2048K), 2 survivors (2048K)
 Metaspace       used 103087K, committed 104000K, reserved 1146880K
  class space    used 13688K, committed 14144K, reserved 1048576K
}
Event: 973.014 GC heap before
{Heap before GC invocations=73 (full 0):
 garbage-first heap   total 244736K, used 205497K [0x0000000080000000, 0x0000000100000000)
  region size 1024K, 28 young (28672K), 2 survivors (2048K)
 Metaspace       used 103879K, committed 104832K, reserved 1146880K
  class space    used 13780K, committed 14272K, reserved 1048576K
}
Event: 973.026 GC heap after
{Heap after GC invocations=74 (full 0):
 garbage-first heap   total 244736K, used 181210K [0x0000000080000000, 0x0000000100000000)
  region size 1024K, 3 young (3072K), 3 survivors (3072K)
 Metaspace       used 103879K, committed 104832K, reserved 1146880K
  class space    used 13780K, committed 14272K, reserved 1048576K
}
Event: 973.879 GC heap before
{Heap before GC invocations=74 (full 0):
 garbage-first heap   total 244736K, used 206810K [0x0000000080000000, 0x0000000100000000)
  region size 1024K, 29 young (29696K), 3 survivors (3072K)
 Metaspace       used 104148K, committed 105152K, reserved 1146880K
  class space    used 13794K, committed 14272K, reserved 1048576K
}
Event: 973.893 GC heap after
{Heap after GC invocations=75 (full 0):
 garbage-first heap   total 244736K, used 181731K [0x0000000080000000, 0x0000000100000000)
  region size 1024K, 3 young (3072K), 3 survivors (3072K)
 Metaspace       used 104148K, committed 105152K, reserved 1146880K
  class space    used 13794K, committed 14272K, reserved 1048576K
}
Event: 974.157 GC heap before
{Heap before GC invocations=75 (full 0):
 garbage-first heap   total 244736K, used 208355K [0x0000000080000000, 0x0000000100000000)
  region size 1024K, 30 young (30720K), 3 survivors (3072K)
 Metaspace       used 104205K, committed 105152K, reserved 1146880K
  class space    used 13795K, committed 14272K, reserved 1048576K
}
Event: 974.174 GC heap after
{Heap after GC invocations=76 (full 0):
 garbage-first heap   total 244736K, used 182582K [0x0000000080000000, 0x0000000100000000)
  region size 1024K, 2 young (2048K), 2 survivors (2048K)
 Metaspace       used 104205K, committed 105152K, reserved 1146880K
  class space    used 13795K, committed 14272K, reserved 1048576K
}
Event: 976.389 GC heap before
{Heap before GC invocations=76 (full 0):
 garbage-first heap   total 244736K, used 210230K [0x0000000080000000, 0x0000000100000000)
  region size 1024K, 30 young (30720K), 2 survivors (2048K)
 Metaspace       used 105598K, committed 106496K, reserved 1146880K
  class space    used 13974K, committed 14464K, reserved 1048576K
}

Deoptimization events (20 events):
Event: 974.941 Thread 0x000002225ef5d570 Uncommon trap: trap_request=0xffffffc6 fr.pc=0x000002224e48cc7c relative=0x000000000000049c
Event: 974.941 Thread 0x000002225ef5d570 Uncommon trap: reason=bimorphic_or_optimized_type_check action=maybe_recompile pc=0x000002224e48cc7c method=java.util.Spliterators$IteratorSpliterator.tryAdvance(Ljava/util/function/Consumer;)Z @ 68 c2
Event: 974.941 Thread 0x000002225ef5d570 DEOPT PACKING pc=0x000002224e48cc7c sp=0x00000038082fa9d0
Event: 974.941 Thread 0x000002225ef5d570 DEOPT UNPACKING pc=0x000002224610239d sp=0x00000038082fa988 mode 2
Event: 975.350 Thread 0x000002225ef5d570 Uncommon trap: trap_request=0xffffff45 fr.pc=0x000002224e15cc50 relative=0x0000000000004d10
Event: 975.350 Thread 0x000002225ef5d570 Uncommon trap: reason=unstable_if action=reinterpret pc=0x000002224e15cc50 method=java.nio.file.FileTreeWalker.getAttributes(Ljava/nio/file/Path;Z)Ljava/nio/file/attribute/BasicFileAttributes; @ 35 c2
Event: 975.350 Thread 0x000002225ef5d570 DEOPT PACKING pc=0x000002224e15cc50 sp=0x00000038082f9870
Event: 975.350 Thread 0x000002225ef5d570 DEOPT UNPACKING pc=0x000002224610239d sp=0x00000038082f9790 mode 2
Event: 975.821 Thread 0x000002225ef5d570 Uncommon trap: trap_request=0xffffffc6 fr.pc=0x000002224dc10d58 relative=0x0000000000000318
Event: 975.821 Thread 0x000002225ef5d570 Uncommon trap: reason=bimorphic_or_optimized_type_check action=maybe_recompile pc=0x000002224dc10d58 method=java.util.ArrayList$ArrayListSpliterator.tryAdvance(Ljava/util/function/Consumer;)Z @ 48 c2
Event: 975.821 Thread 0x000002225ef5d570 DEOPT PACKING pc=0x000002224dc10d58 sp=0x00000038082fa570
Event: 975.821 Thread 0x000002225ef5d570 DEOPT UNPACKING pc=0x000002224610239d sp=0x00000038082fa500 mode 2
Event: 975.970 Thread 0x000002225ef5d570 Uncommon trap: trap_request=0xffffff45 fr.pc=0x000002224e19d5a4 relative=0x00000000000001a4
Event: 975.970 Thread 0x000002225ef5d570 Uncommon trap: reason=unstable_if action=reinterpret pc=0x000002224e19d5a4 method=kotlin.reflect.jvm.internal.ReflectProperties$LazySoftVal.<init>(Ljava/lang/Object;Lkotlin/jvm/functions/Function0;)V @ 23 c2
Event: 975.970 Thread 0x000002225ef5d570 DEOPT PACKING pc=0x000002224e19d5a4 sp=0x00000038082fa2f0
Event: 975.970 Thread 0x000002225ef5d570 DEOPT UNPACKING pc=0x000002224610239d sp=0x00000038082fa2a8 mode 2
Event: 976.117 Thread 0x000002225ef5d570 Uncommon trap: trap_request=0xffffff45 fr.pc=0x000002224e18ba98 relative=0x0000000000002758
Event: 976.118 Thread 0x000002225ef5d570 Uncommon trap: reason=unstable_if action=reinterpret pc=0x000002224e18ba98 method=jdk.internal.reflect.ReflectionFactory.newMethodAccessor(Ljava/lang/reflect/Method;)Ljdk/internal/reflect/MethodAccessor; @ 7 c2
Event: 976.118 Thread 0x000002225ef5d570 DEOPT PACKING pc=0x000002224e18ba98 sp=0x00000038082f89a0
Event: 976.118 Thread 0x000002225ef5d570 DEOPT UNPACKING pc=0x000002224610239d sp=0x00000038082f8950 mode 2

Classes unloaded (0 events):
No events

Classes redefined (0 events):
No events

Internal exceptions (20 events):
Event: 963.583 Thread 0x000002225ef5d0a0 Exception <a 'sun/nio/fs/WindowsException'{0x000000008dd0ce90}> (0x000000008dd0ce90) 
thrown [d:\a\1\s\lookaside\java-17-openjdk\src\hotspot\share\prims\jni.cpp, line 516]
Event: 963.583 Thread 0x000002225ef5d0a0 Exception <a 'sun/nio/fs/WindowsException'{0x000000008dd0d280}> (0x000000008dd0d280) 
thrown [d:\a\1\s\lookaside\java-17-openjdk\src\hotspot\share\prims\jni.cpp, line 516]
Event: 964.137 Thread 0x000002225ef5d0a0 Exception <a 'sun/nio/fs/WindowsException'{0x000000008da65bd8}> (0x000000008da65bd8) 
thrown [d:\a\1\s\lookaside\java-17-openjdk\src\hotspot\share\prims\jni.cpp, line 516]
Event: 964.138 Thread 0x000002225ef5d0a0 Exception <a 'sun/nio/fs/WindowsException'{0x000000008da66d50}> (0x000000008da66d50) 
thrown [d:\a\1\s\lookaside\java-17-openjdk\src\hotspot\share\prims\jni.cpp, line 516]
Event: 964.138 Thread 0x000002225ef5d0a0 Exception <a 'sun/nio/fs/WindowsException'{0x000000008da66dc0}> (0x000000008da66dc0) 
thrown [d:\a\1\s\lookaside\java-17-openjdk\src\hotspot\share\prims\jni.cpp, line 516]
Event: 964.138 Thread 0x000002225ef5d0a0 Exception <a 'sun/nio/fs/WindowsException'{0x000000008da67230}> (0x000000008da67230) 
thrown [d:\a\1\s\lookaside\java-17-openjdk\src\hotspot\share\prims\jni.cpp, line 516]
Event: 964.139 Thread 0x000002225ef5d0a0 Exception <a 'sun/nio/fs/WindowsException'{0x000000008da69648}> (0x000000008da69648) 
thrown [d:\a\1\s\lookaside\java-17-openjdk\src\hotspot\share\prims\jni.cpp, line 516]
Event: 964.139 Thread 0x000002225ef5d0a0 Exception <a 'sun/nio/fs/WindowsException'{0x000000008da6a7b8}> (0x000000008da6a7b8) 
thrown [d:\a\1\s\lookaside\java-17-openjdk\src\hotspot\share\prims\jni.cpp, line 516]
Event: 964.140 Thread 0x000002225ef5d0a0 Exception <a 'sun/nio/fs/WindowsException'{0x000000008da6a828}> (0x000000008da6a828) 
thrown [d:\a\1\s\lookaside\java-17-openjdk\src\hotspot\share\prims\jni.cpp, line 516]
Event: 964.140 Thread 0x000002225ef5d0a0 Exception <a 'sun/nio/fs/WindowsException'{0x000000008da6ac88}> (0x000000008da6ac88) 
thrown [d:\a\1\s\lookaside\java-17-openjdk\src\hotspot\share\prims\jni.cpp, line 516]
Event: 964.140 Thread 0x000002225ef5d0a0 Exception <a 'sun/nio/fs/WindowsException'{0x000000008da6cfd0}> (0x000000008da6cfd0) 
thrown [d:\a\1\s\lookaside\java-17-openjdk\src\hotspot\share\prims\jni.cpp, line 516]
Event: 964.140 Thread 0x000002225ef5d0a0 Exception <a 'sun/nio/fs/WindowsException'{0x000000008da6e110}> (0x000000008da6e110) 
thrown [d:\a\1\s\lookaside\java-17-openjdk\src\hotspot\share\prims\jni.cpp, line 516]
Event: 964.140 Thread 0x000002225ef5d0a0 Exception <a 'sun/nio/fs/WindowsException'{0x000000008da6e180}> (0x000000008da6e180) 
thrown [d:\a\1\s\lookaside\java-17-openjdk\src\hotspot\share\prims\jni.cpp, line 516]
Event: 964.141 Thread 0x000002225ef5d0a0 Exception <a 'sun/nio/fs/WindowsException'{0x000000008da6e550}> (0x000000008da6e550) 
thrown [d:\a\1\s\lookaside\java-17-openjdk\src\hotspot\share\prims\jni.cpp, line 516]
Event: 970.051 Thread 0x000002225ce95e10 Exception <a 'sun/nio/fs/WindowsException'{0x000000008e3ea630}> (0x000000008e3ea630) 
thrown [d:\a\1\s\lookaside\java-17-openjdk\src\hotspot\share\prims\jni.cpp, line 516]
Event: 970.057 Thread 0x000002225ce95e10 Exception <a 'sun/nio/fs/WindowsException'{0x000000008e3fe370}> (0x000000008e3fe370) 
thrown [d:\a\1\s\lookaside\java-17-openjdk\src\hotspot\share\prims\jni.cpp, line 516]
Event: 970.057 Thread 0x000002225ce95e10 Exception <a 'sun/nio/fs/WindowsException'{0x000000008e3fe7d8}> (0x000000008e3fe7d8) 
thrown [d:\a\1\s\lookaside\java-17-openjdk\src\hotspot\share\prims\jni.cpp, line 516]
Event: 970.064 Thread 0x000002225ce95e10 Implicit null exception at 0x000002224e49fcda to 0x000002224e49fe64
Event: 970.064 Thread 0x000002225ce95e10 Implicit null exception at 0x000002224e45acbe to 0x000002224e45ae14
Event: 972.970 Thread 0x000002225ce97fc0 Exception <a 'java/io/IOException'{0x000000008d684128}> (0x000000008d684128) 
thrown [d:\a\1\s\lookaside\java-17-openjdk\src\hotspot\share\prims\jni.cpp, line 516]

VM Operations (20 events):
Event: 970.407 Executing VM operation: HandshakeAllThreads done
Event: 970.608 Executing VM operation: G1CollectForAllocation
Event: 970.636 Executing VM operation: G1CollectForAllocation done
Event: 971.645 Executing VM operation: Cleanup
Event: 971.645 Executing VM operation: Cleanup done
Event: 972.651 Executing VM operation: Cleanup
Event: 972.651 Executing VM operation: Cleanup done
Event: 972.992 Executing VM operation: G1CollectForAllocation
Event: 973.034 Executing VM operation: G1CollectForAllocation done
Event: 973.281 Executing VM operation: HandshakeAllThreads
Event: 973.281 Executing VM operation: HandshakeAllThreads done
Event: 973.879 Executing VM operation: G1CollectForAllocation
Event: 973.897 Executing VM operation: G1CollectForAllocation done
Event: 974.157 Executing VM operation: G1CollectForAllocation
Event: 974.174 Executing VM operation: G1CollectForAllocation done
Event: 974.937 Executing VM operation: HandshakeAllThreads
Event: 974.937 Executing VM operation: HandshakeAllThreads done
Event: 975.952 Executing VM operation: Cleanup
Event: 975.969 Executing VM operation: Cleanup done
Event: 976.389 Executing VM operation: G1CollectForAllocation

Events (20 events):
Event: 970.440 Thread 0x000002225bc4b5f0 flushing nmethod 0x0000022248263890
Event: 970.440 Thread 0x000002225bc4b5f0 flushing nmethod 0x0000022248266410
Event: 970.440 Thread 0x000002225bc4b5f0 flushing nmethod 0x0000022248266c90
Event: 970.440 Thread 0x000002225bc4b5f0 flushing nmethod 0x0000022248267110
Event: 970.440 Thread 0x000002225bc4b5f0 flushing nmethod 0x0000022248268390
Event: 970.440 Thread 0x000002225bc4b5f0 flushing nmethod 0x0000022248269f90
Event: 970.440 Thread 0x000002225bc4b5f0 flushing nmethod 0x000002224826bc90
Event: 970.440 Thread 0x000002225bc4b5f0 flushing nmethod 0x000002224828f410
Event: 972.965 Thread 0x00000222638a3980 Thread exited: 0x00000222638a3980
Event: 972.966 loading class java/io/UTFDataFormatException
Event: 972.966 loading class java/io/UTFDataFormatException done
Event: 972.967 Thread 0x00000222638a4cc0 Thread exited: 0x00000222638a4cc0
Event: 974.899 loading class java/util/zip/Deflater
Event: 974.901 loading class java/util/zip/Deflater done
Event: 974.903 loading class java/util/zip/Deflater$DeflaterZStreamRef
Event: 974.904 loading class java/util/zip/Deflater$DeflaterZStreamRef done
Event: 974.950 loading class java/util/zip/ZipOutputStream$XEntry
Event: 974.951 loading class java/util/zip/ZipOutputStream$XEntry done
Event: 975.346 loading class java/nio/file/FileTreeWalker$1
Event: 975.346 loading class java/nio/file/FileTreeWalker$1 done


Dynamic libraries:
0x00007ff739610000 - 0x00007ff739631000 	D:\java\ojdkbuild\java-17-openjdk-17.0.3.0.6-1\bin\java.exe
0x00007ffbb09d0000 - 0x00007ffbb0be7000 	C:\Windows\SYSTEM32\ntdll.dll
0x00007ffbaf530000 - 0x00007ffbaf5f4000 	C:\Windows\System32\KERNEL32.DLL
0x00007ffbae0a0000 - 0x00007ffbae446000 	C:\Windows\System32\KERNELBASE.dll
0x00007ffbadf50000 - 0x00007ffbae061000 	C:\Windows\System32\ucrtbase.dll
0x00007ffb9dfc0000 - 0x00007ffb9dfd8000 	D:\java\ojdkbuild\java-17-openjdk-17.0.3.0.6-1\bin\jli.dll
0x00007ffbb0340000 - 0x00007ffbb04ee000 	C:\Windows\System32\USER32.dll
0x00007ffb845b0000 - 0x00007ffb845cb000 	D:\java\ojdkbuild\java-17-openjdk-17.0.3.0.6-1\bin\VCRUNTIME140.dll
0x00007ffbae070000 - 0x00007ffbae096000 	C:\Windows\System32\win32u.dll
0x00007ffbae990000 - 0x00007ffbae9b9000 	C:\Windows\System32\GDI32.dll
0x00007ffbae450000 - 0x00007ffbae568000 	C:\Windows\System32\gdi32full.dll
0x00007ffb91040000 - 0x00007ffb912d3000 	C:\Windows\WinSxS\amd64_microsoft.windows.common-controls_6595b64144ccf1df_6.0.22621.2506_none_270c5ae97388e100\COMCTL32.dll
0x00007ffbade80000 - 0x00007ffbadf1a000 	C:\Windows\System32\msvcp_win.dll
0x00007ffbaf270000 - 0x00007ffbaf317000 	C:\Windows\System32\msvcrt.dll
0x00007ffbb0250000 - 0x00007ffbb0281000 	C:\Windows\System32\IMM32.DLL
0x00007ffb9ab10000 - 0x00007ffb9ab1c000 	D:\java\ojdkbuild\java-17-openjdk-17.0.3.0.6-1\bin\vcruntime140_1.dll
0x00007ffb6d6d0000 - 0x00007ffb6d75d000 	D:\java\ojdkbuild\java-17-openjdk-17.0.3.0.6-1\bin\msvcp140.dll
0x00007ffb26df0000 - 0x00007ffb27a4f000 	D:\java\ojdkbuild\java-17-openjdk-17.0.3.0.6-1\bin\server\jvm.dll
0x00007ffbaf600000 - 0x00007ffbaf6b3000 	C:\Windows\System32\ADVAPI32.dll
0x00007ffbaf420000 - 0x00007ffbaf4c8000 	C:\Windows\System32\sechost.dll
0x00007ffbadf20000 - 0x00007ffbadf48000 	C:\Windows\System32\bcrypt.dll
0x00007ffbaea10000 - 0x00007ffbaeb27000 	C:\Windows\System32\RPCRT4.dll
0x00007ffbb0980000 - 0x00007ffbb0988000 	C:\Windows\System32\PSAPI.DLL
0x00007ffb92bb0000 - 0x00007ffb92bb9000 	C:\Windows\SYSTEM32\WSOCK32.dll
0x00007ffbb0290000 - 0x00007ffbb0301000 	C:\Windows\System32\WS2_32.dll
0x00007ffb9a840000 - 0x00007ffb9a874000 	C:\Windows\SYSTEM32\WINMM.dll
0x00007ffb9c050000 - 0x00007ffb9c05a000 	C:\Windows\SYSTEM32\VERSION.dll
0x00007ffbacda0000 - 0x00007ffbacdb8000 	C:\Windows\SYSTEM32\kernel.appcore.dll
0x00007ffb987f0000 - 0x00007ffb987fa000 	D:\java\ojdkbuild\java-17-openjdk-17.0.3.0.6-1\bin\jimage.dll
0x00007ffbab7c0000 - 0x00007ffbab9f3000 	C:\Windows\SYSTEM32\DBGHELP.DLL
0x00007ffbaec10000 - 0x00007ffbaef99000 	C:\Windows\System32\combase.dll
0x00007ffbaeb30000 - 0x00007ffbaec07000 	C:\Windows\System32\OLEAUT32.dll
0x00007ffb98f10000 - 0x00007ffb98f42000 	C:\Windows\SYSTEM32\dbgcore.DLL
0x00007ffbae5e0000 - 0x00007ffbae65a000 	C:\Windows\System32\bcryptPrimitives.dll
0x00007ffb831b0000 - 0x00007ffb831d5000 	D:\java\ojdkbuild\java-17-openjdk-17.0.3.0.6-1\bin\java.dll
0x00007ffb6d5f0000 - 0x00007ffb6d6c7000 	D:\java\ojdkbuild\java-17-openjdk-17.0.3.0.6-1\bin\jsvml.dll
0x00007ffbaf990000 - 0x00007ffbb01eb000 	C:\Windows\System32\SHELL32.dll
0x00007ffbabc30000 - 0x00007ffbac526000 	C:\Windows\SYSTEM32\windows.storage.dll
0x00007ffbabaf0000 - 0x00007ffbabc2e000 	C:\Windows\SYSTEM32\wintypes.dll
0x00007ffbaf320000 - 0x00007ffbaf413000 	C:\Windows\System32\SHCORE.dll
0x00007ffbb01f0000 - 0x00007ffbb024e000 	C:\Windows\System32\shlwapi.dll
0x00007ffbadc40000 - 0x00007ffbadc66000 	C:\Windows\SYSTEM32\profapi.dll
0x00007ffb76ba0000 - 0x00007ffb76bb9000 	D:\java\ojdkbuild\java-17-openjdk-17.0.3.0.6-1\bin\net.dll
0x00007ffba4660000 - 0x00007ffba4797000 	C:\Windows\SYSTEM32\WINHTTP.dll
0x00007ffbad270000 - 0x00007ffbad2d9000 	C:\Windows\system32\mswsock.dll
0x00007ffb74dc0000 - 0x00007ffb74dd6000 	D:\java\ojdkbuild\java-17-openjdk-17.0.3.0.6-1\bin\nio.dll
0x00007ffb74da0000 - 0x00007ffb74db8000 	D:\java\ojdkbuild\java-17-openjdk-17.0.3.0.6-1\bin\zip.dll
0x00007ffb97420000 - 0x00007ffb97430000 	D:\java\ojdkbuild\java-17-openjdk-17.0.3.0.6-1\bin\verify.dll
0x00007ffb6f0c0000 - 0x00007ffb6f0e7000 	C:\Users\11218\.gradle\native\68d5fa5c4cc2d200863cafc0d521ce42e7d3e7ee720ec0a83991735586a16f82\windows-amd64\native-platform.dll
0x00007ffb5bc10000 - 0x00007ffb5bd54000 	C:\Users\11218\.gradle\native\e376f236ea51e6404a007f0833ffe2c6e607c4080706a723a18a27aeea778392\windows-amd64\native-platform-file-events.dll
0x00007ffb902e0000 - 0x00007ffb902e9000 	D:\java\ojdkbuild\java-17-openjdk-17.0.3.0.6-1\bin\management.dll
0x00007ffb85220000 - 0x00007ffb8522b000 	D:\java\ojdkbuild\java-17-openjdk-17.0.3.0.6-1\bin\management_ext.dll
0x00007ffbad5c0000 - 0x00007ffbad5db000 	C:\Windows\SYSTEM32\CRYPTSP.dll
0x00007ffbacd60000 - 0x00007ffbacd95000 	C:\Windows\system32\rsaenh.dll
0x00007ffbad310000 - 0x00007ffbad33c000 	C:\Windows\SYSTEM32\USERENV.dll
0x00007ffbad5a0000 - 0x00007ffbad5ac000 	C:\Windows\SYSTEM32\CRYPTBASE.dll
0x00007ffbac890000 - 0x00007ffbac8bd000 	C:\Windows\SYSTEM32\IPHLPAPI.DLL
0x00007ffbaefa0000 - 0x00007ffbaefa9000 	C:\Windows\System32\NSI.dll
0x00007ffba5150000 - 0x00007ffba5169000 	C:\Windows\SYSTEM32\dhcpcsvc6.DLL
0x00007ffba4640000 - 0x00007ffba465f000 	C:\Windows\SYSTEM32\dhcpcsvc.DLL
0x00007ffbac8c0000 - 0x00007ffbac9b9000 	C:\Windows\SYSTEM32\DNSAPI.dll
0x00007ffb83450000 - 0x00007ffb8345d000 	D:\java\ojdkbuild\java-17-openjdk-17.0.3.0.6-1\bin\sunmscapi.dll
0x00007ffbadd10000 - 0x00007ffbade76000 	C:\Windows\System32\CRYPT32.dll
0x00007ffbad6d0000 - 0x00007ffbad6fe000 	C:\Windows\SYSTEM32\ncrypt.dll
0x00007ffbad690000 - 0x00007ffbad6c7000 	C:\Windows\SYSTEM32\NTASN1.dll
0x00007ffb9aa80000 - 0x00007ffb9aa88000 	C:\Windows\system32\wshunix.dll
0x00007ffb90f50000 - 0x00007ffb90f67000 	C:\Windows\system32\napinsp.dll
0x00007ffb90f30000 - 0x00007ffb90f4b000 	C:\Windows\system32\pnrpnsp.dll
0x00007ffb90f10000 - 0x00007ffb90f21000 	C:\Windows\System32\winrnr.dll
0x00007ffb9e1a0000 - 0x00007ffb9e1b5000 	C:\Windows\system32\wshbth.dll
0x00007ffb8dca0000 - 0x00007ffb8dcc1000 	C:\Windows\system32\nlansp_c.dll
0x00007ffb9b080000 - 0x00007ffb9b08a000 	C:\Windows\System32\rasadhlp.dll
0x00007ffb9bf40000 - 0x00007ffb9bfc3000 	C:\Windows\System32\fwpuclnt.dll
0x00007ffbace20000 - 0x00007ffbace54000 	C:\Windows\SYSTEM32\ntmarta.dll

dbghelp: loaded successfully - version: 4.0.5 - missing functions: none
symbol engine: initialized successfully - sym options: 0x614 - pdb path: .;D:\java\ojdkbuild\java-17-openjdk-17.0.3.0.6-1\bin;C:\Windows\SYSTEM32;C:\Windows\WinSxS\amd64_microsoft.windows.common-controls_6595b64144ccf1df_6.0.22621.2506_none_270c5ae97388e100;D:\java\ojdkbuild\java-17-openjdk-17.0.3.0.6-1\bin\server;C:\Users\11218\.gradle\native\68d5fa5c4cc2d200863cafc0d521ce42e7d3e7ee720ec0a83991735586a16f82\windows-amd64;C:\Users\11218\.gradle\native\e376f236ea51e6404a007f0833ffe2c6e607c4080706a723a18a27aeea778392\windows-amd64

VM Arguments:
jvm_args: --add-opens=java.base/java.util=ALL-UNNAMED --add-opens=java.base/java.lang=ALL-UNNAMED --add-opens=java.base/java.lang.invoke=ALL-UNNAMED --add-opens=java.prefs/java.util.prefs=ALL-UNNAMED --add-opens=java.base/java.nio.charset=ALL-UNNAMED --add-opens=java.base/java.net=ALL-UNNAMED --add-opens=java.base/java.util.concurrent.atomic=ALL-UNNAMED -Xmx2048m -Dfile.encoding=UTF-8 -Duser.country=CN -Duser.language=zh -Duser.variant 
java_command: org.gradle.launcher.daemon.bootstrap.GradleDaemon 8.0
java_class_path (initial): C:\Users\11218\.gradle\wrapper\dists\gradle-8.0-all\a2o1xoguejy6msdh0lk99lxza\gradle-8.0\lib\gradle-launcher-8.0.jar
Launcher Type: SUN_STANDARD

[Global flags]
     intx CICompilerCount                          = 2                                         {product} {ergonomic}
     uint ConcGCThreads                            = 1                                         {product} {ergonomic}
     uint G1ConcRefinementThreads                  = 2                                         {product} {ergonomic}
   size_t G1HeapRegionSize                         = 1048576                                   {product} {ergonomic}
    uintx GCDrainStackTargetSize                   = 64                                        {product} {ergonomic}
   size_t InitialHeapSize                          = 132120576                                 {product} {ergonomic}
   size_t MarkStackSize                            = 4194304                                   {product} {ergonomic}
   size_t MaxHeapSize                              = 2147483648                                {product} {command line}
   size_t MaxNewSize                               = 1287651328                                {product} {ergonomic}
   size_t MinHeapDeltaBytes                        = 1048576                                   {product} {ergonomic}
   size_t MinHeapSize                              = 8388608                                   {product} {ergonomic}
    uintx NonNMethodCodeHeapSize                   = 5826188                                {pd product} {ergonomic}
    uintx NonProfiledCodeHeapSize                  = 122916026                              {pd product} {ergonomic}
    uintx ProfiledCodeHeapSize                     = 122916026                              {pd product} {ergonomic}
    uintx ReservedCodeCacheSize                    = 251658240                              {pd product} {ergonomic}
     bool SegmentedCodeCache                       = true                                      {product} {ergonomic}
   size_t SoftMaxHeapSize                          = 2147483648                             {manageable} {ergonomic}
     bool UseCompressedClassPointers               = true                           {product lp64_product} {ergonomic}
     bool UseCompressedOops                        = true                           {product lp64_product} {ergonomic}
     bool UseG1GC                                  = true                                      {product} {ergonomic}
     bool UseLargePagesIndividualAllocation        = false                                  {pd product} {ergonomic}

Logging:
Log output configuration:
 #0: stdout all=warning uptime,level,tags
 #1: stderr all=off uptime,level,tags

Environment Variables:
JAVA_HOME=D:\java\ojdkbuild\java-17-openjdk-17.0.3.0.6-1
CLASSPATH=D:\androidLearning\AndroidStudioProjects\serviceTest1\\gradle\wrapper\gradle-wrapper.jar
PATH=C:\Users\11218\miniconda3\condabin;C:\Windows\system32;C:\Windows;C:\Windows\System32\Wbem;C:\Windows\System32\WindowsPowerShell\v1.0\;C:\Windows\System32\OpenSSH\;D:\powershell\powershell7;d:\python3.11;C:\Program Files\WinRAR;C:\Program Files\Microsoft Office\root\Office16;C:\Program Files\PuTTY\;C:\Users\11218\AppData\Local\Microsoft\WindowsApps;C:\Program Files\dotnet\;D:\mytools\MinGit-2.11.1.mingit.prerelease.4-64-bit\cmd;D:\mytools\MinGit-2.11.1.mingit.prerelease.4-64-bit\usr\bin;D:\mytools\WiresharkPortable64\App\Wireshark;D:\MYTOOLS\SPSS1\JRE\bin;D:\myPython\goods;D:\mytools\SPSS1;C:\Users\11218\AppData\Roaming\nvda\addons\NVBox\globalPlugins\nvbox\adb;d:\java\ojdkbuild\java-17-openjdk-17.0.3.0.6-1.jre\bin;C:\Program Files\Docker\Docker\resources\bin;d:\java\ojdkbuild\java-17-openjdk-17.0.3.0.6-1\bin;D:\androidLearning\gradle\gradle-8.0\bin;D:\java\ojdkbuild\java-17-openjdk-17.0.3.0.6-1\bin;D:/java/ojdkbuild/java-17-openjdk-17.0.3.0.6-1.jre\bin;D:/java/ojdkbuild/java-17-openjdk-17.0.3.0.6-1.jre\bin\server;D:\ANDROIDLEARNING\REVERSE;C:\Users\11218\AppData\Local\Programs\Python\Python311;D:\myPython\NVSrC;C:\Users\11218\.gradle\wrapper\dists\gradle-8.0-all\a2o1xoguejy6msdh0lk99lxza\gradle-8.0\bin;D:\androidLearning\REVERSE\jadx\bin;C:\Program Files\Cloudflare\Cloudflare WARP\;D:\mypython\nvsrc\py-3-11-32\Scripts\;D:\mypython\nvsrc\py-3-11-32\;C:\Users\11218\AppData\Local\Programs\Python\Python311\;C:\Users\11218\miniconda3;C:\Users\11218\miniconda3\Library\mingw-w64\bin;C:\Users\11218\miniconda3\Library\usr\bin;C:\Users\11218\miniconda3\Library\bin;C:\Users\11218\miniconda3\Scripts;C:\Users\11218\scoop\shims;C:\Users\11218\AppData\Local\Microsoft\WindowsApps;C:\Users\11218\AppData\Local\Programs\Microsoft VS Code\bin;D:\myPython\goods;C:\Users\11218\AppData\Local\Microsoft\WinGet\Links;C:\Users\11218\.dotnet\tools
USERNAME=Stranger
OS=Windows_NT
PROCESSOR_IDENTIFIER=Intel64 Family 6 Model 122 Stepping 8, GenuineIntel



---------------  S Y S T E M  ---------------

OS:
 Windows 11 , 64 bit Build 22621 (10.0.22621.3085)
OS uptime: 8 days 1:06 hours
Hyper-V role detected

CPU: total 2 (initial active 2) (2 cores per cpu, 1 threads per core) family 6 model 122 stepping 8 microcode 0x1a, cx8, cmov, fxsr, mmx, 3dnowpref, sse, sse2, sse3, ssse3, sse4.1, sse4.2, popcnt, tsc, tscinvbit, aes, erms, clmul, sha, clflush, clflushopt, hv

Memory: 4k page, system-wide physical 7995M (513M free)
TotalPageFile size 17099M (AvailPageFile size 98M)
current process WorkingSet (physical memory assigned to process): 505M, peak: 509M
current process commit charge ("private bytes"): 550M, peak: 696M

vm_info: OpenJDK 64-Bit Server VM (17.0.3+6-LTS) for windows-amd64 JRE (17.0.3+6-LTS), built on May  3 2022 21:26:56 by "" with MS VC++ 16.10 / 16.11 (VS2019)

END.
