#
# There is insufficient memory for the Java Runtime Environment to continue.
# Native memory allocation (malloc) failed to allocate 267296 bytes for Chunk::new
# Possible reasons:
#   The system is out of physical RAM or swap space
#   The process is running with CompressedOops enabled, and the Java Heap may be blocking the growth of the native heap
# Possible solutions:
#   Reduce memory load on the system
#   Increase physical memory or swap space
#   Check if swap backing store is full
#   Decrease Java heap size (-Xmx/-Xms)
#   Decrease number of Java threads
#   Decrease Java thread stack sizes (-Xss)
#   Set larger code cache with -XX:ReservedCodeCacheSize=
#   JVM is running with Unscaled Compressed Oops mode in which the Java heap is
#     placed in the first 4GB address space. The Java Heap base address is the
#     maximum limit for the native heap growth. Please use -XX:HeapBaseMinAddress
#     to set the Java Heap base and to place the Java Heap above 4GB virtual address.
# This output file may be truncated or incomplete.
#
#  Out of Memory Error (arena.cpp:189), pid=23544, tid=14364
#
# JRE version: OpenJDK Runtime Environment 21.9 (17.0.3+6) (build 17.0.3+6-LTS)
# Java VM: OpenJDK 64-Bit Server VM 21.9 (17.0.3+6-LTS, mixed mode, sharing, tiered, compressed oops, compressed class ptrs, g1 gc, windows-amd64)
# No core dump will be written. Minidumps are not enabled by default on client versions of Windows
#

---------------  S U M M A R Y ------------

Command Line: -Xmx64m -Xms64m -Dorg.gradle.appname=gradlew org.gradle.wrapper.GradleWrapperMain assemble

Host: Intel(R) Celeron(R) N4020 CPU @ 1.10GHz, 2 cores, 7G,  Windows 11 , 64 bit Build 22621 (10.0.22621.3235)
Time: Fri Mar 22 01:30:25 2024  Windows 11 , 64 bit Build 22621 (10.0.22621.3235) elapsed time: 74.847211 seconds (0d 0h 1m 14s)

---------------  T H R E A D  ---------------

Current thread (0x000001d521171ae0):  JavaThread "C2 CompilerThread0" daemon [_thread_in_native, id=14364, stack(0x0000000f9d300000,0x0000000f9d400000)]


Current CompileTask:
C2:  74847 1600 % !   4       java.io.BufferedReader::readLine @ 139 (327 bytes)

Stack: [0x0000000f9d300000,0x0000000f9d400000]
Native frames: (J=compiled Java code, j=interpreted, Vv=VM code, C=native code)
V  [jvm.dll+0x67720a]
V  [jvm.dll+0x832514]
V  [jvm.dll+0x833cbe]
V  [jvm.dll+0x834323]
V  [jvm.dll+0x245815]
V  [jvm.dll+0xabf1b]
V  [jvm.dll+0xac4ac]
V  [jvm.dll+0x2aca1f]
V  [jvm.dll+0x57e019]
V  [jvm.dll+0x22090d]
V  [jvm.dll+0x220cef]
V  [jvm.dll+0x21a5c5]
V  [jvm.dll+0x217a8b]
V  [jvm.dll+0x1a400d]
V  [jvm.dll+0x227508]
V  [jvm.dll+0x22565c]
V  [jvm.dll+0x7e7d5c]
V  [jvm.dll+0x7e230a]
V  [jvm.dll+0x676095]
C  [ucrtbase.dll+0x29363]
C  [KERNEL32.DLL+0x1257d]
C  [ntdll.dll+0x5aa58]


---------------  P R O C E S S  ---------------

Threads class SMR info:
_java_thread_list=0x000001d5228be760, length=15, elements={
0x000001d5084731d0, 0x000001d521144190, 0x000001d5211457a0, 0x000001d52116cd30,
0x000001d52116d8e0, 0x000001d5211703a0, 0x000001d521170d50, 0x000001d521171ae0,
0x000001d5211c7ac0, 0x000001d5211d3330, 0x000001d521c2b150, 0x000001d521c318e0,
0x000001d5227fe9c0, 0x000001d5225db5f0, 0x000001d522629a60
}

Java Threads: ( => current thread )
  0x000001d5084731d0 JavaThread "main" [_thread_in_vm, id=15952, stack(0x0000000f9c600000,0x0000000f9c700000)]
  0x000001d521144190 JavaThread "Reference Handler" daemon [_thread_blocked, id=19024, stack(0x0000000f9cd00000,0x0000000f9ce00000)]
  0x000001d5211457a0 JavaThread "Finalizer" daemon [_thread_blocked, id=16120, stack(0x0000000f9ce00000,0x0000000f9cf00000)]
  0x000001d52116cd30 JavaThread "Signal Dispatcher" daemon [_thread_blocked, id=21824, stack(0x0000000f9cf00000,0x0000000f9d000000)]
  0x000001d52116d8e0 JavaThread "Attach Listener" daemon [_thread_blocked, id=12656, stack(0x0000000f9d000000,0x0000000f9d100000)]
  0x000001d5211703a0 JavaThread "Service Thread" daemon [_thread_blocked, id=14852, stack(0x0000000f9d100000,0x0000000f9d200000)]
  0x000001d521170d50 JavaThread "Monitor Deflation Thread" daemon [_thread_blocked, id=16896, stack(0x0000000f9d200000,0x0000000f9d300000)]
=>0x000001d521171ae0 JavaThread "C2 CompilerThread0" daemon [_thread_in_native, id=14364, stack(0x0000000f9d300000,0x0000000f9d400000)]
  0x000001d5211c7ac0 JavaThread "C1 CompilerThread0" daemon [_thread_blocked, id=9448, stack(0x0000000f9d400000,0x0000000f9d500000)]
  0x000001d5211d3330 JavaThread "Sweeper thread" daemon [_thread_blocked, id=21820, stack(0x0000000f9d500000,0x0000000f9d600000)]
  0x000001d521c2b150 JavaThread "Notification Thread" daemon [_thread_blocked, id=16456, stack(0x0000000f9d600000,0x0000000f9d700000)]
  0x000001d521c318e0 JavaThread "Common-Cleaner" daemon [_thread_blocked, id=13276, stack(0x0000000f9d800000,0x0000000f9d900000)]
  0x000001d5227fe9c0 JavaThread "pool-1-thread-1" [_thread_blocked, id=17412, stack(0x0000000f9da00000,0x0000000f9db00000)]
  0x000001d5225db5f0 JavaThread "DisconnectableInputStream source reader" daemon [_thread_in_native, id=23280, stack(0x0000000f9dc00000,0x0000000f9dd00000)]
  0x000001d522629a60 JavaThread "Forward input" [_thread_blocked, id=22824, stack(0x0000000f9dd00000,0x0000000f9de00000)]

Other Threads:
  0x000001d52113cfd0 VMThread "VM Thread" [stack: 0x0000000f9cc00000,0x0000000f9cd00000] [id=17116]
  0x000001d521c2d630 WatcherThread [stack: 0x0000000f9d700000,0x0000000f9d800000] [id=17068]
  0x000001d508492890 GCTaskThread "GC Thread#0" [stack: 0x0000000f9c700000,0x0000000f9c800000] [id=18416]
  0x000001d521e990c0 GCTaskThread "GC Thread#1" [stack: 0x0000000f9d900000,0x0000000f9da00000] [id=17676]
  0x000001d508493fd0 ConcurrentGCThread "G1 Main Marker" [stack: 0x0000000f9c800000,0x0000000f9c900000] [id=22072]
  0x000001d508495180 ConcurrentGCThread "G1 Conc#0" [stack: 0x0000000f9c900000,0x0000000f9ca00000] [id=6428]
  0x000001d5084d9540 ConcurrentGCThread "G1 Refine#0" [stack: 0x0000000f9ca00000,0x0000000f9cb00000] [id=15188]
  0x000001d5084da700 ConcurrentGCThread "G1 Service" [stack: 0x0000000f9cb00000,0x0000000f9cc00000] [id=212]

Threads with active compile tasks:
C2 CompilerThread0    74909 1600 % !   4       java.io.BufferedReader::readLine @ 139 (327 bytes)
C1 CompilerThread0    74909 1610       3       java.lang.StringBuilder::append (8 bytes)

VM state: not at safepoint (normal execution)

VM Mutex/Monitor currently owned by a thread: None

Heap address: 0x00000000fc000000, size: 64 MB, Compressed Oops mode: 32-bit

CDS archive(s) mapped at: [0x0000000800000000-0x0000000800bc0000-0x0000000800bc0000), size 12320768, SharedBaseAddress: 0x0000000800000000, ArchiveRelocationMode: 0.
Compressed class space mapped at: 0x0000000800c00000-0x0000000840c00000, reserved size: 1073741824
Narrow klass base: 0x0000000800000000, Narrow klass shift: 0, Narrow klass range: 0x100000000

GC Precious Log:
 CPUs: 2 total, 2 available
 Memory: 7995M
 Large Page Support: Disabled
 NUMA Support: Disabled
 Compressed Oops: Enabled (32-bit)
 Heap Region Size: 1M
 Heap Min Capacity: 64M
 Heap Initial Capacity: 64M
 Heap Max Capacity: 64M
 Pre-touch: Disabled
 Parallel Workers: 2
 Concurrent Workers: 1
 Concurrent Refinement Workers: 2
 Periodic GC: Disabled

Heap:
 garbage-first heap   total 65536K, used 15653K [0x00000000fc000000, 0x0000000100000000)
  region size 1024K, 6 young (6144K), 1 survivors (1024K)
 Metaspace       used 8830K, committed 8960K, reserved 1056768K
  class space    used 1162K, committed 1216K, reserved 1048576K

Heap Regions: E=young(eden), S=young(survivor), O=old, HS=humongous(starts), HC=humongous(continues), CS=collection set, F=free, OA=open archive, CA=closed archive, TAMS=top-at-mark-start (previous, next)
|   0|0x00000000fc000000, 0x00000000fc100000, 0x00000000fc100000|100%| O|  |TAMS 0x00000000fc000000, 0x00000000fc000000| Untracked 
|   1|0x00000000fc100000, 0x00000000fc200000, 0x00000000fc200000|100%| O|  |TAMS 0x00000000fc100000, 0x00000000fc100000| Untracked 
|   2|0x00000000fc200000, 0x00000000fc300000, 0x00000000fc300000|100%|HS|  |TAMS 0x00000000fc200000, 0x00000000fc200000| Complete 
|   3|0x00000000fc300000, 0x00000000fc400000, 0x00000000fc400000|100%|HC|  |TAMS 0x00000000fc300000, 0x00000000fc300000| Complete 
|   4|0x00000000fc400000, 0x00000000fc500000, 0x00000000fc500000|100%|HC|  |TAMS 0x00000000fc400000, 0x00000000fc400000| Complete 
|   5|0x00000000fc500000, 0x00000000fc600000, 0x00000000fc600000|100%|HC|  |TAMS 0x00000000fc500000, 0x00000000fc500000| Complete 
|   6|0x00000000fc600000, 0x00000000fc700000, 0x00000000fc700000|100%| O|  |TAMS 0x00000000fc600000, 0x00000000fc600000| Untracked 
|   7|0x00000000fc700000, 0x00000000fc800000, 0x00000000fc800000|100%| O|  |TAMS 0x00000000fc700000, 0x00000000fc700000| Untracked 
|   8|0x00000000fc800000, 0x00000000fc900000, 0x00000000fc900000|100%| O|  |TAMS 0x00000000fc800000, 0x00000000fc800000| Untracked 
|   9|0x00000000fc900000, 0x00000000fca00000, 0x00000000fca00000|100%| O|  |TAMS 0x00000000fc900000, 0x00000000fc900000| Untracked 
|  10|0x00000000fca00000, 0x00000000fca6c600, 0x00000000fcb00000| 42%| O|  |TAMS 0x00000000fca00000, 0x00000000fca00000| Untracked 
|  11|0x00000000fcb00000, 0x00000000fcb00000, 0x00000000fcc00000|  0%| F|  |TAMS 0x00000000fcb00000, 0x00000000fcb00000| Untracked 
|  12|0x00000000fcc00000, 0x00000000fcc00000, 0x00000000fcd00000|  0%| F|  |TAMS 0x00000000fcc00000, 0x00000000fcc00000| Untracked 
|  13|0x00000000fcd00000, 0x00000000fcd00000, 0x00000000fce00000|  0%| F|  |TAMS 0x00000000fcd00000, 0x00000000fcd00000| Untracked 
|  14|0x00000000fce00000, 0x00000000fce00000, 0x00000000fcf00000|  0%| F|  |TAMS 0x00000000fce00000, 0x00000000fce00000| Untracked 
|  15|0x00000000fcf00000, 0x00000000fcf00000, 0x00000000fd000000|  0%| F|  |TAMS 0x00000000fcf00000, 0x00000000fcf00000| Untracked 
|  16|0x00000000fd000000, 0x00000000fd000000, 0x00000000fd100000|  0%| F|  |TAMS 0x00000000fd000000, 0x00000000fd000000| Untracked 
|  17|0x00000000fd100000, 0x00000000fd100000, 0x00000000fd200000|  0%| F|  |TAMS 0x00000000fd100000, 0x00000000fd100000| Untracked 
|  18|0x00000000fd200000, 0x00000000fd200000, 0x00000000fd300000|  0%| F|  |TAMS 0x00000000fd200000, 0x00000000fd200000| Untracked 
|  19|0x00000000fd300000, 0x00000000fd300000, 0x00000000fd400000|  0%| F|  |TAMS 0x00000000fd300000, 0x00000000fd300000| Untracked 
|  20|0x00000000fd400000, 0x00000000fd400000, 0x00000000fd500000|  0%| F|  |TAMS 0x00000000fd400000, 0x00000000fd400000| Untracked 
|  21|0x00000000fd500000, 0x00000000fd500000, 0x00000000fd600000|  0%| F|  |TAMS 0x00000000fd500000, 0x00000000fd500000| Untracked 
|  22|0x00000000fd600000, 0x00000000fd600000, 0x00000000fd700000|  0%| F|  |TAMS 0x00000000fd600000, 0x00000000fd600000| Untracked 
|  23|0x00000000fd700000, 0x00000000fd700000, 0x00000000fd800000|  0%| F|  |TAMS 0x00000000fd700000, 0x00000000fd700000| Untracked 
|  24|0x00000000fd800000, 0x00000000fd800000, 0x00000000fd900000|  0%| F|  |TAMS 0x00000000fd800000, 0x00000000fd800000| Untracked 
|  25|0x00000000fd900000, 0x00000000fd900000, 0x00000000fda00000|  0%| F|  |TAMS 0x00000000fd900000, 0x00000000fd900000| Untracked 
|  26|0x00000000fda00000, 0x00000000fda00000, 0x00000000fdb00000|  0%| F|  |TAMS 0x00000000fda00000, 0x00000000fda00000| Untracked 
|  27|0x00000000fdb00000, 0x00000000fdb00000, 0x00000000fdc00000|  0%| F|  |TAMS 0x00000000fdb00000, 0x00000000fdb00000| Untracked 
|  28|0x00000000fdc00000, 0x00000000fdc00000, 0x00000000fdd00000|  0%| F|  |TAMS 0x00000000fdc00000, 0x00000000fdc00000| Untracked 
|  29|0x00000000fdd00000, 0x00000000fdd00000, 0x00000000fde00000|  0%| F|  |TAMS 0x00000000fdd00000, 0x00000000fdd00000| Untracked 
|  30|0x00000000fde00000, 0x00000000fde00000, 0x00000000fdf00000|  0%| F|  |TAMS 0x00000000fde00000, 0x00000000fde00000| Untracked 
|  31|0x00000000fdf00000, 0x00000000fdf00000, 0x00000000fe000000|  0%| F|  |TAMS 0x00000000fdf00000, 0x00000000fdf00000| Untracked 
|  32|0x00000000fe000000, 0x00000000fe000000, 0x00000000fe100000|  0%| F|  |TAMS 0x00000000fe000000, 0x00000000fe000000| Untracked 
|  33|0x00000000fe100000, 0x00000000fe100000, 0x00000000fe200000|  0%| F|  |TAMS 0x00000000fe100000, 0x00000000fe100000| Untracked 
|  34|0x00000000fe200000, 0x00000000fe200000, 0x00000000fe300000|  0%| F|  |TAMS 0x00000000fe200000, 0x00000000fe200000| Untracked 
|  35|0x00000000fe300000, 0x00000000fe300000, 0x00000000fe400000|  0%| F|  |TAMS 0x00000000fe300000, 0x00000000fe300000| Untracked 
|  36|0x00000000fe400000, 0x00000000fe400000, 0x00000000fe500000|  0%| F|  |TAMS 0x00000000fe400000, 0x00000000fe400000| Untracked 
|  37|0x00000000fe500000, 0x00000000fe500000, 0x00000000fe600000|  0%| F|  |TAMS 0x00000000fe500000, 0x00000000fe500000| Untracked 
|  38|0x00000000fe600000, 0x00000000fe600000, 0x00000000fe700000|  0%| F|  |TAMS 0x00000000fe600000, 0x00000000fe600000| Untracked 
|  39|0x00000000fe700000, 0x00000000fe700000, 0x00000000fe800000|  0%| F|  |TAMS 0x00000000fe700000, 0x00000000fe700000| Untracked 
|  40|0x00000000fe800000, 0x00000000fe800000, 0x00000000fe900000|  0%| F|  |TAMS 0x00000000fe800000, 0x00000000fe800000| Untracked 
|  41|0x00000000fe900000, 0x00000000fe900000, 0x00000000fea00000|  0%| F|  |TAMS 0x00000000fe900000, 0x00000000fe900000| Untracked 
|  42|0x00000000fea00000, 0x00000000fea00000, 0x00000000feb00000|  0%| F|  |TAMS 0x00000000fea00000, 0x00000000fea00000| Untracked 
|  43|0x00000000feb00000, 0x00000000feb00000, 0x00000000fec00000|  0%| F|  |TAMS 0x00000000feb00000, 0x00000000feb00000| Untracked 
|  44|0x00000000fec00000, 0x00000000fec00000, 0x00000000fed00000|  0%| F|  |TAMS 0x00000000fec00000, 0x00000000fec00000| Untracked 
|  45|0x00000000fed00000, 0x00000000fed00000, 0x00000000fee00000|  0%| F|  |TAMS 0x00000000fed00000, 0x00000000fed00000| Untracked 
|  46|0x00000000fee00000, 0x00000000fee00000, 0x00000000fef00000|  0%| F|  |TAMS 0x00000000fee00000, 0x00000000fee00000| Untracked 
|  47|0x00000000fef00000, 0x00000000fef00000, 0x00000000ff000000|  0%| F|  |TAMS 0x00000000fef00000, 0x00000000fef00000| Untracked 
|  48|0x00000000ff000000, 0x00000000ff0dcfe8, 0x00000000ff100000| 86%| S|CS|TAMS 0x00000000ff000000, 0x00000000ff000000| Complete 
|  49|0x00000000ff100000, 0x00000000ff100000, 0x00000000ff200000|  0%| F|  |TAMS 0x00000000ff100000, 0x00000000ff100000| Untracked 
|  50|0x00000000ff200000, 0x00000000ff200000, 0x00000000ff300000|  0%| F|  |TAMS 0x00000000ff200000, 0x00000000ff200000| Untracked 
|  51|0x00000000ff300000, 0x00000000ff300000, 0x00000000ff400000|  0%| F|  |TAMS 0x00000000ff300000, 0x00000000ff300000| Untracked 
|  52|0x00000000ff400000, 0x00000000ff400000, 0x00000000ff500000|  0%| F|  |TAMS 0x00000000ff400000, 0x00000000ff400000| Untracked 
|  53|0x00000000ff500000, 0x00000000ff500000, 0x00000000ff600000|  0%| F|  |TAMS 0x00000000ff500000, 0x00000000ff500000| Untracked 
|  54|0x00000000ff600000, 0x00000000ff600000, 0x00000000ff700000|  0%| F|  |TAMS 0x00000000ff600000, 0x00000000ff600000| Untracked 
|  55|0x00000000ff700000, 0x00000000ff700000, 0x00000000ff800000|  0%| F|  |TAMS 0x00000000ff700000, 0x00000000ff700000| Untracked 
|  56|0x00000000ff800000, 0x00000000ff800000, 0x00000000ff900000|  0%| F|  |TAMS 0x00000000ff800000, 0x00000000ff800000| Untracked 
|  57|0x00000000ff900000, 0x00000000ff900000, 0x00000000ffa00000|  0%| F|  |TAMS 0x00000000ff900000, 0x00000000ff900000| Untracked 
|  58|0x00000000ffa00000, 0x00000000ffa00000, 0x00000000ffb00000|  0%| F|  |TAMS 0x00000000ffa00000, 0x00000000ffa00000| Untracked 
|  59|0x00000000ffb00000, 0x00000000ffb80800, 0x00000000ffc00000| 50%| E|  |TAMS 0x00000000ffb00000, 0x00000000ffb00000| Complete 
|  60|0x00000000ffc00000, 0x00000000ffd00000, 0x00000000ffd00000|100%| E|CS|TAMS 0x00000000ffc00000, 0x00000000ffc00000| Complete 
|  61|0x00000000ffd00000, 0x00000000ffe00000, 0x00000000ffe00000|100%| E|CS|TAMS 0x00000000ffd00000, 0x00000000ffd00000| Complete 
|  62|0x00000000ffe00000, 0x00000000fff00000, 0x00000000fff00000|100%| E|CS|TAMS 0x00000000ffe00000, 0x00000000ffe00000| Complete 
|  63|0x00000000fff00000, 0x0000000100000000, 0x0000000100000000|100%| E|CS|TAMS 0x00000000fff00000, 0x00000000fff00000| Complete 

Card table byte_map: [0x000001d506430000,0x000001d506450000] _byte_map_base: 0x000001d505c50000

Marking Bits (Prev, Next): (CMBitMap*) 0x000001d508492ea0, (CMBitMap*) 0x000001d508492ee0
 Prev Bits: [0x000001d508040000, 0x000001d508140000)
 Next Bits: [0x000001d508140000, 0x000001d508240000)

Polling page: 0x000001d5063e0000

Metaspace:

Usage:
  Non-class:      7.49 MB used.
      Class:      1.14 MB used.
       Both:      8.63 MB used.

Virtual space:
  Non-class space:        8.00 MB reserved,       7.56 MB ( 95%) committed,  1 nodes.
      Class space:        1.00 GB reserved,       1.19 MB ( <1%) committed,  1 nodes.
             Both:        1.01 GB reserved,       8.75 MB ( <1%) committed. 

Chunk freelists:
   Non-Class:  70.00 KB
       Class:  2.64 MB
        Both:  2.71 MB

MaxMetaspaceSize: unlimited
CompressedClassSpaceSize: 1.00 GB
Initial GC threshold: 21.00 MB
Current GC threshold: 21.00 MB
CDS: on
MetaspaceReclaimPolicy: balanced
 - commit_granule_bytes: 65536.
 - commit_granule_words: 8192.
 - virtual_space_node_default_size: 1048576.
 - enlarge_chunks_in_place: 1.
 - new_chunks_are_fully_committed: 0.
 - uncommit_free_chunks: 1.
 - use_allocation_guard: 0.
 - handle_deallocations: 1.


Internal statistics:

num_allocs_failed_limit: 0.
num_arena_births: 78.
num_arena_deaths: 0.
num_vsnodes_births: 2.
num_vsnodes_deaths: 0.
num_space_committed: 140.
num_space_uncommitted: 0.
num_chunks_returned_to_freelist: 0.
num_chunks_taken_from_freelist: 325.
num_chunk_merges: 0.
num_chunk_splits: 212.
num_chunks_enlarged: 173.
num_purges: 0.
num_inconsistent_stats: 0.

CodeHeap 'non-profiled nmethods': size=120064Kb used=546Kb max_used=546Kb free=119517Kb
 bounds [0x000001d517a10000, 0x000001d517c80000, 0x000001d51ef50000]
CodeHeap 'profiled nmethods': size=120000Kb used=3087Kb max_used=3087Kb free=116912Kb
 bounds [0x000001d5104e0000, 0x000001d5107f0000, 0x000001d517a10000]
CodeHeap 'non-nmethods': size=5696Kb used=1168Kb max_used=1182Kb free=4527Kb
 bounds [0x000001d50ff50000, 0x000001d5101c0000, 0x000001d5104e0000]
 total_blobs=2075 nmethods=1607 adapters=382
 compilation: enabled
              stopped_count=0, restarted_count=0
 full_count=0

Compilation events (20 events):
Event: 69.513 Thread 0x000001d5211c7ac0 nmethod 1595 0x000001d5107dc110 code [0x000001d5107dc3a0, 0x000001d5107dd3d8]
Event: 69.513 Thread 0x000001d5211c7ac0 1596       1       sun.nio.ch.SelectionKeyImpl::nioReadyOps (6 bytes)
Event: 69.514 Thread 0x000001d5211c7ac0 nmethod 1596 0x000001d517a98090 code [0x000001d517a98220, 0x000001d517a982f8]
Event: 71.765 Thread 0x000001d5211c7ac0 1597       3       org.fusesource.jansi.Ansi::_appendEscapeSequence (83 bytes)
Event: 71.766 Thread 0x000001d5211c7ac0 nmethod 1597 0x000001d5107dda90 code [0x000001d5107ddce0, 0x000001d5107de498]
Event: 73.375 Thread 0x000001d5211c7ac0 1598       3       org.gradle.internal.logging.console.ProgressBar::fill (34 bytes)
Event: 73.375 Thread 0x000001d5211c7ac0 nmethod 1598 0x000001d5107de890 code [0x000001d5107dea40, 0x000001d5107ded48]
Event: 74.826 Thread 0x000001d5211c7ac0 1599       1       java.util.LinkedList::size (5 bytes)
Event: 74.826 Thread 0x000001d5211c7ac0 nmethod 1599 0x000001d517a98390 code [0x000001d517a98520, 0x000001d517a985f8]
Event: 74.827 Thread 0x000001d521171ae0 1600 % !   4       java.io.BufferedReader::readLine @ 139 (327 bytes)
Event: 74.828 Thread 0x000001d5211c7ac0 1601       3       java.util.LinkedList::checkPositionIndex (22 bytes)
Event: 74.828 Thread 0x000001d5211c7ac0 nmethod 1601 0x000001d5107dee90 code [0x000001d5107df0e0, 0x000001d5107df848]
Event: 74.829 Thread 0x000001d5211c7ac0 1602       3       java.util.LinkedList::node (65 bytes)
Event: 74.829 Thread 0x000001d5211c7ac0 nmethod 1602 0x000001d5107dfb90 code [0x000001d5107dfd40, 0x000001d5107e0018]
Event: 74.829 Thread 0x000001d5211c7ac0 1604       3       org.gradle.util.internal.LimitedDescription::append (33 bytes)
Event: 74.830 Thread 0x000001d5211c7ac0 nmethod 1604 0x000001d5107e0190 code [0x000001d5107e03e0, 0x000001d5107e0b68]
Event: 74.831 Thread 0x000001d5211c7ac0 1605       3       java.util.LinkedList::linkBefore (63 bytes)
Event: 74.832 Thread 0x000001d5211c7ac0 nmethod 1605 0x000001d5107e0e90 code [0x000001d5107e1060, 0x000001d5107e1518]
Event: 74.832 Thread 0x000001d5211c7ac0 1606       3       java.util.LinkedList::unlinkLast (64 bytes)
Event: 74.832 Thread 0x000001d5211c7ac0 nmethod 1606 0x000001d5107e1690 code [0x000001d5107e1840, 0x000001d5107e1ad8]

GC Heap History (8 events):
Event: 1.213 GC heap before
{Heap before GC invocations=0 (full 0):
 garbage-first heap   total 65536K, used 5120K [0x00000000fc000000, 0x0000000100000000)
  region size 1024K, 6 young (6144K), 0 survivors (0K)
 Metaspace       used 1669K, committed 1792K, reserved 1056768K
  class space    used 161K, committed 192K, reserved 1048576K
}
Event: 1.218 GC heap after
{Heap after GC invocations=1 (full 0):
 garbage-first heap   total 65536K, used 1897K [0x00000000fc000000, 0x0000000100000000)
  region size 1024K, 1 young (1024K), 1 survivors (1024K)
 Metaspace       used 1669K, committed 1792K, reserved 1056768K
  class space    used 161K, committed 192K, reserved 1048576K
}
Event: 1.562 GC heap before
{Heap before GC invocations=1 (full 0):
 garbage-first heap   total 65536K, used 5993K [0x00000000fc000000, 0x0000000100000000)
  region size 1024K, 6 young (6144K), 1 survivors (1024K)
 Metaspace       used 1740K, committed 1856K, reserved 1056768K
  class space    used 161K, committed 192K, reserved 1048576K
}
Event: 1.566 GC heap after
{Heap after GC invocations=2 (full 0):
 garbage-first heap   total 65536K, used 2144K [0x00000000fc000000, 0x0000000100000000)
  region size 1024K, 1 young (1024K), 1 survivors (1024K)
 Metaspace       used 1740K, committed 1856K, reserved 1056768K
  class space    used 161K, committed 192K, reserved 1048576K
}
Event: 2.875 GC heap before
{Heap before GC invocations=2 (full 0):
 garbage-first heap   total 65536K, used 16480K [0x00000000fc000000, 0x0000000100000000)
  region size 1024K, 12 young (12288K), 1 survivors (1024K)
 Metaspace       used 3695K, committed 3840K, reserved 1056768K
  class space    used 455K, committed 512K, reserved 1048576K
}
Event: 2.884 GC heap after
{Heap after GC invocations=3 (full 0):
 garbage-first heap   total 65536K, used 10810K [0x00000000fc000000, 0x0000000100000000)
  region size 1024K, 2 young (2048K), 2 survivors (2048K)
 Metaspace       used 3695K, committed 3840K, reserved 1056768K
  class space    used 455K, committed 512K, reserved 1048576K
}
Event: 4.544 GC heap before
{Heap before GC invocations=3 (full 0):
 garbage-first heap   total 65536K, used 24122K [0x00000000fc000000, 0x0000000100000000)
  region size 1024K, 15 young (15360K), 2 survivors (2048K)
 Metaspace       used 7716K, committed 7936K, reserved 1056768K
  class space    used 1052K, committed 1152K, reserved 1048576K
}
Event: 4.551 GC heap after
{Heap after GC invocations=4 (full 0):
 garbage-first heap   total 65536K, used 11557K [0x00000000fc000000, 0x0000000100000000)
  region size 1024K, 1 young (1024K), 1 survivors (1024K)
 Metaspace       used 7716K, committed 7936K, reserved 1056768K
  class space    used 1052K, committed 1152K, reserved 1048576K
}

Deoptimization events (20 events):
Event: 74.841 Thread 0x000001d5084731d0 DEOPT PACKING pc=0x000001d5107d067e sp=0x0000000f9c6fc380
Event: 74.841 Thread 0x000001d5084731d0 DEOPT UNPACKING pc=0x000001d50ffa2b24 sp=0x0000000f9c6fb7f0 mode 0
Event: 74.841 Thread 0x000001d5084731d0 DEOPT PACKING pc=0x000001d5107d067e sp=0x0000000f9c6fc380
Event: 74.841 Thread 0x000001d5084731d0 DEOPT UNPACKING pc=0x000001d50ffa2b24 sp=0x0000000f9c6fb7f0 mode 0
Event: 74.841 Thread 0x000001d5084731d0 DEOPT PACKING pc=0x000001d5107d067e sp=0x0000000f9c6fc380
Event: 74.841 Thread 0x000001d5084731d0 DEOPT UNPACKING pc=0x000001d50ffa2b24 sp=0x0000000f9c6fb7f0 mode 0
Event: 74.841 Thread 0x000001d5084731d0 DEOPT PACKING pc=0x000001d5107d067e sp=0x0000000f9c6fc380
Event: 74.841 Thread 0x000001d5084731d0 DEOPT UNPACKING pc=0x000001d50ffa2b24 sp=0x0000000f9c6fb7f0 mode 0
Event: 74.842 Thread 0x000001d5084731d0 DEOPT PACKING pc=0x000001d5107d067e sp=0x0000000f9c6fc380
Event: 74.842 Thread 0x000001d5084731d0 DEOPT UNPACKING pc=0x000001d50ffa2b24 sp=0x0000000f9c6fb7f0 mode 0
Event: 74.842 Thread 0x000001d5084731d0 DEOPT PACKING pc=0x000001d5107d067e sp=0x0000000f9c6fc380
Event: 74.842 Thread 0x000001d5084731d0 DEOPT UNPACKING pc=0x000001d50ffa2b24 sp=0x0000000f9c6fb7f0 mode 0
Event: 74.843 Thread 0x000001d5084731d0 DEOPT PACKING pc=0x000001d5107d067e sp=0x0000000f9c6fc380
Event: 74.843 Thread 0x000001d5084731d0 DEOPT UNPACKING pc=0x000001d50ffa2b24 sp=0x0000000f9c6fb7f0 mode 0
Event: 74.843 Thread 0x000001d5084731d0 DEOPT PACKING pc=0x000001d5107d067e sp=0x0000000f9c6fc380
Event: 74.843 Thread 0x000001d5084731d0 DEOPT UNPACKING pc=0x000001d50ffa2b24 sp=0x0000000f9c6fb7f0 mode 0
Event: 74.844 Thread 0x000001d5084731d0 DEOPT PACKING pc=0x000001d5107d067e sp=0x0000000f9c6fc380
Event: 74.844 Thread 0x000001d5084731d0 DEOPT UNPACKING pc=0x000001d50ffa2b24 sp=0x0000000f9c6fb7f0 mode 0
Event: 74.844 Thread 0x000001d5084731d0 DEOPT PACKING pc=0x000001d5107d067e sp=0x0000000f9c6fc380
Event: 74.844 Thread 0x000001d5084731d0 DEOPT UNPACKING pc=0x000001d50ffa2b24 sp=0x0000000f9c6fb7f0 mode 0

Classes unloaded (0 events):
No events

Classes redefined (0 events):
No events

Internal exceptions (19 events):
Event: 0.884 Thread 0x000001d5084731d0 Exception <a 'java/lang/NoSuchMethodError'{0x00000000ffc715e0}: 'int java.lang.invoke.DirectMethodHandle$Holder.invokeStaticInit(java.lang.Object, java.lang.Object)'> (0x00000000ffc715e0) 
thrown [d:\a\1\s\lookaside\java-17-openjdk\src\hotspot\share\interpreter\linkResolver.cpp, line 766]
Event: 2.645 Thread 0x000001d5084731d0 Exception <a 'java/lang/NoSuchMethodError'{0x00000000ff5a43e0}: 'void java.lang.invoke.DirectMethodHandle$Holder.invokeStatic(java.lang.Object, java.lang.Object)'> (0x00000000ff5a43e0) 
thrown [d:\a\1\s\lookaside\java-17-openjdk\src\hotspot\share\interpreter\linkResolver.cpp, line 766]
Event: 2.728 Thread 0x000001d5084731d0 Exception <a 'java/lang/NoClassDefFoundError'{0x00000000ff4291f8}: org/slf4j/impl/StaticMarkerBinder> (0x00000000ff4291f8) 
thrown [d:\a\1\s\lookaside\java-17-openjdk\src\hotspot\share\classfile\systemDictionary.cpp, line 245]
Event: 2.797 Thread 0x000001d5084731d0 Exception <a 'java/lang/NoSuchMethodError'{0x00000000ff4c4fb0}: 'java.lang.Object java.lang.invoke.DirectMethodHandle$Holder.invokeVirtual(java.lang.Object, java.lang.Object, java.lang.Object, java.lang.Object, java.lang.Object, java.lang.Object, java.lang.Object)'> (0x00000000ff4c4fb0) 
thrown [d:\a\1\s\lookaside\java-17-openjdk\src\hotspot\share\interpreter\linkResolver.cpp, line 766]
Event: 2.818 Thread 0x000001d5084731d0 Exception <a 'java/lang/NoSuchMethodError'{0x00000000ff4d6570}: 'java.lang.Object java.lang.invoke.Invokers$Holder.invoker(java.lang.Object, java.lang.Object, java.lang.Object)'> (0x00000000ff4d6570) 
thrown [d:\a\1\s\lookaside\java-17-openjdk\src\hotspot\share\interpreter\linkResolver.cpp, line 766]
Event: 2.829 Thread 0x000001d5084731d0 Exception <a 'java/lang/NoSuchMethodError'{0x00000000ff4df6c8}: 'java.lang.Object java.lang.invoke.DirectMethodHandle$Holder.invokeStatic(java.lang.Object, java.lang.Object, int)'> (0x00000000ff4df6c8) 
thrown [d:\a\1\s\lookaside\java-17-openjdk\src\hotspot\share\interpreter\linkResolver.cpp, line 766]
Event: 2.856 Thread 0x000001d5084731d0 Exception <a 'java/lang/NoSuchMethodError'{0x00000000ff4eb6b8}: 'void java.lang.invoke.DelegatingMethodHandle$Holder.delegate(java.lang.Object, java.lang.Object, int, java.lang.Object)'> (0x00000000ff4eb6b8) 
thrown [d:\a\1\s\lookaside\java-17-openjdk\src\hotspot\share\interpreter\linkResolver.cpp, line 766]
Event: 2.857 Thread 0x000001d5084731d0 Exception <a 'java/lang/NoSuchMethodError'{0x00000000ff4ef800}: 'int java.lang.invoke.DirectMethodHandle$Holder.invokeSpecial(java.lang.Object, java.lang.Object, java.lang.Object)'> (0x00000000ff4ef800) 
thrown [d:\a\1\s\lookaside\java-17-openjdk\src\hotspot\share\interpreter\linkResolver.cpp, line 766]
Event: 2.890 Thread 0x000001d5084731d0 Exception <a 'java/lang/NoSuchMethodError'{0x00000000fff02f90}: 'java.lang.Object java.lang.invoke.Invokers$Holder.invokeExact_MT(java.lang.Object, java.lang.Object, java.lang.Object, java.lang.Object)'> (0x00000000fff02f90) 
thrown [d:\a\1\s\lookaside\java-17-openjdk\src\hotspot\share\interpreter\linkResolver.cpp, line 766]
Event: 3.349 Thread 0x000001d5084731d0 Exception <a 'java/lang/NoSuchMethodError'{0x00000000ffae1678}: 'void java.lang.invoke.DirectMethodHandle$Holder.invokeSpecial(java.lang.Object, java.lang.Object, java.lang.Object)'> (0x00000000ffae1678) 
thrown [d:\a\1\s\lookaside\java-17-openjdk\src\hotspot\share\interpreter\linkResolver.cpp, line 766]
Event: 3.432 Thread 0x000001d5084731d0 Implicit null exception at 0x000001d517a5980a to 0x000001d517a59d38
Event: 3.432 Thread 0x000001d5084731d0 Implicit null exception at 0x000001d517a4ae0d to 0x000001d517a4b340
Event: 3.493 Thread 0x000001d5084731d0 Exception <a 'java/lang/NoSuchMethodError'{0x00000000ff84d2a8}: 'java.lang.Object java.lang.invoke.DirectMethodHandle$Holder.invokeStaticInit(java.lang.Object)'> (0x00000000ff84d2a8) 
thrown [d:\a\1\s\lookaside\java-17-openjdk\src\hotspot\share\interpreter\linkResolver.cpp, line 766]
Event: 3.818 Thread 0x000001d5084731d0 Exception <a 'java/lang/NoSuchMethodError'{0x00000000ff430a78}: 'java.lang.Object java.lang.invoke.DirectMethodHandle$Holder.invokeStaticInit(java.lang.Object, int, int, int, int)'> (0x00000000ff430a78) 
thrown [d:\a\1\s\lookaside\java-17-openjdk\src\hotspot\share\interpreter\linkResolver.cpp, line 766]
Event: 3.960 Thread 0x000001d5084731d0 Exception <a 'java/lang/NoSuchMethodError'{0x00000000ff4da220}: 'java.lang.Object java.lang.invoke.DirectMethodHandle$Holder.invokeStaticInit(java.lang.Object, java.lang.Object, int, int, int, int)'> (0x00000000ff4da220) 
thrown [d:\a\1\s\lookaside\java-17-openjdk\src\hotspot\share\interpreter\linkResolver.cpp, line 766]
Event: 4.456 Thread 0x000001d5084731d0 Exception <a 'java/lang/NoSuchMethodError'{0x00000000ff108f70}: 'void java.lang.invoke.DirectMethodHandle$Holder.invokeStatic(java.lang.Object, java.lang.Object, java.lang.Object)'> (0x00000000ff108f70) 
thrown [d:\a\1\s\lookaside\java-17-openjdk\src\hotspot\share\interpreter\linkResolver.cpp, line 766]
Event: 4.501 Thread 0x000001d5084731d0 Implicit null exception at 0x000001d517a48072 to 0x000001d517a48588
Event: 4.502 Thread 0x000001d5084731d0 Implicit null exception at 0x000001d517a49072 to 0x000001d517a4959c
Event: 74.785 Thread 0x000001d5084731d0 Exception <a 'sun/net/ConnectionResetException'{0x00000000ffdb6430}: Connection reset> (0x00000000ffdb6430) 
thrown [d:\a\1\s\lookaside\java-17-openjdk\src\hotspot\share\prims\jni.cpp, line 535]

VM Operations (20 events):
Event: 38.628 Executing VM operation: Cleanup
Event: 38.628 Executing VM operation: Cleanup done
Event: 39.633 Executing VM operation: Cleanup
Event: 39.633 Executing VM operation: Cleanup done
Event: 42.679 Executing VM operation: Cleanup
Event: 42.679 Executing VM operation: Cleanup done
Event: 43.693 Executing VM operation: Cleanup
Event: 43.693 Executing VM operation: Cleanup done
Event: 46.697 Executing VM operation: Cleanup
Event: 46.697 Executing VM operation: Cleanup done
Event: 54.884 Executing VM operation: Cleanup
Event: 54.884 Executing VM operation: Cleanup done
Event: 63.955 Executing VM operation: Cleanup
Event: 63.955 Executing VM operation: Cleanup done
Event: 64.970 Executing VM operation: Cleanup
Event: 64.970 Executing VM operation: Cleanup done
Event: 67.998 Executing VM operation: Cleanup
Event: 67.998 Executing VM operation: Cleanup done
Event: 69.009 Executing VM operation: Cleanup
Event: 69.009 Executing VM operation: Cleanup done

Events (20 events):
Event: 30.947 loading class jdk/internal/reflect/ByteVector done
Event: 30.947 loading class jdk/internal/reflect/ByteVectorImpl done
Event: 30.947 loading class jdk/internal/reflect/ClassFileAssembler
Event: 30.947 loading class jdk/internal/reflect/ClassFileAssembler done
Event: 30.947 loading class jdk/internal/reflect/UTF8
Event: 30.947 loading class jdk/internal/reflect/UTF8 done
Event: 30.948 loading class jdk/internal/reflect/Label
Event: 30.949 loading class jdk/internal/reflect/Label done
Event: 30.949 loading class jdk/internal/reflect/Label$PatchInfo
Event: 30.949 loading class jdk/internal/reflect/Label$PatchInfo done
Event: 30.949 loading class jdk/internal/reflect/MethodAccessorGenerator$1
Event: 30.949 loading class jdk/internal/reflect/MethodAccessorGenerator$1 done
Event: 30.949 loading class jdk/internal/reflect/ClassDefiner
Event: 30.949 loading class jdk/internal/reflect/ClassDefiner done
Event: 30.949 loading class jdk/internal/reflect/ClassDefiner$1
Event: 30.949 loading class jdk/internal/reflect/ClassDefiner$1 done
Event: 31.567 loading class java/util/ArrayList$ListItr
Event: 31.568 loading class java/util/ArrayList$ListItr done
Event: 74.785 loading class sun/net/ConnectionResetException
Event: 74.785 loading class sun/net/ConnectionResetException done


Dynamic libraries:
0x00007ff7f6c20000 - 0x00007ff7f6c41000 	D:\java\ojdkbuild\java-17-openjdk-17.0.3.0.6-1\bin\java.exe
0x00007ffd1b350000 - 0x00007ffd1b566000 	C:\Windows\SYSTEM32\ntdll.dll
0x00007ffd19fc0000 - 0x00007ffd1a084000 	C:\Windows\System32\KERNEL32.DLL
0x00007ffd18730000 - 0x00007ffd18ad6000 	C:\Windows\System32\KERNELBASE.dll
0x00007ffd18f80000 - 0x00007ffd19091000 	C:\Windows\System32\ucrtbase.dll
0x00007ffd125e0000 - 0x00007ffd125f8000 	D:\java\ojdkbuild\java-17-openjdk-17.0.3.0.6-1\bin\jli.dll
0x00007ffd19730000 - 0x00007ffd198dd000 	C:\Windows\System32\USER32.dll
0x00007ffd18700000 - 0x00007ffd18726000 	C:\Windows\System32\win32u.dll
0x00007ffd19f90000 - 0x00007ffd19fb9000 	C:\Windows\System32\GDI32.dll
0x00007ffd18c00000 - 0x00007ffd18d18000 	C:\Windows\System32\gdi32full.dll
0x00007ffd18ae0000 - 0x00007ffd18b7a000 	C:\Windows\System32\msvcp_win.dll
0x00007ffd11a60000 - 0x00007ffd11a7b000 	D:\java\ojdkbuild\java-17-openjdk-17.0.3.0.6-1\bin\VCRUNTIME140.dll
0x00007ffd003e0000 - 0x00007ffd00673000 	C:\Windows\WinSxS\amd64_microsoft.windows.common-controls_6595b64144ccf1df_6.0.22621.3235_none_270f74e173860f98\COMCTL32.dll
0x00007ffd1a8b0000 - 0x00007ffd1a957000 	C:\Windows\System32\msvcrt.dll
0x00007ffd19f30000 - 0x00007ffd19f61000 	C:\Windows\System32\IMM32.DLL
0x00007ffd12320000 - 0x00007ffd1232c000 	D:\java\ojdkbuild\java-17-openjdk-17.0.3.0.6-1\bin\vcruntime140_1.dll
0x00007ffce59d0000 - 0x00007ffce5a5d000 	D:\java\ojdkbuild\java-17-openjdk-17.0.3.0.6-1\bin\msvcp140.dll
0x00007ffc84ca0000 - 0x00007ffc858ff000 	D:\java\ojdkbuild\java-17-openjdk-17.0.3.0.6-1\bin\server\jvm.dll
0x00007ffd1b250000 - 0x00007ffd1b302000 	C:\Windows\System32\ADVAPI32.dll
0x00007ffd19e20000 - 0x00007ffd19ec8000 	C:\Windows\System32\sechost.dll
0x00007ffd18f50000 - 0x00007ffd18f78000 	C:\Windows\System32\bcrypt.dll
0x00007ffd19aa0000 - 0x00007ffd19bb5000 	C:\Windows\System32\RPCRT4.dll
0x00007ffd1a960000 - 0x00007ffd1a968000 	C:\Windows\System32\PSAPI.DLL
0x00007ffcfd070000 - 0x00007ffcfd079000 	C:\Windows\SYSTEM32\WSOCK32.dll
0x00007ffd19ca0000 - 0x00007ffd19d11000 	C:\Windows\System32\WS2_32.dll
0x00007ffd10a90000 - 0x00007ffd10ac4000 	C:\Windows\SYSTEM32\WINMM.dll
0x00007ffd0f120000 - 0x00007ffd0f12a000 	C:\Windows\SYSTEM32\VERSION.dll
0x00007ffd176e0000 - 0x00007ffd176f8000 	C:\Windows\SYSTEM32\kernel.appcore.dll
0x00007ffd11090000 - 0x00007ffd1109a000 	D:\java\ojdkbuild\java-17-openjdk-17.0.3.0.6-1\bin\jimage.dll
0x00007ffd16140000 - 0x00007ffd16373000 	C:\Windows\SYSTEM32\DBGHELP.DLL
0x00007ffd192e0000 - 0x00007ffd19668000 	C:\Windows\System32\combase.dll
0x00007ffd19bc0000 - 0x00007ffd19c97000 	C:\Windows\System32\OLEAUT32.dll
0x00007ffd04120000 - 0x00007ffd04152000 	C:\Windows\SYSTEM32\dbgcore.DLL
0x00007ffd18b80000 - 0x00007ffd18bfa000 	C:\Windows\System32\bcryptPrimitives.dll
0x00007ffcf3670000 - 0x00007ffcf3695000 	D:\java\ojdkbuild\java-17-openjdk-17.0.3.0.6-1\bin\java.dll
0x00007ffcd2770000 - 0x00007ffcd2847000 	D:\java\ojdkbuild\java-17-openjdk-17.0.3.0.6-1\bin\jsvml.dll
0x00007ffd1a9f0000 - 0x00007ffd1b24d000 	C:\Windows\System32\SHELL32.dll
0x00007ffd165b0000 - 0x00007ffd16ea8000 	C:\Windows\SYSTEM32\windows.storage.dll
0x00007ffd16470000 - 0x00007ffd165ae000 	C:\Windows\SYSTEM32\wintypes.dll
0x00007ffd1a330000 - 0x00007ffd1a423000 	C:\Windows\System32\SHCORE.dll
0x00007ffd19280000 - 0x00007ffd192de000 	C:\Windows\System32\shlwapi.dll
0x00007ffd185c0000 - 0x00007ffd185e6000 	C:\Windows\SYSTEM32\profapi.dll
0x00007ffcf8960000 - 0x00007ffcf8979000 	D:\java\ojdkbuild\java-17-openjdk-17.0.3.0.6-1\bin\net.dll
0x00007ffd10530000 - 0x00007ffd10667000 	C:\Windows\SYSTEM32\WINHTTP.dll
0x00007ffd17bf0000 - 0x00007ffd17c59000 	C:\Windows\system32\mswsock.dll
0x00007ffcf3710000 - 0x00007ffcf3726000 	D:\java\ojdkbuild\java-17-openjdk-17.0.3.0.6-1\bin\nio.dll
0x00007ffcf3620000 - 0x00007ffcf3638000 	D:\java\ojdkbuild\java-17-openjdk-17.0.3.0.6-1\bin\zip.dll
0x00007ffd11080000 - 0x00007ffd11090000 	D:\java\ojdkbuild\java-17-openjdk-17.0.3.0.6-1\bin\verify.dll
0x00007ffcee0b0000 - 0x00007ffcee0d7000 	C:\Users\11218\.gradle\native\68d5fa5c4cc2d200863cafc0d521ce42e7d3e7ee720ec0a83991735586a16f82\windows-amd64\native-platform.dll
0x00007ffd12290000 - 0x00007ffd1229a000 	C:\Users\11218\.gradle\native\jansi\1.18\windows64\jansi.dll
0x00007ffcf8930000 - 0x00007ffcf8939000 	D:\java\ojdkbuild\java-17-openjdk-17.0.3.0.6-1\bin\management.dll
0x00007ffcf8900000 - 0x00007ffcf890b000 	D:\java\ojdkbuild\java-17-openjdk-17.0.3.0.6-1\bin\management_ext.dll
0x00007ffd17f40000 - 0x00007ffd17f5b000 	C:\Windows\SYSTEM32\CRYPTSP.dll
0x00007ffd17700000 - 0x00007ffd17735000 	C:\Windows\system32\rsaenh.dll
0x00007ffd17c90000 - 0x00007ffd17cbc000 	C:\Windows\SYSTEM32\USERENV.dll
0x00007ffd17f20000 - 0x00007ffd17f2c000 	C:\Windows\SYSTEM32\CRYPTBASE.dll
0x00007ffd17210000 - 0x00007ffd1723d000 	C:\Windows\SYSTEM32\IPHLPAPI.DLL
0x00007ffd19670000 - 0x00007ffd19679000 	C:\Windows\System32\NSI.dll
0x00007ffd104c0000 - 0x00007ffd104d9000 	C:\Windows\SYSTEM32\dhcpcsvc6.DLL
0x00007ffd104a0000 - 0x00007ffd104bf000 	C:\Windows\SYSTEM32\dhcpcsvc.DLL
0x00007ffd17240000 - 0x00007ffd17339000 	C:\Windows\SYSTEM32\DNSAPI.dll
0x00007ffcf8820000 - 0x00007ffcf882d000 	D:\java\ojdkbuild\java-17-openjdk-17.0.3.0.6-1\bin\sunmscapi.dll
0x00007ffd18de0000 - 0x00007ffd18f46000 	C:\Windows\System32\CRYPT32.dll
0x00007ffd18050000 - 0x00007ffd1807e000 	C:\Windows\SYSTEM32\ncrypt.dll
0x00007ffd18010000 - 0x00007ffd18047000 	C:\Windows\SYSTEM32\NTASN1.dll
0x00007ffd110b0000 - 0x00007ffd110b8000 	C:\Windows\system32\wshunix.dll

dbghelp: loaded successfully - version: 4.0.5 - missing functions: none
symbol engine: initialized successfully - sym options: 0x614 - pdb path: .;D:\java\ojdkbuild\java-17-openjdk-17.0.3.0.6-1\bin;C:\Windows\SYSTEM32;C:\Windows\WinSxS\amd64_microsoft.windows.common-controls_6595b64144ccf1df_6.0.22621.3235_none_270f74e173860f98;D:\java\ojdkbuild\java-17-openjdk-17.0.3.0.6-1\bin\server;C:\Users\11218\.gradle\native\68d5fa5c4cc2d200863cafc0d521ce42e7d3e7ee720ec0a83991735586a16f82\windows-amd64;C:\Users\11218\.gradle\native\jansi\1.18\windows64

VM Arguments:
jvm_args: -Xmx64m -Xms64m -Dorg.gradle.appname=gradlew 
java_command: org.gradle.wrapper.GradleWrapperMain assemble
java_class_path (initial): D:\androidLearning\AndroidStudioProjects\serviceTest1\\gradle\wrapper\gradle-wrapper.jar
Launcher Type: SUN_STANDARD

[Global flags]
     intx CICompilerCount                          = 2                                         {product} {ergonomic}
     uint ConcGCThreads                            = 1                                         {product} {ergonomic}
     uint G1ConcRefinementThreads                  = 2                                         {product} {ergonomic}
   size_t G1HeapRegionSize                         = 1048576                                   {product} {ergonomic}
    uintx GCDrainStackTargetSize                   = 64                                        {product} {ergonomic}
   size_t InitialHeapSize                          = 67108864                                  {product} {command line}
   size_t MarkStackSize                            = 4194304                                   {product} {ergonomic}
   size_t MaxHeapSize                              = 67108864                                  {product} {command line}
   size_t MaxNewSize                               = 39845888                                  {product} {ergonomic}
   size_t MinHeapDeltaBytes                        = 1048576                                   {product} {ergonomic}
   size_t MinHeapSize                              = 67108864                                  {product} {command line}
    uintx NonNMethodCodeHeapSize                   = 5826188                                {pd product} {ergonomic}
    uintx NonProfiledCodeHeapSize                  = 122916026                              {pd product} {ergonomic}
    uintx ProfiledCodeHeapSize                     = 122916026                              {pd product} {ergonomic}
    uintx ReservedCodeCacheSize                    = 251658240                              {pd product} {ergonomic}
     bool SegmentedCodeCache                       = true                                      {product} {ergonomic}
   size_t SoftMaxHeapSize                          = 67108864                               {manageable} {ergonomic}
     bool UseCompressedClassPointers               = true                           {product lp64_product} {ergonomic}
     bool UseCompressedOops                        = true                           {product lp64_product} {ergonomic}
     bool UseG1GC                                  = true                                      {product} {ergonomic}
     bool UseLargePagesIndividualAllocation        = false                                  {pd product} {ergonomic}

Logging:
Log output configuration:
 #0: stdout all=warning uptime,level,tags
 #1: stderr all=off uptime,level,tags

Environment Variables:
JAVA_HOME=D:\java\ojdkbuild\java-17-openjdk-17.0.3.0.6-1
CLASSPATH=D:\androidLearning\AndroidStudioProjects\serviceTest1\\gradle\wrapper\gradle-wrapper.jar
PATH=C:\Users\11218\miniconda3\condabin;C:\Windows\system32;C:\Windows;C:\Windows\System32\Wbem;C:\Windows\System32\WindowsPowerShell\v1.0\;C:\Windows\System32\OpenSSH\;D:\powershell\powershell7;d:\python3.11;C:\Program Files\WinRAR;C:\Program Files\Microsoft Office\root\Office16;C:\Program Files\PuTTY\;C:\Users\11218\AppData\Local\Microsoft\WindowsApps;C:\Program Files\dotnet\;D:\mytools\MinGit-2.11.1.mingit.prerelease.4-64-bit\cmd;D:\mytools\MinGit-2.11.1.mingit.prerelease.4-64-bit\usr\bin;D:\mytools\WiresharkPortable64\App\Wireshark;D:\MYTOOLS\SPSS1\JRE\bin;D:\myPython\goods;D:\mytools\SPSS1;C:\Users\11218\AppData\Roaming\nvda\addons\NVBox\globalPlugins\nvbox\adb;d:\java\ojdkbuild\java-17-openjdk-17.0.3.0.6-1.jre\bin;C:\Program Files\Docker\Docker\resources\bin;d:\java\ojdkbuild\java-17-openjdk-17.0.3.0.6-1\bin;D:\androidLearning\gradle\gradle-8.0\bin;D:\java\ojdkbuild\java-17-openjdk-17.0.3.0.6-1\bin;D:/java/ojdkbuild/java-17-openjdk-17.0.3.0.6-1.jre\bin;D:/java/ojdkbuild/java-17-openjdk-17.0.3.0.6-1.jre\bin\server;D:\ANDROIDLEARNING\REVERSE;C:\Users\11218\AppData\Local\Programs\Python\Python311;D:\myPython\NVSrC;C:\Users\11218\.gradle\wrapper\dists\gradle-8.0-all\a2o1xoguejy6msdh0lk99lxza\gradle-8.0\bin;D:\androidLearning\REVERSE\jadx\bin;C:\Program Files\Cloudflare\Cloudflare WARP\;D:\mypython\nvsrc\py-3-11-32\Scripts\;D:\mypython\nvsrc\py-3-11-32\;C:\Users\11218\AppData\Local\Programs\Python\Python311\;C:\Users\11218\miniconda3;C:\Users\11218\miniconda3\Library\mingw-w64\bin;C:\Users\11218\miniconda3\Library\usr\bin;C:\Users\11218\miniconda3\Library\bin;C:\Users\11218\miniconda3\Scripts;C:\Users\11218\scoop\shims;C:\Users\11218\AppData\Local\Microsoft\WindowsApps;C:\Users\11218\AppData\Local\Programs\Microsoft VS Code\bin;D:\myPython\goods;C:\Users\11218\AppData\Local\Microsoft\WinGet\Links;C:\Users\11218\.dotnet\tools
USERNAME=Stranger
OS=Windows_NT
PROCESSOR_IDENTIFIER=Intel64 Family 6 Model 122 Stepping 8, GenuineIntel



---------------  S Y S T E M  ---------------

OS:
 Windows 11 , 64 bit Build 22621 (10.0.22621.3235)
OS uptime: 2 days 4:21 hours
Hyper-V role detected

CPU: total 2 (initial active 2) (2 cores per cpu, 1 threads per core) family 6 model 122 stepping 8 microcode 0x1a, cx8, cmov, fxsr, mmx, 3dnowpref, sse, sse2, sse3, ssse3, sse4.1, sse4.2, popcnt, tsc, tscinvbit, aes, erms, clmul, sha, clflush, clflushopt, hv

Memory: 4k page, system-wide physical 7995M (664M free)
TotalPageFile size 16809M (AvailPageFile size 0M)
current process WorkingSet (physical memory assigned to process): 80M, peak: 81M
current process commit charge ("private bytes"): 150M, peak: 152M

vm_info: OpenJDK 64-Bit Server VM (17.0.3+6-LTS) for windows-amd64 JRE (17.0.3+6-LTS), built on May  3 2022 21:26:56 by "" with MS VC++ 16.10 / 16.11 (VS2019)

END.
