#
# There is insufficient memory for the Java Runtime Environment to continue.
# Native memory allocation (mmap) failed to map 228589568 bytes for G1 virtual space
# Possible reasons:
#   The system is out of physical RAM or swap space
#   The process is running with CompressedOops enabled, and the Java Heap may be blocking the growth of the native heap
# Possible solutions:
#   Reduce memory load on the system
#   Increase physical memory or swap space
#   Check if swap backing store is full
#   Decrease Java heap size (-Xmx/-Xms)
#   Decrease number of Java threads
#   Decrease Java thread stack sizes (-Xss)
#   Set larger code cache with -XX:ReservedCodeCacheSize=
#   JVM is running with Unscaled Compressed Oops mode in which the Java heap is
#     placed in the first 4GB address space. The Java Heap base address is the
#     maximum limit for the native heap growth. Please use -XX:HeapBaseMinAddress
#     to set the Java Heap base and to place the Java Heap above 4GB virtual address.
# This output file may be truncated or incomplete.
#
#  Out of Memory Error (os_windows.cpp:3535), pid=30852, tid=20128
#
# JRE version: OpenJDK Runtime Environment 21.9 (17.0.3+6) (build 17.0.3+6-LTS)
# Java VM: OpenJDK 64-Bit Server VM 21.9 (17.0.3+6-LTS, mixed mode, sharing, tiered, compressed oops, compressed class ptrs, g1 gc, windows-amd64)
# No core dump will be written. Minidumps are not enabled by default on client versions of Windows
#

---------------  S U M M A R Y ------------

Command Line: --add-opens=java.base/java.util=ALL-UNNAMED --add-opens=java.base/java.lang=ALL-UNNAMED --add-opens=java.base/java.lang.invoke=ALL-UNNAMED --add-opens=java.prefs/java.util.prefs=ALL-UNNAMED --add-opens=java.base/java.nio.charset=ALL-UNNAMED --add-opens=java.base/java.net=ALL-UNNAMED --add-opens=java.base/java.util.concurrent.atomic=ALL-UNNAMED -Xmx2048m -Dfile.encoding=UTF-8 -Duser.country=CN -Duser.language=zh -Duser.variant org.gradle.launcher.daemon.bootstrap.GradleDaemon 8.0

Host: Intel(R) Celeron(R) N4020 CPU @ 1.10GHz, 2 cores, 7G,  Windows 11 , 64 bit Build 22621 (10.0.22621.3085)
Time: Sun Mar 17 23:56:27 2024  Windows 11 , 64 bit Build 22621 (10.0.22621.3085) elapsed time: 3642.026431 seconds (0d 1h 0m 42s)

---------------  T H R E A D  ---------------

Current thread (0x000001f16a6f7760):  VMThread "VM Thread" [stack: 0x000000395eb00000,0x000000395ec00000] [id=20128]

Stack: [0x000000395eb00000,0x000000395ec00000]
Native frames: (J=compiled Java code, j=interpreted, Vv=VM code, C=native code)
V  [jvm.dll+0x67720a]
V  [jvm.dll+0x832514]
V  [jvm.dll+0x833cbe]
V  [jvm.dll+0x834323]
V  [jvm.dll+0x245815]
V  [jvm.dll+0x674129]
V  [jvm.dll+0x668a62]
V  [jvm.dll+0x30469b]
V  [jvm.dll+0x30bba6]
V  [jvm.dll+0x35ba0e]
V  [jvm.dll+0x35bc3f]
V  [jvm.dll+0x2db5a8]
V  [jvm.dll+0x2d9874]
V  [jvm.dll+0x2d8e7c]
V  [jvm.dll+0x31cf81]
V  [jvm.dll+0x8387fb]
V  [jvm.dll+0x839534]
V  [jvm.dll+0x839a4d]
V  [jvm.dll+0x839e24]
V  [jvm.dll+0x839ef0]
V  [jvm.dll+0x7e230a]
V  [jvm.dll+0x676095]
C  [ucrtbase.dll+0x29363]
C  [KERNEL32.DLL+0x1257d]
C  [ntdll.dll+0x5aa58]

VM_Operation (0x000000395fdf6300): G1TryInitiateConcMark, mode: safepoint, requested by thread 0x000001f16d0002b0


---------------  P R O C E S S  ---------------

Threads class SMR info:
_java_thread_list=0x000001f17d0e4420, length=61, elements={
0x000001f14cec3850, 0x000001f16a6fbef0, 0x000001f16a6fcd60, 0x000001f16a714860,
0x000001f16a716330, 0x000001f16a716ee0, 0x000001f16a7198a0, 0x000001f16a71aa40,
0x000001f16a71c4f0, 0x000001f16a78e230, 0x000001f16b0b6a50, 0x000001f16b0bf770,
0x000001f16c31e200, 0x000001f16c931b80, 0x000001f16ba76740, 0x000001f16c83b230,
0x000001f16c839550, 0x000001f16c839a20, 0x000001f16c839ef0, 0x000001f16c83a3c0,
0x000001f16c83c0a0, 0x000001f16bb98ef0, 0x000001f16bb95ed0, 0x000001f16bb9a230,
0x000001f16bb98550, 0x000001f100b37a40, 0x000001f16cffc8f0, 0x000001f16cffd760,
0x000001f16cffb5b0, 0x000001f16d0002b0, 0x000001f16cffcdc0, 0x000001f16cffd290,
0x000001f16cffa270, 0x000001f16cffdc30, 0x000001f16cffa740, 0x000001f16cffe100,
0x000001f16cfff910, 0x000001f16cff9da0, 0x000001f16cffac10, 0x000001f16cffb0e0,
0x000001f16cffba80, 0x000001f16cffe5d0, 0x000001f16cffeaa0, 0x000001f16d000780,
0x000001f16cfffde0, 0x000001f16cff98d0, 0x000001f16cffef70, 0x000001f16cfff440,
0x000001f16d000c50, 0x000001f16cffbf50, 0x000001f100b36bd0, 0x000001f100b33210,
0x000001f100b34550, 0x000001f100b31ed0, 0x000001f100b37570, 0x000001f100b34ef0,
0x000001f100b383e0, 0x000001f100b31060, 0x000001f100b32870, 0x000001f100b336e0,
0x000001f100b33bb0
}

Java Threads: ( => current thread )
  0x000001f14cec3850 JavaThread "main" [_thread_blocked, id=25636, stack(0x000000395e400000,0x000000395e500000)]
  0x000001f16a6fbef0 JavaThread "Reference Handler" daemon [_thread_blocked, id=31884, stack(0x000000395ec00000,0x000000395ed00000)]
  0x000001f16a6fcd60 JavaThread "Finalizer" daemon [_thread_blocked, id=20168, stack(0x000000395ed00000,0x000000395ee00000)]
  0x000001f16a714860 JavaThread "Signal Dispatcher" daemon [_thread_blocked, id=17648, stack(0x000000395ee00000,0x000000395ef00000)]
  0x000001f16a716330 JavaThread "Attach Listener" daemon [_thread_blocked, id=19512, stack(0x000000395ef00000,0x000000395f000000)]
  0x000001f16a716ee0 JavaThread "Service Thread" daemon [_thread_blocked, id=18200, stack(0x000000395f000000,0x000000395f100000)]
  0x000001f16a7198a0 JavaThread "Monitor Deflation Thread" daemon [_thread_blocked, id=29688, stack(0x000000395f100000,0x000000395f200000)]
  0x000001f16a71aa40 JavaThread "C2 CompilerThread0" daemon [_thread_in_native, id=16616, stack(0x000000395f200000,0x000000395f300000)]
  0x000001f16a71c4f0 JavaThread "C1 CompilerThread0" daemon [_thread_blocked, id=1688, stack(0x000000395f300000,0x000000395f400000)]
  0x000001f16a78e230 JavaThread "Sweeper thread" daemon [_thread_blocked, id=26776, stack(0x000000395f400000,0x000000395f500000)]
  0x000001f16b0b6a50 JavaThread "Common-Cleaner" daemon [_thread_blocked, id=5684, stack(0x000000395f500000,0x000000395f600000)]
  0x000001f16b0bf770 JavaThread "Notification Thread" daemon [_thread_blocked, id=12692, stack(0x000000395f600000,0x000000395f700000)]
  0x000001f16c31e200 JavaThread "Daemon health stats" [_thread_blocked, id=20544, stack(0x000000395f900000,0x000000395fa00000)]
  0x000001f16c931b80 JavaThread "Incoming local TCP Connector on port 54385" [_thread_in_native, id=12144, stack(0x000000395fa00000,0x000000395fb00000)]
  0x000001f16ba76740 JavaThread "Daemon periodic checks" [_thread_blocked, id=31724, stack(0x000000395fb00000,0x000000395fc00000)]
  0x000001f16c83b230 JavaThread "Cache worker for journal cache (C:\Users\11218\.gradle\caches\journal-1)" [_thread_blocked, id=27032, stack(0x0000003960300000,0x0000003960400000)]
  0x000001f16c839550 JavaThread "File lock request listener" [_thread_in_native, id=24680, stack(0x0000003960400000,0x0000003960500000)]
  0x000001f16c839a20 JavaThread "Cache worker for file hash cache (C:\Users\11218\.gradle\caches\8.0\fileHashes)" [_thread_blocked, id=29404, stack(0x0000003960500000,0x0000003960600000)]
  0x000001f16c839ef0 JavaThread "File watcher server" daemon [_thread_in_native, id=31916, stack(0x0000003960600000,0x0000003960700000)]
  0x000001f16c83a3c0 JavaThread "File watcher consumer" daemon [_thread_blocked, id=29296, stack(0x0000003960700000,0x0000003960800000)]
  0x000001f16c83c0a0 JavaThread "Cache worker for file content cache (C:\Users\11218\.gradle\caches\8.0\fileContent)" [_thread_blocked, id=21832, stack(0x0000003960a00000,0x0000003960b00000)]
  0x000001f16bb98ef0 JavaThread "Cache worker for execution history cache (C:\Users\11218\.gradle\caches\8.0\executionHistory)" [_thread_blocked, id=1572, stack(0x0000003960e00000,0x0000003960f00000)]
  0x000001f16bb95ed0 JavaThread "jar transforms" [_thread_blocked, id=30832, stack(0x0000003960f00000,0x0000003961000000)]
  0x000001f16bb9a230 JavaThread "jar transforms Thread 2" [_thread_blocked, id=18108, stack(0x0000003961000000,0x0000003961100000)]
  0x000001f16bb98550 JavaThread "Cache worker for kotlin-dsl (C:\Users\11218\.gradle\caches\8.0\kotlin-dsl)" [_thread_blocked, id=13436, stack(0x0000003961100000,0x0000003961200000)]
  0x000001f100b37a40 JavaThread "Memory manager" [_thread_blocked, id=11204, stack(0x0000003962800000,0x0000003962900000)]
  0x000001f16cffc8f0 JavaThread "Daemon Thread 8" [_thread_blocked, id=24580, stack(0x000000395e300000,0x000000395e400000)]
  0x000001f16cffd760 JavaThread "Handler for socket connection from /127.0.0.1:54385 to /127.0.0.1:55658" [_thread_in_native, id=23040, stack(0x000000395e500000,0x000000395e600000)]
  0x000001f16cffb5b0 JavaThread "Cancel handler" [_thread_blocked, id=25488, stack(0x000000395fc00000,0x000000395fd00000)]
  0x000001f16d0002b0 JavaThread "Daemon worker Thread 8" [_thread_blocked, id=27132, stack(0x000000395fd00000,0x000000395fe00000)]
  0x000001f16cffcdc0 JavaThread "Asynchronous log dispatcher for DefaultDaemonConnection: socket connection from /127.0.0.1:54385 to /127.0.0.1:55658" [_thread_blocked, id=28580, stack(0x000000395fe00000,0x000000395ff00000)]
  0x000001f16cffd290 JavaThread "Stdin handler" [_thread_blocked, id=18256, stack(0x000000395ff00000,0x0000003960000000)]
  0x000001f16cffa270 JavaThread "Daemon client event forwarder" [_thread_blocked, id=26836, stack(0x0000003960000000,0x0000003960100000)]
  0x000001f16cffdc30 JavaThread "Cache worker for checksums cache (D:\androidLearning\AndroidStudioProjects\serviceTest1\.gradle\8.0\checksums)" [_thread_blocked, id=30308, stack(0x0000003960100000,0x0000003960200000)]
  0x000001f16cffa740 JavaThread "Cache worker for cache directory md-rule (C:\Users\11218\.gradle\caches\8.0\md-rule)" [_thread_blocked, id=32156, stack(0x0000003960200000,0x0000003960300000)]
  0x000001f16cffe100 JavaThread "Cache worker for file hash cache (D:\androidLearning\AndroidStudioProjects\serviceTest1\.gradle\8.0\fileHashes)" [_thread_blocked, id=32328, stack(0x0000003960800000,0x0000003960900000)]
  0x000001f16cfff910 JavaThread "Cache worker for cache directory md-supplier (C:\Users\11218\.gradle\caches\8.0\md-supplier)" [_thread_blocked, id=5136, stack(0x0000003960900000,0x0000003960a00000)]
  0x000001f16cff9da0 JavaThread "Cache worker for dependencies-accessors (D:\androidLearning\AndroidStudioProjects\serviceTest1\.gradle\8.0\dependencies-accessors)" [_thread_blocked, id=21244, stack(0x0000003960b00000,0x0000003960c00000)]
  0x000001f16cffac10 JavaThread "Cache worker for Build Output Cleanup Cache (D:\androidLearning\AndroidStudioProjects\serviceTest1\.gradle\buildOutputCleanup)" [_thread_blocked, id=9140, stack(0x0000003960c00000,0x0000003960d00000)]
  0x000001f16cffb0e0 JavaThread "Unconstrained build operations" [_thread_blocked, id=31856, stack(0x0000003961300000,0x0000003961400000)]
  0x000001f16cffba80 JavaThread "Unconstrained build operations Thread 2" [_thread_blocked, id=28780, stack(0x0000003961400000,0x0000003961500000)]
  0x000001f16cffe5d0 JavaThread "Unconstrained build operations Thread 3" [_thread_blocked, id=12512, stack(0x0000003961500000,0x0000003961600000)]
  0x000001f16cffeaa0 JavaThread "Unconstrained build operations Thread 4" [_thread_blocked, id=5536, stack(0x0000003961600000,0x0000003961700000)]
  0x000001f16d000780 JavaThread "Unconstrained build operations Thread 5" [_thread_blocked, id=4368, stack(0x0000003961700000,0x0000003961800000)]
  0x000001f16cfffde0 JavaThread "Unconstrained build operations Thread 6" [_thread_blocked, id=30448, stack(0x0000003961800000,0x0000003961900000)]
  0x000001f16cff98d0 JavaThread "Unconstrained build operations Thread 7" [_thread_blocked, id=11344, stack(0x0000003961900000,0x0000003961a00000)]
  0x000001f16cffef70 JavaThread "Unconstrained build operations Thread 8" [_thread_blocked, id=32560, stack(0x0000003961a00000,0x0000003961b00000)]
  0x000001f16cfff440 JavaThread "Unconstrained build operations Thread 9" [_thread_blocked, id=19300, stack(0x0000003961b00000,0x0000003961c00000)]
  0x000001f16d000c50 JavaThread "Unconstrained build operations Thread 10" [_thread_blocked, id=11432, stack(0x0000003961c00000,0x0000003961d00000)]
  0x000001f16cffbf50 JavaThread "Unconstrained build operations Thread 11" [_thread_blocked, id=20916, stack(0x0000003961d00000,0x0000003961e00000)]
  0x000001f100b36bd0 JavaThread "Unconstrained build operations Thread 12" [_thread_blocked, id=29608, stack(0x0000003961e00000,0x0000003961f00000)]
  0x000001f100b33210 JavaThread "Unconstrained build operations Thread 13" [_thread_blocked, id=22680, stack(0x0000003961f00000,0x0000003962000000)]
  0x000001f100b34550 JavaThread "Unconstrained build operations Thread 14" [_thread_blocked, id=19872, stack(0x0000003962000000,0x0000003962100000)]
  0x000001f100b31ed0 JavaThread "Unconstrained build operations Thread 15" [_thread_blocked, id=17548, stack(0x0000003962100000,0x0000003962200000)]
  0x000001f100b37570 JavaThread "Unconstrained build operations Thread 16" [_thread_blocked, id=27196, stack(0x0000003962200000,0x0000003962300000)]
  0x000001f100b34ef0 JavaThread "Unconstrained build operations Thread 17" [_thread_blocked, id=28480, stack(0x0000003962300000,0x0000003962400000)]
  0x000001f100b383e0 JavaThread "Unconstrained build operations Thread 18" [_thread_blocked, id=1460, stack(0x0000003962400000,0x0000003962500000)]
  0x000001f100b31060 JavaThread "Unconstrained build operations Thread 19" [_thread_blocked, id=26180, stack(0x0000003962500000,0x0000003962600000)]
  0x000001f100b32870 JavaThread "Unconstrained build operations Thread 20" [_thread_blocked, id=30504, stack(0x0000003962600000,0x0000003962700000)]
  0x000001f100b336e0 JavaThread "build event listener" [_thread_blocked, id=32320, stack(0x0000003962700000,0x0000003962800000)]
  0x000001f100b33bb0 JavaThread "build event listener" [_thread_blocked, id=22104, stack(0x0000003962900000,0x0000003962a00000)]

Other Threads:
=>0x000001f16a6f7760 VMThread "VM Thread" [stack: 0x000000395eb00000,0x000000395ec00000] [id=20128]
  0x000001f16b0c0050 WatcherThread [stack: 0x000000395f700000,0x000000395f800000] [id=30340]
  0x000001f14cf1f9f0 GCTaskThread "GC Thread#0" [stack: 0x000000395e600000,0x000000395e700000] [id=27736]
  0x000001f16b12e300 GCTaskThread "GC Thread#1" [stack: 0x000000395f800000,0x000000395f900000] [id=32388]
  0x000001f14cf31940 ConcurrentGCThread "G1 Main Marker" [stack: 0x000000395e700000,0x000000395e800000] [id=31096]
  0x000001f14cf32350 ConcurrentGCThread "G1 Conc#0" [stack: 0x000000395e800000,0x000000395e900000] [id=26008]
  0x000001f14cf8db50 ConcurrentGCThread "G1 Refine#0" [stack: 0x000000395e900000,0x000000395ea00000] [id=2192]
  0x000001f16bbab570 ConcurrentGCThread "G1 Refine#1" [stack: 0x0000003960d00000,0x0000003960e00000] [id=17244]
  0x000001f16a5b20a0 ConcurrentGCThread "G1 Service" [stack: 0x000000395ea00000,0x000000395eb00000] [id=31896]

Threads with active compile tasks:
C2 CompilerThread0  3642102 20078       4       org.gradle.internal.instantiation.generator.AbstractClassGenerator::inspectType (560 bytes)

VM state: at safepoint (normal execution)

VM Mutex/Monitor currently owned by a thread:  ([mutex/lock_event])
[0x000001f14cec0960] Threads_lock - owner thread: 0x000001f16a6f7760
[0x000001f14cec0f00] Heap_lock - owner thread: 0x000001f16d0002b0

Heap address: 0x0000000080000000, size: 2048 MB, Compressed Oops mode: 32-bit

CDS archive(s) mapped at: [0x0000000800000000-0x0000000800bc0000-0x0000000800bc0000), size 12320768, SharedBaseAddress: 0x0000000800000000, ArchiveRelocationMode: 0.
Compressed class space mapped at: 0x0000000800c00000-0x0000000840c00000, reserved size: 1073741824
Narrow klass base: 0x0000000800000000, Narrow klass shift: 0, Narrow klass range: 0x100000000

GC Precious Log:
 CPUs: 2 total, 2 available
 Memory: 7995M
 Large Page Support: Disabled
 NUMA Support: Disabled
 Compressed Oops: Enabled (32-bit)
 Heap Region Size: 1M
 Heap Min Capacity: 8M
 Heap Initial Capacity: 126M
 Heap Max Capacity: 2G
 Pre-touch: Disabled
 Parallel Workers: 2
 Concurrent Workers: 1
 Concurrent Refinement Workers: 2
 Periodic GC: Disabled

Heap:
 garbage-first heap   total 331776K, used 158650K [0x0000000080000000, 0x0000000100000000)
  region size 1024K, 4 young (4096K), 4 survivors (4096K)
 Metaspace       used 146603K, committed 147520K, reserved 1179648K
  class space    used 18167K, committed 18624K, reserved 1048576K

Heap Regions: E=young(eden), S=young(survivor), O=old, HS=humongous(starts), HC=humongous(continues), CS=collection set, F=free, OA=open archive, CA=closed archive, TAMS=top-at-mark-start (previous, next)
|   0|0x0000000080000000, 0x0000000080100000, 0x0000000080100000|100%| O|  |TAMS 0x0000000080100000, 0x0000000080100000| Untracked 
|   1|0x0000000080100000, 0x0000000080200000, 0x0000000080200000|100%| O|  |TAMS 0x0000000080200000, 0x0000000080200000| Untracked 
|   2|0x0000000080200000, 0x0000000080300000, 0x0000000080300000|100%| O|  |TAMS 0x0000000080300000, 0x0000000080300000| Untracked 
|   3|0x0000000080300000, 0x0000000080400000, 0x0000000080400000|100%|HS|  |TAMS 0x0000000080400000, 0x0000000080400000| Complete 
|   4|0x0000000080400000, 0x0000000080500000, 0x0000000080500000|100%|HC|  |TAMS 0x0000000080500000, 0x0000000080500000| Complete 
|   5|0x0000000080500000, 0x0000000080600000, 0x0000000080600000|100%|HC|  |TAMS 0x0000000080600000, 0x0000000080600000| Complete 
|   6|0x0000000080600000, 0x0000000080700000, 0x0000000080700000|100%|HC|  |TAMS 0x0000000080700000, 0x0000000080700000| Complete 
|   7|0x0000000080700000, 0x0000000080800000, 0x0000000080800000|100%| O|  |TAMS 0x0000000080800000, 0x0000000080800000| Untracked 
|   8|0x0000000080800000, 0x0000000080900000, 0x0000000080900000|100%| O|  |TAMS 0x0000000080900000, 0x0000000080900000| Untracked 
|   9|0x0000000080900000, 0x0000000080a00000, 0x0000000080a00000|100%| O|  |TAMS 0x0000000080a00000, 0x0000000080a00000| Untracked 
|  10|0x0000000080a00000, 0x0000000080b00000, 0x0000000080b00000|100%| O|  |TAMS 0x0000000080b00000, 0x0000000080b00000| Untracked 
|  11|0x0000000080b00000, 0x0000000080c00000, 0x0000000080c00000|100%| O|  |TAMS 0x0000000080c00000, 0x0000000080c00000| Untracked 
|  12|0x0000000080c00000, 0x0000000080d00000, 0x0000000080d00000|100%| O|  |TAMS 0x0000000080d00000, 0x0000000080d00000| Untracked 
|  13|0x0000000080d00000, 0x0000000080e00000, 0x0000000080e00000|100%| O|  |TAMS 0x0000000080e00000, 0x0000000080e00000| Untracked 
|  14|0x0000000080e00000, 0x0000000080f00000, 0x0000000080f00000|100%| O|  |TAMS 0x0000000080f00000, 0x0000000080f00000| Untracked 
|  15|0x0000000080f00000, 0x0000000081000000, 0x0000000081000000|100%| O|  |TAMS 0x0000000081000000, 0x0000000081000000| Untracked 
|  16|0x0000000081000000, 0x0000000081100000, 0x0000000081100000|100%| O|  |TAMS 0x0000000081100000, 0x0000000081100000| Untracked 
|  17|0x0000000081100000, 0x0000000081200000, 0x0000000081200000|100%| O|  |TAMS 0x0000000081200000, 0x0000000081200000| Untracked 
|  18|0x0000000081200000, 0x0000000081300000, 0x0000000081300000|100%| O|  |TAMS 0x0000000081300000, 0x0000000081300000| Untracked 
|  19|0x0000000081300000, 0x0000000081400000, 0x0000000081400000|100%| O|  |TAMS 0x0000000081400000, 0x0000000081400000| Untracked 
|  20|0x0000000081400000, 0x0000000081500000, 0x0000000081500000|100%| O|  |TAMS 0x0000000081500000, 0x0000000081500000| Untracked 
|  21|0x0000000081500000, 0x0000000081600000, 0x0000000081600000|100%| O|  |TAMS 0x0000000081600000, 0x0000000081600000| Untracked 
|  22|0x0000000081600000, 0x0000000081700000, 0x0000000081700000|100%| O|  |TAMS 0x0000000081700000, 0x0000000081700000| Untracked 
|  23|0x0000000081700000, 0x0000000081800000, 0x0000000081800000|100%| O|  |TAMS 0x0000000081800000, 0x0000000081800000| Untracked 
|  24|0x0000000081800000, 0x0000000081900000, 0x0000000081900000|100%| O|  |TAMS 0x0000000081900000, 0x0000000081900000| Untracked 
|  25|0x0000000081900000, 0x0000000081a00000, 0x0000000081a00000|100%| O|  |TAMS 0x0000000081a00000, 0x0000000081a00000| Untracked 
|  26|0x0000000081a00000, 0x0000000081b00000, 0x0000000081b00000|100%| O|  |TAMS 0x0000000081b00000, 0x0000000081b00000| Untracked 
|  27|0x0000000081b00000, 0x0000000081c00000, 0x0000000081c00000|100%| O|  |TAMS 0x0000000081c00000, 0x0000000081c00000| Untracked 
|  28|0x0000000081c00000, 0x0000000081d00000, 0x0000000081d00000|100%| O|  |TAMS 0x0000000081d00000, 0x0000000081d00000| Untracked 
|  29|0x0000000081d00000, 0x0000000081e00000, 0x0000000081e00000|100%| O|  |TAMS 0x0000000081e00000, 0x0000000081e00000| Untracked 
|  30|0x0000000081e00000, 0x0000000081f00000, 0x0000000081f00000|100%| O|  |TAMS 0x0000000081f00000, 0x0000000081f00000| Untracked 
|  31|0x0000000081f00000, 0x0000000082000000, 0x0000000082000000|100%| O|  |TAMS 0x0000000082000000, 0x0000000082000000| Untracked 
|  32|0x0000000082000000, 0x0000000082100000, 0x0000000082100000|100%| O|  |TAMS 0x0000000082100000, 0x0000000082100000| Untracked 
|  33|0x0000000082100000, 0x0000000082200000, 0x0000000082200000|100%| O|  |TAMS 0x0000000082200000, 0x0000000082200000| Untracked 
|  34|0x0000000082200000, 0x0000000082300000, 0x0000000082300000|100%| O|  |TAMS 0x0000000082300000, 0x0000000082300000| Untracked 
|  35|0x0000000082300000, 0x0000000082400000, 0x0000000082400000|100%| O|  |TAMS 0x0000000082400000, 0x0000000082400000| Untracked 
|  36|0x0000000082400000, 0x0000000082500000, 0x0000000082500000|100%| O|  |TAMS 0x0000000082500000, 0x0000000082500000| Untracked 
|  37|0x0000000082500000, 0x0000000082600000, 0x0000000082600000|100%| O|  |TAMS 0x0000000082600000, 0x0000000082600000| Untracked 
|  38|0x0000000082600000, 0x0000000082700000, 0x0000000082700000|100%| O|  |TAMS 0x0000000082700000, 0x0000000082700000| Untracked 
|  39|0x0000000082700000, 0x0000000082800000, 0x0000000082800000|100%| O|  |TAMS 0x0000000082800000, 0x0000000082800000| Untracked 
|  40|0x0000000082800000, 0x0000000082900000, 0x0000000082900000|100%|HS|  |TAMS 0x0000000082900000, 0x0000000082900000| Complete 
|  41|0x0000000082900000, 0x0000000082a00000, 0x0000000082a00000|100%|HC|  |TAMS 0x0000000082a00000, 0x0000000082a00000| Complete 
|  42|0x0000000082a00000, 0x0000000082b00000, 0x0000000082b00000|100%|HC|  |TAMS 0x0000000082b00000, 0x0000000082b00000| Complete 
|  43|0x0000000082b00000, 0x0000000082c00000, 0x0000000082c00000|100%|HC|  |TAMS 0x0000000082c00000, 0x0000000082c00000| Complete 
|  44|0x0000000082c00000, 0x0000000082d00000, 0x0000000082d00000|100%| O|  |TAMS 0x0000000082d00000, 0x0000000082d00000| Untracked 
|  45|0x0000000082d00000, 0x0000000082e00000, 0x0000000082e00000|100%| O|  |TAMS 0x0000000082e00000, 0x0000000082e00000| Untracked 
|  46|0x0000000082e00000, 0x0000000082f00000, 0x0000000082f00000|100%| O|  |TAMS 0x0000000082f00000, 0x0000000082f00000| Untracked 
|  47|0x0000000082f00000, 0x0000000083000000, 0x0000000083000000|100%| O|  |TAMS 0x0000000083000000, 0x0000000083000000| Untracked 
|  48|0x0000000083000000, 0x0000000083100000, 0x0000000083100000|100%| O|  |TAMS 0x0000000083100000, 0x0000000083100000| Untracked 
|  49|0x0000000083100000, 0x0000000083200000, 0x0000000083200000|100%|HS|  |TAMS 0x0000000083200000, 0x0000000083200000| Complete 
|  50|0x0000000083200000, 0x0000000083300000, 0x0000000083300000|100%| O|  |TAMS 0x0000000083300000, 0x0000000083300000| Untracked 
|  51|0x0000000083300000, 0x0000000083400000, 0x0000000083400000|100%| O|  |TAMS 0x0000000083400000, 0x0000000083400000| Untracked 
|  52|0x0000000083400000, 0x0000000083500000, 0x0000000083500000|100%| O|  |TAMS 0x0000000083500000, 0x0000000083500000| Untracked 
|  53|0x0000000083500000, 0x0000000083600000, 0x0000000083600000|100%| O|  |TAMS 0x0000000083600000, 0x0000000083600000| Untracked 
|  54|0x0000000083600000, 0x0000000083700000, 0x0000000083700000|100%|HS|  |TAMS 0x0000000083700000, 0x0000000083700000| Complete 
|  55|0x0000000083700000, 0x0000000083800000, 0x0000000083800000|100%|HC|  |TAMS 0x0000000083800000, 0x0000000083800000| Complete 
|  56|0x0000000083800000, 0x0000000083900000, 0x0000000083900000|100%|HC|  |TAMS 0x0000000083900000, 0x0000000083900000| Complete 
|  57|0x0000000083900000, 0x0000000083a00000, 0x0000000083a00000|100%|HC|  |TAMS 0x0000000083a00000, 0x0000000083a00000| Complete 
|  58|0x0000000083a00000, 0x0000000083b00000, 0x0000000083b00000|100%|HC|  |TAMS 0x0000000083b00000, 0x0000000083b00000| Complete 
|  59|0x0000000083b00000, 0x0000000083c00000, 0x0000000083c00000|100%|HC|  |TAMS 0x0000000083c00000, 0x0000000083c00000| Complete 
|  60|0x0000000083c00000, 0x0000000083d00000, 0x0000000083d00000|100%| O|  |TAMS 0x0000000083d00000, 0x0000000083d00000| Untracked 
|  61|0x0000000083d00000, 0x0000000083e00000, 0x0000000083e00000|100%|HS|  |TAMS 0x0000000083e00000, 0x0000000083e00000| Complete 
|  62|0x0000000083e00000, 0x0000000083f00000, 0x0000000083f00000|100%|HS|  |TAMS 0x0000000083f00000, 0x0000000083f00000| Complete 
|  63|0x0000000083f00000, 0x0000000084000000, 0x0000000084000000|100%| O|  |TAMS 0x0000000084000000, 0x0000000084000000| Untracked 
|  64|0x0000000084000000, 0x0000000084100000, 0x0000000084100000|100%| O|  |TAMS 0x0000000084100000, 0x0000000084100000| Untracked 
|  65|0x0000000084100000, 0x0000000084200000, 0x0000000084200000|100%|HS|  |TAMS 0x0000000084200000, 0x0000000084200000| Complete 
|  66|0x0000000084200000, 0x0000000084300000, 0x0000000084300000|100%|HC|  |TAMS 0x0000000084300000, 0x0000000084300000| Complete 
|  67|0x0000000084300000, 0x0000000084300000, 0x0000000084400000|  0%| F|  |TAMS 0x0000000084300000, 0x0000000084300000| Untracked 
|  68|0x0000000084400000, 0x0000000084500000, 0x0000000084500000|100%| O|  |TAMS 0x0000000084500000, 0x0000000084500000| Untracked 
|  69|0x0000000084500000, 0x0000000084600000, 0x0000000084600000|100%| O|  |TAMS 0x0000000084600000, 0x0000000084600000| Untracked 
|  70|0x0000000084600000, 0x0000000084700000, 0x0000000084700000|100%| O|  |TAMS 0x0000000084700000, 0x0000000084700000| Untracked 
|  71|0x0000000084700000, 0x0000000084800000, 0x0000000084800000|100%| O|  |TAMS 0x0000000084800000, 0x0000000084800000| Untracked 
|  72|0x0000000084800000, 0x0000000084900000, 0x0000000084900000|100%| O|  |TAMS 0x0000000084900000, 0x0000000084900000| Untracked 
|  73|0x0000000084900000, 0x0000000084a00000, 0x0000000084a00000|100%| O|  |TAMS 0x0000000084a00000, 0x0000000084a00000| Untracked 
|  74|0x0000000084a00000, 0x0000000084b00000, 0x0000000084b00000|100%| O|  |TAMS 0x0000000084b00000, 0x0000000084b00000| Untracked 
|  75|0x0000000084b00000, 0x0000000084c00000, 0x0000000084c00000|100%| O|  |TAMS 0x0000000084c00000, 0x0000000084c00000| Untracked 
|  76|0x0000000084c00000, 0x0000000084d00000, 0x0000000084d00000|100%| O|  |TAMS 0x0000000084d00000, 0x0000000084d00000| Untracked 
|  77|0x0000000084d00000, 0x0000000084e00000, 0x0000000084e00000|100%| O|  |TAMS 0x0000000084e00000, 0x0000000084e00000| Untracked 
|  78|0x0000000084e00000, 0x0000000084f00000, 0x0000000084f00000|100%| O|  |TAMS 0x0000000084f00000, 0x0000000084f00000| Untracked 
|  79|0x0000000084f00000, 0x0000000085000000, 0x0000000085000000|100%| O|  |TAMS 0x0000000085000000, 0x0000000085000000| Untracked 
|  80|0x0000000085000000, 0x0000000085100000, 0x0000000085100000|100%| O|  |TAMS 0x0000000085100000, 0x0000000085100000| Untracked 
|  81|0x0000000085100000, 0x0000000085200000, 0x0000000085200000|100%| O|  |TAMS 0x0000000085200000, 0x0000000085200000| Untracked 
|  82|0x0000000085200000, 0x0000000085300000, 0x0000000085300000|100%| O|  |TAMS 0x0000000085300000, 0x0000000085300000| Untracked 
|  83|0x0000000085300000, 0x0000000085400000, 0x0000000085400000|100%| O|  |TAMS 0x0000000085400000, 0x0000000085400000| Untracked 
|  84|0x0000000085400000, 0x0000000085500000, 0x0000000085500000|100%| O|  |TAMS 0x0000000085500000, 0x0000000085500000| Untracked 
|  85|0x0000000085500000, 0x0000000085600000, 0x0000000085600000|100%| O|  |TAMS 0x0000000085600000, 0x0000000085600000| Untracked 
|  86|0x0000000085600000, 0x0000000085700000, 0x0000000085700000|100%| O|  |TAMS 0x0000000085600000, 0x0000000085700000| Untracked 
|  87|0x0000000085700000, 0x0000000085800000, 0x0000000085800000|100%| O|  |TAMS 0x0000000085800000, 0x0000000085800000| Untracked 
|  88|0x0000000085800000, 0x0000000085900000, 0x0000000085900000|100%| O|  |TAMS 0x0000000085900000, 0x0000000085900000| Untracked 
|  89|0x0000000085900000, 0x0000000085a00000, 0x0000000085a00000|100%| O|  |TAMS 0x0000000085a00000, 0x0000000085a00000| Untracked 
|  90|0x0000000085a00000, 0x0000000085b00000, 0x0000000085b00000|100%| O|  |TAMS 0x0000000085b00000, 0x0000000085b00000| Untracked 
|  91|0x0000000085b00000, 0x0000000085c00000, 0x0000000085c00000|100%| O|  |TAMS 0x0000000085c00000, 0x0000000085c00000| Untracked 
|  92|0x0000000085c00000, 0x0000000085d00000, 0x0000000085d00000|100%| O|  |TAMS 0x0000000085c00000, 0x0000000085d00000| Untracked 
|  93|0x0000000085d00000, 0x0000000085e00000, 0x0000000085e00000|100%| O|  |TAMS 0x0000000085e00000, 0x0000000085e00000| Untracked 
|  94|0x0000000085e00000, 0x0000000085f00000, 0x0000000085f00000|100%| O|  |TAMS 0x0000000085e00000, 0x0000000085f00000| Untracked 
|  95|0x0000000085f00000, 0x0000000086000000, 0x0000000086000000|100%| O|  |TAMS 0x0000000086000000, 0x0000000086000000| Untracked 
|  96|0x0000000086000000, 0x0000000086000000, 0x0000000086100000|  0%| F|  |TAMS 0x0000000086000000, 0x0000000086000000| Untracked 
|  97|0x0000000086100000, 0x0000000086200000, 0x0000000086200000|100%|HS|  |TAMS 0x0000000086200000, 0x0000000086200000| Complete 
|  98|0x0000000086200000, 0x0000000086300000, 0x0000000086300000|100%|HC|  |TAMS 0x0000000086300000, 0x0000000086300000| Complete 
|  99|0x0000000086300000, 0x0000000086400000, 0x0000000086400000|100%|HC|  |TAMS 0x0000000086400000, 0x0000000086400000| Complete 
| 100|0x0000000086400000, 0x0000000086500000, 0x0000000086500000|100%|HC|  |TAMS 0x0000000086500000, 0x0000000086500000| Complete 
| 101|0x0000000086500000, 0x0000000086600000, 0x0000000086600000|100%| O|  |TAMS 0x0000000086600000, 0x0000000086600000| Untracked 
| 102|0x0000000086600000, 0x0000000086700000, 0x0000000086700000|100%| O|  |TAMS 0x0000000086700000, 0x0000000086700000| Untracked 
| 103|0x0000000086700000, 0x0000000086800000, 0x0000000086800000|100%| O|  |TAMS 0x0000000086800000, 0x0000000086800000| Untracked 
| 104|0x0000000086800000, 0x0000000086900000, 0x0000000086900000|100%| O|  |TAMS 0x0000000086900000, 0x0000000086900000| Untracked 
| 105|0x0000000086900000, 0x0000000086a00000, 0x0000000086a00000|100%| O|  |TAMS 0x0000000086a00000, 0x0000000086a00000| Untracked 
| 106|0x0000000086a00000, 0x0000000086b00000, 0x0000000086b00000|100%| O|  |TAMS 0x0000000086b00000, 0x0000000086b00000| Untracked 
| 107|0x0000000086b00000, 0x0000000086c00000, 0x0000000086c00000|100%| O|  |TAMS 0x0000000086c00000, 0x0000000086c00000| Untracked 
| 108|0x0000000086c00000, 0x0000000086d00000, 0x0000000086d00000|100%| O|  |TAMS 0x0000000086d00000, 0x0000000086d00000| Untracked 
| 109|0x0000000086d00000, 0x0000000086e00000, 0x0000000086e00000|100%| O|  |TAMS 0x0000000086e00000, 0x0000000086e00000| Untracked 
| 110|0x0000000086e00000, 0x0000000086f00000, 0x0000000086f00000|100%| O|  |TAMS 0x0000000086e00000, 0x0000000086f00000| Untracked 
| 111|0x0000000086f00000, 0x0000000087000000, 0x0000000087000000|100%| O|  |TAMS 0x0000000087000000, 0x0000000087000000| Untracked 
| 112|0x0000000087000000, 0x0000000087100000, 0x0000000087100000|100%| O|  |TAMS 0x0000000087100000, 0x0000000087100000| Untracked 
| 113|0x0000000087100000, 0x0000000087200000, 0x0000000087200000|100%| O|  |TAMS 0x0000000087200000, 0x0000000087200000| Untracked 
| 114|0x0000000087200000, 0x0000000087300000, 0x0000000087300000|100%| O|  |TAMS 0x0000000087200000, 0x0000000087300000| Untracked 
| 115|0x0000000087300000, 0x0000000087400000, 0x0000000087400000|100%| O|  |TAMS 0x0000000087400000, 0x0000000087400000| Untracked 
| 116|0x0000000087400000, 0x0000000087500000, 0x0000000087500000|100%| O|  |TAMS 0x0000000087500000, 0x0000000087500000| Untracked 
| 117|0x0000000087500000, 0x0000000087600000, 0x0000000087600000|100%| O|  |TAMS 0x0000000087500000, 0x0000000087600000| Untracked 
| 118|0x0000000087600000, 0x0000000087700000, 0x0000000087700000|100%| O|  |TAMS 0x0000000087600000, 0x0000000087700000| Untracked 
| 119|0x0000000087700000, 0x0000000087800000, 0x0000000087800000|100%| O|  |TAMS 0x0000000087700000, 0x0000000087800000| Untracked 
| 120|0x0000000087800000, 0x0000000087800000, 0x0000000087900000|  0%| F|  |TAMS 0x0000000087800000, 0x0000000087800000| Untracked 
| 121|0x0000000087900000, 0x0000000087a00000, 0x0000000087a00000|100%| O|  |TAMS 0x0000000087a00000, 0x0000000087a00000| Untracked 
| 122|0x0000000087a00000, 0x0000000087b00000, 0x0000000087b00000|100%| O|  |TAMS 0x0000000087b00000, 0x0000000087b00000| Untracked 
| 123|0x0000000087b00000, 0x0000000087b00000, 0x0000000087c00000|  0%| F|  |TAMS 0x0000000087b00000, 0x0000000087b00000| Untracked 
| 124|0x0000000087c00000, 0x0000000087c00000, 0x0000000087d00000|  0%| F|  |TAMS 0x0000000087c00000, 0x0000000087c00000| Untracked 
| 125|0x0000000087d00000, 0x0000000087e00000, 0x0000000087e00000|100%| O|  |TAMS 0x0000000087e00000, 0x0000000087e00000| Untracked 
| 126|0x0000000087e00000, 0x0000000087e00000, 0x0000000087f00000|  0%| F|  |TAMS 0x0000000087e00000, 0x0000000087e00000| Untracked 
| 127|0x0000000087f00000, 0x0000000088000000, 0x0000000088000000|100%| O|  |TAMS 0x0000000087fc6e00, 0x0000000088000000| Untracked 
| 128|0x0000000088000000, 0x0000000088100000, 0x0000000088100000|100%| O|  |TAMS 0x0000000088000000, 0x0000000088100000| Untracked 
| 129|0x0000000088100000, 0x0000000088200000, 0x0000000088200000|100%| O|  |TAMS 0x0000000088100000, 0x0000000088200000| Untracked 
| 130|0x0000000088200000, 0x0000000088300000, 0x0000000088300000|100%| O|  |TAMS 0x0000000088200000, 0x0000000088300000| Untracked 
| 131|0x0000000088300000, 0x0000000088400000, 0x0000000088400000|100%| O|  |TAMS 0x0000000088300000, 0x0000000088400000| Untracked 
| 132|0x0000000088400000, 0x0000000088500000, 0x0000000088500000|100%| O|  |TAMS 0x0000000088400000, 0x0000000088500000| Untracked 
| 133|0x0000000088500000, 0x0000000088600000, 0x0000000088600000|100%| O|  |TAMS 0x0000000088500000, 0x0000000088600000| Untracked 
| 134|0x0000000088600000, 0x0000000088700000, 0x0000000088700000|100%| O|  |TAMS 0x0000000088600000, 0x0000000088700000| Untracked 
| 135|0x0000000088700000, 0x0000000088800000, 0x0000000088800000|100%| O|  |TAMS 0x0000000088700000, 0x0000000088800000| Untracked 
| 136|0x0000000088800000, 0x0000000088900000, 0x0000000088900000|100%| O|  |TAMS 0x0000000088800000, 0x0000000088900000| Untracked 
| 137|0x0000000088900000, 0x0000000088a00000, 0x0000000088a00000|100%| O|  |TAMS 0x0000000088900000, 0x0000000088a00000| Untracked 
| 138|0x0000000088a00000, 0x0000000088b00000, 0x0000000088b00000|100%| O|  |TAMS 0x0000000088a00000, 0x0000000088b00000| Untracked 
| 139|0x0000000088b00000, 0x0000000088c00000, 0x0000000088c00000|100%| O|  |TAMS 0x0000000088b00000, 0x0000000088c00000| Untracked 
| 140|0x0000000088c00000, 0x0000000088d00000, 0x0000000088d00000|100%| O|  |TAMS 0x0000000088c00000, 0x0000000088d00000| Untracked 
| 141|0x0000000088d00000, 0x0000000088e00000, 0x0000000088e00000|100%| O|  |TAMS 0x0000000088d00000, 0x0000000088e00000| Untracked 
| 142|0x0000000088e00000, 0x0000000088f00000, 0x0000000088f00000|100%| O|  |TAMS 0x0000000088e00000, 0x0000000088f00000| Untracked 
| 143|0x0000000088f00000, 0x0000000089000000, 0x0000000089000000|100%| O|  |TAMS 0x0000000088f00000, 0x0000000089000000| Untracked 
| 144|0x0000000089000000, 0x0000000089100000, 0x0000000089100000|100%| O|  |TAMS 0x0000000089000000, 0x0000000089100000| Untracked 
| 145|0x0000000089100000, 0x0000000089200000, 0x0000000089200000|100%| O|  |TAMS 0x0000000089100000, 0x0000000089200000| Untracked 
| 146|0x0000000089200000, 0x0000000089300000, 0x0000000089300000|100%| O|  |TAMS 0x0000000089200000, 0x0000000089300000| Untracked 
| 147|0x0000000089300000, 0x0000000089400000, 0x0000000089400000|100%| O|  |TAMS 0x0000000089300000, 0x0000000089400000| Untracked 
| 148|0x0000000089400000, 0x0000000089500000, 0x0000000089500000|100%| O|  |TAMS 0x0000000089400000, 0x0000000089500000| Untracked 
| 149|0x0000000089500000, 0x0000000089600000, 0x0000000089600000|100%| O|  |TAMS 0x0000000089500000, 0x0000000089600000| Untracked 
| 150|0x0000000089600000, 0x0000000089700000, 0x0000000089700000|100%| O|  |TAMS 0x0000000089600000, 0x0000000089700000| Untracked 
| 151|0x0000000089700000, 0x0000000089800000, 0x0000000089800000|100%| O|  |TAMS 0x0000000089700000, 0x0000000089800000| Untracked 
| 152|0x0000000089800000, 0x0000000089900000, 0x0000000089900000|100%| O|  |TAMS 0x0000000089800000, 0x0000000089900000| Untracked 
| 153|0x0000000089900000, 0x0000000089a00000, 0x0000000089a00000|100%| O|  |TAMS 0x0000000089900000, 0x0000000089a00000| Untracked 
| 154|0x0000000089a00000, 0x0000000089b00000, 0x0000000089b00000|100%| O|  |TAMS 0x0000000089a00000, 0x0000000089b00000| Untracked 
| 155|0x0000000089b00000, 0x0000000089c00000, 0x0000000089c00000|100%| O|  |TAMS 0x0000000089b00000, 0x0000000089c00000| Untracked 
| 156|0x0000000089c00000, 0x0000000089d00000, 0x0000000089d00000|100%| O|  |TAMS 0x0000000089c00000, 0x0000000089d00000| Untracked 
| 157|0x0000000089d00000, 0x0000000089d00000, 0x0000000089e00000|  0%| F|  |TAMS 0x0000000089d00000, 0x0000000089d00000| Untracked 
| 158|0x0000000089e00000, 0x0000000089e00000, 0x0000000089f00000|  0%| F|  |TAMS 0x0000000089e00000, 0x0000000089e00000| Untracked 
| 159|0x0000000089f00000, 0x0000000089f00000, 0x000000008a000000|  0%| F|  |TAMS 0x0000000089f00000, 0x0000000089f00000| Untracked 
| 160|0x000000008a000000, 0x000000008a000000, 0x000000008a100000|  0%| F|  |TAMS 0x000000008a000000, 0x000000008a000000| Untracked 
| 161|0x000000008a100000, 0x000000008a100000, 0x000000008a200000|  0%| F|  |TAMS 0x000000008a100000, 0x000000008a100000| Untracked 
| 162|0x000000008a200000, 0x000000008a200000, 0x000000008a300000|  0%| F|  |TAMS 0x000000008a200000, 0x000000008a200000| Untracked 
| 163|0x000000008a300000, 0x000000008a300000, 0x000000008a400000|  0%| F|  |TAMS 0x000000008a300000, 0x000000008a300000| Untracked 
| 164|0x000000008a400000, 0x000000008a400000, 0x000000008a500000|  0%| F|  |TAMS 0x000000008a400000, 0x000000008a400000| Untracked 
| 165|0x000000008a500000, 0x000000008a500000, 0x000000008a600000|  0%| F|  |TAMS 0x000000008a500000, 0x000000008a500000| Untracked 
| 166|0x000000008a600000, 0x000000008a600000, 0x000000008a700000|  0%| F|  |TAMS 0x000000008a600000, 0x000000008a600000| Untracked 
| 167|0x000000008a700000, 0x000000008a700000, 0x000000008a800000|  0%| F|  |TAMS 0x000000008a700000, 0x000000008a700000| Untracked 
| 168|0x000000008a800000, 0x000000008a800000, 0x000000008a900000|  0%| F|  |TAMS 0x000000008a800000, 0x000000008a800000| Untracked 
| 169|0x000000008a900000, 0x000000008a900000, 0x000000008aa00000|  0%| F|  |TAMS 0x000000008a900000, 0x000000008a900000| Untracked 
| 170|0x000000008aa00000, 0x000000008aa00000, 0x000000008ab00000|  0%| F|  |TAMS 0x000000008aa00000, 0x000000008aa00000| Untracked 
| 171|0x000000008ab00000, 0x000000008ab00000, 0x000000008ac00000|  0%| F|  |TAMS 0x000000008ab00000, 0x000000008ab00000| Untracked 
| 172|0x000000008ac00000, 0x000000008ac00000, 0x000000008ad00000|  0%| F|  |TAMS 0x000000008ac00000, 0x000000008ac00000| Untracked 
| 173|0x000000008ad00000, 0x000000008ad00000, 0x000000008ae00000|  0%| F|  |TAMS 0x000000008ad00000, 0x000000008ad00000| Untracked 
| 174|0x000000008ae00000, 0x000000008ae00000, 0x000000008af00000|  0%| F|  |TAMS 0x000000008ae00000, 0x000000008ae00000| Untracked 
| 175|0x000000008af00000, 0x000000008af00000, 0x000000008b000000|  0%| F|  |TAMS 0x000000008af00000, 0x000000008af00000| Untracked 
| 176|0x000000008b000000, 0x000000008b000000, 0x000000008b100000|  0%| F|  |TAMS 0x000000008b000000, 0x000000008b000000| Untracked 
| 177|0x000000008b100000, 0x000000008b100000, 0x000000008b200000|  0%| F|  |TAMS 0x000000008b100000, 0x000000008b100000| Untracked 
| 178|0x000000008b200000, 0x000000008b200000, 0x000000008b300000|  0%| F|  |TAMS 0x000000008b200000, 0x000000008b200000| Untracked 
| 179|0x000000008b300000, 0x000000008b300000, 0x000000008b400000|  0%| F|  |TAMS 0x000000008b300000, 0x000000008b300000| Untracked 
| 180|0x000000008b400000, 0x000000008b400000, 0x000000008b500000|  0%| F|  |TAMS 0x000000008b400000, 0x000000008b400000| Untracked 
| 181|0x000000008b500000, 0x000000008b500000, 0x000000008b600000|  0%| F|  |TAMS 0x000000008b500000, 0x000000008b500000| Untracked 
| 182|0x000000008b600000, 0x000000008b600000, 0x000000008b700000|  0%| F|  |TAMS 0x000000008b600000, 0x000000008b600000| Untracked 
| 183|0x000000008b700000, 0x000000008b700000, 0x000000008b800000|  0%| F|  |TAMS 0x000000008b700000, 0x000000008b700000| Untracked 
| 184|0x000000008b800000, 0x000000008b800000, 0x000000008b900000|  0%| F|  |TAMS 0x000000008b800000, 0x000000008b800000| Untracked 
| 185|0x000000008b900000, 0x000000008b900000, 0x000000008ba00000|  0%| F|  |TAMS 0x000000008b900000, 0x000000008b900000| Untracked 
| 186|0x000000008ba00000, 0x000000008ba00000, 0x000000008bb00000|  0%| F|  |TAMS 0x000000008ba00000, 0x000000008ba00000| Untracked 
| 187|0x000000008bb00000, 0x000000008bb00000, 0x000000008bc00000|  0%| F|  |TAMS 0x000000008bb00000, 0x000000008bb00000| Untracked 
| 188|0x000000008bc00000, 0x000000008bc00000, 0x000000008bd00000|  0%| F|  |TAMS 0x000000008bc00000, 0x000000008bc00000| Untracked 
| 189|0x000000008bd00000, 0x000000008bd00000, 0x000000008be00000|  0%| F|  |TAMS 0x000000008bd00000, 0x000000008bd00000| Untracked 
| 190|0x000000008be00000, 0x000000008be00000, 0x000000008bf00000|  0%| F|  |TAMS 0x000000008be00000, 0x000000008be00000| Untracked 
| 191|0x000000008bf00000, 0x000000008bf00000, 0x000000008c000000|  0%| F|  |TAMS 0x000000008bf00000, 0x000000008bf00000| Untracked 
| 192|0x000000008c000000, 0x000000008c000000, 0x000000008c100000|  0%| F|  |TAMS 0x000000008c000000, 0x000000008c000000| Untracked 
| 193|0x000000008c100000, 0x000000008c100000, 0x000000008c200000|  0%| F|  |TAMS 0x000000008c100000, 0x000000008c100000| Untracked 
| 194|0x000000008c200000, 0x000000008c200000, 0x000000008c300000|  0%| F|  |TAMS 0x000000008c200000, 0x000000008c200000| Untracked 
| 195|0x000000008c300000, 0x000000008c300000, 0x000000008c400000|  0%| F|  |TAMS 0x000000008c300000, 0x000000008c300000| Untracked 
| 196|0x000000008c400000, 0x000000008c400000, 0x000000008c500000|  0%| F|  |TAMS 0x000000008c400000, 0x000000008c400000| Untracked 
| 197|0x000000008c500000, 0x000000008c500000, 0x000000008c600000|  0%| F|  |TAMS 0x000000008c500000, 0x000000008c500000| Untracked 
| 198|0x000000008c600000, 0x000000008c600000, 0x000000008c700000|  0%| F|  |TAMS 0x000000008c600000, 0x000000008c600000| Untracked 
| 199|0x000000008c700000, 0x000000008c700000, 0x000000008c800000|  0%| F|  |TAMS 0x000000008c700000, 0x000000008c700000| Untracked 
| 200|0x000000008c800000, 0x000000008c800000, 0x000000008c900000|  0%| F|  |TAMS 0x000000008c800000, 0x000000008c800000| Untracked 
| 201|0x000000008c900000, 0x000000008c900000, 0x000000008ca00000|  0%| F|  |TAMS 0x000000008c900000, 0x000000008c900000| Untracked 
| 202|0x000000008ca00000, 0x000000008ca00000, 0x000000008cb00000|  0%| F|  |TAMS 0x000000008ca00000, 0x000000008ca00000| Untracked 
| 203|0x000000008cb00000, 0x000000008cb00000, 0x000000008cc00000|  0%| F|  |TAMS 0x000000008cb00000, 0x000000008cb00000| Untracked 
| 204|0x000000008cc00000, 0x000000008cc00000, 0x000000008cd00000|  0%| F|  |TAMS 0x000000008cc00000, 0x000000008cc00000| Untracked 
| 205|0x000000008cd00000, 0x000000008cd00000, 0x000000008ce00000|  0%| F|  |TAMS 0x000000008cd00000, 0x000000008cd00000| Untracked 
| 206|0x000000008ce00000, 0x000000008ce00000, 0x000000008cf00000|  0%| F|  |TAMS 0x000000008ce00000, 0x000000008ce00000| Untracked 
| 207|0x000000008cf00000, 0x000000008cf00000, 0x000000008d000000|  0%| F|  |TAMS 0x000000008cf00000, 0x000000008cf00000| Untracked 
| 208|0x000000008d000000, 0x000000008d000000, 0x000000008d100000|  0%| F|  |TAMS 0x000000008d000000, 0x000000008d000000| Untracked 
| 209|0x000000008d100000, 0x000000008d100000, 0x000000008d200000|  0%| F|  |TAMS 0x000000008d100000, 0x000000008d100000| Untracked 
| 210|0x000000008d200000, 0x000000008d200000, 0x000000008d300000|  0%| F|  |TAMS 0x000000008d200000, 0x000000008d200000| Untracked 
| 211|0x000000008d300000, 0x000000008d300000, 0x000000008d400000|  0%| F|  |TAMS 0x000000008d300000, 0x000000008d300000| Untracked 
| 212|0x000000008d400000, 0x000000008d400000, 0x000000008d500000|  0%| F|  |TAMS 0x000000008d400000, 0x000000008d400000| Untracked 
| 213|0x000000008d500000, 0x000000008d500000, 0x000000008d600000|  0%| F|  |TAMS 0x000000008d500000, 0x000000008d500000| Untracked 
| 214|0x000000008d600000, 0x000000008d600000, 0x000000008d700000|  0%| F|  |TAMS 0x000000008d600000, 0x000000008d600000| Untracked 
| 215|0x000000008d700000, 0x000000008d700000, 0x000000008d800000|  0%| F|  |TAMS 0x000000008d700000, 0x000000008d700000| Untracked 
| 216|0x000000008d800000, 0x000000008d800000, 0x000000008d900000|  0%| F|  |TAMS 0x000000008d800000, 0x000000008d800000| Untracked 
| 217|0x000000008d900000, 0x000000008d900000, 0x000000008da00000|  0%| F|  |TAMS 0x000000008d900000, 0x000000008d900000| Untracked 
| 218|0x000000008da00000, 0x000000008da00000, 0x000000008db00000|  0%| F|  |TAMS 0x000000008da00000, 0x000000008da00000| Untracked 
| 219|0x000000008db00000, 0x000000008db00000, 0x000000008dc00000|  0%| F|  |TAMS 0x000000008db00000, 0x000000008db00000| Untracked 
| 220|0x000000008dc00000, 0x000000008dc00000, 0x000000008dd00000|  0%| F|  |TAMS 0x000000008dc00000, 0x000000008dc00000| Untracked 
| 221|0x000000008dd00000, 0x000000008dd00000, 0x000000008de00000|  0%| F|  |TAMS 0x000000008dd00000, 0x000000008dd00000| Untracked 
| 222|0x000000008de00000, 0x000000008de00000, 0x000000008df00000|  0%| F|  |TAMS 0x000000008de00000, 0x000000008de00000| Untracked 
| 223|0x000000008df00000, 0x000000008df00000, 0x000000008e000000|  0%| F|  |TAMS 0x000000008df00000, 0x000000008df00000| Untracked 
| 224|0x000000008e000000, 0x000000008e000000, 0x000000008e100000|  0%| F|  |TAMS 0x000000008e000000, 0x000000008e000000| Untracked 
| 225|0x000000008e100000, 0x000000008e100000, 0x000000008e200000|  0%| F|  |TAMS 0x000000008e100000, 0x000000008e100000| Untracked 
| 226|0x000000008e200000, 0x000000008e200000, 0x000000008e300000|  0%| F|  |TAMS 0x000000008e200000, 0x000000008e200000| Untracked 
| 227|0x000000008e300000, 0x000000008e300000, 0x000000008e400000|  0%| F|  |TAMS 0x000000008e300000, 0x000000008e300000| Untracked 
| 228|0x000000008e400000, 0x000000008e400000, 0x000000008e500000|  0%| F|  |TAMS 0x000000008e400000, 0x000000008e400000| Untracked 
| 229|0x000000008e500000, 0x000000008e500000, 0x000000008e600000|  0%| F|  |TAMS 0x000000008e500000, 0x000000008e500000| Untracked 
| 230|0x000000008e600000, 0x000000008e600000, 0x000000008e700000|  0%| F|  |TAMS 0x000000008e600000, 0x000000008e600000| Untracked 
| 231|0x000000008e700000, 0x000000008e700000, 0x000000008e800000|  0%| F|  |TAMS 0x000000008e700000, 0x000000008e700000| Untracked 
| 232|0x000000008e800000, 0x000000008e800000, 0x000000008e900000|  0%| F|  |TAMS 0x000000008e800000, 0x000000008e800000| Untracked 
| 233|0x000000008e900000, 0x000000008e900000, 0x000000008ea00000|  0%| F|  |TAMS 0x000000008e900000, 0x000000008e900000| Untracked 
| 234|0x000000008ea00000, 0x000000008ea00000, 0x000000008eb00000|  0%| F|  |TAMS 0x000000008ea00000, 0x000000008ea00000| Untracked 
| 235|0x000000008eb00000, 0x000000008eb00000, 0x000000008ec00000|  0%| F|  |TAMS 0x000000008eb00000, 0x000000008eb00000| Untracked 
| 236|0x000000008ec00000, 0x000000008ec00000, 0x000000008ed00000|  0%| F|  |TAMS 0x000000008ec00000, 0x000000008ec00000| Untracked 
| 237|0x000000008ed00000, 0x000000008ed00000, 0x000000008ee00000|  0%| F|  |TAMS 0x000000008ed00000, 0x000000008ed00000| Untracked 
| 238|0x000000008ee00000, 0x000000008ee00000, 0x000000008ef00000|  0%| F|  |TAMS 0x000000008ee00000, 0x000000008ee00000| Untracked 
| 239|0x000000008ef00000, 0x000000008ef00000, 0x000000008f000000|  0%| F|  |TAMS 0x000000008ef00000, 0x000000008ef00000| Untracked 
| 240|0x000000008f000000, 0x000000008f000000, 0x000000008f100000|  0%| F|  |TAMS 0x000000008f000000, 0x000000008f000000| Untracked 
| 241|0x000000008f100000, 0x000000008f100000, 0x000000008f200000|  0%| F|  |TAMS 0x000000008f100000, 0x000000008f100000| Untracked 
| 242|0x000000008f200000, 0x000000008f200000, 0x000000008f300000|  0%| F|  |TAMS 0x000000008f200000, 0x000000008f200000| Untracked 
| 243|0x000000008f300000, 0x000000008f300000, 0x000000008f400000|  0%| F|  |TAMS 0x000000008f300000, 0x000000008f300000| Untracked 
| 244|0x000000008f400000, 0x000000008f400000, 0x000000008f500000|  0%| F|  |TAMS 0x000000008f400000, 0x000000008f400000| Untracked 
| 245|0x000000008f500000, 0x000000008f500000, 0x000000008f600000|  0%| F|  |TAMS 0x000000008f500000, 0x000000008f500000| Untracked 
| 246|0x000000008f600000, 0x000000008f600000, 0x000000008f700000|  0%| F|  |TAMS 0x000000008f600000, 0x000000008f600000| Untracked 
| 247|0x000000008f700000, 0x000000008f700000, 0x000000008f800000|  0%| F|  |TAMS 0x000000008f700000, 0x000000008f700000| Untracked 
| 248|0x000000008f800000, 0x000000008f800000, 0x000000008f900000|  0%| F|  |TAMS 0x000000008f800000, 0x000000008f800000| Untracked 
| 249|0x000000008f900000, 0x000000008f900000, 0x000000008fa00000|  0%| F|  |TAMS 0x000000008f900000, 0x000000008f900000| Untracked 
| 250|0x000000008fa00000, 0x000000008fa00000, 0x000000008fb00000|  0%| F|  |TAMS 0x000000008fa00000, 0x000000008fa00000| Untracked 
| 251|0x000000008fb00000, 0x000000008fb00000, 0x000000008fc00000|  0%| F|  |TAMS 0x000000008fb00000, 0x000000008fb00000| Untracked 
| 252|0x000000008fc00000, 0x000000008fc00000, 0x000000008fd00000|  0%| F|  |TAMS 0x000000008fc00000, 0x000000008fc00000| Untracked 
| 253|0x000000008fd00000, 0x000000008fd00000, 0x000000008fe00000|  0%| F|  |TAMS 0x000000008fd00000, 0x000000008fd00000| Untracked 
| 254|0x000000008fe00000, 0x000000008fe00000, 0x000000008ff00000|  0%| F|  |TAMS 0x000000008fe00000, 0x000000008fe00000| Untracked 
| 255|0x000000008ff00000, 0x000000008ff00000, 0x0000000090000000|  0%| F|  |TAMS 0x000000008ff00000, 0x000000008ff00000| Untracked 
| 256|0x0000000090000000, 0x0000000090000000, 0x0000000090100000|  0%| F|  |TAMS 0x0000000090000000, 0x0000000090000000| Untracked 
| 257|0x0000000090100000, 0x0000000090100000, 0x0000000090200000|  0%| F|  |TAMS 0x0000000090100000, 0x0000000090100000| Untracked 
| 258|0x0000000090200000, 0x0000000090200000, 0x0000000090300000|  0%| F|  |TAMS 0x0000000090200000, 0x0000000090200000| Untracked 
| 259|0x0000000090300000, 0x0000000090300000, 0x0000000090400000|  0%| F|  |TAMS 0x0000000090300000, 0x0000000090300000| Untracked 
| 260|0x0000000090400000, 0x0000000090400000, 0x0000000090500000|  0%| F|  |TAMS 0x0000000090400000, 0x0000000090400000| Untracked 
| 261|0x0000000090500000, 0x0000000090500000, 0x0000000090600000|  0%| F|  |TAMS 0x0000000090500000, 0x0000000090500000| Untracked 
| 262|0x0000000090600000, 0x0000000090600000, 0x0000000090700000|  0%| F|  |TAMS 0x0000000090600000, 0x0000000090600000| Untracked 
| 263|0x0000000090700000, 0x0000000090700000, 0x0000000090800000|  0%| F|  |TAMS 0x0000000090700000, 0x0000000090700000| Untracked 
| 264|0x0000000090800000, 0x0000000090800000, 0x0000000090900000|  0%| F|  |TAMS 0x0000000090800000, 0x0000000090800000| Untracked 
| 265|0x0000000090900000, 0x0000000090900000, 0x0000000090a00000|  0%| F|  |TAMS 0x0000000090900000, 0x0000000090900000| Untracked 
| 266|0x0000000090a00000, 0x0000000090a00000, 0x0000000090b00000|  0%| F|  |TAMS 0x0000000090a00000, 0x0000000090a00000| Untracked 
| 267|0x0000000090b00000, 0x0000000090b00000, 0x0000000090c00000|  0%| F|  |TAMS 0x0000000090b00000, 0x0000000090b00000| Untracked 
| 268|0x0000000090c00000, 0x0000000090c00000, 0x0000000090d00000|  0%| F|  |TAMS 0x0000000090c00000, 0x0000000090c00000| Untracked 
| 269|0x0000000090d00000, 0x0000000090d00000, 0x0000000090e00000|  0%| F|  |TAMS 0x0000000090d00000, 0x0000000090d00000| Untracked 
| 270|0x0000000090e00000, 0x0000000090e00000, 0x0000000090f00000|  0%| F|  |TAMS 0x0000000090e00000, 0x0000000090e00000| Untracked 
| 271|0x0000000090f00000, 0x0000000090f00000, 0x0000000091000000|  0%| F|  |TAMS 0x0000000090f00000, 0x0000000090f00000| Untracked 
| 272|0x0000000091000000, 0x0000000091000000, 0x0000000091100000|  0%| F|  |TAMS 0x0000000091000000, 0x0000000091000000| Untracked 
| 273|0x0000000091100000, 0x0000000091100000, 0x0000000091200000|  0%| F|  |TAMS 0x0000000091100000, 0x0000000091100000| Untracked 
| 274|0x0000000091200000, 0x0000000091200000, 0x0000000091300000|  0%| F|  |TAMS 0x0000000091200000, 0x0000000091200000| Untracked 
| 275|0x0000000091300000, 0x0000000091300000, 0x0000000091400000|  0%| F|  |TAMS 0x0000000091300000, 0x0000000091300000| Untracked 
| 276|0x0000000091400000, 0x0000000091400000, 0x0000000091500000|  0%| F|  |TAMS 0x0000000091400000, 0x0000000091400000| Untracked 
| 277|0x0000000091500000, 0x0000000091500000, 0x0000000091600000|  0%| F|  |TAMS 0x0000000091500000, 0x0000000091500000| Untracked 
| 278|0x0000000091600000, 0x0000000091600000, 0x0000000091700000|  0%| F|  |TAMS 0x0000000091600000, 0x0000000091600000| Untracked 
| 279|0x0000000091700000, 0x0000000091700000, 0x0000000091800000|  0%| F|  |TAMS 0x0000000091700000, 0x0000000091700000| Untracked 
| 280|0x0000000091800000, 0x0000000091800000, 0x0000000091900000|  0%| F|  |TAMS 0x0000000091800000, 0x0000000091800000| Untracked 
| 281|0x0000000091900000, 0x00000000919eeb78, 0x0000000091a00000| 93%| S|CS|TAMS 0x0000000091900000, 0x0000000091900000| Complete 
| 282|0x0000000091a00000, 0x0000000091b00000, 0x0000000091b00000|100%| S|CS|TAMS 0x0000000091a00000, 0x0000000091a00000| Complete 
| 283|0x0000000091b00000, 0x0000000091c00000, 0x0000000091c00000|100%| S|CS|TAMS 0x0000000091b00000, 0x0000000091b00000| Complete 
| 284|0x0000000091c00000, 0x0000000091d00000, 0x0000000091d00000|100%| S|CS|TAMS 0x0000000091c00000, 0x0000000091c00000| Complete 
| 285|0x0000000091d00000, 0x0000000091d00000, 0x0000000091e00000|  0%| F|  |TAMS 0x0000000091d00000, 0x0000000091d00000| Untracked 
| 286|0x0000000091e00000, 0x0000000091e00000, 0x0000000091f00000|  0%| F|  |TAMS 0x0000000091e00000, 0x0000000091e00000| Untracked 
| 287|0x0000000091f00000, 0x0000000091f00000, 0x0000000092000000|  0%| F|  |TAMS 0x0000000091f00000, 0x0000000091f00000| Untracked 
| 288|0x0000000092000000, 0x0000000092000000, 0x0000000092100000|  0%| F|  |TAMS 0x0000000092000000, 0x0000000092000000| Untracked 
| 289|0x0000000092100000, 0x0000000092100000, 0x0000000092200000|  0%| F|  |TAMS 0x0000000092100000, 0x0000000092100000| Untracked 
| 290|0x0000000092200000, 0x0000000092200000, 0x0000000092300000|  0%| F|  |TAMS 0x0000000092200000, 0x0000000092200000| Untracked 
| 291|0x0000000092300000, 0x0000000092300000, 0x0000000092400000|  0%| F|  |TAMS 0x0000000092300000, 0x0000000092300000| Untracked 
| 292|0x0000000092400000, 0x0000000092400000, 0x0000000092500000|  0%| F|  |TAMS 0x0000000092400000, 0x0000000092400000| Untracked 
| 293|0x0000000092500000, 0x0000000092500000, 0x0000000092600000|  0%| F|  |TAMS 0x0000000092500000, 0x0000000092500000| Untracked 
| 294|0x0000000092600000, 0x0000000092600000, 0x0000000092700000|  0%| F|  |TAMS 0x0000000092600000, 0x0000000092600000| Untracked 
| 295|0x0000000092700000, 0x0000000092700000, 0x0000000092800000|  0%| F|  |TAMS 0x0000000092700000, 0x0000000092700000| Untracked 
| 296|0x0000000092800000, 0x0000000092800000, 0x0000000092900000|  0%| F|  |TAMS 0x0000000092800000, 0x0000000092800000| Untracked 
| 297|0x0000000092900000, 0x0000000092900000, 0x0000000092a00000|  0%| F|  |TAMS 0x0000000092900000, 0x0000000092900000| Untracked 
| 298|0x0000000092a00000, 0x0000000092a00000, 0x0000000092b00000|  0%| F|  |TAMS 0x0000000092a00000, 0x0000000092a00000| Untracked 
| 299|0x0000000092b00000, 0x0000000092b00000, 0x0000000092c00000|  0%| F|  |TAMS 0x0000000092b00000, 0x0000000092b00000| Untracked 
| 300|0x0000000092c00000, 0x0000000092c00000, 0x0000000092d00000|  0%| F|  |TAMS 0x0000000092c00000, 0x0000000092c00000| Untracked 
| 301|0x0000000092d00000, 0x0000000092d00000, 0x0000000092e00000|  0%| F|  |TAMS 0x0000000092d00000, 0x0000000092d00000| Untracked 
| 302|0x0000000092e00000, 0x0000000092e00000, 0x0000000092f00000|  0%| F|  |TAMS 0x0000000092e00000, 0x0000000092e00000| Untracked 
| 303|0x0000000092f00000, 0x0000000092f00000, 0x0000000093000000|  0%| F|  |TAMS 0x0000000092f00000, 0x0000000092f00000| Untracked 
| 304|0x0000000093000000, 0x0000000093000000, 0x0000000093100000|  0%| F|  |TAMS 0x0000000093000000, 0x0000000093000000| Untracked 
| 305|0x0000000093100000, 0x0000000093100000, 0x0000000093200000|  0%| F|  |TAMS 0x0000000093100000, 0x0000000093100000| Untracked 
| 306|0x0000000093200000, 0x0000000093200000, 0x0000000093300000|  0%| F|  |TAMS 0x0000000093200000, 0x0000000093200000| Untracked 
| 307|0x0000000093300000, 0x0000000093300000, 0x0000000093400000|  0%| F|  |TAMS 0x0000000093300000, 0x0000000093300000| Untracked 
| 308|0x0000000093400000, 0x0000000093400000, 0x0000000093500000|  0%| F|  |TAMS 0x0000000093400000, 0x0000000093400000| Untracked 
| 309|0x0000000093500000, 0x0000000093500000, 0x0000000093600000|  0%| F|  |TAMS 0x0000000093500000, 0x0000000093500000| Untracked 
| 310|0x0000000093600000, 0x0000000093600000, 0x0000000093700000|  0%| F|  |TAMS 0x0000000093600000, 0x0000000093600000| Untracked 
| 311|0x0000000093700000, 0x0000000093700000, 0x0000000093800000|  0%| F|  |TAMS 0x0000000093700000, 0x0000000093700000| Untracked 
| 312|0x0000000093800000, 0x0000000093800000, 0x0000000093900000|  0%| F|  |TAMS 0x0000000093800000, 0x0000000093800000| Untracked 
| 313|0x0000000093900000, 0x0000000093900000, 0x0000000093a00000|  0%| F|  |TAMS 0x0000000093900000, 0x0000000093900000| Untracked 
| 314|0x0000000093a00000, 0x0000000093a00000, 0x0000000093b00000|  0%| F|  |TAMS 0x0000000093a00000, 0x0000000093a00000| Untracked 
| 315|0x0000000093b00000, 0x0000000093b00000, 0x0000000093c00000|  0%| F|  |TAMS 0x0000000093b00000, 0x0000000093b00000| Untracked 
| 316|0x0000000093c00000, 0x0000000093c00000, 0x0000000093d00000|  0%| F|  |TAMS 0x0000000093c00000, 0x0000000093c00000| Untracked 
| 317|0x0000000093d00000, 0x0000000093d00000, 0x0000000093e00000|  0%| F|  |TAMS 0x0000000093d00000, 0x0000000093d00000| Untracked 
| 318|0x0000000093e00000, 0x0000000093e00000, 0x0000000093f00000|  0%| F|  |TAMS 0x0000000093e00000, 0x0000000093e00000| Untracked 
| 319|0x0000000093f00000, 0x0000000093f00000, 0x0000000094000000|  0%| F|  |TAMS 0x0000000093f00000, 0x0000000093f00000| Untracked 
| 320|0x0000000094000000, 0x0000000094000000, 0x0000000094100000|  0%| F|  |TAMS 0x0000000094000000, 0x0000000094000000| Untracked 
| 321|0x0000000094100000, 0x0000000094100000, 0x0000000094200000|  0%| F|  |TAMS 0x0000000094100000, 0x0000000094100000| Untracked 
| 540|0x00000000a1c00000, 0x00000000a1c00000, 0x00000000a1d00000|  0%| F|  |TAMS 0x00000000a1c00000, 0x00000000a1c00000| Untracked 
| 541|0x00000000a1d00000, 0x00000000a1d00000, 0x00000000a1e00000|  0%| F|  |TAMS 0x00000000a1d00000, 0x00000000a1d00000| Untracked 

Card table byte_map: [0x000001f163da0000,0x000001f1641a0000] _byte_map_base: 0x000001f1639a0000

Marking Bits (Prev, Next): (CMBitMap*) 0x000001f14cf21050, (CMBitMap*) 0x000001f14cf21010
 Prev Bits: [0x000001f1665a0000, 0x000001f1685a0000)
 Next Bits: [0x000001f1645a0000, 0x000001f1665a0000)

Polling page: 0x000001f14ad00000

Metaspace:

Usage:
  Non-class:    125.43 MB used.
      Class:     17.74 MB used.
       Both:    143.17 MB used.

Virtual space:
  Non-class space:      128.00 MB reserved,     125.88 MB ( 98%) committed,  16 nodes.
      Class space:        1.00 GB reserved,      18.19 MB (  2%) committed,  1 nodes.
             Both:        1.12 GB reserved,     144.06 MB ( 13%) committed. 

Chunk freelists:
   Non-Class:  1.97 MB
       Class:  1.78 MB
        Both:  3.75 MB

MaxMetaspaceSize: unlimited
CompressedClassSpaceSize: 1.00 GB
Initial GC threshold: 21.00 MB
Current GC threshold: 233.69 MB
CDS: on
MetaspaceReclaimPolicy: balanced
 - commit_granule_bytes: 65536.
 - commit_granule_words: 8192.
 - virtual_space_node_default_size: 1048576.
 - enlarge_chunks_in_place: 1.
 - new_chunks_are_fully_committed: 0.
 - uncommit_free_chunks: 1.
 - use_allocation_guard: 0.
 - handle_deallocations: 1.


Internal statistics:

num_allocs_failed_limit: 6.
num_arena_births: 1292.
num_arena_deaths: 112.
num_vsnodes_births: 17.
num_vsnodes_deaths: 0.
num_space_committed: 2303.
num_space_uncommitted: 0.
num_chunks_returned_to_freelist: 128.
num_chunks_taken_from_freelist: 6652.
num_chunk_merges: 36.
num_chunk_splits: 4921.
num_chunks_enlarged: 3832.
num_purges: 4.
num_inconsistent_stats: 0.

CodeHeap 'non-profiled nmethods': size=120064Kb used=11276Kb max_used=11276Kb free=108787Kb
 bounds [0x000001f15c460000, 0x000001f15cf70000, 0x000001f1639a0000]
CodeHeap 'profiled nmethods': size=120000Kb used=39234Kb max_used=39234Kb free=80766Kb
 bounds [0x000001f154f30000, 0x000001f157590000, 0x000001f15c460000]
CodeHeap 'non-nmethods': size=5696Kb used=2580Kb max_used=2622Kb free=3116Kb
 bounds [0x000001f1549a0000, 0x000001f154c40000, 0x000001f154f30000]
 total_blobs=18230 nmethods=17084 adapters=1054
 compilation: enabled
              stopped_count=0, restarted_count=0
 full_count=0

Compilation events (20 events):
Event: 3641.658 Thread 0x000001f16a71c4f0 20086       3       sun.nio.fs.WindowsPath::normalize (5 bytes)
Event: 3641.658 Thread 0x000001f16a71c4f0 nmethod 20086 0x000001f15757b710 code [0x000001f15757b8a0, 0x000001f15757ba68]
Event: 3641.672 Thread 0x000001f16a71aa40 nmethod 20068 0x000001f15cf58010 code [0x000001f15cf585c0, 0x000001f15cf5fda8]
Event: 3641.672 Thread 0x000001f16a71aa40 20078       4       org.gradle.internal.instantiation.generator.AbstractClassGenerator::inspectType (560 bytes)
Event: 3641.972 Thread 0x000001f16a71c4f0 20087       3       sun.net.www.protocol.jar.Handler::openConnection (10 bytes)
Event: 3641.972 Thread 0x000001f16a71c4f0 nmethod 20087 0x000001f15757bb10 code [0x000001f15757bcc0, 0x000001f15757be68]
Event: 3641.972 Thread 0x000001f16a71c4f0 20088       3       java.net.JarURLConnection::<init> (11 bytes)
Event: 3641.972 Thread 0x000001f16a71c4f0 nmethod 20088 0x000001f15757bf10 code [0x000001f15757c0c0, 0x000001f15757c238]
Event: 3641.972 Thread 0x000001f16a71c4f0 20089       3       sun.net.www.protocol.jar.JarURLConnection::getInputStream (97 bytes)
Event: 3641.973 Thread 0x000001f16a71c4f0 nmethod 20089 0x000001f15757c310 code [0x000001f15757c5e0, 0x000001f15757d348]
Event: 3641.973 Thread 0x000001f16a71c4f0 20090   !   3       sun.net.www.protocol.jar.JarFileFactory::getOrCreate (91 bytes)
Event: 3641.974 Thread 0x000001f16a71c4f0 nmethod 20090 0x000001f15757d810 code [0x000001f15757da60, 0x000001f15757e198]
Event: 3641.974 Thread 0x000001f16a71c4f0 20091       3       sun.net.www.protocol.jar.URLJarFile::getEntry (69 bytes)
Event: 3641.976 Thread 0x000001f16a71c4f0 nmethod 20091 0x000001f15757e490 code [0x000001f15757e7e0, 0x000001f15757fc58]
Event: 3641.987 Thread 0x000001f16a71c4f0 20093   !   3       java.util.zip.Inflater::getBytesWritten (23 bytes)
Event: 3641.988 Thread 0x000001f16a71c4f0 nmethod 20093 0x000001f157580210 code [0x000001f1575803c0, 0x000001f1575805e8]
Event: 3641.988 Thread 0x000001f16a71c4f0 20094   !   3       sun.nio.cs.StreamDecoder::inReady (36 bytes)
Event: 3641.988 Thread 0x000001f16a71c4f0 nmethod 20094 0x000001f157580710 code [0x000001f1575808c0, 0x000001f157580ca8]
Event: 3641.989 Thread 0x000001f16a71c4f0 20095       3       java.util.zip.ZipFile$ZipFileInflaterInputStream::available (44 bytes)
Event: 3641.989 Thread 0x000001f16a71c4f0 nmethod 20095 0x000001f157580d90 code [0x000001f157580f60, 0x000001f1575812e8]

GC Heap History (20 events):
Event: 2748.465 GC heap after
{Heap after GC invocations=64 (full 0):
 garbage-first heap   total 331776K, used 116798K [0x0000000080000000, 0x0000000100000000)
  region size 1024K, 1 young (1024K), 1 survivors (1024K)
 Metaspace       used 130212K, committed 130944K, reserved 1163264K
  class space    used 16346K, committed 16704K, reserved 1048576K
}
Event: 2750.668 GC heap before
{Heap before GC invocations=64 (full 0):
 garbage-first heap   total 331776K, used 141374K [0x0000000080000000, 0x0000000100000000)
  region size 1024K, 26 young (26624K), 1 survivors (1024K)
 Metaspace       used 130284K, committed 131008K, reserved 1163264K
  class space    used 16346K, committed 16704K, reserved 1048576K
}
Event: 2750.681 GC heap after
{Heap after GC invocations=65 (full 0):
 garbage-first heap   total 331776K, used 120068K [0x0000000080000000, 0x0000000100000000)
  region size 1024K, 4 young (4096K), 4 survivors (4096K)
 Metaspace       used 130284K, committed 131008K, reserved 1163264K
  class space    used 16346K, committed 16704K, reserved 1048576K
}
Event: 2763.466 GC heap before
{Heap before GC invocations=66 (full 0):
 garbage-first heap   total 331776K, used 264452K [0x0000000080000000, 0x0000000100000000)
  region size 1024K, 143 young (146432K), 4 survivors (4096K)
 Metaspace       used 131020K, committed 131712K, reserved 1171456K
  class space    used 16354K, committed 16704K, reserved 1048576K
}
Event: 2763.485 GC heap after
{Heap after GC invocations=67 (full 0):
 garbage-first heap   total 331776K, used 123454K [0x0000000080000000, 0x0000000100000000)
  region size 1024K, 7 young (7168K), 7 survivors (7168K)
 Metaspace       used 131020K, committed 131712K, reserved 1171456K
  class space    used 16354K, committed 16704K, reserved 1048576K
}
Event: 2763.939 GC heap before
{Heap before GC invocations=67 (full 0):
 garbage-first heap   total 331776K, used 132670K [0x0000000080000000, 0x0000000100000000)
  region size 1024K, 16 young (16384K), 7 survivors (7168K)
 Metaspace       used 131109K, committed 131840K, reserved 1171456K
  class space    used 16354K, committed 16704K, reserved 1048576K
}
Event: 2763.962 GC heap after
{Heap after GC invocations=68 (full 0):
 garbage-first heap   total 331776K, used 119525K [0x0000000080000000, 0x0000000100000000)
  region size 1024K, 2 young (2048K), 2 survivors (2048K)
 Metaspace       used 131109K, committed 131840K, reserved 1171456K
  class space    used 16354K, committed 16704K, reserved 1048576K
}
Event: 2766.751 GC heap before
{Heap before GC invocations=68 (full 0):
 garbage-first heap   total 331776K, used 162533K [0x0000000080000000, 0x0000000100000000)
  region size 1024K, 45 young (46080K), 2 survivors (2048K)
 Metaspace       used 131428K, committed 132224K, reserved 1171456K
  class space    used 16365K, committed 16704K, reserved 1048576K
}
Event: 2766.768 GC heap after
{Heap after GC invocations=69 (full 0):
 garbage-first heap   total 331776K, used 123575K [0x0000000080000000, 0x0000000100000000)
  region size 1024K, 6 young (6144K), 6 survivors (6144K)
 Metaspace       used 131428K, committed 132224K, reserved 1171456K
  class space    used 16365K, committed 16704K, reserved 1048576K
}
Event: 3622.120 GC heap before
{Heap before GC invocations=70 (full 0):
 garbage-first heap   total 331776K, used 272055K [0x0000000080000000, 0x0000000100000000)
  region size 1024K, 144 young (147456K), 6 survivors (6144K)
 Metaspace       used 137019K, committed 137792K, reserved 1171456K
  class space    used 17011K, committed 17408K, reserved 1048576K
}
Event: 3622.152 GC heap after
{Heap after GC invocations=71 (full 0):
 garbage-first heap   total 331776K, used 130173K [0x0000000080000000, 0x0000000100000000)
  region size 1024K, 12 young (12288K), 12 survivors (12288K)
 Metaspace       used 137019K, committed 137792K, reserved 1171456K
  class space    used 17011K, committed 17408K, reserved 1048576K
}
Event: 3622.376 GC heap before
{Heap before GC invocations=71 (full 0):
 garbage-first heap   total 331776K, used 134269K [0x0000000080000000, 0x0000000100000000)
  region size 1024K, 16 young (16384K), 12 survivors (12288K)
 Metaspace       used 137507K, committed 138368K, reserved 1171456K
  class space    used 17077K, committed 17472K, reserved 1048576K
}
Event: 3622.410 GC heap after
{Heap after GC invocations=72 (full 0):
 garbage-first heap   total 331776K, used 126747K [0x0000000080000000, 0x0000000100000000)
  region size 1024K, 1 young (1024K), 1 survivors (1024K)
 Metaspace       used 137507K, committed 138368K, reserved 1171456K
  class space    used 17077K, committed 17472K, reserved 1048576K
}
Event: 3628.295 GC heap before
{Heap before GC invocations=72 (full 0):
 garbage-first heap   total 331776K, used 267035K [0x0000000080000000, 0x0000000100000000)
  region size 1024K, 138 young (141312K), 1 survivors (1024K)
 Metaspace       used 142666K, committed 143552K, reserved 1179648K
  class space    used 17732K, committed 18176K, reserved 1048576K
}
Event: 3628.385 GC heap after
{Heap after GC invocations=73 (full 0):
 garbage-first heap   total 331776K, used 152064K [0x0000000080000000, 0x0000000100000000)
  region size 1024K, 18 young (18432K), 18 survivors (18432K)
 Metaspace       used 142666K, committed 143552K, reserved 1179648K
  class space    used 17732K, committed 18176K, reserved 1048576K
}
Event: 3638.445 GC heap before
{Heap before GC invocations=74 (full 0):
 garbage-first heap   total 331776K, used 255488K [0x0000000080000000, 0x0000000100000000)
  region size 1024K, 121 young (123904K), 18 survivors (18432K)
 Metaspace       used 143418K, committed 144320K, reserved 1179648K
  class space    used 17757K, committed 18240K, reserved 1048576K
}
Event: 3638.514 GC heap after
{Heap after GC invocations=75 (full 0):
 garbage-first heap   total 331776K, used 160256K [0x0000000080000000, 0x0000000100000000)
  region size 1024K, 11 young (11264K), 11 survivors (11264K)
 Metaspace       used 143418K, committed 144320K, reserved 1179648K
  class space    used 17757K, committed 18240K, reserved 1048576K
}
Event: 3638.832 GC heap before
{Heap before GC invocations=75 (full 0):
 garbage-first heap   total 331776K, used 165376K [0x0000000080000000, 0x0000000100000000)
  region size 1024K, 16 young (16384K), 11 survivors (11264K)
 Metaspace       used 143950K, committed 144768K, reserved 1179648K
  class space    used 17819K, committed 18240K, reserved 1048576K
}
Event: 3638.865 GC heap after
{Heap after GC invocations=76 (full 0):
 garbage-first heap   total 331776K, used 155648K [0x0000000080000000, 0x0000000100000000)
  region size 1024K, 1 young (1024K), 1 survivors (1024K)
 Metaspace       used 143950K, committed 144768K, reserved 1179648K
  class space    used 17819K, committed 18240K, reserved 1048576K
}
Event: 3642.003 GC heap before
{Heap before GC invocations=76 (full 0):
 garbage-first heap   total 331776K, used 193536K [0x0000000080000000, 0x0000000100000000)
  region size 1024K, 39 young (39936K), 1 survivors (1024K)
 Metaspace       used 146603K, committed 147520K, reserved 1179648K
  class space    used 18167K, committed 18624K, reserved 1048576K
}

Deoptimization events (20 events):
Event: 3641.992 Thread 0x000001f16d0002b0 DEOPT PACKING pc=0x000001f15540834b sp=0x000000395fdf7aa0
Event: 3641.992 Thread 0x000001f16d0002b0 DEOPT UNPACKING pc=0x000001f1549f2b24 sp=0x000000395fdf6f50 mode 0
Event: 3641.992 Thread 0x000001f16d0002b0 DEOPT PACKING pc=0x000001f15540834b sp=0x000000395fdf7aa0
Event: 3641.992 Thread 0x000001f16d0002b0 DEOPT UNPACKING pc=0x000001f1549f2b24 sp=0x000000395fdf6f50 mode 0
Event: 3642.001 Thread 0x000001f16d0002b0 DEOPT PACKING pc=0x000001f15540834b sp=0x000000395fdf7aa0
Event: 3642.001 Thread 0x000001f16d0002b0 DEOPT UNPACKING pc=0x000001f1549f2b24 sp=0x000000395fdf6f50 mode 0
Event: 3642.002 Thread 0x000001f16d0002b0 DEOPT PACKING pc=0x000001f15540834b sp=0x000000395fdf7aa0
Event: 3642.002 Thread 0x000001f16d0002b0 DEOPT UNPACKING pc=0x000001f1549f2b24 sp=0x000000395fdf6f50 mode 0
Event: 3642.002 Thread 0x000001f16d0002b0 DEOPT PACKING pc=0x000001f15540834b sp=0x000000395fdf7aa0
Event: 3642.002 Thread 0x000001f16d0002b0 DEOPT UNPACKING pc=0x000001f1549f2b24 sp=0x000000395fdf6f50 mode 0
Event: 3642.002 Thread 0x000001f16d0002b0 DEOPT PACKING pc=0x000001f15540834b sp=0x000000395fdf7aa0
Event: 3642.002 Thread 0x000001f16d0002b0 DEOPT UNPACKING pc=0x000001f1549f2b24 sp=0x000000395fdf6f50 mode 0
Event: 3642.002 Thread 0x000001f16d0002b0 DEOPT PACKING pc=0x000001f15540834b sp=0x000000395fdf7aa0
Event: 3642.002 Thread 0x000001f16d0002b0 DEOPT UNPACKING pc=0x000001f1549f2b24 sp=0x000000395fdf6f50 mode 0
Event: 3642.003 Thread 0x000001f16d0002b0 DEOPT PACKING pc=0x000001f15540834b sp=0x000000395fdf7aa0
Event: 3642.003 Thread 0x000001f16d0002b0 DEOPT UNPACKING pc=0x000001f1549f2b24 sp=0x000000395fdf6f50 mode 0
Event: 3642.003 Thread 0x000001f16d0002b0 DEOPT PACKING pc=0x000001f15540834b sp=0x000000395fdf7aa0
Event: 3642.003 Thread 0x000001f16d0002b0 DEOPT UNPACKING pc=0x000001f1549f2b24 sp=0x000000395fdf6f50 mode 0
Event: 3642.003 Thread 0x000001f16d0002b0 DEOPT PACKING pc=0x000001f15540834b sp=0x000000395fdf7aa0
Event: 3642.003 Thread 0x000001f16d0002b0 DEOPT UNPACKING pc=0x000001f1549f2b24 sp=0x000000395fdf6f50 mode 0

Classes unloaded (20 events):
Event: 2038.307 Thread 0x000001f16a6f7760 Unloading class 0x0000000800ced000 'java/lang/invoke/LambdaForm$MH+0x0000000800ced000'
Event: 2038.307 Thread 0x000001f16a6f7760 Unloading class 0x0000000800cecc00 'java/lang/invoke/LambdaForm$MH+0x0000000800cecc00'
Event: 2038.307 Thread 0x000001f16a6f7760 Unloading class 0x0000000800cec800 'java/lang/invoke/LambdaForm$MH+0x0000000800cec800'
Event: 2038.307 Thread 0x000001f16a6f7760 Unloading class 0x0000000800cca800 'java/lang/invoke/LambdaForm$MH+0x0000000800cca800'
Event: 2038.307 Thread 0x000001f16a6f7760 Unloading class 0x0000000800cca000 'java/lang/invoke/LambdaForm$MH+0x0000000800cca000'
Event: 2038.307 Thread 0x000001f16a6f7760 Unloading class 0x0000000800cc9c00 'java/lang/invoke/LambdaForm$MH+0x0000000800cc9c00'
Event: 2038.307 Thread 0x000001f16a6f7760 Unloading class 0x0000000800cc9800 'java/lang/invoke/LambdaForm$MH+0x0000000800cc9800'
Event: 2038.307 Thread 0x000001f16a6f7760 Unloading class 0x0000000800cc9400 'java/lang/invoke/LambdaForm$MH+0x0000000800cc9400'
Event: 2038.307 Thread 0x000001f16a6f7760 Unloading class 0x0000000800cc8c00 'java/lang/invoke/LambdaForm$MH+0x0000000800cc8c00'
Event: 2038.307 Thread 0x000001f16a6f7760 Unloading class 0x0000000800c2ac00 'java/lang/invoke/LambdaForm$MH+0x0000000800c2ac00'
Event: 2038.307 Thread 0x000001f16a6f7760 Unloading class 0x0000000800c2a800 'java/lang/invoke/LambdaForm$MH+0x0000000800c2a800'
Event: 2038.307 Thread 0x000001f16a6f7760 Unloading class 0x0000000800c28400 'java/lang/invoke/LambdaForm$MH+0x0000000800c28400'
Event: 3628.675 Thread 0x000001f16a6f7760 Unloading class 0x00000008011107e8 'Settings_gradle$1$1'
Event: 3628.675 Thread 0x000001f16a6f7760 Unloading class 0x00000008011105d0 'Settings_gradle$1'
Event: 3628.675 Thread 0x000001f16a6f7760 Unloading class 0x0000000801110208 'Settings_gradle'
Event: 3628.675 Thread 0x000001f16a6f7760 Unloading class 0x0000000801110000 'Program'
Event: 3628.675 Thread 0x000001f16a6f7760 Unloading class 0x00000008010ec218 'Settings_gradle$1$1'
Event: 3628.675 Thread 0x000001f16a6f7760 Unloading class 0x00000008010ec000 'Settings_gradle$1'
Event: 3628.675 Thread 0x000001f16a6f7760 Unloading class 0x00000008010c0a18 'Settings_gradle'
Event: 3628.675 Thread 0x000001f16a6f7760 Unloading class 0x00000008010c0800 'Program'

Classes redefined (0 events):
No events

Internal exceptions (20 events):
Event: 3624.318 Thread 0x000001f16d0002b0 Exception <a 'java/lang/NoSuchMethodError'{0x0000000092ca90f8}: static Lorg/jetbrains/kotlin/gradle/plugin/internal/DefaultBasePluginConfigurationVariantFactory;.<clinit>()V> (0x0000000092ca90f8) 
thrown [d:\a\1\s\lookaside\java-17-openjdk\src\hotspot\share\prims\jni.cpp, line 1107]
Event: 3624.319 Thread 0x000001f16d0002b0 Exception <a 'java/lang/NoSuchMethodError'{0x0000000092cbea60}: static Lorg/jetbrains/kotlin/gradle/plugin/internal/DefaultIdeaSyncDetectorVariantFactory;.<clinit>()V> (0x0000000092cbea60) 
thrown [d:\a\1\s\lookaside\java-17-openjdk\src\hotspot\share\prims\jni.cpp, line 1107]
Event: 3624.328 Thread 0x000001f16d0002b0 Exception <a 'java/lang/NoSuchMethodError'{0x0000000092cd4ff8}: static Lorg/jetbrains/kotlin/gradle/plugin/internal/DefaultKotlinTestReportCompatibilityHelperVariantFactory;.<clinit>()V> (0x0000000092cd4ff8) 
thrown [d:\a\1\s\lookaside\java-17-openjdk\src\hotspot\share\prims\jni.cpp, line 1107]
Event: 3625.209 Thread 0x000001f16d0002b0 Exception <a 'java/lang/ClassNotFoundException'{0x0000000091fc3b20}: org/jetbrains/kotlin/gradle/targets/js/npm/DefaultNpmDependencyExtensionBeanInfo> (0x0000000091fc3b20) 
thrown [d:\a\1\s\lookaside\java-17-openjdk\src\hotspot\share\classfile\systemDictionary.cpp, line 256]
Event: 3625.209 Thread 0x000001f16d0002b0 Exception <a 'java/lang/ClassNotFoundException'{0x0000000091fcc3b8}: org/jetbrains/kotlin/gradle/targets/js/npm/DefaultNpmDependencyExtensionCustomizer> (0x0000000091fcc3b8) 
thrown [d:\a\1\s\lookaside\java-17-openjdk\src\hotspot\share\classfile\systemDictionary.cpp, line 256]
Event: 3625.236 Thread 0x000001f16d0002b0 Exception <a 'java/lang/ClassNotFoundException'{0x0000000091e25660}: org/jetbrains/kotlin/gradle/targets/js/npm/NpmDependencyExtensionKt$defaultNpmDependencyDelegate$1BeanInfo> (0x0000000091e25660) 
thrown [d:\a\1\s\lookaside\java-17-openjdk\src\hotspot\share\classfile\systemDictionary.cpp, line 256]
Event: 3625.237 Thread 0x000001f16d0002b0 Exception <a 'java/lang/ClassNotFoundException'{0x0000000091e2df40}: org/jetbrains/kotlin/gradle/targets/js/npm/NpmDependencyExtensionDelegateBeanInfo> (0x0000000091e2df40) 
thrown [d:\a\1\s\lookaside\java-17-openjdk\src\hotspot\share\classfile\systemDictionary.cpp, line 256]
Event: 3625.238 Thread 0x000001f16d0002b0 Exception <a 'java/lang/ClassNotFoundException'{0x0000000091e367e8}: org/jetbrains/kotlin/gradle/targets/js/npm/NpmDependencyExtensionDelegateCustomizer> (0x0000000091e367e8) 
thrown [d:\a\1\s\lookaside\java-17-openjdk\src\hotspot\share\classfile\systemDictionary.cpp, line 256]
Event: 3625.241 Thread 0x000001f16d0002b0 Exception <a 'java/lang/ClassNotFoundException'{0x0000000091e53f88}: org/jetbrains/kotlin/gradle/targets/js/npm/NpmDependencyExtensionKt$defaultNpmDependencyDelegate$1Customizer> (0x0000000091e53f88) 
thrown [d:\a\1\s\lookaside\java-17-openjdk\src\hotspot\share\classfile\systemDictionary.cpp, line 256]
Event: 3625.246 Thread 0x000001f16d0002b0 Exception <a 'java/lang/ClassNotFoundException'{0x0000000091e83e78}: org/jetbrains/kotlin/gradle/targets/js/npm/DefaultDevNpmDependencyExtensionBeanInfo> (0x0000000091e83e78) 
thrown [d:\a\1\s\lookaside\java-17-openjdk\src\hotspot\share\classfile\systemDictionary.cpp, line 256]
Event: 3625.246 Thread 0x000001f16d0002b0 Exception <a 'java/lang/ClassNotFoundException'{0x0000000091e8c720}: org/jetbrains/kotlin/gradle/targets/js/npm/DefaultDevNpmDependencyExtensionCustomizer> (0x0000000091e8c720) 
thrown [d:\a\1\s\lookaside\java-17-openjdk\src\hotspot\share\classfile\systemDictionary.cpp, line 256]
Event: 3625.254 Thread 0x000001f16d0002b0 Exception <a 'java/lang/ClassNotFoundException'{0x0000000091ebefa0}: org/jetbrains/kotlin/gradle/targets/js/npm/DefaultPeerNpmDependencyExtensionBeanInfo> (0x0000000091ebefa0) 
thrown [d:\a\1\s\lookaside\java-17-openjdk\src\hotspot\share\classfile\systemDictionary.cpp, line 256]
Event: 3625.255 Thread 0x000001f16d0002b0 Exception <a 'java/lang/ClassNotFoundException'{0x0000000091ec7870}: org/jetbrains/kotlin/gradle/targets/js/npm/DefaultPeerNpmDependencyExtensionCustomizer> (0x0000000091ec7870) 
thrown [d:\a\1\s\lookaside\java-17-openjdk\src\hotspot\share\classfile\systemDictionary.cpp, line 256]
Event: 3625.259 Thread 0x000001f16d0002b0 Exception <a 'java/lang/ClassNotFoundException'{0x0000000091d01c30}: org/jetbrains/kotlin/gradle/targets/js/npm/DefaultPeerNpmDependencyExtension$delegate$1BeanInfo> (0x0000000091d01c30) 
thrown [d:\a\1\s\lookaside\java-17-openjdk\src\hotspot\share\classfile\systemDictionary.cpp, line 256]
Event: 3625.259 Thread 0x000001f16d0002b0 Exception <a 'java/lang/ClassNotFoundException'{0x0000000091d0a698}: org/jetbrains/kotlin/gradle/targets/js/npm/DefaultPeerNpmDependencyExtension$delegate$1Customizer> (0x0000000091d0a698) 
thrown [d:\a\1\s\lookaside\java-17-openjdk\src\hotspot\share\classfile\systemDictionary.cpp, line 256]
Event: 3636.525 Thread 0x000001f16d0002b0 Exception <a 'java/lang/NoSuchMethodError'{0x000000008ed84058}: 'int java.lang.invoke.DirectMethodHandle$Holder.invokeStaticInit(java.lang.Object, int)'> (0x000000008ed84058) 
thrown [d:\a\1\s\lookaside\java-17-openjdk\src\hotspot\share\interpreter\linkResolver.cpp, line 766]
Event: 3637.074 Thread 0x000001f16d0002b0 Exception <a 'java/lang/NoSuchMethodError'{0x000000008e48d0a0}: 'int java.lang.invoke.DirectMethodHandle$Holder.invokeSpecial(java.lang.Object, java.lang.Object, int, int)'> (0x000000008e48d0a0) 
thrown [d:\a\1\s\lookaside\java-17-openjdk\src\hotspot\share\interpreter\linkResolver.cpp, line 766]
Event: 3640.042 Thread 0x000001f16bb9a230 Exception <a 'sun/nio/fs/WindowsException'{0x00000000932c40a0}> (0x00000000932c40a0) 
thrown [d:\a\1\s\lookaside\java-17-openjdk\src\hotspot\share\prims\jni.cpp, line 516]
Event: 3640.055 Thread 0x000001f16bb9a230 Exception <a 'sun/nio/fs/WindowsException'{0x00000000931284b0}> (0x00000000931284b0) 
thrown [d:\a\1\s\lookaside\java-17-openjdk\src\hotspot\share\prims\jni.cpp, line 516]
Event: 3640.057 Thread 0x000001f16bb9a230 Exception <a 'sun/nio/fs/WindowsException'{0x0000000093128628}> (0x0000000093128628) 
thrown [d:\a\1\s\lookaside\java-17-openjdk\src\hotspot\share\prims\jni.cpp, line 516]

VM Operations (20 events):
Event: 3638.516 Executing VM operation: G1CollectForAllocation done
Event: 3638.830 Executing VM operation: HandshakeAllThreads
Event: 3638.830 Executing VM operation: HandshakeAllThreads done
Event: 3638.832 Executing VM operation: G1CollectForAllocation
Event: 3638.865 Executing VM operation: G1CollectForAllocation done
Event: 3639.314 Executing VM operation: ICBufferFull
Event: 3639.314 Executing VM operation: ICBufferFull done
Event: 3639.575 Executing VM operation: HandshakeAllThreads
Event: 3639.575 Executing VM operation: HandshakeAllThreads done
Event: 3639.697 Executing VM operation: ICBufferFull
Event: 3639.697 Executing VM operation: ICBufferFull done
Event: 3640.440 Executing VM operation: ICBufferFull
Event: 3640.440 Executing VM operation: ICBufferFull done
Event: 3640.507 Executing VM operation: ICBufferFull
Event: 3640.507 Executing VM operation: ICBufferFull done
Event: 3640.558 Executing VM operation: HandshakeAllThreads
Event: 3640.558 Executing VM operation: HandshakeAllThreads done
Event: 3641.577 Executing VM operation: Cleanup
Event: 3641.594 Executing VM operation: Cleanup done
Event: 3642.003 Executing VM operation: G1TryInitiateConcMark

Events (20 events):
Event: 3626.937 Thread 0x000001f16a78e230 flushing nmethod 0x000001f1570e4c10
Event: 3626.937 Thread 0x000001f16a78e230 flushing nmethod 0x000001f157175c90
Event: 3638.709 loading class java/text/MessageFormat
Event: 3638.710 loading class java/text/MessageFormat done
Event: 3638.736 loading class jdk/internal/reflect/UnsafeBooleanFieldAccessorImpl
Event: 3638.737 loading class jdk/internal/reflect/UnsafeBooleanFieldAccessorImpl done
Event: 3638.826 loading class java/text/ChoiceFormat
Event: 3638.826 loading class java/text/ChoiceFormat done
Event: 3638.929 loading class java/text/MessageFormat$Field
Event: 3638.929 loading class java/text/MessageFormat$Field done
Event: 3640.288 loading class jdk/internal/loader/URLClassPath$FileLoader
Event: 3640.289 loading class jdk/internal/loader/URLClassPath$FileLoader done
Event: 3640.293 loading class jdk/internal/loader/URLClassPath$FileLoader$1
Event: 3640.293 loading class jdk/internal/loader/URLClassPath$FileLoader$1 done
Event: 3641.907 loading class java/util/concurrent/atomic/AtomicIntegerArray
Event: 3641.908 loading class java/util/concurrent/atomic/AtomicIntegerArray done
Event: 3641.913 loading class java/util/Currency
Event: 3641.926 loading class java/util/Currency done
Event: 3641.937 loading class java/util/concurrent/atomic/AtomicLongArray
Event: 3641.938 loading class java/util/concurrent/atomic/AtomicLongArray done


Dynamic libraries:
0x00007ff711ce0000 - 0x00007ff711d01000 	D:\java\ojdkbuild\java-17-openjdk-17.0.3.0.6-1\bin\java.exe
0x00007ff85fdb0000 - 0x00007ff85ffc7000 	C:\Windows\SYSTEM32\ntdll.dll
0x00007ff85e170000 - 0x00007ff85e234000 	C:\Windows\System32\KERNEL32.DLL
0x00007ff85d750000 - 0x00007ff85daf6000 	C:\Windows\System32\KERNELBASE.dll
0x00007ff85d4a0000 - 0x00007ff85d5b1000 	C:\Windows\System32\ucrtbase.dll
0x00007ff859270000 - 0x00007ff859288000 	D:\java\ojdkbuild\java-17-openjdk-17.0.3.0.6-1\bin\jli.dll
0x00007ff85ed70000 - 0x00007ff85ef1e000 	C:\Windows\System32\USER32.dll
0x00007ff85d260000 - 0x00007ff85d286000 	C:\Windows\System32\win32u.dll
0x00007ff85e9a0000 - 0x00007ff85e9c9000 	C:\Windows\System32\GDI32.dll
0x00007ff85d290000 - 0x00007ff85d3a8000 	C:\Windows\System32\gdi32full.dll
0x00007ff85d6b0000 - 0x00007ff85d74a000 	C:\Windows\System32\msvcp_win.dll
0x00007ff856f00000 - 0x00007ff856f1b000 	D:\java\ojdkbuild\java-17-openjdk-17.0.3.0.6-1\bin\VCRUNTIME140.dll
0x00007ff8493f0000 - 0x00007ff849683000 	C:\Windows\WinSxS\amd64_microsoft.windows.common-controls_6595b64144ccf1df_6.0.22621.2506_none_270c5ae97388e100\COMCTL32.dll
0x00007ff85ec40000 - 0x00007ff85ece7000 	C:\Windows\System32\msvcrt.dll
0x00007ff85e240000 - 0x00007ff85e271000 	C:\Windows\System32\IMM32.DLL
0x00007ff858890000 - 0x00007ff85889c000 	D:\java\ojdkbuild\java-17-openjdk-17.0.3.0.6-1\bin\vcruntime140_1.dll
0x00007ff824970000 - 0x00007ff8249fd000 	D:\java\ojdkbuild\java-17-openjdk-17.0.3.0.6-1\bin\msvcp140.dll
0x00007fffd8960000 - 0x00007fffd95bf000 	D:\java\ojdkbuild\java-17-openjdk-17.0.3.0.6-1\bin\server\jvm.dll
0x00007ff85e3c0000 - 0x00007ff85e473000 	C:\Windows\System32\ADVAPI32.dll
0x00007ff85e5a0000 - 0x00007ff85e648000 	C:\Windows\System32\sechost.dll
0x00007ff85d470000 - 0x00007ff85d498000 	C:\Windows\System32\bcrypt.dll
0x00007ff85e480000 - 0x00007ff85e597000 	C:\Windows\System32\RPCRT4.dll
0x00007ff85e990000 - 0x00007ff85e998000 	C:\Windows\System32\PSAPI.DLL
0x00007ff83ee40000 - 0x00007ff83ee49000 	C:\Windows\SYSTEM32\WSOCK32.dll
0x00007ff85ef30000 - 0x00007ff85efa1000 	C:\Windows\System32\WS2_32.dll
0x00007ff82e330000 - 0x00007ff82e364000 	C:\Windows\SYSTEM32\WINMM.dll
0x00007ff849f00000 - 0x00007ff849f0a000 	C:\Windows\SYSTEM32\VERSION.dll
0x00007ff85c180000 - 0x00007ff85c198000 	C:\Windows\SYSTEM32\kernel.appcore.dll
0x00007ff84d470000 - 0x00007ff84d47a000 	D:\java\ojdkbuild\java-17-openjdk-17.0.3.0.6-1\bin\jimage.dll
0x00007ff85aa40000 - 0x00007ff85ac73000 	C:\Windows\SYSTEM32\DBGHELP.DLL
0x00007ff85f820000 - 0x00007ff85fba9000 	C:\Windows\System32\combase.dll
0x00007ff85e280000 - 0x00007ff85e357000 	C:\Windows\System32\OLEAUT32.dll
0x00007ff843da0000 - 0x00007ff843dd2000 	C:\Windows\SYSTEM32\dbgcore.DLL
0x00007ff85d630000 - 0x00007ff85d6aa000 	C:\Windows\System32\bcryptPrimitives.dll
0x00007ff835b50000 - 0x00007ff835b75000 	D:\java\ojdkbuild\java-17-openjdk-17.0.3.0.6-1\bin\java.dll
0x00007ff80fab0000 - 0x00007ff80fb87000 	D:\java\ojdkbuild\java-17-openjdk-17.0.3.0.6-1\bin\jsvml.dll
0x00007ff85efc0000 - 0x00007ff85f81b000 	C:\Windows\System32\SHELL32.dll
0x00007ff85b010000 - 0x00007ff85b906000 	C:\Windows\SYSTEM32\windows.storage.dll
0x00007ff85aed0000 - 0x00007ff85b00e000 	C:\Windows\SYSTEM32\wintypes.dll
0x00007ff85db00000 - 0x00007ff85dbf3000 	C:\Windows\System32\SHCORE.dll
0x00007ff85e650000 - 0x00007ff85e6ae000 	C:\Windows\System32\shlwapi.dll
0x00007ff85d020000 - 0x00007ff85d046000 	C:\Windows\SYSTEM32\profapi.dll
0x00007ff849720000 - 0x00007ff849739000 	D:\java\ojdkbuild\java-17-openjdk-17.0.3.0.6-1\bin\net.dll
0x00007ff8531f0000 - 0x00007ff853327000 	C:\Windows\SYSTEM32\WINHTTP.dll
0x00007ff85c650000 - 0x00007ff85c6b9000 	C:\Windows\system32\mswsock.dll
0x00007ff8493b0000 - 0x00007ff8493c6000 	D:\java\ojdkbuild\java-17-openjdk-17.0.3.0.6-1\bin\nio.dll
0x00007ff83b680000 - 0x00007ff83b698000 	D:\java\ojdkbuild\java-17-openjdk-17.0.3.0.6-1\bin\zip.dll
0x00007ff848d50000 - 0x00007ff848d60000 	D:\java\ojdkbuild\java-17-openjdk-17.0.3.0.6-1\bin\verify.dll
0x00007ff82e690000 - 0x00007ff82e6b7000 	C:\Users\11218\.gradle\native\68d5fa5c4cc2d200863cafc0d521ce42e7d3e7ee720ec0a83991735586a16f82\windows-amd64\native-platform.dll
0x00007fffef280000 - 0x00007fffef3c4000 	C:\Users\11218\.gradle\native\e376f236ea51e6404a007f0833ffe2c6e607c4080706a723a18a27aeea778392\windows-amd64\native-platform-file-events.dll
0x00007ff848a70000 - 0x00007ff848a79000 	D:\java\ojdkbuild\java-17-openjdk-17.0.3.0.6-1\bin\management.dll
0x00007ff848a40000 - 0x00007ff848a4b000 	D:\java\ojdkbuild\java-17-openjdk-17.0.3.0.6-1\bin\management_ext.dll
0x00007ff85c9a0000 - 0x00007ff85c9bb000 	C:\Windows\SYSTEM32\CRYPTSP.dll
0x00007ff85c140000 - 0x00007ff85c175000 	C:\Windows\system32\rsaenh.dll
0x00007ff85c6f0000 - 0x00007ff85c71c000 	C:\Windows\SYSTEM32\USERENV.dll
0x00007ff85c980000 - 0x00007ff85c98c000 	C:\Windows\SYSTEM32\CRYPTBASE.dll
0x00007ff85bc20000 - 0x00007ff85bc4d000 	C:\Windows\SYSTEM32\IPHLPAPI.DLL
0x00007ff85eb30000 - 0x00007ff85eb39000 	C:\Windows\System32\NSI.dll
0x00007ff8531d0000 - 0x00007ff8531e9000 	C:\Windows\SYSTEM32\dhcpcsvc6.DLL
0x00007ff8531b0000 - 0x00007ff8531cf000 	C:\Windows\SYSTEM32\dhcpcsvc.DLL
0x00007ff85bca0000 - 0x00007ff85bd99000 	C:\Windows\SYSTEM32\DNSAPI.dll
0x00007ff846b90000 - 0x00007ff846b9d000 	D:\java\ojdkbuild\java-17-openjdk-17.0.3.0.6-1\bin\sunmscapi.dll
0x00007ff85d0f0000 - 0x00007ff85d256000 	C:\Windows\System32\CRYPT32.dll
0x00007ff85cab0000 - 0x00007ff85cade000 	C:\Windows\SYSTEM32\ncrypt.dll
0x00007ff85ca70000 - 0x00007ff85caa7000 	C:\Windows\SYSTEM32\NTASN1.dll
0x00007ff8496e0000 - 0x00007ff8496e8000 	C:\Windows\system32\wshunix.dll
0x00007ff849e50000 - 0x00007ff849e5a000 	C:\Windows\System32\rasadhlp.dll
0x00007ff849be0000 - 0x00007ff849c63000 	C:\Windows\System32\fwpuclnt.dll

dbghelp: loaded successfully - version: 4.0.5 - missing functions: none
symbol engine: initialized successfully - sym options: 0x614 - pdb path: .;D:\java\ojdkbuild\java-17-openjdk-17.0.3.0.6-1\bin;C:\Windows\SYSTEM32;C:\Windows\WinSxS\amd64_microsoft.windows.common-controls_6595b64144ccf1df_6.0.22621.2506_none_270c5ae97388e100;D:\java\ojdkbuild\java-17-openjdk-17.0.3.0.6-1\bin\server;C:\Users\11218\.gradle\native\68d5fa5c4cc2d200863cafc0d521ce42e7d3e7ee720ec0a83991735586a16f82\windows-amd64;C:\Users\11218\.gradle\native\e376f236ea51e6404a007f0833ffe2c6e607c4080706a723a18a27aeea778392\windows-amd64

VM Arguments:
jvm_args: --add-opens=java.base/java.util=ALL-UNNAMED --add-opens=java.base/java.lang=ALL-UNNAMED --add-opens=java.base/java.lang.invoke=ALL-UNNAMED --add-opens=java.prefs/java.util.prefs=ALL-UNNAMED --add-opens=java.base/java.nio.charset=ALL-UNNAMED --add-opens=java.base/java.net=ALL-UNNAMED --add-opens=java.base/java.util.concurrent.atomic=ALL-UNNAMED -Xmx2048m -Dfile.encoding=UTF-8 -Duser.country=CN -Duser.language=zh -Duser.variant 
java_command: org.gradle.launcher.daemon.bootstrap.GradleDaemon 8.0
java_class_path (initial): C:\Users\11218\.gradle\wrapper\dists\gradle-8.0-all\a2o1xoguejy6msdh0lk99lxza\gradle-8.0\lib\gradle-launcher-8.0.jar
Launcher Type: SUN_STANDARD

[Global flags]
     intx CICompilerCount                          = 2                                         {product} {ergonomic}
     uint ConcGCThreads                            = 1                                         {product} {ergonomic}
     uint G1ConcRefinementThreads                  = 2                                         {product} {ergonomic}
   size_t G1HeapRegionSize                         = 1048576                                   {product} {ergonomic}
    uintx GCDrainStackTargetSize                   = 64                                        {product} {ergonomic}
   size_t InitialHeapSize                          = 132120576                                 {product} {ergonomic}
   size_t MarkStackSize                            = 4194304                                   {product} {ergonomic}
   size_t MaxHeapSize                              = 2147483648                                {product} {command line}
   size_t MaxNewSize                               = 1287651328                                {product} {ergonomic}
   size_t MinHeapDeltaBytes                        = 1048576                                   {product} {ergonomic}
   size_t MinHeapSize                              = 8388608                                   {product} {ergonomic}
    uintx NonNMethodCodeHeapSize                   = 5826188                                {pd product} {ergonomic}
    uintx NonProfiledCodeHeapSize                  = 122916026                              {pd product} {ergonomic}
    uintx ProfiledCodeHeapSize                     = 122916026                              {pd product} {ergonomic}
    uintx ReservedCodeCacheSize                    = 251658240                              {pd product} {ergonomic}
     bool SegmentedCodeCache                       = true                                      {product} {ergonomic}
   size_t SoftMaxHeapSize                          = 2147483648                             {manageable} {ergonomic}
     bool UseCompressedClassPointers               = true                           {product lp64_product} {ergonomic}
     bool UseCompressedOops                        = true                           {product lp64_product} {ergonomic}
     bool UseG1GC                                  = true                                      {product} {ergonomic}
     bool UseLargePagesIndividualAllocation        = false                                  {pd product} {ergonomic}

Logging:
Log output configuration:
 #0: stdout all=warning uptime,level,tags
 #1: stderr all=off uptime,level,tags

Environment Variables:
JAVA_HOME=D:\java\ojdkbuild\java-17-openjdk-17.0.3.0.6-1
CLASSPATH=D:\androidLearning\AndroidStudioProjects\serviceTest1\\gradle\wrapper\gradle-wrapper.jar
PATH=C:\Users\11218\miniconda3\condabin;C:\Windows\system32;C:\Windows;C:\Windows\System32\Wbem;C:\Windows\System32\WindowsPowerShell\v1.0\;C:\Windows\System32\OpenSSH\;D:\powershell\powershell7;d:\python3.11;C:\Program Files\WinRAR;C:\Program Files\Microsoft Office\root\Office16;C:\Program Files\PuTTY\;C:\Users\11218\AppData\Local\Microsoft\WindowsApps;C:\Program Files\dotnet\;D:\mytools\MinGit-2.11.1.mingit.prerelease.4-64-bit\cmd;D:\mytools\MinGit-2.11.1.mingit.prerelease.4-64-bit\usr\bin;D:\mytools\WiresharkPortable64\App\Wireshark;D:\MYTOOLS\SPSS1\JRE\bin;D:\myPython\goods;D:\mytools\SPSS1;C:\Users\11218\AppData\Roaming\nvda\addons\NVBox\globalPlugins\nvbox\adb;d:\java\ojdkbuild\java-17-openjdk-17.0.3.0.6-1.jre\bin;C:\Program Files\Docker\Docker\resources\bin;d:\java\ojdkbuild\java-17-openjdk-17.0.3.0.6-1\bin;D:\androidLearning\gradle\gradle-8.0\bin;D:\java\ojdkbuild\java-17-openjdk-17.0.3.0.6-1\bin;D:/java/ojdkbuild/java-17-openjdk-17.0.3.0.6-1.jre\bin;D:/java/ojdkbuild/java-17-openjdk-17.0.3.0.6-1.jre\bin\server;D:\ANDROIDLEARNING\REVERSE;C:\Users\11218\AppData\Local\Programs\Python\Python311;D:\myPython\NVSrC;C:\Users\11218\.gradle\wrapper\dists\gradle-8.0-all\a2o1xoguejy6msdh0lk99lxza\gradle-8.0\bin;D:\androidLearning\REVERSE\jadx\bin;C:\Program Files\Cloudflare\Cloudflare WARP\;D:\mypython\nvsrc\py-3-11-32\Scripts\;D:\mypython\nvsrc\py-3-11-32\;C:\Users\11218\AppData\Local\Programs\Python\Python311\;C:\Users\11218\miniconda3;C:\Users\11218\miniconda3\Library\mingw-w64\bin;C:\Users\11218\miniconda3\Library\usr\bin;C:\Users\11218\miniconda3\Library\bin;C:\Users\11218\miniconda3\Scripts;C:\Users\11218\scoop\shims;C:\Users\11218\AppData\Local\Microsoft\WindowsApps;C:\Users\11218\AppData\Local\Programs\Microsoft VS Code\bin;D:\myPython\goods;C:\Users\11218\AppData\Local\Microsoft\WinGet\Links;C:\Users\11218\.dotnet\tools
USERNAME=Stranger
OS=Windows_NT
PROCESSOR_IDENTIFIER=Intel64 Family 6 Model 122 Stepping 8, GenuineIntel



---------------  S Y S T E M  ---------------

OS:
 Windows 11 , 64 bit Build 22621 (10.0.22621.3085)
OS uptime: 6 days 22:13 hours
Hyper-V role detected

CPU: total 2 (initial active 2) (2 cores per cpu, 1 threads per core) family 6 model 122 stepping 8 microcode 0x1a, cx8, cmov, fxsr, mmx, 3dnowpref, sse, sse2, sse3, ssse3, sse4.1, sse4.2, popcnt, tsc, tscinvbit, aes, erms, clmul, sha, clflush, clflushopt, hv

Memory: 4k page, system-wide physical 7995M (869M free)
TotalPageFile size 18209M (AvailPageFile size 166M)
current process WorkingSet (physical memory assigned to process): 648M, peak: 652M
current process commit charge ("private bytes"): 712M, peak: 928M

vm_info: OpenJDK 64-Bit Server VM (17.0.3+6-LTS) for windows-amd64 JRE (17.0.3+6-LTS), built on May  3 2022 21:26:56 by "" with MS VC++ 16.10 / 16.11 (VS2019)

END.
