#
# There is insufficient memory for the Java Runtime Environment to continue.
# Native memory allocation (malloc) failed to allocate 32744 bytes for ChunkPool::allocate
# Possible reasons:
#   The system is out of physical RAM or swap space
#   The process is running with CompressedOops enabled, and the Java Heap may be blocking the growth of the native heap
# Possible solutions:
#   Reduce memory load on the system
#   Increase physical memory or swap space
#   Check if swap backing store is full
#   Decrease Java heap size (-Xmx/-Xms)
#   Decrease number of Java threads
#   Decrease Java thread stack sizes (-Xss)
#   Set larger code cache with -XX:ReservedCodeCacheSize=
#   JVM is running with Unscaled Compressed Oops mode in which the Java heap is
#     placed in the first 4GB address space. The Java Heap base address is the
#     maximum limit for the native heap growth. Please use -XX:HeapBaseMinAddress
#     to set the Java Heap base and to place the Java Heap above 4GB virtual address.
# This output file may be truncated or incomplete.
#
#  Out of Memory Error (arena.cpp:78), pid=4496, tid=9776
#
# JRE version: OpenJDK Runtime Environment 21.9 (17.0.3+6) (build 17.0.3+6-LTS)
# Java VM: OpenJDK 64-Bit Server VM 21.9 (17.0.3+6-LTS, mixed mode, sharing, tiered, compressed oops, compressed class ptrs, g1 gc, windows-amd64)
# No core dump will be written. Minidumps are not enabled by default on client versions of Windows
#

---------------  S U M M A R Y ------------

Command Line: --add-opens=java.base/java.util=ALL-UNNAMED --add-opens=java.base/java.lang=ALL-UNNAMED --add-opens=java.base/java.lang.invoke=ALL-UNNAMED --add-opens=java.prefs/java.util.prefs=ALL-UNNAMED --add-opens=java.base/java.nio.charset=ALL-UNNAMED --add-opens=java.base/java.net=ALL-UNNAMED --add-opens=java.base/java.util.concurrent.atomic=ALL-UNNAMED -Xmx2048m -Dfile.encoding=UTF-8 -Duser.country=CN -Duser.language=zh -Duser.variant org.gradle.launcher.daemon.bootstrap.GradleDaemon 8.0

Host: Intel(R) Celeron(R) N4020 CPU @ 1.10GHz, 2 cores, 7G,  Windows 11 , 64 bit Build 22621 (10.0.22621.3085)
Time: Fri Mar  8 16:31:51 2024  Windows 11 , 64 bit Build 22621 (10.0.22621.3085) elapsed time: 117.701365 seconds (0d 0h 1m 57s)

---------------  T H R E A D  ---------------

Current thread (0x0000012075e88dc0):  JavaThread "C2 CompilerThread0" daemon [_thread_in_native, id=9776, stack(0x0000001dcc600000,0x0000001dcc700000)]


Current CompileTask:
C2: 117701 14264       4       java.lang.Class::annotationData (44 bytes)

Stack: [0x0000001dcc600000,0x0000001dcc700000]
Native frames: (J=compiled Java code, j=interpreted, Vv=VM code, C=native code)
V  [jvm.dll+0x67720a]
V  [jvm.dll+0x832514]
V  [jvm.dll+0x833cbe]
V  [jvm.dll+0x834323]
V  [jvm.dll+0x245815]
V  [jvm.dll+0xac160]
V  [jvm.dll+0xac4ac]
V  [jvm.dll+0x368c8c]
V  [jvm.dll+0x5607f8]
V  [jvm.dll+0x55f810]
V  [jvm.dll+0x560103]
V  [jvm.dll+0x32df00]
V  [jvm.dll+0x32d37a]
V  [jvm.dll+0x218771]
V  [jvm.dll+0x217b91]
V  [jvm.dll+0x1a400d]
V  [jvm.dll+0x227508]
V  [jvm.dll+0x22565c]
V  [jvm.dll+0x7e7d5c]
V  [jvm.dll+0x7e230a]
V  [jvm.dll+0x676095]
C  [ucrtbase.dll+0x29363]
C  [KERNEL32.DLL+0x1257d]
C  [ntdll.dll+0x5aa58]


---------------  P R O C E S S  ---------------

Threads class SMR info:
_java_thread_list=0x0000012079109a20, length=68, elements={
0x00000120587b4060, 0x0000012075e6a720, 0x0000012075e6b590, 0x0000012075e82590,
0x0000012075e832a0, 0x0000012075e83e50, 0x0000012075e86810, 0x0000012075e88dc0,
0x0000012075eef7e0, 0x0000012075ef8570, 0x00000120768b4500, 0x00000120768ba9f0,
0x0000012077955580, 0x00000120780b4990, 0x0000012077945020, 0x0000012077edc5d0,
0x0000012077edcaa0, 0x0000012077cc45f0, 0x0000012077a197b0, 0x0000012077de01f0,
0x000001207758d500, 0x000001207758bcf0, 0x000001207758f1e0, 0x000001207758f6b0,
0x000001207758c1c0, 0x000001207758d030, 0x000001207758d9d0, 0x000001207758dea0,
0x000001207758e370, 0x000001207758e840, 0x0000012076b0a720, 0x0000012076b07700,
0x0000012076b07230, 0x0000012076b0ba60, 0x0000012076b08a40, 0x0000012076b0b0c0,
0x0000012076b0b590, 0x0000012076b06890, 0x0000012076b09d80, 0x0000012076b080a0,
0x0000012076b08570, 0x0000012076b08f10, 0x0000012076b093e0, 0x0000012076b098b0,
0x000001207a60cf20, 0x000001207a60d8c0, 0x000001207a60d3f0, 0x000001207a60f0d0,
0x000001207a608bc0, 0x000001207a60a8a0, 0x000001207a609090, 0x000001207a60b710,
0x000001207a607d50, 0x000001207a609560, 0x000001207a609a30, 0x000001207a60e260,
0x000001207a60a3d0, 0x000001207a6086f0, 0x000001207a60dd90, 0x000001207a60c0b0,
0x000001207a60e730, 0x000001207cee9500, 0x000001207cee51a0, 0x000001207cee5b40,
0x000001207cee4800, 0x000001207cee8690, 0x000001207cee69b0, 0x000001207cee6e80
}

Java Threads: ( => current thread )
  0x00000120587b4060 JavaThread "main" [_thread_blocked, id=18548, stack(0x0000001dcb900000,0x0000001dcba00000)]
  0x0000012075e6a720 JavaThread "Reference Handler" daemon [_thread_blocked, id=19496, stack(0x0000001dcc000000,0x0000001dcc100000)]
  0x0000012075e6b590 JavaThread "Finalizer" daemon [_thread_blocked, id=25908, stack(0x0000001dcc100000,0x0000001dcc200000)]
  0x0000012075e82590 JavaThread "Signal Dispatcher" daemon [_thread_blocked, id=27100, stack(0x0000001dcc200000,0x0000001dcc300000)]
  0x0000012075e832a0 JavaThread "Attach Listener" daemon [_thread_blocked, id=18296, stack(0x0000001dcc300000,0x0000001dcc400000)]
  0x0000012075e83e50 JavaThread "Service Thread" daemon [_thread_blocked, id=18300, stack(0x0000001dcc400000,0x0000001dcc500000)]
  0x0000012075e86810 JavaThread "Monitor Deflation Thread" daemon [_thread_blocked, id=26808, stack(0x0000001dcc500000,0x0000001dcc600000)]
=>0x0000012075e88dc0 JavaThread "C2 CompilerThread0" daemon [_thread_in_native, id=9776, stack(0x0000001dcc600000,0x0000001dcc700000)]
  0x0000012075eef7e0 JavaThread "C1 CompilerThread0" daemon [_thread_blocked, id=26260, stack(0x0000001dcc700000,0x0000001dcc800000)]
  0x0000012075ef8570 JavaThread "Sweeper thread" daemon [_thread_blocked, id=6148, stack(0x0000001dcc800000,0x0000001dcc900000)]
  0x00000120768b4500 JavaThread "Common-Cleaner" daemon [_thread_blocked, id=11012, stack(0x0000001dcc900000,0x0000001dcca00000)]
  0x00000120768ba9f0 JavaThread "Notification Thread" daemon [_thread_blocked, id=11408, stack(0x0000001dcca00000,0x0000001dccb00000)]
  0x0000012077955580 JavaThread "Daemon health stats" [_thread_blocked, id=5520, stack(0x0000001dccd00000,0x0000001dcce00000)]
  0x00000120780b4990 JavaThread "Incoming local TCP Connector on port 63152" [_thread_in_native, id=14668, stack(0x0000001dcce00000,0x0000001dccf00000)]
  0x0000012077945020 JavaThread "Daemon periodic checks" [_thread_blocked, id=13208, stack(0x0000001dccf00000,0x0000001dcd000000)]
  0x0000012077edc5d0 JavaThread "Daemon" [_thread_blocked, id=12840, stack(0x0000001dcd000000,0x0000001dcd100000)]
  0x0000012077edcaa0 JavaThread "Handler for socket connection from /127.0.0.1:63152 to /127.0.0.1:63153" [_thread_in_native, id=16252, stack(0x0000001dcd100000,0x0000001dcd200000)]
  0x0000012077cc45f0 JavaThread "Cancel handler" [_thread_blocked, id=7068, stack(0x0000001dcd200000,0x0000001dcd300000)]
  0x0000012077a197b0 JavaThread "Daemon worker" [_thread_blocked, id=18388, stack(0x0000001dcd300000,0x0000001dcd400000)]
  0x0000012077de01f0 JavaThread "Asynchronous log dispatcher for DefaultDaemonConnection: socket connection from /127.0.0.1:63152 to /127.0.0.1:63153" [_thread_blocked, id=11420, stack(0x0000001dcd400000,0x0000001dcd500000)]
  0x000001207758d500 JavaThread "Stdin handler" [_thread_blocked, id=10716, stack(0x0000001dcd500000,0x0000001dcd600000)]
  0x000001207758bcf0 JavaThread "Daemon client event forwarder" [_thread_blocked, id=19344, stack(0x0000001dcd600000,0x0000001dcd700000)]
  0x000001207758f1e0 JavaThread "Cache worker for journal cache (C:\Users\11218\.gradle\caches\journal-1)" [_thread_blocked, id=19412, stack(0x0000001dcd700000,0x0000001dcd800000)]
  0x000001207758f6b0 JavaThread "File lock request listener" [_thread_in_native, id=15600, stack(0x0000001dcd800000,0x0000001dcd900000)]
  0x000001207758c1c0 JavaThread "Cache worker for file hash cache (C:\Users\11218\.gradle\caches\8.0\fileHashes)" [_thread_blocked, id=21848, stack(0x0000001dcd900000,0x0000001dcda00000)]
  0x000001207758d030 JavaThread "File watcher server" daemon [_thread_in_native, id=21992, stack(0x0000001dcdc00000,0x0000001dcdd00000)]
  0x000001207758d9d0 JavaThread "File watcher consumer" daemon [_thread_blocked, id=6956, stack(0x0000001dcdd00000,0x0000001dcde00000)]
  0x000001207758dea0 JavaThread "Cache worker for checksums cache (D:\androidLearning\AndroidStudioProjects\serviceTest1\.gradle\8.0\checksums)" [_thread_blocked, id=14636, stack(0x0000001dcde00000,0x0000001dcdf00000)]
  0x000001207758e370 JavaThread "Cache worker for cache directory md-rule (C:\Users\11218\.gradle\caches\8.0\md-rule)" [_thread_blocked, id=17716, stack(0x0000001dcdf00000,0x0000001dce000000)]
  0x000001207758e840 JavaThread "Cache worker for file content cache (C:\Users\11218\.gradle\caches\8.0\fileContent)" [_thread_blocked, id=26052, stack(0x0000001dce000000,0x0000001dce100000)]
  0x0000012076b0a720 JavaThread "Cache worker for file hash cache (D:\androidLearning\AndroidStudioProjects\serviceTest1\.gradle\8.0\fileHashes)" [_thread_blocked, id=17520, stack(0x0000001dce100000,0x0000001dce200000)]
  0x0000012076b07700 JavaThread "Cache worker for cache directory md-supplier (C:\Users\11218\.gradle\caches\8.0\md-supplier)" [_thread_blocked, id=10980, stack(0x0000001dce300000,0x0000001dce400000)]
  0x0000012076b07230 JavaThread "Cache worker for execution history cache (C:\Users\11218\.gradle\caches\8.0\executionHistory)" [_thread_blocked, id=14584, stack(0x0000001dce400000,0x0000001dce500000)]
  0x0000012076b0ba60 JavaThread "jar transforms" [_thread_blocked, id=25552, stack(0x0000001dce500000,0x0000001dce600000)]
  0x0000012076b08a40 JavaThread "jar transforms Thread 2" [_thread_blocked, id=1952, stack(0x0000001dce600000,0x0000001dce700000)]
  0x0000012076b0b0c0 JavaThread "Cache worker for kotlin-dsl (C:\Users\11218\.gradle\caches\8.0\kotlin-dsl)" [_thread_blocked, id=23884, stack(0x0000001dce700000,0x0000001dce800000)]
  0x0000012076b0b590 JavaThread "Cache worker for dependencies-accessors (D:\androidLearning\AndroidStudioProjects\serviceTest1\.gradle\8.0\dependencies-accessors)" [_thread_blocked, id=20252, stack(0x0000001dce800000,0x0000001dce900000)]
  0x0000012076b06890 JavaThread "Cache worker for Build Output Cleanup Cache (D:\androidLearning\AndroidStudioProjects\serviceTest1\.gradle\buildOutputCleanup)" [_thread_blocked, id=14264, stack(0x0000001dcb700000,0x0000001dcb800000)]
  0x0000012076b09d80 JavaThread "Unconstrained build operations" [_thread_blocked, id=27472, stack(0x0000001dcb800000,0x0000001dcb900000)]
  0x0000012076b080a0 JavaThread "Unconstrained build operations Thread 2" [_thread_blocked, id=2052, stack(0x0000001dce900000,0x0000001dcea00000)]
  0x0000012076b08570 JavaThread "Unconstrained build operations Thread 3" [_thread_blocked, id=26836, stack(0x0000001dcea00000,0x0000001dceb00000)]
  0x0000012076b08f10 JavaThread "Unconstrained build operations Thread 4" [_thread_blocked, id=14704, stack(0x0000001dceb00000,0x0000001dcec00000)]
  0x0000012076b093e0 JavaThread "Unconstrained build operations Thread 5" [_thread_blocked, id=24080, stack(0x0000001dcec00000,0x0000001dced00000)]
  0x0000012076b098b0 JavaThread "Unconstrained build operations Thread 6" [_thread_blocked, id=17112, stack(0x0000001dced00000,0x0000001dcee00000)]
  0x000001207a60cf20 JavaThread "Unconstrained build operations Thread 7" [_thread_blocked, id=5908, stack(0x0000001dcee00000,0x0000001dcef00000)]
  0x000001207a60d8c0 JavaThread "Unconstrained build operations Thread 8" [_thread_blocked, id=11304, stack(0x0000001dcef00000,0x0000001dcf000000)]
  0x000001207a60d3f0 JavaThread "Unconstrained build operations Thread 9" [_thread_blocked, id=6612, stack(0x0000001dcf000000,0x0000001dcf100000)]
  0x000001207a60f0d0 JavaThread "Unconstrained build operations Thread 10" [_thread_blocked, id=18984, stack(0x0000001dcf100000,0x0000001dcf200000)]
  0x000001207a608bc0 JavaThread "Unconstrained build operations Thread 11" [_thread_blocked, id=18440, stack(0x0000001dcf200000,0x0000001dcf300000)]
  0x000001207a60a8a0 JavaThread "Unconstrained build operations Thread 12" [_thread_blocked, id=27168, stack(0x0000001dcf300000,0x0000001dcf400000)]
  0x000001207a609090 JavaThread "Unconstrained build operations Thread 13" [_thread_blocked, id=20432, stack(0x0000001dcf400000,0x0000001dcf500000)]
  0x000001207a60b710 JavaThread "Unconstrained build operations Thread 14" [_thread_blocked, id=11368, stack(0x0000001dcf500000,0x0000001dcf600000)]
  0x000001207a607d50 JavaThread "Unconstrained build operations Thread 15" [_thread_blocked, id=15212, stack(0x0000001dcf600000,0x0000001dcf700000)]
  0x000001207a609560 JavaThread "Unconstrained build operations Thread 16" [_thread_blocked, id=7980, stack(0x0000001dcf700000,0x0000001dcf800000)]
  0x000001207a609a30 JavaThread "Unconstrained build operations Thread 17" [_thread_blocked, id=20468, stack(0x0000001dcf800000,0x0000001dcf900000)]
  0x000001207a60e260 JavaThread "Unconstrained build operations Thread 18" [_thread_blocked, id=21964, stack(0x0000001dcf900000,0x0000001dcfa00000)]
  0x000001207a60a3d0 JavaThread "Unconstrained build operations Thread 19" [_thread_blocked, id=8248, stack(0x0000001dcfa00000,0x0000001dcfb00000)]
  0x000001207a6086f0 JavaThread "Unconstrained build operations Thread 20" [_thread_blocked, id=26072, stack(0x0000001dcfb00000,0x0000001dcfc00000)]
  0x000001207a60dd90 JavaThread "Memory manager" [_thread_blocked, id=5336, stack(0x0000001dcfc00000,0x0000001dcfd00000)]
  0x000001207a60c0b0 JavaThread "build event listener" [_thread_blocked, id=12800, stack(0x0000001dcfd00000,0x0000001dcfe00000)]
  0x000001207a60e730 JavaThread "build event listener" [_thread_blocked, id=24608, stack(0x0000001dcfe00000,0x0000001dcff00000)]
  0x000001207cee9500 JavaThread "included builds" [_thread_blocked, id=21980, stack(0x0000001dcff00000,0x0000001dd0000000)]
  0x000001207cee51a0 JavaThread "Execution worker" [_thread_blocked, id=24724, stack(0x0000001dd0000000,0x0000001dd0100000)]
  0x000001207cee5b40 JavaThread "Cache worker for execution history cache (D:\androidLearning\AndroidStudioProjects\serviceTest1\.gradle\8.0\executionHistory)" [_thread_blocked, id=11920, stack(0x0000001dd0100000,0x0000001dd0200000)]
  0x000001207cee4800 JavaThread "WorkerExecutor Queue" [_thread_in_vm, id=27324, stack(0x0000001dd0200000,0x0000001dd0300000)]
  0x000001207cee8690 JavaThread "WorkerExecutor Queue Thread 2" [_thread_in_vm, id=9732, stack(0x0000001dd0300000,0x0000001dd0400000)]
  0x000001207cee69b0 JavaThread "ForkJoinPool.commonPool-worker-1" daemon [_thread_blocked, id=9248, stack(0x0000001dd0400000,0x0000001dd0500000)]
  0x000001207cee6e80 JavaThread "WorkerExecutor Queue Thread 3" [_thread_blocked, id=19692, stack(0x0000001dd0500000,0x0000001dd0600000)]

Other Threads:
  0x0000012075e65f90 VMThread "VM Thread" [stack: 0x0000001dcbf00000,0x0000001dcc000000] [id=15068]
  0x00000120768b21d0 WatcherThread [stack: 0x0000001dccb00000,0x0000001dccc00000] [id=860]
  0x000001205880ea00 GCTaskThread "GC Thread#0" [stack: 0x0000001dcba00000,0x0000001dcbb00000] [id=22632]
  0x00000120769c7230 GCTaskThread "GC Thread#1" [stack: 0x0000001dccc00000,0x0000001dccd00000] [id=27108]
  0x0000012058820950 ConcurrentGCThread "G1 Main Marker" [stack: 0x0000001dcbb00000,0x0000001dcbc00000] [id=12384]
  0x0000012058821360 ConcurrentGCThread "G1 Conc#0" [stack: 0x0000001dcbc00000,0x0000001dcbd00000] [id=19524]
  0x000001205887eb70 ConcurrentGCThread "G1 Refine#0" [stack: 0x0000001dcbd00000,0x0000001dcbe00000] [id=25428]
  0x0000012076cc5900 ConcurrentGCThread "G1 Refine#1" [stack: 0x0000001dce200000,0x0000001dce300000] [id=26412]
  0x0000012075d206e0 ConcurrentGCThread "G1 Service" [stack: 0x0000001dcbe00000,0x0000001dcbf00000] [id=18676]

Threads with active compile tasks:
C2 CompilerThread0   117763 14264       4       java.lang.Class::annotationData (44 bytes)

VM state: not at safepoint (normal execution)

VM Mutex/Monitor currently owned by a thread:  ([mutex/lock_event])
[0x00000120587b0ab0] Metaspace_lock - owner thread: 0x000001207cee8690

Heap address: 0x0000000080000000, size: 2048 MB, Compressed Oops mode: 32-bit

CDS archive(s) mapped at: [0x0000000800000000-0x0000000800bc0000-0x0000000800bc0000), size 12320768, SharedBaseAddress: 0x0000000800000000, ArchiveRelocationMode: 0.
Compressed class space mapped at: 0x0000000800c00000-0x0000000840c00000, reserved size: 1073741824
Narrow klass base: 0x0000000800000000, Narrow klass shift: 0, Narrow klass range: 0x100000000

GC Precious Log:
 CPUs: 2 total, 2 available
 Memory: 7995M
 Large Page Support: Disabled
 NUMA Support: Disabled
 Compressed Oops: Enabled (32-bit)
 Heap Region Size: 1M
 Heap Min Capacity: 8M
 Heap Initial Capacity: 126M
 Heap Max Capacity: 2G
 Pre-touch: Disabled
 Parallel Workers: 2
 Concurrent Workers: 1
 Concurrent Refinement Workers: 2
 Periodic GC: Disabled

Heap:
 garbage-first heap   total 229376K, used 161700K [0x0000000080000000, 0x0000000100000000)
  region size 1024K, 38 young (38912K), 1 survivors (1024K)
 Metaspace       used 125274K, committed 126080K, reserved 1163264K
  class space    used 17065K, committed 17472K, reserved 1048576K

Heap Regions: E=young(eden), S=young(survivor), O=old, HS=humongous(starts), HC=humongous(continues), CS=collection set, F=free, OA=open archive, CA=closed archive, TAMS=top-at-mark-start (previous, next)
|   0|0x0000000080000000, 0x0000000080100000, 0x0000000080100000|100%| O|  |TAMS 0x0000000080100000, 0x0000000080000000| Untracked 
|   1|0x0000000080100000, 0x0000000080200000, 0x0000000080200000|100%| O|  |TAMS 0x0000000080200000, 0x0000000080100000| Untracked 
|   2|0x0000000080200000, 0x0000000080300000, 0x0000000080300000|100%| O|  |TAMS 0x0000000080300000, 0x0000000080200000| Untracked 
|   3|0x0000000080300000, 0x0000000080400000, 0x0000000080400000|100%|HS|  |TAMS 0x0000000080400000, 0x0000000080300000| Complete 
|   4|0x0000000080400000, 0x0000000080500000, 0x0000000080500000|100%|HC|  |TAMS 0x0000000080500000, 0x0000000080400000| Complete 
|   5|0x0000000080500000, 0x0000000080600000, 0x0000000080600000|100%|HC|  |TAMS 0x0000000080600000, 0x0000000080500000| Complete 
|   6|0x0000000080600000, 0x0000000080700000, 0x0000000080700000|100%|HC|  |TAMS 0x0000000080700000, 0x0000000080600000| Complete 
|   7|0x0000000080700000, 0x0000000080800000, 0x0000000080800000|100%| O|  |TAMS 0x0000000080800000, 0x0000000080700000| Untracked 
|   8|0x0000000080800000, 0x0000000080900000, 0x0000000080900000|100%| O|  |TAMS 0x0000000080900000, 0x0000000080800000| Untracked 
|   9|0x0000000080900000, 0x0000000080a00000, 0x0000000080a00000|100%| O|  |TAMS 0x0000000080a00000, 0x0000000080900000| Untracked 
|  10|0x0000000080a00000, 0x0000000080b00000, 0x0000000080b00000|100%| O|  |TAMS 0x0000000080b00000, 0x0000000080a00000| Untracked 
|  11|0x0000000080b00000, 0x0000000080c00000, 0x0000000080c00000|100%| O|  |TAMS 0x0000000080c00000, 0x0000000080b00000| Untracked 
|  12|0x0000000080c00000, 0x0000000080d00000, 0x0000000080d00000|100%| O|  |TAMS 0x0000000080d00000, 0x0000000080c00000| Untracked 
|  13|0x0000000080d00000, 0x0000000080e00000, 0x0000000080e00000|100%| O|  |TAMS 0x0000000080e00000, 0x0000000080d00000| Untracked 
|  14|0x0000000080e00000, 0x0000000080f00000, 0x0000000080f00000|100%| O|  |TAMS 0x0000000080f00000, 0x0000000080e00000| Untracked 
|  15|0x0000000080f00000, 0x0000000081000000, 0x0000000081000000|100%| O|  |TAMS 0x0000000081000000, 0x0000000080f00000| Untracked 
|  16|0x0000000081000000, 0x0000000081100000, 0x0000000081100000|100%| O|  |TAMS 0x0000000081100000, 0x0000000081000000| Untracked 
|  17|0x0000000081100000, 0x0000000081200000, 0x0000000081200000|100%| O|  |TAMS 0x0000000081200000, 0x0000000081100000| Untracked 
|  18|0x0000000081200000, 0x0000000081300000, 0x0000000081300000|100%| O|  |TAMS 0x0000000081300000, 0x0000000081200000| Untracked 
|  19|0x0000000081300000, 0x0000000081400000, 0x0000000081400000|100%| O|  |TAMS 0x0000000081400000, 0x0000000081300000| Untracked 
|  20|0x0000000081400000, 0x0000000081500000, 0x0000000081500000|100%| O|  |TAMS 0x0000000081500000, 0x0000000081400000| Untracked 
|  21|0x0000000081500000, 0x0000000081600000, 0x0000000081600000|100%| O|  |TAMS 0x0000000081600000, 0x0000000081500000| Untracked 
|  22|0x0000000081600000, 0x0000000081700000, 0x0000000081700000|100%| O|  |TAMS 0x0000000081700000, 0x0000000081600000| Untracked 
|  23|0x0000000081700000, 0x0000000081800000, 0x0000000081800000|100%| O|  |TAMS 0x0000000081800000, 0x0000000081700000| Untracked 
|  24|0x0000000081800000, 0x0000000081900000, 0x0000000081900000|100%| O|  |TAMS 0x0000000081900000, 0x0000000081800000| Untracked 
|  25|0x0000000081900000, 0x0000000081a00000, 0x0000000081a00000|100%| O|  |TAMS 0x0000000081a00000, 0x0000000081900000| Untracked 
|  26|0x0000000081a00000, 0x0000000081b00000, 0x0000000081b00000|100%| O|  |TAMS 0x0000000081b00000, 0x0000000081a00000| Untracked 
|  27|0x0000000081b00000, 0x0000000081c00000, 0x0000000081c00000|100%| O|  |TAMS 0x0000000081c00000, 0x0000000081b00000| Untracked 
|  28|0x0000000081c00000, 0x0000000081d00000, 0x0000000081d00000|100%| O|  |TAMS 0x0000000081d00000, 0x0000000081c00000| Untracked 
|  29|0x0000000081d00000, 0x0000000081e00000, 0x0000000081e00000|100%|HS|  |TAMS 0x0000000081e00000, 0x0000000081d00000| Complete 
|  30|0x0000000081e00000, 0x0000000081f00000, 0x0000000081f00000|100%|HS|  |TAMS 0x0000000081f00000, 0x0000000081e00000| Complete 
|  31|0x0000000081f00000, 0x0000000082000000, 0x0000000082000000|100%| O|  |TAMS 0x0000000082000000, 0x0000000081f00000| Untracked 
|  32|0x0000000082000000, 0x0000000082100000, 0x0000000082100000|100%| O|  |TAMS 0x0000000082100000, 0x0000000082000000| Untracked 
|  33|0x0000000082100000, 0x0000000082200000, 0x0000000082200000|100%| O|  |TAMS 0x0000000082200000, 0x0000000082100000| Untracked 
|  34|0x0000000082200000, 0x0000000082300000, 0x0000000082300000|100%| O|  |TAMS 0x0000000082300000, 0x0000000082200000| Untracked 
|  35|0x0000000082300000, 0x0000000082400000, 0x0000000082400000|100%| O|  |TAMS 0x0000000082400000, 0x0000000082300000| Untracked 
|  36|0x0000000082400000, 0x0000000082500000, 0x0000000082500000|100%| O|  |TAMS 0x0000000082500000, 0x0000000082400000| Untracked 
|  37|0x0000000082500000, 0x0000000082600000, 0x0000000082600000|100%| O|  |TAMS 0x0000000082600000, 0x0000000082500000| Untracked 
|  38|0x0000000082600000, 0x0000000082700000, 0x0000000082700000|100%|HS|  |TAMS 0x0000000082700000, 0x0000000082600000| Complete 
|  39|0x0000000082700000, 0x0000000082800000, 0x0000000082800000|100%|HC|  |TAMS 0x0000000082800000, 0x0000000082700000| Complete 
|  40|0x0000000082800000, 0x0000000082900000, 0x0000000082900000|100%| O|  |TAMS 0x0000000082900000, 0x0000000082800000| Untracked 
|  41|0x0000000082900000, 0x0000000082a00000, 0x0000000082a00000|100%| O|  |TAMS 0x0000000082a00000, 0x0000000082900000| Untracked 
|  42|0x0000000082a00000, 0x0000000082b00000, 0x0000000082b00000|100%| O|  |TAMS 0x0000000082b00000, 0x0000000082a00000| Untracked 
|  43|0x0000000082b00000, 0x0000000082c00000, 0x0000000082c00000|100%|HS|  |TAMS 0x0000000082c00000, 0x0000000082b00000| Complete 
|  44|0x0000000082c00000, 0x0000000082d00000, 0x0000000082d00000|100%|HS|  |TAMS 0x0000000082d00000, 0x0000000082c00000| Complete 
|  45|0x0000000082d00000, 0x0000000082e00000, 0x0000000082e00000|100%|HC|  |TAMS 0x0000000082e00000, 0x0000000082d00000| Complete 
|  46|0x0000000082e00000, 0x0000000082f00000, 0x0000000082f00000|100%|HC|  |TAMS 0x0000000082f00000, 0x0000000082e00000| Complete 
|  47|0x0000000082f00000, 0x0000000083000000, 0x0000000083000000|100%|HC|  |TAMS 0x0000000083000000, 0x0000000082f00000| Complete 
|  48|0x0000000083000000, 0x0000000083100000, 0x0000000083100000|100%| O|  |TAMS 0x0000000083100000, 0x0000000083000000| Untracked 
|  49|0x0000000083100000, 0x0000000083200000, 0x0000000083200000|100%| O|  |TAMS 0x0000000083200000, 0x0000000083100000| Untracked 
|  50|0x0000000083200000, 0x0000000083300000, 0x0000000083300000|100%| O|  |TAMS 0x0000000083300000, 0x0000000083200000| Untracked 
|  51|0x0000000083300000, 0x0000000083400000, 0x0000000083400000|100%| O|  |TAMS 0x0000000083400000, 0x0000000083300000| Untracked 
|  52|0x0000000083400000, 0x0000000083500000, 0x0000000083500000|100%| O|  |TAMS 0x0000000083500000, 0x0000000083400000| Untracked 
|  53|0x0000000083500000, 0x0000000083600000, 0x0000000083600000|100%| O|  |TAMS 0x0000000083600000, 0x0000000083500000| Untracked 
|  54|0x0000000083600000, 0x0000000083700000, 0x0000000083700000|100%| O|  |TAMS 0x0000000083700000, 0x0000000083600000| Untracked 
|  55|0x0000000083700000, 0x0000000083800000, 0x0000000083800000|100%| O|  |TAMS 0x0000000083800000, 0x0000000083700000| Untracked 
|  56|0x0000000083800000, 0x0000000083900000, 0x0000000083900000|100%| O|  |TAMS 0x0000000083900000, 0x0000000083800000| Untracked 
|  57|0x0000000083900000, 0x0000000083a00000, 0x0000000083a00000|100%| O|  |TAMS 0x0000000083a00000, 0x0000000083900000| Untracked 
|  58|0x0000000083a00000, 0x0000000083b00000, 0x0000000083b00000|100%| O|  |TAMS 0x0000000083b00000, 0x0000000083a00000| Untracked 
|  59|0x0000000083b00000, 0x0000000083c00000, 0x0000000083c00000|100%| O|  |TAMS 0x0000000083c00000, 0x0000000083b00000| Untracked 
|  60|0x0000000083c00000, 0x0000000083d00000, 0x0000000083d00000|100%| O|  |TAMS 0x0000000083d00000, 0x0000000083c00000| Untracked 
|  61|0x0000000083d00000, 0x0000000083e00000, 0x0000000083e00000|100%| O|  |TAMS 0x0000000083e00000, 0x0000000083d00000| Untracked 
|  62|0x0000000083e00000, 0x0000000083f00000, 0x0000000083f00000|100%| O|  |TAMS 0x0000000083f00000, 0x0000000083e00000| Untracked 
|  63|0x0000000083f00000, 0x0000000084000000, 0x0000000084000000|100%| O|  |TAMS 0x0000000084000000, 0x0000000083f00000| Untracked 
|  64|0x0000000084000000, 0x0000000084100000, 0x0000000084100000|100%| O|  |TAMS 0x0000000084100000, 0x0000000084000000| Untracked 
|  65|0x0000000084100000, 0x0000000084200000, 0x0000000084200000|100%| O|  |TAMS 0x0000000084200000, 0x0000000084100000| Untracked 
|  66|0x0000000084200000, 0x0000000084300000, 0x0000000084300000|100%| O|  |TAMS 0x0000000084300000, 0x0000000084200000| Untracked 
|  67|0x0000000084300000, 0x0000000084400000, 0x0000000084400000|100%| O|  |TAMS 0x0000000084400000, 0x0000000084300000| Untracked 
|  68|0x0000000084400000, 0x0000000084500000, 0x0000000084500000|100%| O|  |TAMS 0x0000000084500000, 0x0000000084400000| Untracked 
|  69|0x0000000084500000, 0x0000000084600000, 0x0000000084600000|100%| O|  |TAMS 0x0000000084600000, 0x0000000084500000| Untracked 
|  70|0x0000000084600000, 0x0000000084700000, 0x0000000084700000|100%| O|  |TAMS 0x0000000084700000, 0x0000000084600000| Untracked 
|  71|0x0000000084700000, 0x0000000084800000, 0x0000000084800000|100%| O|  |TAMS 0x0000000084800000, 0x0000000084700000| Untracked 
|  72|0x0000000084800000, 0x0000000084900000, 0x0000000084900000|100%| O|  |TAMS 0x0000000084900000, 0x0000000084800000| Untracked 
|  73|0x0000000084900000, 0x0000000084a00000, 0x0000000084a00000|100%| O|  |TAMS 0x0000000084a00000, 0x0000000084900000| Untracked 
|  74|0x0000000084a00000, 0x0000000084b00000, 0x0000000084b00000|100%| O|  |TAMS 0x0000000084b00000, 0x0000000084a00000| Untracked 
|  75|0x0000000084b00000, 0x0000000084c00000, 0x0000000084c00000|100%| O|  |TAMS 0x0000000084c00000, 0x0000000084b00000| Untracked 
|  76|0x0000000084c00000, 0x0000000084d00000, 0x0000000084d00000|100%| O|  |TAMS 0x0000000084d00000, 0x0000000084c00000| Untracked 
|  77|0x0000000084d00000, 0x0000000084e00000, 0x0000000084e00000|100%| O|  |TAMS 0x0000000084e00000, 0x0000000084d00000| Untracked 
|  78|0x0000000084e00000, 0x0000000084f00000, 0x0000000084f00000|100%| O|  |TAMS 0x0000000084f00000, 0x0000000084e00000| Untracked 
|  79|0x0000000084f00000, 0x0000000085000000, 0x0000000085000000|100%| O|  |TAMS 0x0000000085000000, 0x0000000084f00000| Untracked 
|  80|0x0000000085000000, 0x0000000085100000, 0x0000000085100000|100%| O|  |TAMS 0x0000000085100000, 0x0000000085000000| Untracked 
|  81|0x0000000085100000, 0x0000000085200000, 0x0000000085200000|100%| O|  |TAMS 0x0000000085200000, 0x0000000085100000| Untracked 
|  82|0x0000000085200000, 0x0000000085300000, 0x0000000085300000|100%| O|  |TAMS 0x0000000085300000, 0x0000000085200000| Untracked 
|  83|0x0000000085300000, 0x0000000085400000, 0x0000000085400000|100%| O|  |TAMS 0x0000000085400000, 0x0000000085300000| Untracked 
|  84|0x0000000085400000, 0x0000000085500000, 0x0000000085500000|100%| O|  |TAMS 0x0000000085500000, 0x0000000085400000| Untracked 
|  85|0x0000000085500000, 0x0000000085600000, 0x0000000085600000|100%| O|  |TAMS 0x0000000085600000, 0x0000000085500000| Untracked 
|  86|0x0000000085600000, 0x0000000085700000, 0x0000000085700000|100%| O|  |TAMS 0x0000000085700000, 0x0000000085600000| Untracked 
|  87|0x0000000085700000, 0x0000000085700000, 0x0000000085800000|  0%| F|  |TAMS 0x0000000085700000, 0x0000000085700000| Untracked 
|  88|0x0000000085800000, 0x0000000085900000, 0x0000000085900000|100%|HS|  |TAMS 0x0000000085900000, 0x0000000085800000| Complete 
|  89|0x0000000085900000, 0x0000000085a00000, 0x0000000085a00000|100%|HC|  |TAMS 0x0000000085a00000, 0x0000000085900000| Complete 
|  90|0x0000000085a00000, 0x0000000085b00000, 0x0000000085b00000|100%|HS|  |TAMS 0x0000000085b00000, 0x0000000085a00000| Complete 
|  91|0x0000000085b00000, 0x0000000085c00000, 0x0000000085c00000|100%|HC|  |TAMS 0x0000000085c00000, 0x0000000085b00000| Complete 
|  92|0x0000000085c00000, 0x0000000085d00000, 0x0000000085d00000|100%|HC|  |TAMS 0x0000000085d00000, 0x0000000085c00000| Complete 
|  93|0x0000000085d00000, 0x0000000085e00000, 0x0000000085e00000|100%|HS|  |TAMS 0x0000000085d00000, 0x0000000085d00000| Complete 
|  94|0x0000000085e00000, 0x0000000085f00000, 0x0000000085f00000|100%|HC|  |TAMS 0x0000000085e00000, 0x0000000085e00000| Complete 
|  95|0x0000000085f00000, 0x0000000086000000, 0x0000000086000000|100%| O|  |TAMS 0x0000000085f00000, 0x0000000085f00000| Untracked 
|  96|0x0000000086000000, 0x0000000086100000, 0x0000000086100000|100%| O|  |TAMS 0x0000000086000000, 0x0000000086000000| Untracked 
|  97|0x0000000086100000, 0x0000000086200000, 0x0000000086200000|100%| O|  |TAMS 0x0000000086100000, 0x0000000086100000| Untracked 
|  98|0x0000000086200000, 0x0000000086300000, 0x0000000086300000|100%| O|  |TAMS 0x0000000086200000, 0x0000000086200000| Untracked 
|  99|0x0000000086300000, 0x0000000086400000, 0x0000000086400000|100%| O|  |TAMS 0x0000000086300000, 0x0000000086300000| Untracked 
| 100|0x0000000086400000, 0x0000000086500000, 0x0000000086500000|100%| O|  |TAMS 0x0000000086400000, 0x0000000086400000| Untracked 
| 101|0x0000000086500000, 0x00000000865e9200, 0x0000000086600000| 91%| O|  |TAMS 0x0000000086500000, 0x0000000086500000| Untracked 
| 102|0x0000000086600000, 0x0000000086600000, 0x0000000086700000|  0%| F|  |TAMS 0x0000000086600000, 0x0000000086600000| Untracked 
| 103|0x0000000086700000, 0x0000000086800000, 0x0000000086800000|100%| O|  |TAMS 0x0000000086800000, 0x0000000086700000| Untracked 
| 104|0x0000000086800000, 0x0000000086800000, 0x0000000086900000|  0%| F|  |TAMS 0x0000000086800000, 0x0000000086800000| Untracked 
| 105|0x0000000086900000, 0x0000000086900000, 0x0000000086a00000|  0%| F|  |TAMS 0x0000000086900000, 0x0000000086900000| Untracked 
| 106|0x0000000086a00000, 0x0000000086a00000, 0x0000000086b00000|  0%| F|  |TAMS 0x0000000086a00000, 0x0000000086a00000| Untracked 
| 107|0x0000000086b00000, 0x0000000086b00000, 0x0000000086c00000|  0%| F|  |TAMS 0x0000000086b00000, 0x0000000086b00000| Untracked 
| 108|0x0000000086c00000, 0x0000000086c00000, 0x0000000086d00000|  0%| F|  |TAMS 0x0000000086c00000, 0x0000000086c00000| Untracked 
| 109|0x0000000086d00000, 0x0000000086d00000, 0x0000000086e00000|  0%| F|  |TAMS 0x0000000086d00000, 0x0000000086d00000| Untracked 
| 110|0x0000000086e00000, 0x0000000086e00000, 0x0000000086f00000|  0%| F|  |TAMS 0x0000000086e00000, 0x0000000086e00000| Untracked 
| 111|0x0000000086f00000, 0x0000000086f00000, 0x0000000087000000|  0%| F|  |TAMS 0x0000000086f00000, 0x0000000086f00000| Untracked 
| 112|0x0000000087000000, 0x0000000087000000, 0x0000000087100000|  0%| F|  |TAMS 0x0000000087000000, 0x0000000087000000| Untracked 
| 113|0x0000000087100000, 0x0000000087100000, 0x0000000087200000|  0%| F|  |TAMS 0x0000000087100000, 0x0000000087100000| Untracked 
| 114|0x0000000087200000, 0x0000000087300000, 0x0000000087300000|100%| O|  |TAMS 0x0000000087300000, 0x0000000087200000| Untracked 
| 115|0x0000000087300000, 0x0000000087300000, 0x0000000087400000|  0%| F|  |TAMS 0x0000000087300000, 0x0000000087300000| Untracked 
| 116|0x0000000087400000, 0x0000000087500000, 0x0000000087500000|100%| O|  |TAMS 0x0000000087500000, 0x0000000087400000| Untracked 
| 117|0x0000000087500000, 0x0000000087600000, 0x0000000087600000|100%| O|  |TAMS 0x0000000087600000, 0x0000000087500000| Untracked 
| 118|0x0000000087600000, 0x0000000087700000, 0x0000000087700000|100%| O|  |TAMS 0x0000000087700000, 0x0000000087600000| Untracked 
| 119|0x0000000087700000, 0x0000000087800000, 0x0000000087800000|100%| O|  |TAMS 0x0000000087800000, 0x0000000087700000| Untracked 
| 120|0x0000000087800000, 0x0000000087800000, 0x0000000087900000|  0%| F|  |TAMS 0x0000000087800000, 0x0000000087800000| Untracked 
| 121|0x0000000087900000, 0x0000000087900000, 0x0000000087a00000|  0%| F|  |TAMS 0x0000000087900000, 0x0000000087900000| Untracked 
| 122|0x0000000087a00000, 0x0000000087a00000, 0x0000000087b00000|  0%| F|  |TAMS 0x0000000087a00000, 0x0000000087a00000| Untracked 
| 123|0x0000000087b00000, 0x0000000087b00000, 0x0000000087c00000|  0%| F|  |TAMS 0x0000000087b00000, 0x0000000087b00000| Untracked 
| 124|0x0000000087c00000, 0x0000000087c00000, 0x0000000087d00000|  0%| F|  |TAMS 0x0000000087c00000, 0x0000000087c00000| Untracked 
| 125|0x0000000087d00000, 0x0000000087d00000, 0x0000000087e00000|  0%| F|  |TAMS 0x0000000087d00000, 0x0000000087d00000| Untracked 
| 126|0x0000000087e00000, 0x0000000087e00000, 0x0000000087f00000|  0%| F|  |TAMS 0x0000000087e00000, 0x0000000087e00000| Untracked 
| 127|0x0000000087f00000, 0x0000000087f00000, 0x0000000088000000|  0%| F|  |TAMS 0x0000000087f00000, 0x0000000087f00000| Untracked 
| 128|0x0000000088000000, 0x0000000088000000, 0x0000000088100000|  0%| F|  |TAMS 0x0000000088000000, 0x0000000088000000| Untracked 
| 129|0x0000000088100000, 0x0000000088100000, 0x0000000088200000|  0%| F|  |TAMS 0x0000000088100000, 0x0000000088100000| Untracked 
| 130|0x0000000088200000, 0x0000000088300000, 0x0000000088300000|100%| O|  |TAMS 0x0000000088300000, 0x0000000088200000| Untracked 
| 131|0x0000000088300000, 0x0000000088400000, 0x0000000088400000|100%| O|  |TAMS 0x0000000088400000, 0x0000000088300000| Untracked 
| 132|0x0000000088400000, 0x0000000088500000, 0x0000000088500000|100%| O|  |TAMS 0x0000000088500000, 0x0000000088400000| Untracked 
| 133|0x0000000088500000, 0x0000000088600000, 0x0000000088600000|100%| O|  |TAMS 0x0000000088600000, 0x0000000088500000| Untracked 
| 134|0x0000000088600000, 0x0000000088700000, 0x0000000088700000|100%| O|  |TAMS 0x0000000088700000, 0x0000000088600000| Untracked 
| 135|0x0000000088700000, 0x0000000088800000, 0x0000000088800000|100%| O|  |TAMS 0x0000000088800000, 0x0000000088700000| Untracked 
| 136|0x0000000088800000, 0x0000000088900000, 0x0000000088900000|100%| O|  |TAMS 0x0000000088900000, 0x0000000088800000| Untracked 
| 137|0x0000000088900000, 0x0000000088a00000, 0x0000000088a00000|100%| O|  |TAMS 0x0000000088a00000, 0x0000000088900000| Untracked 
| 138|0x0000000088a00000, 0x0000000088b00000, 0x0000000088b00000|100%| O|  |TAMS 0x0000000088b00000, 0x0000000088a00000| Untracked 
| 139|0x0000000088b00000, 0x0000000088c00000, 0x0000000088c00000|100%| O|  |TAMS 0x0000000088c00000, 0x0000000088b00000| Untracked 
| 140|0x0000000088c00000, 0x0000000088c00000, 0x0000000088d00000|  0%| F|  |TAMS 0x0000000088c00000, 0x0000000088c00000| Untracked 
| 141|0x0000000088d00000, 0x0000000088d00000, 0x0000000088e00000|  0%| F|  |TAMS 0x0000000088d00000, 0x0000000088d00000| Untracked 
| 142|0x0000000088e00000, 0x0000000088e00000, 0x0000000088f00000|  0%| F|  |TAMS 0x0000000088e00000, 0x0000000088e00000| Untracked 
| 143|0x0000000088f00000, 0x0000000088f00000, 0x0000000089000000|  0%| F|  |TAMS 0x0000000088f00000, 0x0000000088f00000| Untracked 
| 144|0x0000000089000000, 0x0000000089000000, 0x0000000089100000|  0%| F|  |TAMS 0x0000000089000000, 0x0000000089000000| Untracked 
| 145|0x0000000089100000, 0x0000000089100000, 0x0000000089200000|  0%| F|  |TAMS 0x0000000089100000, 0x0000000089100000| Untracked 
| 146|0x0000000089200000, 0x0000000089200000, 0x0000000089300000|  0%| F|  |TAMS 0x0000000089200000, 0x0000000089200000| Untracked 
| 147|0x0000000089300000, 0x0000000089300000, 0x0000000089400000|  0%| F|  |TAMS 0x0000000089300000, 0x0000000089300000| Untracked 
| 148|0x0000000089400000, 0x0000000089400000, 0x0000000089500000|  0%| F|  |TAMS 0x0000000089400000, 0x0000000089400000| Untracked 
| 149|0x0000000089500000, 0x0000000089500000, 0x0000000089600000|  0%| F|  |TAMS 0x0000000089500000, 0x0000000089500000| Untracked 
| 150|0x0000000089600000, 0x0000000089600000, 0x0000000089700000|  0%| F|  |TAMS 0x0000000089600000, 0x0000000089600000| Untracked 
| 151|0x0000000089700000, 0x0000000089700000, 0x0000000089800000|  0%| F|  |TAMS 0x0000000089700000, 0x0000000089700000| Untracked 
| 152|0x0000000089800000, 0x0000000089800000, 0x0000000089900000|  0%| F|  |TAMS 0x0000000089800000, 0x0000000089800000| Untracked 
| 153|0x0000000089900000, 0x0000000089900000, 0x0000000089a00000|  0%| F|  |TAMS 0x0000000089900000, 0x0000000089900000| Untracked 
| 154|0x0000000089a00000, 0x0000000089a00000, 0x0000000089b00000|  0%| F|  |TAMS 0x0000000089a00000, 0x0000000089a00000| Untracked 
| 155|0x0000000089b00000, 0x0000000089c00000, 0x0000000089c00000|100%| O|  |TAMS 0x0000000089c00000, 0x0000000089b00000| Untracked 
| 156|0x0000000089c00000, 0x0000000089d00000, 0x0000000089d00000|100%| O|  |TAMS 0x0000000089d00000, 0x0000000089c00000| Untracked 
| 157|0x0000000089d00000, 0x0000000089e00000, 0x0000000089e00000|100%| O|  |TAMS 0x0000000089e00000, 0x0000000089d00000| Untracked 
| 158|0x0000000089e00000, 0x0000000089f00000, 0x0000000089f00000|100%| O|  |TAMS 0x0000000089e80000, 0x0000000089e00000| Untracked 
| 159|0x0000000089f00000, 0x0000000089f00000, 0x000000008a000000|  0%| F|  |TAMS 0x0000000089f00000, 0x0000000089f00000| Untracked 
| 160|0x000000008a000000, 0x000000008a000000, 0x000000008a100000|  0%| F|  |TAMS 0x000000008a000000, 0x000000008a000000| Untracked 
| 161|0x000000008a100000, 0x000000008a100000, 0x000000008a200000|  0%| F|  |TAMS 0x000000008a100000, 0x000000008a100000| Untracked 
| 162|0x000000008a200000, 0x000000008a200000, 0x000000008a300000|  0%| F|  |TAMS 0x000000008a200000, 0x000000008a200000| Untracked 
| 163|0x000000008a300000, 0x000000008a300000, 0x000000008a400000|  0%| F|  |TAMS 0x000000008a300000, 0x000000008a300000| Untracked 
| 164|0x000000008a400000, 0x000000008a400000, 0x000000008a500000|  0%| F|  |TAMS 0x000000008a400000, 0x000000008a400000| Untracked 
| 165|0x000000008a500000, 0x000000008a500000, 0x000000008a600000|  0%| F|  |TAMS 0x000000008a500000, 0x000000008a500000| Untracked 
| 166|0x000000008a600000, 0x000000008a600000, 0x000000008a700000|  0%| F|  |TAMS 0x000000008a600000, 0x000000008a600000| Untracked 
| 167|0x000000008a700000, 0x000000008a700000, 0x000000008a800000|  0%| F|  |TAMS 0x000000008a700000, 0x000000008a700000| Untracked 
| 168|0x000000008a800000, 0x000000008a800000, 0x000000008a900000|  0%| F|  |TAMS 0x000000008a800000, 0x000000008a800000| Untracked 
| 169|0x000000008a900000, 0x000000008a900000, 0x000000008aa00000|  0%| F|  |TAMS 0x000000008a900000, 0x000000008a900000| Untracked 
| 170|0x000000008aa00000, 0x000000008aa00000, 0x000000008ab00000|  0%| F|  |TAMS 0x000000008aa00000, 0x000000008aa00000| Untracked 
| 171|0x000000008ab00000, 0x000000008ab00000, 0x000000008ac00000|  0%| F|  |TAMS 0x000000008ab00000, 0x000000008ab00000| Untracked 
| 172|0x000000008ac00000, 0x000000008ac00000, 0x000000008ad00000|  0%| F|  |TAMS 0x000000008ac00000, 0x000000008ac00000| Untracked 
| 173|0x000000008ad00000, 0x000000008ad00000, 0x000000008ae00000|  0%| F|  |TAMS 0x000000008ad00000, 0x000000008ad00000| Untracked 
| 174|0x000000008ae00000, 0x000000008ae00000, 0x000000008af00000|  0%| F|  |TAMS 0x000000008ae00000, 0x000000008ae00000| Untracked 
| 175|0x000000008af00000, 0x000000008af00000, 0x000000008b000000|  0%| F|  |TAMS 0x000000008af00000, 0x000000008af00000| Untracked 
| 176|0x000000008b000000, 0x000000008b000000, 0x000000008b100000|  0%| F|  |TAMS 0x000000008b000000, 0x000000008b000000| Untracked 
| 177|0x000000008b100000, 0x000000008b100000, 0x000000008b200000|  0%| F|  |TAMS 0x000000008b100000, 0x000000008b100000| Untracked 
| 178|0x000000008b200000, 0x000000008b200000, 0x000000008b300000|  0%| F|  |TAMS 0x000000008b200000, 0x000000008b200000| Untracked 
| 179|0x000000008b300000, 0x000000008b300000, 0x000000008b400000|  0%| F|  |TAMS 0x000000008b300000, 0x000000008b300000| Untracked 
| 180|0x000000008b400000, 0x000000008b400000, 0x000000008b500000|  0%| F|  |TAMS 0x000000008b400000, 0x000000008b400000| Untracked 
| 181|0x000000008b500000, 0x000000008b500000, 0x000000008b600000|  0%| F|  |TAMS 0x000000008b500000, 0x000000008b500000| Untracked 
| 182|0x000000008b600000, 0x000000008b600000, 0x000000008b700000|  0%| F|  |TAMS 0x000000008b600000, 0x000000008b600000| Untracked 
| 183|0x000000008b700000, 0x000000008b700000, 0x000000008b800000|  0%| F|  |TAMS 0x000000008b700000, 0x000000008b700000| Untracked 
| 184|0x000000008b800000, 0x000000008b800000, 0x000000008b900000|  0%| F|  |TAMS 0x000000008b800000, 0x000000008b800000| Untracked 
| 185|0x000000008b900000, 0x000000008b900000, 0x000000008ba00000|  0%| F|  |TAMS 0x000000008b900000, 0x000000008b900000| Untracked 
| 186|0x000000008ba00000, 0x000000008ba04c68, 0x000000008bb00000|  1%| E|  |TAMS 0x000000008ba00000, 0x000000008ba00000| Complete 
| 187|0x000000008bb00000, 0x000000008bc00000, 0x000000008bc00000|100%| E|CS|TAMS 0x000000008bb00000, 0x000000008bb00000| Complete 
| 188|0x000000008bc00000, 0x000000008bd00000, 0x000000008bd00000|100%| E|CS|TAMS 0x000000008bc00000, 0x000000008bc00000| Complete 
| 189|0x000000008bd00000, 0x000000008be00000, 0x000000008be00000|100%| E|CS|TAMS 0x000000008bd00000, 0x000000008bd00000| Complete 
| 190|0x000000008be00000, 0x000000008bf00000, 0x000000008bf00000|100%| E|CS|TAMS 0x000000008be00000, 0x000000008be00000| Complete 
| 191|0x000000008bf00000, 0x000000008c000000, 0x000000008c000000|100%| E|CS|TAMS 0x000000008bf00000, 0x000000008bf00000| Complete 
| 192|0x000000008c000000, 0x000000008c100000, 0x000000008c100000|100%| E|CS|TAMS 0x000000008c000000, 0x000000008c000000| Complete 
| 193|0x000000008c100000, 0x000000008c200000, 0x000000008c200000|100%| E|CS|TAMS 0x000000008c100000, 0x000000008c100000| Complete 
| 194|0x000000008c200000, 0x000000008c300000, 0x000000008c300000|100%| E|CS|TAMS 0x000000008c200000, 0x000000008c200000| Complete 
| 195|0x000000008c300000, 0x000000008c400000, 0x000000008c400000|100%| E|CS|TAMS 0x000000008c300000, 0x000000008c300000| Complete 
| 196|0x000000008c400000, 0x000000008c500000, 0x000000008c500000|100%| E|CS|TAMS 0x000000008c400000, 0x000000008c400000| Complete 
| 197|0x000000008c500000, 0x000000008c600000, 0x000000008c600000|100%| E|CS|TAMS 0x000000008c500000, 0x000000008c500000| Complete 
| 198|0x000000008c600000, 0x000000008c700000, 0x000000008c700000|100%| E|CS|TAMS 0x000000008c600000, 0x000000008c600000| Complete 
| 199|0x000000008c700000, 0x000000008c800000, 0x000000008c800000|100%| E|CS|TAMS 0x000000008c700000, 0x000000008c700000| Complete 
| 200|0x000000008c800000, 0x000000008c900000, 0x000000008c900000|100%| E|CS|TAMS 0x000000008c800000, 0x000000008c800000| Complete 
| 201|0x000000008c900000, 0x000000008ca00000, 0x000000008ca00000|100%| E|CS|TAMS 0x000000008c900000, 0x000000008c900000| Complete 
| 202|0x000000008ca00000, 0x000000008cb00000, 0x000000008cb00000|100%| E|CS|TAMS 0x000000008ca00000, 0x000000008ca00000| Complete 
| 203|0x000000008cb00000, 0x000000008cc00000, 0x000000008cc00000|100%| E|CS|TAMS 0x000000008cb00000, 0x000000008cb00000| Complete 
| 204|0x000000008cc00000, 0x000000008cd00000, 0x000000008cd00000|100%| E|CS|TAMS 0x000000008cc00000, 0x000000008cc00000| Complete 
| 205|0x000000008cd00000, 0x000000008ce00000, 0x000000008ce00000|100%| E|CS|TAMS 0x000000008cd00000, 0x000000008cd00000| Complete 
| 206|0x000000008ce00000, 0x000000008cf00000, 0x000000008cf00000|100%| E|CS|TAMS 0x000000008ce00000, 0x000000008ce00000| Complete 
| 207|0x000000008cf00000, 0x000000008d000000, 0x000000008d000000|100%| E|CS|TAMS 0x000000008cf00000, 0x000000008cf00000| Complete 
| 208|0x000000008d000000, 0x000000008d100000, 0x000000008d100000|100%| E|CS|TAMS 0x000000008d000000, 0x000000008d000000| Complete 
| 209|0x000000008d100000, 0x000000008d200000, 0x000000008d200000|100%| E|CS|TAMS 0x000000008d100000, 0x000000008d100000| Complete 
| 210|0x000000008d200000, 0x000000008d300000, 0x000000008d300000|100%| E|CS|TAMS 0x000000008d200000, 0x000000008d200000| Complete 
| 211|0x000000008d300000, 0x000000008d400000, 0x000000008d400000|100%| E|CS|TAMS 0x000000008d300000, 0x000000008d300000| Complete 
| 212|0x000000008d400000, 0x000000008d500000, 0x000000008d500000|100%| E|CS|TAMS 0x000000008d400000, 0x000000008d400000| Complete 
| 213|0x000000008d500000, 0x000000008d600000, 0x000000008d600000|100%| E|CS|TAMS 0x000000008d500000, 0x000000008d500000| Complete 
| 214|0x000000008d600000, 0x000000008d700000, 0x000000008d700000|100%| E|CS|TAMS 0x000000008d600000, 0x000000008d600000| Complete 
| 215|0x000000008d700000, 0x000000008d800000, 0x000000008d800000|100%| E|CS|TAMS 0x000000008d700000, 0x000000008d700000| Complete 
| 216|0x000000008d800000, 0x000000008d900000, 0x000000008d900000|100%| E|CS|TAMS 0x000000008d800000, 0x000000008d800000| Complete 
| 217|0x000000008d900000, 0x000000008da00000, 0x000000008da00000|100%| E|CS|TAMS 0x000000008d900000, 0x000000008d900000| Complete 
| 218|0x000000008da00000, 0x000000008db00000, 0x000000008db00000|100%| E|CS|TAMS 0x000000008da00000, 0x000000008da00000| Complete 
| 219|0x000000008db00000, 0x000000008dc00000, 0x000000008dc00000|100%| E|CS|TAMS 0x000000008db00000, 0x000000008db00000| Complete 
| 220|0x000000008dc00000, 0x000000008dd00000, 0x000000008dd00000|100%| S|CS|TAMS 0x000000008dc00000, 0x000000008dc00000| Complete 
| 221|0x000000008dd00000, 0x000000008de00000, 0x000000008de00000|100%| E|CS|TAMS 0x000000008dd00000, 0x000000008dd00000| Complete 
| 222|0x000000008de00000, 0x000000008df00000, 0x000000008df00000|100%| E|CS|TAMS 0x000000008de00000, 0x000000008de00000| Complete 
| 223|0x000000008df00000, 0x000000008e000000, 0x000000008e000000|100%| E|CS|TAMS 0x000000008df00000, 0x000000008df00000| Complete 

Card table byte_map: [0x000001206f290000,0x000001206f690000] _byte_map_base: 0x000001206ee90000

Marking Bits (Prev, Next): (CMBitMap*) 0x0000012058810020, (CMBitMap*) 0x0000012058810060
 Prev Bits: [0x000001206fa90000, 0x0000012071a90000)
 Next Bits: [0x0000012071a90000, 0x0000012073a90000)

Polling page: 0x0000012056680000

Metaspace:

Usage:
  Non-class:    105.67 MB used.
      Class:     16.67 MB used.
       Both:    122.34 MB used.

Virtual space:
  Non-class space:      112.00 MB reserved,     106.06 MB ( 95%) committed,  14 nodes.
      Class space:        1.00 GB reserved,      17.06 MB (  2%) committed,  1 nodes.
             Both:        1.11 GB reserved,     123.12 MB ( 11%) committed. 

Chunk freelists:
   Non-Class:  1.23 MB
       Class:  2.88 MB
        Both:  4.11 MB

MaxMetaspaceSize: unlimited
CompressedClassSpaceSize: 1.00 GB
Initial GC threshold: 21.00 MB
Current GC threshold: 168.75 MB
CDS: on
MetaspaceReclaimPolicy: balanced
 - commit_granule_bytes: 65536.
 - commit_granule_words: 8192.
 - virtual_space_node_default_size: 1048576.
 - enlarge_chunks_in_place: 1.
 - new_chunks_are_fully_committed: 0.
 - uncommit_free_chunks: 1.
 - use_allocation_guard: 0.
 - handle_deallocations: 1.


Internal statistics:

num_allocs_failed_limit: 12.
num_arena_births: 1360.
num_arena_deaths: 0.
num_vsnodes_births: 15.
num_vsnodes_deaths: 0.
num_space_committed: 1968.
num_space_uncommitted: 0.
num_chunks_returned_to_freelist: 12.
num_chunks_taken_from_freelist: 6719.
num_chunk_merges: 9.
num_chunk_splits: 4447.
num_chunks_enlarged: 2861.
num_purges: 0.
num_inconsistent_stats: 0.

CodeHeap 'non-profiled nmethods': size=120064Kb used=7369Kb max_used=7591Kb free=112695Kb
 bounds [0x0000012067d50000, 0x00000120684c0000, 0x000001206f290000]
CodeHeap 'profiled nmethods': size=120000Kb used=22451Kb max_used=23931Kb free=97548Kb
 bounds [0x0000012060820000, 0x0000012061f90000, 0x0000012067d50000]
CodeHeap 'non-nmethods': size=5696Kb used=2484Kb max_used=2505Kb free=3211Kb
 bounds [0x0000012060290000, 0x0000012060510000, 0x0000012060820000]
 total_blobs=12910 nmethods=11866 adapters=957
 compilation: enabled
              stopped_count=0, restarted_count=0
 full_count=0

Compilation events (20 events):
Event: 117.632 Thread 0x0000012075eef7e0 14303       3       com.android.tools.r8.graph.g::d (12 bytes)
Event: 117.632 Thread 0x0000012075eef7e0 nmethod 14303 0x00000120619b7610 code [0x00000120619b77a0, 0x00000120619b78f8]
Event: 117.663 Thread 0x0000012075eef7e0 14304       3       com.android.tools.r8.graph.s0::v (8 bytes)
Event: 117.663 Thread 0x0000012075eef7e0 nmethod 14304 0x00000120614d1290 code [0x00000120614d1420, 0x00000120614d15d8]
Event: 117.663 Thread 0x0000012075eef7e0 14305       1       com.android.tools.r8.graph.m::E (5 bytes)
Event: 117.663 Thread 0x0000012075eef7e0 nmethod 14305 0x0000012068475010 code [0x00000120684751a0, 0x0000012068475278]
Event: 117.669 Thread 0x0000012075eef7e0 14306       1       java.lang.invoke.MethodHandle::isInvokeSpecial (2 bytes)
Event: 117.670 Thread 0x0000012075eef7e0 nmethod 14306 0x0000012068474d10 code [0x0000012068474ea0, 0x0000012068474f78]
Event: 117.670 Thread 0x0000012075eef7e0 14307       3       java.util.IdentityHashMap::nextKeyIndex (15 bytes)
Event: 117.670 Thread 0x0000012075eef7e0 nmethod 14307 0x0000012061a36e10 code [0x0000012061a36fa0, 0x0000012061a370d8]
Event: 117.675 Thread 0x0000012075eef7e0 14308       3       com.android.tools.r8.dex.l0::a (64 bytes)
Event: 117.676 Thread 0x0000012075eef7e0 nmethod 14308 0x000001206133eb10 code [0x000001206133ece0, 0x000001206133f178]
Event: 117.676 Thread 0x0000012075eef7e0 14309       1       com.android.tools.r8.internal.bE::b (5 bytes)
Event: 117.676 Thread 0x0000012075eef7e0 nmethod 14309 0x0000012068474a10 code [0x0000012068474ba0, 0x0000012068474c78]
Event: 117.684 Thread 0x0000012075eef7e0 14310       3       org.jetbrains.kotlin.container.CacheKt::getSetterInfos (154 bytes)
Event: 117.690 Thread 0x0000012075eef7e0 nmethod 14310 0x0000012061b1cc90 code [0x0000012061b1d2e0, 0x0000012061b205f8]
Event: 117.694 Thread 0x0000012075eef7e0 14311       1       kotlin.collections.EmptyIterator::hasNext (2 bytes)
Event: 117.694 Thread 0x0000012075eef7e0 nmethod 14311 0x0000012068474590 code [0x0000012068474720, 0x00000120684747f8]
Event: 117.694 Thread 0x0000012075eef7e0 14312       1       org.jetbrains.kotlin.container.ComponentDescriptor::getShouldInjectProperties (2 bytes)
Event: 117.695 Thread 0x0000012075eef7e0 nmethod 14312 0x0000012068020190 code [0x0000012068020320, 0x00000120680203f8]

GC Heap History (20 events):
Event: 82.588 GC heap before
{Heap before GC invocations=35 (full 0):
 garbage-first heap   total 229376K, used 166238K [0x0000000080000000, 0x0000000100000000)
  region size 1024K, 97 young (99328K), 1 survivors (1024K)
 Metaspace       used 73148K, committed 73792K, reserved 1114112K
  class space    used 10099K, committed 10432K, reserved 1048576K
}
Event: 82.615 GC heap after
{Heap after GC invocations=36 (full 0):
 garbage-first heap   total 229376K, used 72363K [0x0000000080000000, 0x0000000100000000)
  region size 1024K, 6 young (6144K), 6 survivors (6144K)
 Metaspace       used 73148K, committed 73792K, reserved 1114112K
  class space    used 10099K, committed 10432K, reserved 1048576K
}
Event: 88.099 GC heap before
{Heap before GC invocations=36 (full 0):
 garbage-first heap   total 229376K, used 173739K [0x0000000080000000, 0x0000000100000000)
  region size 1024K, 105 young (107520K), 6 survivors (6144K)
 Metaspace       used 83301K, committed 83968K, reserved 1122304K
  class space    used 11426K, committed 11776K, reserved 1048576K
}
Event: 88.149 GC heap after
{Heap after GC invocations=37 (full 0):
 garbage-first heap   total 229376K, used 80650K [0x0000000080000000, 0x0000000100000000)
  region size 1024K, 14 young (14336K), 14 survivors (14336K)
 Metaspace       used 83301K, committed 83968K, reserved 1122304K
  class space    used 11426K, committed 11776K, reserved 1048576K
}
Event: 93.936 GC heap before
{Heap before GC invocations=37 (full 0):
 garbage-first heap   total 229376K, used 175882K [0x0000000080000000, 0x0000000100000000)
  region size 1024K, 108 young (110592K), 14 survivors (14336K)
 Metaspace       used 85893K, committed 86592K, reserved 1130496K
  class space    used 11774K, committed 12160K, reserved 1048576K
}
Event: 93.999 GC heap after
{Heap after GC invocations=38 (full 0):
 garbage-first heap   total 229376K, used 88607K [0x0000000080000000, 0x0000000100000000)
  region size 1024K, 9 young (9216K), 9 survivors (9216K)
 Metaspace       used 85893K, committed 86592K, reserved 1130496K
  class space    used 11774K, committed 12160K, reserved 1048576K
}
Event: 98.047 GC heap before
{Heap before GC invocations=38 (full 0):
 garbage-first heap   total 229376K, used 176671K [0x0000000080000000, 0x0000000100000000)
  region size 1024K, 96 young (98304K), 9 survivors (9216K)
 Metaspace       used 86306K, committed 87040K, reserved 1130496K
  class space    used 11819K, committed 12160K, reserved 1048576K
}
Event: 98.089 GC heap after
{Heap after GC invocations=39 (full 0):
 garbage-first heap   total 229376K, used 94208K [0x0000000080000000, 0x0000000100000000)
  region size 1024K, 6 young (6144K), 6 survivors (6144K)
 Metaspace       used 86306K, committed 87040K, reserved 1130496K
  class space    used 11819K, committed 12160K, reserved 1048576K
}
Event: 102.304 GC heap before
{Heap before GC invocations=39 (full 0):
 garbage-first heap   total 229376K, used 182272K [0x0000000080000000, 0x0000000100000000)
  region size 1024K, 92 young (94208K), 6 survivors (6144K)
 Metaspace       used 89086K, committed 89856K, reserved 1130496K
  class space    used 12104K, committed 12480K, reserved 1048576K
}
Event: 102.351 GC heap after
{Heap after GC invocations=40 (full 0):
 garbage-first heap   total 229376K, used 101376K [0x0000000080000000, 0x0000000100000000)
  region size 1024K, 12 young (12288K), 12 survivors (12288K)
 Metaspace       used 89086K, committed 89856K, reserved 1130496K
  class space    used 12104K, committed 12480K, reserved 1048576K
}
Event: 108.789 GC heap before
{Heap before GC invocations=40 (full 0):
 garbage-first heap   total 229376K, used 203776K [0x0000000080000000, 0x0000000100000000)
  region size 1024K, 85 young (87040K), 12 survivors (12288K)
 Metaspace       used 95873K, committed 96704K, reserved 1138688K
  class space    used 12733K, committed 13120K, reserved 1048576K
}
Event: 108.835 GC heap after
{Heap after GC invocations=41 (full 0):
 garbage-first heap   total 229376K, used 126464K [0x0000000080000000, 0x0000000100000000)
  region size 1024K, 9 young (9216K), 9 survivors (9216K)
 Metaspace       used 95873K, committed 96704K, reserved 1138688K
  class space    used 12733K, committed 13120K, reserved 1048576K
}
Event: 110.509 GC heap before
{Heap before GC invocations=41 (full 0):
 garbage-first heap   total 229376K, used 166400K [0x0000000080000000, 0x0000000100000000)
  region size 1024K, 24 young (24576K), 9 survivors (9216K)
 Metaspace       used 99324K, committed 100096K, reserved 1138688K
  class space    used 13113K, committed 13504K, reserved 1048576K
}
Event: 110.532 GC heap after
{Heap after GC invocations=42 (full 0):
 garbage-first heap   total 229376K, used 130048K [0x0000000080000000, 0x0000000100000000)
  region size 1024K, 2 young (2048K), 2 survivors (2048K)
 Metaspace       used 99324K, committed 100096K, reserved 1138688K
  class space    used 13113K, committed 13504K, reserved 1048576K
}
Event: 111.337 GC heap before
{Heap before GC invocations=42 (full 0):
 garbage-first heap   total 229376K, used 150528K [0x0000000080000000, 0x0000000100000000)
  region size 1024K, 15 young (15360K), 2 survivors (2048K)
 Metaspace       used 102380K, committed 103168K, reserved 1146880K
  class space    used 13435K, committed 13824K, reserved 1048576K
}
Event: 111.347 GC heap after
{Heap after GC invocations=43 (full 0):
 garbage-first heap   total 229376K, used 127750K [0x0000000080000000, 0x0000000100000000)
  region size 1024K, 2 young (2048K), 2 survivors (2048K)
 Metaspace       used 102380K, committed 103168K, reserved 1146880K
  class space    used 13435K, committed 13824K, reserved 1048576K
}
Event: 115.736 GC heap before
{Heap before GC invocations=44 (full 0):
 garbage-first heap   total 229376K, used 180998K [0x0000000080000000, 0x0000000100000000)
  region size 1024K, 64 young (65536K), 2 survivors (2048K)
 Metaspace       used 114920K, committed 115776K, reserved 1155072K
  class space    used 15075K, committed 15488K, reserved 1048576K
}
Event: 115.763 GC heap after
{Heap after GC invocations=45 (full 0):
 garbage-first heap   total 229376K, used 124734K [0x0000000080000000, 0x0000000100000000)
  region size 1024K, 8 young (8192K), 8 survivors (8192K)
 Metaspace       used 114920K, committed 115776K, reserved 1155072K
  class space    used 15075K, committed 15488K, reserved 1048576K
}
Event: 115.912 GC heap before
{Heap before GC invocations=45 (full 0):
 garbage-first heap   total 229376K, used 126782K [0x0000000080000000, 0x0000000100000000)
  region size 1024K, 11 young (11264K), 8 survivors (8192K)
 Metaspace       used 115869K, committed 116736K, reserved 1155072K
  class space    used 15193K, committed 15616K, reserved 1048576K
}
Event: 115.936 GC heap after
{Heap after GC invocations=46 (full 0):
 garbage-first heap   total 229376K, used 124836K [0x0000000080000000, 0x0000000100000000)
  region size 1024K, 1 young (1024K), 1 survivors (1024K)
 Metaspace       used 115869K, committed 116736K, reserved 1155072K
  class space    used 15193K, committed 15616K, reserved 1048576K
}

Deoptimization events (20 events):
Event: 117.186 Thread 0x000001207cee4800 Uncommon trap: trap_request=0xffffffc6 fr.pc=0x000001206827ca3c relative=0x000000000000011c
Event: 117.186 Thread 0x000001207cee4800 Uncommon trap: reason=bimorphic_or_optimized_type_check action=maybe_recompile pc=0x000001206827ca3c method=java.util.Collections$UnmodifiableList.get(I)Ljava/lang/Object; @ 5 c2
Event: 117.186 Thread 0x000001207cee4800 DEOPT PACKING pc=0x000001206827ca3c sp=0x0000001dd02fc960
Event: 117.186 Thread 0x000001207cee4800 DEOPT UNPACKING pc=0x00000120602e239d sp=0x0000001dd02fc8f8 mode 2
Event: 117.186 Thread 0x000001207cee4800 Uncommon trap: trap_request=0xffffffc6 fr.pc=0x000001206827ca3c relative=0x000000000000011c
Event: 117.186 Thread 0x000001207cee4800 Uncommon trap: reason=bimorphic_or_optimized_type_check action=maybe_recompile pc=0x000001206827ca3c method=java.util.Collections$UnmodifiableList.get(I)Ljava/lang/Object; @ 5 c2
Event: 117.186 Thread 0x000001207cee4800 DEOPT PACKING pc=0x000001206827ca3c sp=0x0000001dd02fc960
Event: 117.186 Thread 0x000001207cee4800 DEOPT UNPACKING pc=0x00000120602e239d sp=0x0000001dd02fc8f8 mode 2
Event: 117.186 Thread 0x000001207cee4800 Uncommon trap: trap_request=0xffffffc6 fr.pc=0x000001206827ca3c relative=0x000000000000011c
Event: 117.186 Thread 0x000001207cee4800 Uncommon trap: reason=bimorphic_or_optimized_type_check action=maybe_recompile pc=0x000001206827ca3c method=java.util.Collections$UnmodifiableList.get(I)Ljava/lang/Object; @ 5 c2
Event: 117.186 Thread 0x000001207cee4800 DEOPT PACKING pc=0x000001206827ca3c sp=0x0000001dd02fc960
Event: 117.186 Thread 0x000001207cee4800 DEOPT UNPACKING pc=0x00000120602e239d sp=0x0000001dd02fc8f8 mode 2
Event: 117.186 Thread 0x000001207cee4800 Uncommon trap: trap_request=0xffffffc6 fr.pc=0x000001206827ca3c relative=0x000000000000011c
Event: 117.186 Thread 0x000001207cee4800 Uncommon trap: reason=bimorphic_or_optimized_type_check action=maybe_recompile pc=0x000001206827ca3c method=java.util.Collections$UnmodifiableList.get(I)Ljava/lang/Object; @ 5 c2
Event: 117.186 Thread 0x000001207cee4800 DEOPT PACKING pc=0x000001206827ca3c sp=0x0000001dd02fc960
Event: 117.186 Thread 0x000001207cee4800 DEOPT UNPACKING pc=0x00000120602e239d sp=0x0000001dd02fc8f8 mode 2
Event: 117.402 Thread 0x000001207cee4800 Uncommon trap: trap_request=0xffffff45 fr.pc=0x0000012068076044 relative=0x0000000000000504
Event: 117.402 Thread 0x000001207cee4800 Uncommon trap: reason=unstable_if action=reinterpret pc=0x0000012068076044 method=sun.security.provider.DigestBase.engineUpdate([BII)V @ 1 c2
Event: 117.402 Thread 0x000001207cee4800 DEOPT PACKING pc=0x0000012068076044 sp=0x0000001dd02fd220
Event: 117.402 Thread 0x000001207cee4800 DEOPT UNPACKING pc=0x00000120602e239d sp=0x0000001dd02fd1d8 mode 2

Classes unloaded (0 events):
No events

Classes redefined (0 events):
No events

Internal exceptions (20 events):
Event: 115.798 Thread 0x000001207cee8690 Exception <a 'sun/nio/fs/WindowsException'{0x000000008dfd4be0}> (0x000000008dfd4be0) 
thrown [d:\a\1\s\lookaside\java-17-openjdk\src\hotspot\share\prims\jni.cpp, line 516]
Event: 115.799 Thread 0x000001207cee8690 Exception <a 'sun/nio/fs/WindowsException'{0x000000008dfd5ca8}> (0x000000008dfd5ca8) 
thrown [d:\a\1\s\lookaside\java-17-openjdk\src\hotspot\share\prims\jni.cpp, line 516]
Event: 116.297 Thread 0x000001207cee4800 Exception <a 'java/lang/IncompatibleClassChangeError'{0x000000008da5f9f0}: Found class java.lang.Object, but interface was expected> (0x000000008da5f9f0) 
thrown [d:\a\1\s\lookaside\java-17-openjdk\src\hotspot\share\interpreter\linkResolver.cpp, line 833]
Event: 116.485 Thread 0x000001207cee4800 Exception <a 'java/lang/IncompatibleClassChangeError'{0x000000008d743ff8}: Found class java.lang.Object, but interface was expected> (0x000000008d743ff8) 
thrown [d:\a\1\s\lookaside\java-17-openjdk\src\hotspot\share\interpreter\linkResolver.cpp, line 833]
Event: 116.487 Thread 0x000001207cee4800 Exception <a 'java/lang/IncompatibleClassChangeError'{0x000000008d74c630}: Found class java.lang.Object, but interface was expected> (0x000000008d74c630) 
thrown [d:\a\1\s\lookaside\java-17-openjdk\src\hotspot\share\interpreter\linkResolver.cpp, line 833]
Event: 116.610 Thread 0x000001207cee4800 Exception <a 'java/lang/NoSuchMethodError'{0x000000008d30f5a0}: 'void java.lang.invoke.DirectMethodHandle$Holder.invokeSpecial(java.lang.Object, java.lang.Object, int, java.lang.Object)'> (0x000000008d30f5a0) 
thrown [d:\a\1\s\lookaside\java-17-openjdk\src\hotspot\share\interpreter\linkResolver.cpp, line 766]
Event: 116.694 Thread 0x000001207cee4800 Exception <a 'java/lang/NoSuchMethodError'{0x000000008d2ec690}: 'void java.lang.invoke.DirectMethodHandle$Holder.invokeSpecialIFC(java.lang.Object, java.lang.Object, java.lang.Object, java.lang.Object)'> (0x000000008d2ec690) 
thrown [d:\a\1\s\lookaside\java-17-openjdk\src\hotspot\share\interpreter\linkResolver.cpp, line 766]
Event: 116.700 Thread 0x000001207cee4800 Exception <a 'java/lang/NoSuchMethodError'{0x000000008d10e1f0}: 'java.lang.Object java.lang.invoke.DirectMethodHandle$Holder.invokeSpecial(java.lang.Object, java.lang.Object, int, java.lang.Object, java.lang.Object, java.lang.Object)'> (0x000000008d10e1f0) 
thrown [d:\a\1\s\lookaside\java-17-openjdk\src\hotspot\share\interpreter\linkResolver.cpp, line 766]
Event: 116.725 Thread 0x000001207cee4800 Exception <a 'java/lang/NoSuchMethodError'{0x000000008d003c98}: 'void java.lang.invoke.DirectMethodHandle$Holder.invokeStatic(java.lang.Object, java.lang.Object, java.lang.Object, java.lang.Object, java.lang.Object, java.lang.Object, java.lang.Object, java.lang.Object, java.lang.Object, java.lang.Object)'> (0x000000008d003c98) 
thrown [d:\a\1\s\lookaside\java-17-openjdk\src\hotspot\share\interpreter\linkResolver.cpp, line 766]
Event: 116.792 Thread 0x000001207cee4800 Exception <a 'java/lang/NoSuchMethodError'{0x000000008ce61208}: 'int java.lang.invoke.DirectMethodHandle$Holder.invokeSpecial(java.lang.Object, java.lang.Object, java.lang.Object, int, java.lang.Object)'> (0x000000008ce61208) 
thrown [d:\a\1\s\lookaside\java-17-openjdk\src\hotspot\share\interpreter\linkResolver.cpp, line 766]
Event: 116.902 Thread 0x000001207cee4800 Exception <a 'java/lang/NoSuchMethodError'{0x000000008cba4878}: 'int java.lang.invoke.DirectMethodHandle$Holder.invokeSpecial(java.lang.Object, java.lang.Object, java.lang.Object, int)'> (0x000000008cba4878) 
thrown [d:\a\1\s\lookaside\java-17-openjdk\src\hotspot\share\interpreter\linkResolver.cpp, line 766]
Event: 116.922 Thread 0x000001207cee4800 Exception <a 'java/lang/NoSuchMethodError'{0x000000008ca91288}: 'java.lang.Object java.lang.invoke.DirectMethodHandle$Holder.newInvokeSpecial(java.lang.Object, java.lang.Object, java.lang.Object, java.lang.Object, java.lang.Object, java.lang.Object, java.lang.Object, java.lang.Object, java.lang.Object, java.lang.Object)'> (0x000000008ca91288) 
thrown [d:\a\1\s\lookaside\java-17-openjdk\src\hotspot\share\interpreter\linkResolver.cpp, line 766]
Event: 116.924 Thread 0x000001207cee4800 Exception <a 'java/lang/NoSuchMethodError'{0x000000008ca95a90}: 'int java.lang.invoke.DirectMethodHandle$Holder.invokeSpecial(java.lang.Object, java.lang.Object, int)'> (0x000000008ca95a90) 
thrown [d:\a\1\s\lookaside\java-17-openjdk\src\hotspot\share\interpreter\linkResolver.cpp, line 766]
Event: 117.026 Thread 0x000001207cee4800 Exception <a 'java/lang/IncompatibleClassChangeError'{0x000000008c982950}: Found class java.lang.Object, but interface was expected> (0x000000008c982950) 
thrown [d:\a\1\s\lookaside\java-17-openjdk\src\hotspot\share\interpreter\linkResolver.cpp, line 833]
Event: 117.058 Thread 0x000001207cee4800 Exception <a 'java/lang/NoSuchMethodError'{0x000000008c8a12d0}: 'java.lang.Object java.lang.invoke.DirectMethodHandle$Holder.newInvokeSpecial(java.lang.Object, long)'> (0x000000008c8a12d0) 
thrown [d:\a\1\s\lookaside\java-17-openjdk\src\hotspot\share\interpreter\linkResolver.cpp, line 766]
Event: 117.183 Thread 0x000001207cee4800 Exception <a 'java/lang/NoSuchMethodError'{0x000000008c643e58}: 'void java.lang.invoke.DirectMethodHandle$Holder.invokeInterface(java.lang.Object, java.lang.Object, java.lang.Object, int)'> (0x000000008c643e58) 
thrown [d:\a\1\s\lookaside\java-17-openjdk\src\hotspot\share\interpreter\linkResolver.cpp, line 766]
Event: 117.327 Thread 0x000001207cee4800 Exception <a 'java/lang/NoSuchMethodError'{0x000000008c18fbc0}: 'java.lang.Object java.lang.invoke.DirectMethodHandle$Holder.newInvokeSpecial(java.lang.Object, java.lang.Object, int, java.lang.Object, java.lang.Object, java.lang.Object)'> (0x000000008c18fbc0) 
thrown [d:\a\1\s\lookaside\java-17-openjdk\src\hotspot\share\interpreter\linkResolver.cpp, line 766]
Event: 117.328 Thread 0x000001207cee4800 Exception <a 'java/lang/NoSuchMethodError'{0x000000008c197638}: 'java.lang.Object java.lang.invoke.Invokers$Holder.linkToTargetMethod(java.lang.Object, int, java.lang.Object, java.lang.Object, java.lang.Object, java.lang.Object)'> (0x000000008c197638) 
thrown [d:\a\1\s\lookaside\java-17-openjdk\src\hotspot\share\interpreter\linkResolver.cpp, line 766]
Event: 117.330 Thread 0x000001207cee4800 Exception <a 'java/lang/NoSuchMethodError'{0x000000008c19b860}: 'void java.lang.invoke.DirectMethodHandle$Holder.invokeSpecial(java.lang.Object, java.lang.Object, java.lang.Object, int, java.lang.Object, java.lang.Object, java.lang.Object, java.lang.Object)'> (0x000000008c19b860) 
thrown [d:\a\1\s\lookaside\java-17-openjdk\src\hotspot\share\interpreter\linkResolver.cpp, line 766]
Event: 117.397 Thread 0x000001207cee4800 Exception <a 'java/lang/NoSuchMethodError'{0x000000008bf64e70}: 'void java.lang.invoke.DirectMethodHandle$Holder.invokeStatic(java.lang.Object, java.lang.Object, java.lang.Object, java.lang.Object, java.lang.Object, java.lang.Object, java.lang.Object, java.lang.Object)'> (0x000000008bf64e70) 
thrown [d:\a\1\s\lookaside\java-17-openjdk\src\hotspot\share\interpreter\linkResolver.cpp, line 766]

VM Operations (20 events):
Event: 115.736 Executing VM operation: G1CollectForAllocation
Event: 115.763 Executing VM operation: G1CollectForAllocation done
Event: 115.819 Executing VM operation: HandshakeAllThreads
Event: 115.820 Executing VM operation: HandshakeAllThreads done
Event: 115.872 Executing VM operation: HandshakeAllThreads
Event: 115.872 Executing VM operation: HandshakeAllThreads done
Event: 115.895 Executing VM operation: G1CollectForAllocation
Event: 115.938 Executing VM operation: G1CollectForAllocation done
Event: 116.302 Executing VM operation: HandshakeAllThreads
Event: 116.307 Executing VM operation: HandshakeAllThreads done
Event: 116.883 Executing VM operation: HandshakeAllThreads
Event: 116.883 Executing VM operation: HandshakeAllThreads done
Event: 116.896 Executing VM operation: HandshakeAllThreads
Event: 116.896 Executing VM operation: HandshakeAllThreads done
Event: 116.920 Executing VM operation: HandshakeAllThreads
Event: 116.921 Executing VM operation: HandshakeAllThreads done
Event: 117.210 Executing VM operation: HandshakeAllThreads
Event: 117.210 Executing VM operation: HandshakeAllThreads done
Event: 117.210 Executing VM operation: Cleanup
Event: 117.210 Executing VM operation: Cleanup done

Events (20 events):
Event: 113.263 Thread 0x0000012075ef8570 flushing nmethod 0x0000012061f4e610
Event: 113.263 Thread 0x0000012075ef8570 flushing nmethod 0x0000012061f4f190
Event: 113.876 loading class java/lang/reflect/GenericSignatureFormatError
Event: 113.876 loading class java/lang/reflect/GenericSignatureFormatError done
Event: 114.392 loading class java/util/concurrent/ConcurrentLinkedQueue$Itr
Event: 114.392 loading class java/util/concurrent/ConcurrentLinkedQueue$Itr done
Event: 115.727 loading class java/io/NotSerializableException
Event: 115.731 loading class java/io/NotSerializableException done
Event: 116.780 loading class java/util/IdentityHashMap$ValueIterator
Event: 116.782 loading class java/util/IdentityHashMap$ValueIterator done
Event: 116.880 loading class java/util/SortedSet$1
Event: 116.880 loading class java/util/SortedSet$1 done
Event: 116.885 loading class java/util/stream/SliceOps
Event: 116.892 loading class java/util/stream/SliceOps done
Event: 116.892 loading class java/util/stream/SliceOps$1
Event: 116.893 loading class java/util/stream/SliceOps$1 done
Event: 116.896 loading class java/util/stream/SliceOps$1$1
Event: 116.897 loading class java/util/stream/SliceOps$1$1 done
Event: 117.277 loading class java/util/IdentityHashMap$EntrySet
Event: 117.278 loading class java/util/IdentityHashMap$EntrySet done


Dynamic libraries:
0x00007ff697c80000 - 0x00007ff697ca1000 	D:\java\ojdkbuild\java-17-openjdk-17.0.3.0.6-1\bin\java.exe
0x00007ffbb09d0000 - 0x00007ffbb0be7000 	C:\Windows\SYSTEM32\ntdll.dll
0x00007ffbaf530000 - 0x00007ffbaf5f4000 	C:\Windows\System32\KERNEL32.DLL
0x00007ffbae0a0000 - 0x00007ffbae446000 	C:\Windows\System32\KERNELBASE.dll
0x00007ffbadf50000 - 0x00007ffbae061000 	C:\Windows\System32\ucrtbase.dll
0x00007ffb98430000 - 0x00007ffb98448000 	D:\java\ojdkbuild\java-17-openjdk-17.0.3.0.6-1\bin\jli.dll
0x00007ffbb0340000 - 0x00007ffbb04ee000 	C:\Windows\System32\USER32.dll
0x00007ffbae070000 - 0x00007ffbae096000 	C:\Windows\System32\win32u.dll
0x00007ffbae990000 - 0x00007ffbae9b9000 	C:\Windows\System32\GDI32.dll
0x00007ffbae450000 - 0x00007ffbae568000 	C:\Windows\System32\gdi32full.dll
0x00007ffbade80000 - 0x00007ffbadf1a000 	C:\Windows\System32\msvcp_win.dll
0x00007ffb90860000 - 0x00007ffb9087b000 	D:\java\ojdkbuild\java-17-openjdk-17.0.3.0.6-1\bin\VCRUNTIME140.dll
0x00007ffb91040000 - 0x00007ffb912d3000 	C:\Windows\WinSxS\amd64_microsoft.windows.common-controls_6595b64144ccf1df_6.0.22621.2506_none_270c5ae97388e100\COMCTL32.dll
0x00007ffbaf270000 - 0x00007ffbaf317000 	C:\Windows\System32\msvcrt.dll
0x00007ffbb0250000 - 0x00007ffbb0281000 	C:\Windows\System32\IMM32.DLL
0x00007ffb9aa70000 - 0x00007ffb9aa7c000 	D:\java\ojdkbuild\java-17-openjdk-17.0.3.0.6-1\bin\vcruntime140_1.dll
0x00007ffb6d930000 - 0x00007ffb6d9bd000 	D:\java\ojdkbuild\java-17-openjdk-17.0.3.0.6-1\bin\msvcp140.dll
0x00007ffb43940000 - 0x00007ffb4459f000 	D:\java\ojdkbuild\java-17-openjdk-17.0.3.0.6-1\bin\server\jvm.dll
0x00007ffbaf600000 - 0x00007ffbaf6b3000 	C:\Windows\System32\ADVAPI32.dll
0x00007ffbaf420000 - 0x00007ffbaf4c8000 	C:\Windows\System32\sechost.dll
0x00007ffbadf20000 - 0x00007ffbadf48000 	C:\Windows\System32\bcrypt.dll
0x00007ffbaea10000 - 0x00007ffbaeb27000 	C:\Windows\System32\RPCRT4.dll
0x00007ffbb0980000 - 0x00007ffbb0988000 	C:\Windows\System32\PSAPI.DLL
0x00007ffb92bb0000 - 0x00007ffb92bb9000 	C:\Windows\SYSTEM32\WSOCK32.dll
0x00007ffbb0290000 - 0x00007ffbb0301000 	C:\Windows\System32\WS2_32.dll
0x00007ffb9a840000 - 0x00007ffb9a874000 	C:\Windows\SYSTEM32\WINMM.dll
0x00007ffb9c050000 - 0x00007ffb9c05a000 	C:\Windows\SYSTEM32\VERSION.dll
0x00007ffbacda0000 - 0x00007ffbacdb8000 	C:\Windows\SYSTEM32\kernel.appcore.dll
0x00007ffb9aa00000 - 0x00007ffb9aa0a000 	D:\java\ojdkbuild\java-17-openjdk-17.0.3.0.6-1\bin\jimage.dll
0x00007ffbab7c0000 - 0x00007ffbab9f3000 	C:\Windows\SYSTEM32\DBGHELP.DLL
0x00007ffbaec10000 - 0x00007ffbaef99000 	C:\Windows\System32\combase.dll
0x00007ffbaeb30000 - 0x00007ffbaec07000 	C:\Windows\System32\OLEAUT32.dll
0x00007ffb98f10000 - 0x00007ffb98f42000 	C:\Windows\SYSTEM32\dbgcore.DLL
0x00007ffbae5e0000 - 0x00007ffbae65a000 	C:\Windows\System32\bcryptPrimitives.dll
0x00007ffb85860000 - 0x00007ffb85885000 	D:\java\ojdkbuild\java-17-openjdk-17.0.3.0.6-1\bin\java.dll
0x00007ffb6c4f0000 - 0x00007ffb6c5c7000 	D:\java\ojdkbuild\java-17-openjdk-17.0.3.0.6-1\bin\jsvml.dll
0x00007ffbaf990000 - 0x00007ffbb01eb000 	C:\Windows\System32\SHELL32.dll
0x00007ffbabc30000 - 0x00007ffbac526000 	C:\Windows\SYSTEM32\windows.storage.dll
0x00007ffbabaf0000 - 0x00007ffbabc2e000 	C:\Windows\SYSTEM32\wintypes.dll
0x00007ffbaf320000 - 0x00007ffbaf413000 	C:\Windows\System32\SHCORE.dll
0x00007ffbb01f0000 - 0x00007ffbb024e000 	C:\Windows\System32\shlwapi.dll
0x00007ffbadc40000 - 0x00007ffbadc66000 	C:\Windows\SYSTEM32\profapi.dll
0x00007ffb84bb0000 - 0x00007ffb84bc9000 	D:\java\ojdkbuild\java-17-openjdk-17.0.3.0.6-1\bin\net.dll
0x00007ffba4660000 - 0x00007ffba4797000 	C:\Windows\SYSTEM32\WINHTTP.dll
0x00007ffbad270000 - 0x00007ffbad2d9000 	C:\Windows\system32\mswsock.dll
0x00007ffb831c0000 - 0x00007ffb831d6000 	D:\java\ojdkbuild\java-17-openjdk-17.0.3.0.6-1\bin\nio.dll
0x00007ffb831a0000 - 0x00007ffb831b8000 	D:\java\ojdkbuild\java-17-openjdk-17.0.3.0.6-1\bin\zip.dll
0x00007ffb98310000 - 0x00007ffb98320000 	D:\java\ojdkbuild\java-17-openjdk-17.0.3.0.6-1\bin\verify.dll
0x00007ffb80140000 - 0x00007ffb80167000 	C:\Users\11218\.gradle\native\68d5fa5c4cc2d200863cafc0d521ce42e7d3e7ee720ec0a83991735586a16f82\windows-amd64\native-platform.dll
0x00007ffb5dd80000 - 0x00007ffb5dec4000 	C:\Users\11218\.gradle\native\e376f236ea51e6404a007f0833ffe2c6e607c4080706a723a18a27aeea778392\windows-amd64\native-platform-file-events.dll
0x00007ffb96120000 - 0x00007ffb96129000 	D:\java\ojdkbuild\java-17-openjdk-17.0.3.0.6-1\bin\management.dll
0x00007ffb903d0000 - 0x00007ffb903db000 	D:\java\ojdkbuild\java-17-openjdk-17.0.3.0.6-1\bin\management_ext.dll
0x00007ffbad5c0000 - 0x00007ffbad5db000 	C:\Windows\SYSTEM32\CRYPTSP.dll
0x00007ffbacd60000 - 0x00007ffbacd95000 	C:\Windows\system32\rsaenh.dll
0x00007ffbad310000 - 0x00007ffbad33c000 	C:\Windows\SYSTEM32\USERENV.dll
0x00007ffbad5a0000 - 0x00007ffbad5ac000 	C:\Windows\SYSTEM32\CRYPTBASE.dll
0x00007ffbac890000 - 0x00007ffbac8bd000 	C:\Windows\SYSTEM32\IPHLPAPI.DLL
0x00007ffbaefa0000 - 0x00007ffbaefa9000 	C:\Windows\System32\NSI.dll
0x00007ffba5150000 - 0x00007ffba5169000 	C:\Windows\SYSTEM32\dhcpcsvc6.DLL
0x00007ffba4640000 - 0x00007ffba465f000 	C:\Windows\SYSTEM32\dhcpcsvc.DLL
0x00007ffbac8c0000 - 0x00007ffbac9b9000 	C:\Windows\SYSTEM32\DNSAPI.dll
0x00007ffb902e0000 - 0x00007ffb902ed000 	D:\java\ojdkbuild\java-17-openjdk-17.0.3.0.6-1\bin\sunmscapi.dll
0x00007ffbadd10000 - 0x00007ffbade76000 	C:\Windows\System32\CRYPT32.dll
0x00007ffbad6d0000 - 0x00007ffbad6fe000 	C:\Windows\SYSTEM32\ncrypt.dll
0x00007ffbad690000 - 0x00007ffbad6c7000 	C:\Windows\SYSTEM32\NTASN1.dll
0x00007ffb9aa80000 - 0x00007ffb9aa88000 	C:\Windows\system32\wshunix.dll
0x00007ffb90f50000 - 0x00007ffb90f67000 	C:\Windows\system32\napinsp.dll
0x00007ffb90f30000 - 0x00007ffb90f4b000 	C:\Windows\system32\pnrpnsp.dll
0x00007ffb90f10000 - 0x00007ffb90f21000 	C:\Windows\System32\winrnr.dll
0x00007ffb9e1a0000 - 0x00007ffb9e1b5000 	C:\Windows\system32\wshbth.dll
0x00007ffb8dca0000 - 0x00007ffb8dcc1000 	C:\Windows\system32\nlansp_c.dll
0x00007ffb9b080000 - 0x00007ffb9b08a000 	C:\Windows\System32\rasadhlp.dll
0x00007ffb9bf40000 - 0x00007ffb9bfc3000 	C:\Windows\System32\fwpuclnt.dll

dbghelp: loaded successfully - version: 4.0.5 - missing functions: none
symbol engine: initialized successfully - sym options: 0x614 - pdb path: .;D:\java\ojdkbuild\java-17-openjdk-17.0.3.0.6-1\bin;C:\Windows\SYSTEM32;C:\Windows\WinSxS\amd64_microsoft.windows.common-controls_6595b64144ccf1df_6.0.22621.2506_none_270c5ae97388e100;D:\java\ojdkbuild\java-17-openjdk-17.0.3.0.6-1\bin\server;C:\Users\11218\.gradle\native\68d5fa5c4cc2d200863cafc0d521ce42e7d3e7ee720ec0a83991735586a16f82\windows-amd64;C:\Users\11218\.gradle\native\e376f236ea51e6404a007f0833ffe2c6e607c4080706a723a18a27aeea778392\windows-amd64

VM Arguments:
jvm_args: --add-opens=java.base/java.util=ALL-UNNAMED --add-opens=java.base/java.lang=ALL-UNNAMED --add-opens=java.base/java.lang.invoke=ALL-UNNAMED --add-opens=java.prefs/java.util.prefs=ALL-UNNAMED --add-opens=java.base/java.nio.charset=ALL-UNNAMED --add-opens=java.base/java.net=ALL-UNNAMED --add-opens=java.base/java.util.concurrent.atomic=ALL-UNNAMED -Xmx2048m -Dfile.encoding=UTF-8 -Duser.country=CN -Duser.language=zh -Duser.variant 
java_command: org.gradle.launcher.daemon.bootstrap.GradleDaemon 8.0
java_class_path (initial): C:\Users\11218\.gradle\wrapper\dists\gradle-8.0-all\a2o1xoguejy6msdh0lk99lxza\gradle-8.0\lib\gradle-launcher-8.0.jar
Launcher Type: SUN_STANDARD

[Global flags]
     intx CICompilerCount                          = 2                                         {product} {ergonomic}
     uint ConcGCThreads                            = 1                                         {product} {ergonomic}
     uint G1ConcRefinementThreads                  = 2                                         {product} {ergonomic}
   size_t G1HeapRegionSize                         = 1048576                                   {product} {ergonomic}
    uintx GCDrainStackTargetSize                   = 64                                        {product} {ergonomic}
   size_t InitialHeapSize                          = 132120576                                 {product} {ergonomic}
   size_t MarkStackSize                            = 4194304                                   {product} {ergonomic}
   size_t MaxHeapSize                              = 2147483648                                {product} {command line}
   size_t MaxNewSize                               = 1287651328                                {product} {ergonomic}
   size_t MinHeapDeltaBytes                        = 1048576                                   {product} {ergonomic}
   size_t MinHeapSize                              = 8388608                                   {product} {ergonomic}
    uintx NonNMethodCodeHeapSize                   = 5826188                                {pd product} {ergonomic}
    uintx NonProfiledCodeHeapSize                  = 122916026                              {pd product} {ergonomic}
    uintx ProfiledCodeHeapSize                     = 122916026                              {pd product} {ergonomic}
    uintx ReservedCodeCacheSize                    = 251658240                              {pd product} {ergonomic}
     bool SegmentedCodeCache                       = true                                      {product} {ergonomic}
   size_t SoftMaxHeapSize                          = 2147483648                             {manageable} {ergonomic}
     bool UseCompressedClassPointers               = true                           {product lp64_product} {ergonomic}
     bool UseCompressedOops                        = true                           {product lp64_product} {ergonomic}
     bool UseG1GC                                  = true                                      {product} {ergonomic}
     bool UseLargePagesIndividualAllocation        = false                                  {pd product} {ergonomic}

Logging:
Log output configuration:
 #0: stdout all=warning uptime,level,tags
 #1: stderr all=off uptime,level,tags

Environment Variables:
JAVA_HOME=D:\java\ojdkbuild\java-17-openjdk-17.0.3.0.6-1
CLASSPATH=D:\androidLearning\AndroidStudioProjects\serviceTest1\\gradle\wrapper\gradle-wrapper.jar
PATH=C:\Users\11218\miniconda3\condabin;C:\Windows\system32;C:\Windows;C:\Windows\System32\Wbem;C:\Windows\System32\WindowsPowerShell\v1.0\;C:\Windows\System32\OpenSSH\;D:\powershell\powershell7;d:\python3.11;C:\Program Files\WinRAR;C:\Program Files\Microsoft Office\root\Office16;C:\Program Files\PuTTY\;C:\Users\11218\AppData\Local\Microsoft\WindowsApps;C:\Program Files\dotnet\;D:\mytools\MinGit-2.11.1.mingit.prerelease.4-64-bit\cmd;D:\mytools\MinGit-2.11.1.mingit.prerelease.4-64-bit\usr\bin;D:\mytools\WiresharkPortable64\App\Wireshark;D:\MYTOOLS\SPSS1\JRE\bin;D:\myPython\goods;D:\mytools\SPSS1;C:\Users\11218\AppData\Roaming\nvda\addons\NVBox\globalPlugins\nvbox\adb;d:\java\ojdkbuild\java-17-openjdk-17.0.3.0.6-1.jre\bin;C:\Program Files\Docker\Docker\resources\bin;d:\java\ojdkbuild\java-17-openjdk-17.0.3.0.6-1\bin;D:\androidLearning\gradle\gradle-8.0\bin;D:\java\ojdkbuild\java-17-openjdk-17.0.3.0.6-1\bin;D:/java/ojdkbuild/java-17-openjdk-17.0.3.0.6-1.jre\bin;D:/java/ojdkbuild/java-17-openjdk-17.0.3.0.6-1.jre\bin\server;D:\ANDROIDLEARNING\REVERSE;C:\Users\11218\AppData\Local\Programs\Python\Python311;D:\myPython\NVSrC;C:\Users\11218\.gradle\wrapper\dists\gradle-8.0-all\a2o1xoguejy6msdh0lk99lxza\gradle-8.0\bin;D:\androidLearning\REVERSE\jadx\bin;C:\Program Files\Cloudflare\Cloudflare WARP\;D:\mypython\nvsrc\py-3-11-32\Scripts\;D:\mypython\nvsrc\py-3-11-32\;C:\Users\11218\AppData\Local\Programs\Python\Python311\;C:\Users\11218\miniconda3;C:\Users\11218\miniconda3\Library\mingw-w64\bin;C:\Users\11218\miniconda3\Library\usr\bin;C:\Users\11218\miniconda3\Library\bin;C:\Users\11218\miniconda3\Scripts;C:\Users\11218\scoop\shims;C:\Users\11218\AppData\Local\Microsoft\WindowsApps;C:\Users\11218\AppData\Local\Programs\Microsoft VS Code\bin;D:\myPython\goods;C:\Users\11218\AppData\Local\Microsoft\WinGet\Links;C:\Users\11218\.dotnet\tools
USERNAME=Stranger
OS=Windows_NT
PROCESSOR_IDENTIFIER=Intel64 Family 6 Model 122 Stepping 8, GenuineIntel



---------------  S Y S T E M  ---------------

OS:
 Windows 11 , 64 bit Build 22621 (10.0.22621.3085)
OS uptime: 6 days 1:44 hours
Hyper-V role detected

CPU: total 2 (initial active 2) (2 cores per cpu, 1 threads per core) family 6 model 122 stepping 8 microcode 0x1a, cx8, cmov, fxsr, mmx, 3dnowpref, sse, sse2, sse3, ssse3, sse4.1, sse4.2, popcnt, tsc, tscinvbit, aes, erms, clmul, sha, clflush, clflushopt, hv

Memory: 4k page, system-wide physical 7995M (582M free)
TotalPageFile size 16265M (AvailPageFile size 4M)
current process WorkingSet (physical memory assigned to process): 523M, peak: 523M
current process commit charge ("private bytes"): 553M, peak: 553M

vm_info: OpenJDK 64-Bit Server VM (17.0.3+6-LTS) for windows-amd64 JRE (17.0.3+6-LTS), built on May  3 2022 21:26:56 by "" with MS VC++ 16.10 / 16.11 (VS2019)

END.
