#
# A fatal error has been detected by the Java Runtime Environment:
#
#  EXCEPTION_ACCESS_VIOLATION (0xc0000005) at pc=0x00007ffd12321be9, pid=23332, tid=15600
#
# JRE version:  (17.0.3+6) (build )
# Java VM: OpenJDK 64-Bit Server VM (17.0.3+6-LTS, mixed mode, sharing, tiered, unknown gc, windows-amd64)
# Problematic frame:
# C  [jimage.dll+0x1be9]
#
# No core dump will be written. Minidumps are not enabled by default on client versions of Windows
#
#

---------------  S U M M A R Y ------------

Command Line: 

Host: Intel(R) Celeron(R) N4020 CPU @ 1.10GHz, 2 cores, 7G,  Windows 11 , 64 bit Build 22621 (10.0.22621.3235)
Time: Thu Mar 21 21:34:25 2024  Windows 11 , 64 bit Build 22621 (10.0.22621.3235) elapsed time: 0.026912 seconds (0d 0h 0m 0s)

---------------  T H R E A D  ---------------

Current thread is native thread

Stack: [0x000000f7fe000000,0x000000f7fe100000],  sp=0x000000f7fe0fd960,  free space=1014k
Native frames: (J=compiled Java code, j=interpreted, Vv=VM code, C=native code)
C  [jimage.dll+0x1be9]


siginfo: EXCEPTION_ACCESS_VIOLATION (0xc0000005), reading address 0x0000000000006a14


Registers:
RAX=0x0000000000001a7e, RBX=0x000000f7fe0fda51, RCX=0x00007ffd12326000, RDX=0x0000000000001a7e
RSP=0x000000f7fe0fd960, RBP=0x000000f7fe0fda50, RSI=0x00000000000072fa, RDI=0x000000f7fe0fda50
R8 =0x00007ffd12324288, R9 =0x000000000000001c, R10=0x00007ffcf3710000, R11=0x00007ffd12326000
R12=0x0000000000000000, R13=0x0000024ae2376c50, R14=0x000000f7fe0feac0, R15=0x00007ffc84b065f8
RIP=0x00007ffd12321be9, EFLAGS=0x0000000000010246

Top of Stack: (sp=0x000000f7fe0fd960)
0x000000f7fe0fd960:   0000000000020000 000000f7fe0fd990
0x000000f7fe0fd970:   000000f7fe0fd990 000000f7fe0fd990
0x000000f7fe0fd980:   0000024ae238fdf0 00007ffd12321d77
0x000000f7fe0fd990:   000000000000000b 0000024ae238fdf0
0x000000f7fe0fd9a0:   0000000000000001 000000f7fe0fde20
0x000000f7fe0fd9b0:   0000000000000000 0000000000000000
0x000000f7fe0fd9c0:   0000000000000000 0000000000000000
0x000000f7fe0fd9d0:   000000f7fe0fdae0 00007ffd1b36b47f
0x000000f7fe0fd9e0:   0000000000000000 0000000000000000
0x000000f7fe0fd9f0:   0000882fa111c4dc 00007ffd12320000
0x000000f7fe0fda00:   00007ffc84ae4580 0000000000000017
0x000000f7fe0fda10:   0000024ae238fdf0 000000f7fe0feac0
0x000000f7fe0fda20:   000000000000000b 00007ffd12322655
0x000000f7fe0fda30:   0000024a01000020 000000f7fe0fe0d0
0x000000f7fe0fda40:   0000000000000000 000000f7fe0fe078
0x000000f7fe0fda50:   61622e6176616a2f 692f6b646a2f6573 

Instructions: (pc=0x00007ffd12321be9)
0x00007ffd12321ae9:   48 85 c9 74 1d 80 3d 1b 45 00 00 00 74 06 48 8b
0x00007ffd12321af9:   53 18 eb 04 48 8b 53 40 e8 ae 0e 00 00 48 83 63
0x00007ffd12321b09:   48 00 8b 4b 0c 83 f9 ff 74 09 e8 e4 0c 00 00 83
0x00007ffd12321b19:   4b 0c ff 48 8b 4b 70 48 85 c9 74 0f ba 10 00 00
0x00007ffd12321b29:   00 e8 fd 0e 00 00 48 83 63 70 00 48 83 c4 20 5b
0x00007ffd12321b39:   c3 cc cc 40 53 48 83 ec 20 48 8b d9 48 8d 0d d4
0x00007ffd12321b49:   46 00 00 e8 b3 0c 00 00 83 6b 08 01 75 24 48 8b
0x00007ffd12321b59:   d3 48 8d 0d b7 44 00 00 e8 22 08 00 00 48 8b cb
0x00007ffd12321b69:   e8 de fe ff ff ba 78 00 00 00 48 8b cb e8 b1 0e
0x00007ffd12321b79:   00 00 48 8d 0d 9e 46 00 00 48 83 c4 20 5b e9 80
0x00007ffd12321b89:   0c 00 00 48 89 5c 24 08 48 89 74 24 10 57 48 83
0x00007ffd12321b99:   ec 20 41 8b f1 4d 8b c8 48 8b fa 4c 8b d9 4d 85
0x00007ffd12321ba9:   c0 74 78 85 f6 74 74 44 8a 12 48 8d 5a 01 48 8b
0x00007ffd12321bb9:   d3 b8 93 01 00 01 eb 12 69 c0 93 01 00 01 41 0f
0x00007ffd12321bc9:   b6 ca 44 8a 12 33 c1 48 ff c2 45 84 d2 75 e9 4d
0x00007ffd12321bd9:   8b 03 0f ba f0 1f 33 d2 49 8b cb f7 f6 48 63 c2
0x00007ffd12321be9:   41 8b 14 81 41 ff 50 08 85 c0 7e 24 8a 0f eb 10
0x00007ffd12321bf9:   69 c0 93 01 00 01 0f b6 c9 33 c1 8a 0b 48 ff c3
0x00007ffd12321c09:   84 c9 75 ec 0f ba f0 1f 33 d2 f7 f6 8b c2 eb 0e
0x00007ffd12321c19:   79 09 83 c9 ff 2b c8 8b c1 eb 03 83 c8 ff 48 8b
0x00007ffd12321c29:   5c 24 30 48 8b 74 24 38 48 83 c4 20 5f c3 cc 48
0x00007ffd12321c39:   89 5c 24 08 48 89 74 24 10 57 48 83 ec 20 48 8b
0x00007ffd12321c49:   f1 48 8d 0d cf 45 00 00 e8 ae 0b 00 00 33 ff 39
0x00007ffd12321c59:   3d ba 43 00 00 76 24 48 8b 05 b9 43 00 00 48 8b
0x00007ffd12321c69:   d6 48 8b 1c f8 48 8b 0b e8 64 1e 00 00 85 c0 74
0x00007ffd12321c79:   2b ff c7 3b 3d 96 43 00 00 72 dc 33 db 48 8d 0d
0x00007ffd12321c89:   93 45 00 00 e8 7a 0b 00 00 48 8b 74 24 38 48 8b
0x00007ffd12321c99:   c3 48 8b 5c 24 30 48 83 c4 20 5f c3 ff 43 08 eb
0x00007ffd12321ca9:   dc cc cc 48 89 5c 24 08 48 89 74 24 10 57 48 83
0x00007ffd12321cb9:   ec 20 48 8b d9 48 8b f2 48 8b 49 10 49 8b f8 8b
0x00007ffd12321cc9:   53 30 48 8b 01 ff 50 20 4c 8b 43 50 48 8b d6 48
0x00007ffd12321cd9:   8b 4b 10 44 8b c8 e8 a8 fe ff ff 83 f8 ff 74 38 



---------------  P R O C E S S  ---------------

VM state: not at safepoint (not fully initialized)

VM Mutex/Monitor currently owned by a thread: None

GC Precious Log:
<Not initialized>


Dynamic libraries:
0x00007ff7f6c20000 - 0x00007ff7f6c41000 	D:\java\ojdkbuild\java-17-openjdk-17.0.3.0.6-1\bin\java.exe
0x00007ffd1b350000 - 0x00007ffd1b566000 	C:\Windows\SYSTEM32\ntdll.dll
0x00007ffd19fc0000 - 0x00007ffd1a084000 	C:\Windows\System32\KERNEL32.DLL
0x00007ffd18730000 - 0x00007ffd18ad6000 	C:\Windows\System32\KERNELBASE.dll
0x00007ffd18f80000 - 0x00007ffd19091000 	C:\Windows\System32\ucrtbase.dll
0x00007ffcf8960000 - 0x00007ffcf8978000 	D:\java\ojdkbuild\java-17-openjdk-17.0.3.0.6-1\bin\jli.dll
0x00007ffd19730000 - 0x00007ffd198dd000 	C:\Windows\System32\USER32.dll
0x00007ffd18700000 - 0x00007ffd18726000 	C:\Windows\System32\win32u.dll
0x00007ffd19f90000 - 0x00007ffd19fb9000 	C:\Windows\System32\GDI32.dll
0x00007ffd18c00000 - 0x00007ffd18d18000 	C:\Windows\System32\gdi32full.dll
0x00007ffd18ae0000 - 0x00007ffd18b7a000 	C:\Windows\System32\msvcp_win.dll
0x00007ffcf3710000 - 0x00007ffcf372b000 	D:\java\ojdkbuild\java-17-openjdk-17.0.3.0.6-1\bin\VCRUNTIME140.dll
0x00007ffd003e0000 - 0x00007ffd00673000 	C:\Windows\WinSxS\amd64_microsoft.windows.common-controls_6595b64144ccf1df_6.0.22621.3235_none_270f74e173860f98\COMCTL32.dll
0x00007ffd1a8b0000 - 0x00007ffd1a957000 	C:\Windows\System32\msvcrt.dll
0x00007ffd19f30000 - 0x00007ffd19f61000 	C:\Windows\System32\IMM32.DLL
0x00007ffd125e0000 - 0x00007ffd125ec000 	D:\java\ojdkbuild\java-17-openjdk-17.0.3.0.6-1\bin\vcruntime140_1.dll
0x00007ffce6be0000 - 0x00007ffce6c6d000 	D:\java\ojdkbuild\java-17-openjdk-17.0.3.0.6-1\bin\msvcp140.dll
0x00007ffc841d0000 - 0x00007ffc84e2f000 	D:\java\ojdkbuild\java-17-openjdk-17.0.3.0.6-1\bin\server\jvm.dll
0x00007ffd1b250000 - 0x00007ffd1b302000 	C:\Windows\System32\ADVAPI32.dll
0x00007ffd19e20000 - 0x00007ffd19ec8000 	C:\Windows\System32\sechost.dll
0x00007ffd18f50000 - 0x00007ffd18f78000 	C:\Windows\System32\bcrypt.dll
0x00007ffd19aa0000 - 0x00007ffd19bb5000 	C:\Windows\System32\RPCRT4.dll
0x00007ffd1a960000 - 0x00007ffd1a968000 	C:\Windows\System32\PSAPI.DLL
0x00007ffcfd070000 - 0x00007ffcfd079000 	C:\Windows\SYSTEM32\WSOCK32.dll
0x00007ffd19ca0000 - 0x00007ffd19d11000 	C:\Windows\System32\WS2_32.dll
0x00007ffd10a90000 - 0x00007ffd10ac4000 	C:\Windows\SYSTEM32\WINMM.dll
0x00007ffd0f120000 - 0x00007ffd0f12a000 	C:\Windows\SYSTEM32\VERSION.dll
0x00007ffd176e0000 - 0x00007ffd176f8000 	C:\Windows\SYSTEM32\kernel.appcore.dll
0x00007ffd12320000 - 0x00007ffd1232a000 	D:\java\ojdkbuild\java-17-openjdk-17.0.3.0.6-1\bin\jimage.dll

dbghelp: loading error: 1455
symbol engine: initialization error.

VM Arguments:
java_command: <unknown>
java_class_path (initial): <not set>
Launcher Type: SUN_STANDARD

[Global flags]
     bool UseLargePagesIndividualAllocation        = false                                  {pd product} {ergonomic}

Logging:
Log output configuration:
 #0: stdout all=warning uptime,level,tags
 #1: stderr all=off uptime,level,tags

Environment Variables:
JAVA_HOME=D:\java\ojdkbuild\java-17-openjdk-17.0.3.0.6-1
CLASSPATH=D:\androidLearning\AndroidStudioProjects\serviceTest1\\gradle\wrapper\gradle-wrapper.jar
PATH=C:\Users\11218\miniconda3\condabin;C:\Windows\system32;C:\Windows;C:\Windows\System32\Wbem;C:\Windows\System32\WindowsPowerShell\v1.0\;C:\Windows\System32\OpenSSH\;D:\powershell\powershell7;d:\python3.11;C:\Program Files\WinRAR;C:\Program Files\Microsoft Office\root\Office16;C:\Program Files\PuTTY\;C:\Users\11218\AppData\Local\Microsoft\WindowsApps;C:\Program Files\dotnet\;D:\mytools\MinGit-2.11.1.mingit.prerelease.4-64-bit\cmd;D:\mytools\MinGit-2.11.1.mingit.prerelease.4-64-bit\usr\bin;D:\mytools\WiresharkPortable64\App\Wireshark;D:\MYTOOLS\SPSS1\JRE\bin;D:\myPython\goods;D:\mytools\SPSS1;C:\Users\11218\AppData\Roaming\nvda\addons\NVBox\globalPlugins\nvbox\adb;d:\java\ojdkbuild\java-17-openjdk-17.0.3.0.6-1.jre\bin;C:\Program Files\Docker\Docker\resources\bin;d:\java\ojdkbuild\java-17-openjdk-17.0.3.0.6-1\bin;D:\androidLearning\gradle\gradle-8.0\bin;D:\java\ojdkbuild\java-17-openjdk-17.0.3.0.6-1\bin;D:/java/ojdkbuild/java-17-openjdk-17.0.3.0.6-1.jre\bin;D:/java/ojdkbuild/java-17-openjdk-17.0.3.0.6-1.jre\bin\server;D:\ANDROIDLEARNING\REVERSE;C:\Users\11218\AppData\Local\Programs\Python\Python311;D:\myPython\NVSrC;C:\Users\11218\.gradle\wrapper\dists\gradle-8.0-all\a2o1xoguejy6msdh0lk99lxza\gradle-8.0\bin;D:\androidLearning\REVERSE\jadx\bin;C:\Program Files\Cloudflare\Cloudflare WARP\;D:\mypython\nvsrc\py-3-11-32\Scripts\;D:\mypython\nvsrc\py-3-11-32\;C:\Users\11218\AppData\Local\Programs\Python\Python311\;C:\Users\11218\miniconda3;C:\Users\11218\miniconda3\Library\mingw-w64\bin;C:\Users\11218\miniconda3\Library\usr\bin;C:\Users\11218\miniconda3\Library\bin;C:\Users\11218\miniconda3\Scripts;C:\Users\11218\scoop\shims;C:\Users\11218\AppData\Local\Microsoft\WindowsApps;C:\Users\11218\AppData\Local\Programs\Microsoft VS Code\bin;D:\myPython\goods;C:\Users\11218\AppData\Local\Microsoft\WinGet\Links;C:\Users\11218\.dotnet\tools
USERNAME=Stranger
OS=Windows_NT
PROCESSOR_IDENTIFIER=Intel64 Family 6 Model 122 Stepping 8, GenuineIntel



---------------  S Y S T E M  ---------------

OS:
 Windows 11 , 64 bit Build 22621 (10.0.22621.3235)
OS uptime: 2 days 0:25 hours

CPU: total 2 (initial active 0) 

Memory: 4k page, system-wide physical 7995M (536M free)
TotalPageFile size 16809M (AvailPageFile size 2M)
current process WorkingSet (physical memory assigned to process): 6M, peak: 6M
current process commit charge ("private bytes"): 2M, peak: 2M

vm_info: OpenJDK 64-Bit Server VM (17.0.3+6-LTS) for windows-amd64 JRE (17.0.3+6-LTS), built on May  3 2022 21:26:56 by "" with MS VC++ 16.10 / 16.11 (VS2019)

END.
