#
# There is insufficient memory for the Java Runtime Environment to continue.
# Native memory allocation (mmap) failed to map 67108864 bytes for G1 virtual space
# Possible reasons:
#   The system is out of physical RAM or swap space
#   The process is running with CompressedOops enabled, and the Java Heap may be blocking the growth of the native heap
# Possible solutions:
#   Reduce memory load on the system
#   Increase physical memory or swap space
#   Check if swap backing store is full
#   Decrease Java heap size (-Xmx/-Xms)
#   Decrease number of Java threads
#   Decrease Java thread stack sizes (-Xss)
#   Set larger code cache with -XX:ReservedCodeCacheSize=
#   JVM is running with Unscaled Compressed Oops mode in which the Java heap is
#     placed in the first 4GB address space. The Java Heap base address is the
#     maximum limit for the native heap growth. Please use -XX:HeapBaseMinAddress
#     to set the Java Heap base and to place the Java Heap above 4GB virtual address.
# This output file may be truncated or incomplete.
#
#  Out of Memory Error (os_windows.cpp:3535), pid=22156, tid=5488
#
# JRE version:  (17.0.3+6) (build )
# Java VM: OpenJDK 64-Bit Server VM (17.0.3+6-LTS, mixed mode, sharing, tiered, compressed oops, compressed class ptrs, g1 gc, windows-amd64)
# No core dump will be written. Minidumps are not enabled by default on client versions of Windows
#

---------------  S U M M A R Y ------------

Command Line: -Xmx64m -Xms64m -Dorg.gradle.appname=gradlew org.gradle.wrapper.GradleWrapperMain assemble

Host: Intel(R) Celeron(R) N4020 CPU @ 1.10GHz, 2 cores, 7G,  Windows 11 , 64 bit Build 22621 (10.0.22621.3085)
Time: Sun Mar 17 00:21:31 2024  Windows 11 , 64 bit Build 22621 (10.0.22621.3085) elapsed time: 0.197100 seconds (0d 0h 0m 0s)

---------------  T H R E A D  ---------------

Current thread (0x000002820b2a41d0):  JavaThread "Unknown thread" [_thread_in_vm, id=5488, stack(0x000000ac4ec00000,0x000000ac4ed00000)]

Stack: [0x000000ac4ec00000,0x000000ac4ed00000]
Native frames: (J=compiled Java code, j=interpreted, Vv=VM code, C=native code)
V  [jvm.dll+0x67720a]
V  [jvm.dll+0x832514]
V  [jvm.dll+0x833cbe]
V  [jvm.dll+0x834323]
V  [jvm.dll+0x245815]
V  [jvm.dll+0x674129]
V  [jvm.dll+0x668a62]
V  [jvm.dll+0x30469b]
V  [jvm.dll+0x30bba6]
V  [jvm.dll+0x35ba0e]
V  [jvm.dll+0x35bc3f]
V  [jvm.dll+0x2db5a8]
V  [jvm.dll+0x2dc514]
V  [jvm.dll+0x803d51]
V  [jvm.dll+0x369791]
V  [jvm.dll+0x7e30cc]
V  [jvm.dll+0x3ec5ff]
V  [jvm.dll+0x3ee181]
C  [jli.dll+0x527b]
C  [ucrtbase.dll+0x29363]
C  [KERNEL32.DLL+0x1257d]
C  [ntdll.dll+0x5aa58]


---------------  P R O C E S S  ---------------

Threads class SMR info:
_java_thread_list=0x00007fffe4dbde98, length=0, elements={
}

Java Threads: ( => current thread )

Other Threads:
  0x000002820b2c47d0 GCTaskThread "GC Thread#0" [stack: 0x000000ac4ed00000,0x000000ac4ee00000] [id=27344]
  0x000002820b2c5f10 ConcurrentGCThread "G1 Main Marker" [stack: 0x000000ac4ee00000,0x000000ac4ef00000] [id=30432]
  0x000002820b2c70c0 ConcurrentGCThread "G1 Conc#0" [stack: 0x000000ac4ef00000,0x000000ac4f000000] [id=18484]

[error occurred during error reporting (printing all threads), id 0xc0000005, EXCEPTION_ACCESS_VIOLATION (0xc0000005) at pc=0x00007fffe457bfe7]

VM state: not at safepoint (not fully initialized)

VM Mutex/Monitor currently owned by a thread:  ([mutex/lock_event])
[0x000002820b2a0a20] Heap_lock - owner thread: 0x000002820b2a41d0

Heap address: 0x00000000fc000000, size: 64 MB, Compressed Oops mode: 32-bit

CDS archive(s) mapped at: [0x0000000000000000-0x0000000000000000-0x0000000000000000), size 0, SharedBaseAddress: 0x0000000800000000, ArchiveRelocationMode: 0.
Narrow klass base: 0x0000000000000000, Narrow klass shift: 0, Narrow klass range: 0x0

GC Precious Log:
<Empty>

Heap:
 garbage-first heap   total 0K, used 0K [0x00000000fc000000, 0x0000000100000000)
  region size 1024K, 0 young (0K), 0 survivors (0K)

[error occurred during error reporting (printing heap information), id 0xc0000005, EXCEPTION_ACCESS_VIOLATION (0xc0000005) at pc=0x00007fffe4960659]

GC Heap History (0 events):
No events

Deoptimization events (0 events):
No events

Classes unloaded (0 events):
No events

Classes redefined (0 events):
No events

Internal exceptions (0 events):
No events

VM Operations (0 events):
No events

Events (1 events):
Event: 0.153 Loaded shared library D:\java\ojdkbuild\java-17-openjdk-17.0.3.0.6-1\bin\java.dll


Dynamic libraries:
0x00007ff637b20000 - 0x00007ff637b41000 	D:\java\ojdkbuild\java-17-openjdk-17.0.3.0.6-1\bin\java.exe
0x00007ff85fdb0000 - 0x00007ff85ffc7000 	C:\Windows\SYSTEM32\ntdll.dll
0x00007ff85e170000 - 0x00007ff85e234000 	C:\Windows\System32\KERNEL32.DLL
0x00007ff85d750000 - 0x00007ff85daf6000 	C:\Windows\System32\KERNELBASE.dll
0x00007ff85d4a0000 - 0x00007ff85d5b1000 	C:\Windows\System32\ucrtbase.dll
0x00007ff82e6a0000 - 0x00007ff82e6b8000 	D:\java\ojdkbuild\java-17-openjdk-17.0.3.0.6-1\bin\jli.dll
0x00007ff85ed70000 - 0x00007ff85ef1e000 	C:\Windows\System32\USER32.dll
0x00007ff85d260000 - 0x00007ff85d286000 	C:\Windows\System32\win32u.dll
0x00007ff85e9a0000 - 0x00007ff85e9c9000 	C:\Windows\System32\GDI32.dll
0x00007ff85d290000 - 0x00007ff85d3a8000 	C:\Windows\System32\gdi32full.dll
0x00007ff85d6b0000 - 0x00007ff85d74a000 	C:\Windows\System32\msvcp_win.dll
0x00007ff8493f0000 - 0x00007ff849683000 	C:\Windows\WinSxS\amd64_microsoft.windows.common-controls_6595b64144ccf1df_6.0.22621.2506_none_270c5ae97388e100\COMCTL32.dll
0x00007ff85ec40000 - 0x00007ff85ece7000 	C:\Windows\System32\msvcrt.dll
0x00007ff82b890000 - 0x00007ff82b8ab000 	D:\java\ojdkbuild\java-17-openjdk-17.0.3.0.6-1\bin\VCRUNTIME140.dll
0x00007ff85e240000 - 0x00007ff85e271000 	C:\Windows\System32\IMM32.DLL
0x00007ff8496f0000 - 0x00007ff8496fc000 	D:\java\ojdkbuild\java-17-openjdk-17.0.3.0.6-1\bin\vcruntime140_1.dll
0x00007ff80c750000 - 0x00007ff80c7dd000 	D:\java\ojdkbuild\java-17-openjdk-17.0.3.0.6-1\bin\msvcp140.dll
0x00007fffe4290000 - 0x00007fffe4eef000 	D:\java\ojdkbuild\java-17-openjdk-17.0.3.0.6-1\bin\server\jvm.dll
0x00007ff85e3c0000 - 0x00007ff85e473000 	C:\Windows\System32\ADVAPI32.dll
0x00007ff85e5a0000 - 0x00007ff85e648000 	C:\Windows\System32\sechost.dll
0x00007ff85d470000 - 0x00007ff85d498000 	C:\Windows\System32\bcrypt.dll
0x00007ff85e480000 - 0x00007ff85e597000 	C:\Windows\System32\RPCRT4.dll
0x00007ff85e990000 - 0x00007ff85e998000 	C:\Windows\System32\PSAPI.DLL
0x00007ff83ee40000 - 0x00007ff83ee49000 	C:\Windows\SYSTEM32\WSOCK32.dll
0x00007ff82e330000 - 0x00007ff82e364000 	C:\Windows\SYSTEM32\WINMM.dll
0x00007ff85ef30000 - 0x00007ff85efa1000 	C:\Windows\System32\WS2_32.dll
0x00007ff849f00000 - 0x00007ff849f0a000 	C:\Windows\SYSTEM32\VERSION.dll
0x00007ff85c180000 - 0x00007ff85c198000 	C:\Windows\SYSTEM32\kernel.appcore.dll
0x00007ff849150000 - 0x00007ff84915a000 	D:\java\ojdkbuild\java-17-openjdk-17.0.3.0.6-1\bin\jimage.dll
0x00007ff85aa40000 - 0x00007ff85ac73000 	C:\Windows\SYSTEM32\DBGHELP.DLL
0x00007ff85f820000 - 0x00007ff85fba9000 	C:\Windows\System32\combase.dll
0x00007ff85e280000 - 0x00007ff85e357000 	C:\Windows\System32\OLEAUT32.dll
0x00007ff843da0000 - 0x00007ff843dd2000 	C:\Windows\SYSTEM32\dbgcore.DLL
0x00007ff85d630000 - 0x00007ff85d6aa000 	C:\Windows\System32\bcryptPrimitives.dll
0x00007ff8293a0000 - 0x00007ff8293c5000 	D:\java\ojdkbuild\java-17-openjdk-17.0.3.0.6-1\bin\java.dll

dbghelp: loaded successfully - version: 4.0.5 - missing functions: none
symbol engine: initialized successfully - sym options: 0x614 - pdb path: .;D:\java\ojdkbuild\java-17-openjdk-17.0.3.0.6-1\bin;C:\Windows\SYSTEM32;C:\Windows\WinSxS\amd64_microsoft.windows.common-controls_6595b64144ccf1df_6.0.22621.2506_none_270c5ae97388e100;D:\java\ojdkbuild\java-17-openjdk-17.0.3.0.6-1\bin\server

VM Arguments:
jvm_args: -Xmx64m -Xms64m -Dorg.gradle.appname=gradlew 
java_command: org.gradle.wrapper.GradleWrapperMain assemble
java_class_path (initial): D:\androidLearning\AndroidStudioProjects\serviceTest1\\gradle\wrapper\gradle-wrapper.jar
Launcher Type: SUN_STANDARD

[Global flags]
     intx CICompilerCount                          = 2                                         {product} {ergonomic}
     uint ConcGCThreads                            = 1                                         {product} {ergonomic}
     uint G1ConcRefinementThreads                  = 2                                         {product} {ergonomic}
   size_t G1HeapRegionSize                         = 1048576                                   {product} {ergonomic}
    uintx GCDrainStackTargetSize                   = 64                                        {product} {ergonomic}
   size_t InitialHeapSize                          = 67108864                                  {product} {command line}
   size_t MarkStackSize                            = 4194304                                   {product} {ergonomic}
   size_t MaxHeapSize                              = 67108864                                  {product} {command line}
   size_t MinHeapDeltaBytes                        = 1048576                                   {product} {ergonomic}
   size_t MinHeapSize                              = 67108864                                  {product} {command line}
    uintx NonNMethodCodeHeapSize                   = 5826188                                {pd product} {ergonomic}
    uintx NonProfiledCodeHeapSize                  = 122916026                              {pd product} {ergonomic}
    uintx ProfiledCodeHeapSize                     = 122916026                              {pd product} {ergonomic}
    uintx ReservedCodeCacheSize                    = 251658240                              {pd product} {ergonomic}
     bool SegmentedCodeCache                       = true                                      {product} {ergonomic}
   size_t SoftMaxHeapSize                          = 67108864                               {manageable} {ergonomic}
     bool UseCompressedClassPointers               = true                           {product lp64_product} {ergonomic}
     bool UseCompressedOops                        = true                           {product lp64_product} {ergonomic}
     bool UseG1GC                                  = true                                      {product} {ergonomic}
     bool UseLargePagesIndividualAllocation        = false                                  {pd product} {ergonomic}

Logging:
Log output configuration:
 #0: stdout all=warning uptime,level,tags
 #1: stderr all=off uptime,level,tags

Environment Variables:
JAVA_HOME=D:\java\ojdkbuild\java-17-openjdk-17.0.3.0.6-1
CLASSPATH=D:\androidLearning\AndroidStudioProjects\serviceTest1\\gradle\wrapper\gradle-wrapper.jar
PATH=C:\Users\11218\miniconda3\condabin;C:\Windows\system32;C:\Windows;C:\Windows\System32\Wbem;C:\Windows\System32\WindowsPowerShell\v1.0\;C:\Windows\System32\OpenSSH\;D:\powershell\powershell7;d:\python3.11;C:\Program Files\WinRAR;C:\Program Files\Microsoft Office\root\Office16;C:\Program Files\PuTTY\;C:\Users\11218\AppData\Local\Microsoft\WindowsApps;C:\Program Files\dotnet\;D:\mytools\MinGit-2.11.1.mingit.prerelease.4-64-bit\cmd;D:\mytools\MinGit-2.11.1.mingit.prerelease.4-64-bit\usr\bin;D:\mytools\WiresharkPortable64\App\Wireshark;D:\MYTOOLS\SPSS1\JRE\bin;D:\myPython\goods;D:\mytools\SPSS1;C:\Users\11218\AppData\Roaming\nvda\addons\NVBox\globalPlugins\nvbox\adb;d:\java\ojdkbuild\java-17-openjdk-17.0.3.0.6-1.jre\bin;C:\Program Files\Docker\Docker\resources\bin;d:\java\ojdkbuild\java-17-openjdk-17.0.3.0.6-1\bin;D:\androidLearning\gradle\gradle-8.0\bin;D:\java\ojdkbuild\java-17-openjdk-17.0.3.0.6-1\bin;D:/java/ojdkbuild/java-17-openjdk-17.0.3.0.6-1.jre\bin;D:/java/ojdkbuild/java-17-openjdk-17.0.3.0.6-1.jre\bin\server;D:\ANDROIDLEARNING\REVERSE;C:\Users\11218\AppData\Local\Programs\Python\Python311;D:\myPython\NVSrC;C:\Users\11218\.gradle\wrapper\dists\gradle-8.0-all\a2o1xoguejy6msdh0lk99lxza\gradle-8.0\bin;D:\androidLearning\REVERSE\jadx\bin;C:\Program Files\Cloudflare\Cloudflare WARP\;D:\mypython\nvsrc\py-3-11-32\Scripts\;D:\mypython\nvsrc\py-3-11-32\;C:\Users\11218\AppData\Local\Programs\Python\Python311\;C:\Users\11218\miniconda3;C:\Users\11218\miniconda3\Library\mingw-w64\bin;C:\Users\11218\miniconda3\Library\usr\bin;C:\Users\11218\miniconda3\Library\bin;C:\Users\11218\miniconda3\Scripts;C:\Users\11218\scoop\shims;C:\Users\11218\AppData\Local\Microsoft\WindowsApps;C:\Users\11218\AppData\Local\Programs\Microsoft VS Code\bin;D:\myPython\goods;C:\Users\11218\AppData\Local\Microsoft\WinGet\Links;C:\Users\11218\.dotnet\tools
USERNAME=Stranger
OS=Windows_NT
PROCESSOR_IDENTIFIER=Intel64 Family 6 Model 122 Stepping 8, GenuineIntel



---------------  S Y S T E M  ---------------

OS:
 Windows 11 , 64 bit Build 22621 (10.0.22621.3085)
OS uptime: 5 days 22:38 hours
Hyper-V role detected

CPU: total 2 (initial active 2) (2 cores per cpu, 1 threads per core) family 6 model 122 stepping 8 microcode 0x1a, cx8, cmov, fxsr, mmx, 3dnowpref, sse, sse2, sse3, ssse3, sse4.1, sse4.2, popcnt, tsc, tscinvbit, aes, erms, clmul, sha, clflush, clflushopt, hv

Memory: 4k page, system-wide physical 7995M (1254M free)
TotalPageFile size 17268M (AvailPageFile size 60M)
current process WorkingSet (physical memory assigned to process): 11M, peak: 11M
current process commit charge ("private bytes"): 47M, peak: 111M

vm_info: OpenJDK 64-Bit Server VM (17.0.3+6-LTS) for windows-amd64 JRE (17.0.3+6-LTS), built on May  3 2022 21:26:56 by "" with MS VC++ 16.10 / 16.11 (VS2019)

END.
