#
# There is insufficient memory for the Java Runtime Environment to continue.
# Native memory allocation (mmap) failed to map 90177536 bytes for G1 virtual space
# Possible reasons:
#   The system is out of physical RAM or swap space
#   The process is running with CompressedOops enabled, and the Java Heap may be blocking the growth of the native heap
# Possible solutions:
#   Reduce memory load on the system
#   Increase physical memory or swap space
#   Check if swap backing store is full
#   Decrease Java heap size (-Xmx/-Xms)
#   Decrease number of Java threads
#   Decrease Java thread stack sizes (-Xss)
#   Set larger code cache with -XX:ReservedCodeCacheSize=
#   JVM is running with Unscaled Compressed Oops mode in which the Java heap is
#     placed in the first 4GB address space. The Java Heap base address is the
#     maximum limit for the native heap growth. Please use -XX:HeapBaseMinAddress
#     to set the Java Heap base and to place the Java Heap above 4GB virtual address.
# This output file may be truncated or incomplete.
#
#  Out of Memory Error (os_windows.cpp:3535), pid=24916, tid=1064
#
# JRE version: OpenJDK Runtime Environment 21.9 (17.0.3+6) (build 17.0.3+6-LTS)
# Java VM: OpenJDK 64-Bit Server VM 21.9 (17.0.3+6-LTS, mixed mode, sharing, tiered, compressed oops, compressed class ptrs, g1 gc, windows-amd64)
# No core dump will be written. Minidumps are not enabled by default on client versions of Windows
#

---------------  S U M M A R Y ------------

Command Line: --add-opens=java.base/java.util=ALL-UNNAMED --add-opens=java.base/java.lang=ALL-UNNAMED --add-opens=java.base/java.lang.invoke=ALL-UNNAMED --add-opens=java.prefs/java.util.prefs=ALL-UNNAMED --add-opens=java.base/java.nio.charset=ALL-UNNAMED --add-opens=java.base/java.net=ALL-UNNAMED --add-opens=java.base/java.util.concurrent.atomic=ALL-UNNAMED -Xmx2048m -Dfile.encoding=UTF-8 -Duser.country=CN -Duser.language=zh -Duser.variant org.gradle.launcher.daemon.bootstrap.GradleDaemon 8.0

Host: Intel(R) Celeron(R) N4020 CPU @ 1.10GHz, 2 cores, 7G,  Windows 11 , 64 bit Build 22621 (10.0.22621.3085)
Time: Fri Mar  8 16:36:23 2024  Windows 11 , 64 bit Build 22621 (10.0.22621.3085) elapsed time: 105.830945 seconds (0d 0h 1m 45s)

---------------  T H R E A D  ---------------

Current thread (0x00000183a08e7700):  VMThread "VM Thread" [stack: 0x0000007f64c00000,0x0000007f64d00000] [id=1064]

Stack: [0x0000007f64c00000,0x0000007f64d00000]
Native frames: (J=compiled Java code, j=interpreted, Vv=VM code, C=native code)
V  [jvm.dll+0x67720a]
V  [jvm.dll+0x832514]
V  [jvm.dll+0x833cbe]
V  [jvm.dll+0x834323]
V  [jvm.dll+0x245815]
V  [jvm.dll+0x674129]
V  [jvm.dll+0x668a62]
V  [jvm.dll+0x30469b]
V  [jvm.dll+0x30bba6]
V  [jvm.dll+0x35ba0e]
V  [jvm.dll+0x35bc3f]
V  [jvm.dll+0x2db5a8]
V  [jvm.dll+0x2de626]
V  [jvm.dll+0x2e8cc8]
V  [jvm.dll+0x31ce70]
V  [jvm.dll+0x8387fb]
V  [jvm.dll+0x839534]
V  [jvm.dll+0x839a4d]
V  [jvm.dll+0x839e24]
V  [jvm.dll+0x839ef0]
V  [jvm.dll+0x7e230a]
V  [jvm.dll+0x676095]
C  [ucrtbase.dll+0x29363]
C  [KERNEL32.DLL+0x1257d]
C  [ntdll.dll+0x5aa58]

VM_Operation (0x0000007f648ff9e0): G1Concurrent, mode: safepoint, requested by thread 0x00000183812e18b0


---------------  P R O C E S S  ---------------

Threads class SMR info:
_java_thread_list=0x00000183a9edbcf0, length=67, elements={
0x0000018381273850, 0x00000183a08ebe90, 0x00000183a08ecd00, 0x00000183a09046e0,
0x00000183a09062a0, 0x00000183a0906e50, 0x00000183a0909810, 0x00000183a090a9b0,
0x00000183a090c460, 0x00000183a0910a10, 0x00000183a14acca0, 0x00000183a14b31a0,
0x00000183a2a852c0, 0x00000183a28d67c0, 0x00000183a36a0740, 0x00000183a3278b00,
0x00000183a301f3f0, 0x00000183a30ce030, 0x00000183a30ce500, 0x00000183a2b845d0,
0x00000183a24b3be0, 0x00000183a24b1f00, 0x00000183a24b1a30, 0x00000183a24b40b0,
0x00000183a24b23d0, 0x00000183a24b4580, 0x00000183a24b4f20, 0x00000183a24b3240,
0x00000183a24b2d70, 0x00000183a24b3710, 0x00000183a3762f00, 0x00000183a3764240,
0x00000183a3762090, 0x00000183a375fee0, 0x00000183a375fa10, 0x00000183a3760880,
0x00000183a3764710, 0x00000183a3764be0, 0x00000183a3765a50, 0x00000183a37668c0,
0x00000183a3762a30, 0x00000183a37633d0, 0x00000183a375f070, 0x00000183a3763d70,
0x00000183a4e450a0, 0x00000183a4e44700, 0x00000183a4e3f530, 0x00000183a4e41bb0,
0x00000183a4e433c0, 0x00000183a4e43890, 0x00000183a4e43d60, 0x00000183a4e44230,
0x00000183a4e42550, 0x00000183a4e3fa00, 0x00000183a4e3fed0, 0x00000183a4e463e0,
0x00000183a4e45570, 0x00000183a4e44bd0, 0x00000183a4e40d40, 0x00000183a4e40870,
0x00000183a4e42a20, 0x00000183a5134550, 0x00000183a5134a20, 0x00000183a5132d40,
0x00000183a3318ce0, 0x00000183a3319680, 0x00000183a33191b0
}

Java Threads: ( => current thread )
  0x0000018381273850 JavaThread "main" [_thread_blocked, id=13156, stack(0x0000007f64600000,0x0000007f64700000)]
  0x00000183a08ebe90 JavaThread "Reference Handler" daemon [_thread_blocked, id=8024, stack(0x0000007f64d00000,0x0000007f64e00000)]
  0x00000183a08ecd00 JavaThread "Finalizer" daemon [_thread_blocked, id=18060, stack(0x0000007f64e00000,0x0000007f64f00000)]
  0x00000183a09046e0 JavaThread "Signal Dispatcher" daemon [_thread_blocked, id=24856, stack(0x0000007f64f00000,0x0000007f65000000)]
  0x00000183a09062a0 JavaThread "Attach Listener" daemon [_thread_blocked, id=6764, stack(0x0000007f65000000,0x0000007f65100000)]
  0x00000183a0906e50 JavaThread "Service Thread" daemon [_thread_blocked, id=18980, stack(0x0000007f65100000,0x0000007f65200000)]
  0x00000183a0909810 JavaThread "Monitor Deflation Thread" daemon [_thread_blocked, id=17652, stack(0x0000007f65200000,0x0000007f65300000)]
  0x00000183a090a9b0 JavaThread "C2 CompilerThread0" daemon [_thread_blocked, id=24732, stack(0x0000007f65300000,0x0000007f65400000)]
  0x00000183a090c460 JavaThread "C1 CompilerThread0" daemon [_thread_blocked, id=25720, stack(0x0000007f65400000,0x0000007f65500000)]
  0x00000183a0910a10 JavaThread "Sweeper thread" daemon [_thread_blocked, id=14836, stack(0x0000007f65500000,0x0000007f65600000)]
  0x00000183a14acca0 JavaThread "Common-Cleaner" daemon [_thread_blocked, id=19320, stack(0x0000007f65600000,0x0000007f65700000)]
  0x00000183a14b31a0 JavaThread "Notification Thread" daemon [_thread_blocked, id=17104, stack(0x0000007f65700000,0x0000007f65800000)]
  0x00000183a2a852c0 JavaThread "Daemon health stats" [_thread_blocked, id=23812, stack(0x0000007f65a00000,0x0000007f65b00000)]
  0x00000183a28d67c0 JavaThread "Incoming local TCP Connector on port 63175" [_thread_in_native, id=25740, stack(0x0000007f65b00000,0x0000007f65c00000)]
  0x00000183a36a0740 JavaThread "Daemon periodic checks" [_thread_blocked, id=4920, stack(0x0000007f65c00000,0x0000007f65d00000)]
  0x00000183a3278b00 JavaThread "Daemon" [_thread_blocked, id=20776, stack(0x0000007f65d00000,0x0000007f65e00000)]
  0x00000183a301f3f0 JavaThread "Handler for socket connection from /127.0.0.1:63175 to /127.0.0.1:63176" [_thread_in_native, id=3816, stack(0x0000007f65e00000,0x0000007f65f00000)]
  0x00000183a30ce030 JavaThread "Cancel handler" [_thread_blocked, id=788, stack(0x0000007f65f00000,0x0000007f66000000)]
  0x00000183a30ce500 JavaThread "Daemon worker" [_thread_blocked, id=7992, stack(0x0000007f66000000,0x0000007f66100000)]
  0x00000183a2b845d0 JavaThread "Asynchronous log dispatcher for DefaultDaemonConnection: socket connection from /127.0.0.1:63175 to /127.0.0.1:63176" [_thread_blocked, id=364, stack(0x0000007f66100000,0x0000007f66200000)]
  0x00000183a24b3be0 JavaThread "Stdin handler" [_thread_blocked, id=20452, stack(0x0000007f66200000,0x0000007f66300000)]
  0x00000183a24b1f00 JavaThread "Daemon client event forwarder" [_thread_blocked, id=15296, stack(0x0000007f66300000,0x0000007f66400000)]
  0x00000183a24b1a30 JavaThread "Cache worker for journal cache (C:\Users\11218\.gradle\caches\journal-1)" [_thread_blocked, id=7576, stack(0x0000007f66400000,0x0000007f66500000)]
  0x00000183a24b40b0 JavaThread "File lock request listener" [_thread_in_native, id=26892, stack(0x0000007f66500000,0x0000007f66600000)]
  0x00000183a24b23d0 JavaThread "Cache worker for file hash cache (C:\Users\11218\.gradle\caches\8.0\fileHashes)" [_thread_blocked, id=17988, stack(0x0000007f66600000,0x0000007f66700000)]
  0x00000183a24b4580 JavaThread "File watcher server" daemon [_thread_blocked, id=6244, stack(0x0000007f66700000,0x0000007f66800000)]
  0x00000183a24b4f20 JavaThread "File watcher consumer" daemon [_thread_blocked, id=25268, stack(0x0000007f66800000,0x0000007f66900000)]
  0x00000183a24b3240 JavaThread "Cache worker for checksums cache (D:\androidLearning\AndroidStudioProjects\serviceTest1\.gradle\8.0\checksums)" [_thread_blocked, id=21976, stack(0x0000007f66900000,0x0000007f66a00000)]
  0x00000183a24b2d70 JavaThread "Cache worker for cache directory md-rule (C:\Users\11218\.gradle\caches\8.0\md-rule)" [_thread_blocked, id=1632, stack(0x0000007f66a00000,0x0000007f66b00000)]
  0x00000183a24b3710 JavaThread "Cache worker for file content cache (C:\Users\11218\.gradle\caches\8.0\fileContent)" [_thread_blocked, id=25680, stack(0x0000007f66b00000,0x0000007f66c00000)]
  0x00000183a3762f00 JavaThread "Cache worker for file hash cache (D:\androidLearning\AndroidStudioProjects\serviceTest1\.gradle\8.0\fileHashes)" [_thread_blocked, id=16332, stack(0x0000007f66c00000,0x0000007f66d00000)]
  0x00000183a3764240 JavaThread "Cache worker for cache directory md-supplier (C:\Users\11218\.gradle\caches\8.0\md-supplier)" [_thread_blocked, id=22640, stack(0x0000007f66d00000,0x0000007f66e00000)]
  0x00000183a3762090 JavaThread "Cache worker for execution history cache (C:\Users\11218\.gradle\caches\8.0\executionHistory)" [_thread_blocked, id=8852, stack(0x0000007f66f00000,0x0000007f67000000)]
  0x00000183a375fee0 JavaThread "jar transforms" [_thread_blocked, id=25492, stack(0x0000007f67000000,0x0000007f67100000)]
  0x00000183a375fa10 JavaThread "jar transforms Thread 2" [_thread_blocked, id=24472, stack(0x0000007f67100000,0x0000007f67200000)]
  0x00000183a3760880 JavaThread "Cache worker for kotlin-dsl (C:\Users\11218\.gradle\caches\8.0\kotlin-dsl)" [_thread_blocked, id=8520, stack(0x0000007f67200000,0x0000007f67300000)]
  0x00000183a3764710 JavaThread "Cache worker for dependencies-accessors (D:\androidLearning\AndroidStudioProjects\serviceTest1\.gradle\8.0\dependencies-accessors)" [_thread_blocked, id=25232, stack(0x0000007f67300000,0x0000007f67400000)]
  0x00000183a3764be0 JavaThread "Cache worker for Build Output Cleanup Cache (D:\androidLearning\AndroidStudioProjects\serviceTest1\.gradle\buildOutputCleanup)" [_thread_blocked, id=20344, stack(0x0000007f67400000,0x0000007f67500000)]
  0x00000183a3765a50 JavaThread "Unconstrained build operations" [_thread_blocked, id=26788, stack(0x0000007f67500000,0x0000007f67600000)]
  0x00000183a37668c0 JavaThread "Unconstrained build operations Thread 2" [_thread_blocked, id=2796, stack(0x0000007f67600000,0x0000007f67700000)]
  0x00000183a3762a30 JavaThread "Unconstrained build operations Thread 3" [_thread_blocked, id=21908, stack(0x0000007f67700000,0x0000007f67800000)]
  0x00000183a37633d0 JavaThread "Unconstrained build operations Thread 4" [_thread_blocked, id=8004, stack(0x0000007f67800000,0x0000007f67900000)]
  0x00000183a375f070 JavaThread "Unconstrained build operations Thread 5" [_thread_blocked, id=13428, stack(0x0000007f67900000,0x0000007f67a00000)]
  0x00000183a3763d70 JavaThread "Unconstrained build operations Thread 6" [_thread_blocked, id=7512, stack(0x0000007f67a00000,0x0000007f67b00000)]
  0x00000183a4e450a0 JavaThread "Unconstrained build operations Thread 7" [_thread_blocked, id=26224, stack(0x0000007f67b00000,0x0000007f67c00000)]
  0x00000183a4e44700 JavaThread "Unconstrained build operations Thread 8" [_thread_blocked, id=26104, stack(0x0000007f67c00000,0x0000007f67d00000)]
  0x00000183a4e3f530 JavaThread "Unconstrained build operations Thread 9" [_thread_blocked, id=10760, stack(0x0000007f67d00000,0x0000007f67e00000)]
  0x00000183a4e41bb0 JavaThread "Unconstrained build operations Thread 10" [_thread_blocked, id=14256, stack(0x0000007f67e00000,0x0000007f67f00000)]
  0x00000183a4e433c0 JavaThread "Unconstrained build operations Thread 11" [_thread_blocked, id=6116, stack(0x0000007f67f00000,0x0000007f68000000)]
  0x00000183a4e43890 JavaThread "Unconstrained build operations Thread 12" [_thread_blocked, id=16964, stack(0x0000007f68000000,0x0000007f68100000)]
  0x00000183a4e43d60 JavaThread "Unconstrained build operations Thread 13" [_thread_blocked, id=22060, stack(0x0000007f68100000,0x0000007f68200000)]
  0x00000183a4e44230 JavaThread "Unconstrained build operations Thread 14" [_thread_blocked, id=12380, stack(0x0000007f68200000,0x0000007f68300000)]
  0x00000183a4e42550 JavaThread "Unconstrained build operations Thread 15" [_thread_blocked, id=6660, stack(0x0000007f68300000,0x0000007f68400000)]
  0x00000183a4e3fa00 JavaThread "Unconstrained build operations Thread 16" [_thread_blocked, id=1312, stack(0x0000007f68400000,0x0000007f68500000)]
  0x00000183a4e3fed0 JavaThread "Unconstrained build operations Thread 17" [_thread_blocked, id=27344, stack(0x0000007f68500000,0x0000007f68600000)]
  0x00000183a4e463e0 JavaThread "Unconstrained build operations Thread 18" [_thread_blocked, id=19100, stack(0x0000007f68600000,0x0000007f68700000)]
  0x00000183a4e45570 JavaThread "Unconstrained build operations Thread 19" [_thread_blocked, id=23872, stack(0x0000007f68700000,0x0000007f68800000)]
  0x00000183a4e44bd0 JavaThread "Unconstrained build operations Thread 20" [_thread_blocked, id=16736, stack(0x0000007f68800000,0x0000007f68900000)]
  0x00000183a4e40d40 JavaThread "Memory manager" [_thread_blocked, id=10004, stack(0x0000007f68b00000,0x0000007f68c00000)]
  0x00000183a4e40870 JavaThread "build event listener" [_thread_blocked, id=26440, stack(0x0000007f68c00000,0x0000007f68d00000)]
  0x00000183a4e42a20 JavaThread "build event listener" [_thread_blocked, id=21092, stack(0x0000007f68d00000,0x0000007f68e00000)]
  0x00000183a5134550 JavaThread "included builds" [_thread_blocked, id=15612, stack(0x0000007f64400000,0x0000007f64500000)]
  0x00000183a5134a20 JavaThread "Execution worker" [_thread_blocked, id=11392, stack(0x0000007f64500000,0x0000007f64600000)]
  0x00000183a5132d40 JavaThread "Cache worker for execution history cache (D:\androidLearning\AndroidStudioProjects\serviceTest1\.gradle\8.0\executionHistory)" [_thread_blocked, id=24304, stack(0x0000007f68e00000,0x0000007f68f00000)]
  0x00000183a3318ce0 JavaThread "WorkerExecutor Queue" [_thread_blocked, id=23708, stack(0x0000007f68f00000,0x0000007f69000000)]
  0x00000183a3319680 JavaThread "WorkerExecutor Queue Thread 3" [_thread_blocked, id=26244, stack(0x0000007f69100000,0x0000007f69200000)]
  0x00000183a33191b0 JavaThread "WorkerExecutor Queue Thread 4" [_thread_blocked, id=15896, stack(0x0000007f69000000,0x0000007f69100000)]

Other Threads:
=>0x00000183a08e7700 VMThread "VM Thread" [stack: 0x0000007f64c00000,0x0000007f64d00000] [id=1064]
  0x00000183a14b3670 WatcherThread [stack: 0x0000007f65800000,0x0000007f65900000] [id=10272]
  0x00000183812cf960 GCTaskThread "GC Thread#0" [stack: 0x0000007f64700000,0x0000007f64800000] [id=26756]
  0x00000183a15e3620 GCTaskThread "GC Thread#1" [stack: 0x0000007f65900000,0x0000007f65a00000] [id=4640]
  0x00000183812e18b0 ConcurrentGCThread "G1 Main Marker" [stack: 0x0000007f64800000,0x0000007f64900000] [id=5064]
  0x00000183812e22c0 ConcurrentGCThread "G1 Conc#0" [stack: 0x0000007f64900000,0x0000007f64a00000] [id=19840]
  0x0000018381330ae0 ConcurrentGCThread "G1 Refine#0" [stack: 0x0000007f64a00000,0x0000007f64b00000] [id=19120]
  0x00000183a3325c30 ConcurrentGCThread "G1 Refine#1" [stack: 0x0000007f66e00000,0x0000007f66f00000] [id=12040]
  0x0000018381331500 ConcurrentGCThread "G1 Service" [stack: 0x0000007f64b00000,0x0000007f64c00000] [id=27328]

Threads with active compile tasks:
C2 CompilerThread0   105881 17709       4       java.lang.reflect.Constructor::newInstanceWithCaller (75 bytes)

VM state: at safepoint (normal execution)

VM Mutex/Monitor currently owned by a thread:  ([mutex/lock_event])
[0x000001838126feb0] Threads_lock - owner thread: 0x00000183a08e7700
[0x000001838126f9a0] Heap_lock - owner thread: 0x00000183812e18b0

Heap address: 0x0000000080000000, size: 2048 MB, Compressed Oops mode: 32-bit

CDS archive(s) mapped at: [0x0000000800000000-0x0000000800bc0000-0x0000000800bc0000), size 12320768, SharedBaseAddress: 0x0000000800000000, ArchiveRelocationMode: 0.
Compressed class space mapped at: 0x0000000800c00000-0x0000000840c00000, reserved size: 1073741824
Narrow klass base: 0x0000000800000000, Narrow klass shift: 0, Narrow klass range: 0x100000000

GC Precious Log:
 CPUs: 2 total, 2 available
 Memory: 7995M
 Large Page Support: Disabled
 NUMA Support: Disabled
 Compressed Oops: Enabled (32-bit)
 Heap Region Size: 1M
 Heap Min Capacity: 8M
 Heap Initial Capacity: 126M
 Heap Max Capacity: 2G
 Pre-touch: Disabled
 Parallel Workers: 2
 Concurrent Workers: 1
 Concurrent Refinement Workers: 2
 Periodic GC: Disabled

Heap:
 garbage-first heap   total 214016K, used 178324K [0x0000000080000000, 0x0000000100000000)
  region size 1024K, 4 young (4096K), 2 survivors (2048K)
 Metaspace       used 141927K, committed 142848K, reserved 1179648K
  class space    used 18521K, committed 18944K, reserved 1048576K

Heap Regions: E=young(eden), S=young(survivor), O=old, HS=humongous(starts), HC=humongous(continues), CS=collection set, F=free, OA=open archive, CA=closed archive, TAMS=top-at-mark-start (previous, next)
|   0|0x0000000080000000, 0x0000000080100000, 0x0000000080100000|100%| O|  |TAMS 0x0000000080100000, 0x0000000080000000| Untracked 
|   1|0x0000000080100000, 0x0000000080200000, 0x0000000080200000|100%| O|  |TAMS 0x0000000080200000, 0x0000000080100000| Untracked 
|   2|0x0000000080200000, 0x0000000080300000, 0x0000000080300000|100%| O|  |TAMS 0x0000000080300000, 0x0000000080200000| Untracked 
|   3|0x0000000080300000, 0x0000000080400000, 0x0000000080400000|100%|HS|  |TAMS 0x0000000080400000, 0x0000000080300000| Complete 
|   4|0x0000000080400000, 0x0000000080500000, 0x0000000080500000|100%|HC|  |TAMS 0x0000000080500000, 0x0000000080400000| Complete 
|   5|0x0000000080500000, 0x0000000080600000, 0x0000000080600000|100%|HC|  |TAMS 0x0000000080600000, 0x0000000080500000| Complete 
|   6|0x0000000080600000, 0x0000000080700000, 0x0000000080700000|100%|HC|  |TAMS 0x0000000080700000, 0x0000000080600000| Complete 
|   7|0x0000000080700000, 0x0000000080800000, 0x0000000080800000|100%| O|  |TAMS 0x0000000080800000, 0x0000000080700000| Untracked 
|   8|0x0000000080800000, 0x0000000080900000, 0x0000000080900000|100%| O|  |TAMS 0x0000000080900000, 0x0000000080800000| Untracked 
|   9|0x0000000080900000, 0x0000000080a00000, 0x0000000080a00000|100%| O|  |TAMS 0x0000000080a00000, 0x0000000080900000| Untracked 
|  10|0x0000000080a00000, 0x0000000080b00000, 0x0000000080b00000|100%| O|  |TAMS 0x0000000080b00000, 0x0000000080a00000| Untracked 
|  11|0x0000000080b00000, 0x0000000080c00000, 0x0000000080c00000|100%| O|  |TAMS 0x0000000080c00000, 0x0000000080b00000| Untracked 
|  12|0x0000000080c00000, 0x0000000080d00000, 0x0000000080d00000|100%| O|  |TAMS 0x0000000080d00000, 0x0000000080c00000| Untracked 
|  13|0x0000000080d00000, 0x0000000080e00000, 0x0000000080e00000|100%| O|  |TAMS 0x0000000080e00000, 0x0000000080d00000| Untracked 
|  14|0x0000000080e00000, 0x0000000080f00000, 0x0000000080f00000|100%| O|  |TAMS 0x0000000080f00000, 0x0000000080e00000| Untracked 
|  15|0x0000000080f00000, 0x0000000081000000, 0x0000000081000000|100%| O|  |TAMS 0x0000000081000000, 0x0000000080f00000| Untracked 
|  16|0x0000000081000000, 0x0000000081100000, 0x0000000081100000|100%| O|  |TAMS 0x0000000081100000, 0x0000000081000000| Untracked 
|  17|0x0000000081100000, 0x0000000081200000, 0x0000000081200000|100%| O|  |TAMS 0x0000000081200000, 0x0000000081100000| Untracked 
|  18|0x0000000081200000, 0x0000000081300000, 0x0000000081300000|100%| O|  |TAMS 0x0000000081300000, 0x0000000081200000| Untracked 
|  19|0x0000000081300000, 0x0000000081400000, 0x0000000081400000|100%| O|  |TAMS 0x0000000081400000, 0x0000000081300000| Updating 
|  20|0x0000000081400000, 0x0000000081500000, 0x0000000081500000|100%| O|  |TAMS 0x0000000081500000, 0x0000000081400000| Untracked 
|  21|0x0000000081500000, 0x0000000081600000, 0x0000000081600000|100%| O|  |TAMS 0x0000000081600000, 0x0000000081500000| Updating 
|  22|0x0000000081600000, 0x0000000081700000, 0x0000000081700000|100%| O|  |TAMS 0x0000000081700000, 0x0000000081600000| Untracked 
|  23|0x0000000081700000, 0x0000000081800000, 0x0000000081800000|100%| O|  |TAMS 0x0000000081800000, 0x0000000081700000| Untracked 
|  24|0x0000000081800000, 0x0000000081900000, 0x0000000081900000|100%| O|  |TAMS 0x0000000081900000, 0x0000000081800000| Untracked 
|  25|0x0000000081900000, 0x0000000081a00000, 0x0000000081a00000|100%| O|  |TAMS 0x0000000081a00000, 0x0000000081900000| Untracked 
|  26|0x0000000081a00000, 0x0000000081b00000, 0x0000000081b00000|100%|HS|  |TAMS 0x0000000081b00000, 0x0000000081a00000| Complete 
|  27|0x0000000081b00000, 0x0000000081c00000, 0x0000000081c00000|100%|HS|  |TAMS 0x0000000081c00000, 0x0000000081b00000| Complete 
|  28|0x0000000081c00000, 0x0000000081d00000, 0x0000000081d00000|100%|HS|  |TAMS 0x0000000081d00000, 0x0000000081c00000| Complete 
|  29|0x0000000081d00000, 0x0000000081e00000, 0x0000000081e00000|100%|HC|  |TAMS 0x0000000081e00000, 0x0000000081d00000| Complete 
|  30|0x0000000081e00000, 0x0000000081f00000, 0x0000000081f00000|100%|HS|  |TAMS 0x0000000081f00000, 0x0000000081e00000| Complete 
|  31|0x0000000081f00000, 0x0000000082000000, 0x0000000082000000|100%| O|  |TAMS 0x0000000082000000, 0x0000000081f00000| Untracked 
|  32|0x0000000082000000, 0x0000000082100000, 0x0000000082100000|100%| O|  |TAMS 0x0000000082100000, 0x0000000082000000| Updating 
|  33|0x0000000082100000, 0x0000000082200000, 0x0000000082200000|100%| O|  |TAMS 0x0000000082200000, 0x0000000082100000| Untracked 
|  34|0x0000000082200000, 0x0000000082300000, 0x0000000082300000|100%| O|  |TAMS 0x0000000082300000, 0x0000000082200000| Untracked 
|  35|0x0000000082300000, 0x0000000082400000, 0x0000000082400000|100%| O|  |TAMS 0x0000000082400000, 0x0000000082300000| Untracked 
|  36|0x0000000082400000, 0x0000000082500000, 0x0000000082500000|100%| O|  |TAMS 0x0000000082500000, 0x0000000082400000| Untracked 
|  37|0x0000000082500000, 0x0000000082600000, 0x0000000082600000|100%| O|  |TAMS 0x0000000082600000, 0x0000000082500000| Untracked 
|  38|0x0000000082600000, 0x0000000082700000, 0x0000000082700000|100%| O|  |TAMS 0x0000000082700000, 0x0000000082600000| Untracked 
|  39|0x0000000082700000, 0x0000000082800000, 0x0000000082800000|100%| O|  |TAMS 0x0000000082800000, 0x0000000082700000| Untracked 
|  40|0x0000000082800000, 0x0000000082900000, 0x0000000082900000|100%| O|  |TAMS 0x0000000082900000, 0x0000000082800000| Updating 
|  41|0x0000000082900000, 0x0000000082a00000, 0x0000000082a00000|100%| O|  |TAMS 0x0000000082a00000, 0x0000000082900000| Untracked 
|  42|0x0000000082a00000, 0x0000000082b00000, 0x0000000082b00000|100%| O|  |TAMS 0x0000000082b00000, 0x0000000082a00000| Untracked 
|  43|0x0000000082b00000, 0x0000000082c00000, 0x0000000082c00000|100%| O|  |TAMS 0x0000000082c00000, 0x0000000082b00000| Untracked 
|  44|0x0000000082c00000, 0x0000000082d00000, 0x0000000082d00000|100%|HS|  |TAMS 0x0000000082d00000, 0x0000000082c00000| Complete 
|  45|0x0000000082d00000, 0x0000000082e00000, 0x0000000082e00000|100%|HC|  |TAMS 0x0000000082e00000, 0x0000000082d00000| Complete 
|  46|0x0000000082e00000, 0x0000000082f00000, 0x0000000082f00000|100%|HC|  |TAMS 0x0000000082f00000, 0x0000000082e00000| Complete 
|  47|0x0000000082f00000, 0x0000000083000000, 0x0000000083000000|100%|HC|  |TAMS 0x0000000083000000, 0x0000000082f00000| Complete 
|  48|0x0000000083000000, 0x0000000083100000, 0x0000000083100000|100%| O|  |TAMS 0x0000000083100000, 0x0000000083000000| Untracked 
|  49|0x0000000083100000, 0x0000000083200000, 0x0000000083200000|100%| O|  |TAMS 0x0000000083200000, 0x0000000083100000| Untracked 
|  50|0x0000000083200000, 0x0000000083300000, 0x0000000083300000|100%| O|  |TAMS 0x0000000083300000, 0x0000000083200000| Untracked 
|  51|0x0000000083300000, 0x0000000083400000, 0x0000000083400000|100%| O|  |TAMS 0x0000000083400000, 0x0000000083300000| Updating 
|  52|0x0000000083400000, 0x0000000083500000, 0x0000000083500000|100%| O|  |TAMS 0x0000000083500000, 0x0000000083400000| Updating 
|  53|0x0000000083500000, 0x0000000083600000, 0x0000000083600000|100%| O|  |TAMS 0x0000000083600000, 0x0000000083500000| Untracked 
|  54|0x0000000083600000, 0x0000000083700000, 0x0000000083700000|100%| O|  |TAMS 0x0000000083700000, 0x0000000083600000| Untracked 
|  55|0x0000000083700000, 0x0000000083800000, 0x0000000083800000|100%| O|  |TAMS 0x0000000083800000, 0x0000000083700000| Untracked 
|  56|0x0000000083800000, 0x0000000083900000, 0x0000000083900000|100%| O|  |TAMS 0x0000000083900000, 0x0000000083800000| Untracked 
|  57|0x0000000083900000, 0x0000000083a00000, 0x0000000083a00000|100%| O|  |TAMS 0x0000000083a00000, 0x0000000083900000| Untracked 
|  58|0x0000000083a00000, 0x0000000083b00000, 0x0000000083b00000|100%| O|  |TAMS 0x0000000083b00000, 0x0000000083a00000| Untracked 
|  59|0x0000000083b00000, 0x0000000083c00000, 0x0000000083c00000|100%| O|  |TAMS 0x0000000083c00000, 0x0000000083b00000| Untracked 
|  60|0x0000000083c00000, 0x0000000083d00000, 0x0000000083d00000|100%| O|  |TAMS 0x0000000083d00000, 0x0000000083c00000| Untracked 
|  61|0x0000000083d00000, 0x0000000083e00000, 0x0000000083e00000|100%| O|  |TAMS 0x0000000083e00000, 0x0000000083d00000| Untracked 
|  62|0x0000000083e00000, 0x0000000083f00000, 0x0000000083f00000|100%| O|  |TAMS 0x0000000083f00000, 0x0000000083e00000| Updating 
|  63|0x0000000083f00000, 0x0000000084000000, 0x0000000084000000|100%| O|  |TAMS 0x0000000084000000, 0x0000000083f00000| Untracked 
|  64|0x0000000084000000, 0x0000000084100000, 0x0000000084100000|100%| O|  |TAMS 0x0000000084100000, 0x0000000084000000| Untracked 
|  65|0x0000000084100000, 0x0000000084200000, 0x0000000084200000|100%| O|  |TAMS 0x0000000084200000, 0x0000000084100000| Updating 
|  66|0x0000000084200000, 0x0000000084300000, 0x0000000084300000|100%| O|  |TAMS 0x0000000084300000, 0x0000000084200000| Untracked 
|  67|0x0000000084300000, 0x0000000084400000, 0x0000000084400000|100%| O|  |TAMS 0x0000000084400000, 0x0000000084300000| Updating 
|  68|0x0000000084400000, 0x0000000084500000, 0x0000000084500000|100%| O|  |TAMS 0x0000000084500000, 0x0000000084400000| Untracked 
|  69|0x0000000084500000, 0x0000000084600000, 0x0000000084600000|100%| O|  |TAMS 0x0000000084600000, 0x0000000084500000| Untracked 
|  70|0x0000000084600000, 0x0000000084700000, 0x0000000084700000|100%| O|  |TAMS 0x0000000084700000, 0x0000000084600000| Untracked 
|  71|0x0000000084700000, 0x0000000084800000, 0x0000000084800000|100%| O|  |TAMS 0x0000000084800000, 0x0000000084700000| Untracked 
|  72|0x0000000084800000, 0x0000000084900000, 0x0000000084900000|100%| O|  |TAMS 0x0000000084900000, 0x0000000084800000| Updating 
|  73|0x0000000084900000, 0x0000000084a00000, 0x0000000084a00000|100%| O|  |TAMS 0x0000000084a00000, 0x0000000084900000| Untracked 
|  74|0x0000000084a00000, 0x0000000084b00000, 0x0000000084b00000|100%| O|  |TAMS 0x0000000084b00000, 0x0000000084a00000| Untracked 
|  75|0x0000000084b00000, 0x0000000084c00000, 0x0000000084c00000|100%| O|  |TAMS 0x0000000084c00000, 0x0000000084b00000| Untracked 
|  76|0x0000000084c00000, 0x0000000084d00000, 0x0000000084d00000|100%| O|  |TAMS 0x0000000084d00000, 0x0000000084c00000| Untracked 
|  77|0x0000000084d00000, 0x0000000084e00000, 0x0000000084e00000|100%| O|  |TAMS 0x0000000084e00000, 0x0000000084d00000| Untracked 
|  78|0x0000000084e00000, 0x0000000084f00000, 0x0000000084f00000|100%| O|  |TAMS 0x0000000084f00000, 0x0000000084e00000| Updating 
|  79|0x0000000084f00000, 0x0000000085000000, 0x0000000085000000|100%| O|  |TAMS 0x0000000085000000, 0x0000000084f00000| Untracked 
|  80|0x0000000085000000, 0x0000000085100000, 0x0000000085100000|100%| O|  |TAMS 0x0000000085100000, 0x0000000085000000| Untracked 
|  81|0x0000000085100000, 0x0000000085200000, 0x0000000085200000|100%| O|  |TAMS 0x0000000085200000, 0x0000000085100000| Updating 
|  82|0x0000000085200000, 0x0000000085300000, 0x0000000085300000|100%| O|  |TAMS 0x0000000085300000, 0x0000000085200000| Untracked 
|  83|0x0000000085300000, 0x0000000085400000, 0x0000000085400000|100%| O|  |TAMS 0x0000000085400000, 0x0000000085300000| Untracked 
|  84|0x0000000085400000, 0x0000000085500000, 0x0000000085500000|100%| O|  |TAMS 0x0000000085500000, 0x0000000085400000| Untracked 
|  85|0x0000000085500000, 0x0000000085600000, 0x0000000085600000|100%| O|  |TAMS 0x0000000085600000, 0x0000000085500000| Untracked 
|  86|0x0000000085600000, 0x0000000085700000, 0x0000000085700000|100%| O|  |TAMS 0x0000000085700000, 0x0000000085600000| Untracked 
|  87|0x0000000085700000, 0x0000000085800000, 0x0000000085800000|100%| O|  |TAMS 0x0000000085800000, 0x0000000085700000| Untracked 
|  88|0x0000000085800000, 0x0000000085900000, 0x0000000085900000|100%| O|  |TAMS 0x0000000085900000, 0x0000000085800000| Updating 
|  89|0x0000000085900000, 0x0000000085a00000, 0x0000000085a00000|100%| O|  |TAMS 0x0000000085a00000, 0x0000000085900000| Untracked 
|  90|0x0000000085a00000, 0x0000000085b00000, 0x0000000085b00000|100%| O|  |TAMS 0x0000000085b00000, 0x0000000085a00000| Untracked 
|  91|0x0000000085b00000, 0x0000000085c00000, 0x0000000085c00000|100%| O|  |TAMS 0x0000000085c00000, 0x0000000085b00000| Untracked 
|  92|0x0000000085c00000, 0x0000000085d00000, 0x0000000085d00000|100%| O|  |TAMS 0x0000000085d00000, 0x0000000085c00000| Untracked 
|  93|0x0000000085d00000, 0x0000000085e00000, 0x0000000085e00000|100%| O|  |TAMS 0x0000000085e00000, 0x0000000085d00000| Untracked 
|  94|0x0000000085e00000, 0x0000000085f00000, 0x0000000085f00000|100%| O|  |TAMS 0x0000000085f00000, 0x0000000085e00000| Untracked 
|  95|0x0000000085f00000, 0x0000000086000000, 0x0000000086000000|100%| O|  |TAMS 0x0000000086000000, 0x0000000085f00000| Untracked 
|  96|0x0000000086000000, 0x0000000086100000, 0x0000000086100000|100%| O|  |TAMS 0x0000000086100000, 0x0000000086000000| Untracked 
|  97|0x0000000086100000, 0x0000000086200000, 0x0000000086200000|100%| O|  |TAMS 0x0000000086200000, 0x0000000086100000| Updating 
|  98|0x0000000086200000, 0x0000000086300000, 0x0000000086300000|100%|HS|  |TAMS 0x0000000086300000, 0x0000000086200000| Complete 
|  99|0x0000000086300000, 0x0000000086400000, 0x0000000086400000|100%|HC|  |TAMS 0x0000000086400000, 0x0000000086300000| Complete 
| 100|0x0000000086400000, 0x0000000086500000, 0x0000000086500000|100%| O|  |TAMS 0x0000000086500000, 0x0000000086400000| Untracked 
| 101|0x0000000086500000, 0x0000000086600000, 0x0000000086600000|100%| O|  |TAMS 0x0000000086600000, 0x0000000086500000| Untracked 
| 102|0x0000000086600000, 0x0000000086700000, 0x0000000086700000|100%| O|  |TAMS 0x0000000086700000, 0x0000000086600000| Updating 
| 103|0x0000000086700000, 0x0000000086800000, 0x0000000086800000|100%|HS|  |TAMS 0x0000000086800000, 0x0000000086700000| Complete 
| 104|0x0000000086800000, 0x0000000086900000, 0x0000000086900000|100%|HC|  |TAMS 0x0000000086900000, 0x0000000086800000| Complete 
| 105|0x0000000086900000, 0x0000000086a00000, 0x0000000086a00000|100%|HC|  |TAMS 0x0000000086a00000, 0x0000000086900000| Complete 
| 106|0x0000000086a00000, 0x0000000086b00000, 0x0000000086b00000|100%| O|  |TAMS 0x0000000086b00000, 0x0000000086a00000| Updating 
| 107|0x0000000086b00000, 0x0000000086c00000, 0x0000000086c00000|100%| O|  |TAMS 0x0000000086c00000, 0x0000000086b00000| Untracked 
| 108|0x0000000086c00000, 0x0000000086d00000, 0x0000000086d00000|100%| O|  |TAMS 0x0000000086d00000, 0x0000000086c00000| Untracked 
| 109|0x0000000086d00000, 0x0000000086e00000, 0x0000000086e00000|100%| O|  |TAMS 0x0000000086e00000, 0x0000000086d00000| Updating 
| 110|0x0000000086e00000, 0x0000000086f00000, 0x0000000086f00000|100%| O|  |TAMS 0x0000000086f00000, 0x0000000086e00000| Untracked 
| 111|0x0000000086f00000, 0x0000000087000000, 0x0000000087000000|100%| O|  |TAMS 0x0000000087000000, 0x0000000086f00000| Updating 
| 112|0x0000000087000000, 0x0000000087100000, 0x0000000087100000|100%| O|  |TAMS 0x0000000087100000, 0x0000000087000000| Untracked 
| 113|0x0000000087100000, 0x0000000087200000, 0x0000000087200000|100%| O|  |TAMS 0x00000000871b9a00, 0x0000000087100000| Untracked 
| 114|0x0000000087200000, 0x0000000087300000, 0x0000000087300000|100%| O|  |TAMS 0x0000000087300000, 0x0000000087200000| Untracked 
| 115|0x0000000087300000, 0x0000000087400000, 0x0000000087400000|100%| O|  |TAMS 0x0000000087400000, 0x0000000087300000| Updating 
| 116|0x0000000087400000, 0x0000000087500000, 0x0000000087500000|100%| O|  |TAMS 0x0000000087500000, 0x0000000087400000| Untracked 
| 117|0x0000000087500000, 0x0000000087600000, 0x0000000087600000|100%| O|  |TAMS 0x0000000087600000, 0x0000000087500000| Updating 
| 118|0x0000000087600000, 0x0000000087700000, 0x0000000087700000|100%| O|  |TAMS 0x0000000087700000, 0x0000000087600000| Updating 
| 119|0x0000000087700000, 0x0000000087800000, 0x0000000087800000|100%| O|  |TAMS 0x0000000087800000, 0x0000000087700000| Updating 
| 120|0x0000000087800000, 0x0000000087900000, 0x0000000087900000|100%| O|  |TAMS 0x0000000087900000, 0x0000000087800000| Untracked 
| 121|0x0000000087900000, 0x0000000087a00000, 0x0000000087a00000|100%| O|  |TAMS 0x0000000087a00000, 0x0000000087900000| Untracked 
| 122|0x0000000087a00000, 0x0000000087b00000, 0x0000000087b00000|100%| O|  |TAMS 0x0000000087b00000, 0x0000000087a00000| Updating 
| 123|0x0000000087b00000, 0x0000000087c00000, 0x0000000087c00000|100%| O|  |TAMS 0x0000000087c00000, 0x0000000087b00000| Updating 
| 124|0x0000000087c00000, 0x0000000087c00000, 0x0000000087d00000|  0%| F|  |TAMS 0x0000000087c00000, 0x0000000087c00000| Untracked 
| 125|0x0000000087d00000, 0x0000000087d00000, 0x0000000087e00000|  0%| F|  |TAMS 0x0000000087d00000, 0x0000000087d00000| Untracked 
| 126|0x0000000087e00000, 0x0000000087f00000, 0x0000000087f00000|100%| O|  |TAMS 0x0000000087f00000, 0x0000000087e00000| Updating 
| 127|0x0000000087f00000, 0x0000000088000000, 0x0000000088000000|100%| O|  |TAMS 0x0000000088000000, 0x0000000087f00000| Updating 
| 128|0x0000000088000000, 0x0000000088100000, 0x0000000088100000|100%| O|  |TAMS 0x0000000088100000, 0x0000000088000000| Updating 
| 129|0x0000000088100000, 0x0000000088200000, 0x0000000088200000|100%| O|  |TAMS 0x0000000088200000, 0x0000000088100000| Untracked 
| 130|0x0000000088200000, 0x0000000088300000, 0x0000000088300000|100%| O|  |TAMS 0x0000000088300000, 0x0000000088200000| Updating 
| 131|0x0000000088300000, 0x0000000088400000, 0x0000000088400000|100%| O|  |TAMS 0x0000000088400000, 0x0000000088300000| Updating 
| 132|0x0000000088400000, 0x0000000088500000, 0x0000000088500000|100%| O|  |TAMS 0x0000000088500000, 0x0000000088400000| Untracked 
| 133|0x0000000088500000, 0x0000000088600000, 0x0000000088600000|100%| O|  |TAMS 0x0000000088600000, 0x0000000088500000| Untracked 
| 134|0x0000000088600000, 0x0000000088700000, 0x0000000088700000|100%| O|  |TAMS 0x0000000088700000, 0x0000000088600000| Updating 
| 135|0x0000000088700000, 0x0000000088800000, 0x0000000088800000|100%|HS|  |TAMS 0x0000000088800000, 0x0000000088700000| Complete 
| 136|0x0000000088800000, 0x0000000088900000, 0x0000000088900000|100%|HC|  |TAMS 0x0000000088900000, 0x0000000088800000| Complete 
| 137|0x0000000088900000, 0x0000000088a00000, 0x0000000088a00000|100%|HC|  |TAMS 0x0000000088a00000, 0x0000000088900000| Complete 
| 138|0x0000000088a00000, 0x0000000088b00000, 0x0000000088b00000|100%|HC|  |TAMS 0x0000000088b00000, 0x0000000088a00000| Complete 
| 139|0x0000000088b00000, 0x0000000088c00000, 0x0000000088c00000|100%|HC|  |TAMS 0x0000000088c00000, 0x0000000088b00000| Complete 
| 140|0x0000000088c00000, 0x0000000088d00000, 0x0000000088d00000|100%|HC|  |TAMS 0x0000000088d00000, 0x0000000088c00000| Complete 
| 141|0x0000000088d00000, 0x0000000088e00000, 0x0000000088e00000|100%|HC|  |TAMS 0x0000000088e00000, 0x0000000088d00000| Complete 
| 142|0x0000000088e00000, 0x0000000088f00000, 0x0000000088f00000|100%|HC|  |TAMS 0x0000000088f00000, 0x0000000088e00000| Complete 
| 143|0x0000000088f00000, 0x0000000089000000, 0x0000000089000000|100%|HC|  |TAMS 0x0000000089000000, 0x0000000088f00000| Complete 
| 144|0x0000000089000000, 0x0000000089100000, 0x0000000089100000|100%| O|  |TAMS 0x0000000089000000, 0x0000000089000000| Untracked 
| 145|0x0000000089100000, 0x0000000089125000, 0x0000000089200000| 14%| O|  |TAMS 0x0000000089100000, 0x0000000089100000| Updating 
| 146|0x0000000089200000, 0x0000000089300000, 0x0000000089300000|100%|HS|  |TAMS 0x0000000089200000, 0x0000000089200000| Complete 
| 147|0x0000000089300000, 0x0000000089400000, 0x0000000089400000|100%|HS|  |TAMS 0x0000000089300000, 0x0000000089300000| Complete 
| 148|0x0000000089400000, 0x0000000089500000, 0x0000000089500000|100%|HC|  |TAMS 0x0000000089400000, 0x0000000089400000| Complete 
| 149|0x0000000089500000, 0x0000000089600000, 0x0000000089600000|100%|HS|  |TAMS 0x0000000089500000, 0x0000000089500000| Complete 
| 150|0x0000000089600000, 0x0000000089700000, 0x0000000089700000|100%|HC|  |TAMS 0x0000000089600000, 0x0000000089600000| Complete 
| 151|0x0000000089700000, 0x0000000089800000, 0x0000000089800000|100%|HC|  |TAMS 0x0000000089700000, 0x0000000089700000| Complete 
| 152|0x0000000089800000, 0x0000000089900000, 0x0000000089900000|100%|HS|  |TAMS 0x0000000089800000, 0x0000000089800000| Complete 
| 153|0x0000000089900000, 0x0000000089a00000, 0x0000000089a00000|100%|HC|  |TAMS 0x0000000089900000, 0x0000000089900000| Complete 
| 154|0x0000000089a00000, 0x0000000089b00000, 0x0000000089b00000|100%|HC|  |TAMS 0x0000000089a00000, 0x0000000089a00000| Complete 
| 155|0x0000000089b00000, 0x0000000089c00000, 0x0000000089c00000|100%|HC|  |TAMS 0x0000000089b00000, 0x0000000089b00000| Complete 
| 156|0x0000000089c00000, 0x0000000089d00000, 0x0000000089d00000|100%|HC|  |TAMS 0x0000000089c00000, 0x0000000089c00000| Complete 
| 157|0x0000000089d00000, 0x0000000089e00000, 0x0000000089e00000|100%|HS|  |TAMS 0x0000000089d00000, 0x0000000089d00000| Complete 
| 158|0x0000000089e00000, 0x0000000089f00000, 0x0000000089f00000|100%|HC|  |TAMS 0x0000000089e00000, 0x0000000089e00000| Complete 
| 159|0x0000000089f00000, 0x000000008a000000, 0x000000008a000000|100%|HC|  |TAMS 0x0000000089f00000, 0x0000000089f00000| Complete 
| 160|0x000000008a000000, 0x000000008a100000, 0x000000008a100000|100%|HC|  |TAMS 0x000000008a000000, 0x000000008a000000| Complete 
| 161|0x000000008a100000, 0x000000008a200000, 0x000000008a200000|100%|HC|  |TAMS 0x000000008a100000, 0x000000008a100000| Complete 
| 162|0x000000008a200000, 0x000000008a300000, 0x000000008a300000|100%|HC|  |TAMS 0x000000008a200000, 0x000000008a200000| Complete 
| 163|0x000000008a300000, 0x000000008a400000, 0x000000008a400000|100%|HC|  |TAMS 0x000000008a300000, 0x000000008a300000| Complete 
| 164|0x000000008a400000, 0x000000008a500000, 0x000000008a500000|100%|HC|  |TAMS 0x000000008a400000, 0x000000008a400000| Complete 
| 165|0x000000008a500000, 0x000000008a600000, 0x000000008a600000|100%|HC|  |TAMS 0x000000008a500000, 0x000000008a500000| Complete 
| 166|0x000000008a600000, 0x000000008a600000, 0x000000008a700000|  0%| F|  |TAMS 0x000000008a600000, 0x000000008a600000| Untracked 
| 167|0x000000008a700000, 0x000000008a700000, 0x000000008a800000|  0%| F|  |TAMS 0x000000008a700000, 0x000000008a700000| Untracked 
| 168|0x000000008a800000, 0x000000008a800000, 0x000000008a900000|  0%| F|  |TAMS 0x000000008a800000, 0x000000008a800000| Untracked 
| 169|0x000000008a900000, 0x000000008a900000, 0x000000008aa00000|  0%| F|  |TAMS 0x000000008a900000, 0x000000008a900000| Untracked 
| 170|0x000000008aa00000, 0x000000008aa00000, 0x000000008ab00000|  0%| F|  |TAMS 0x000000008aa00000, 0x000000008aa00000| Untracked 
| 171|0x000000008ab00000, 0x000000008ac00000, 0x000000008ac00000|100%| S|CS|TAMS 0x000000008ab00000, 0x000000008ab00000| Complete 
| 172|0x000000008ac00000, 0x000000008ad00000, 0x000000008ad00000|100%| S|CS|TAMS 0x000000008ac00000, 0x000000008ac00000| Complete 
| 173|0x000000008ad00000, 0x000000008ae00000, 0x000000008ae00000|100%|HS|  |TAMS 0x000000008ad00000, 0x000000008ad00000| Complete 
| 174|0x000000008ae00000, 0x000000008af00000, 0x000000008af00000|100%|HC|  |TAMS 0x000000008ae00000, 0x000000008ae00000| Complete 
| 175|0x000000008af00000, 0x000000008b000000, 0x000000008b000000|100%|HC|  |TAMS 0x000000008af00000, 0x000000008af00000| Complete 
| 176|0x000000008b000000, 0x000000008b100000, 0x000000008b100000|100%|HC|  |TAMS 0x000000008b000000, 0x000000008b000000| Complete 
| 177|0x000000008b100000, 0x000000008b200000, 0x000000008b200000|100%|HC|  |TAMS 0x000000008b100000, 0x000000008b100000| Complete 
| 178|0x000000008b200000, 0x000000008b300000, 0x000000008b300000|100%|HC|  |TAMS 0x000000008b200000, 0x000000008b200000| Complete 
| 179|0x000000008b300000, 0x000000008b400000, 0x000000008b400000|100%|HC|  |TAMS 0x000000008b300000, 0x000000008b300000| Complete 
| 180|0x000000008b400000, 0x000000008b500000, 0x000000008b500000|100%|HC|  |TAMS 0x000000008b400000, 0x000000008b400000| Complete 
| 181|0x000000008b500000, 0x000000008b600000, 0x000000008b600000|100%|HC|  |TAMS 0x000000008b500000, 0x000000008b500000| Complete 
| 182|0x000000008b600000, 0x000000008b600000, 0x000000008b700000|  0%| F|  |TAMS 0x000000008b600000, 0x000000008b600000| Untracked 
| 183|0x000000008b700000, 0x000000008b700000, 0x000000008b800000|  0%| F|  |TAMS 0x000000008b700000, 0x000000008b700000| Untracked 
| 184|0x000000008b800000, 0x000000008b800000, 0x000000008b900000|  0%| F|  |TAMS 0x000000008b800000, 0x000000008b800000| Untracked 
| 185|0x000000008b900000, 0x000000008b900000, 0x000000008ba00000|  0%| F|  |TAMS 0x000000008b900000, 0x000000008b900000| Untracked 
| 186|0x000000008ba00000, 0x000000008ba00000, 0x000000008bb00000|  0%| F|  |TAMS 0x000000008ba00000, 0x000000008ba00000| Untracked 
| 187|0x000000008bb00000, 0x000000008bb00000, 0x000000008bc00000|  0%| F|  |TAMS 0x000000008bb00000, 0x000000008bb00000| Untracked 
| 188|0x000000008bc00000, 0x000000008bc00000, 0x000000008bd00000|  0%| F|  |TAMS 0x000000008bc00000, 0x000000008bc00000| Untracked 
| 189|0x000000008bd00000, 0x000000008bd00000, 0x000000008be00000|  0%| F|  |TAMS 0x000000008bd00000, 0x000000008bd00000| Untracked 
| 190|0x000000008be00000, 0x000000008be00000, 0x000000008bf00000|  0%| F|  |TAMS 0x000000008be00000, 0x000000008be00000| Untracked 
| 191|0x000000008bf00000, 0x000000008bf00000, 0x000000008c000000|  0%| F|  |TAMS 0x000000008bf00000, 0x000000008bf00000| Untracked 
| 192|0x000000008c000000, 0x000000008c000000, 0x000000008c100000|  0%| F|  |TAMS 0x000000008c000000, 0x000000008c000000| Untracked 
| 193|0x000000008c100000, 0x000000008c100000, 0x000000008c200000|  0%| F|  |TAMS 0x000000008c100000, 0x000000008c100000| Untracked 
| 194|0x000000008c200000, 0x000000008c200000, 0x000000008c300000|  0%| F|  |TAMS 0x000000008c200000, 0x000000008c200000| Untracked 
| 195|0x000000008c300000, 0x000000008c300000, 0x000000008c400000|  0%| F|  |TAMS 0x000000008c300000, 0x000000008c300000| Untracked 
| 196|0x000000008c400000, 0x000000008c400000, 0x000000008c500000|  0%| F|  |TAMS 0x000000008c400000, 0x000000008c400000| Untracked 
| 197|0x000000008c500000, 0x000000008c500000, 0x000000008c600000|  0%| F|  |TAMS 0x000000008c500000, 0x000000008c500000| Untracked 
| 198|0x000000008c600000, 0x000000008c600000, 0x000000008c700000|  0%| F|  |TAMS 0x000000008c600000, 0x000000008c600000| Untracked 
| 199|0x000000008c700000, 0x000000008c700000, 0x000000008c800000|  0%| F|  |TAMS 0x000000008c700000, 0x000000008c700000| Untracked 
| 200|0x000000008c800000, 0x000000008c800000, 0x000000008c900000|  0%| F|  |TAMS 0x000000008c800000, 0x000000008c800000| Untracked 
| 201|0x000000008c900000, 0x000000008c900000, 0x000000008ca00000|  0%| F|  |TAMS 0x000000008c900000, 0x000000008c900000| Untracked 
| 202|0x000000008ca00000, 0x000000008ca00000, 0x000000008cb00000|  0%| F|  |TAMS 0x000000008ca00000, 0x000000008ca00000| Untracked 
| 203|0x000000008cb00000, 0x000000008cb00000, 0x000000008cc00000|  0%| F|  |TAMS 0x000000008cb00000, 0x000000008cb00000| Untracked 
| 204|0x000000008cc00000, 0x000000008cc00000, 0x000000008cd00000|  0%| F|  |TAMS 0x000000008cc00000, 0x000000008cc00000| Untracked 
| 205|0x000000008cd00000, 0x000000008cd00000, 0x000000008ce00000|  0%| F|  |TAMS 0x000000008cd00000, 0x000000008cd00000| Untracked 
| 206|0x000000008ce00000, 0x000000008ce00000, 0x000000008cf00000|  0%| F|  |TAMS 0x000000008ce00000, 0x000000008ce00000| Untracked 
| 207|0x000000008cf00000, 0x000000008cf7d610, 0x000000008d000000| 48%| E|  |TAMS 0x000000008cf00000, 0x000000008cf00000| Complete 
|2047|0x00000000fff00000, 0x00000000fffeb588, 0x0000000100000000| 91%| E|  |TAMS 0x00000000fff00000, 0x00000000fff00000| Complete 

Card table byte_map: [0x0000018399d70000,0x000001839a170000] _byte_map_base: 0x0000018399970000

Marking Bits (Prev, Next): (CMBitMap*) 0x00000183812d0fc0, (CMBitMap*) 0x00000183812d0f80
 Prev Bits: [0x000001839c570000, 0x000001839e570000)
 Next Bits: [0x000001839a570000, 0x000001839c570000)

Polling page: 0x0000018381100000

Metaspace:

Usage:
  Non-class:    120.51 MB used.
      Class:     18.09 MB used.
       Both:    138.60 MB used.

Virtual space:
  Non-class space:      128.00 MB reserved,     121.00 MB ( 95%) committed,  16 nodes.
      Class space:        1.00 GB reserved,      18.50 MB (  2%) committed,  1 nodes.
             Both:        1.12 GB reserved,     139.50 MB ( 12%) committed. 

Chunk freelists:
   Non-Class:  2.39 MB
       Class:  1.44 MB
        Both:  3.83 MB

MaxMetaspaceSize: unlimited
CompressedClassSpaceSize: 1.00 GB
Initial GC threshold: 21.00 MB
Current GC threshold: 147.31 MB
CDS: on
MetaspaceReclaimPolicy: balanced
 - commit_granule_bytes: 65536.
 - commit_granule_words: 8192.
 - virtual_space_node_default_size: 1048576.
 - enlarge_chunks_in_place: 1.
 - new_chunks_are_fully_committed: 0.
 - uncommit_free_chunks: 1.
 - use_allocation_guard: 0.
 - handle_deallocations: 1.


Internal statistics:

num_allocs_failed_limit: 6.
num_arena_births: 1404.
num_arena_deaths: 0.
num_vsnodes_births: 17.
num_vsnodes_deaths: 0.
num_space_committed: 2230.
num_space_uncommitted: 0.
num_chunks_returned_to_freelist: 6.
num_chunks_taken_from_freelist: 7405.
num_chunk_merges: 6.
num_chunk_splits: 4997.
num_chunks_enlarged: 3317.
num_purges: 0.
num_inconsistent_stats: 0.

CodeHeap 'non-profiled nmethods': size=120064Kb used=8382Kb max_used=8475Kb free=111681Kb
 bounds [0x0000018392020000, 0x0000018392880000, 0x0000018399560000]
CodeHeap 'profiled nmethods': size=120000Kb used=29607Kb max_used=30104Kb free=90392Kb
 bounds [0x000001838aaf0000, 0x000001838c880000, 0x0000018392020000]
CodeHeap 'non-nmethods': size=5696Kb used=2500Kb max_used=2545Kb free=3195Kb
 bounds [0x000001838a560000, 0x000001838a7f0000, 0x000001838aaf0000]
 total_blobs=15775 nmethods=14719 adapters=967
 compilation: enabled
              stopped_count=0, restarted_count=0
 full_count=0

Compilation events (20 events):
Event: 105.429 Thread 0x00000183a090c460 17701       2       java.io.ByteArrayInputStream::<init> (26 bytes)
Event: 105.429 Thread 0x00000183a090c460 nmethod 17701 0x000001838b6c8690 code [0x000001838b6c8820, 0x000001838b6c8998]
Event: 105.429 Thread 0x00000183a090c460 17702       2       com.android.tools.r8.dex.D::<init> (42 bytes)
Event: 105.429 Thread 0x00000183a090c460 nmethod 17702 0x000001838bfc1b10 code [0x000001838bfc1ca0, 0x000001838bfc1db8]
Event: 105.429 Thread 0x00000183a090c460 17703       2       com.android.tools.r8.dex.D::a (1 bytes)
Event: 105.429 Thread 0x00000183a090c460 nmethod 17703 0x000001838bd0bb90 code [0x000001838bd0bd20, 0x000001838bd0be18]
Event: 105.656 Thread 0x00000183a090c460 17704 %     3       com.android.tools.r8.dex.B::j @ 35 (63 bytes)
Event: 105.657 Thread 0x00000183a090c460 nmethod 17704% 0x000001838aeb5110 code [0x000001838aeb5320, 0x000001838aeb5b68]
Event: 105.657 Thread 0x00000183a090c460 17705       2       com.android.tools.r8.dex.m::b (11 bytes)
Event: 105.657 Thread 0x00000183a090c460 nmethod 17705 0x000001838c1f2a10 code [0x000001838c1f2ba0, 0x000001838c1f2cc8]
Event: 105.717 Thread 0x00000183a090a9b0 nmethod 17572% 0x0000018392388e10 code [0x00000183923892c0, 0x000001839238f6a0]
Event: 105.718 Thread 0x00000183a090a9b0 17681   !   4       java.util.zip.InflaterInputStream::read (138 bytes)
Event: 105.773 Thread 0x00000183a090a9b0 nmethod 17681 0x0000018392373f90 code [0x0000018392374200, 0x0000018392376760]
Event: 105.776 Thread 0x00000183a090c460 17706       1       org.jetbrains.kotlin.container.ConstructorBinding::getArgumentDescriptors (5 bytes)
Event: 105.776 Thread 0x00000183a090c460 nmethod 17706 0x0000018392373c90 code [0x0000018392373e20, 0x0000018392373ef8]
Event: 105.776 Thread 0x00000183a090c460 17707       3       com.intellij.util.containers.ConcurrentWeakKeySoftValueHashMap$HardKey::equals (6 bytes)
Event: 105.776 Thread 0x00000183a090c460 nmethod 17707 0x000001838aeb4a10 code [0x000001838aeb4bc0, 0x000001838aeb4da8]
Event: 105.776 Thread 0x00000183a090c460 17708       3       com.intellij.util.containers.ConcurrentWeakKeySoftValueHashMap$WeakKey::equals (79 bytes)
Event: 105.777 Thread 0x00000183a090c460 nmethod 17708 0x000001838b16bc10 code [0x000001838b16be20, 0x000001838b16c728]
Event: 105.785 Thread 0x00000183a090a9b0 17709       4       java.lang.reflect.Constructor::newInstanceWithCaller (75 bytes)

GC Heap History (20 events):
Event: 94.496 GC heap before
{Heap before GC invocations=54 (full 0):
 garbage-first heap   total 188416K, used 156985K [0x0000000080000000, 0x0000000100000000)
  region size 1024K, 42 young (43008K), 6 survivors (6144K)
 Metaspace       used 124056K, committed 124992K, reserved 1163264K
  class space    used 16810K, committed 17280K, reserved 1048576K
}
Event: 94.519 GC heap after
{Heap after GC invocations=55 (full 0):
 garbage-first heap   total 188416K, used 124292K [0x0000000080000000, 0x0000000100000000)
  region size 1024K, 4 young (4096K), 4 survivors (4096K)
 Metaspace       used 124056K, committed 124992K, reserved 1163264K
  class space    used 16810K, committed 17280K, reserved 1048576K
}
Event: 95.750 GC heap before
{Heap before GC invocations=55 (full 0):
 garbage-first heap   total 188416K, used 158084K [0x0000000080000000, 0x0000000100000000)
  region size 1024K, 38 young (38912K), 4 survivors (4096K)
 Metaspace       used 126086K, committed 126976K, reserved 1163264K
  class space    used 17005K, committed 17472K, reserved 1048576K
}
Event: 95.807 GC heap after
{Heap after GC invocations=56 (full 0):
 garbage-first heap   total 188416K, used 131419K [0x0000000080000000, 0x0000000100000000)
  region size 1024K, 5 young (5120K), 5 survivors (5120K)
 Metaspace       used 126086K, committed 126976K, reserved 1163264K
  class space    used 17005K, committed 17472K, reserved 1048576K
}
Event: 97.715 GC heap before
{Heap before GC invocations=56 (full 0):
 garbage-first heap   total 188416K, used 157019K [0x0000000080000000, 0x0000000100000000)
  region size 1024K, 31 young (31744K), 5 survivors (5120K)
 Metaspace       used 128598K, committed 129536K, reserved 1163264K
  class space    used 17219K, committed 17664K, reserved 1048576K
}
Event: 97.739 GC heap after
{Heap after GC invocations=57 (full 0):
 garbage-first heap   total 188416K, used 134036K [0x0000000080000000, 0x0000000100000000)
  region size 1024K, 3 young (3072K), 3 survivors (3072K)
 Metaspace       used 128598K, committed 129536K, reserved 1163264K
  class space    used 17219K, committed 17664K, reserved 1048576K
}
Event: 99.290 GC heap before
{Heap before GC invocations=57 (full 0):
 garbage-first heap   total 188416K, used 158612K [0x0000000080000000, 0x0000000100000000)
  region size 1024K, 27 young (27648K), 3 survivors (3072K)
 Metaspace       used 130470K, committed 131392K, reserved 1163264K
  class space    used 17353K, committed 17792K, reserved 1048576K
}
Event: 99.302 GC heap after
{Heap after GC invocations=58 (full 0):
 garbage-first heap   total 188416K, used 135087K [0x0000000080000000, 0x0000000100000000)
  region size 1024K, 2 young (2048K), 2 survivors (2048K)
 Metaspace       used 130470K, committed 131392K, reserved 1163264K
  class space    used 17353K, committed 17792K, reserved 1048576K
}
Event: 100.743 GC heap before
{Heap before GC invocations=58 (full 0):
 garbage-first heap   total 188416K, used 159663K [0x0000000080000000, 0x0000000100000000)
  region size 1024K, 26 young (26624K), 2 survivors (2048K)
 Metaspace       used 132016K, committed 132992K, reserved 1171456K
  class space    used 17494K, committed 17984K, reserved 1048576K
}
Event: 100.752 GC heap after
{Heap after GC invocations=59 (full 0):
 garbage-first heap   total 188416K, used 138624K [0x0000000080000000, 0x0000000100000000)
  region size 1024K, 4 young (4096K), 4 survivors (4096K)
 Metaspace       used 132016K, committed 132992K, reserved 1171456K
  class space    used 17494K, committed 17984K, reserved 1048576K
}
Event: 102.202 GC heap before
{Heap before GC invocations=59 (full 0):
 garbage-first heap   total 188416K, used 159104K [0x0000000080000000, 0x0000000100000000)
  region size 1024K, 25 young (25600K), 4 survivors (4096K)
 Metaspace       used 136019K, committed 136960K, reserved 1171456K
  class space    used 17935K, committed 18368K, reserved 1048576K
}
Event: 102.215 GC heap after
{Heap after GC invocations=60 (full 0):
 garbage-first heap   total 188416K, used 137930K [0x0000000080000000, 0x0000000100000000)
  region size 1024K, 3 young (3072K), 3 survivors (3072K)
 Metaspace       used 136019K, committed 136960K, reserved 1171456K
  class space    used 17935K, committed 18368K, reserved 1048576K
}
Event: 103.497 GC heap before
{Heap before GC invocations=60 (full 0):
 garbage-first heap   total 188416K, used 158410K [0x0000000080000000, 0x0000000100000000)
  region size 1024K, 24 young (24576K), 3 survivors (3072K)
 Metaspace       used 137992K, committed 139008K, reserved 1171456K
  class space    used 18148K, committed 18624K, reserved 1048576K
}
Event: 103.515 GC heap after
{Heap after GC invocations=61 (full 0):
 garbage-first heap   total 188416K, used 138193K [0x0000000080000000, 0x0000000100000000)
  region size 1024K, 3 young (3072K), 3 survivors (3072K)
 Metaspace       used 137992K, committed 139008K, reserved 1171456K
  class space    used 18148K, committed 18624K, reserved 1048576K
}
Event: 104.443 GC heap before
{Heap before GC invocations=61 (full 0):
 garbage-first heap   total 188416K, used 159697K [0x0000000080000000, 0x0000000100000000)
  region size 1024K, 24 young (24576K), 3 survivors (3072K)
 Metaspace       used 140052K, committed 141056K, reserved 1179648K
  class space    used 18301K, committed 18752K, reserved 1048576K
}
Event: 104.454 GC heap after
{Heap after GC invocations=62 (full 0):
 garbage-first heap   total 188416K, used 139642K [0x0000000080000000, 0x0000000100000000)
  region size 1024K, 2 young (2048K), 2 survivors (2048K)
 Metaspace       used 140052K, committed 141056K, reserved 1179648K
  class space    used 18301K, committed 18752K, reserved 1048576K
}
Event: 105.002 GC heap before
{Heap before GC invocations=62 (full 0):
 garbage-first heap   total 188416K, used 145786K [0x0000000080000000, 0x0000000100000000)
  region size 1024K, 9 young (9216K), 2 survivors (2048K)
 Metaspace       used 140932K, committed 141888K, reserved 1179648K
  class space    used 18387K, committed 18816K, reserved 1048576K
}
Event: 105.011 GC heap after
{Heap after GC invocations=63 (full 0):
 garbage-first heap   total 188416K, used 140006K [0x0000000080000000, 0x0000000100000000)
  region size 1024K, 2 young (2048K), 2 survivors (2048K)
 Metaspace       used 140932K, committed 141888K, reserved 1179648K
  class space    used 18387K, committed 18816K, reserved 1048576K
}
Event: 105.430 GC heap before
{Heap before GC invocations=63 (full 0):
 garbage-first heap   total 188416K, used 156390K [0x0000000080000000, 0x0000000100000000)
  region size 1024K, 11 young (11264K), 2 survivors (2048K)
 Metaspace       used 141910K, committed 142848K, reserved 1179648K
  class space    used 18520K, committed 18944K, reserved 1048576K
}
Event: 105.447 GC heap after
{Heap after GC invocations=64 (full 0):
 garbage-first heap   total 188416K, used 150676K [0x0000000080000000, 0x0000000100000000)
  region size 1024K, 2 young (2048K), 2 survivors (2048K)
 Metaspace       used 141910K, committed 142848K, reserved 1179648K
  class space    used 18520K, committed 18944K, reserved 1048576K
}

Deoptimization events (20 events):
Event: 104.764 Thread 0x00000183a3319680 DEOPT PACKING pc=0x0000018392132d1c sp=0x0000007f691fdf90
Event: 104.764 Thread 0x00000183a3319680 DEOPT UNPACKING pc=0x000001838a5b239d sp=0x0000007f691fdfe0 mode 2
Event: 104.764 Thread 0x00000183a3319680 Uncommon trap: trap_request=0xffffffde fr.pc=0x0000018392132d1c relative=0x000000000000103c
Event: 104.764 Thread 0x00000183a3319680 Uncommon trap: reason=class_check action=maybe_recompile pc=0x0000018392132d1c method=java.util.zip.InflaterInputStream.read([BII)I @ 100 c2
Event: 104.764 Thread 0x00000183a3319680 DEOPT PACKING pc=0x0000018392132d1c sp=0x0000007f691fdf90
Event: 104.764 Thread 0x00000183a3319680 DEOPT UNPACKING pc=0x000001838a5b239d sp=0x0000007f691fdfe0 mode 2
Event: 104.764 Thread 0x00000183a3319680 Uncommon trap: trap_request=0xffffffde fr.pc=0x0000018392132d1c relative=0x000000000000103c
Event: 104.764 Thread 0x00000183a3319680 Uncommon trap: reason=class_check action=maybe_recompile pc=0x0000018392132d1c method=java.util.zip.InflaterInputStream.read([BII)I @ 100 c2
Event: 104.764 Thread 0x00000183a3319680 DEOPT PACKING pc=0x0000018392132d1c sp=0x0000007f691fdf90
Event: 104.764 Thread 0x00000183a3319680 DEOPT UNPACKING pc=0x000001838a5b239d sp=0x0000007f691fdfe0 mode 2
Event: 104.955 Thread 0x00000183a33191b0 DEOPT PACKING pc=0x000001838c2ca1cb sp=0x0000007f690fcae0
Event: 104.955 Thread 0x00000183a33191b0 DEOPT UNPACKING pc=0x000001838a5b2b24 sp=0x0000007f690fbf90 mode 0
Event: 105.423 Thread 0x00000183a33191b0 Uncommon trap: trap_request=0xffffff45 fr.pc=0x000001839214cb60 relative=0x00000000000000e0
Event: 105.423 Thread 0x00000183a33191b0 Uncommon trap: reason=unstable_if action=reinterpret pc=0x000001839214cb60 method=jdk.internal.misc.Unsafe.convEndian(ZS)S @ 4 c2
Event: 105.423 Thread 0x00000183a33191b0 DEOPT PACKING pc=0x000001839214cb60 sp=0x0000007f690fd8d0
Event: 105.423 Thread 0x00000183a33191b0 DEOPT UNPACKING pc=0x000001838a5b239d sp=0x0000007f690fd668 mode 2
Event: 105.423 Thread 0x00000183a33191b0 Uncommon trap: trap_request=0xffffff45 fr.pc=0x000001839231e078 relative=0x0000000000000078
Event: 105.423 Thread 0x00000183a33191b0 Uncommon trap: reason=unstable_if action=reinterpret pc=0x000001839231e078 method=jdk.internal.misc.Unsafe.convEndian(ZS)S @ 4 c2
Event: 105.423 Thread 0x00000183a33191b0 DEOPT PACKING pc=0x000001839231e078 sp=0x0000007f690fd740
Event: 105.423 Thread 0x00000183a33191b0 DEOPT UNPACKING pc=0x000001838a5b239d sp=0x0000007f690fd670 mode 2

Classes unloaded (0 events):
No events

Classes redefined (0 events):
No events

Internal exceptions (20 events):
Event: 95.268 Thread 0x00000183a3318ce0 Exception <a 'sun/nio/fs/WindowsException'{0x000000008a19f150}> (0x000000008a19f150) 
thrown [d:\a\1\s\lookaside\java-17-openjdk\src\hotspot\share\prims\jni.cpp, line 516]
Event: 95.269 Thread 0x00000183a3318ce0 Exception <a 'sun/nio/fs/WindowsException'{0x000000008a1a09f0}> (0x000000008a1a09f0) 
thrown [d:\a\1\s\lookaside\java-17-openjdk\src\hotspot\share\prims\jni.cpp, line 516]
Event: 95.275 Thread 0x00000183a3318ce0 Exception <a 'sun/nio/fs/WindowsException'{0x000000008a1a2228}> (0x000000008a1a2228) 
thrown [d:\a\1\s\lookaside\java-17-openjdk\src\hotspot\share\prims\jni.cpp, line 516]
Event: 95.277 Thread 0x00000183a3318ce0 Exception <a 'sun/nio/fs/WindowsException'{0x000000008a1a4058}> (0x000000008a1a4058) 
thrown [d:\a\1\s\lookaside\java-17-openjdk\src\hotspot\share\prims\jni.cpp, line 516]
Event: 95.278 Thread 0x00000183a3318ce0 Exception <a 'sun/nio/fs/WindowsException'{0x000000008a1a5220}> (0x000000008a1a5220) 
thrown [d:\a\1\s\lookaside\java-17-openjdk\src\hotspot\share\prims\jni.cpp, line 516]
Event: 95.279 Thread 0x00000183a3318ce0 Exception <a 'sun/nio/fs/WindowsException'{0x000000008a1a6080}> (0x000000008a1a6080) 
thrown [d:\a\1\s\lookaside\java-17-openjdk\src\hotspot\share\prims\jni.cpp, line 516]
Event: 95.279 Thread 0x00000183a3318ce0 Exception <a 'sun/nio/fs/WindowsException'{0x000000008a1a6fe0}> (0x000000008a1a6fe0) 
thrown [d:\a\1\s\lookaside\java-17-openjdk\src\hotspot\share\prims\jni.cpp, line 516]
Event: 95.280 Thread 0x00000183a3318ce0 Exception <a 'sun/nio/fs/WindowsException'{0x000000008a1a7fd0}> (0x000000008a1a7fd0) 
thrown [d:\a\1\s\lookaside\java-17-openjdk\src\hotspot\share\prims\jni.cpp, line 516]
Event: 95.280 Thread 0x00000183a3318ce0 Exception <a 'sun/nio/fs/WindowsException'{0x000000008a1a9098}> (0x000000008a1a9098) 
thrown [d:\a\1\s\lookaside\java-17-openjdk\src\hotspot\share\prims\jni.cpp, line 516]
Event: 95.291 Thread 0x00000183a3318ce0 Exception <a 'sun/nio/fs/WindowsException'{0x000000008a1b0368}> (0x000000008a1b0368) 
thrown [d:\a\1\s\lookaside\java-17-openjdk\src\hotspot\share\prims\jni.cpp, line 516]
Event: 95.295 Thread 0x00000183a3318ce0 Exception <a 'sun/nio/fs/WindowsException'{0x000000008a1c4180}> (0x000000008a1c4180) 
thrown [d:\a\1\s\lookaside\java-17-openjdk\src\hotspot\share\prims\jni.cpp, line 516]
Event: 95.405 Thread 0x00000183a3318ce0 Exception <a 'sun/nio/fs/WindowsException'{0x0000000089b2af38}> (0x0000000089b2af38) 
thrown [d:\a\1\s\lookaside\java-17-openjdk\src\hotspot\share\prims\jni.cpp, line 516]
Event: 96.873 Thread 0x00000183a3318ce0 Exception <a 'java/lang/NoSuchMethodError'{0x000000008abeec70}: 'java.lang.Object java.lang.invoke.Invokers$Holder.invokeExact_MT(java.lang.Object, java.lang.Object, long, java.lang.Object)'> (0x000000008abeec70) 
thrown [d:\a\1\s\lookaside\java-17-openjdk\src\hotspot\share\interpreter\linkResolver.cpp, line 766]
Event: 97.322 Thread 0x00000183a3318ce0 Exception <a 'java/lang/NoSuchMethodError'{0x000000008a625470}: 'int java.lang.invoke.DirectMethodHandle$Holder.invokeSpecial(java.lang.Object, java.lang.Object, int, int)'> (0x000000008a625470) 
thrown [d:\a\1\s\lookaside\java-17-openjdk\src\hotspot\share\interpreter\linkResolver.cpp, line 766]
Event: 98.140 Thread 0x00000183a3318ce0 Exception <a 'java/lang/NoSuchMethodError'{0x000000008b5da1e0}: 'java.lang.Object java.lang.invoke.DirectMethodHandle$Holder.invokeStaticInit(java.lang.Object, long)'> (0x000000008b5da1e0) 
thrown [d:\a\1\s\lookaside\java-17-openjdk\src\hotspot\share\interpreter\linkResolver.cpp, line 766]
Event: 98.587 Thread 0x00000183a3318ce0 Implicit null exception at 0x0000018392042974 to 0x0000018392043910
Event: 104.600 Thread 0x00000183a5134550 Exception <a 'java/lang/NoSuchMethodError'{0x000000008b78deb0}: static Lkotlin/InitializedLazyImpl;.<clinit>()V> (0x000000008b78deb0) 
thrown [d:\a\1\s\lookaside\java-17-openjdk\src\hotspot\share\prims\jni.cpp, line 1107]
Event: 104.818 Thread 0x00000183a3319680 Exception <a 'sun/nio/fs/WindowsException'{0x000000008b6c3468}> (0x000000008b6c3468) 
thrown [d:\a\1\s\lookaside\java-17-openjdk\src\hotspot\share\prims\jni.cpp, line 516]
Event: 104.819 Thread 0x00000183a3319680 Exception <a 'sun/nio/fs/WindowsException'{0x000000008b6c3858}> (0x000000008b6c3858) 
thrown [d:\a\1\s\lookaside\java-17-openjdk\src\hotspot\share\prims\jni.cpp, line 516]
Event: 105.272 Thread 0x00000183a33191b0 Exception <a 'sun/nio/fs/WindowsException'{0x000000008b47c6f0}> (0x000000008b47c6f0) 
thrown [d:\a\1\s\lookaside\java-17-openjdk\src\hotspot\share\prims\jni.cpp, line 516]

VM Operations (20 events):
Event: 101.658 Executing VM operation: HandshakeAllThreads done
Event: 102.171 Executing VM operation: ICBufferFull
Event: 102.171 Executing VM operation: ICBufferFull done
Event: 102.201 Executing VM operation: G1CollectForAllocation
Event: 102.238 Executing VM operation: G1CollectForAllocation done
Event: 103.254 Executing VM operation: Cleanup
Event: 103.274 Executing VM operation: Cleanup done
Event: 103.497 Executing VM operation: G1CollectForAllocation
Event: 103.515 Executing VM operation: G1CollectForAllocation done
Event: 104.443 Executing VM operation: G1CollectForAllocation
Event: 104.457 Executing VM operation: G1CollectForAllocation done
Event: 104.754 Executing VM operation: HandshakeAllThreads
Event: 104.754 Executing VM operation: HandshakeAllThreads done
Event: 105.001 Executing VM operation: G1TryInitiateConcMark
Event: 105.014 Executing VM operation: G1TryInitiateConcMark done
Event: 105.398 Executing VM operation: HandshakeAllThreads
Event: 105.417 Executing VM operation: HandshakeAllThreads done
Event: 105.430 Executing VM operation: G1TryInitiateConcMark
Event: 105.481 Executing VM operation: G1TryInitiateConcMark done
Event: 105.805 Executing VM operation: G1Concurrent

Events (20 events):
Event: 101.642 Thread 0x00000183a0910a10 flushing nmethod 0x000001838c4cf690
Event: 101.642 Thread 0x00000183a0910a10 flushing nmethod 0x000001838c4d2d10
Event: 101.642 Thread 0x00000183a0910a10 flushing nmethod 0x000001838c4d3490
Event: 101.642 Thread 0x00000183a0910a10 flushing nmethod 0x000001838c4d5590
Event: 101.643 Thread 0x00000183a0910a10 flushing nmethod 0x000001838c4f3490
Event: 101.643 Thread 0x00000183a0910a10 flushing nmethod 0x000001838c543690
Event: 101.643 Thread 0x00000183a0910a10 flushing nmethod 0x000001838c55b110
Event: 101.643 Thread 0x00000183a0910a10 flushing nmethod 0x000001838c570310
Event: 101.643 Thread 0x00000183a0910a10 flushing nmethod 0x000001838c57ab10
Event: 101.643 Thread 0x00000183a0910a10 flushing nmethod 0x000001838c588390
Event: 101.644 Thread 0x00000183a0910a10 flushing nmethod 0x000001838c604710
Event: 101.644 Thread 0x00000183a0910a10 flushing nmethod 0x000001838c70d390
Event: 101.645 Thread 0x00000183a0910a10 flushing nmethod 0x000001838c71e490
Event: 101.645 Thread 0x00000183a0910a10 flushing nmethod 0x000001838c78f510
Event: 101.645 Thread 0x00000183a0910a10 flushing nmethod 0x000001838c790490
Event: 104.756 loading class java/io/PushbackInputStream
Event: 104.758 loading class java/io/PushbackInputStream done
Event: 104.841 Thread 0x00000183a33191b0 Thread added: 0x00000183a33191b0
Event: 105.379 loading class java/nio/BufferUnderflowException
Event: 105.380 loading class java/nio/BufferUnderflowException done


Dynamic libraries:
0x00007ff697c80000 - 0x00007ff697ca1000 	D:\java\ojdkbuild\java-17-openjdk-17.0.3.0.6-1\bin\java.exe
0x00007ffbb09d0000 - 0x00007ffbb0be7000 	C:\Windows\SYSTEM32\ntdll.dll
0x00007ffbaf530000 - 0x00007ffbaf5f4000 	C:\Windows\System32\KERNEL32.DLL
0x00007ffbae0a0000 - 0x00007ffbae446000 	C:\Windows\System32\KERNELBASE.dll
0x00007ffbadf50000 - 0x00007ffbae061000 	C:\Windows\System32\ucrtbase.dll
0x00007ffb98430000 - 0x00007ffb98448000 	D:\java\ojdkbuild\java-17-openjdk-17.0.3.0.6-1\bin\jli.dll
0x00007ffbb0340000 - 0x00007ffbb04ee000 	C:\Windows\System32\USER32.dll
0x00007ffbae070000 - 0x00007ffbae096000 	C:\Windows\System32\win32u.dll
0x00007ffbae990000 - 0x00007ffbae9b9000 	C:\Windows\System32\GDI32.dll
0x00007ffbae450000 - 0x00007ffbae568000 	C:\Windows\System32\gdi32full.dll
0x00007ffbade80000 - 0x00007ffbadf1a000 	C:\Windows\System32\msvcp_win.dll
0x00007ffb90860000 - 0x00007ffb9087b000 	D:\java\ojdkbuild\java-17-openjdk-17.0.3.0.6-1\bin\VCRUNTIME140.dll
0x00007ffb91040000 - 0x00007ffb912d3000 	C:\Windows\WinSxS\amd64_microsoft.windows.common-controls_6595b64144ccf1df_6.0.22621.2506_none_270c5ae97388e100\COMCTL32.dll
0x00007ffbaf270000 - 0x00007ffbaf317000 	C:\Windows\System32\msvcrt.dll
0x00007ffbb0250000 - 0x00007ffbb0281000 	C:\Windows\System32\IMM32.DLL
0x00007ffb9aa70000 - 0x00007ffb9aa7c000 	D:\java\ojdkbuild\java-17-openjdk-17.0.3.0.6-1\bin\vcruntime140_1.dll
0x00007ffb6d930000 - 0x00007ffb6d9bd000 	D:\java\ojdkbuild\java-17-openjdk-17.0.3.0.6-1\bin\msvcp140.dll
0x00007ffb43940000 - 0x00007ffb4459f000 	D:\java\ojdkbuild\java-17-openjdk-17.0.3.0.6-1\bin\server\jvm.dll
0x00007ffbaf600000 - 0x00007ffbaf6b3000 	C:\Windows\System32\ADVAPI32.dll
0x00007ffbaf420000 - 0x00007ffbaf4c8000 	C:\Windows\System32\sechost.dll
0x00007ffbadf20000 - 0x00007ffbadf48000 	C:\Windows\System32\bcrypt.dll
0x00007ffbaea10000 - 0x00007ffbaeb27000 	C:\Windows\System32\RPCRT4.dll
0x00007ffbb0980000 - 0x00007ffbb0988000 	C:\Windows\System32\PSAPI.DLL
0x00007ffb92bb0000 - 0x00007ffb92bb9000 	C:\Windows\SYSTEM32\WSOCK32.dll
0x00007ffbb0290000 - 0x00007ffbb0301000 	C:\Windows\System32\WS2_32.dll
0x00007ffb9a840000 - 0x00007ffb9a874000 	C:\Windows\SYSTEM32\WINMM.dll
0x00007ffb9c050000 - 0x00007ffb9c05a000 	C:\Windows\SYSTEM32\VERSION.dll
0x00007ffbacda0000 - 0x00007ffbacdb8000 	C:\Windows\SYSTEM32\kernel.appcore.dll
0x00007ffb9aa00000 - 0x00007ffb9aa0a000 	D:\java\ojdkbuild\java-17-openjdk-17.0.3.0.6-1\bin\jimage.dll
0x00007ffbab7c0000 - 0x00007ffbab9f3000 	C:\Windows\SYSTEM32\DBGHELP.DLL
0x00007ffbaec10000 - 0x00007ffbaef99000 	C:\Windows\System32\combase.dll
0x00007ffbaeb30000 - 0x00007ffbaec07000 	C:\Windows\System32\OLEAUT32.dll
0x00007ffb98f10000 - 0x00007ffb98f42000 	C:\Windows\SYSTEM32\dbgcore.DLL
0x00007ffbae5e0000 - 0x00007ffbae65a000 	C:\Windows\System32\bcryptPrimitives.dll
0x00007ffb85860000 - 0x00007ffb85885000 	D:\java\ojdkbuild\java-17-openjdk-17.0.3.0.6-1\bin\java.dll
0x00007ffb4e340000 - 0x00007ffb4e417000 	D:\java\ojdkbuild\java-17-openjdk-17.0.3.0.6-1\bin\jsvml.dll
0x00007ffbaf990000 - 0x00007ffbb01eb000 	C:\Windows\System32\SHELL32.dll
0x00007ffbabc30000 - 0x00007ffbac526000 	C:\Windows\SYSTEM32\windows.storage.dll
0x00007ffbabaf0000 - 0x00007ffbabc2e000 	C:\Windows\SYSTEM32\wintypes.dll
0x00007ffbaf320000 - 0x00007ffbaf413000 	C:\Windows\System32\SHCORE.dll
0x00007ffbb01f0000 - 0x00007ffbb024e000 	C:\Windows\System32\shlwapi.dll
0x00007ffbadc40000 - 0x00007ffbadc66000 	C:\Windows\SYSTEM32\profapi.dll
0x00007ffb84bb0000 - 0x00007ffb84bc9000 	D:\java\ojdkbuild\java-17-openjdk-17.0.3.0.6-1\bin\net.dll
0x00007ffba4660000 - 0x00007ffba4797000 	C:\Windows\SYSTEM32\WINHTTP.dll
0x00007ffbad270000 - 0x00007ffbad2d9000 	C:\Windows\system32\mswsock.dll
0x00007ffb81ef0000 - 0x00007ffb81f06000 	D:\java\ojdkbuild\java-17-openjdk-17.0.3.0.6-1\bin\nio.dll
0x00007ffb81cc0000 - 0x00007ffb81cd8000 	D:\java\ojdkbuild\java-17-openjdk-17.0.3.0.6-1\bin\zip.dll
0x00007ffb98310000 - 0x00007ffb98320000 	D:\java\ojdkbuild\java-17-openjdk-17.0.3.0.6-1\bin\verify.dll
0x00007ffb7d930000 - 0x00007ffb7d957000 	C:\Users\11218\.gradle\native\68d5fa5c4cc2d200863cafc0d521ce42e7d3e7ee720ec0a83991735586a16f82\windows-amd64\native-platform.dll
0x00007ffb4e1f0000 - 0x00007ffb4e334000 	C:\Users\11218\.gradle\native\e376f236ea51e6404a007f0833ffe2c6e607c4080706a723a18a27aeea778392\windows-amd64\native-platform-file-events.dll
0x00007ffb96120000 - 0x00007ffb96129000 	D:\java\ojdkbuild\java-17-openjdk-17.0.3.0.6-1\bin\management.dll
0x00007ffb903d0000 - 0x00007ffb903db000 	D:\java\ojdkbuild\java-17-openjdk-17.0.3.0.6-1\bin\management_ext.dll
0x00007ffbad5c0000 - 0x00007ffbad5db000 	C:\Windows\SYSTEM32\CRYPTSP.dll
0x00007ffbacd60000 - 0x00007ffbacd95000 	C:\Windows\system32\rsaenh.dll
0x00007ffbad310000 - 0x00007ffbad33c000 	C:\Windows\SYSTEM32\USERENV.dll
0x00007ffbad5a0000 - 0x00007ffbad5ac000 	C:\Windows\SYSTEM32\CRYPTBASE.dll
0x00007ffbac890000 - 0x00007ffbac8bd000 	C:\Windows\SYSTEM32\IPHLPAPI.DLL
0x00007ffbaefa0000 - 0x00007ffbaefa9000 	C:\Windows\System32\NSI.dll
0x00007ffba5150000 - 0x00007ffba5169000 	C:\Windows\SYSTEM32\dhcpcsvc6.DLL
0x00007ffba4640000 - 0x00007ffba465f000 	C:\Windows\SYSTEM32\dhcpcsvc.DLL
0x00007ffbac8c0000 - 0x00007ffbac9b9000 	C:\Windows\SYSTEM32\DNSAPI.dll
0x00007ffb902e0000 - 0x00007ffb902ed000 	D:\java\ojdkbuild\java-17-openjdk-17.0.3.0.6-1\bin\sunmscapi.dll
0x00007ffbadd10000 - 0x00007ffbade76000 	C:\Windows\System32\CRYPT32.dll
0x00007ffbad6d0000 - 0x00007ffbad6fe000 	C:\Windows\SYSTEM32\ncrypt.dll
0x00007ffbad690000 - 0x00007ffbad6c7000 	C:\Windows\SYSTEM32\NTASN1.dll
0x00007ffb9aa80000 - 0x00007ffb9aa88000 	C:\Windows\system32\wshunix.dll
0x00007ffb90f50000 - 0x00007ffb90f67000 	C:\Windows\system32\napinsp.dll
0x00007ffb90f30000 - 0x00007ffb90f4b000 	C:\Windows\system32\pnrpnsp.dll
0x00007ffb90f10000 - 0x00007ffb90f21000 	C:\Windows\System32\winrnr.dll
0x00007ffb9e1a0000 - 0x00007ffb9e1b5000 	C:\Windows\system32\wshbth.dll
0x00007ffb8dca0000 - 0x00007ffb8dcc1000 	C:\Windows\system32\nlansp_c.dll
0x00007ffb9b080000 - 0x00007ffb9b08a000 	C:\Windows\System32\rasadhlp.dll
0x00007ffb9bf40000 - 0x00007ffb9bfc3000 	C:\Windows\System32\fwpuclnt.dll

dbghelp: loaded successfully - version: 4.0.5 - missing functions: none
symbol engine: initialized successfully - sym options: 0x614 - pdb path: .;D:\java\ojdkbuild\java-17-openjdk-17.0.3.0.6-1\bin;C:\Windows\SYSTEM32;C:\Windows\WinSxS\amd64_microsoft.windows.common-controls_6595b64144ccf1df_6.0.22621.2506_none_270c5ae97388e100;D:\java\ojdkbuild\java-17-openjdk-17.0.3.0.6-1\bin\server;C:\Users\11218\.gradle\native\68d5fa5c4cc2d200863cafc0d521ce42e7d3e7ee720ec0a83991735586a16f82\windows-amd64;C:\Users\11218\.gradle\native\e376f236ea51e6404a007f0833ffe2c6e607c4080706a723a18a27aeea778392\windows-amd64

VM Arguments:
jvm_args: --add-opens=java.base/java.util=ALL-UNNAMED --add-opens=java.base/java.lang=ALL-UNNAMED --add-opens=java.base/java.lang.invoke=ALL-UNNAMED --add-opens=java.prefs/java.util.prefs=ALL-UNNAMED --add-opens=java.base/java.nio.charset=ALL-UNNAMED --add-opens=java.base/java.net=ALL-UNNAMED --add-opens=java.base/java.util.concurrent.atomic=ALL-UNNAMED -Xmx2048m -Dfile.encoding=UTF-8 -Duser.country=CN -Duser.language=zh -Duser.variant 
java_command: org.gradle.launcher.daemon.bootstrap.GradleDaemon 8.0
java_class_path (initial): C:\Users\11218\.gradle\wrapper\dists\gradle-8.0-all\a2o1xoguejy6msdh0lk99lxza\gradle-8.0\lib\gradle-launcher-8.0.jar
Launcher Type: SUN_STANDARD

[Global flags]
     intx CICompilerCount                          = 2                                         {product} {ergonomic}
     uint ConcGCThreads                            = 1                                         {product} {ergonomic}
     uint G1ConcRefinementThreads                  = 2                                         {product} {ergonomic}
   size_t G1HeapRegionSize                         = 1048576                                   {product} {ergonomic}
    uintx GCDrainStackTargetSize                   = 64                                        {product} {ergonomic}
   size_t InitialHeapSize                          = 132120576                                 {product} {ergonomic}
   size_t MarkStackSize                            = 4194304                                   {product} {ergonomic}
   size_t MaxHeapSize                              = 2147483648                                {product} {command line}
   size_t MaxNewSize                               = 1287651328                                {product} {ergonomic}
   size_t MinHeapDeltaBytes                        = 1048576                                   {product} {ergonomic}
   size_t MinHeapSize                              = 8388608                                   {product} {ergonomic}
    uintx NonNMethodCodeHeapSize                   = 5826188                                {pd product} {ergonomic}
    uintx NonProfiledCodeHeapSize                  = 122916026                              {pd product} {ergonomic}
    uintx ProfiledCodeHeapSize                     = 122916026                              {pd product} {ergonomic}
    uintx ReservedCodeCacheSize                    = 251658240                              {pd product} {ergonomic}
     bool SegmentedCodeCache                       = true                                      {product} {ergonomic}
   size_t SoftMaxHeapSize                          = 2147483648                             {manageable} {ergonomic}
     bool UseCompressedClassPointers               = true                           {product lp64_product} {ergonomic}
     bool UseCompressedOops                        = true                           {product lp64_product} {ergonomic}
     bool UseG1GC                                  = true                                      {product} {ergonomic}
     bool UseLargePagesIndividualAllocation        = false                                  {pd product} {ergonomic}

Logging:
Log output configuration:
 #0: stdout all=warning uptime,level,tags
 #1: stderr all=off uptime,level,tags

Environment Variables:
JAVA_HOME=D:\java\ojdkbuild\java-17-openjdk-17.0.3.0.6-1
CLASSPATH=D:\androidLearning\AndroidStudioProjects\serviceTest1\\gradle\wrapper\gradle-wrapper.jar
PATH=C:\Users\11218\miniconda3\condabin;C:\Windows\system32;C:\Windows;C:\Windows\System32\Wbem;C:\Windows\System32\WindowsPowerShell\v1.0\;C:\Windows\System32\OpenSSH\;D:\powershell\powershell7;d:\python3.11;C:\Program Files\WinRAR;C:\Program Files\Microsoft Office\root\Office16;C:\Program Files\PuTTY\;C:\Users\11218\AppData\Local\Microsoft\WindowsApps;C:\Program Files\dotnet\;D:\mytools\MinGit-2.11.1.mingit.prerelease.4-64-bit\cmd;D:\mytools\MinGit-2.11.1.mingit.prerelease.4-64-bit\usr\bin;D:\mytools\WiresharkPortable64\App\Wireshark;D:\MYTOOLS\SPSS1\JRE\bin;D:\myPython\goods;D:\mytools\SPSS1;C:\Users\11218\AppData\Roaming\nvda\addons\NVBox\globalPlugins\nvbox\adb;d:\java\ojdkbuild\java-17-openjdk-17.0.3.0.6-1.jre\bin;C:\Program Files\Docker\Docker\resources\bin;d:\java\ojdkbuild\java-17-openjdk-17.0.3.0.6-1\bin;D:\androidLearning\gradle\gradle-8.0\bin;D:\java\ojdkbuild\java-17-openjdk-17.0.3.0.6-1\bin;D:/java/ojdkbuild/java-17-openjdk-17.0.3.0.6-1.jre\bin;D:/java/ojdkbuild/java-17-openjdk-17.0.3.0.6-1.jre\bin\server;D:\ANDROIDLEARNING\REVERSE;C:\Users\11218\AppData\Local\Programs\Python\Python311;D:\myPython\NVSrC;C:\Users\11218\.gradle\wrapper\dists\gradle-8.0-all\a2o1xoguejy6msdh0lk99lxza\gradle-8.0\bin;D:\androidLearning\REVERSE\jadx\bin;C:\Program Files\Cloudflare\Cloudflare WARP\;D:\mypython\nvsrc\py-3-11-32\Scripts\;D:\mypython\nvsrc\py-3-11-32\;C:\Users\11218\AppData\Local\Programs\Python\Python311\;C:\Users\11218\miniconda3;C:\Users\11218\miniconda3\Library\mingw-w64\bin;C:\Users\11218\miniconda3\Library\usr\bin;C:\Users\11218\miniconda3\Library\bin;C:\Users\11218\miniconda3\Scripts;C:\Users\11218\scoop\shims;C:\Users\11218\AppData\Local\Microsoft\WindowsApps;C:\Users\11218\AppData\Local\Programs\Microsoft VS Code\bin;D:\myPython\goods;C:\Users\11218\AppData\Local\Microsoft\WinGet\Links;C:\Users\11218\.dotnet\tools
USERNAME=Stranger
OS=Windows_NT
PROCESSOR_IDENTIFIER=Intel64 Family 6 Model 122 Stepping 8, GenuineIntel



---------------  S Y S T E M  ---------------

OS:
 Windows 11 , 64 bit Build 22621 (10.0.22621.3085)
OS uptime: 6 days 1:49 hours
Hyper-V role detected

CPU: total 2 (initial active 2) (2 cores per cpu, 1 threads per core) family 6 model 122 stepping 8 microcode 0x1a, cx8, cmov, fxsr, mmx, 3dnowpref, sse, sse2, sse3, ssse3, sse4.1, sse4.2, popcnt, tsc, tscinvbit, aes, erms, clmul, sha, clflush, clflushopt, hv

Memory: 4k page, system-wide physical 7995M (654M free)
TotalPageFile size 16265M (AvailPageFile size 66M)
current process WorkingSet (physical memory assigned to process): 513M, peak: 517M
current process commit charge ("private bytes"): 567M, peak: 653M

vm_info: OpenJDK 64-Bit Server VM (17.0.3+6-LTS) for windows-amd64 JRE (17.0.3+6-LTS), built on May  3 2022 21:26:56 by "" with MS VC++ 16.10 / 16.11 (VS2019)

END.
