#
# There is insufficient memory for the Java Runtime Environment to continue.
# Native memory allocation (mmap) failed to map 232783872 bytes for G1 virtual space
# Possible reasons:
#   The system is out of physical RAM or swap space
#   The process is running with CompressedOops enabled, and the Java Heap may be blocking the growth of the native heap
# Possible solutions:
#   Reduce memory load on the system
#   Increase physical memory or swap space
#   Check if swap backing store is full
#   Decrease Java heap size (-Xmx/-Xms)
#   Decrease number of Java threads
#   Decrease Java thread stack sizes (-Xss)
#   Set larger code cache with -XX:ReservedCodeCacheSize=
#   JVM is running with Unscaled Compressed Oops mode in which the Java heap is
#     placed in the first 4GB address space. The Java Heap base address is the
#     maximum limit for the native heap growth. Please use -XX:HeapBaseMinAddress
#     to set the Java Heap base and to place the Java Heap above 4GB virtual address.
# This output file may be truncated or incomplete.
#
#  Out of Memory Error (os_windows.cpp:3535), pid=13512, tid=30264
#
# JRE version: OpenJDK Runtime Environment 21.9 (17.0.3+6) (build 17.0.3+6-LTS)
# Java VM: OpenJDK 64-Bit Server VM 21.9 (17.0.3+6-LTS, mixed mode, sharing, tiered, compressed oops, compressed class ptrs, g1 gc, windows-amd64)
# No core dump will be written. Minidumps are not enabled by default on client versions of Windows
#

---------------  S U M M A R Y ------------

Command Line: --add-opens=java.base/java.util=ALL-UNNAMED --add-opens=java.base/java.lang=ALL-UNNAMED --add-opens=java.base/java.lang.invoke=ALL-UNNAMED --add-opens=java.prefs/java.util.prefs=ALL-UNNAMED --add-opens=java.base/java.nio.charset=ALL-UNNAMED --add-opens=java.base/java.net=ALL-UNNAMED --add-opens=java.base/java.util.concurrent.atomic=ALL-UNNAMED -Xmx2048m -Dfile.encoding=UTF-8 -Duser.country=CN -Duser.language=zh -Duser.variant org.gradle.launcher.daemon.bootstrap.GradleDaemon 8.0

Host: Intel(R) Celeron(R) N4020 CPU @ 1.10GHz, 2 cores, 7G,  Windows 11 , 64 bit Build 22621 (10.0.22621.3085)
Time: Mon Mar 18 00:06:50 2024  Windows 11 , 64 bit Build 22621 (10.0.22621.3085) elapsed time: 542.029653 seconds (0d 0h 9m 2s)

---------------  T H R E A D  ---------------

Current thread (0x00000147bf527450):  VMThread "VM Thread" [stack: 0x0000002441b00000,0x0000002441c00000] [id=30264]

Stack: [0x0000002441b00000,0x0000002441c00000]
Native frames: (J=compiled Java code, j=interpreted, Vv=VM code, C=native code)
V  [jvm.dll+0x67720a]
V  [jvm.dll+0x832514]
V  [jvm.dll+0x833cbe]
V  [jvm.dll+0x834323]
V  [jvm.dll+0x245815]
V  [jvm.dll+0x674129]
V  [jvm.dll+0x668a62]
V  [jvm.dll+0x30469b]
V  [jvm.dll+0x30bba6]
V  [jvm.dll+0x35ba0e]
V  [jvm.dll+0x35bc3f]
V  [jvm.dll+0x2db5a8]
V  [jvm.dll+0x2d9874]
V  [jvm.dll+0x2d8e7c]
V  [jvm.dll+0x31cc5b]
V  [jvm.dll+0x8387fb]
V  [jvm.dll+0x839534]
V  [jvm.dll+0x839a4d]
V  [jvm.dll+0x839e24]
V  [jvm.dll+0x839ef0]
V  [jvm.dll+0x7e230a]
V  [jvm.dll+0x676095]
C  [ucrtbase.dll+0x29363]
C  [KERNEL32.DLL+0x1257d]
C  [ntdll.dll+0x5aa58]

VM_Operation (0x00000024467fdfd0): G1CollectForAllocation, mode: safepoint, requested by thread 0x00000147cb5679f0


---------------  P R O C E S S  ---------------

Threads class SMR info:
_java_thread_list=0x00000147c90d77e0, length=75, elements={
0x00000147a1ed4060, 0x00000147bf52b7e0, 0x00000147bf52c650, 0x00000147bf543750,
0x00000147bf545380, 0x00000147bf545f30, 0x00000147bf549090, 0x00000147bf54b240,
0x00000147bf54f940, 0x00000147bf56d5e0, 0x00000147c00bae30, 0x00000147c00bd310,
0x00000147c151c860, 0x00000147c1fc31d0, 0x00000147c13ec480, 0x00000147c0341da0,
0x00000147c26cf010, 0x00000147c0343bb0, 0x00000147c1831010, 0x00000147c1bcc010,
0x00000147c0f14570, 0x00000147c0f14f10, 0x00000147c0f153e0, 0x00000147c0f158b0,
0x00000147c0f13230, 0x00000147c0f140a0, 0x00000147c0f13700, 0x00000147c0f16bf0,
0x00000147c0f16720, 0x00000147c0f16250, 0x00000147c0f13bd0, 0x00000147c0f14a40,
0x00000147c2416920, 0x00000147c2417c60, 0x00000147c2419e10, 0x00000147c2416df0,
0x00000147c2418130, 0x00000147c2418ad0, 0x00000147c3a1bbb0, 0x00000147c3a19060,
0x00000147c3a1c550, 0x00000147c3a1b6e0, 0x00000147c3a1c080, 0x00000147c3a1ca20,
0x00000147c3a19ed0, 0x00000147c3a1ad40, 0x00000147c3a19a00, 0x00000147c3a1a3a0,
0x00000147c3a1a870, 0x00000147c3a1b210, 0x00000147c01e1920, 0x00000147c01e4470,
0x00000147c01e3600, 0x00000147c01e4940, 0x00000147c01e0ab0, 0x00000147c01e0f80,
0x00000147c01e22c0, 0x00000147c01e1df0, 0x00000147c01e05e0, 0x00000147c01e1450,
0x00000147c01e5c80, 0x00000147c01e6150, 0x00000147c01e6620, 0x00000147c01e57b0,
0x00000147c22b8a40, 0x00000147c01e6fc0, 0x00000147c22b7bd0, 0x00000147c8d8d250,
0x00000147c8d8d720, 0x00000147c01e2c60, 0x00000147cb568860, 0x00000147cf556730,
0x00000147cf557a70, 0x00000147cf554580, 0x00000147cb5679f0
}

Java Threads: ( => current thread )
  0x00000147a1ed4060 JavaThread "main" [_thread_blocked, id=29428, stack(0x0000002441500000,0x0000002441600000)]
  0x00000147bf52b7e0 JavaThread "Reference Handler" daemon [_thread_blocked, id=30676, stack(0x0000002441c00000,0x0000002441d00000)]
  0x00000147bf52c650 JavaThread "Finalizer" daemon [_thread_blocked, id=21508, stack(0x0000002441d00000,0x0000002441e00000)]
  0x00000147bf543750 JavaThread "Signal Dispatcher" daemon [_thread_blocked, id=3012, stack(0x0000002441e00000,0x0000002441f00000)]
  0x00000147bf545380 JavaThread "Attach Listener" daemon [_thread_blocked, id=26264, stack(0x0000002441f00000,0x0000002442000000)]
  0x00000147bf545f30 JavaThread "Service Thread" daemon [_thread_blocked, id=20944, stack(0x0000002442000000,0x0000002442100000)]
  0x00000147bf549090 JavaThread "Monitor Deflation Thread" daemon [_thread_blocked, id=20228, stack(0x0000002442100000,0x0000002442200000)]
  0x00000147bf54b240 JavaThread "C2 CompilerThread0" daemon [_thread_blocked, id=1672, stack(0x0000002442200000,0x0000002442300000)]
  0x00000147bf54f940 JavaThread "C1 CompilerThread0" daemon [_thread_blocked, id=27728, stack(0x0000002442300000,0x0000002442400000)]
  0x00000147bf56d5e0 JavaThread "Sweeper thread" daemon [_thread_blocked, id=21620, stack(0x0000002442400000,0x0000002442500000)]
  0x00000147c00bae30 JavaThread "Common-Cleaner" daemon [_thread_blocked, id=23820, stack(0x0000002442500000,0x0000002442600000)]
  0x00000147c00bd310 JavaThread "Notification Thread" daemon [_thread_blocked, id=27804, stack(0x0000002442600000,0x0000002442700000)]
  0x00000147c151c860 JavaThread "Daemon health stats" [_thread_blocked, id=31256, stack(0x0000002442900000,0x0000002442a00000)]
  0x00000147c1fc31d0 JavaThread "Incoming local TCP Connector on port 55665" [_thread_in_native, id=7524, stack(0x0000002442a00000,0x0000002442b00000)]
  0x00000147c13ec480 JavaThread "Daemon periodic checks" [_thread_blocked, id=16980, stack(0x0000002442b00000,0x0000002442c00000)]
  0x00000147c0341da0 JavaThread "Daemon" [_thread_blocked, id=24056, stack(0x0000002442c00000,0x0000002442d00000)]
  0x00000147c26cf010 JavaThread "Handler for socket connection from /127.0.0.1:55665 to /127.0.0.1:55666" [_thread_in_native, id=30072, stack(0x0000002442d00000,0x0000002442e00000)]
  0x00000147c0343bb0 JavaThread "Cancel handler" [_thread_blocked, id=27844, stack(0x0000002442e00000,0x0000002442f00000)]
  0x00000147c1831010 JavaThread "Daemon worker" [_thread_blocked, id=3812, stack(0x0000002442f00000,0x0000002443000000)]
  0x00000147c1bcc010 JavaThread "Asynchronous log dispatcher for DefaultDaemonConnection: socket connection from /127.0.0.1:55665 to /127.0.0.1:55666" [_thread_blocked, id=29760, stack(0x0000002443000000,0x0000002443100000)]
  0x00000147c0f14570 JavaThread "Stdin handler" [_thread_blocked, id=11532, stack(0x0000002443100000,0x0000002443200000)]
  0x00000147c0f14f10 JavaThread "Daemon client event forwarder" [_thread_blocked, id=14752, stack(0x0000002443200000,0x0000002443300000)]
  0x00000147c0f153e0 JavaThread "Cache worker for journal cache (C:\Users\11218\.gradle\caches\journal-1)" [_thread_blocked, id=1316, stack(0x0000002443300000,0x0000002443400000)]
  0x00000147c0f158b0 JavaThread "File lock request listener" [_thread_in_native, id=17196, stack(0x0000002443400000,0x0000002443500000)]
  0x00000147c0f13230 JavaThread "Cache worker for file hash cache (C:\Users\11218\.gradle\caches\8.0\fileHashes)" [_thread_blocked, id=18504, stack(0x0000002443500000,0x0000002443600000)]
  0x00000147c0f140a0 JavaThread "File watcher server" daemon [_thread_blocked, id=13976, stack(0x0000002443800000,0x0000002443900000)]
  0x00000147c0f13700 JavaThread "File watcher consumer" daemon [_thread_blocked, id=7972, stack(0x0000002443900000,0x0000002443a00000)]
  0x00000147c0f16bf0 JavaThread "Cache worker for checksums cache (D:\androidLearning\AndroidStudioProjects\serviceTest1\.gradle\8.0\checksums)" [_thread_blocked, id=8708, stack(0x0000002443a00000,0x0000002443b00000)]
  0x00000147c0f16720 JavaThread "Cache worker for cache directory md-rule (C:\Users\11218\.gradle\caches\8.0\md-rule)" [_thread_blocked, id=25492, stack(0x0000002443b00000,0x0000002443c00000)]
  0x00000147c0f16250 JavaThread "Cache worker for file content cache (C:\Users\11218\.gradle\caches\8.0\fileContent)" [_thread_blocked, id=16532, stack(0x0000002443c00000,0x0000002443d00000)]
  0x00000147c0f13bd0 JavaThread "Cache worker for file hash cache (D:\androidLearning\AndroidStudioProjects\serviceTest1\.gradle\8.0\fileHashes)" [_thread_blocked, id=9832, stack(0x0000002443d00000,0x0000002443e00000)]
  0x00000147c0f14a40 JavaThread "Cache worker for cache directory md-supplier (C:\Users\11218\.gradle\caches\8.0\md-supplier)" [_thread_blocked, id=17812, stack(0x0000002443e00000,0x0000002443f00000)]
  0x00000147c2416920 JavaThread "Cache worker for execution history cache (C:\Users\11218\.gradle\caches\8.0\executionHistory)" [_thread_blocked, id=26236, stack(0x0000002444000000,0x0000002444100000)]
  0x00000147c2417c60 JavaThread "jar transforms" [_thread_blocked, id=4188, stack(0x0000002444100000,0x0000002444200000)]
  0x00000147c2419e10 JavaThread "jar transforms Thread 2" [_thread_blocked, id=18816, stack(0x0000002444200000,0x0000002444300000)]
  0x00000147c2416df0 JavaThread "Cache worker for kotlin-dsl (C:\Users\11218\.gradle\caches\8.0\kotlin-dsl)" [_thread_blocked, id=19108, stack(0x0000002444300000,0x0000002444400000)]
  0x00000147c2418130 JavaThread "Cache worker for dependencies-accessors (D:\androidLearning\AndroidStudioProjects\serviceTest1\.gradle\8.0\dependencies-accessors)" [_thread_blocked, id=22176, stack(0x0000002444400000,0x0000002444500000)]
  0x00000147c2418ad0 JavaThread "Cache worker for Build Output Cleanup Cache (D:\androidLearning\AndroidStudioProjects\serviceTest1\.gradle\buildOutputCleanup)" [_thread_blocked, id=27968, stack(0x0000002444500000,0x0000002444600000)]
  0x00000147c3a1bbb0 JavaThread "Unconstrained build operations" [_thread_blocked, id=24068, stack(0x0000002444600000,0x0000002444700000)]
  0x00000147c3a19060 JavaThread "Unconstrained build operations Thread 2" [_thread_blocked, id=23180, stack(0x0000002444700000,0x0000002444800000)]
  0x00000147c3a1c550 JavaThread "Unconstrained build operations Thread 3" [_thread_blocked, id=31840, stack(0x0000002444800000,0x0000002444900000)]
  0x00000147c3a1b6e0 JavaThread "Unconstrained build operations Thread 4" [_thread_blocked, id=28452, stack(0x0000002444900000,0x0000002444a00000)]
  0x00000147c3a1c080 JavaThread "Unconstrained build operations Thread 5" [_thread_blocked, id=19992, stack(0x0000002444a00000,0x0000002444b00000)]
  0x00000147c3a1ca20 JavaThread "Unconstrained build operations Thread 6" [_thread_blocked, id=28320, stack(0x0000002444b00000,0x0000002444c00000)]
  0x00000147c3a19ed0 JavaThread "Unconstrained build operations Thread 7" [_thread_blocked, id=31868, stack(0x0000002444c00000,0x0000002444d00000)]
  0x00000147c3a1ad40 JavaThread "Unconstrained build operations Thread 8" [_thread_blocked, id=31320, stack(0x0000002444d00000,0x0000002444e00000)]
  0x00000147c3a19a00 JavaThread "Unconstrained build operations Thread 9" [_thread_blocked, id=18512, stack(0x0000002444e00000,0x0000002444f00000)]
  0x00000147c3a1a3a0 JavaThread "Unconstrained build operations Thread 10" [_thread_blocked, id=8848, stack(0x0000002444f00000,0x0000002445000000)]
  0x00000147c3a1a870 JavaThread "Unconstrained build operations Thread 11" [_thread_blocked, id=11340, stack(0x0000002445000000,0x0000002445100000)]
  0x00000147c3a1b210 JavaThread "Unconstrained build operations Thread 12" [_thread_blocked, id=27908, stack(0x0000002445100000,0x0000002445200000)]
  0x00000147c01e1920 JavaThread "Unconstrained build operations Thread 13" [_thread_blocked, id=7744, stack(0x0000002445200000,0x0000002445300000)]
  0x00000147c01e4470 JavaThread "Unconstrained build operations Thread 14" [_thread_blocked, id=32080, stack(0x0000002445300000,0x0000002445400000)]
  0x00000147c01e3600 JavaThread "Unconstrained build operations Thread 15" [_thread_blocked, id=26536, stack(0x0000002445400000,0x0000002445500000)]
  0x00000147c01e4940 JavaThread "Unconstrained build operations Thread 16" [_thread_blocked, id=3040, stack(0x0000002445500000,0x0000002445600000)]
  0x00000147c01e0ab0 JavaThread "Unconstrained build operations Thread 17" [_thread_blocked, id=23020, stack(0x0000002445600000,0x0000002445700000)]
  0x00000147c01e0f80 JavaThread "Unconstrained build operations Thread 18" [_thread_blocked, id=2944, stack(0x0000002445700000,0x0000002445800000)]
  0x00000147c01e22c0 JavaThread "Unconstrained build operations Thread 19" [_thread_blocked, id=14724, stack(0x0000002445800000,0x0000002445900000)]
  0x00000147c01e1df0 JavaThread "Unconstrained build operations Thread 20" [_thread_blocked, id=3912, stack(0x0000002445900000,0x0000002445a00000)]
  0x00000147c01e05e0 JavaThread "Memory manager" [_thread_blocked, id=31636, stack(0x0000002445a00000,0x0000002445b00000)]
  0x00000147c01e1450 JavaThread "build event listener" [_thread_blocked, id=6412, stack(0x0000002441300000,0x0000002441400000)]
  0x00000147c01e5c80 JavaThread "build event listener" [_thread_blocked, id=11732, stack(0x0000002441400000,0x0000002441500000)]
  0x00000147c01e6150 JavaThread "included builds" [_thread_blocked, id=32332, stack(0x0000002445b00000,0x0000002445c00000)]
  0x00000147c01e6620 JavaThread "Execution worker" [_thread_blocked, id=1428, stack(0x0000002445c00000,0x0000002445d00000)]
  0x00000147c01e57b0 JavaThread "Cache worker for execution history cache (D:\androidLearning\AndroidStudioProjects\serviceTest1\.gradle\8.0\executionHistory)" [_thread_blocked, id=23620, stack(0x0000002445d00000,0x0000002445e00000)]
  0x00000147c22b8a40 JavaThread "WorkerExecutor Queue Thread 2" [_thread_blocked, id=24020, stack(0x0000002443700000,0x0000002443800000)]
  0x00000147c01e6fc0 JavaThread "WorkerExecutor Queue Thread 3" [_thread_blocked, id=2116, stack(0x0000002446200000,0x0000002446300000)]
  0x00000147c22b7bd0 JavaThread "RMI Scheduler(0)" daemon [_thread_blocked, id=13708, stack(0x0000002443600000,0x0000002443700000)]
  0x00000147c8d8d250 JavaThread "RMI GC Daemon" daemon [_thread_blocked, id=24920, stack(0x0000002446400000,0x0000002446500000)]
  0x00000147c8d8d720 JavaThread "RMI TCP Accept-0" daemon [_thread_in_native, id=28756, stack(0x0000002446500000,0x0000002446600000)]
  0x00000147c01e2c60 JavaThread "RMI Reaper" [_thread_blocked, id=28776, stack(0x0000002446600000,0x0000002446700000)]
  0x00000147cb568860 JavaThread "Cache worker for Java compile cache (C:\Users\11218\.gradle\caches\8.0\javaCompile)" [_thread_blocked, id=28500, stack(0x0000002446000000,0x0000002446100000)]
  0x00000147cf556730 JavaThread "Build operations" [_thread_blocked, id=28964, stack(0x0000002445f00000,0x0000002446000000)]
  0x00000147cf557a70 JavaThread "Build operations Thread 2" [_thread_blocked, id=22872, stack(0x0000002446100000,0x0000002446200000)]
  0x00000147cf554580 JavaThread "ForkJoinPool-1-worker-1" daemon [_thread_blocked, id=28768, stack(0x0000002446300000,0x0000002446400000)]
  0x00000147cb5679f0 JavaThread "ForkJoinPool-1-worker-2" daemon [_thread_blocked, id=28160, stack(0x0000002446700000,0x0000002446800000)]

Other Threads:
=>0x00000147bf527450 VMThread "VM Thread" [stack: 0x0000002441b00000,0x0000002441c00000] [id=30264]
  0x00000147c00bf7f0 WatcherThread [stack: 0x0000002442700000,0x0000002442800000] [id=9496]
  0x00000147a1f2e2e0 GCTaskThread "GC Thread#0" [stack: 0x0000002441600000,0x0000002441700000] [id=16624]
  0x00000147c0199820 GCTaskThread "GC Thread#1" [stack: 0x0000002442800000,0x0000002442900000] [id=8332]
  0x00000147a1f40230 ConcurrentGCThread "G1 Main Marker" [stack: 0x0000002441700000,0x0000002441800000] [id=25136]
  0x00000147a1f413e0 ConcurrentGCThread "G1 Conc#0" [stack: 0x0000002441800000,0x0000002441900000] [id=30952]
  0x00000147a1f9e410 ConcurrentGCThread "G1 Refine#0" [stack: 0x0000002441900000,0x0000002441a00000] [id=28616]
  0x00000147c20d9f70 ConcurrentGCThread "G1 Refine#1" [stack: 0x0000002443f00000,0x0000002444000000] [id=26028]
  0x00000147bf3e20a0 ConcurrentGCThread "G1 Service" [stack: 0x0000002441a00000,0x0000002441b00000] [id=27548]

Threads with active compile tasks:
C2 CompilerThread0   542095 28634       4       com.android.tools.r8.dex.B::a (1021 bytes)

VM state: at safepoint (normal execution)

VM Mutex/Monitor currently owned by a thread:  ([mutex/lock_event])
[0x00000147a1ed10e0] Threads_lock - owner thread: 0x00000147bf527450
[0x00000147a1ed0090] Heap_lock - owner thread: 0x00000147cb5679f0

Heap address: 0x0000000080000000, size: 2048 MB, Compressed Oops mode: 32-bit

CDS archive(s) mapped at: [0x0000000800000000-0x0000000800bc0000-0x0000000800bc0000), size 12320768, SharedBaseAddress: 0x0000000800000000, ArchiveRelocationMode: 0.
Compressed class space mapped at: 0x0000000800c00000-0x0000000840c00000, reserved size: 1073741824
Narrow klass base: 0x0000000800000000, Narrow klass shift: 0, Narrow klass range: 0x100000000

GC Precious Log:
 CPUs: 2 total, 2 available
 Memory: 7995M
 Large Page Support: Disabled
 NUMA Support: Disabled
 Compressed Oops: Enabled (32-bit)
 Heap Region Size: 1M
 Heap Min Capacity: 8M
 Heap Initial Capacity: 126M
 Heap Max Capacity: 2G
 Pre-touch: Disabled
 Parallel Workers: 2
 Concurrent Workers: 1
 Concurrent Refinement Workers: 2
 Periodic GC: Disabled

Heap:
 garbage-first heap   total 311296K, used 238592K [0x0000000080000000, 0x0000000100000000)
  region size 1024K, 5 young (5120K), 5 survivors (5120K)
 Metaspace       used 142728K, committed 143616K, reserved 1179648K
  class space    used 18249K, committed 18688K, reserved 1048576K

Heap Regions: E=young(eden), S=young(survivor), O=old, HS=humongous(starts), HC=humongous(continues), CS=collection set, F=free, OA=open archive, CA=closed archive, TAMS=top-at-mark-start (previous, next)
|   0|0x0000000080000000, 0x0000000080100000, 0x0000000080100000|100%| O|  |TAMS 0x0000000080100000, 0x0000000080000000| Untracked 
|   1|0x0000000080100000, 0x0000000080200000, 0x0000000080200000|100%| O|  |TAMS 0x0000000080200000, 0x0000000080100000| Untracked 
|   2|0x0000000080200000, 0x0000000080300000, 0x0000000080300000|100%| O|  |TAMS 0x0000000080300000, 0x0000000080200000| Untracked 
|   3|0x0000000080300000, 0x0000000080400000, 0x0000000080400000|100%|HS|  |TAMS 0x0000000080400000, 0x0000000080300000| Complete 
|   4|0x0000000080400000, 0x0000000080500000, 0x0000000080500000|100%|HC|  |TAMS 0x0000000080500000, 0x0000000080400000| Complete 
|   5|0x0000000080500000, 0x0000000080600000, 0x0000000080600000|100%|HC|  |TAMS 0x0000000080600000, 0x0000000080500000| Complete 
|   6|0x0000000080600000, 0x0000000080700000, 0x0000000080700000|100%|HC|  |TAMS 0x0000000080700000, 0x0000000080600000| Complete 
|   7|0x0000000080700000, 0x0000000080800000, 0x0000000080800000|100%| O|  |TAMS 0x0000000080800000, 0x0000000080700000| Untracked 
|   8|0x0000000080800000, 0x0000000080900000, 0x0000000080900000|100%| O|  |TAMS 0x0000000080900000, 0x0000000080800000| Untracked 
|   9|0x0000000080900000, 0x0000000080a00000, 0x0000000080a00000|100%| O|  |TAMS 0x0000000080a00000, 0x0000000080900000| Untracked 
|  10|0x0000000080a00000, 0x0000000080b00000, 0x0000000080b00000|100%| O|  |TAMS 0x0000000080b00000, 0x0000000080a00000| Untracked 
|  11|0x0000000080b00000, 0x0000000080c00000, 0x0000000080c00000|100%| O|  |TAMS 0x0000000080c00000, 0x0000000080b00000| Untracked 
|  12|0x0000000080c00000, 0x0000000080d00000, 0x0000000080d00000|100%| O|  |TAMS 0x0000000080d00000, 0x0000000080c00000| Untracked 
|  13|0x0000000080d00000, 0x0000000080e00000, 0x0000000080e00000|100%| O|  |TAMS 0x0000000080e00000, 0x0000000080d00000| Untracked 
|  14|0x0000000080e00000, 0x0000000080f00000, 0x0000000080f00000|100%| O|  |TAMS 0x0000000080f00000, 0x0000000080e00000| Untracked 
|  15|0x0000000080f00000, 0x0000000081000000, 0x0000000081000000|100%| O|  |TAMS 0x0000000081000000, 0x0000000080f00000| Untracked 
|  16|0x0000000081000000, 0x0000000081100000, 0x0000000081100000|100%| O|  |TAMS 0x0000000081100000, 0x0000000081000000| Untracked 
|  17|0x0000000081100000, 0x0000000081200000, 0x0000000081200000|100%| O|  |TAMS 0x0000000081200000, 0x0000000081100000| Untracked 
|  18|0x0000000081200000, 0x0000000081300000, 0x0000000081300000|100%| O|  |TAMS 0x0000000081300000, 0x0000000081200000| Untracked 
|  19|0x0000000081300000, 0x0000000081400000, 0x0000000081400000|100%| O|  |TAMS 0x0000000081400000, 0x0000000081300000| Untracked 
|  20|0x0000000081400000, 0x0000000081500000, 0x0000000081500000|100%| O|  |TAMS 0x0000000081500000, 0x0000000081400000| Untracked 
|  21|0x0000000081500000, 0x0000000081600000, 0x0000000081600000|100%| O|  |TAMS 0x0000000081600000, 0x0000000081500000| Untracked 
|  22|0x0000000081600000, 0x0000000081700000, 0x0000000081700000|100%| O|  |TAMS 0x0000000081700000, 0x0000000081600000| Untracked 
|  23|0x0000000081700000, 0x0000000081800000, 0x0000000081800000|100%| O|  |TAMS 0x0000000081800000, 0x0000000081700000| Untracked 
|  24|0x0000000081800000, 0x0000000081900000, 0x0000000081900000|100%| O|  |TAMS 0x0000000081900000, 0x0000000081800000| Untracked 
|  25|0x0000000081900000, 0x0000000081a00000, 0x0000000081a00000|100%| O|  |TAMS 0x0000000081a00000, 0x0000000081900000| Untracked 
|  26|0x0000000081a00000, 0x0000000081b00000, 0x0000000081b00000|100%| O|  |TAMS 0x0000000081b00000, 0x0000000081a00000| Untracked 
|  27|0x0000000081b00000, 0x0000000081c00000, 0x0000000081c00000|100%| O|  |TAMS 0x0000000081c00000, 0x0000000081b00000| Untracked 
|  28|0x0000000081c00000, 0x0000000081d00000, 0x0000000081d00000|100%| O|  |TAMS 0x0000000081d00000, 0x0000000081c00000| Untracked 
|  29|0x0000000081d00000, 0x0000000081e00000, 0x0000000081e00000|100%| O|  |TAMS 0x0000000081e00000, 0x0000000081d00000| Untracked 
|  30|0x0000000081e00000, 0x0000000081f00000, 0x0000000081f00000|100%|HS|  |TAMS 0x0000000081f00000, 0x0000000081e00000| Complete 
|  31|0x0000000081f00000, 0x0000000082000000, 0x0000000082000000|100%| O|  |TAMS 0x0000000082000000, 0x0000000081f00000| Untracked 
|  32|0x0000000082000000, 0x0000000082100000, 0x0000000082100000|100%| O|  |TAMS 0x0000000082100000, 0x0000000082000000| Untracked 
|  33|0x0000000082100000, 0x0000000082200000, 0x0000000082200000|100%| O|  |TAMS 0x0000000082200000, 0x0000000082100000| Untracked 
|  34|0x0000000082200000, 0x0000000082300000, 0x0000000082300000|100%| O|  |TAMS 0x0000000082300000, 0x0000000082200000| Untracked 
|  35|0x0000000082300000, 0x0000000082400000, 0x0000000082400000|100%| O|  |TAMS 0x0000000082400000, 0x0000000082300000| Untracked 
|  36|0x0000000082400000, 0x0000000082500000, 0x0000000082500000|100%| O|  |TAMS 0x0000000082500000, 0x0000000082400000| Untracked 
|  37|0x0000000082500000, 0x0000000082600000, 0x0000000082600000|100%| O|  |TAMS 0x0000000082600000, 0x0000000082500000| Untracked 
|  38|0x0000000082600000, 0x0000000082700000, 0x0000000082700000|100%|HS|  |TAMS 0x0000000082700000, 0x0000000082600000| Complete 
|  39|0x0000000082700000, 0x0000000082800000, 0x0000000082800000|100%|HS|  |TAMS 0x0000000082800000, 0x0000000082700000| Complete 
|  40|0x0000000082800000, 0x0000000082900000, 0x0000000082900000|100%|HC|  |TAMS 0x0000000082900000, 0x0000000082800000| Complete 
|  41|0x0000000082900000, 0x0000000082a00000, 0x0000000082a00000|100%| O|  |TAMS 0x0000000082a00000, 0x0000000082900000| Untracked 
|  42|0x0000000082a00000, 0x0000000082b00000, 0x0000000082b00000|100%| O|  |TAMS 0x0000000082b00000, 0x0000000082a00000| Untracked 
|  43|0x0000000082b00000, 0x0000000082c00000, 0x0000000082c00000|100%|HS|  |TAMS 0x0000000082c00000, 0x0000000082b00000| Complete 
|  44|0x0000000082c00000, 0x0000000082d00000, 0x0000000082d00000|100%|HS|  |TAMS 0x0000000082d00000, 0x0000000082c00000| Complete 
|  45|0x0000000082d00000, 0x0000000082e00000, 0x0000000082e00000|100%|HC|  |TAMS 0x0000000082e00000, 0x0000000082d00000| Complete 
|  46|0x0000000082e00000, 0x0000000082f00000, 0x0000000082f00000|100%|HC|  |TAMS 0x0000000082f00000, 0x0000000082e00000| Complete 
|  47|0x0000000082f00000, 0x0000000083000000, 0x0000000083000000|100%|HC|  |TAMS 0x0000000083000000, 0x0000000082f00000| Complete 
|  48|0x0000000083000000, 0x0000000083100000, 0x0000000083100000|100%| O|  |TAMS 0x0000000083100000, 0x0000000083000000| Untracked 
|  49|0x0000000083100000, 0x0000000083200000, 0x0000000083200000|100%| O|  |TAMS 0x0000000083200000, 0x0000000083100000| Untracked 
|  50|0x0000000083200000, 0x0000000083300000, 0x0000000083300000|100%| O|  |TAMS 0x0000000083300000, 0x0000000083200000| Untracked 
|  51|0x0000000083300000, 0x0000000083400000, 0x0000000083400000|100%| O|  |TAMS 0x0000000083400000, 0x0000000083300000| Untracked 
|  52|0x0000000083400000, 0x0000000083500000, 0x0000000083500000|100%| O|  |TAMS 0x0000000083500000, 0x0000000083400000| Untracked 
|  53|0x0000000083500000, 0x0000000083600000, 0x0000000083600000|100%| O|  |TAMS 0x0000000083600000, 0x0000000083500000| Untracked 
|  54|0x0000000083600000, 0x0000000083700000, 0x0000000083700000|100%| O|  |TAMS 0x0000000083700000, 0x0000000083600000| Untracked 
|  55|0x0000000083700000, 0x0000000083800000, 0x0000000083800000|100%| O|  |TAMS 0x0000000083800000, 0x0000000083700000| Untracked 
|  56|0x0000000083800000, 0x0000000083900000, 0x0000000083900000|100%| O|  |TAMS 0x0000000083900000, 0x0000000083800000| Untracked 
|  57|0x0000000083900000, 0x0000000083a00000, 0x0000000083a00000|100%| O|  |TAMS 0x0000000083a00000, 0x0000000083900000| Untracked 
|  58|0x0000000083a00000, 0x0000000083b00000, 0x0000000083b00000|100%| O|  |TAMS 0x0000000083b00000, 0x0000000083a00000| Untracked 
|  59|0x0000000083b00000, 0x0000000083c00000, 0x0000000083c00000|100%| O|  |TAMS 0x0000000083c00000, 0x0000000083b00000| Untracked 
|  60|0x0000000083c00000, 0x0000000083d00000, 0x0000000083d00000|100%| O|  |TAMS 0x0000000083d00000, 0x0000000083c00000| Untracked 
|  61|0x0000000083d00000, 0x0000000083e00000, 0x0000000083e00000|100%| O|  |TAMS 0x0000000083e00000, 0x0000000083d00000| Untracked 
|  62|0x0000000083e00000, 0x0000000083f00000, 0x0000000083f00000|100%| O|  |TAMS 0x0000000083f00000, 0x0000000083e00000| Untracked 
|  63|0x0000000083f00000, 0x0000000084000000, 0x0000000084000000|100%| O|  |TAMS 0x0000000084000000, 0x0000000083f00000| Untracked 
|  64|0x0000000084000000, 0x0000000084100000, 0x0000000084100000|100%| O|  |TAMS 0x0000000084100000, 0x0000000084000000| Untracked 
|  65|0x0000000084100000, 0x0000000084200000, 0x0000000084200000|100%| O|  |TAMS 0x0000000084200000, 0x0000000084100000| Untracked 
|  66|0x0000000084200000, 0x0000000084300000, 0x0000000084300000|100%| O|  |TAMS 0x0000000084300000, 0x0000000084200000| Untracked 
|  67|0x0000000084300000, 0x0000000084400000, 0x0000000084400000|100%| O|  |TAMS 0x0000000084400000, 0x0000000084300000| Untracked 
|  68|0x0000000084400000, 0x0000000084500000, 0x0000000084500000|100%| O|  |TAMS 0x0000000084500000, 0x0000000084400000| Untracked 
|  69|0x0000000084500000, 0x0000000084600000, 0x0000000084600000|100%| O|  |TAMS 0x0000000084600000, 0x0000000084500000| Untracked 
|  70|0x0000000084600000, 0x0000000084700000, 0x0000000084700000|100%| O|  |TAMS 0x0000000084700000, 0x0000000084600000| Untracked 
|  71|0x0000000084700000, 0x0000000084800000, 0x0000000084800000|100%| O|  |TAMS 0x0000000084800000, 0x0000000084700000| Untracked 
|  72|0x0000000084800000, 0x0000000084900000, 0x0000000084900000|100%| O|  |TAMS 0x0000000084900000, 0x0000000084800000| Untracked 
|  73|0x0000000084900000, 0x0000000084a00000, 0x0000000084a00000|100%| O|  |TAMS 0x0000000084a00000, 0x0000000084900000| Untracked 
|  74|0x0000000084a00000, 0x0000000084b00000, 0x0000000084b00000|100%| O|  |TAMS 0x0000000084b00000, 0x0000000084a00000| Untracked 
|  75|0x0000000084b00000, 0x0000000084c00000, 0x0000000084c00000|100%| O|  |TAMS 0x0000000084c00000, 0x0000000084b00000| Untracked 
|  76|0x0000000084c00000, 0x0000000084d00000, 0x0000000084d00000|100%| O|  |TAMS 0x0000000084d00000, 0x0000000084c00000| Untracked 
|  77|0x0000000084d00000, 0x0000000084e00000, 0x0000000084e00000|100%| O|  |TAMS 0x0000000084e00000, 0x0000000084d00000| Untracked 
|  78|0x0000000084e00000, 0x0000000084f00000, 0x0000000084f00000|100%| O|  |TAMS 0x0000000084f00000, 0x0000000084e00000| Untracked 
|  79|0x0000000084f00000, 0x0000000085000000, 0x0000000085000000|100%| O|  |TAMS 0x0000000085000000, 0x0000000084f00000| Untracked 
|  80|0x0000000085000000, 0x0000000085100000, 0x0000000085100000|100%| O|  |TAMS 0x0000000085100000, 0x0000000085000000| Untracked 
|  81|0x0000000085100000, 0x0000000085200000, 0x0000000085200000|100%| O|  |TAMS 0x0000000085200000, 0x0000000085100000| Untracked 
|  82|0x0000000085200000, 0x0000000085300000, 0x0000000085300000|100%| O|  |TAMS 0x0000000085300000, 0x0000000085200000| Untracked 
|  83|0x0000000085300000, 0x0000000085400000, 0x0000000085400000|100%| O|  |TAMS 0x0000000085400000, 0x0000000085300000| Untracked 
|  84|0x0000000085400000, 0x0000000085500000, 0x0000000085500000|100%| O|  |TAMS 0x0000000085500000, 0x0000000085400000| Untracked 
|  85|0x0000000085500000, 0x0000000085600000, 0x0000000085600000|100%| O|  |TAMS 0x0000000085600000, 0x0000000085500000| Untracked 
|  86|0x0000000085600000, 0x0000000085700000, 0x0000000085700000|100%| O|  |TAMS 0x0000000085700000, 0x0000000085600000| Untracked 
|  87|0x0000000085700000, 0x0000000085800000, 0x0000000085800000|100%| O|  |TAMS 0x0000000085800000, 0x0000000085700000| Untracked 
|  88|0x0000000085800000, 0x0000000085900000, 0x0000000085900000|100%| O|  |TAMS 0x0000000085900000, 0x0000000085800000| Untracked 
|  89|0x0000000085900000, 0x0000000085a00000, 0x0000000085a00000|100%| O|  |TAMS 0x0000000085900000, 0x0000000085900000| Untracked 
|  90|0x0000000085a00000, 0x0000000085b00000, 0x0000000085b00000|100%| O|  |TAMS 0x0000000085b00000, 0x0000000085a00000| Untracked 
|  91|0x0000000085b00000, 0x0000000085c00000, 0x0000000085c00000|100%| O|  |TAMS 0x0000000085c00000, 0x0000000085b00000| Untracked 
|  92|0x0000000085c00000, 0x0000000085d00000, 0x0000000085d00000|100%| O|  |TAMS 0x0000000085d00000, 0x0000000085c00000| Untracked 
|  93|0x0000000085d00000, 0x0000000085e00000, 0x0000000085e00000|100%| O|  |TAMS 0x0000000085e00000, 0x0000000085d00000| Untracked 
|  94|0x0000000085e00000, 0x0000000085f00000, 0x0000000085f00000|100%| O|  |TAMS 0x0000000085f00000, 0x0000000085e00000| Untracked 
|  95|0x0000000085f00000, 0x0000000086000000, 0x0000000086000000|100%| O|  |TAMS 0x0000000086000000, 0x0000000085f00000| Untracked 
|  96|0x0000000086000000, 0x0000000086100000, 0x0000000086100000|100%| O|  |TAMS 0x0000000086100000, 0x0000000086000000| Untracked 
|  97|0x0000000086100000, 0x0000000086200000, 0x0000000086200000|100%| O|  |TAMS 0x0000000086200000, 0x0000000086100000| Untracked 
|  98|0x0000000086200000, 0x0000000086300000, 0x0000000086300000|100%| O|  |TAMS 0x0000000086300000, 0x0000000086200000| Untracked 
|  99|0x0000000086300000, 0x0000000086400000, 0x0000000086400000|100%| O|  |TAMS 0x0000000086400000, 0x0000000086300000| Untracked 
| 100|0x0000000086400000, 0x0000000086500000, 0x0000000086500000|100%| O|  |TAMS 0x0000000086500000, 0x0000000086400000| Untracked 
| 101|0x0000000086500000, 0x0000000086600000, 0x0000000086600000|100%| O|  |TAMS 0x0000000086600000, 0x0000000086500000| Untracked 
| 102|0x0000000086600000, 0x0000000086700000, 0x0000000086700000|100%| O|  |TAMS 0x0000000086700000, 0x0000000086600000| Untracked 
| 103|0x0000000086700000, 0x0000000086800000, 0x0000000086800000|100%| O|  |TAMS 0x00000000867a1a00, 0x0000000086700000| Untracked 
| 104|0x0000000086800000, 0x0000000086900000, 0x0000000086900000|100%| O|  |TAMS 0x0000000086900000, 0x0000000086800000| Untracked 
| 105|0x0000000086900000, 0x0000000086a00000, 0x0000000086a00000|100%| O|  |TAMS 0x0000000086a00000, 0x0000000086900000| Untracked 
| 106|0x0000000086a00000, 0x0000000086b00000, 0x0000000086b00000|100%| O|  |TAMS 0x0000000086b00000, 0x0000000086a00000| Untracked 
| 107|0x0000000086b00000, 0x0000000086c00000, 0x0000000086c00000|100%| O|  |TAMS 0x0000000086c00000, 0x0000000086b00000| Untracked 
| 108|0x0000000086c00000, 0x0000000086d00000, 0x0000000086d00000|100%| O|  |TAMS 0x0000000086d00000, 0x0000000086c00000| Untracked 
| 109|0x0000000086d00000, 0x0000000086e00000, 0x0000000086e00000|100%| O|  |TAMS 0x0000000086e00000, 0x0000000086d00000| Untracked 
| 110|0x0000000086e00000, 0x0000000086f00000, 0x0000000086f00000|100%| O|  |TAMS 0x0000000086e00000, 0x0000000086e00000| Untracked 
| 111|0x0000000086f00000, 0x0000000087000000, 0x0000000087000000|100%| O|  |TAMS 0x0000000087000000, 0x0000000086f00000| Untracked 
| 112|0x0000000087000000, 0x0000000087100000, 0x0000000087100000|100%| O|  |TAMS 0x0000000087100000, 0x0000000087000000| Untracked 
| 113|0x0000000087100000, 0x0000000087200000, 0x0000000087200000|100%| O|  |TAMS 0x0000000087200000, 0x0000000087100000| Untracked 
| 114|0x0000000087200000, 0x0000000087300000, 0x0000000087300000|100%| O|  |TAMS 0x0000000087300000, 0x0000000087200000| Untracked 
| 115|0x0000000087300000, 0x0000000087400000, 0x0000000087400000|100%| O|  |TAMS 0x0000000087400000, 0x0000000087300000| Untracked 
| 116|0x0000000087400000, 0x0000000087500000, 0x0000000087500000|100%| O|  |TAMS 0x0000000087500000, 0x0000000087400000| Untracked 
| 117|0x0000000087500000, 0x0000000087600000, 0x0000000087600000|100%| O|  |TAMS 0x0000000087600000, 0x0000000087500000| Untracked 
| 118|0x0000000087600000, 0x0000000087700000, 0x0000000087700000|100%| O|  |TAMS 0x0000000087700000, 0x0000000087600000| Untracked 
| 119|0x0000000087700000, 0x0000000087800000, 0x0000000087800000|100%| O|  |TAMS 0x0000000087800000, 0x0000000087700000| Untracked 
| 120|0x0000000087800000, 0x0000000087900000, 0x0000000087900000|100%|HS|  |TAMS 0x0000000087900000, 0x0000000087800000| Complete 
| 121|0x0000000087900000, 0x0000000087a00000, 0x0000000087a00000|100%|HC|  |TAMS 0x0000000087a00000, 0x0000000087900000| Complete 
| 122|0x0000000087a00000, 0x0000000087b00000, 0x0000000087b00000|100%| O|  |TAMS 0x0000000087b00000, 0x0000000087a00000| Untracked 
| 123|0x0000000087b00000, 0x0000000087c00000, 0x0000000087c00000|100%| O|  |TAMS 0x0000000087c00000, 0x0000000087b00000| Untracked 
| 124|0x0000000087c00000, 0x0000000087d00000, 0x0000000087d00000|100%| O|  |TAMS 0x0000000087c00000, 0x0000000087c00000| Untracked 
| 125|0x0000000087d00000, 0x0000000087e00000, 0x0000000087e00000|100%| O|  |TAMS 0x0000000087e00000, 0x0000000087d00000| Untracked 
| 126|0x0000000087e00000, 0x0000000087f00000, 0x0000000087f00000|100%|HS|  |TAMS 0x0000000087f00000, 0x0000000087e00000| Complete 
| 127|0x0000000087f00000, 0x0000000088000000, 0x0000000088000000|100%|HS|  |TAMS 0x0000000088000000, 0x0000000087f00000| Complete 
| 128|0x0000000088000000, 0x0000000088100000, 0x0000000088100000|100%|HS|  |TAMS 0x0000000088100000, 0x0000000088000000| Complete 
| 129|0x0000000088100000, 0x0000000088200000, 0x0000000088200000|100%|HC|  |TAMS 0x0000000088200000, 0x0000000088100000| Complete 
| 130|0x0000000088200000, 0x0000000088300000, 0x0000000088300000|100%| O|  |TAMS 0x0000000088200000, 0x0000000088200000| Untracked 
| 131|0x0000000088300000, 0x0000000088400000, 0x0000000088400000|100%| O|  |TAMS 0x0000000088300000, 0x0000000088300000| Untracked 
| 132|0x0000000088400000, 0x0000000088500000, 0x0000000088500000|100%| O|  |TAMS 0x0000000088500000, 0x0000000088400000| Untracked 
| 133|0x0000000088500000, 0x0000000088600000, 0x0000000088600000|100%| O|  |TAMS 0x0000000088500000, 0x0000000088500000| Untracked 
| 134|0x0000000088600000, 0x0000000088700000, 0x0000000088700000|100%| O|  |TAMS 0x0000000088600000, 0x0000000088600000| Untracked 
| 135|0x0000000088700000, 0x0000000088800000, 0x0000000088800000|100%| O|  |TAMS 0x0000000088700000, 0x0000000088700000| Untracked 
| 136|0x0000000088800000, 0x0000000088900000, 0x0000000088900000|100%| O|  |TAMS 0x0000000088800000, 0x0000000088800000| Untracked 
| 137|0x0000000088900000, 0x0000000088a00000, 0x0000000088a00000|100%| O|  |TAMS 0x0000000088900000, 0x0000000088900000| Untracked 
| 138|0x0000000088a00000, 0x0000000088b00000, 0x0000000088b00000|100%| O|  |TAMS 0x0000000088b00000, 0x0000000088a00000| Untracked 
| 139|0x0000000088b00000, 0x0000000088c00000, 0x0000000088c00000|100%| O|  |TAMS 0x0000000088b00000, 0x0000000088b00000| Untracked 
| 140|0x0000000088c00000, 0x0000000088d00000, 0x0000000088d00000|100%| O|  |TAMS 0x0000000088d00000, 0x0000000088c00000| Untracked 
| 141|0x0000000088d00000, 0x0000000088e00000, 0x0000000088e00000|100%|HS|  |TAMS 0x0000000088d00000, 0x0000000088d00000| Complete 
| 142|0x0000000088e00000, 0x0000000088f00000, 0x0000000088f00000|100%|HC|  |TAMS 0x0000000088e00000, 0x0000000088e00000| Complete 
| 143|0x0000000088f00000, 0x0000000089000000, 0x0000000089000000|100%|HS|  |TAMS 0x0000000088f00000, 0x0000000088f00000| Complete 
| 144|0x0000000089000000, 0x0000000089100000, 0x0000000089100000|100%|HC|  |TAMS 0x0000000089000000, 0x0000000089000000| Complete 
| 145|0x0000000089100000, 0x0000000089200000, 0x0000000089200000|100%|HC|  |TAMS 0x0000000089100000, 0x0000000089100000| Complete 
| 146|0x0000000089200000, 0x0000000089300000, 0x0000000089300000|100%| O|  |TAMS 0x0000000089300000, 0x0000000089200000| Untracked 
| 147|0x0000000089300000, 0x0000000089400000, 0x0000000089400000|100%| O|  |TAMS 0x0000000089300000, 0x0000000089300000| Untracked 
| 148|0x0000000089400000, 0x0000000089500000, 0x0000000089500000|100%| O|  |TAMS 0x0000000089400000, 0x0000000089400000| Untracked 
| 149|0x0000000089500000, 0x0000000089600000, 0x0000000089600000|100%|HS|  |TAMS 0x0000000089500000, 0x0000000089500000| Complete 
| 150|0x0000000089600000, 0x0000000089700000, 0x0000000089700000|100%|HC|  |TAMS 0x0000000089600000, 0x0000000089600000| Complete 
| 151|0x0000000089700000, 0x0000000089800000, 0x0000000089800000|100%| O|  |TAMS 0x0000000089700000, 0x0000000089700000| Untracked 
| 152|0x0000000089800000, 0x0000000089900000, 0x0000000089900000|100%|HS|  |TAMS 0x0000000089800000, 0x0000000089800000| Complete 
| 153|0x0000000089900000, 0x0000000089a00000, 0x0000000089a00000|100%| O|  |TAMS 0x0000000089900000, 0x0000000089900000| Untracked 
| 154|0x0000000089a00000, 0x0000000089b00000, 0x0000000089b00000|100%|HS|  |TAMS 0x0000000089a00000, 0x0000000089a00000| Complete 
| 155|0x0000000089b00000, 0x0000000089c00000, 0x0000000089c00000|100%| O|  |TAMS 0x0000000089b00000, 0x0000000089b00000| Untracked 
| 156|0x0000000089c00000, 0x0000000089d00000, 0x0000000089d00000|100%| O|  |TAMS 0x0000000089c00000, 0x0000000089c00000| Untracked 
| 157|0x0000000089d00000, 0x0000000089e00000, 0x0000000089e00000|100%| O|  |TAMS 0x0000000089d00000, 0x0000000089d00000| Untracked 
| 158|0x0000000089e00000, 0x0000000089f00000, 0x0000000089f00000|100%|HS|  |TAMS 0x0000000089e00000, 0x0000000089e00000| Complete 
| 159|0x0000000089f00000, 0x000000008a000000, 0x000000008a000000|100%|HC|  |TAMS 0x0000000089f00000, 0x0000000089f00000| Complete 
| 160|0x000000008a000000, 0x000000008a100000, 0x000000008a100000|100%| O|  |TAMS 0x000000008a000000, 0x000000008a000000| Untracked 
| 161|0x000000008a100000, 0x000000008a200000, 0x000000008a200000|100%| O|  |TAMS 0x000000008a100000, 0x000000008a100000| Untracked 
| 162|0x000000008a200000, 0x000000008a300000, 0x000000008a300000|100%| O|  |TAMS 0x000000008a200000, 0x000000008a200000| Untracked 
| 163|0x000000008a300000, 0x000000008a400000, 0x000000008a400000|100%|HS|  |TAMS 0x000000008a300000, 0x000000008a300000| Complete 
| 164|0x000000008a400000, 0x000000008a500000, 0x000000008a500000|100%|HC|  |TAMS 0x000000008a400000, 0x000000008a400000| Complete 
| 165|0x000000008a500000, 0x000000008a600000, 0x000000008a600000|100%| O|  |TAMS 0x000000008a500000, 0x000000008a500000| Untracked 
| 166|0x000000008a600000, 0x000000008a700000, 0x000000008a700000|100%|HS|  |TAMS 0x000000008a600000, 0x000000008a600000| Complete 
| 167|0x000000008a700000, 0x000000008a800000, 0x000000008a800000|100%|HC|  |TAMS 0x000000008a700000, 0x000000008a700000| Complete 
| 168|0x000000008a800000, 0x000000008a900000, 0x000000008a900000|100%| O|  |TAMS 0x000000008a800000, 0x000000008a800000| Untracked 
| 169|0x000000008a900000, 0x000000008aa00000, 0x000000008aa00000|100%| O|  |TAMS 0x000000008a900000, 0x000000008a900000| Untracked 
| 170|0x000000008aa00000, 0x000000008ab00000, 0x000000008ab00000|100%| O|  |TAMS 0x000000008aa00000, 0x000000008aa00000| Untracked 
| 171|0x000000008ab00000, 0x000000008ac00000, 0x000000008ac00000|100%|HS|  |TAMS 0x000000008ab00000, 0x000000008ab00000| Complete 
| 172|0x000000008ac00000, 0x000000008ad00000, 0x000000008ad00000|100%|HC|  |TAMS 0x000000008ac00000, 0x000000008ac00000| Complete 
| 173|0x000000008ad00000, 0x000000008ae00000, 0x000000008ae00000|100%|HC|  |TAMS 0x000000008ad00000, 0x000000008ad00000| Complete 
| 174|0x000000008ae00000, 0x000000008af00000, 0x000000008af00000|100%|HS|  |TAMS 0x000000008ae00000, 0x000000008ae00000| Complete 
| 175|0x000000008af00000, 0x000000008b000000, 0x000000008b000000|100%|HS|  |TAMS 0x000000008af00000, 0x000000008af00000| Complete 
| 176|0x000000008b000000, 0x000000008b100000, 0x000000008b100000|100%| O|  |TAMS 0x000000008b000000, 0x000000008b000000| Untracked 
| 177|0x000000008b100000, 0x000000008b200000, 0x000000008b200000|100%| O|  |TAMS 0x000000008b100000, 0x000000008b100000| Untracked 
| 178|0x000000008b200000, 0x000000008b300000, 0x000000008b300000|100%| O|  |TAMS 0x000000008b200000, 0x000000008b200000| Untracked 
| 179|0x000000008b300000, 0x000000008b400000, 0x000000008b400000|100%| O|  |TAMS 0x000000008b300000, 0x000000008b300000| Untracked 
| 180|0x000000008b400000, 0x000000008b500000, 0x000000008b500000|100%| O|  |TAMS 0x000000008b400000, 0x000000008b400000| Untracked 
| 181|0x000000008b500000, 0x000000008b600000, 0x000000008b600000|100%| O|  |TAMS 0x000000008b500000, 0x000000008b500000| Untracked 
| 182|0x000000008b600000, 0x000000008b700000, 0x000000008b700000|100%| O|  |TAMS 0x000000008b600000, 0x000000008b600000| Untracked 
| 183|0x000000008b700000, 0x000000008b800000, 0x000000008b800000|100%| O|  |TAMS 0x000000008b700000, 0x000000008b700000| Untracked 
| 184|0x000000008b800000, 0x000000008b900000, 0x000000008b900000|100%| O|  |TAMS 0x000000008b800000, 0x000000008b800000| Untracked 
| 185|0x000000008b900000, 0x000000008ba00000, 0x000000008ba00000|100%| O|  |TAMS 0x000000008b900000, 0x000000008b900000| Untracked 
| 186|0x000000008ba00000, 0x000000008bb00000, 0x000000008bb00000|100%| O|  |TAMS 0x000000008ba00000, 0x000000008ba00000| Untracked 
| 187|0x000000008bb00000, 0x000000008bc00000, 0x000000008bc00000|100%| O|  |TAMS 0x000000008bb00000, 0x000000008bb00000| Untracked 
| 188|0x000000008bc00000, 0x000000008bd00000, 0x000000008bd00000|100%| O|  |TAMS 0x000000008bc00000, 0x000000008bc00000| Untracked 
| 189|0x000000008bd00000, 0x000000008be00000, 0x000000008be00000|100%| O|  |TAMS 0x000000008bd00000, 0x000000008bd00000| Untracked 
| 190|0x000000008be00000, 0x000000008bf00000, 0x000000008bf00000|100%| O|  |TAMS 0x000000008be00000, 0x000000008be00000| Untracked 
| 191|0x000000008bf00000, 0x000000008c000000, 0x000000008c000000|100%| O|  |TAMS 0x000000008bf00000, 0x000000008bf00000| Untracked 
| 192|0x000000008c000000, 0x000000008c100000, 0x000000008c100000|100%| O|  |TAMS 0x000000008c000000, 0x000000008c000000| Untracked 
| 193|0x000000008c100000, 0x000000008c200000, 0x000000008c200000|100%| O|  |TAMS 0x000000008c100000, 0x000000008c100000| Untracked 
| 194|0x000000008c200000, 0x000000008c300000, 0x000000008c300000|100%| O|  |TAMS 0x000000008c200000, 0x000000008c200000| Untracked 
| 195|0x000000008c300000, 0x000000008c400000, 0x000000008c400000|100%| O|  |TAMS 0x000000008c300000, 0x000000008c300000| Untracked 
| 196|0x000000008c400000, 0x000000008c500000, 0x000000008c500000|100%| O|  |TAMS 0x000000008c400000, 0x000000008c400000| Untracked 
| 197|0x000000008c500000, 0x000000008c600000, 0x000000008c600000|100%| O|  |TAMS 0x000000008c500000, 0x000000008c500000| Untracked 
| 198|0x000000008c600000, 0x000000008c700000, 0x000000008c700000|100%| O|  |TAMS 0x000000008c600000, 0x000000008c600000| Untracked 
| 199|0x000000008c700000, 0x000000008c800000, 0x000000008c800000|100%| O|  |TAMS 0x000000008c700000, 0x000000008c700000| Untracked 
| 200|0x000000008c800000, 0x000000008c900000, 0x000000008c900000|100%| O|  |TAMS 0x000000008c800000, 0x000000008c800000| Untracked 
| 201|0x000000008c900000, 0x000000008ca00000, 0x000000008ca00000|100%| O|  |TAMS 0x000000008c900000, 0x000000008c900000| Untracked 
| 202|0x000000008ca00000, 0x000000008cb00000, 0x000000008cb00000|100%| O|  |TAMS 0x000000008ca00000, 0x000000008ca00000| Untracked 
| 203|0x000000008cb00000, 0x000000008cc00000, 0x000000008cc00000|100%| O|  |TAMS 0x000000008cb00000, 0x000000008cb00000| Untracked 
| 204|0x000000008cc00000, 0x000000008cd00000, 0x000000008cd00000|100%| O|  |TAMS 0x000000008cc00000, 0x000000008cc00000| Untracked 
| 205|0x000000008cd00000, 0x000000008ce00000, 0x000000008ce00000|100%| O|  |TAMS 0x000000008cd00000, 0x000000008cd00000| Untracked 
| 206|0x000000008ce00000, 0x000000008ce00000, 0x000000008cf00000|  0%| F|  |TAMS 0x000000008ce00000, 0x000000008ce00000| Untracked 
| 207|0x000000008cf00000, 0x000000008cf00000, 0x000000008d000000|  0%| F|  |TAMS 0x000000008cf00000, 0x000000008cf00000| Untracked 
| 208|0x000000008d000000, 0x000000008d000000, 0x000000008d100000|  0%| F|  |TAMS 0x000000008d000000, 0x000000008d000000| Untracked 
| 209|0x000000008d100000, 0x000000008d100000, 0x000000008d200000|  0%| F|  |TAMS 0x000000008d100000, 0x000000008d100000| Untracked 
| 210|0x000000008d200000, 0x000000008d200000, 0x000000008d300000|  0%| F|  |TAMS 0x000000008d200000, 0x000000008d200000| Untracked 
| 211|0x000000008d300000, 0x000000008d300000, 0x000000008d400000|  0%| F|  |TAMS 0x000000008d300000, 0x000000008d300000| Untracked 
| 212|0x000000008d400000, 0x000000008d400000, 0x000000008d500000|  0%| F|  |TAMS 0x000000008d400000, 0x000000008d400000| Untracked 
| 213|0x000000008d500000, 0x000000008d500000, 0x000000008d600000|  0%| F|  |TAMS 0x000000008d500000, 0x000000008d500000| Untracked 
| 214|0x000000008d600000, 0x000000008d600000, 0x000000008d700000|  0%| F|  |TAMS 0x000000008d600000, 0x000000008d600000| Untracked 
| 215|0x000000008d700000, 0x000000008d700000, 0x000000008d800000|  0%| F|  |TAMS 0x000000008d700000, 0x000000008d700000| Untracked 
| 216|0x000000008d800000, 0x000000008d800000, 0x000000008d900000|  0%| F|  |TAMS 0x000000008d800000, 0x000000008d800000| Untracked 
| 217|0x000000008d900000, 0x000000008d900000, 0x000000008da00000|  0%| F|  |TAMS 0x000000008d900000, 0x000000008d900000| Untracked 
| 218|0x000000008da00000, 0x000000008da00000, 0x000000008db00000|  0%| F|  |TAMS 0x000000008da00000, 0x000000008da00000| Untracked 
| 219|0x000000008db00000, 0x000000008db00000, 0x000000008dc00000|  0%| F|  |TAMS 0x000000008db00000, 0x000000008db00000| Untracked 
| 220|0x000000008dc00000, 0x000000008dc00000, 0x000000008dd00000|  0%| F|  |TAMS 0x000000008dc00000, 0x000000008dc00000| Untracked 
| 221|0x000000008dd00000, 0x000000008dd00000, 0x000000008de00000|  0%| F|  |TAMS 0x000000008dd00000, 0x000000008dd00000| Untracked 
| 222|0x000000008de00000, 0x000000008de00000, 0x000000008df00000|  0%| F|  |TAMS 0x000000008de00000, 0x000000008de00000| Untracked 
| 223|0x000000008df00000, 0x000000008df00000, 0x000000008e000000|  0%| F|  |TAMS 0x000000008df00000, 0x000000008df00000| Untracked 
| 224|0x000000008e000000, 0x000000008e000000, 0x000000008e100000|  0%| F|  |TAMS 0x000000008e000000, 0x000000008e000000| Untracked 
| 225|0x000000008e100000, 0x000000008e100000, 0x000000008e200000|  0%| F|  |TAMS 0x000000008e100000, 0x000000008e100000| Untracked 
| 226|0x000000008e200000, 0x000000008e200000, 0x000000008e300000|  0%| F|  |TAMS 0x000000008e200000, 0x000000008e200000| Untracked 
| 227|0x000000008e300000, 0x000000008e300000, 0x000000008e400000|  0%| F|  |TAMS 0x000000008e300000, 0x000000008e300000| Untracked 
| 228|0x000000008e400000, 0x000000008e400000, 0x000000008e500000|  0%| F|  |TAMS 0x000000008e400000, 0x000000008e400000| Untracked 
| 229|0x000000008e500000, 0x000000008e500000, 0x000000008e600000|  0%| F|  |TAMS 0x000000008e500000, 0x000000008e500000| Untracked 
| 230|0x000000008e600000, 0x000000008e600000, 0x000000008e700000|  0%| F|  |TAMS 0x000000008e600000, 0x000000008e600000| Untracked 
| 231|0x000000008e700000, 0x000000008e700000, 0x000000008e800000|  0%| F|  |TAMS 0x000000008e700000, 0x000000008e700000| Untracked 
| 232|0x000000008e800000, 0x000000008e800000, 0x000000008e900000|  0%| F|  |TAMS 0x000000008e800000, 0x000000008e800000| Untracked 
| 233|0x000000008e900000, 0x000000008e900000, 0x000000008ea00000|  0%| F|  |TAMS 0x000000008e900000, 0x000000008e900000| Untracked 
| 234|0x000000008ea00000, 0x000000008ea00000, 0x000000008eb00000|  0%| F|  |TAMS 0x000000008ea00000, 0x000000008ea00000| Untracked 
| 235|0x000000008eb00000, 0x000000008eb00000, 0x000000008ec00000|  0%| F|  |TAMS 0x000000008eb00000, 0x000000008eb00000| Untracked 
| 236|0x000000008ec00000, 0x000000008ec00000, 0x000000008ed00000|  0%| F|  |TAMS 0x000000008ec00000, 0x000000008ec00000| Untracked 
| 237|0x000000008ed00000, 0x000000008ed00000, 0x000000008ee00000|  0%| F|  |TAMS 0x000000008ed00000, 0x000000008ed00000| Untracked 
| 238|0x000000008ee00000, 0x000000008ee00000, 0x000000008ef00000|  0%| F|  |TAMS 0x000000008ee00000, 0x000000008ee00000| Untracked 
| 239|0x000000008ef00000, 0x000000008ef00000, 0x000000008f000000|  0%| F|  |TAMS 0x000000008ef00000, 0x000000008ef00000| Untracked 
| 240|0x000000008f000000, 0x000000008f000000, 0x000000008f100000|  0%| F|  |TAMS 0x000000008f000000, 0x000000008f000000| Untracked 
| 241|0x000000008f100000, 0x000000008f100000, 0x000000008f200000|  0%| F|  |TAMS 0x000000008f100000, 0x000000008f100000| Untracked 
| 242|0x000000008f200000, 0x000000008f200000, 0x000000008f300000|  0%| F|  |TAMS 0x000000008f200000, 0x000000008f200000| Untracked 
| 243|0x000000008f300000, 0x000000008f300000, 0x000000008f400000|  0%| F|  |TAMS 0x000000008f300000, 0x000000008f300000| Untracked 
| 244|0x000000008f400000, 0x000000008f400000, 0x000000008f500000|  0%| F|  |TAMS 0x000000008f400000, 0x000000008f400000| Untracked 
| 245|0x000000008f500000, 0x000000008f500000, 0x000000008f600000|  0%| F|  |TAMS 0x000000008f500000, 0x000000008f500000| Untracked 
| 246|0x000000008f600000, 0x000000008f600000, 0x000000008f700000|  0%| F|  |TAMS 0x000000008f600000, 0x000000008f600000| Untracked 
| 247|0x000000008f700000, 0x000000008f700000, 0x000000008f800000|  0%| F|  |TAMS 0x000000008f700000, 0x000000008f700000| Untracked 
| 248|0x000000008f800000, 0x000000008f900000, 0x000000008f900000|100%| S|CS|TAMS 0x000000008f800000, 0x000000008f800000| Complete 
| 249|0x000000008f900000, 0x000000008fa00000, 0x000000008fa00000|100%| S|CS|TAMS 0x000000008f900000, 0x000000008f900000| Complete 
| 250|0x000000008fa00000, 0x000000008fb00000, 0x000000008fb00000|100%| S|CS|TAMS 0x000000008fa00000, 0x000000008fa00000| Complete 
| 251|0x000000008fb00000, 0x000000008fc00000, 0x000000008fc00000|100%| S|CS|TAMS 0x000000008fb00000, 0x000000008fb00000| Complete 
| 252|0x000000008fc00000, 0x000000008fd00000, 0x000000008fd00000|100%| S|CS|TAMS 0x000000008fc00000, 0x000000008fc00000| Complete 
| 253|0x000000008fd00000, 0x000000008fd00000, 0x000000008fe00000|  0%| F|  |TAMS 0x000000008fd00000, 0x000000008fd00000| Untracked 
| 254|0x000000008fe00000, 0x000000008fe00000, 0x000000008ff00000|  0%| F|  |TAMS 0x000000008fe00000, 0x000000008fe00000| Untracked 
| 255|0x000000008ff00000, 0x000000008ff00000, 0x0000000090000000|  0%| F|  |TAMS 0x000000008ff00000, 0x000000008ff00000| Untracked 
| 256|0x0000000090000000, 0x0000000090000000, 0x0000000090100000|  0%| F|  |TAMS 0x0000000090000000, 0x0000000090000000| Untracked 
| 257|0x0000000090100000, 0x0000000090100000, 0x0000000090200000|  0%| F|  |TAMS 0x0000000090100000, 0x0000000090100000| Untracked 
| 258|0x0000000090200000, 0x0000000090200000, 0x0000000090300000|  0%| F|  |TAMS 0x0000000090200000, 0x0000000090200000| Untracked 
| 259|0x0000000090300000, 0x0000000090300000, 0x0000000090400000|  0%| F|  |TAMS 0x0000000090300000, 0x0000000090300000| Untracked 
| 260|0x0000000090400000, 0x0000000090400000, 0x0000000090500000|  0%| F|  |TAMS 0x0000000090400000, 0x0000000090400000| Untracked 
| 261|0x0000000090500000, 0x0000000090500000, 0x0000000090600000|  0%| F|  |TAMS 0x0000000090500000, 0x0000000090500000| Untracked 
| 262|0x0000000090600000, 0x0000000090600000, 0x0000000090700000|  0%| F|  |TAMS 0x0000000090600000, 0x0000000090600000| Untracked 
| 263|0x0000000090700000, 0x0000000090700000, 0x0000000090800000|  0%| F|  |TAMS 0x0000000090700000, 0x0000000090700000| Untracked 
| 264|0x0000000090800000, 0x0000000090800000, 0x0000000090900000|  0%| F|  |TAMS 0x0000000090800000, 0x0000000090800000| Untracked 
| 265|0x0000000090900000, 0x0000000090900000, 0x0000000090a00000|  0%| F|  |TAMS 0x0000000090900000, 0x0000000090900000| Untracked 
| 266|0x0000000090a00000, 0x0000000090a00000, 0x0000000090b00000|  0%| F|  |TAMS 0x0000000090a00000, 0x0000000090a00000| Untracked 
| 267|0x0000000090b00000, 0x0000000090b00000, 0x0000000090c00000|  0%| F|  |TAMS 0x0000000090b00000, 0x0000000090b00000| Untracked 
| 268|0x0000000090c00000, 0x0000000090c00000, 0x0000000090d00000|  0%| F|  |TAMS 0x0000000090c00000, 0x0000000090c00000| Untracked 
| 269|0x0000000090d00000, 0x0000000090d00000, 0x0000000090e00000|  0%| F|  |TAMS 0x0000000090d00000, 0x0000000090d00000| Untracked 
| 270|0x0000000090e00000, 0x0000000090e00000, 0x0000000090f00000|  0%| F|  |TAMS 0x0000000090e00000, 0x0000000090e00000| Untracked 
| 271|0x0000000090f00000, 0x0000000090f00000, 0x0000000091000000|  0%| F|  |TAMS 0x0000000090f00000, 0x0000000090f00000| Untracked 
| 272|0x0000000091000000, 0x0000000091000000, 0x0000000091100000|  0%| F|  |TAMS 0x0000000091000000, 0x0000000091000000| Untracked 
| 273|0x0000000091100000, 0x0000000091100000, 0x0000000091200000|  0%| F|  |TAMS 0x0000000091100000, 0x0000000091100000| Untracked 
| 274|0x0000000091200000, 0x0000000091200000, 0x0000000091300000|  0%| F|  |TAMS 0x0000000091200000, 0x0000000091200000| Untracked 
| 275|0x0000000091300000, 0x0000000091300000, 0x0000000091400000|  0%| F|  |TAMS 0x0000000091300000, 0x0000000091300000| Untracked 
| 276|0x0000000091400000, 0x0000000091400000, 0x0000000091500000|  0%| F|  |TAMS 0x0000000091400000, 0x0000000091400000| Untracked 
| 277|0x0000000091500000, 0x0000000091500000, 0x0000000091600000|  0%| F|  |TAMS 0x0000000091500000, 0x0000000091500000| Untracked 
| 278|0x0000000091600000, 0x0000000091600000, 0x0000000091700000|  0%| F|  |TAMS 0x0000000091600000, 0x0000000091600000| Untracked 
| 279|0x0000000091700000, 0x0000000091700000, 0x0000000091800000|  0%| F|  |TAMS 0x0000000091700000, 0x0000000091700000| Untracked 
| 280|0x0000000091800000, 0x0000000091800000, 0x0000000091900000|  0%| F|  |TAMS 0x0000000091800000, 0x0000000091800000| Untracked 
| 281|0x0000000091900000, 0x0000000091900000, 0x0000000091a00000|  0%| F|  |TAMS 0x0000000091900000, 0x0000000091900000| Untracked 
|2026|0x00000000fea00000, 0x00000000feb00000, 0x00000000feb00000|100%| O|  |TAMS 0x00000000fea00000, 0x00000000fea00000| Untracked 
|2027|0x00000000feb00000, 0x00000000fec00000, 0x00000000fec00000|100%| O|  |TAMS 0x00000000feb00000, 0x00000000feb00000| Untracked 
|2028|0x00000000fec00000, 0x00000000fed00000, 0x00000000fed00000|100%| O|  |TAMS 0x00000000fec00000, 0x00000000fec00000| Untracked 
|2029|0x00000000fed00000, 0x00000000fee00000, 0x00000000fee00000|100%| O|  |TAMS 0x00000000fed00000, 0x00000000fed00000| Untracked 
|2030|0x00000000fee00000, 0x00000000fef00000, 0x00000000fef00000|100%| O|  |TAMS 0x00000000fee00000, 0x00000000fee00000| Untracked 
|2031|0x00000000fef00000, 0x00000000ff000000, 0x00000000ff000000|100%| O|  |TAMS 0x00000000fef00000, 0x00000000fef00000| Untracked 
|2032|0x00000000ff000000, 0x00000000ff100000, 0x00000000ff100000|100%| O|  |TAMS 0x00000000ff000000, 0x00000000ff000000| Untracked 
|2033|0x00000000ff100000, 0x00000000ff200000, 0x00000000ff200000|100%| O|  |TAMS 0x00000000ff100000, 0x00000000ff100000| Untracked 
|2034|0x00000000ff200000, 0x00000000ff300000, 0x00000000ff300000|100%| O|  |TAMS 0x00000000ff200000, 0x00000000ff200000| Untracked 
|2035|0x00000000ff300000, 0x00000000ff400000, 0x00000000ff400000|100%| O|  |TAMS 0x00000000ff300000, 0x00000000ff300000| Untracked 
|2036|0x00000000ff400000, 0x00000000ff500000, 0x00000000ff500000|100%| O|  |TAMS 0x00000000ff400000, 0x00000000ff400000| Untracked 
|2037|0x00000000ff500000, 0x00000000ff600000, 0x00000000ff600000|100%| O|  |TAMS 0x00000000ff500000, 0x00000000ff500000| Untracked 
|2038|0x00000000ff600000, 0x00000000ff700000, 0x00000000ff700000|100%| O|  |TAMS 0x00000000ff600000, 0x00000000ff600000| Untracked 
|2039|0x00000000ff700000, 0x00000000ff800000, 0x00000000ff800000|100%| O|  |TAMS 0x00000000ff700000, 0x00000000ff700000| Untracked 
|2040|0x00000000ff800000, 0x00000000ff900000, 0x00000000ff900000|100%| O|  |TAMS 0x00000000ff800000, 0x00000000ff800000| Untracked 
|2041|0x00000000ff900000, 0x00000000ffa00000, 0x00000000ffa00000|100%| O|  |TAMS 0x00000000ff900000, 0x00000000ff900000| Untracked 
|2042|0x00000000ffa00000, 0x00000000ffb00000, 0x00000000ffb00000|100%| O|  |TAMS 0x00000000ffa00000, 0x00000000ffa00000| Untracked 
|2043|0x00000000ffb00000, 0x00000000ffc00000, 0x00000000ffc00000|100%| O|  |TAMS 0x00000000ffb00000, 0x00000000ffb00000| Untracked 
|2044|0x00000000ffc00000, 0x00000000ffd00000, 0x00000000ffd00000|100%| O|  |TAMS 0x00000000ffc00000, 0x00000000ffc00000| Untracked 
|2045|0x00000000ffd00000, 0x00000000ffe00000, 0x00000000ffe00000|100%| O|  |TAMS 0x00000000ffd00000, 0x00000000ffd00000| Untracked 
|2046|0x00000000ffe00000, 0x00000000fff00000, 0x00000000fff00000|100%| O|  |TAMS 0x00000000ffe00000, 0x00000000ffe00000| Untracked 
|2047|0x00000000fff00000, 0x0000000100000000, 0x0000000100000000|100%| O|  |TAMS 0x00000000fff00000, 0x00000000fff00000| Untracked 

Card table byte_map: [0x00000147b89b0000,0x00000147b8db0000] _byte_map_base: 0x00000147b85b0000

Marking Bits (Prev, Next): (CMBitMap*) 0x00000147a1f2f940, (CMBitMap*) 0x00000147a1f2f900
 Prev Bits: [0x00000147bb1b0000, 0x00000147bd1b0000)
 Next Bits: [0x00000147b91b0000, 0x00000147bb1b0000)

Polling page: 0x000001479fc20000

Metaspace:

Usage:
  Non-class:    121.56 MB used.
      Class:     17.82 MB used.
       Both:    139.38 MB used.

Virtual space:
  Non-class space:      128.00 MB reserved,     122.00 MB ( 95%) committed,  16 nodes.
      Class space:        1.00 GB reserved,      18.25 MB (  2%) committed,  1 nodes.
             Both:        1.12 GB reserved,     140.25 MB ( 12%) committed. 

Chunk freelists:
   Non-Class:  1.75 MB
       Class:  1.56 MB
        Both:  3.31 MB

MaxMetaspaceSize: unlimited
CompressedClassSpaceSize: 1.00 GB
Initial GC threshold: 21.00 MB
Current GC threshold: 222.12 MB
CDS: on
MetaspaceReclaimPolicy: balanced
 - commit_granule_bytes: 65536.
 - commit_granule_words: 8192.
 - virtual_space_node_default_size: 1048576.
 - enlarge_chunks_in_place: 1.
 - new_chunks_are_fully_committed: 0.
 - uncommit_free_chunks: 1.
 - use_allocation_guard: 0.
 - handle_deallocations: 1.


Internal statistics:

num_allocs_failed_limit: 12.
num_arena_births: 1468.
num_arena_deaths: 0.
num_vsnodes_births: 17.
num_vsnodes_deaths: 0.
num_space_committed: 2242.
num_space_uncommitted: 0.
num_chunks_returned_to_freelist: 12.
num_chunks_taken_from_freelist: 7040.
num_chunk_merges: 3.
num_chunk_splits: 4815.
num_chunks_enlarged: 3395.
num_purges: 0.
num_inconsistent_stats: 0.

CodeHeap 'non-profiled nmethods': size=120064Kb used=16817Kb max_used=17180Kb free=103246Kb
 bounds [0x00000147b1470000, 0x00000147b2540000, 0x00000147b89b0000]
CodeHeap 'profiled nmethods': size=120000Kb used=45457Kb max_used=45792Kb free=74542Kb
 bounds [0x00000147a9f40000, 0x00000147acc00000, 0x00000147b1470000]
CodeHeap 'non-nmethods': size=5696Kb used=2528Kb max_used=2591Kb free=3167Kb
 bounds [0x00000147a99b0000, 0x00000147a9c60000, 0x00000147a9f40000]
 total_blobs=23290 nmethods=22206 adapters=994
 compilation: enabled
              stopped_count=0, restarted_count=0
 full_count=0

Compilation events (20 events):
Event: 541.671 Thread 0x00000147bf54f940 28706       2       com.android.tools.r8.internal.x::<init> (5 bytes)
Event: 541.671 Thread 0x00000147bf54f940 nmethod 28706 0x00000147ac8aa610 code [0x00000147ac8aa7a0, 0x00000147ac8aa898]
Event: 541.695 Thread 0x00000147bf54b240 nmethod 28674 0x00000147b1ef1b90 code [0x00000147b1ef1d60, 0x00000147b1ef29f8]
Event: 541.695 Thread 0x00000147bf54b240 28507       4       java.util.ArrayList::remove (76 bytes)
Event: 541.699 Thread 0x00000147bf54b240 nmethod 28507 0x00000147b1ef1590 code [0x00000147b1ef1720, 0x00000147b1ef19d8]
Event: 541.700 Thread 0x00000147bf54b240 28634       4       com.android.tools.r8.dex.B::a (1021 bytes)
Event: 541.725 Thread 0x00000147bf54f940 28710       2       jdk.nio.zipfs.ZipPath::equals (38 bytes)
Event: 541.725 Thread 0x00000147bf54f940 nmethod 28710 0x00000147ac309390 code [0x00000147ac309540, 0x00000147ac309788]
Event: 541.831 Thread 0x00000147bf54f940 28711       2       java.util.Arrays::hashCode (44 bytes)
Event: 541.831 Thread 0x00000147bf54f940 nmethod 28711 0x00000147ac308f90 code [0x00000147ac309120, 0x00000147ac3092b8]
Event: 541.903 Thread 0x00000147bf54f940 28714       2       com.android.tools.r8.dex.code.y0::<init> (97 bytes)
Event: 541.904 Thread 0x00000147bf54f940 nmethod 28714 0x00000147ac308610 code [0x00000147ac3087e0, 0x00000147ac308c68]
Event: 541.907 Thread 0x00000147bf54f940 28716 %     3       com.android.tools.r8.graph.g0::a @ 11 (80 bytes)
Event: 541.908 Thread 0x00000147bf54f940 nmethod 28716% 0x00000147ac952310 code [0x00000147ac952560, 0x00000147ac953088]
Event: 541.908 Thread 0x00000147bf54f940 28717       3       com.android.tools.r8.graph.g0::a (80 bytes)
Event: 541.908 Thread 0x00000147bf54f940 nmethod 28717 0x00000147ac951190 code [0x00000147ac9513e0, 0x00000147ac951f48]
Event: 541.909 Thread 0x00000147bf54f940 28718       2       java.lang.invoke.VarHandleReferences$Array::runtimeTypeCheck (26 bytes)
Event: 541.910 Thread 0x00000147bf54f940 nmethod 28718 0x00000147ac307a90 code [0x00000147ac307ca0, 0x00000147ac308158]
Event: 541.919 Thread 0x00000147bf54f940 28719       2       com.android.tools.r8.dex.B::a (836 bytes)
Event: 541.922 Thread 0x00000147bf54f940 nmethod 28719 0x00000147ac49b910 code [0x00000147ac49bda0, 0x00000147ac49d388]

GC Heap History (20 events):
Event: 521.715 GC heap after
{Heap after GC invocations=93 (full 0):
 garbage-first heap   total 288768K, used 135518K [0x0000000080000000, 0x0000000100000000)
  region size 1024K, 2 young (2048K), 2 survivors (2048K)
 Metaspace       used 133537K, committed 134400K, reserved 1171456K
  class space    used 17165K, committed 17600K, reserved 1048576K
}
Event: 522.071 GC heap before
{Heap before GC invocations=93 (full 0):
 garbage-first heap   total 288768K, used 154974K [0x0000000080000000, 0x0000000100000000)
  region size 1024K, 22 young (22528K), 2 survivors (2048K)
 Metaspace       used 133539K, committed 134400K, reserved 1171456K
  class space    used 17165K, committed 17600K, reserved 1048576K
}
Event: 522.084 GC heap after
{Heap after GC invocations=94 (full 0):
 garbage-first heap   total 288768K, used 137060K [0x0000000080000000, 0x0000000100000000)
  region size 1024K, 4 young (4096K), 4 survivors (4096K)
 Metaspace       used 133539K, committed 134400K, reserved 1171456K
  class space    used 17165K, committed 17600K, reserved 1048576K
}
Event: 524.963 GC heap before
{Heap before GC invocations=95 (full 0):
 garbage-first heap   total 288768K, used 250724K [0x0000000080000000, 0x0000000100000000)
  region size 1024K, 115 young (117760K), 4 survivors (4096K)
 Metaspace       used 133547K, committed 134400K, reserved 1171456K
  class space    used 17165K, committed 17600K, reserved 1048576K
}
Event: 524.977 GC heap after
{Heap after GC invocations=96 (full 0):
 garbage-first heap   total 288768K, used 135272K [0x0000000080000000, 0x0000000100000000)
  region size 1024K, 2 young (2048K), 2 survivors (2048K)
 Metaspace       used 133547K, committed 134400K, reserved 1171456K
  class space    used 17165K, committed 17600K, reserved 1048576K
}
Event: 525.269 GC heap before
{Heap before GC invocations=96 (full 0):
 garbage-first heap   total 288768K, used 147560K [0x0000000080000000, 0x0000000100000000)
  region size 1024K, 14 young (14336K), 2 survivors (2048K)
 Metaspace       used 133547K, committed 134400K, reserved 1171456K
  class space    used 17165K, committed 17600K, reserved 1048576K
}
Event: 525.280 GC heap after
{Heap after GC invocations=97 (full 0):
 garbage-first heap   total 288768K, used 132056K [0x0000000080000000, 0x0000000100000000)
  region size 1024K, 1 young (1024K), 1 survivors (1024K)
 Metaspace       used 133547K, committed 134400K, reserved 1171456K
  class space    used 17165K, committed 17600K, reserved 1048576K
}
Event: 530.933 GC heap before
{Heap before GC invocations=97 (full 0):
 garbage-first heap   total 288768K, used 254936K [0x0000000080000000, 0x0000000100000000)
  region size 1024K, 118 young (120832K), 1 survivors (1024K)
 Metaspace       used 135265K, committed 136128K, reserved 1171456K
  class space    used 17355K, committed 17792K, reserved 1048576K
}
Event: 530.955 GC heap after
{Heap after GC invocations=98 (full 0):
 garbage-first heap   total 288768K, used 141958K [0x0000000080000000, 0x0000000100000000)
  region size 1024K, 6 young (6144K), 6 survivors (6144K)
 Metaspace       used 135265K, committed 136128K, reserved 1171456K
  class space    used 17355K, committed 17792K, reserved 1048576K
}
Event: 534.499 GC heap before
{Heap before GC invocations=98 (full 0):
 garbage-first heap   total 288768K, used 235142K [0x0000000080000000, 0x0000000100000000)
  region size 1024K, 99 young (101376K), 6 survivors (6144K)
 Metaspace       used 135278K, committed 136128K, reserved 1171456K
  class space    used 17355K, committed 17792K, reserved 1048576K
}
Event: 534.529 GC heap after
{Heap after GC invocations=99 (full 0):
 garbage-first heap   total 288768K, used 145761K [0x0000000080000000, 0x0000000100000000)
  region size 1024K, 10 young (10240K), 10 survivors (10240K)
 Metaspace       used 135278K, committed 136128K, reserved 1171456K
  class space    used 17355K, committed 17792K, reserved 1048576K
}
Event: 535.209 GC heap before
{Heap before GC invocations=99 (full 0):
 garbage-first heap   total 288768K, used 154977K [0x0000000080000000, 0x0000000100000000)
  region size 1024K, 18 young (18432K), 10 survivors (10240K)
 Metaspace       used 135378K, committed 136256K, reserved 1171456K
  class space    used 17372K, committed 17856K, reserved 1048576K
}
Event: 535.230 GC heap after
{Heap after GC invocations=100 (full 0):
 garbage-first heap   total 288768K, used 147748K [0x0000000080000000, 0x0000000100000000)
  region size 1024K, 4 young (4096K), 4 survivors (4096K)
 Metaspace       used 135378K, committed 136256K, reserved 1171456K
  class space    used 17372K, committed 17856K, reserved 1048576K
}
Event: 538.778 GC heap before
{Heap before GC invocations=101 (full 0):
 garbage-first heap   total 288768K, used 272676K [0x0000000080000000, 0x0000000100000000)
  region size 1024K, 92 young (94208K), 4 survivors (4096K)
 Metaspace       used 141340K, committed 142272K, reserved 1179648K
  class space    used 18147K, committed 18624K, reserved 1048576K
}
Event: 538.935 GC heap after
{Heap after GC invocations=102 (full 0):
 garbage-first heap   total 311296K, used 198955K [0x0000000080000000, 0x0000000100000000)
  region size 1024K, 12 young (12288K), 12 survivors (12288K)
 Metaspace       used 141340K, committed 142272K, reserved 1179648K
  class space    used 18147K, committed 18624K, reserved 1048576K
}
Event: 539.200 GC heap before
{Heap before GC invocations=102 (full 0):
 garbage-first heap   total 311296K, used 202027K [0x0000000080000000, 0x0000000100000000)
  region size 1024K, 15 young (15360K), 12 survivors (12288K)
 Metaspace       used 141868K, committed 142784K, reserved 1179648K
  class space    used 18206K, committed 18688K, reserved 1048576K
}
Event: 539.256 GC heap after
{Heap after GC invocations=103 (full 0):
 garbage-first heap   total 311296K, used 196096K [0x0000000080000000, 0x0000000100000000)
  region size 1024K, 1 young (1024K), 1 survivors (1024K)
 Metaspace       used 141868K, committed 142784K, reserved 1179648K
  class space    used 18206K, committed 18688K, reserved 1048576K
}
Event: 541.057 GC heap before
{Heap before GC invocations=103 (full 0):
 garbage-first heap   total 311296K, used 251392K [0x0000000080000000, 0x0000000100000000)
  region size 1024K, 54 young (55296K), 1 survivors (1024K)
 Metaspace       used 142697K, committed 143616K, reserved 1179648K
  class space    used 18246K, committed 18688K, reserved 1048576K
}
Event: 541.162 GC heap after
{Heap after GC invocations=104 (full 0):
 garbage-first heap   total 311296K, used 224256K [0x0000000080000000, 0x0000000100000000)
  region size 1024K, 7 young (7168K), 7 survivors (7168K)
 Metaspace       used 142697K, committed 143616K, reserved 1179648K
  class space    used 18246K, committed 18688K, reserved 1048576K
}
Event: 541.951 GC heap before
{Heap before GC invocations=104 (full 0):
 garbage-first heap   total 311296K, used 253952K [0x0000000080000000, 0x0000000100000000)
  region size 1024K, 36 young (36864K), 7 survivors (7168K)
 Metaspace       used 142728K, committed 143616K, reserved 1179648K
  class space    used 18249K, committed 18688K, reserved 1048576K
}

Deoptimization events (20 events):
Event: 541.852 Thread 0x00000147cf554580 DEOPT PACKING pc=0x00000147ac3a0fc5 sp=0x00000024463fed50
Event: 541.852 Thread 0x00000147cf554580 DEOPT UNPACKING pc=0x00000147a9a02b24 sp=0x00000024463fe2f0 mode 0
Event: 541.859 Thread 0x00000147cf554580 DEOPT PACKING pc=0x00000147ac3a0fc5 sp=0x00000024463fed50
Event: 541.860 Thread 0x00000147cf554580 DEOPT UNPACKING pc=0x00000147a9a02b24 sp=0x00000024463fe2f0 mode 0
Event: 541.865 Thread 0x00000147cf554580 DEOPT PACKING pc=0x00000147ac3a0fc5 sp=0x00000024463fed50
Event: 541.865 Thread 0x00000147cf554580 DEOPT UNPACKING pc=0x00000147a9a02b24 sp=0x00000024463fe2f0 mode 0
Event: 541.885 Thread 0x00000147cb5679f0 DEOPT PACKING pc=0x00000147ac3a0fc5 sp=0x00000024467fef50
Event: 541.885 Thread 0x00000147cb5679f0 DEOPT UNPACKING pc=0x00000147a9a02b24 sp=0x00000024467fe4f0 mode 0
Event: 541.894 Thread 0x00000147cb5679f0 DEOPT PACKING pc=0x00000147ac3a0fc5 sp=0x00000024467fef60
Event: 541.895 Thread 0x00000147cb5679f0 DEOPT UNPACKING pc=0x00000147a9a02b24 sp=0x00000024467fe500 mode 0
Event: 541.901 Thread 0x00000147cb5679f0 DEOPT PACKING pc=0x00000147ac3a0fc5 sp=0x00000024467fef60
Event: 541.901 Thread 0x00000147cb5679f0 DEOPT UNPACKING pc=0x00000147a9a02b24 sp=0x00000024467fe500 mode 0
Event: 541.909 Thread 0x00000147cb5679f0 DEOPT PACKING pc=0x00000147ac90e556 sp=0x00000024467febf0
Event: 541.909 Thread 0x00000147cb5679f0 DEOPT UNPACKING pc=0x00000147a9a02b24 sp=0x00000024467fe0d8 mode 0
Event: 541.913 Thread 0x00000147cb5679f0 DEOPT PACKING pc=0x00000147ac3a0fc5 sp=0x00000024467fef60
Event: 541.913 Thread 0x00000147cb5679f0 DEOPT UNPACKING pc=0x00000147a9a02b24 sp=0x00000024467fe500 mode 0
Event: 541.916 Thread 0x00000147cb5679f0 Uncommon trap: trap_request=0xffffff45 fr.pc=0x00000147b2231344 relative=0x0000000000004484
Event: 541.916 Thread 0x00000147cb5679f0 Uncommon trap: reason=unstable_if action=reinterpret pc=0x00000147b2231344 method=com.android.tools.r8.dex.B.a(Z)Lcom/android/tools/r8/graph/J0; @ 706 c2
Event: 541.916 Thread 0x00000147cb5679f0 DEOPT PACKING pc=0x00000147b2231344 sp=0x00000024467fed00
Event: 541.916 Thread 0x00000147cb5679f0 DEOPT UNPACKING pc=0x00000147a9a0239d sp=0x00000024467fece0 mode 2

Classes unloaded (0 events):
No events

Classes redefined (0 events):
No events

Internal exceptions (20 events):
Event: 529.279 Thread 0x00000147c01e6620 Exception <a 'java/lang/NoSuchMethodError'{0x000000008cbdc968}: 'long java.lang.invoke.DirectMethodHandle$Holder.invokeVirtual(java.lang.Object, java.lang.Object)'> (0x000000008cbdc968) 
thrown [d:\a\1\s\lookaside\java-17-openjdk\src\hotspot\share\interpreter\linkResolver.cpp, line 766]
Event: 535.023 Thread 0x00000147c01e6620 Exception <a 'sun/nio/fs/WindowsException'{0x00000000913bf6f0}> (0x00000000913bf6f0) 
thrown [d:\a\1\s\lookaside\java-17-openjdk\src\hotspot\share\prims\jni.cpp, line 516]
Event: 535.039 Thread 0x00000147c01e6620 Exception <a 'sun/nio/fs/WindowsException'{0x00000000913ce8d0}> (0x00000000913ce8d0) 
thrown [d:\a\1\s\lookaside\java-17-openjdk\src\hotspot\share\prims\jni.cpp, line 516]
Event: 535.043 Thread 0x00000147c01e6620 Exception <a 'java/lang/IncompatibleClassChangeError'{0x00000000913d0888}: Found class java.lang.Object, but interface was expected> (0x00000000913d0888) 
thrown [d:\a\1\s\lookaside\java-17-openjdk\src\hotspot\share\interpreter\linkResolver.cpp, line 833]
Event: 535.064 Thread 0x00000147c01e6620 Exception <a 'sun/nio/fs/WindowsException'{0x00000000913f4b80}> (0x00000000913f4b80) 
thrown [d:\a\1\s\lookaside\java-17-openjdk\src\hotspot\share\prims\jni.cpp, line 516]
Event: 535.077 Thread 0x00000147c01e6620 Exception <a 'sun/nio/fs/WindowsException'{0x00000000913fc058}> (0x00000000913fc058) 
thrown [d:\a\1\s\lookaside\java-17-openjdk\src\hotspot\share\prims\jni.cpp, line 516]
Event: 535.081 Thread 0x00000147c01e6620 Exception <a 'sun/nio/fs/WindowsException'{0x00000000913fcf00}> (0x00000000913fcf00) 
thrown [d:\a\1\s\lookaside\java-17-openjdk\src\hotspot\share\prims\jni.cpp, line 516]
Event: 535.085 Thread 0x00000147c01e6620 Exception <a 'sun/nio/fs/WindowsException'{0x00000000913fdca0}> (0x00000000913fdca0) 
thrown [d:\a\1\s\lookaside\java-17-openjdk\src\hotspot\share\prims\jni.cpp, line 516]
Event: 535.087 Thread 0x00000147c01e6620 Exception <a 'sun/nio/fs/WindowsException'{0x00000000913feab0}> (0x00000000913feab0) 
thrown [d:\a\1\s\lookaside\java-17-openjdk\src\hotspot\share\prims\jni.cpp, line 516]
Event: 535.091 Thread 0x00000147c01e6620 Exception <a 'sun/nio/fs/WindowsException'{0x00000000913ff918}> (0x00000000913ff918) 
thrown [d:\a\1\s\lookaside\java-17-openjdk\src\hotspot\share\prims\jni.cpp, line 516]
Event: 535.093 Thread 0x00000147c01e6620 Exception <a 'sun/nio/fs/WindowsException'{0x00000000912098b0}> (0x00000000912098b0) 
thrown [d:\a\1\s\lookaside\java-17-openjdk\src\hotspot\share\prims\jni.cpp, line 516]
Event: 535.095 Thread 0x00000147c01e6620 Exception <a 'sun/nio/fs/WindowsException'{0x000000009120a6b0}> (0x000000009120a6b0) 
thrown [d:\a\1\s\lookaside\java-17-openjdk\src\hotspot\share\prims\jni.cpp, line 516]
Event: 535.098 Thread 0x00000147c01e6620 Exception <a 'sun/nio/fs/WindowsException'{0x000000009120b4e8}> (0x000000009120b4e8) 
thrown [d:\a\1\s\lookaside\java-17-openjdk\src\hotspot\share\prims\jni.cpp, line 516]
Event: 535.102 Thread 0x00000147c01e6620 Exception <a 'sun/nio/fs/WindowsException'{0x000000009120c328}> (0x000000009120c328) 
thrown [d:\a\1\s\lookaside\java-17-openjdk\src\hotspot\share\prims\jni.cpp, line 516]
Event: 535.252 Thread 0x00000147c01e6620 Exception <a 'sun/nio/fs/WindowsException'{0x000000009190fe50}> (0x000000009190fe50) 
thrown [d:\a\1\s\lookaside\java-17-openjdk\src\hotspot\share\prims\jni.cpp, line 516]
Event: 536.608 Thread 0x00000147c22b8a40 Exception <a 'sun/nio/fs/WindowsException'{0x0000000091279890}> (0x0000000091279890) 
thrown [d:\a\1\s\lookaside\java-17-openjdk\src\hotspot\share\prims\jni.cpp, line 516]
Event: 536.832 Thread 0x00000147c01e6620 Exception <a 'java/lang/NoSuchMethodError'{0x000000009016dd98}: 'void java.lang.invoke.DirectMethodHandle$Holder.invokeVirtual(java.lang.Object, java.lang.Object, java.lang.Object, java.lang.Object)'> (0x000000009016dd98) 
thrown [d:\a\1\s\lookaside\java-17-openjdk\src\hotspot\share\interpreter\linkResolver.cpp, line 766]
Event: 539.106 Thread 0x00000147cf554580 Exception <a 'java/lang/NoSuchMethodError'{0x0000000091701de0}: 'long java.lang.invoke.DirectMethodHandle$Holder.invokeStatic(java.lang.Object, java.lang.Object, java.lang.Object)'> (0x0000000091701de0) 
thrown [d:\a\1\s\lookaside\java-17-openjdk\src\hotspot\share\interpreter\linkResolver.cpp, line 766]
Event: 540.756 Thread 0x00000147c01e6620 Exception <a 'sun/nio/fs/WindowsException'{0x000000008f1908f8}> (0x000000008f1908f8) 
thrown [d:\a\1\s\lookaside\java-17-openjdk\src\hotspot\share\prims\jni.cpp, line 516]
Event: 540.756 Thread 0x00000147c01e6620 Exception <a 'sun/nio/fs/WindowsException'{0x000000008f190b98}> (0x000000008f190b98) 
thrown [d:\a\1\s\lookaside\java-17-openjdk\src\hotspot\share\prims\jni.cpp, line 516]

VM Operations (20 events):
Event: 537.843 Executing VM operation: Cleanup done
Event: 538.775 Executing VM operation: G1CollectForAllocation
Event: 538.969 Executing VM operation: G1CollectForAllocation done
Event: 539.118 Executing VM operation: HandshakeAllThreads
Event: 539.133 Executing VM operation: HandshakeAllThreads done
Event: 539.149 Executing VM operation: HandshakeAllThreads
Event: 539.149 Executing VM operation: HandshakeAllThreads done
Event: 539.161 Executing VM operation: HandshakeAllThreads
Event: 539.162 Executing VM operation: HandshakeAllThreads done
Event: 539.200 Executing VM operation: G1CollectForAllocation
Event: 539.274 Executing VM operation: G1CollectForAllocation done
Event: 539.827 Executing VM operation: HandshakeAllThreads
Event: 539.979 Executing VM operation: HandshakeAllThreads done
Event: 540.826 Executing VM operation: HandshakeAllThreads
Event: 540.856 Executing VM operation: HandshakeAllThreads done
Event: 540.856 Executing VM operation: Cleanup
Event: 540.886 Executing VM operation: Cleanup done
Event: 541.053 Executing VM operation: G1CollectForAllocation
Event: 541.205 Executing VM operation: G1CollectForAllocation done
Event: 541.926 Executing VM operation: G1CollectForAllocation

Events (20 events):
Event: 539.999 Thread 0x00000147bf56d5e0 flushing nmethod 0x00000147aa85fb90
Event: 539.999 Thread 0x00000147bf56d5e0 flushing nmethod 0x00000147aa860410
Event: 539.999 Thread 0x00000147bf56d5e0 flushing nmethod 0x00000147aa862910
Event: 539.999 Thread 0x00000147bf56d5e0 flushing nmethod 0x00000147aa863210
Event: 540.001 Thread 0x00000147bf56d5e0 flushing nmethod 0x00000147aab08f10
Event: 540.009 Thread 0x00000147bf56d5e0 flushing nmethod 0x00000147ab2eba90
Event: 540.042 Thread 0x00000147bf56d5e0 flushing nmethod 0x00000147aba52010
Event: 540.042 Thread 0x00000147bf56d5e0 flushing nmethod 0x00000147abadde90
Event: 540.044 Thread 0x00000147bf56d5e0 flushing nmethod 0x00000147abd80990
Event: 540.046 Thread 0x00000147bf56d5e0 flushing nmethod 0x00000147abf9bc90
Event: 540.048 Thread 0x00000147bf56d5e0 flushing nmethod 0x00000147ac0fce90
Event: 540.054 Thread 0x00000147bf56d5e0 flushing nmethod 0x00000147ac7d0a10
Event: 540.057 Thread 0x00000147bf56d5e0 flushing nmethod 0x00000147acb56d90
Event: 540.058 Thread 0x00000147bf56d5e0 flushing nmethod 0x00000147acb6e410
Event: 540.058 Thread 0x00000147bf56d5e0 flushing nmethod 0x00000147acb73410
Event: 540.058 Thread 0x00000147bf56d5e0 flushing nmethod 0x00000147acb81610
Event: 540.058 Thread 0x00000147bf56d5e0 flushing nmethod 0x00000147acb83710
Event: 540.058 Thread 0x00000147bf56d5e0 flushing nmethod 0x00000147acb84090
Event: 540.058 Thread 0x00000147bf56d5e0 flushing nmethod 0x00000147acb90710
Event: 540.058 Thread 0x00000147bf56d5e0 flushing nmethod 0x00000147acbbed10


Dynamic libraries:
0x00007ff711ce0000 - 0x00007ff711d01000 	D:\java\ojdkbuild\java-17-openjdk-17.0.3.0.6-1\bin\java.exe
0x00007ff85fdb0000 - 0x00007ff85ffc7000 	C:\Windows\SYSTEM32\ntdll.dll
0x00007ff85e170000 - 0x00007ff85e234000 	C:\Windows\System32\KERNEL32.DLL
0x00007ff85d750000 - 0x00007ff85daf6000 	C:\Windows\System32\KERNELBASE.dll
0x00007ff85d4a0000 - 0x00007ff85d5b1000 	C:\Windows\System32\ucrtbase.dll
0x00007ff859270000 - 0x00007ff859288000 	D:\java\ojdkbuild\java-17-openjdk-17.0.3.0.6-1\bin\jli.dll
0x00007ff85ed70000 - 0x00007ff85ef1e000 	C:\Windows\System32\USER32.dll
0x00007ff85d260000 - 0x00007ff85d286000 	C:\Windows\System32\win32u.dll
0x00007ff85e9a0000 - 0x00007ff85e9c9000 	C:\Windows\System32\GDI32.dll
0x00007ff85d290000 - 0x00007ff85d3a8000 	C:\Windows\System32\gdi32full.dll
0x00007ff85d6b0000 - 0x00007ff85d74a000 	C:\Windows\System32\msvcp_win.dll
0x00007ff858880000 - 0x00007ff85889b000 	D:\java\ojdkbuild\java-17-openjdk-17.0.3.0.6-1\bin\VCRUNTIME140.dll
0x00007ff8493f0000 - 0x00007ff849683000 	C:\Windows\WinSxS\amd64_microsoft.windows.common-controls_6595b64144ccf1df_6.0.22621.2506_none_270c5ae97388e100\COMCTL32.dll
0x00007ff85ec40000 - 0x00007ff85ece7000 	C:\Windows\System32\msvcrt.dll
0x00007ff85e240000 - 0x00007ff85e271000 	C:\Windows\System32\IMM32.DLL
0x00007ff856f10000 - 0x00007ff856f1c000 	D:\java\ojdkbuild\java-17-openjdk-17.0.3.0.6-1\bin\vcruntime140_1.dll
0x00007ff824970000 - 0x00007ff8249fd000 	D:\java\ojdkbuild\java-17-openjdk-17.0.3.0.6-1\bin\msvcp140.dll
0x00007fffd8960000 - 0x00007fffd95bf000 	D:\java\ojdkbuild\java-17-openjdk-17.0.3.0.6-1\bin\server\jvm.dll
0x00007ff85e3c0000 - 0x00007ff85e473000 	C:\Windows\System32\ADVAPI32.dll
0x00007ff85e5a0000 - 0x00007ff85e648000 	C:\Windows\System32\sechost.dll
0x00007ff85d470000 - 0x00007ff85d498000 	C:\Windows\System32\bcrypt.dll
0x00007ff85e480000 - 0x00007ff85e597000 	C:\Windows\System32\RPCRT4.dll
0x00007ff85e990000 - 0x00007ff85e998000 	C:\Windows\System32\PSAPI.DLL
0x00007ff83ee40000 - 0x00007ff83ee49000 	C:\Windows\SYSTEM32\WSOCK32.dll
0x00007ff85ef30000 - 0x00007ff85efa1000 	C:\Windows\System32\WS2_32.dll
0x00007ff82e330000 - 0x00007ff82e364000 	C:\Windows\SYSTEM32\WINMM.dll
0x00007ff849f00000 - 0x00007ff849f0a000 	C:\Windows\SYSTEM32\VERSION.dll
0x00007ff85c180000 - 0x00007ff85c198000 	C:\Windows\SYSTEM32\kernel.appcore.dll
0x00007ff856f00000 - 0x00007ff856f0a000 	D:\java\ojdkbuild\java-17-openjdk-17.0.3.0.6-1\bin\jimage.dll
0x00007ff85aa40000 - 0x00007ff85ac73000 	C:\Windows\SYSTEM32\DBGHELP.DLL
0x00007ff85f820000 - 0x00007ff85fba9000 	C:\Windows\System32\combase.dll
0x00007ff85e280000 - 0x00007ff85e357000 	C:\Windows\System32\OLEAUT32.dll
0x00007ff843da0000 - 0x00007ff843dd2000 	C:\Windows\SYSTEM32\dbgcore.DLL
0x00007ff85d630000 - 0x00007ff85d6aa000 	C:\Windows\System32\bcryptPrimitives.dll
0x00007ff845c60000 - 0x00007ff845c85000 	D:\java\ojdkbuild\java-17-openjdk-17.0.3.0.6-1\bin\java.dll
0x00007ff80fab0000 - 0x00007ff80fb87000 	D:\java\ojdkbuild\java-17-openjdk-17.0.3.0.6-1\bin\jsvml.dll
0x00007ff85efc0000 - 0x00007ff85f81b000 	C:\Windows\System32\SHELL32.dll
0x00007ff85b010000 - 0x00007ff85b906000 	C:\Windows\SYSTEM32\windows.storage.dll
0x00007ff85aed0000 - 0x00007ff85b00e000 	C:\Windows\SYSTEM32\wintypes.dll
0x00007ff85db00000 - 0x00007ff85dbf3000 	C:\Windows\System32\SHCORE.dll
0x00007ff85e650000 - 0x00007ff85e6ae000 	C:\Windows\System32\shlwapi.dll
0x00007ff85d020000 - 0x00007ff85d046000 	C:\Windows\SYSTEM32\profapi.dll
0x00007ff849720000 - 0x00007ff849739000 	D:\java\ojdkbuild\java-17-openjdk-17.0.3.0.6-1\bin\net.dll
0x00007ff8531f0000 - 0x00007ff853327000 	C:\Windows\SYSTEM32\WINHTTP.dll
0x00007ff85c650000 - 0x00007ff85c6b9000 	C:\Windows\system32\mswsock.dll
0x00007ff8493b0000 - 0x00007ff8493c6000 	D:\java\ojdkbuild\java-17-openjdk-17.0.3.0.6-1\bin\nio.dll
0x00007ff83b680000 - 0x00007ff83b698000 	D:\java\ojdkbuild\java-17-openjdk-17.0.3.0.6-1\bin\zip.dll
0x00007ff84d470000 - 0x00007ff84d480000 	D:\java\ojdkbuild\java-17-openjdk-17.0.3.0.6-1\bin\verify.dll
0x00007ff835b50000 - 0x00007ff835b77000 	C:\Users\11218\.gradle\native\68d5fa5c4cc2d200863cafc0d521ce42e7d3e7ee720ec0a83991735586a16f82\windows-amd64\native-platform.dll
0x00007ff8010d0000 - 0x00007ff801214000 	C:\Users\11218\.gradle\native\e376f236ea51e6404a007f0833ffe2c6e607c4080706a723a18a27aeea778392\windows-amd64\native-platform-file-events.dll
0x00007ff848d50000 - 0x00007ff848d59000 	D:\java\ojdkbuild\java-17-openjdk-17.0.3.0.6-1\bin\management.dll
0x00007ff848a70000 - 0x00007ff848a7b000 	D:\java\ojdkbuild\java-17-openjdk-17.0.3.0.6-1\bin\management_ext.dll
0x00007ff85c9a0000 - 0x00007ff85c9bb000 	C:\Windows\SYSTEM32\CRYPTSP.dll
0x00007ff85c140000 - 0x00007ff85c175000 	C:\Windows\system32\rsaenh.dll
0x00007ff85c6f0000 - 0x00007ff85c71c000 	C:\Windows\SYSTEM32\USERENV.dll
0x00007ff85c980000 - 0x00007ff85c98c000 	C:\Windows\SYSTEM32\CRYPTBASE.dll
0x00007ff85bc20000 - 0x00007ff85bc4d000 	C:\Windows\SYSTEM32\IPHLPAPI.DLL
0x00007ff85eb30000 - 0x00007ff85eb39000 	C:\Windows\System32\NSI.dll
0x00007ff8531d0000 - 0x00007ff8531e9000 	C:\Windows\SYSTEM32\dhcpcsvc6.DLL
0x00007ff8531b0000 - 0x00007ff8531cf000 	C:\Windows\SYSTEM32\dhcpcsvc.DLL
0x00007ff85bca0000 - 0x00007ff85bd99000 	C:\Windows\SYSTEM32\DNSAPI.dll
0x00007ff846b90000 - 0x00007ff846b9d000 	D:\java\ojdkbuild\java-17-openjdk-17.0.3.0.6-1\bin\sunmscapi.dll
0x00007ff85d0f0000 - 0x00007ff85d256000 	C:\Windows\System32\CRYPT32.dll
0x00007ff85cab0000 - 0x00007ff85cade000 	C:\Windows\SYSTEM32\ncrypt.dll
0x00007ff85ca70000 - 0x00007ff85caa7000 	C:\Windows\SYSTEM32\NTASN1.dll
0x00007ff8496e0000 - 0x00007ff8496e8000 	C:\Windows\system32\wshunix.dll
0x00007ff83bf20000 - 0x00007ff83bf37000 	C:\Windows\system32\napinsp.dll
0x00007ff83bf00000 - 0x00007ff83bf1b000 	C:\Windows\system32\pnrpnsp.dll
0x00007ff83bee0000 - 0x00007ff83bef1000 	C:\Windows\System32\winrnr.dll
0x00007ff849f10000 - 0x00007ff849f25000 	C:\Windows\system32\wshbth.dll
0x00007ff83beb0000 - 0x00007ff83bed1000 	C:\Windows\system32\nlansp_c.dll
0x00007ff849e50000 - 0x00007ff849e5a000 	C:\Windows\System32\rasadhlp.dll
0x00007ff849be0000 - 0x00007ff849c63000 	C:\Windows\System32\fwpuclnt.dll
0x00007ff85c200000 - 0x00007ff85c234000 	C:\Windows\SYSTEM32\ntmarta.dll
0x00007ff82d960000 - 0x00007ff82d97e000 	C:\Users\11218\AppData\Local\temp\native-platform6264276084299043348dir\native-platform.dll
0x00007ff848a40000 - 0x00007ff848a47000 	D:\java\ojdkbuild\java-17-openjdk-17.0.3.0.6-1\bin\rmi.dll

dbghelp: loaded successfully - version: 4.0.5 - missing functions: none
symbol engine: initialized successfully - sym options: 0x614 - pdb path: .;D:\java\ojdkbuild\java-17-openjdk-17.0.3.0.6-1\bin;C:\Windows\SYSTEM32;C:\Windows\WinSxS\amd64_microsoft.windows.common-controls_6595b64144ccf1df_6.0.22621.2506_none_270c5ae97388e100;D:\java\ojdkbuild\java-17-openjdk-17.0.3.0.6-1\bin\server;C:\Users\11218\.gradle\native\68d5fa5c4cc2d200863cafc0d521ce42e7d3e7ee720ec0a83991735586a16f82\windows-amd64;C:\Users\11218\.gradle\native\e376f236ea51e6404a007f0833ffe2c6e607c4080706a723a18a27aeea778392\windows-amd64;C:\Users\11218\AppData\Local\temp\native-platform6264276084299043348dir

VM Arguments:
jvm_args: --add-opens=java.base/java.util=ALL-UNNAMED --add-opens=java.base/java.lang=ALL-UNNAMED --add-opens=java.base/java.lang.invoke=ALL-UNNAMED --add-opens=java.prefs/java.util.prefs=ALL-UNNAMED --add-opens=java.base/java.nio.charset=ALL-UNNAMED --add-opens=java.base/java.net=ALL-UNNAMED --add-opens=java.base/java.util.concurrent.atomic=ALL-UNNAMED -Xmx2048m -Dfile.encoding=UTF-8 -Duser.country=CN -Duser.language=zh -Duser.variant 
java_command: org.gradle.launcher.daemon.bootstrap.GradleDaemon 8.0
java_class_path (initial): C:\Users\11218\.gradle\wrapper\dists\gradle-8.0-all\a2o1xoguejy6msdh0lk99lxza\gradle-8.0\lib\gradle-launcher-8.0.jar
Launcher Type: SUN_STANDARD

[Global flags]
     intx CICompilerCount                          = 2                                         {product} {ergonomic}
     uint ConcGCThreads                            = 1                                         {product} {ergonomic}
     uint G1ConcRefinementThreads                  = 2                                         {product} {ergonomic}
   size_t G1HeapRegionSize                         = 1048576                                   {product} {ergonomic}
    uintx GCDrainStackTargetSize                   = 64                                        {product} {ergonomic}
   size_t InitialHeapSize                          = 132120576                                 {product} {ergonomic}
   size_t MarkStackSize                            = 4194304                                   {product} {ergonomic}
   size_t MaxHeapSize                              = 2147483648                                {product} {command line}
   size_t MaxNewSize                               = 1287651328                                {product} {ergonomic}
   size_t MinHeapDeltaBytes                        = 1048576                                   {product} {ergonomic}
   size_t MinHeapSize                              = 8388608                                   {product} {ergonomic}
    uintx NonNMethodCodeHeapSize                   = 5826188                                {pd product} {ergonomic}
    uintx NonProfiledCodeHeapSize                  = 122916026                              {pd product} {ergonomic}
    uintx ProfiledCodeHeapSize                     = 122916026                              {pd product} {ergonomic}
    uintx ReservedCodeCacheSize                    = 251658240                              {pd product} {ergonomic}
     bool SegmentedCodeCache                       = true                                      {product} {ergonomic}
   size_t SoftMaxHeapSize                          = 2147483648                             {manageable} {ergonomic}
     bool UseCompressedClassPointers               = true                           {product lp64_product} {ergonomic}
     bool UseCompressedOops                        = true                           {product lp64_product} {ergonomic}
     bool UseG1GC                                  = true                                      {product} {ergonomic}
     bool UseLargePagesIndividualAllocation        = false                                  {pd product} {ergonomic}

Logging:
Log output configuration:
 #0: stdout all=warning uptime,level,tags
 #1: stderr all=off uptime,level,tags

Environment Variables:
JAVA_HOME=D:\java\ojdkbuild\java-17-openjdk-17.0.3.0.6-1
CLASSPATH=D:\androidLearning\AndroidStudioProjects\serviceTest1\\gradle\wrapper\gradle-wrapper.jar
PATH=C:\Users\11218\miniconda3\condabin;C:\Windows\system32;C:\Windows;C:\Windows\System32\Wbem;C:\Windows\System32\WindowsPowerShell\v1.0\;C:\Windows\System32\OpenSSH\;D:\powershell\powershell7;d:\python3.11;C:\Program Files\WinRAR;C:\Program Files\Microsoft Office\root\Office16;C:\Program Files\PuTTY\;C:\Users\11218\AppData\Local\Microsoft\WindowsApps;C:\Program Files\dotnet\;D:\mytools\MinGit-2.11.1.mingit.prerelease.4-64-bit\cmd;D:\mytools\MinGit-2.11.1.mingit.prerelease.4-64-bit\usr\bin;D:\mytools\WiresharkPortable64\App\Wireshark;D:\MYTOOLS\SPSS1\JRE\bin;D:\myPython\goods;D:\mytools\SPSS1;C:\Users\11218\AppData\Roaming\nvda\addons\NVBox\globalPlugins\nvbox\adb;d:\java\ojdkbuild\java-17-openjdk-17.0.3.0.6-1.jre\bin;C:\Program Files\Docker\Docker\resources\bin;d:\java\ojdkbuild\java-17-openjdk-17.0.3.0.6-1\bin;D:\androidLearning\gradle\gradle-8.0\bin;D:\java\ojdkbuild\java-17-openjdk-17.0.3.0.6-1\bin;D:/java/ojdkbuild/java-17-openjdk-17.0.3.0.6-1.jre\bin;D:/java/ojdkbuild/java-17-openjdk-17.0.3.0.6-1.jre\bin\server;D:\ANDROIDLEARNING\REVERSE;C:\Users\11218\AppData\Local\Programs\Python\Python311;D:\myPython\NVSrC;C:\Users\11218\.gradle\wrapper\dists\gradle-8.0-all\a2o1xoguejy6msdh0lk99lxza\gradle-8.0\bin;D:\androidLearning\REVERSE\jadx\bin;C:\Program Files\Cloudflare\Cloudflare WARP\;D:\mypython\nvsrc\py-3-11-32\Scripts\;D:\mypython\nvsrc\py-3-11-32\;C:\Users\11218\AppData\Local\Programs\Python\Python311\;C:\Users\11218\miniconda3;C:\Users\11218\miniconda3\Library\mingw-w64\bin;C:\Users\11218\miniconda3\Library\usr\bin;C:\Users\11218\miniconda3\Library\bin;C:\Users\11218\miniconda3\Scripts;C:\Users\11218\scoop\shims;C:\Users\11218\AppData\Local\Microsoft\WindowsApps;C:\Users\11218\AppData\Local\Programs\Microsoft VS Code\bin;D:\myPython\goods;C:\Users\11218\AppData\Local\Microsoft\WinGet\Links;C:\Users\11218\.dotnet\tools
USERNAME=Stranger
OS=Windows_NT
PROCESSOR_IDENTIFIER=Intel64 Family 6 Model 122 Stepping 8, GenuineIntel



---------------  S Y S T E M  ---------------

OS:
 Windows 11 , 64 bit Build 22621 (10.0.22621.3085)
OS uptime: 6 days 22:23 hours
Hyper-V role detected

CPU: total 2 (initial active 2) (2 cores per cpu, 1 threads per core) family 6 model 122 stepping 8 microcode 0x1a, cx8, cmov, fxsr, mmx, 3dnowpref, sse, sse2, sse3, ssse3, sse4.1, sse4.2, popcnt, tsc, tscinvbit, aes, erms, clmul, sha, clflush, clflushopt, hv

Memory: 4k page, system-wide physical 7995M (664M free)
TotalPageFile size 18209M (AvailPageFile size 81M)
current process WorkingSet (physical memory assigned to process): 655M, peak: 659M
current process commit charge ("private bytes"): 713M, peak: 935M

vm_info: OpenJDK 64-Bit Server VM (17.0.3+6-LTS) for windows-amd64 JRE (17.0.3+6-LTS), built on May  3 2022 21:26:56 by "" with MS VC++ 16.10 / 16.11 (VS2019)

END.
