#
# There is insufficient memory for the Java Runtime Environment to continue.
# Native memory allocation (malloc) failed to allocate 32744 bytes for ChunkPool::allocate
# Possible reasons:
#   The system is out of physical RAM or swap space
#   The process is running with CompressedOops enabled, and the Java Heap may be blocking the growth of the native heap
# Possible solutions:
#   Reduce memory load on the system
#   Increase physical memory or swap space
#   Check if swap backing store is full
#   Decrease Java heap size (-Xmx/-Xms)
#   Decrease number of Java threads
#   Decrease Java thread stack sizes (-Xss)
#   Set larger code cache with -XX:ReservedCodeCacheSize=
#   JVM is running with Unscaled Compressed Oops mode in which the Java heap is
#     placed in the first 4GB address space. The Java Heap base address is the
#     maximum limit for the native heap growth. Please use -XX:HeapBaseMinAddress
#     to set the Java Heap base and to place the Java Heap above 4GB virtual address.
# This output file may be truncated or incomplete.
#
#  Out of Memory Error (arena.cpp:78), pid=2116, tid=31248
#
# JRE version: OpenJDK Runtime Environment 21.9 (17.0.3+6) (build 17.0.3+6-LTS)
# Java VM: OpenJDK 64-Bit Server VM 21.9 (17.0.3+6-LTS, mixed mode, sharing, tiered, compressed oops, compressed class ptrs, g1 gc, windows-amd64)
# No core dump will be written. Minidumps are not enabled by default on client versions of Windows
#

---------------  S U M M A R Y ------------

Command Line: -Xmx64m -Xms64m -Dorg.gradle.appname=gradlew org.gradle.wrapper.GradleWrapperMain ASSEMBLE

Host: Intel(R) Celeron(R) N4020 CPU @ 1.10GHz, 2 cores, 7G,  Windows 11 , 64 bit Build 22621 (10.0.22621.3085)
Time: Mon Mar 18 21:34:51 2024  Windows 11 , 64 bit Build 22621 (10.0.22621.3085) elapsed time: 271.014038 seconds (0d 0h 4m 31s)

---------------  T H R E A D  ---------------

Current thread (0x000001aeeab83be0):  JavaThread "C2 CompilerThread0" daemon [_thread_in_native, id=31248, stack(0x0000006ee8400000,0x0000006ee8500000)]


Current CompileTask:
C2: 271014 1697   !   4       java.io.BufferedReader::readLine (327 bytes)

Stack: [0x0000006ee8400000,0x0000006ee8500000]
Native frames: (J=compiled Java code, j=interpreted, Vv=VM code, C=native code)
V  [jvm.dll+0x67720a]
V  [jvm.dll+0x832514]
V  [jvm.dll+0x833cbe]
V  [jvm.dll+0x834323]
V  [jvm.dll+0x245815]
V  [jvm.dll+0xac160]
V  [jvm.dll+0xac4ac]
V  [jvm.dll+0x602ba0]
V  [jvm.dll+0x602d39]
V  [jvm.dll+0x6088f7]
V  [jvm.dll+0x609772]
V  [jvm.dll+0x607cd4]
V  [jvm.dll+0x2185e8]
V  [jvm.dll+0x217b91]
V  [jvm.dll+0x1a400d]
V  [jvm.dll+0x227508]
V  [jvm.dll+0x22565c]
V  [jvm.dll+0x7e7d5c]
V  [jvm.dll+0x7e230a]
V  [jvm.dll+0x676095]
C  [ucrtbase.dll+0x29363]
C  [KERNEL32.DLL+0x1257d]
C  [ntdll.dll+0x5aa58]


---------------  P R O C E S S  ---------------

Threads class SMR info:
_java_thread_list=0x000001aeec6ee900, length=15, elements={
0x000001aed1e85dc0, 0x000001aeeab52000, 0x000001aeeab52d80, 0x000001aeeab7dc70,
0x000001aeeab7f990, 0x000001aeeab80540, 0x000001aeeab82f00, 0x000001aeeab83be0,
0x000001aeeab70490, 0x000001aeeab70d90, 0x000001aeeb82cc80, 0x000001aeeb831000,
0x000001aeec1ba030, 0x000001aeec700460, 0x000001aeec700930
}

Java Threads: ( => current thread )
  0x000001aed1e85dc0 JavaThread "main" [_thread_in_vm, id=31848, stack(0x0000006ee7700000,0x0000006ee7800000)]
  0x000001aeeab52000 JavaThread "Reference Handler" daemon [_thread_blocked, id=9076, stack(0x0000006ee7e00000,0x0000006ee7f00000)]
  0x000001aeeab52d80 JavaThread "Finalizer" daemon [_thread_blocked, id=26736, stack(0x0000006ee7f00000,0x0000006ee8000000)]
  0x000001aeeab7dc70 JavaThread "Signal Dispatcher" daemon [_thread_blocked, id=29140, stack(0x0000006ee8000000,0x0000006ee8100000)]
  0x000001aeeab7f990 JavaThread "Attach Listener" daemon [_thread_blocked, id=23044, stack(0x0000006ee8100000,0x0000006ee8200000)]
  0x000001aeeab80540 JavaThread "Service Thread" daemon [_thread_blocked, id=32544, stack(0x0000006ee8200000,0x0000006ee8300000)]
  0x000001aeeab82f00 JavaThread "Monitor Deflation Thread" daemon [_thread_blocked, id=25036, stack(0x0000006ee8300000,0x0000006ee8400000)]
=>0x000001aeeab83be0 JavaThread "C2 CompilerThread0" daemon [_thread_in_native, id=31248, stack(0x0000006ee8400000,0x0000006ee8500000)]
  0x000001aeeab70490 JavaThread "C1 CompilerThread0" daemon [_thread_blocked, id=31224, stack(0x0000006ee8500000,0x0000006ee8600000)]
  0x000001aeeab70d90 JavaThread "Sweeper thread" daemon [_thread_blocked, id=30544, stack(0x0000006ee8600000,0x0000006ee8700000)]
  0x000001aeeb82cc80 JavaThread "Notification Thread" daemon [_thread_blocked, id=29644, stack(0x0000006ee8700000,0x0000006ee8800000)]
  0x000001aeeb831000 JavaThread "Common-Cleaner" daemon [_thread_blocked, id=16248, stack(0x0000006ee8900000,0x0000006ee8a00000)]
  0x000001aeec1ba030 JavaThread "pool-1-thread-1" [_thread_blocked, id=31648, stack(0x0000006ee8b00000,0x0000006ee8c00000)]
  0x000001aeec700460 JavaThread "DisconnectableInputStream source reader" daemon [_thread_in_native, id=25652, stack(0x0000006ee8d00000,0x0000006ee8e00000)]
  0x000001aeec700930 JavaThread "Forward input" [_thread_blocked, id=25860, stack(0x0000006ee8e00000,0x0000006ee8f00000)]

Other Threads:
  0x000001aed1f4d240 VMThread "VM Thread" [stack: 0x0000006ee7d00000,0x0000006ee7e00000] [id=15760]
  0x000001aeeb82d770 WatcherThread [stack: 0x0000006ee8800000,0x0000006ee8900000] [id=32368]
  0x000001aed1ea5480 GCTaskThread "GC Thread#0" [stack: 0x0000006ee7800000,0x0000006ee7900000] [id=19036]
  0x000001aeeb9d7f40 GCTaskThread "GC Thread#1" [stack: 0x0000006ee8a00000,0x0000006ee8b00000] [id=30972]
  0x000001aed1ea6bc0 ConcurrentGCThread "G1 Main Marker" [stack: 0x0000006ee7900000,0x0000006ee7a00000] [id=10028]
  0x000001aed1ea7d70 ConcurrentGCThread "G1 Conc#0" [stack: 0x0000006ee7a00000,0x0000006ee7b00000] [id=12396]
  0x000001aed1ef0800 ConcurrentGCThread "G1 Refine#0" [stack: 0x0000006ee7b00000,0x0000006ee7c00000] [id=9472]
  0x000001aed1ef1220 ConcurrentGCThread "G1 Service" [stack: 0x0000006ee7c00000,0x0000006ee7d00000] [id=6088]

Threads with active compile tasks:
C2 CompilerThread0   271073 1697   !   4       java.io.BufferedReader::readLine (327 bytes)

VM state: not at safepoint (normal execution)

VM Mutex/Monitor currently owned by a thread: None

Heap address: 0x00000000fc000000, size: 64 MB, Compressed Oops mode: 32-bit

CDS archive(s) mapped at: [0x0000000800000000-0x0000000800bc0000-0x0000000800bc0000), size 12320768, SharedBaseAddress: 0x0000000800000000, ArchiveRelocationMode: 0.
Compressed class space mapped at: 0x0000000800c00000-0x0000000840c00000, reserved size: 1073741824
Narrow klass base: 0x0000000800000000, Narrow klass shift: 0, Narrow klass range: 0x100000000

GC Precious Log:
 CPUs: 2 total, 2 available
 Memory: 7995M
 Large Page Support: Disabled
 NUMA Support: Disabled
 Compressed Oops: Enabled (32-bit)
 Heap Region Size: 1M
 Heap Min Capacity: 64M
 Heap Initial Capacity: 64M
 Heap Max Capacity: 64M
 Pre-touch: Disabled
 Parallel Workers: 2
 Concurrent Workers: 1
 Concurrent Refinement Workers: 2
 Periodic GC: Disabled

Heap:
 garbage-first heap   total 65536K, used 18130K [0x00000000fc000000, 0x0000000100000000)
  region size 1024K, 8 young (8192K), 1 survivors (1024K)
 Metaspace       used 8842K, committed 8960K, reserved 1056768K
  class space    used 1160K, committed 1216K, reserved 1048576K

Heap Regions: E=young(eden), S=young(survivor), O=old, HS=humongous(starts), HC=humongous(continues), CS=collection set, F=free, OA=open archive, CA=closed archive, TAMS=top-at-mark-start (previous, next)
|   0|0x00000000fc000000, 0x00000000fc100000, 0x00000000fc100000|100%| O|  |TAMS 0x00000000fc000000, 0x00000000fc000000| Untracked 
|   1|0x00000000fc100000, 0x00000000fc200000, 0x00000000fc200000|100%| O|  |TAMS 0x00000000fc100000, 0x00000000fc100000| Untracked 
|   2|0x00000000fc200000, 0x00000000fc300000, 0x00000000fc300000|100%|HS|  |TAMS 0x00000000fc200000, 0x00000000fc200000| Complete 
|   3|0x00000000fc300000, 0x00000000fc400000, 0x00000000fc400000|100%|HC|  |TAMS 0x00000000fc300000, 0x00000000fc300000| Complete 
|   4|0x00000000fc400000, 0x00000000fc500000, 0x00000000fc500000|100%|HC|  |TAMS 0x00000000fc400000, 0x00000000fc400000| Complete 
|   5|0x00000000fc500000, 0x00000000fc600000, 0x00000000fc600000|100%|HC|  |TAMS 0x00000000fc500000, 0x00000000fc500000| Complete 
|   6|0x00000000fc600000, 0x00000000fc700000, 0x00000000fc700000|100%| O|  |TAMS 0x00000000fc600000, 0x00000000fc600000| Untracked 
|   7|0x00000000fc700000, 0x00000000fc800000, 0x00000000fc800000|100%| O|  |TAMS 0x00000000fc700000, 0x00000000fc700000| Untracked 
|   8|0x00000000fc800000, 0x00000000fc900000, 0x00000000fc900000|100%| O|  |TAMS 0x00000000fc800000, 0x00000000fc800000| Untracked 
|   9|0x00000000fc900000, 0x00000000fca00000, 0x00000000fca00000|100%| O|  |TAMS 0x00000000fc900000, 0x00000000fc900000| Untracked 
|  10|0x00000000fca00000, 0x00000000fcac6200, 0x00000000fcb00000| 77%| O|  |TAMS 0x00000000fca00000, 0x00000000fca00000| Untracked 
|  11|0x00000000fcb00000, 0x00000000fcb00000, 0x00000000fcc00000|  0%| F|  |TAMS 0x00000000fcb00000, 0x00000000fcb00000| Untracked 
|  12|0x00000000fcc00000, 0x00000000fcc00000, 0x00000000fcd00000|  0%| F|  |TAMS 0x00000000fcc00000, 0x00000000fcc00000| Untracked 
|  13|0x00000000fcd00000, 0x00000000fcd00000, 0x00000000fce00000|  0%| F|  |TAMS 0x00000000fcd00000, 0x00000000fcd00000| Untracked 
|  14|0x00000000fce00000, 0x00000000fce00000, 0x00000000fcf00000|  0%| F|  |TAMS 0x00000000fce00000, 0x00000000fce00000| Untracked 
|  15|0x00000000fcf00000, 0x00000000fcf00000, 0x00000000fd000000|  0%| F|  |TAMS 0x00000000fcf00000, 0x00000000fcf00000| Untracked 
|  16|0x00000000fd000000, 0x00000000fd000000, 0x00000000fd100000|  0%| F|  |TAMS 0x00000000fd000000, 0x00000000fd000000| Untracked 
|  17|0x00000000fd100000, 0x00000000fd100000, 0x00000000fd200000|  0%| F|  |TAMS 0x00000000fd100000, 0x00000000fd100000| Untracked 
|  18|0x00000000fd200000, 0x00000000fd200000, 0x00000000fd300000|  0%| F|  |TAMS 0x00000000fd200000, 0x00000000fd200000| Untracked 
|  19|0x00000000fd300000, 0x00000000fd300000, 0x00000000fd400000|  0%| F|  |TAMS 0x00000000fd300000, 0x00000000fd300000| Untracked 
|  20|0x00000000fd400000, 0x00000000fd400000, 0x00000000fd500000|  0%| F|  |TAMS 0x00000000fd400000, 0x00000000fd400000| Untracked 
|  21|0x00000000fd500000, 0x00000000fd500000, 0x00000000fd600000|  0%| F|  |TAMS 0x00000000fd500000, 0x00000000fd500000| Untracked 
|  22|0x00000000fd600000, 0x00000000fd600000, 0x00000000fd700000|  0%| F|  |TAMS 0x00000000fd600000, 0x00000000fd600000| Untracked 
|  23|0x00000000fd700000, 0x00000000fd700000, 0x00000000fd800000|  0%| F|  |TAMS 0x00000000fd700000, 0x00000000fd700000| Untracked 
|  24|0x00000000fd800000, 0x00000000fd800000, 0x00000000fd900000|  0%| F|  |TAMS 0x00000000fd800000, 0x00000000fd800000| Untracked 
|  25|0x00000000fd900000, 0x00000000fd900000, 0x00000000fda00000|  0%| F|  |TAMS 0x00000000fd900000, 0x00000000fd900000| Untracked 
|  26|0x00000000fda00000, 0x00000000fda00000, 0x00000000fdb00000|  0%| F|  |TAMS 0x00000000fda00000, 0x00000000fda00000| Untracked 
|  27|0x00000000fdb00000, 0x00000000fdb00000, 0x00000000fdc00000|  0%| F|  |TAMS 0x00000000fdb00000, 0x00000000fdb00000| Untracked 
|  28|0x00000000fdc00000, 0x00000000fdc00000, 0x00000000fdd00000|  0%| F|  |TAMS 0x00000000fdc00000, 0x00000000fdc00000| Untracked 
|  29|0x00000000fdd00000, 0x00000000fdd00000, 0x00000000fde00000|  0%| F|  |TAMS 0x00000000fdd00000, 0x00000000fdd00000| Untracked 
|  30|0x00000000fde00000, 0x00000000fde00000, 0x00000000fdf00000|  0%| F|  |TAMS 0x00000000fde00000, 0x00000000fde00000| Untracked 
|  31|0x00000000fdf00000, 0x00000000fdf00000, 0x00000000fe000000|  0%| F|  |TAMS 0x00000000fdf00000, 0x00000000fdf00000| Untracked 
|  32|0x00000000fe000000, 0x00000000fe000000, 0x00000000fe100000|  0%| F|  |TAMS 0x00000000fe000000, 0x00000000fe000000| Untracked 
|  33|0x00000000fe100000, 0x00000000fe100000, 0x00000000fe200000|  0%| F|  |TAMS 0x00000000fe100000, 0x00000000fe100000| Untracked 
|  34|0x00000000fe200000, 0x00000000fe200000, 0x00000000fe300000|  0%| F|  |TAMS 0x00000000fe200000, 0x00000000fe200000| Untracked 
|  35|0x00000000fe300000, 0x00000000fe300000, 0x00000000fe400000|  0%| F|  |TAMS 0x00000000fe300000, 0x00000000fe300000| Untracked 
|  36|0x00000000fe400000, 0x00000000fe400000, 0x00000000fe500000|  0%| F|  |TAMS 0x00000000fe400000, 0x00000000fe400000| Untracked 
|  37|0x00000000fe500000, 0x00000000fe500000, 0x00000000fe600000|  0%| F|  |TAMS 0x00000000fe500000, 0x00000000fe500000| Untracked 
|  38|0x00000000fe600000, 0x00000000fe600000, 0x00000000fe700000|  0%| F|  |TAMS 0x00000000fe600000, 0x00000000fe600000| Untracked 
|  39|0x00000000fe700000, 0x00000000fe700000, 0x00000000fe800000|  0%| F|  |TAMS 0x00000000fe700000, 0x00000000fe700000| Untracked 
|  40|0x00000000fe800000, 0x00000000fe800000, 0x00000000fe900000|  0%| F|  |TAMS 0x00000000fe800000, 0x00000000fe800000| Untracked 
|  41|0x00000000fe900000, 0x00000000fe900000, 0x00000000fea00000|  0%| F|  |TAMS 0x00000000fe900000, 0x00000000fe900000| Untracked 
|  42|0x00000000fea00000, 0x00000000fea00000, 0x00000000feb00000|  0%| F|  |TAMS 0x00000000fea00000, 0x00000000fea00000| Untracked 
|  43|0x00000000feb00000, 0x00000000feb00000, 0x00000000fec00000|  0%| F|  |TAMS 0x00000000feb00000, 0x00000000feb00000| Untracked 
|  44|0x00000000fec00000, 0x00000000fec00000, 0x00000000fed00000|  0%| F|  |TAMS 0x00000000fec00000, 0x00000000fec00000| Untracked 
|  45|0x00000000fed00000, 0x00000000fed00000, 0x00000000fee00000|  0%| F|  |TAMS 0x00000000fed00000, 0x00000000fed00000| Untracked 
|  46|0x00000000fee00000, 0x00000000fee00000, 0x00000000fef00000|  0%| F|  |TAMS 0x00000000fee00000, 0x00000000fee00000| Untracked 
|  47|0x00000000fef00000, 0x00000000fef00000, 0x00000000ff000000|  0%| F|  |TAMS 0x00000000fef00000, 0x00000000fef00000| Untracked 
|  48|0x00000000ff000000, 0x00000000ff0ee978, 0x00000000ff100000| 93%| S|CS|TAMS 0x00000000ff000000, 0x00000000ff000000| Complete 
|  49|0x00000000ff100000, 0x00000000ff100000, 0x00000000ff200000|  0%| F|  |TAMS 0x00000000ff100000, 0x00000000ff100000| Untracked 
|  50|0x00000000ff200000, 0x00000000ff200000, 0x00000000ff300000|  0%| F|  |TAMS 0x00000000ff200000, 0x00000000ff200000| Untracked 
|  51|0x00000000ff300000, 0x00000000ff300000, 0x00000000ff400000|  0%| F|  |TAMS 0x00000000ff300000, 0x00000000ff300000| Untracked 
|  52|0x00000000ff400000, 0x00000000ff400000, 0x00000000ff500000|  0%| F|  |TAMS 0x00000000ff400000, 0x00000000ff400000| Untracked 
|  53|0x00000000ff500000, 0x00000000ff500000, 0x00000000ff600000|  0%| F|  |TAMS 0x00000000ff500000, 0x00000000ff500000| Untracked 
|  54|0x00000000ff600000, 0x00000000ff600000, 0x00000000ff700000|  0%| F|  |TAMS 0x00000000ff600000, 0x00000000ff600000| Untracked 
|  55|0x00000000ff700000, 0x00000000ff700000, 0x00000000ff800000|  0%| F|  |TAMS 0x00000000ff700000, 0x00000000ff700000| Untracked 
|  56|0x00000000ff800000, 0x00000000ff800000, 0x00000000ff900000|  0%| F|  |TAMS 0x00000000ff800000, 0x00000000ff800000| Untracked 
|  57|0x00000000ff900000, 0x00000000ffa00000, 0x00000000ffa00000|100%| E|  |TAMS 0x00000000ff900000, 0x00000000ff900000| Complete 
|  58|0x00000000ffa00000, 0x00000000ffb00000, 0x00000000ffb00000|100%| E|CS|TAMS 0x00000000ffa00000, 0x00000000ffa00000| Complete 
|  59|0x00000000ffb00000, 0x00000000ffc00000, 0x00000000ffc00000|100%| E|CS|TAMS 0x00000000ffb00000, 0x00000000ffb00000| Complete 
|  60|0x00000000ffc00000, 0x00000000ffd00000, 0x00000000ffd00000|100%| E|CS|TAMS 0x00000000ffc00000, 0x00000000ffc00000| Complete 
|  61|0x00000000ffd00000, 0x00000000ffe00000, 0x00000000ffe00000|100%| E|CS|TAMS 0x00000000ffd00000, 0x00000000ffd00000| Complete 
|  62|0x00000000ffe00000, 0x00000000fff00000, 0x00000000fff00000|100%| E|CS|TAMS 0x00000000ffe00000, 0x00000000ffe00000| Complete 
|  63|0x00000000fff00000, 0x0000000100000000, 0x0000000100000000|100%| E|CS|TAMS 0x00000000fff00000, 0x00000000fff00000| Complete 

Card table byte_map: [0x000001aed1a80000,0x000001aed1aa0000] _byte_map_base: 0x000001aed12a0000

Marking Bits (Prev, Next): (CMBitMap*) 0x000001aed1ea5a90, (CMBitMap*) 0x000001aed1ea5ad0
 Prev Bits: [0x000001aed1ac0000, 0x000001aed1bc0000)
 Next Bits: [0x000001aed1bc0000, 0x000001aed1cc0000)

Polling page: 0x000001aecfd80000

Metaspace:

Usage:
  Non-class:      7.50 MB used.
      Class:      1.13 MB used.
       Both:      8.64 MB used.

Virtual space:
  Non-class space:        8.00 MB reserved,       7.56 MB ( 95%) committed,  1 nodes.
      Class space:        1.00 GB reserved,       1.19 MB ( <1%) committed,  1 nodes.
             Both:        1.01 GB reserved,       8.75 MB ( <1%) committed. 

Chunk freelists:
   Non-Class:  64.00 KB
       Class:  2.64 MB
        Both:  2.70 MB

MaxMetaspaceSize: unlimited
CompressedClassSpaceSize: 1.00 GB
Initial GC threshold: 21.00 MB
Current GC threshold: 21.00 MB
CDS: on
MetaspaceReclaimPolicy: balanced
 - commit_granule_bytes: 65536.
 - commit_granule_words: 8192.
 - virtual_space_node_default_size: 1048576.
 - enlarge_chunks_in_place: 1.
 - new_chunks_are_fully_committed: 0.
 - uncommit_free_chunks: 1.
 - use_allocation_guard: 0.
 - handle_deallocations: 1.


Internal statistics:

num_allocs_failed_limit: 0.
num_arena_births: 76.
num_arena_deaths: 0.
num_vsnodes_births: 2.
num_vsnodes_deaths: 0.
num_space_committed: 140.
num_space_uncommitted: 0.
num_chunks_returned_to_freelist: 0.
num_chunks_taken_from_freelist: 308.
num_chunk_merges: 0.
num_chunk_splits: 208.
num_chunks_enlarged: 173.
num_purges: 0.
num_inconsistent_stats: 0.

CodeHeap 'non-profiled nmethods': size=120064Kb used=594Kb max_used=594Kb free=119469Kb
 bounds [0x000001aee1420000, 0x000001aee1690000, 0x000001aee8960000]
CodeHeap 'profiled nmethods': size=120000Kb used=3265Kb max_used=3265Kb free=116734Kb
 bounds [0x000001aed9ef0000, 0x000001aeda230000, 0x000001aee1420000]
CodeHeap 'non-nmethods': size=5696Kb used=1171Kb max_used=1193Kb free=4525Kb
 bounds [0x000001aed9960000, 0x000001aed9bd0000, 0x000001aed9ef0000]
 total_blobs=2170 nmethods=1702 adapters=382
 compilation: enabled
              stopped_count=0, restarted_count=0
 full_count=0

Compilation events (20 events):
Event: 266.577 Thread 0x000001aeeab70490 nmethod 1693 0x000001aeda21b310 code [0x000001aeda21b4c0, 0x000001aeda21b608]
Event: 266.577 Thread 0x000001aeeab70490 1694       3       org.gradle.internal.logging.serializer.ProgressCompleteEventSerializer::read (51 bytes)
Event: 266.578 Thread 0x000001aeeab70490 nmethod 1694 0x000001aeda21b690 code [0x000001aeda21b8c0, 0x000001aeda21c1a8]
Event: 266.671 Thread 0x000001aeeab70490 1695       3       org.gradle.internal.logging.sink.GroupingProgressLogEventGenerator::onComplete (58 bytes)
Event: 266.672 Thread 0x000001aeeab70490 nmethod 1695 0x000001aeda21c490 code [0x000001aeda21c6a0, 0x000001aeda21cf08]
Event: 270.986 Thread 0x000001aeeab70490 1696       1       java.util.LinkedList::size (5 bytes)
Event: 270.986 Thread 0x000001aeeab70490 nmethod 1696 0x000001aee14b4810 code [0x000001aee14b49a0, 0x000001aee14b4a78]
Event: 270.986 Thread 0x000001aeeab83be0 1697   !   4       java.io.BufferedReader::readLine (327 bytes)
Event: 270.987 Thread 0x000001aeeab70490 1698       3       java.util.LinkedList::checkPositionIndex (22 bytes)
Event: 270.988 Thread 0x000001aeeab70490 nmethod 1698 0x000001aeda21d190 code [0x000001aeda21d3e0, 0x000001aeda21db48]
Event: 270.988 Thread 0x000001aeeab70490 1699       3       java.util.LinkedList::node (65 bytes)
Event: 270.991 Thread 0x000001aeeab70490 nmethod 1699 0x000001aeda21de90 code [0x000001aeda21e040, 0x000001aeda21e318]
Event: 270.997 Thread 0x000001aeeab70490 1701       3       org.gradle.util.internal.LimitedDescription::append (33 bytes)
Event: 270.998 Thread 0x000001aeeab70490 nmethod 1701 0x000001aeda21e490 code [0x000001aeda21e6e0, 0x000001aeda21ee68]
Event: 270.999 Thread 0x000001aeeab70490 1702       3       java.util.LinkedList::linkBefore (63 bytes)
Event: 271.000 Thread 0x000001aeeab70490 nmethod 1702 0x000001aeda21f190 code [0x000001aeda21f360, 0x000001aeda21f818]
Event: 271.000 Thread 0x000001aeeab70490 1703       3       java.util.LinkedList::unlinkLast (64 bytes)
Event: 271.000 Thread 0x000001aeeab70490 nmethod 1703 0x000001aeda21f990 code [0x000001aeda21fb40, 0x000001aeda21fdd8]
Event: 271.003 Thread 0x000001aeeab70490 1704       3       java.lang.StringUTF16::compress (59 bytes)
Event: 271.003 Thread 0x000001aeeab70490 nmethod 1704 0x000001aeda21ff10 code [0x000001aeda2200e0, 0x000001aeda220428]

GC Heap History (8 events):
Event: 0.700 GC heap before
{Heap before GC invocations=0 (full 0):
 garbage-first heap   total 65536K, used 5120K [0x00000000fc000000, 0x0000000100000000)
  region size 1024K, 6 young (6144K), 0 survivors (0K)
 Metaspace       used 1655K, committed 1728K, reserved 1056768K
  class space    used 161K, committed 192K, reserved 1048576K
}
Event: 0.706 GC heap after
{Heap after GC invocations=1 (full 0):
 garbage-first heap   total 65536K, used 1866K [0x00000000fc000000, 0x0000000100000000)
  region size 1024K, 1 young (1024K), 1 survivors (1024K)
 Metaspace       used 1655K, committed 1728K, reserved 1056768K
  class space    used 161K, committed 192K, reserved 1048576K
}
Event: 0.976 GC heap before
{Heap before GC invocations=1 (full 0):
 garbage-first heap   total 65536K, used 5962K [0x00000000fc000000, 0x0000000100000000)
  region size 1024K, 6 young (6144K), 1 survivors (1024K)
 Metaspace       used 1735K, committed 1792K, reserved 1056768K
  class space    used 161K, committed 192K, reserved 1048576K
}
Event: 0.979 GC heap after
{Heap after GC invocations=2 (full 0):
 garbage-first heap   total 65536K, used 2127K [0x00000000fc000000, 0x0000000100000000)
  region size 1024K, 1 young (1024K), 1 survivors (1024K)
 Metaspace       used 1735K, committed 1792K, reserved 1056768K
  class space    used 161K, committed 192K, reserved 1048576K
}
Event: 1.819 GC heap before
{Heap before GC invocations=2 (full 0):
 garbage-first heap   total 65536K, used 16463K [0x00000000fc000000, 0x0000000100000000)
  region size 1024K, 12 young (12288K), 1 survivors (1024K)
 Metaspace       used 3690K, committed 3840K, reserved 1056768K
  class space    used 455K, committed 512K, reserved 1048576K
}
Event: 1.834 GC heap after
{Heap after GC invocations=3 (full 0):
 garbage-first heap   total 65536K, used 11392K [0x00000000fc000000, 0x0000000100000000)
  region size 1024K, 2 young (2048K), 2 survivors (2048K)
 Metaspace       used 3690K, committed 3840K, reserved 1056768K
  class space    used 455K, committed 512K, reserved 1048576K
}
Event: 3.368 GC heap before
{Heap before GC invocations=3 (full 0):
 garbage-first heap   total 65536K, used 24704K [0x00000000fc000000, 0x0000000100000000)
  region size 1024K, 15 young (15360K), 2 survivors (2048K)
 Metaspace       used 7939K, committed 8192K, reserved 1056768K
  class space    used 1084K, committed 1216K, reserved 1048576K
}
Event: 3.375 GC heap after
{Heap after GC invocations=4 (full 0):
 garbage-first heap   total 65536K, used 11986K [0x00000000fc000000, 0x0000000100000000)
  region size 1024K, 1 young (1024K), 1 survivors (1024K)
 Metaspace       used 7939K, committed 8192K, reserved 1056768K
  class space    used 1084K, committed 1216K, reserved 1048576K
}

Deoptimization events (20 events):
Event: 271.002 Thread 0x000001aed1e85dc0 Uncommon trap: trap_request=0xffffffc6 fr.pc=0x000001aee14ae128 relative=0x0000000000000168
Event: 271.002 Thread 0x000001aed1e85dc0 Uncommon trap: reason=bimorphic_or_optimized_type_check action=maybe_recompile pc=0x000001aee14ae128 method=java.util.AbstractList.listIterator()Ljava/util/ListIterator; @ 2 c2
Event: 271.002 Thread 0x000001aed1e85dc0 DEOPT PACKING pc=0x000001aee14ae128 sp=0x0000006ee77fca30
Event: 271.002 Thread 0x000001aed1e85dc0 DEOPT UNPACKING pc=0x000001aed99b239d sp=0x0000006ee77fc9c8 mode 2
Event: 271.002 Thread 0x000001aed1e85dc0 Uncommon trap: trap_request=0xffffff45 fr.pc=0x000001aee149bfe4 relative=0x00000000000004a4
Event: 271.002 Thread 0x000001aed1e85dc0 Uncommon trap: reason=unstable_if action=reinterpret pc=0x000001aee149bfe4 method=java.lang.AbstractStringBuilder.putStringAt(ILjava/lang/String;II)V @ 8 c2
Event: 271.002 Thread 0x000001aed1e85dc0 DEOPT PACKING pc=0x000001aee149bfe4 sp=0x0000006ee77fca30
Event: 271.002 Thread 0x000001aed1e85dc0 DEOPT UNPACKING pc=0x000001aed99b239d sp=0x0000006ee77fc8b8 mode 2
Event: 271.002 Thread 0x000001aed1e85dc0 Uncommon trap: trap_request=0xffffff45 fr.pc=0x000001aee14a93f0 relative=0x00000000000000f0
Event: 271.002 Thread 0x000001aed1e85dc0 Uncommon trap: reason=unstable_if action=reinterpret pc=0x000001aee14a93f0 method=java.lang.String.getBytes([BIIBI)V @ 6 c2
Event: 271.002 Thread 0x000001aed1e85dc0 DEOPT PACKING pc=0x000001aee14a93f0 sp=0x0000006ee77fc860
Event: 271.003 Thread 0x000001aed1e85dc0 DEOPT UNPACKING pc=0x000001aed99b239d sp=0x0000006ee77fc828 mode 2
Event: 271.003 Thread 0x000001aed1e85dc0 Uncommon trap: trap_request=0xffffff45 fr.pc=0x000001aee14b2e88 relative=0x00000000000004c8
Event: 271.003 Thread 0x000001aed1e85dc0 Uncommon trap: reason=unstable_if action=reinterpret pc=0x000001aee14b2e88 method=java.lang.String.getBytes([BIIBI)V @ 6 c2
Event: 271.003 Thread 0x000001aed1e85dc0 DEOPT PACKING pc=0x000001aee14b2e88 sp=0x0000006ee77fc9d0
Event: 271.003 Thread 0x000001aed1e85dc0 DEOPT UNPACKING pc=0x000001aed99b239d sp=0x0000006ee77fc838 mode 2
Event: 271.003 Thread 0x000001aed1e85dc0 Uncommon trap: trap_request=0xffffff45 fr.pc=0x000001aee14abecc relative=0x000000000000012c
Event: 271.003 Thread 0x000001aed1e85dc0 Uncommon trap: reason=unstable_if action=reinterpret pc=0x000001aee14abecc method=java.lang.String.getBytes([BIIBI)V @ 6 c2
Event: 271.003 Thread 0x000001aed1e85dc0 DEOPT PACKING pc=0x000001aee14abecc sp=0x0000006ee77fc970
Event: 271.003 Thread 0x000001aed1e85dc0 DEOPT UNPACKING pc=0x000001aed99b239d sp=0x0000006ee77fc830 mode 2

Classes unloaded (0 events):
No events

Classes redefined (0 events):
No events

Internal exceptions (19 events):
Event: 0.492 Thread 0x000001aed1e85dc0 Exception <a 'java/lang/NoSuchMethodError'{0x00000000ffc715e0}: 'int java.lang.invoke.DirectMethodHandle$Holder.invokeStaticInit(java.lang.Object, java.lang.Object)'> (0x00000000ffc715e0) 
thrown [d:\a\1\s\lookaside\java-17-openjdk\src\hotspot\share\interpreter\linkResolver.cpp, line 766]
Event: 1.643 Thread 0x000001aed1e85dc0 Exception <a 'java/lang/NoSuchMethodError'{0x00000000ff5a53e0}: 'void java.lang.invoke.DirectMethodHandle$Holder.invokeStatic(java.lang.Object, java.lang.Object)'> (0x00000000ff5a53e0) 
thrown [d:\a\1\s\lookaside\java-17-openjdk\src\hotspot\share\interpreter\linkResolver.cpp, line 766]
Event: 1.716 Thread 0x000001aed1e85dc0 Exception <a 'java/lang/NoClassDefFoundError'{0x00000000ff42a388}: org/slf4j/impl/StaticMarkerBinder> (0x00000000ff42a388) 
thrown [d:\a\1\s\lookaside\java-17-openjdk\src\hotspot\share\classfile\systemDictionary.cpp, line 245]
Event: 1.775 Thread 0x000001aed1e85dc0 Exception <a 'java/lang/NoSuchMethodError'{0x00000000ff4c65a8}: 'java.lang.Object java.lang.invoke.DirectMethodHandle$Holder.invokeVirtual(java.lang.Object, java.lang.Object, java.lang.Object, java.lang.Object, java.lang.Object, java.lang.Object, java.lang.Object)'> (0x00000000ff4c65a8) 
thrown [d:\a\1\s\lookaside\java-17-openjdk\src\hotspot\share\interpreter\linkResolver.cpp, line 766]
Event: 1.795 Thread 0x000001aed1e85dc0 Exception <a 'java/lang/NoSuchMethodError'{0x00000000ff4d7b68}: 'java.lang.Object java.lang.invoke.Invokers$Holder.invoker(java.lang.Object, java.lang.Object, java.lang.Object)'> (0x00000000ff4d7b68) 
thrown [d:\a\1\s\lookaside\java-17-openjdk\src\hotspot\share\interpreter\linkResolver.cpp, line 766]
Event: 1.801 Thread 0x000001aed1e85dc0 Exception <a 'java/lang/NoSuchMethodError'{0x00000000ff4e0cc0}: 'java.lang.Object java.lang.invoke.DirectMethodHandle$Holder.invokeStatic(java.lang.Object, java.lang.Object, int)'> (0x00000000ff4e0cc0) 
thrown [d:\a\1\s\lookaside\java-17-openjdk\src\hotspot\share\interpreter\linkResolver.cpp, line 766]
Event: 1.811 Thread 0x000001aed1e85dc0 Exception <a 'java/lang/NoSuchMethodError'{0x00000000ff4ecc10}: 'void java.lang.invoke.DelegatingMethodHandle$Holder.delegate(java.lang.Object, java.lang.Object, int, java.lang.Object)'> (0x00000000ff4ecc10) 
thrown [d:\a\1\s\lookaside\java-17-openjdk\src\hotspot\share\interpreter\linkResolver.cpp, line 766]
Event: 1.811 Thread 0x000001aed1e85dc0 Exception <a 'java/lang/NoSuchMethodError'{0x00000000ff4f0d58}: 'int java.lang.invoke.DirectMethodHandle$Holder.invokeSpecial(java.lang.Object, java.lang.Object, java.lang.Object)'> (0x00000000ff4f0d58) 
thrown [d:\a\1\s\lookaside\java-17-openjdk\src\hotspot\share\interpreter\linkResolver.cpp, line 766]
Event: 1.841 Thread 0x000001aed1e85dc0 Exception <a 'java/lang/NoSuchMethodError'{0x00000000fff04688}: 'java.lang.Object java.lang.invoke.Invokers$Holder.invokeExact_MT(java.lang.Object, java.lang.Object, java.lang.Object, java.lang.Object)'> (0x00000000fff04688) 
thrown [d:\a\1\s\lookaside\java-17-openjdk\src\hotspot\share\interpreter\linkResolver.cpp, line 766]
Event: 2.212 Thread 0x000001aed1e85dc0 Exception <a 'java/lang/NoSuchMethodError'{0x00000000ffacaa58}: 'void java.lang.invoke.DirectMethodHandle$Holder.invokeSpecial(java.lang.Object, java.lang.Object, java.lang.Object)'> (0x00000000ffacaa58) 
thrown [d:\a\1\s\lookaside\java-17-openjdk\src\hotspot\share\interpreter\linkResolver.cpp, line 766]
Event: 2.242 Thread 0x000001aed1e85dc0 Implicit null exception at 0x000001aee147318a to 0x000001aee14736b8
Event: 2.242 Thread 0x000001aed1e85dc0 Implicit null exception at 0x000001aee145aa8c to 0x000001aee145afd4
Event: 2.285 Thread 0x000001aed1e85dc0 Exception <a 'java/lang/NoSuchMethodError'{0x00000000ff8364a8}: 'java.lang.Object java.lang.invoke.DirectMethodHandle$Holder.invokeStaticInit(java.lang.Object)'> (0x00000000ff8364a8) 
thrown [d:\a\1\s\lookaside\java-17-openjdk\src\hotspot\share\interpreter\linkResolver.cpp, line 766]
Event: 2.555 Thread 0x000001aed1e85dc0 Exception <a 'java/lang/NoSuchMethodError'{0x00000000ff4197d0}: 'java.lang.Object java.lang.invoke.DirectMethodHandle$Holder.invokeStaticInit(java.lang.Object, int, int, int, int)'> (0x00000000ff4197d0) 
thrown [d:\a\1\s\lookaside\java-17-openjdk\src\hotspot\share\interpreter\linkResolver.cpp, line 766]
Event: 2.690 Thread 0x000001aed1e85dc0 Exception <a 'java/lang/NoSuchMethodError'{0x00000000ff4a5630}: 'java.lang.Object java.lang.invoke.DirectMethodHandle$Holder.invokeStaticInit(java.lang.Object, java.lang.Object, int, int, int, int)'> (0x00000000ff4a5630) 
thrown [d:\a\1\s\lookaside\java-17-openjdk\src\hotspot\share\interpreter\linkResolver.cpp, line 766]
Event: 3.244 Thread 0x000001aed1e85dc0 Exception <a 'java/lang/NoSuchMethodError'{0x00000000ff4d49d8}: 'void java.lang.invoke.DirectMethodHandle$Holder.invokeStatic(java.lang.Object, java.lang.Object, java.lang.Object)'> (0x00000000ff4d49d8) 
thrown [d:\a\1\s\lookaside\java-17-openjdk\src\hotspot\share\interpreter\linkResolver.cpp, line 766]
Event: 3.284 Thread 0x000001aed1e85dc0 Implicit null exception at 0x000001aee1458172 to 0x000001aee1458688
Event: 3.286 Thread 0x000001aed1e85dc0 Implicit null exception at 0x000001aee1458ff2 to 0x000001aee145951c
Event: 270.918 Thread 0x000001aed1e85dc0 Exception <a 'sun/net/ConnectionResetException'{0x00000000ffe5cb30}: Connection reset> (0x00000000ffe5cb30) 
thrown [d:\a\1\s\lookaside\java-17-openjdk\src\hotspot\share\prims\jni.cpp, line 535]

VM Operations (20 events):
Event: 182.015 Executing VM operation: Cleanup
Event: 182.015 Executing VM operation: Cleanup done
Event: 187.053 Executing VM operation: Cleanup
Event: 187.053 Executing VM operation: Cleanup done
Event: 191.082 Executing VM operation: Cleanup
Event: 191.082 Executing VM operation: Cleanup done
Event: 193.107 Executing VM operation: Cleanup
Event: 193.107 Executing VM operation: Cleanup done
Event: 204.267 Executing VM operation: Cleanup
Event: 204.267 Executing VM operation: Cleanup done
Event: 213.421 Executing VM operation: Cleanup
Event: 213.422 Executing VM operation: Cleanup done
Event: 246.991 Executing VM operation: Cleanup
Event: 246.991 Executing VM operation: Cleanup done
Event: 258.152 Executing VM operation: Cleanup
Event: 258.152 Executing VM operation: Cleanup done
Event: 261.210 Executing VM operation: Cleanup
Event: 261.210 Executing VM operation: Cleanup done
Event: 267.311 Executing VM operation: Cleanup
Event: 267.311 Executing VM operation: Cleanup done

Events (20 events):
Event: 28.314 loading class jdk/internal/reflect/ByteVector done
Event: 28.314 loading class jdk/internal/reflect/ByteVectorImpl done
Event: 28.314 loading class jdk/internal/reflect/ClassFileAssembler
Event: 28.315 loading class jdk/internal/reflect/ClassFileAssembler done
Event: 28.315 loading class jdk/internal/reflect/UTF8
Event: 28.315 loading class jdk/internal/reflect/UTF8 done
Event: 28.317 loading class jdk/internal/reflect/Label
Event: 28.317 loading class jdk/internal/reflect/Label done
Event: 28.317 loading class jdk/internal/reflect/Label$PatchInfo
Event: 28.318 loading class jdk/internal/reflect/Label$PatchInfo done
Event: 28.318 loading class jdk/internal/reflect/MethodAccessorGenerator$1
Event: 28.318 loading class jdk/internal/reflect/MethodAccessorGenerator$1 done
Event: 28.318 loading class jdk/internal/reflect/ClassDefiner
Event: 28.318 loading class jdk/internal/reflect/ClassDefiner done
Event: 28.318 loading class jdk/internal/reflect/ClassDefiner$1
Event: 28.318 loading class jdk/internal/reflect/ClassDefiner$1 done
Event: 30.666 loading class java/util/ArrayList$ListItr
Event: 30.666 loading class java/util/ArrayList$ListItr done
Event: 270.914 loading class sun/net/ConnectionResetException
Event: 270.916 loading class sun/net/ConnectionResetException done


Dynamic libraries:
0x00007ff6e5c50000 - 0x00007ff6e5c71000 	D:\java\ojdkbuild\java-17-openjdk-17.0.3.0.6-1\bin\java.exe
0x00007ff85fdb0000 - 0x00007ff85ffc7000 	C:\Windows\SYSTEM32\ntdll.dll
0x00007ff85e170000 - 0x00007ff85e234000 	C:\Windows\System32\KERNEL32.DLL
0x00007ff85d750000 - 0x00007ff85daf6000 	C:\Windows\System32\KERNELBASE.dll
0x00007ff85d4a0000 - 0x00007ff85d5b1000 	C:\Windows\System32\ucrtbase.dll
0x00007ff859270000 - 0x00007ff859288000 	D:\java\ojdkbuild\java-17-openjdk-17.0.3.0.6-1\bin\jli.dll
0x00007ff85ed70000 - 0x00007ff85ef1e000 	C:\Windows\System32\USER32.dll
0x00007ff85d260000 - 0x00007ff85d286000 	C:\Windows\System32\win32u.dll
0x00007ff85e9a0000 - 0x00007ff85e9c9000 	C:\Windows\System32\GDI32.dll
0x00007ff85d290000 - 0x00007ff85d3a8000 	C:\Windows\System32\gdi32full.dll
0x00007ff85d6b0000 - 0x00007ff85d74a000 	C:\Windows\System32\msvcp_win.dll
0x00007ff858880000 - 0x00007ff85889b000 	D:\java\ojdkbuild\java-17-openjdk-17.0.3.0.6-1\bin\VCRUNTIME140.dll
0x00007ff8493f0000 - 0x00007ff849683000 	C:\Windows\WinSxS\amd64_microsoft.windows.common-controls_6595b64144ccf1df_6.0.22621.2506_none_270c5ae97388e100\COMCTL32.dll
0x00007ff85ec40000 - 0x00007ff85ece7000 	C:\Windows\System32\msvcrt.dll
0x00007ff85e240000 - 0x00007ff85e271000 	C:\Windows\System32\IMM32.DLL
0x00007ff856f20000 - 0x00007ff856f2c000 	D:\java\ojdkbuild\java-17-openjdk-17.0.3.0.6-1\bin\vcruntime140_1.dll
0x00007ff824970000 - 0x00007ff8249fd000 	D:\java\ojdkbuild\java-17-openjdk-17.0.3.0.6-1\bin\msvcp140.dll
0x00007fffd8de0000 - 0x00007fffd9a3f000 	D:\java\ojdkbuild\java-17-openjdk-17.0.3.0.6-1\bin\server\jvm.dll
0x00007ff85e3c0000 - 0x00007ff85e473000 	C:\Windows\System32\ADVAPI32.dll
0x00007ff85e5a0000 - 0x00007ff85e648000 	C:\Windows\System32\sechost.dll
0x00007ff85d470000 - 0x00007ff85d498000 	C:\Windows\System32\bcrypt.dll
0x00007ff85e480000 - 0x00007ff85e597000 	C:\Windows\System32\RPCRT4.dll
0x00007ff85e990000 - 0x00007ff85e998000 	C:\Windows\System32\PSAPI.DLL
0x00007ff83ee40000 - 0x00007ff83ee49000 	C:\Windows\SYSTEM32\WSOCK32.dll
0x00007ff85ef30000 - 0x00007ff85efa1000 	C:\Windows\System32\WS2_32.dll
0x00007ff82e330000 - 0x00007ff82e364000 	C:\Windows\SYSTEM32\WINMM.dll
0x00007ff849f00000 - 0x00007ff849f0a000 	C:\Windows\SYSTEM32\VERSION.dll
0x00007ff85c180000 - 0x00007ff85c198000 	C:\Windows\SYSTEM32\kernel.appcore.dll
0x00007ff856f10000 - 0x00007ff856f1a000 	D:\java\ojdkbuild\java-17-openjdk-17.0.3.0.6-1\bin\jimage.dll
0x00007ff85aa40000 - 0x00007ff85ac73000 	C:\Windows\SYSTEM32\DBGHELP.DLL
0x00007ff85f820000 - 0x00007ff85fba9000 	C:\Windows\System32\combase.dll
0x00007ff85e280000 - 0x00007ff85e357000 	C:\Windows\System32\OLEAUT32.dll
0x00007ff843da0000 - 0x00007ff843dd2000 	C:\Windows\SYSTEM32\dbgcore.DLL
0x00007ff85d630000 - 0x00007ff85d6aa000 	C:\Windows\System32\bcryptPrimitives.dll
0x00007ff835b50000 - 0x00007ff835b75000 	D:\java\ojdkbuild\java-17-openjdk-17.0.3.0.6-1\bin\java.dll
0x00007ff81dd10000 - 0x00007ff81dde7000 	D:\java\ojdkbuild\java-17-openjdk-17.0.3.0.6-1\bin\jsvml.dll
0x00007ff85efc0000 - 0x00007ff85f81b000 	C:\Windows\System32\SHELL32.dll
0x00007ff85b010000 - 0x00007ff85b906000 	C:\Windows\SYSTEM32\windows.storage.dll
0x00007ff85aed0000 - 0x00007ff85b00e000 	C:\Windows\SYSTEM32\wintypes.dll
0x00007ff85db00000 - 0x00007ff85dbf3000 	C:\Windows\System32\SHCORE.dll
0x00007ff85e650000 - 0x00007ff85e6ae000 	C:\Windows\System32\shlwapi.dll
0x00007ff85d020000 - 0x00007ff85d046000 	C:\Windows\SYSTEM32\profapi.dll
0x00007ff8496b0000 - 0x00007ff8496c9000 	D:\java\ojdkbuild\java-17-openjdk-17.0.3.0.6-1\bin\net.dll
0x00007ff8531f0000 - 0x00007ff853327000 	C:\Windows\SYSTEM32\WINHTTP.dll
0x00007ff85c650000 - 0x00007ff85c6b9000 	C:\Windows\system32\mswsock.dll
0x00007ff8493b0000 - 0x00007ff8493c6000 	D:\java\ojdkbuild\java-17-openjdk-17.0.3.0.6-1\bin\nio.dll
0x00007ff848d70000 - 0x00007ff848d88000 	D:\java\ojdkbuild\java-17-openjdk-17.0.3.0.6-1\bin\zip.dll
0x00007ff856f00000 - 0x00007ff856f10000 	D:\java\ojdkbuild\java-17-openjdk-17.0.3.0.6-1\bin\verify.dll
0x00007ff82e690000 - 0x00007ff82e6b7000 	C:\Users\11218\.gradle\native\68d5fa5c4cc2d200863cafc0d521ce42e7d3e7ee720ec0a83991735586a16f82\windows-amd64\native-platform.dll
0x00007ff8498c0000 - 0x00007ff8498ca000 	C:\Users\11218\.gradle\native\jansi\1.18\windows64\jansi.dll
0x00007ff849090000 - 0x00007ff849099000 	D:\java\ojdkbuild\java-17-openjdk-17.0.3.0.6-1\bin\management.dll
0x00007ff848d10000 - 0x00007ff848d1b000 	D:\java\ojdkbuild\java-17-openjdk-17.0.3.0.6-1\bin\management_ext.dll
0x00007ff85c9a0000 - 0x00007ff85c9bb000 	C:\Windows\SYSTEM32\CRYPTSP.dll
0x00007ff85c140000 - 0x00007ff85c175000 	C:\Windows\system32\rsaenh.dll
0x00007ff85c6f0000 - 0x00007ff85c71c000 	C:\Windows\SYSTEM32\USERENV.dll
0x00007ff85c980000 - 0x00007ff85c98c000 	C:\Windows\SYSTEM32\CRYPTBASE.dll
0x00007ff85bc20000 - 0x00007ff85bc4d000 	C:\Windows\SYSTEM32\IPHLPAPI.DLL
0x00007ff85eb30000 - 0x00007ff85eb39000 	C:\Windows\System32\NSI.dll
0x00007ff8531d0000 - 0x00007ff8531e9000 	C:\Windows\SYSTEM32\dhcpcsvc6.DLL
0x00007ff8531b0000 - 0x00007ff8531cf000 	C:\Windows\SYSTEM32\dhcpcsvc.DLL
0x00007ff85bca0000 - 0x00007ff85bd99000 	C:\Windows\SYSTEM32\DNSAPI.dll
0x00007ff848c10000 - 0x00007ff848c1d000 	D:\java\ojdkbuild\java-17-openjdk-17.0.3.0.6-1\bin\sunmscapi.dll
0x00007ff85d0f0000 - 0x00007ff85d256000 	C:\Windows\System32\CRYPT32.dll
0x00007ff85cab0000 - 0x00007ff85cade000 	C:\Windows\SYSTEM32\ncrypt.dll
0x00007ff85ca70000 - 0x00007ff85caa7000 	C:\Windows\SYSTEM32\NTASN1.dll
0x00007ff8496e0000 - 0x00007ff8496e8000 	C:\Windows\system32\wshunix.dll

dbghelp: loaded successfully - version: 4.0.5 - missing functions: none
symbol engine: initialized successfully - sym options: 0x614 - pdb path: .;D:\java\ojdkbuild\java-17-openjdk-17.0.3.0.6-1\bin;C:\Windows\SYSTEM32;C:\Windows\WinSxS\amd64_microsoft.windows.common-controls_6595b64144ccf1df_6.0.22621.2506_none_270c5ae97388e100;D:\java\ojdkbuild\java-17-openjdk-17.0.3.0.6-1\bin\server;C:\Users\11218\.gradle\native\68d5fa5c4cc2d200863cafc0d521ce42e7d3e7ee720ec0a83991735586a16f82\windows-amd64;C:\Users\11218\.gradle\native\jansi\1.18\windows64

VM Arguments:
jvm_args: -Xmx64m -Xms64m -Dorg.gradle.appname=gradlew 
java_command: org.gradle.wrapper.GradleWrapperMain ASSEMBLE
java_class_path (initial): D:\androidLearning\AndroidStudioProjects\serviceTest1\\gradle\wrapper\gradle-wrapper.jar
Launcher Type: SUN_STANDARD

[Global flags]
     intx CICompilerCount                          = 2                                         {product} {ergonomic}
     uint ConcGCThreads                            = 1                                         {product} {ergonomic}
     uint G1ConcRefinementThreads                  = 2                                         {product} {ergonomic}
   size_t G1HeapRegionSize                         = 1048576                                   {product} {ergonomic}
    uintx GCDrainStackTargetSize                   = 64                                        {product} {ergonomic}
   size_t InitialHeapSize                          = 67108864                                  {product} {command line}
   size_t MarkStackSize                            = 4194304                                   {product} {ergonomic}
   size_t MaxHeapSize                              = 67108864                                  {product} {command line}
   size_t MaxNewSize                               = 39845888                                  {product} {ergonomic}
   size_t MinHeapDeltaBytes                        = 1048576                                   {product} {ergonomic}
   size_t MinHeapSize                              = 67108864                                  {product} {command line}
    uintx NonNMethodCodeHeapSize                   = 5826188                                {pd product} {ergonomic}
    uintx NonProfiledCodeHeapSize                  = 122916026                              {pd product} {ergonomic}
    uintx ProfiledCodeHeapSize                     = 122916026                              {pd product} {ergonomic}
    uintx ReservedCodeCacheSize                    = 251658240                              {pd product} {ergonomic}
     bool SegmentedCodeCache                       = true                                      {product} {ergonomic}
   size_t SoftMaxHeapSize                          = 67108864                               {manageable} {ergonomic}
     bool UseCompressedClassPointers               = true                           {product lp64_product} {ergonomic}
     bool UseCompressedOops                        = true                           {product lp64_product} {ergonomic}
     bool UseG1GC                                  = true                                      {product} {ergonomic}
     bool UseLargePagesIndividualAllocation        = false                                  {pd product} {ergonomic}

Logging:
Log output configuration:
 #0: stdout all=warning uptime,level,tags
 #1: stderr all=off uptime,level,tags

Environment Variables:
JAVA_HOME=D:\java\ojdkbuild\java-17-openjdk-17.0.3.0.6-1
CLASSPATH=D:\androidLearning\AndroidStudioProjects\serviceTest1\\gradle\wrapper\gradle-wrapper.jar
PATH=C:\Users\11218\miniconda3\condabin;C:\Windows\system32;C:\Windows;C:\Windows\System32\Wbem;C:\Windows\System32\WindowsPowerShell\v1.0\;C:\Windows\System32\OpenSSH\;D:\powershell\powershell7;d:\python3.11;C:\Program Files\WinRAR;C:\Program Files\Microsoft Office\root\Office16;C:\Program Files\PuTTY\;C:\Users\11218\AppData\Local\Microsoft\WindowsApps;C:\Program Files\dotnet\;D:\mytools\MinGit-2.11.1.mingit.prerelease.4-64-bit\cmd;D:\mytools\MinGit-2.11.1.mingit.prerelease.4-64-bit\usr\bin;D:\mytools\WiresharkPortable64\App\Wireshark;D:\MYTOOLS\SPSS1\JRE\bin;D:\myPython\goods;D:\mytools\SPSS1;C:\Users\11218\AppData\Roaming\nvda\addons\NVBox\globalPlugins\nvbox\adb;d:\java\ojdkbuild\java-17-openjdk-17.0.3.0.6-1.jre\bin;C:\Program Files\Docker\Docker\resources\bin;d:\java\ojdkbuild\java-17-openjdk-17.0.3.0.6-1\bin;D:\androidLearning\gradle\gradle-8.0\bin;D:\java\ojdkbuild\java-17-openjdk-17.0.3.0.6-1\bin;D:/java/ojdkbuild/java-17-openjdk-17.0.3.0.6-1.jre\bin;D:/java/ojdkbuild/java-17-openjdk-17.0.3.0.6-1.jre\bin\server;D:\ANDROIDLEARNING\REVERSE;C:\Users\11218\AppData\Local\Programs\Python\Python311;D:\myPython\NVSrC;C:\Users\11218\.gradle\wrapper\dists\gradle-8.0-all\a2o1xoguejy6msdh0lk99lxza\gradle-8.0\bin;D:\androidLearning\REVERSE\jadx\bin;C:\Program Files\Cloudflare\Cloudflare WARP\;D:\mypython\nvsrc\py-3-11-32\Scripts\;D:\mypython\nvsrc\py-3-11-32\;C:\Users\11218\AppData\Local\Programs\Python\Python311\;C:\Users\11218\miniconda3;C:\Users\11218\miniconda3\Library\mingw-w64\bin;C:\Users\11218\miniconda3\Library\usr\bin;C:\Users\11218\miniconda3\Library\bin;C:\Users\11218\miniconda3\Scripts;C:\Users\11218\scoop\shims;C:\Users\11218\AppData\Local\Microsoft\WindowsApps;C:\Users\11218\AppData\Local\Programs\Microsoft VS Code\bin;D:\myPython\goods;C:\Users\11218\AppData\Local\Microsoft\WinGet\Links;C:\Users\11218\.dotnet\tools
USERNAME=Stranger
OS=Windows_NT
PROCESSOR_IDENTIFIER=Intel64 Family 6 Model 122 Stepping 8, GenuineIntel



---------------  S Y S T E M  ---------------

OS:
 Windows 11 , 64 bit Build 22621 (10.0.22621.3085)
OS uptime: 7 days 19:51 hours
Hyper-V role detected

CPU: total 2 (initial active 2) (2 cores per cpu, 1 threads per core) family 6 model 122 stepping 8 microcode 0x1a, cx8, cmov, fxsr, mmx, 3dnowpref, sse, sse2, sse3, ssse3, sse4.1, sse4.2, popcnt, tsc, tscinvbit, aes, erms, clmul, sha, clflush, clflushopt, hv

Memory: 4k page, system-wide physical 7995M (481M free)
TotalPageFile size 18230M (AvailPageFile size 0M)
current process WorkingSet (physical memory assigned to process): 62M, peak: 83M
current process commit charge ("private bytes"): 150M, peak: 153M

vm_info: OpenJDK 64-Bit Server VM (17.0.3+6-LTS) for windows-amd64 JRE (17.0.3+6-LTS), built on May  3 2022 21:26:56 by "" with MS VC++ 16.10 / 16.11 (VS2019)

END.
