#
# There is insufficient memory for the Java Runtime Environment to continue.
# Native memory allocation (malloc) failed to allocate 32744 bytes for ChunkPool::allocate
# Possible reasons:
#   The system is out of physical RAM or swap space
#   The process is running with CompressedOops enabled, and the Java Heap may be blocking the growth of the native heap
# Possible solutions:
#   Reduce memory load on the system
#   Increase physical memory or swap space
#   Check if swap backing store is full
#   Decrease Java heap size (-Xmx/-Xms)
#   Decrease number of Java threads
#   Decrease Java thread stack sizes (-Xss)
#   Set larger code cache with -XX:ReservedCodeCacheSize=
#   JVM is running with Unscaled Compressed Oops mode in which the Java heap is
#     placed in the first 4GB address space. The Java Heap base address is the
#     maximum limit for the native heap growth. Please use -XX:HeapBaseMinAddress
#     to set the Java Heap base and to place the Java Heap above 4GB virtual address.
# This output file may be truncated or incomplete.
#
#  Out of Memory Error (arena.cpp:78), pid=28144, tid=14208
#
# JRE version: OpenJDK Runtime Environment 21.9 (17.0.3+6) (build 17.0.3+6-LTS)
# Java VM: OpenJDK 64-Bit Server VM 21.9 (17.0.3+6-LTS, mixed mode, sharing, tiered, compressed oops, compressed class ptrs, g1 gc, windows-amd64)
# No core dump will be written. Minidumps are not enabled by default on client versions of Windows
#

---------------  S U M M A R Y ------------

Command Line: --add-opens=java.base/java.util=ALL-UNNAMED --add-opens=java.base/java.lang=ALL-UNNAMED --add-opens=java.base/java.lang.invoke=ALL-UNNAMED --add-opens=java.prefs/java.util.prefs=ALL-UNNAMED --add-opens=java.base/java.nio.charset=ALL-UNNAMED --add-opens=java.base/java.net=ALL-UNNAMED --add-opens=java.base/java.util.concurrent.atomic=ALL-UNNAMED -Xmx2048m -Dfile.encoding=UTF-8 -Duser.country=CN -Duser.language=zh -Duser.variant org.gradle.launcher.daemon.bootstrap.GradleDaemon 8.0

Host: Intel(R) Celeron(R) N4020 CPU @ 1.10GHz, 2 cores, 7G,  Windows 11 , 64 bit Build 22621 (10.0.22621.3085)
Time: Sun Mar 10 15:58:53 2024  Windows 11 , 64 bit Build 22621 (10.0.22621.3085) elapsed time: 118.054806 seconds (0d 0h 1m 58s)

---------------  T H R E A D  ---------------

Current thread (0x0000025c5560c2b0):  JavaThread "C2 CompilerThread0" daemon [_thread_in_native, id=14208, stack(0x000000ba94300000,0x000000ba94400000)]


Current CompileTask:
C2: 118054 12928       4       org.gradle.internal.snapshot.MediumChildMap::withNode (67 bytes)

Stack: [0x000000ba94300000,0x000000ba94400000]
Native frames: (J=compiled Java code, j=interpreted, Vv=VM code, C=native code)
V  [jvm.dll+0x67720a]
V  [jvm.dll+0x832514]
V  [jvm.dll+0x833cbe]
V  [jvm.dll+0x834323]
V  [jvm.dll+0x245815]
V  [jvm.dll+0xac160]
V  [jvm.dll+0xac4ac]
V  [jvm.dll+0x11db38]
V  [jvm.dll+0x6a0681]
V  [jvm.dll+0x1bc064]
V  [jvm.dll+0x2188c9]
V  [jvm.dll+0x217b91]
V  [jvm.dll+0x1a400d]
V  [jvm.dll+0x227508]
V  [jvm.dll+0x22565c]
V  [jvm.dll+0x7e7d5c]
V  [jvm.dll+0x7e230a]
V  [jvm.dll+0x676095]
C  [ucrtbase.dll+0x29363]
C  [KERNEL32.DLL+0x1257d]
C  [ntdll.dll+0x5aa58]


---------------  P R O C E S S  ---------------

Threads class SMR info:
_java_thread_list=0x0000025c5c91ff00, length=66, elements={
0x0000025c37db66e0, 0x0000025c555ebc50, 0x0000025c555ecac0, 0x0000025c556046d0,
0x0000025c556063f0, 0x0000025c55606fa0, 0x0000025c5560a100, 0x0000025c5560c2b0,
0x0000025c55611190, 0x0000025c5562a770, 0x0000025c560b8f60, 0x0000025c560bf450,
0x0000025c57bd0080, 0x0000025c57913390, 0x0000025c57dec670, 0x0000025c5617c0b0,
0x0000025c57022450, 0x0000025c57b077f0, 0x0000025c564a27c0, 0x0000025c56fd4a10,
0x0000025c569ce050, 0x0000025c569d0ba0, 0x0000025c569d1540, 0x0000025c569ceec0,
0x0000025c569cf860, 0x0000025c569cdb80, 0x0000025c569d0200, 0x0000025c569ce9f0,
0x0000025c569d06d0, 0x0000025c569d1070, 0x0000025c569ce520, 0x0000025c576086c0,
0x0000025c57606eb0, 0x0000025c57608b90, 0x0000025c57607850, 0x0000025c57609060,
0x0000025c57609a00, 0x0000025c57606510, 0x0000025c582428f0, 0x0000025c582475f0,
0x0000025c582462b0, 0x0000025c582445d0, 0x0000025c58243760, 0x0000025c58247120,
0x0000025c58247ac0, 0x0000025c58248e00, 0x0000025c58242420, 0x0000025c58244f70,
0x0000025c58248460, 0x0000025c58243c30, 0x0000025c58243290, 0x0000025c58248930,
0x0000025c58246c50, 0x0000025c58247f90, 0x0000025c58244100, 0x0000025c58245910,
0x0000025c582497a0, 0x0000025c582492d0, 0x0000025c58241f50, 0x0000025c58246780,
0x0000025c58242dc0, 0x0000025c5c0cf6e0, 0x0000025c5c0ced40, 0x0000025c5c0d3a40,
0x0000025c5c0ce3a0, 0x0000025c5c0d30a0
}

Java Threads: ( => current thread )
  0x0000025c37db66e0 JavaThread "main" [_thread_blocked, id=20400, stack(0x000000ba93600000,0x000000ba93700000)]
  0x0000025c555ebc50 JavaThread "Reference Handler" daemon [_thread_blocked, id=28296, stack(0x000000ba93d00000,0x000000ba93e00000)]
  0x0000025c555ecac0 JavaThread "Finalizer" daemon [_thread_blocked, id=27980, stack(0x000000ba93e00000,0x000000ba93f00000)]
  0x0000025c556046d0 JavaThread "Signal Dispatcher" daemon [_thread_blocked, id=30192, stack(0x000000ba93f00000,0x000000ba94000000)]
  0x0000025c556063f0 JavaThread "Attach Listener" daemon [_thread_blocked, id=904, stack(0x000000ba94000000,0x000000ba94100000)]
  0x0000025c55606fa0 JavaThread "Service Thread" daemon [_thread_blocked, id=18448, stack(0x000000ba94100000,0x000000ba94200000)]
  0x0000025c5560a100 JavaThread "Monitor Deflation Thread" daemon [_thread_blocked, id=18440, stack(0x000000ba94200000,0x000000ba94300000)]
=>0x0000025c5560c2b0 JavaThread "C2 CompilerThread0" daemon [_thread_in_native, id=14208, stack(0x000000ba94300000,0x000000ba94400000)]
  0x0000025c55611190 JavaThread "C1 CompilerThread0" daemon [_thread_blocked, id=23428, stack(0x000000ba94400000,0x000000ba94500000)]
  0x0000025c5562a770 JavaThread "Sweeper thread" daemon [_thread_blocked, id=28604, stack(0x000000ba94500000,0x000000ba94600000)]
  0x0000025c560b8f60 JavaThread "Common-Cleaner" daemon [_thread_blocked, id=20468, stack(0x000000ba94600000,0x000000ba94700000)]
  0x0000025c560bf450 JavaThread "Notification Thread" daemon [_thread_blocked, id=19584, stack(0x000000ba94700000,0x000000ba94800000)]
  0x0000025c57bd0080 JavaThread "Daemon health stats" [_thread_blocked, id=14772, stack(0x000000ba94a00000,0x000000ba94b00000)]
  0x0000025c57913390 JavaThread "Incoming local TCP Connector on port 55808" [_thread_in_native, id=21092, stack(0x000000ba94b00000,0x000000ba94c00000)]
  0x0000025c57dec670 JavaThread "Daemon periodic checks" [_thread_blocked, id=19492, stack(0x000000ba94c00000,0x000000ba94d00000)]
  0x0000025c5617c0b0 JavaThread "Daemon" [_thread_blocked, id=24632, stack(0x000000ba94d00000,0x000000ba94e00000)]
  0x0000025c57022450 JavaThread "Handler for socket connection from /127.0.0.1:55808 to /127.0.0.1:55809" [_thread_in_native, id=26832, stack(0x000000ba94e00000,0x000000ba94f00000)]
  0x0000025c57b077f0 JavaThread "Cancel handler" [_thread_blocked, id=22760, stack(0x000000ba94f00000,0x000000ba95000000)]
  0x0000025c564a27c0 JavaThread "Daemon worker" [_thread_blocked, id=16448, stack(0x000000ba95000000,0x000000ba95100000)]
  0x0000025c56fd4a10 JavaThread "Asynchronous log dispatcher for DefaultDaemonConnection: socket connection from /127.0.0.1:55808 to /127.0.0.1:55809" [_thread_blocked, id=8388, stack(0x000000ba95100000,0x000000ba95200000)]
  0x0000025c569ce050 JavaThread "Stdin handler" [_thread_blocked, id=26760, stack(0x000000ba95200000,0x000000ba95300000)]
  0x0000025c569d0ba0 JavaThread "Daemon client event forwarder" [_thread_blocked, id=29144, stack(0x000000ba95300000,0x000000ba95400000)]
  0x0000025c569d1540 JavaThread "Cache worker for journal cache (C:\Users\11218\.gradle\caches\journal-1)" [_thread_blocked, id=23708, stack(0x000000ba95400000,0x000000ba95500000)]
  0x0000025c569ceec0 JavaThread "File lock request listener" [_thread_in_native, id=15708, stack(0x000000ba95500000,0x000000ba95600000)]
  0x0000025c569cf860 JavaThread "Cache worker for file hash cache (C:\Users\11218\.gradle\caches\8.0\fileHashes)" [_thread_blocked, id=4972, stack(0x000000ba95600000,0x000000ba95700000)]
  0x0000025c569cdb80 JavaThread "File watcher server" daemon [_thread_in_native, id=26440, stack(0x000000ba95900000,0x000000ba95a00000)]
  0x0000025c569d0200 JavaThread "File watcher consumer" daemon [_thread_blocked, id=29644, stack(0x000000ba95a00000,0x000000ba95b00000)]
  0x0000025c569ce9f0 JavaThread "Cache worker for checksums cache (D:\androidLearning\AndroidStudioProjects\serviceTest1\.gradle\8.0\checksums)" [_thread_blocked, id=4016, stack(0x000000ba95b00000,0x000000ba95c00000)]
  0x0000025c569d06d0 JavaThread "Cache worker for cache directory md-rule (C:\Users\11218\.gradle\caches\8.0\md-rule)" [_thread_blocked, id=25828, stack(0x000000ba95c00000,0x000000ba95d00000)]
  0x0000025c569d1070 JavaThread "Cache worker for file content cache (C:\Users\11218\.gradle\caches\8.0\fileContent)" [_thread_blocked, id=25720, stack(0x000000ba95d00000,0x000000ba95e00000)]
  0x0000025c569ce520 JavaThread "Cache worker for file hash cache (D:\androidLearning\AndroidStudioProjects\serviceTest1\.gradle\8.0\fileHashes)" [_thread_blocked, id=28760, stack(0x000000ba95e00000,0x000000ba95f00000)]
  0x0000025c576086c0 JavaThread "Cache worker for cache directory md-supplier (C:\Users\11218\.gradle\caches\8.0\md-supplier)" [_thread_blocked, id=29224, stack(0x000000ba96000000,0x000000ba96100000)]
  0x0000025c57606eb0 JavaThread "Cache worker for execution history cache (C:\Users\11218\.gradle\caches\8.0\executionHistory)" [_thread_blocked, id=13816, stack(0x000000ba96100000,0x000000ba96200000)]
  0x0000025c57608b90 JavaThread "jar transforms" [_thread_blocked, id=28152, stack(0x000000ba96200000,0x000000ba96300000)]
  0x0000025c57607850 JavaThread "jar transforms Thread 2" [_thread_blocked, id=25204, stack(0x000000ba96300000,0x000000ba96400000)]
  0x0000025c57609060 JavaThread "Cache worker for kotlin-dsl (C:\Users\11218\.gradle\caches\8.0\kotlin-dsl)" [_thread_blocked, id=29604, stack(0x000000ba96400000,0x000000ba96500000)]
  0x0000025c57609a00 JavaThread "Cache worker for dependencies-accessors (D:\androidLearning\AndroidStudioProjects\serviceTest1\.gradle\8.0\dependencies-accessors)" [_thread_blocked, id=28896, stack(0x000000ba96500000,0x000000ba96600000)]
  0x0000025c57606510 JavaThread "Cache worker for Build Output Cleanup Cache (D:\androidLearning\AndroidStudioProjects\serviceTest1\.gradle\buildOutputCleanup)" [_thread_blocked, id=30260, stack(0x000000ba96600000,0x000000ba96700000)]
  0x0000025c582428f0 JavaThread "Unconstrained build operations" [_thread_blocked, id=20680, stack(0x000000ba96700000,0x000000ba96800000)]
  0x0000025c582475f0 JavaThread "Unconstrained build operations Thread 2" [_thread_blocked, id=24548, stack(0x000000ba96800000,0x000000ba96900000)]
  0x0000025c582462b0 JavaThread "Unconstrained build operations Thread 3" [_thread_blocked, id=21988, stack(0x000000ba96900000,0x000000ba96a00000)]
  0x0000025c582445d0 JavaThread "Unconstrained build operations Thread 4" [_thread_blocked, id=21160, stack(0x000000ba96a00000,0x000000ba96b00000)]
  0x0000025c58243760 JavaThread "Unconstrained build operations Thread 5" [_thread_blocked, id=30564, stack(0x000000ba96b00000,0x000000ba96c00000)]
  0x0000025c58247120 JavaThread "Unconstrained build operations Thread 6" [_thread_blocked, id=29544, stack(0x000000ba96c00000,0x000000ba96d00000)]
  0x0000025c58247ac0 JavaThread "Unconstrained build operations Thread 7" [_thread_blocked, id=23528, stack(0x000000ba96d00000,0x000000ba96e00000)]
  0x0000025c58248e00 JavaThread "Unconstrained build operations Thread 8" [_thread_blocked, id=30644, stack(0x000000ba96e00000,0x000000ba96f00000)]
  0x0000025c58242420 JavaThread "Unconstrained build operations Thread 9" [_thread_blocked, id=28696, stack(0x000000ba96f00000,0x000000ba97000000)]
  0x0000025c58244f70 JavaThread "Unconstrained build operations Thread 10" [_thread_blocked, id=17080, stack(0x000000ba97000000,0x000000ba97100000)]
  0x0000025c58248460 JavaThread "Unconstrained build operations Thread 11" [_thread_in_native, id=30508, stack(0x000000ba97100000,0x000000ba97200000)]
  0x0000025c58243c30 JavaThread "Unconstrained build operations Thread 12" [_thread_blocked, id=9860, stack(0x000000ba97200000,0x000000ba97300000)]
  0x0000025c58243290 JavaThread "Unconstrained build operations Thread 13" [_thread_blocked, id=17444, stack(0x000000ba97300000,0x000000ba97400000)]
  0x0000025c58248930 JavaThread "Unconstrained build operations Thread 14" [_thread_blocked, id=23664, stack(0x000000ba97400000,0x000000ba97500000)]
  0x0000025c58246c50 JavaThread "Unconstrained build operations Thread 15" [_thread_blocked, id=23024, stack(0x000000ba97500000,0x000000ba97600000)]
  0x0000025c58247f90 JavaThread "Unconstrained build operations Thread 16" [_thread_blocked, id=21368, stack(0x000000ba97600000,0x000000ba97700000)]
  0x0000025c58244100 JavaThread "Unconstrained build operations Thread 17" [_thread_blocked, id=23808, stack(0x000000ba97700000,0x000000ba97800000)]
  0x0000025c58245910 JavaThread "Unconstrained build operations Thread 18" [_thread_blocked, id=11664, stack(0x000000ba97800000,0x000000ba97900000)]
  0x0000025c582497a0 JavaThread "Unconstrained build operations Thread 19" [_thread_blocked, id=15696, stack(0x000000ba97900000,0x000000ba97a00000)]
  0x0000025c582492d0 JavaThread "Unconstrained build operations Thread 20" [_thread_blocked, id=28304, stack(0x000000ba97a00000,0x000000ba97b00000)]
  0x0000025c58241f50 JavaThread "Memory manager" [_thread_blocked, id=16664, stack(0x000000ba97b00000,0x000000ba97c00000)]
  0x0000025c58246780 JavaThread "build event listener" [_thread_blocked, id=26920, stack(0x000000ba93400000,0x000000ba93500000)]
  0x0000025c58242dc0 JavaThread "build event listener" [_thread_blocked, id=28960, stack(0x000000ba93500000,0x000000ba93600000)]
  0x0000025c5c0cf6e0 JavaThread "included builds" [_thread_blocked, id=30684, stack(0x000000ba97c00000,0x000000ba97d00000)]
  0x0000025c5c0ced40 JavaThread "Execution worker" [_thread_blocked, id=19552, stack(0x000000ba97d00000,0x000000ba97e00000)]
  0x0000025c5c0d3a40 JavaThread "Cache worker for execution history cache (D:\androidLearning\AndroidStudioProjects\serviceTest1\.gradle\8.0\executionHistory)" [_thread_blocked, id=28204, stack(0x000000ba97e00000,0x000000ba97f00000)]
  0x0000025c5c0ce3a0 JavaThread "WorkerExecutor Queue" [_thread_blocked, id=26872, stack(0x000000ba97f00000,0x000000ba98000000)]
  0x0000025c5c0d30a0 JavaThread "Thread-50" [_thread_new, id=30520, stack(0x0000000000000000,0x0000000000000000)]

Other Threads:
  0x0000025c555e74c0 VMThread "VM Thread" [stack: 0x000000ba93c00000,0x000000ba93d00000] [id=18112]
  0x0000025c560c3940 WatcherThread [stack: 0x000000ba94800000,0x000000ba94900000] [id=7636]
  0x0000025c37e0f7a0 GCTaskThread "GC Thread#0" [stack: 0x000000ba93700000,0x000000ba93800000] [id=28180]
  0x0000025c561504e0 GCTaskThread "GC Thread#1" [stack: 0x000000ba94900000,0x000000ba94a00000] [id=17940]
  0x0000025c37e216f0 ConcurrentGCThread "G1 Main Marker" [stack: 0x000000ba93800000,0x000000ba93900000] [id=26892]
  0x0000025c37e22100 ConcurrentGCThread "G1 Conc#0" [stack: 0x000000ba93900000,0x000000ba93a00000] [id=20892]
  0x0000025c37e7d900 ConcurrentGCThread "G1 Refine#0" [stack: 0x000000ba93a00000,0x000000ba93b00000] [id=9292]
  0x0000025c583a80a0 ConcurrentGCThread "G1 Refine#1" [stack: 0x000000ba95f00000,0x000000ba96000000] [id=6212]
  0x0000025c37e7e320 ConcurrentGCThread "G1 Service" [stack: 0x000000ba93b00000,0x000000ba93c00000] [id=4056]

Threads with active compile tasks:
C2 CompilerThread0   118124 12928       4       org.gradle.internal.snapshot.MediumChildMap::withNode (67 bytes)

VM state: not at safepoint (normal execution)

VM Mutex/Monitor currently owned by a thread: None

Heap address: 0x0000000080000000, size: 2048 MB, Compressed Oops mode: 32-bit

CDS archive(s) mapped at: [0x0000000800000000-0x0000000800bc0000-0x0000000800bc0000), size 12320768, SharedBaseAddress: 0x0000000800000000, ArchiveRelocationMode: 0.
Compressed class space mapped at: 0x0000000800c00000-0x0000000840c00000, reserved size: 1073741824
Narrow klass base: 0x0000000800000000, Narrow klass shift: 0, Narrow klass range: 0x100000000

GC Precious Log:
 CPUs: 2 total, 2 available
 Memory: 7995M
 Large Page Support: Disabled
 NUMA Support: Disabled
 Compressed Oops: Enabled (32-bit)
 Heap Region Size: 1M
 Heap Min Capacity: 8M
 Heap Initial Capacity: 126M
 Heap Max Capacity: 2G
 Pre-touch: Disabled
 Parallel Workers: 2
 Concurrent Workers: 1
 Concurrent Refinement Workers: 2
 Periodic GC: Disabled

Heap:
 garbage-first heap   total 297984K, used 112518K [0x0000000080000000, 0x0000000100000000)
  region size 1024K, 21 young (21504K), 4 survivors (4096K)
 Metaspace       used 89962K, committed 90688K, reserved 1130496K
  class space    used 12316K, committed 12672K, reserved 1048576K

Heap Regions: E=young(eden), S=young(survivor), O=old, HS=humongous(starts), HC=humongous(continues), CS=collection set, F=free, OA=open archive, CA=closed archive, TAMS=top-at-mark-start (previous, next)
|   0|0x0000000080000000, 0x0000000080100000, 0x0000000080100000|100%| O|  |TAMS 0x0000000080100000, 0x0000000080000000| Untracked 
|   1|0x0000000080100000, 0x0000000080200000, 0x0000000080200000|100%| O|  |TAMS 0x0000000080200000, 0x0000000080100000| Untracked 
|   2|0x0000000080200000, 0x0000000080300000, 0x0000000080300000|100%| O|  |TAMS 0x0000000080300000, 0x0000000080200000| Untracked 
|   3|0x0000000080300000, 0x0000000080400000, 0x0000000080400000|100%|HS|  |TAMS 0x0000000080400000, 0x0000000080300000| Complete 
|   4|0x0000000080400000, 0x0000000080500000, 0x0000000080500000|100%|HC|  |TAMS 0x0000000080500000, 0x0000000080400000| Complete 
|   5|0x0000000080500000, 0x0000000080600000, 0x0000000080600000|100%|HC|  |TAMS 0x0000000080600000, 0x0000000080500000| Complete 
|   6|0x0000000080600000, 0x0000000080700000, 0x0000000080700000|100%|HC|  |TAMS 0x0000000080700000, 0x0000000080600000| Complete 
|   7|0x0000000080700000, 0x0000000080800000, 0x0000000080800000|100%| O|  |TAMS 0x0000000080800000, 0x0000000080700000| Untracked 
|   8|0x0000000080800000, 0x0000000080900000, 0x0000000080900000|100%| O|  |TAMS 0x0000000080900000, 0x0000000080800000| Untracked 
|   9|0x0000000080900000, 0x0000000080a00000, 0x0000000080a00000|100%| O|  |TAMS 0x0000000080a00000, 0x0000000080900000| Untracked 
|  10|0x0000000080a00000, 0x0000000080b00000, 0x0000000080b00000|100%| O|  |TAMS 0x0000000080b00000, 0x0000000080a00000| Untracked 
|  11|0x0000000080b00000, 0x0000000080c00000, 0x0000000080c00000|100%| O|  |TAMS 0x0000000080c00000, 0x0000000080b00000| Untracked 
|  12|0x0000000080c00000, 0x0000000080d00000, 0x0000000080d00000|100%| O|  |TAMS 0x0000000080d00000, 0x0000000080c00000| Untracked 
|  13|0x0000000080d00000, 0x0000000080e00000, 0x0000000080e00000|100%| O|  |TAMS 0x0000000080e00000, 0x0000000080d00000| Untracked 
|  14|0x0000000080e00000, 0x0000000080f00000, 0x0000000080f00000|100%| O|  |TAMS 0x0000000080f00000, 0x0000000080e00000| Untracked 
|  15|0x0000000080f00000, 0x0000000081000000, 0x0000000081000000|100%| O|  |TAMS 0x0000000081000000, 0x0000000080f00000| Untracked 
|  16|0x0000000081000000, 0x0000000081100000, 0x0000000081100000|100%| O|  |TAMS 0x0000000081100000, 0x0000000081000000| Untracked 
|  17|0x0000000081100000, 0x0000000081200000, 0x0000000081200000|100%| O|  |TAMS 0x0000000081200000, 0x0000000081100000| Untracked 
|  18|0x0000000081200000, 0x00000000812fee00, 0x0000000081300000| 99%| O|  |TAMS 0x00000000812fee00, 0x0000000081200000| Untracked 
|  19|0x0000000081300000, 0x0000000081400000, 0x0000000081400000|100%| O|  |TAMS 0x0000000081400000, 0x0000000081300000| Untracked 
|  20|0x0000000081400000, 0x0000000081500000, 0x0000000081500000|100%| O|  |TAMS 0x0000000081500000, 0x0000000081400000| Untracked 
|  21|0x0000000081500000, 0x0000000081600000, 0x0000000081600000|100%| O|  |TAMS 0x0000000081600000, 0x0000000081500000| Untracked 
|  22|0x0000000081600000, 0x0000000081700000, 0x0000000081700000|100%| O|  |TAMS 0x0000000081700000, 0x0000000081600000| Untracked 
|  23|0x0000000081700000, 0x0000000081800000, 0x0000000081800000|100%| O|  |TAMS 0x0000000081800000, 0x0000000081700000| Untracked 
|  24|0x0000000081800000, 0x0000000081900000, 0x0000000081900000|100%| O|  |TAMS 0x0000000081900000, 0x0000000081800000| Complete 
|  25|0x0000000081900000, 0x0000000081a00000, 0x0000000081a00000|100%| O|  |TAMS 0x0000000081a00000, 0x0000000081900000| Untracked 
|  26|0x0000000081a00000, 0x0000000081b00000, 0x0000000081b00000|100%| O|  |TAMS 0x0000000081b00000, 0x0000000081a00000| Untracked 
|  27|0x0000000081b00000, 0x0000000081c00000, 0x0000000081c00000|100%| O|  |TAMS 0x0000000081c00000, 0x0000000081b00000| Untracked 
|  28|0x0000000081c00000, 0x0000000081d00000, 0x0000000081d00000|100%|HS|  |TAMS 0x0000000081d00000, 0x0000000081c00000| Complete 
|  29|0x0000000081d00000, 0x0000000081e00000, 0x0000000081e00000|100%|HS|  |TAMS 0x0000000081e00000, 0x0000000081d00000| Complete 
|  30|0x0000000081e00000, 0x0000000081f00000, 0x0000000081f00000|100%| O|  |TAMS 0x0000000081f00000, 0x0000000081e00000| Untracked 
|  31|0x0000000081f00000, 0x0000000082000000, 0x0000000082000000|100%| O|  |TAMS 0x0000000082000000, 0x0000000081f00000| Untracked 
|  32|0x0000000082000000, 0x0000000082100000, 0x0000000082100000|100%| O|  |TAMS 0x0000000082100000, 0x0000000082000000| Untracked 
|  33|0x0000000082100000, 0x0000000082200000, 0x0000000082200000|100%| O|  |TAMS 0x0000000082200000, 0x0000000082100000| Untracked 
|  34|0x0000000082200000, 0x0000000082300000, 0x0000000082300000|100%| O|  |TAMS 0x0000000082300000, 0x0000000082200000| Untracked 
|  35|0x0000000082300000, 0x0000000082400000, 0x0000000082400000|100%| O|  |TAMS 0x0000000082400000, 0x0000000082300000| Untracked 
|  36|0x0000000082400000, 0x0000000082500000, 0x0000000082500000|100%|HS|  |TAMS 0x0000000082500000, 0x0000000082400000| Complete 
|  37|0x0000000082500000, 0x0000000082600000, 0x0000000082600000|100%|HC|  |TAMS 0x0000000082600000, 0x0000000082500000| Complete 
|  38|0x0000000082600000, 0x0000000082700000, 0x0000000082700000|100%|HS|  |TAMS 0x0000000082700000, 0x0000000082600000| Complete 
|  39|0x0000000082700000, 0x0000000082800000, 0x0000000082800000|100%| O|  |TAMS 0x0000000082800000, 0x0000000082700000| Untracked 
|  40|0x0000000082800000, 0x0000000082900000, 0x0000000082900000|100%| O|  |TAMS 0x0000000082900000, 0x0000000082800000| Untracked 
|  41|0x0000000082900000, 0x0000000082a00000, 0x0000000082a00000|100%|HS|  |TAMS 0x0000000082a00000, 0x0000000082900000| Complete 
|  42|0x0000000082a00000, 0x0000000082b00000, 0x0000000082b00000|100%|HC|  |TAMS 0x0000000082b00000, 0x0000000082a00000| Complete 
|  43|0x0000000082b00000, 0x0000000082c00000, 0x0000000082c00000|100%|HC|  |TAMS 0x0000000082c00000, 0x0000000082b00000| Complete 
|  44|0x0000000082c00000, 0x0000000082d00000, 0x0000000082d00000|100%|HC|  |TAMS 0x0000000082d00000, 0x0000000082c00000| Complete 
|  45|0x0000000082d00000, 0x0000000082e00000, 0x0000000082e00000|100%| O|  |TAMS 0x0000000082e00000, 0x0000000082d00000| Untracked 
|  46|0x0000000082e00000, 0x0000000082f00000, 0x0000000082f00000|100%| O|  |TAMS 0x0000000082f00000, 0x0000000082e00000| Untracked 
|  47|0x0000000082f00000, 0x0000000083000000, 0x0000000083000000|100%| O|  |TAMS 0x0000000083000000, 0x0000000082f00000| Untracked 
|  48|0x0000000083000000, 0x0000000083100000, 0x0000000083100000|100%| O|  |TAMS 0x0000000083100000, 0x0000000083000000| Untracked 
|  49|0x0000000083100000, 0x0000000083200000, 0x0000000083200000|100%| O|  |TAMS 0x0000000083200000, 0x0000000083100000| Untracked 
|  50|0x0000000083200000, 0x0000000083300000, 0x0000000083300000|100%| O|  |TAMS 0x0000000083300000, 0x0000000083200000| Untracked 
|  51|0x0000000083300000, 0x0000000083400000, 0x0000000083400000|100%| O|  |TAMS 0x0000000083400000, 0x0000000083300000| Untracked 
|  52|0x0000000083400000, 0x0000000083500000, 0x0000000083500000|100%| O|  |TAMS 0x0000000083500000, 0x0000000083400000| Untracked 
|  53|0x0000000083500000, 0x0000000083600000, 0x0000000083600000|100%| O|  |TAMS 0x0000000083600000, 0x0000000083500000| Untracked 
|  54|0x0000000083600000, 0x0000000083700000, 0x0000000083700000|100%| O|  |TAMS 0x0000000083700000, 0x0000000083600000| Untracked 
|  55|0x0000000083700000, 0x0000000083800000, 0x0000000083800000|100%| O|  |TAMS 0x0000000083800000, 0x0000000083700000| Untracked 
|  56|0x0000000083800000, 0x0000000083900000, 0x0000000083900000|100%| O|  |TAMS 0x0000000083900000, 0x0000000083800000| Untracked 
|  57|0x0000000083900000, 0x0000000083a00000, 0x0000000083a00000|100%| O|  |TAMS 0x0000000083a00000, 0x0000000083900000| Untracked 
|  58|0x0000000083a00000, 0x0000000083b00000, 0x0000000083b00000|100%| O|  |TAMS 0x0000000083b00000, 0x0000000083a00000| Untracked 
|  59|0x0000000083b00000, 0x0000000083c00000, 0x0000000083c00000|100%| O|  |TAMS 0x0000000083c00000, 0x0000000083b00000| Untracked 
|  60|0x0000000083c00000, 0x0000000083d00000, 0x0000000083d00000|100%| O|  |TAMS 0x0000000083d00000, 0x0000000083c00000| Untracked 
|  61|0x0000000083d00000, 0x0000000083e00000, 0x0000000083e00000|100%| O|  |TAMS 0x0000000083e00000, 0x0000000083d00000| Untracked 
|  62|0x0000000083e00000, 0x0000000083f00000, 0x0000000083f00000|100%| O|  |TAMS 0x0000000083f00000, 0x0000000083e00000| Untracked 
|  63|0x0000000083f00000, 0x0000000084000000, 0x0000000084000000|100%| O|  |TAMS 0x0000000084000000, 0x0000000083f00000| Untracked 
|  64|0x0000000084000000, 0x0000000084100000, 0x0000000084100000|100%| O|  |TAMS 0x0000000084100000, 0x0000000084000000| Untracked 
|  65|0x0000000084100000, 0x0000000084200000, 0x0000000084200000|100%| O|  |TAMS 0x0000000084200000, 0x0000000084100000| Untracked 
|  66|0x0000000084200000, 0x0000000084300000, 0x0000000084300000|100%| O|  |TAMS 0x0000000084300000, 0x0000000084200000| Untracked 
|  67|0x0000000084300000, 0x0000000084400000, 0x0000000084400000|100%| O|  |TAMS 0x0000000084400000, 0x0000000084300000| Untracked 
|  68|0x0000000084400000, 0x0000000084500000, 0x0000000084500000|100%| O|  |TAMS 0x0000000084500000, 0x0000000084400000| Untracked 
|  69|0x0000000084500000, 0x0000000084600000, 0x0000000084600000|100%| O|  |TAMS 0x0000000084600000, 0x0000000084500000| Untracked 
|  70|0x0000000084600000, 0x0000000084700000, 0x0000000084700000|100%| O|  |TAMS 0x0000000084700000, 0x0000000084600000| Untracked 
|  71|0x0000000084700000, 0x0000000084800000, 0x0000000084800000|100%| O|  |TAMS 0x0000000084800000, 0x0000000084700000| Untracked 
|  72|0x0000000084800000, 0x0000000084900000, 0x0000000084900000|100%| O|  |TAMS 0x0000000084900000, 0x0000000084800000| Untracked 
|  73|0x0000000084900000, 0x0000000084a00000, 0x0000000084a00000|100%| O|  |TAMS 0x0000000084a00000, 0x0000000084900000| Untracked 
|  74|0x0000000084a00000, 0x0000000084b00000, 0x0000000084b00000|100%| O|  |TAMS 0x0000000084b00000, 0x0000000084a00000| Untracked 
|  75|0x0000000084b00000, 0x0000000084c00000, 0x0000000084c00000|100%| O|  |TAMS 0x0000000084c00000, 0x0000000084b00000| Untracked 
|  76|0x0000000084c00000, 0x0000000084d00000, 0x0000000084d00000|100%| O|  |TAMS 0x0000000084d00000, 0x0000000084c00000| Untracked 
|  77|0x0000000084d00000, 0x0000000084e00000, 0x0000000084e00000|100%| O|  |TAMS 0x0000000084e00000, 0x0000000084d00000| Untracked 
|  78|0x0000000084e00000, 0x0000000084f00000, 0x0000000084f00000|100%| O|  |TAMS 0x0000000084f00000, 0x0000000084e00000| Untracked 
|  79|0x0000000084f00000, 0x0000000085000000, 0x0000000085000000|100%| O|  |TAMS 0x0000000085000000, 0x0000000084f00000| Untracked 
|  80|0x0000000085000000, 0x0000000085000000, 0x0000000085100000|  0%| F|  |TAMS 0x0000000085000000, 0x0000000085000000| Untracked 
|  81|0x0000000085100000, 0x0000000085200000, 0x0000000085200000|100%| O|  |TAMS 0x0000000085200000, 0x0000000085100000| Untracked 
|  82|0x0000000085200000, 0x0000000085300000, 0x0000000085300000|100%| O|  |TAMS 0x0000000085300000, 0x0000000085200000| Untracked 
|  83|0x0000000085300000, 0x0000000085400000, 0x0000000085400000|100%| O|  |TAMS 0x0000000085400000, 0x0000000085300000| Untracked 
|  84|0x0000000085400000, 0x0000000085500000, 0x0000000085500000|100%| O|  |TAMS 0x0000000085500000, 0x0000000085400000| Untracked 
|  85|0x0000000085500000, 0x0000000085600000, 0x0000000085600000|100%| O|  |TAMS 0x0000000085600000, 0x0000000085500000| Untracked 
|  86|0x0000000085600000, 0x0000000085700000, 0x0000000085700000|100%| O|  |TAMS 0x0000000085700000, 0x0000000085600000| Untracked 
|  87|0x0000000085700000, 0x0000000085800000, 0x0000000085800000|100%| O|  |TAMS 0x0000000085800000, 0x0000000085700000| Untracked 
|  88|0x0000000085800000, 0x0000000085900000, 0x0000000085900000|100%| O|  |TAMS 0x0000000085900000, 0x0000000085800000| Untracked 
|  89|0x0000000085900000, 0x0000000085a00000, 0x0000000085a00000|100%| O|  |TAMS 0x0000000085a00000, 0x0000000085900000| Untracked 
|  90|0x0000000085a00000, 0x0000000085b00000, 0x0000000085b00000|100%| O|  |TAMS 0x0000000085b00000, 0x0000000085a00000| Untracked 
|  91|0x0000000085b00000, 0x0000000085be9000, 0x0000000085c00000| 91%| O|  |TAMS 0x0000000085be9000, 0x0000000085b00000| Untracked 
|  92|0x0000000085c00000, 0x0000000085c00000, 0x0000000085d00000|  0%| F|  |TAMS 0x0000000085c00000, 0x0000000085c00000| Untracked 
|  93|0x0000000085d00000, 0x0000000085d00000, 0x0000000085e00000|  0%| F|  |TAMS 0x0000000085d00000, 0x0000000085d00000| Untracked 
|  94|0x0000000085e00000, 0x0000000085e00000, 0x0000000085f00000|  0%| F|  |TAMS 0x0000000085e00000, 0x0000000085e00000| Untracked 
|  95|0x0000000085f00000, 0x0000000085f00000, 0x0000000086000000|  0%| F|  |TAMS 0x0000000085f00000, 0x0000000085f00000| Untracked 
|  96|0x0000000086000000, 0x0000000086000000, 0x0000000086100000|  0%| F|  |TAMS 0x0000000086000000, 0x0000000086000000| Untracked 
|  97|0x0000000086100000, 0x0000000086100000, 0x0000000086200000|  0%| F|  |TAMS 0x0000000086100000, 0x0000000086100000| Untracked 
|  98|0x0000000086200000, 0x0000000086200000, 0x0000000086300000|  0%| F|  |TAMS 0x0000000086200000, 0x0000000086200000| Untracked 
|  99|0x0000000086300000, 0x0000000086300000, 0x0000000086400000|  0%| F|  |TAMS 0x0000000086300000, 0x0000000086300000| Untracked 
| 100|0x0000000086400000, 0x0000000086400000, 0x0000000086500000|  0%| F|  |TAMS 0x0000000086400000, 0x0000000086400000| Untracked 
| 101|0x0000000086500000, 0x0000000086500000, 0x0000000086600000|  0%| F|  |TAMS 0x0000000086500000, 0x0000000086500000| Untracked 
| 102|0x0000000086600000, 0x0000000086600000, 0x0000000086700000|  0%| F|  |TAMS 0x0000000086600000, 0x0000000086600000| Untracked 
| 103|0x0000000086700000, 0x0000000086700000, 0x0000000086800000|  0%| F|  |TAMS 0x0000000086700000, 0x0000000086700000| Untracked 
| 104|0x0000000086800000, 0x0000000086800000, 0x0000000086900000|  0%| F|  |TAMS 0x0000000086800000, 0x0000000086800000| Untracked 
| 105|0x0000000086900000, 0x0000000086900000, 0x0000000086a00000|  0%| F|  |TAMS 0x0000000086900000, 0x0000000086900000| Untracked 
| 106|0x0000000086a00000, 0x0000000086a00000, 0x0000000086b00000|  0%| F|  |TAMS 0x0000000086a00000, 0x0000000086a00000| Untracked 
| 107|0x0000000086b00000, 0x0000000086b00000, 0x0000000086c00000|  0%| F|  |TAMS 0x0000000086b00000, 0x0000000086b00000| Untracked 
| 108|0x0000000086c00000, 0x0000000086c00000, 0x0000000086d00000|  0%| F|  |TAMS 0x0000000086c00000, 0x0000000086c00000| Untracked 
| 109|0x0000000086d00000, 0x0000000086d00000, 0x0000000086e00000|  0%| F|  |TAMS 0x0000000086d00000, 0x0000000086d00000| Untracked 
| 110|0x0000000086e00000, 0x0000000086e00000, 0x0000000086f00000|  0%| F|  |TAMS 0x0000000086e00000, 0x0000000086e00000| Untracked 
| 111|0x0000000086f00000, 0x0000000086f00000, 0x0000000087000000|  0%| F|  |TAMS 0x0000000086f00000, 0x0000000086f00000| Untracked 
| 112|0x0000000087000000, 0x00000000870f9a00, 0x0000000087100000| 97%| S|CS|TAMS 0x0000000087000000, 0x0000000087000000| Complete 
| 113|0x0000000087100000, 0x0000000087200000, 0x0000000087200000|100%| S|CS|TAMS 0x0000000087100000, 0x0000000087100000| Complete 
| 114|0x0000000087200000, 0x0000000087300000, 0x0000000087300000|100%| S|CS|TAMS 0x0000000087200000, 0x0000000087200000| Complete 
| 115|0x0000000087300000, 0x0000000087400000, 0x0000000087400000|100%| S|CS|TAMS 0x0000000087300000, 0x0000000087300000| Complete 
| 116|0x0000000087400000, 0x0000000087400000, 0x0000000087500000|  0%| F|  |TAMS 0x0000000087400000, 0x0000000087400000| Untracked 
| 117|0x0000000087500000, 0x0000000087500000, 0x0000000087600000|  0%| F|  |TAMS 0x0000000087500000, 0x0000000087500000| Untracked 
| 118|0x0000000087600000, 0x0000000087600000, 0x0000000087700000|  0%| F|  |TAMS 0x0000000087600000, 0x0000000087600000| Untracked 
| 119|0x0000000087700000, 0x0000000087700000, 0x0000000087800000|  0%| F|  |TAMS 0x0000000087700000, 0x0000000087700000| Untracked 
| 120|0x0000000087800000, 0x0000000087800000, 0x0000000087900000|  0%| F|  |TAMS 0x0000000087800000, 0x0000000087800000| Untracked 
| 121|0x0000000087900000, 0x0000000087900000, 0x0000000087a00000|  0%| F|  |TAMS 0x0000000087900000, 0x0000000087900000| Untracked 
| 122|0x0000000087a00000, 0x0000000087a00000, 0x0000000087b00000|  0%| F|  |TAMS 0x0000000087a00000, 0x0000000087a00000| Untracked 
| 123|0x0000000087b00000, 0x0000000087b00000, 0x0000000087c00000|  0%| F|  |TAMS 0x0000000087b00000, 0x0000000087b00000| Untracked 
| 124|0x0000000087c00000, 0x0000000087c00000, 0x0000000087d00000|  0%| F|  |TAMS 0x0000000087c00000, 0x0000000087c00000| Untracked 
| 125|0x0000000087d00000, 0x0000000087d00000, 0x0000000087e00000|  0%| F|  |TAMS 0x0000000087d00000, 0x0000000087d00000| Untracked 
| 126|0x0000000087e00000, 0x0000000087e00000, 0x0000000087f00000|  0%| F|  |TAMS 0x0000000087e00000, 0x0000000087e00000| Untracked 
| 127|0x0000000087f00000, 0x0000000087f00000, 0x0000000088000000|  0%| F|  |TAMS 0x0000000087f00000, 0x0000000087f00000| Untracked 
| 128|0x0000000088000000, 0x0000000088000000, 0x0000000088100000|  0%| F|  |TAMS 0x0000000088000000, 0x0000000088000000| Untracked 
| 129|0x0000000088100000, 0x0000000088100000, 0x0000000088200000|  0%| F|  |TAMS 0x0000000088100000, 0x0000000088100000| Untracked 
| 130|0x0000000088200000, 0x0000000088200000, 0x0000000088300000|  0%| F|  |TAMS 0x0000000088200000, 0x0000000088200000| Untracked 
| 131|0x0000000088300000, 0x0000000088300000, 0x0000000088400000|  0%| F|  |TAMS 0x0000000088300000, 0x0000000088300000| Untracked 
| 132|0x0000000088400000, 0x0000000088400000, 0x0000000088500000|  0%| F|  |TAMS 0x0000000088400000, 0x0000000088400000| Untracked 
| 133|0x0000000088500000, 0x0000000088500000, 0x0000000088600000|  0%| F|  |TAMS 0x0000000088500000, 0x0000000088500000| Untracked 
| 134|0x0000000088600000, 0x0000000088600000, 0x0000000088700000|  0%| F|  |TAMS 0x0000000088600000, 0x0000000088600000| Untracked 
| 135|0x0000000088700000, 0x0000000088700000, 0x0000000088800000|  0%| F|  |TAMS 0x0000000088700000, 0x0000000088700000| Untracked 
| 136|0x0000000088800000, 0x0000000088800000, 0x0000000088900000|  0%| F|  |TAMS 0x0000000088800000, 0x0000000088800000| Untracked 
| 137|0x0000000088900000, 0x0000000088900000, 0x0000000088a00000|  0%| F|  |TAMS 0x0000000088900000, 0x0000000088900000| Untracked 
| 138|0x0000000088a00000, 0x0000000088a00000, 0x0000000088b00000|  0%| F|  |TAMS 0x0000000088a00000, 0x0000000088a00000| Untracked 
| 139|0x0000000088b00000, 0x0000000088b00000, 0x0000000088c00000|  0%| F|  |TAMS 0x0000000088b00000, 0x0000000088b00000| Untracked 
| 140|0x0000000088c00000, 0x0000000088c00000, 0x0000000088d00000|  0%| F|  |TAMS 0x0000000088c00000, 0x0000000088c00000| Untracked 
| 141|0x0000000088d00000, 0x0000000088d00000, 0x0000000088e00000|  0%| F|  |TAMS 0x0000000088d00000, 0x0000000088d00000| Untracked 
| 142|0x0000000088e00000, 0x0000000088e00000, 0x0000000088f00000|  0%| F|  |TAMS 0x0000000088e00000, 0x0000000088e00000| Untracked 
| 143|0x0000000088f00000, 0x0000000088f00000, 0x0000000089000000|  0%| F|  |TAMS 0x0000000088f00000, 0x0000000088f00000| Untracked 
| 144|0x0000000089000000, 0x0000000089000000, 0x0000000089100000|  0%| F|  |TAMS 0x0000000089000000, 0x0000000089000000| Untracked 
| 145|0x0000000089100000, 0x0000000089100000, 0x0000000089200000|  0%| F|  |TAMS 0x0000000089100000, 0x0000000089100000| Untracked 
| 146|0x0000000089200000, 0x0000000089200000, 0x0000000089300000|  0%| F|  |TAMS 0x0000000089200000, 0x0000000089200000| Untracked 
| 147|0x0000000089300000, 0x0000000089300000, 0x0000000089400000|  0%| F|  |TAMS 0x0000000089300000, 0x0000000089300000| Untracked 
| 148|0x0000000089400000, 0x0000000089400000, 0x0000000089500000|  0%| F|  |TAMS 0x0000000089400000, 0x0000000089400000| Untracked 
| 149|0x0000000089500000, 0x0000000089500000, 0x0000000089600000|  0%| F|  |TAMS 0x0000000089500000, 0x0000000089500000| Untracked 
| 150|0x0000000089600000, 0x0000000089600000, 0x0000000089700000|  0%| F|  |TAMS 0x0000000089600000, 0x0000000089600000| Untracked 
| 151|0x0000000089700000, 0x0000000089700000, 0x0000000089800000|  0%| F|  |TAMS 0x0000000089700000, 0x0000000089700000| Untracked 
| 152|0x0000000089800000, 0x0000000089800000, 0x0000000089900000|  0%| F|  |TAMS 0x0000000089800000, 0x0000000089800000| Untracked 
| 153|0x0000000089900000, 0x0000000089900000, 0x0000000089a00000|  0%| F|  |TAMS 0x0000000089900000, 0x0000000089900000| Untracked 
| 154|0x0000000089a00000, 0x0000000089a00000, 0x0000000089b00000|  0%| F|  |TAMS 0x0000000089a00000, 0x0000000089a00000| Untracked 
| 155|0x0000000089b00000, 0x0000000089b00000, 0x0000000089c00000|  0%| F|  |TAMS 0x0000000089b00000, 0x0000000089b00000| Untracked 
| 156|0x0000000089c00000, 0x0000000089c00000, 0x0000000089d00000|  0%| F|  |TAMS 0x0000000089c00000, 0x0000000089c00000| Untracked 
| 157|0x0000000089d00000, 0x0000000089d00000, 0x0000000089e00000|  0%| F|  |TAMS 0x0000000089d00000, 0x0000000089d00000| Untracked 
| 158|0x0000000089e00000, 0x0000000089e00000, 0x0000000089f00000|  0%| F|  |TAMS 0x0000000089e00000, 0x0000000089e00000| Untracked 
| 159|0x0000000089f00000, 0x0000000089f00000, 0x000000008a000000|  0%| F|  |TAMS 0x0000000089f00000, 0x0000000089f00000| Untracked 
| 160|0x000000008a000000, 0x000000008a000000, 0x000000008a100000|  0%| F|  |TAMS 0x000000008a000000, 0x000000008a000000| Untracked 
| 161|0x000000008a100000, 0x000000008a100000, 0x000000008a200000|  0%| F|  |TAMS 0x000000008a100000, 0x000000008a100000| Untracked 
| 162|0x000000008a200000, 0x000000008a200000, 0x000000008a300000|  0%| F|  |TAMS 0x000000008a200000, 0x000000008a200000| Untracked 
| 163|0x000000008a300000, 0x000000008a300000, 0x000000008a400000|  0%| F|  |TAMS 0x000000008a300000, 0x000000008a300000| Untracked 
| 164|0x000000008a400000, 0x000000008a400000, 0x000000008a500000|  0%| F|  |TAMS 0x000000008a400000, 0x000000008a400000| Untracked 
| 165|0x000000008a500000, 0x000000008a500000, 0x000000008a600000|  0%| F|  |TAMS 0x000000008a500000, 0x000000008a500000| Untracked 
| 166|0x000000008a600000, 0x000000008a600000, 0x000000008a700000|  0%| F|  |TAMS 0x000000008a600000, 0x000000008a600000| Untracked 
| 167|0x000000008a700000, 0x000000008a700000, 0x000000008a800000|  0%| F|  |TAMS 0x000000008a700000, 0x000000008a700000| Untracked 
| 168|0x000000008a800000, 0x000000008a800000, 0x000000008a900000|  0%| F|  |TAMS 0x000000008a800000, 0x000000008a800000| Untracked 
| 169|0x000000008a900000, 0x000000008a900000, 0x000000008aa00000|  0%| F|  |TAMS 0x000000008a900000, 0x000000008a900000| Untracked 
| 170|0x000000008aa00000, 0x000000008aa00000, 0x000000008ab00000|  0%| F|  |TAMS 0x000000008aa00000, 0x000000008aa00000| Untracked 
| 171|0x000000008ab00000, 0x000000008ab00000, 0x000000008ac00000|  0%| F|  |TAMS 0x000000008ab00000, 0x000000008ab00000| Untracked 
| 172|0x000000008ac00000, 0x000000008ac00000, 0x000000008ad00000|  0%| F|  |TAMS 0x000000008ac00000, 0x000000008ac00000| Untracked 
| 173|0x000000008ad00000, 0x000000008ad00000, 0x000000008ae00000|  0%| F|  |TAMS 0x000000008ad00000, 0x000000008ad00000| Untracked 
| 174|0x000000008ae00000, 0x000000008ae00000, 0x000000008af00000|  0%| F|  |TAMS 0x000000008ae00000, 0x000000008ae00000| Untracked 
| 175|0x000000008af00000, 0x000000008af00000, 0x000000008b000000|  0%| F|  |TAMS 0x000000008af00000, 0x000000008af00000| Untracked 
| 176|0x000000008b000000, 0x000000008b000000, 0x000000008b100000|  0%| F|  |TAMS 0x000000008b000000, 0x000000008b000000| Untracked 
| 177|0x000000008b100000, 0x000000008b100000, 0x000000008b200000|  0%| F|  |TAMS 0x000000008b100000, 0x000000008b100000| Untracked 
| 178|0x000000008b200000, 0x000000008b200000, 0x000000008b300000|  0%| F|  |TAMS 0x000000008b200000, 0x000000008b200000| Untracked 
| 179|0x000000008b300000, 0x000000008b300000, 0x000000008b400000|  0%| F|  |TAMS 0x000000008b300000, 0x000000008b300000| Untracked 
| 180|0x000000008b400000, 0x000000008b400000, 0x000000008b500000|  0%| F|  |TAMS 0x000000008b400000, 0x000000008b400000| Untracked 
| 181|0x000000008b500000, 0x000000008b500000, 0x000000008b600000|  0%| F|  |TAMS 0x000000008b500000, 0x000000008b500000| Untracked 
| 182|0x000000008b600000, 0x000000008b600000, 0x000000008b700000|  0%| F|  |TAMS 0x000000008b600000, 0x000000008b600000| Untracked 
| 183|0x000000008b700000, 0x000000008b700000, 0x000000008b800000|  0%| F|  |TAMS 0x000000008b700000, 0x000000008b700000| Untracked 
| 184|0x000000008b800000, 0x000000008b800000, 0x000000008b900000|  0%| F|  |TAMS 0x000000008b800000, 0x000000008b800000| Untracked 
| 185|0x000000008b900000, 0x000000008b900000, 0x000000008ba00000|  0%| F|  |TAMS 0x000000008b900000, 0x000000008b900000| Untracked 
| 186|0x000000008ba00000, 0x000000008ba00000, 0x000000008bb00000|  0%| F|  |TAMS 0x000000008ba00000, 0x000000008ba00000| Untracked 
| 187|0x000000008bb00000, 0x000000008bb00000, 0x000000008bc00000|  0%| F|  |TAMS 0x000000008bb00000, 0x000000008bb00000| Untracked 
| 188|0x000000008bc00000, 0x000000008bc00000, 0x000000008bd00000|  0%| F|  |TAMS 0x000000008bc00000, 0x000000008bc00000| Untracked 
| 189|0x000000008bd00000, 0x000000008bd00000, 0x000000008be00000|  0%| F|  |TAMS 0x000000008bd00000, 0x000000008bd00000| Untracked 
| 190|0x000000008be00000, 0x000000008be00000, 0x000000008bf00000|  0%| F|  |TAMS 0x000000008be00000, 0x000000008be00000| Untracked 
| 191|0x000000008bf00000, 0x000000008bf00000, 0x000000008c000000|  0%| F|  |TAMS 0x000000008bf00000, 0x000000008bf00000| Untracked 
| 192|0x000000008c000000, 0x000000008c000000, 0x000000008c100000|  0%| F|  |TAMS 0x000000008c000000, 0x000000008c000000| Untracked 
| 193|0x000000008c100000, 0x000000008c100000, 0x000000008c200000|  0%| F|  |TAMS 0x000000008c100000, 0x000000008c100000| Untracked 
| 194|0x000000008c200000, 0x000000008c200000, 0x000000008c300000|  0%| F|  |TAMS 0x000000008c200000, 0x000000008c200000| Untracked 
| 195|0x000000008c300000, 0x000000008c300000, 0x000000008c400000|  0%| F|  |TAMS 0x000000008c300000, 0x000000008c300000| Untracked 
| 196|0x000000008c400000, 0x000000008c400000, 0x000000008c500000|  0%| F|  |TAMS 0x000000008c400000, 0x000000008c400000| Untracked 
| 197|0x000000008c500000, 0x000000008c500000, 0x000000008c600000|  0%| F|  |TAMS 0x000000008c500000, 0x000000008c500000| Untracked 
| 198|0x000000008c600000, 0x000000008c600000, 0x000000008c700000|  0%| F|  |TAMS 0x000000008c600000, 0x000000008c600000| Untracked 
| 199|0x000000008c700000, 0x000000008c700000, 0x000000008c800000|  0%| F|  |TAMS 0x000000008c700000, 0x000000008c700000| Untracked 
| 200|0x000000008c800000, 0x000000008c800000, 0x000000008c900000|  0%| F|  |TAMS 0x000000008c800000, 0x000000008c800000| Untracked 
| 201|0x000000008c900000, 0x000000008c900000, 0x000000008ca00000|  0%| F|  |TAMS 0x000000008c900000, 0x000000008c900000| Untracked 
| 202|0x000000008ca00000, 0x000000008ca00000, 0x000000008cb00000|  0%| F|  |TAMS 0x000000008ca00000, 0x000000008ca00000| Untracked 
| 203|0x000000008cb00000, 0x000000008cb00000, 0x000000008cc00000|  0%| F|  |TAMS 0x000000008cb00000, 0x000000008cb00000| Untracked 
| 204|0x000000008cc00000, 0x000000008cc00000, 0x000000008cd00000|  0%| F|  |TAMS 0x000000008cc00000, 0x000000008cc00000| Untracked 
| 205|0x000000008cd00000, 0x000000008cd00000, 0x000000008ce00000|  0%| F|  |TAMS 0x000000008cd00000, 0x000000008cd00000| Untracked 
| 206|0x000000008ce00000, 0x000000008ce00000, 0x000000008cf00000|  0%| F|  |TAMS 0x000000008ce00000, 0x000000008ce00000| Untracked 
| 207|0x000000008cf00000, 0x000000008cf00000, 0x000000008d000000|  0%| F|  |TAMS 0x000000008cf00000, 0x000000008cf00000| Untracked 
| 208|0x000000008d000000, 0x000000008d000000, 0x000000008d100000|  0%| F|  |TAMS 0x000000008d000000, 0x000000008d000000| Untracked 
| 209|0x000000008d100000, 0x000000008d100000, 0x000000008d200000|  0%| F|  |TAMS 0x000000008d100000, 0x000000008d100000| Untracked 
| 210|0x000000008d200000, 0x000000008d200000, 0x000000008d300000|  0%| F|  |TAMS 0x000000008d200000, 0x000000008d200000| Untracked 
| 211|0x000000008d300000, 0x000000008d300000, 0x000000008d400000|  0%| F|  |TAMS 0x000000008d300000, 0x000000008d300000| Untracked 
| 212|0x000000008d400000, 0x000000008d400000, 0x000000008d500000|  0%| F|  |TAMS 0x000000008d400000, 0x000000008d400000| Untracked 
| 213|0x000000008d500000, 0x000000008d500000, 0x000000008d600000|  0%| F|  |TAMS 0x000000008d500000, 0x000000008d500000| Untracked 
| 214|0x000000008d600000, 0x000000008d600000, 0x000000008d700000|  0%| F|  |TAMS 0x000000008d600000, 0x000000008d600000| Untracked 
| 215|0x000000008d700000, 0x000000008d700000, 0x000000008d800000|  0%| F|  |TAMS 0x000000008d700000, 0x000000008d700000| Untracked 
| 216|0x000000008d800000, 0x000000008d800000, 0x000000008d900000|  0%| F|  |TAMS 0x000000008d800000, 0x000000008d800000| Untracked 
| 217|0x000000008d900000, 0x000000008d900000, 0x000000008da00000|  0%| F|  |TAMS 0x000000008d900000, 0x000000008d900000| Untracked 
| 218|0x000000008da00000, 0x000000008da00000, 0x000000008db00000|  0%| F|  |TAMS 0x000000008da00000, 0x000000008da00000| Untracked 
| 219|0x000000008db00000, 0x000000008db00000, 0x000000008dc00000|  0%| F|  |TAMS 0x000000008db00000, 0x000000008db00000| Untracked 
| 220|0x000000008dc00000, 0x000000008dc00000, 0x000000008dd00000|  0%| F|  |TAMS 0x000000008dc00000, 0x000000008dc00000| Untracked 
| 221|0x000000008dd00000, 0x000000008dd00000, 0x000000008de00000|  0%| F|  |TAMS 0x000000008dd00000, 0x000000008dd00000| Untracked 
| 222|0x000000008de00000, 0x000000008de00000, 0x000000008df00000|  0%| F|  |TAMS 0x000000008de00000, 0x000000008de00000| Untracked 
| 223|0x000000008df00000, 0x000000008df00000, 0x000000008e000000|  0%| F|  |TAMS 0x000000008df00000, 0x000000008df00000| Untracked 
| 224|0x000000008e000000, 0x000000008e000000, 0x000000008e100000|  0%| F|  |TAMS 0x000000008e000000, 0x000000008e000000| Untracked 
| 225|0x000000008e100000, 0x000000008e100000, 0x000000008e200000|  0%| F|  |TAMS 0x000000008e100000, 0x000000008e100000| Untracked 
| 226|0x000000008e200000, 0x000000008e200000, 0x000000008e300000|  0%| F|  |TAMS 0x000000008e200000, 0x000000008e200000| Untracked 
| 227|0x000000008e300000, 0x000000008e300000, 0x000000008e400000|  0%| F|  |TAMS 0x000000008e300000, 0x000000008e300000| Untracked 
| 228|0x000000008e400000, 0x000000008e400000, 0x000000008e500000|  0%| F|  |TAMS 0x000000008e400000, 0x000000008e400000| Untracked 
| 229|0x000000008e500000, 0x000000008e500000, 0x000000008e600000|  0%| F|  |TAMS 0x000000008e500000, 0x000000008e500000| Untracked 
| 230|0x000000008e600000, 0x000000008e600000, 0x000000008e700000|  0%| F|  |TAMS 0x000000008e600000, 0x000000008e600000| Untracked 
| 231|0x000000008e700000, 0x000000008e700000, 0x000000008e800000|  0%| F|  |TAMS 0x000000008e700000, 0x000000008e700000| Untracked 
| 232|0x000000008e800000, 0x000000008e800000, 0x000000008e900000|  0%| F|  |TAMS 0x000000008e800000, 0x000000008e800000| Untracked 
| 233|0x000000008e900000, 0x000000008e900000, 0x000000008ea00000|  0%| F|  |TAMS 0x000000008e900000, 0x000000008e900000| Untracked 
| 234|0x000000008ea00000, 0x000000008ea00000, 0x000000008eb00000|  0%| F|  |TAMS 0x000000008ea00000, 0x000000008ea00000| Untracked 
| 235|0x000000008eb00000, 0x000000008eb00000, 0x000000008ec00000|  0%| F|  |TAMS 0x000000008eb00000, 0x000000008eb00000| Untracked 
| 236|0x000000008ec00000, 0x000000008ec00000, 0x000000008ed00000|  0%| F|  |TAMS 0x000000008ec00000, 0x000000008ec00000| Untracked 
| 237|0x000000008ed00000, 0x000000008ed00000, 0x000000008ee00000|  0%| F|  |TAMS 0x000000008ed00000, 0x000000008ed00000| Untracked 
| 238|0x000000008ee00000, 0x000000008ee00000, 0x000000008ef00000|  0%| F|  |TAMS 0x000000008ee00000, 0x000000008ee00000| Untracked 
| 239|0x000000008ef00000, 0x000000008ef00000, 0x000000008f000000|  0%| F|  |TAMS 0x000000008ef00000, 0x000000008ef00000| Untracked 
| 240|0x000000008f000000, 0x000000008f000000, 0x000000008f100000|  0%| F|  |TAMS 0x000000008f000000, 0x000000008f000000| Untracked 
| 241|0x000000008f100000, 0x000000008f100000, 0x000000008f200000|  0%| F|  |TAMS 0x000000008f100000, 0x000000008f100000| Untracked 
| 242|0x000000008f200000, 0x000000008f200000, 0x000000008f300000|  0%| F|  |TAMS 0x000000008f200000, 0x000000008f200000| Untracked 
| 243|0x000000008f300000, 0x000000008f300000, 0x000000008f400000|  0%| F|  |TAMS 0x000000008f300000, 0x000000008f300000| Untracked 
| 244|0x000000008f400000, 0x000000008f400000, 0x000000008f500000|  0%| F|  |TAMS 0x000000008f400000, 0x000000008f400000| Untracked 
| 245|0x000000008f500000, 0x000000008f500000, 0x000000008f600000|  0%| F|  |TAMS 0x000000008f500000, 0x000000008f500000| Untracked 
| 246|0x000000008f600000, 0x000000008f600000, 0x000000008f700000|  0%| F|  |TAMS 0x000000008f600000, 0x000000008f600000| Untracked 
| 247|0x000000008f700000, 0x000000008f700000, 0x000000008f800000|  0%| F|  |TAMS 0x000000008f700000, 0x000000008f700000| Untracked 
| 248|0x000000008f800000, 0x000000008f800000, 0x000000008f900000|  0%| F|  |TAMS 0x000000008f800000, 0x000000008f800000| Untracked 
| 249|0x000000008f900000, 0x000000008f900000, 0x000000008fa00000|  0%| F|  |TAMS 0x000000008f900000, 0x000000008f900000| Untracked 
| 250|0x000000008fa00000, 0x000000008fa00000, 0x000000008fb00000|  0%| F|  |TAMS 0x000000008fa00000, 0x000000008fa00000| Untracked 
| 251|0x000000008fb00000, 0x000000008fb00000, 0x000000008fc00000|  0%| F|  |TAMS 0x000000008fb00000, 0x000000008fb00000| Untracked 
| 252|0x000000008fc00000, 0x000000008fc00000, 0x000000008fd00000|  0%| F|  |TAMS 0x000000008fc00000, 0x000000008fc00000| Untracked 
| 253|0x000000008fd00000, 0x000000008fd00000, 0x000000008fe00000|  0%| F|  |TAMS 0x000000008fd00000, 0x000000008fd00000| Untracked 
| 254|0x000000008fe00000, 0x000000008fe00000, 0x000000008ff00000|  0%| F|  |TAMS 0x000000008fe00000, 0x000000008fe00000| Untracked 
| 255|0x000000008ff00000, 0x000000008ff00000, 0x0000000090000000|  0%| F|  |TAMS 0x000000008ff00000, 0x000000008ff00000| Untracked 
| 256|0x0000000090000000, 0x0000000090000000, 0x0000000090100000|  0%| F|  |TAMS 0x0000000090000000, 0x0000000090000000| Untracked 
| 257|0x0000000090100000, 0x0000000090100000, 0x0000000090200000|  0%| F|  |TAMS 0x0000000090100000, 0x0000000090100000| Untracked 
| 258|0x0000000090200000, 0x0000000090200000, 0x0000000090300000|  0%| F|  |TAMS 0x0000000090200000, 0x0000000090200000| Untracked 
| 259|0x0000000090300000, 0x0000000090300000, 0x0000000090400000|  0%| F|  |TAMS 0x0000000090300000, 0x0000000090300000| Untracked 
| 260|0x0000000090400000, 0x0000000090400000, 0x0000000090500000|  0%| F|  |TAMS 0x0000000090400000, 0x0000000090400000| Untracked 
| 261|0x0000000090500000, 0x0000000090500000, 0x0000000090600000|  0%| F|  |TAMS 0x0000000090500000, 0x0000000090500000| Untracked 
| 262|0x0000000090600000, 0x0000000090600000, 0x0000000090700000|  0%| F|  |TAMS 0x0000000090600000, 0x0000000090600000| Untracked 
| 263|0x0000000090700000, 0x0000000090700000, 0x0000000090800000|  0%| F|  |TAMS 0x0000000090700000, 0x0000000090700000| Untracked 
| 264|0x0000000090800000, 0x0000000090800000, 0x0000000090900000|  0%| F|  |TAMS 0x0000000090800000, 0x0000000090800000| Untracked 
| 265|0x0000000090900000, 0x0000000090900000, 0x0000000090a00000|  0%| F|  |TAMS 0x0000000090900000, 0x0000000090900000| Untracked 
| 266|0x0000000090a00000, 0x0000000090a00000, 0x0000000090b00000|  0%| F|  |TAMS 0x0000000090a00000, 0x0000000090a00000| Untracked 
| 267|0x0000000090b00000, 0x0000000090b00000, 0x0000000090c00000|  0%| F|  |TAMS 0x0000000090b00000, 0x0000000090b00000| Untracked 
| 268|0x0000000090c00000, 0x0000000090c00000, 0x0000000090d00000|  0%| F|  |TAMS 0x0000000090c00000, 0x0000000090c00000| Untracked 
| 269|0x0000000090d00000, 0x0000000090d00000, 0x0000000090e00000|  0%| F|  |TAMS 0x0000000090d00000, 0x0000000090d00000| Untracked 
| 270|0x0000000090e00000, 0x0000000090e00000, 0x0000000090f00000|  0%| F|  |TAMS 0x0000000090e00000, 0x0000000090e00000| Untracked 
| 271|0x0000000090f00000, 0x0000000090f00000, 0x0000000091000000|  0%| F|  |TAMS 0x0000000090f00000, 0x0000000090f00000| Untracked 
| 272|0x0000000091000000, 0x0000000091000000, 0x0000000091100000|  0%| F|  |TAMS 0x0000000091000000, 0x0000000091000000| Untracked 
| 273|0x0000000091100000, 0x0000000091100000, 0x0000000091200000|  0%| F|  |TAMS 0x0000000091100000, 0x0000000091100000| Untracked 
| 274|0x0000000091200000, 0x0000000091212db0, 0x0000000091300000|  7%| E|  |TAMS 0x0000000091200000, 0x0000000091200000| Complete 
| 275|0x0000000091300000, 0x0000000091400000, 0x0000000091400000|100%| E|  |TAMS 0x0000000091300000, 0x0000000091300000| Complete 
| 276|0x0000000091400000, 0x0000000091500000, 0x0000000091500000|100%| E|CS|TAMS 0x0000000091400000, 0x0000000091400000| Complete 
| 277|0x0000000091500000, 0x0000000091600000, 0x0000000091600000|100%| E|CS|TAMS 0x0000000091500000, 0x0000000091500000| Complete 
| 278|0x0000000091600000, 0x0000000091700000, 0x0000000091700000|100%| E|CS|TAMS 0x0000000091600000, 0x0000000091600000| Complete 
| 279|0x0000000091700000, 0x0000000091800000, 0x0000000091800000|100%| E|CS|TAMS 0x0000000091700000, 0x0000000091700000| Complete 
| 280|0x0000000091800000, 0x0000000091900000, 0x0000000091900000|100%| E|CS|TAMS 0x0000000091800000, 0x0000000091800000| Complete 
| 281|0x0000000091900000, 0x0000000091a00000, 0x0000000091a00000|100%| E|CS|TAMS 0x0000000091900000, 0x0000000091900000| Complete 
| 282|0x0000000091a00000, 0x0000000091b00000, 0x0000000091b00000|100%| E|CS|TAMS 0x0000000091a00000, 0x0000000091a00000| Complete 
| 283|0x0000000091b00000, 0x0000000091c00000, 0x0000000091c00000|100%| E|CS|TAMS 0x0000000091b00000, 0x0000000091b00000| Complete 
| 284|0x0000000091c00000, 0x0000000091d00000, 0x0000000091d00000|100%| E|CS|TAMS 0x0000000091c00000, 0x0000000091c00000| Complete 
| 285|0x0000000091d00000, 0x0000000091e00000, 0x0000000091e00000|100%| E|CS|TAMS 0x0000000091d00000, 0x0000000091d00000| Complete 
| 286|0x0000000091e00000, 0x0000000091f00000, 0x0000000091f00000|100%| E|CS|TAMS 0x0000000091e00000, 0x0000000091e00000| Complete 
| 287|0x0000000091f00000, 0x0000000092000000, 0x0000000092000000|100%| E|CS|TAMS 0x0000000091f00000, 0x0000000091f00000| Complete 
| 288|0x0000000092000000, 0x0000000092100000, 0x0000000092100000|100%| E|CS|TAMS 0x0000000092000000, 0x0000000092000000| Complete 
| 289|0x0000000092100000, 0x0000000092200000, 0x0000000092200000|100%| E|CS|TAMS 0x0000000092100000, 0x0000000092100000| Complete 
| 290|0x0000000092200000, 0x0000000092300000, 0x0000000092300000|100%| E|CS|TAMS 0x0000000092200000, 0x0000000092200000| Complete 

Card table byte_map: [0x0000025c4ec90000,0x0000025c4f090000] _byte_map_base: 0x0000025c4e890000

Marking Bits (Prev, Next): (CMBitMap*) 0x0000025c37e10e00, (CMBitMap*) 0x0000025c37e10dc0
 Prev Bits: [0x0000025c51490000, 0x0000025c53490000)
 Next Bits: [0x0000025c4f490000, 0x0000025c51490000)

Polling page: 0x0000025c35f50000

Metaspace:

Usage:
  Non-class:     75.83 MB used.
      Class:     12.03 MB used.
       Both:     87.85 MB used.

Virtual space:
  Non-class space:       80.00 MB reserved,      76.19 MB ( 95%) committed,  10 nodes.
      Class space:        1.00 GB reserved,      12.38 MB (  1%) committed,  1 nodes.
             Both:        1.08 GB reserved,      88.56 MB (  8%) committed. 

Chunk freelists:
   Non-Class:  2.88 MB
       Class:  3.59 MB
        Both:  6.47 MB

MaxMetaspaceSize: unlimited
CompressedClassSpaceSize: 1.00 GB
Initial GC threshold: 21.00 MB
Current GC threshold: 147.12 MB
CDS: on
MetaspaceReclaimPolicy: balanced
 - commit_granule_bytes: 65536.
 - commit_granule_words: 8192.
 - virtual_space_node_default_size: 1048576.
 - enlarge_chunks_in_place: 1.
 - new_chunks_are_fully_committed: 0.
 - uncommit_free_chunks: 1.
 - use_allocation_guard: 0.
 - handle_deallocations: 1.


Internal statistics:

num_allocs_failed_limit: 6.
num_arena_births: 1044.
num_arena_deaths: 0.
num_vsnodes_births: 11.
num_vsnodes_deaths: 0.
num_space_committed: 1417.
num_space_uncommitted: 0.
num_chunks_returned_to_freelist: 6.
num_chunks_taken_from_freelist: 4730.
num_chunk_merges: 6.
num_chunk_splits: 3158.
num_chunks_enlarged: 2106.
num_purges: 0.
num_inconsistent_stats: 0.

CodeHeap 'non-profiled nmethods': size=120064Kb used=6907Kb max_used=6907Kb free=113156Kb
 bounds [0x0000025c47350000, 0x0000025c47a10000, 0x0000025c4e890000]
CodeHeap 'profiled nmethods': size=120000Kb used=22837Kb max_used=22837Kb free=97162Kb
 bounds [0x0000025c3fe20000, 0x0000025c41470000, 0x0000025c47350000]
CodeHeap 'non-nmethods': size=5696Kb used=2422Kb max_used=2456Kb free=3274Kb
 bounds [0x0000025c3f890000, 0x0000025c3fb00000, 0x0000025c3fe20000]
 total_blobs=12319 nmethods=11353 adapters=879
 compilation: enabled
              stopped_count=0, restarted_count=0
 full_count=0

Compilation events (20 events):
Event: 117.816 Thread 0x0000025c5560c2b0 nmethod 12916 0x0000025c47a0b290 code [0x0000025c47a0b400, 0x0000025c47a0b558]
Event: 117.827 Thread 0x0000025c5560c2b0 12917       4       com.google.common.collect.ImmutableMultimap$1::<init> (39 bytes)
Event: 117.849 Thread 0x0000025c5560c2b0 nmethod 12917 0x0000025c47a0b610 code [0x0000025c47a0b800, 0x0000025c47a0c3f8]
Event: 117.849 Thread 0x0000025c5560c2b0 12918       4       com.google.common.collect.ImmutableMultimap$EntryCollection::iterator (5 bytes)
Event: 117.851 Thread 0x0000025c5560c2b0 nmethod 12918 0x0000025c47a0c910 code [0x0000025c47a0caa0, 0x0000025c47a0cbc8]
Event: 117.890 Thread 0x0000025c5560c2b0 12919       4       org.gradle.internal.execution.steps.IdentityContext::<init> (18 bytes)
Event: 117.901 Thread 0x0000025c5560c2b0 nmethod 12919 0x0000025c47a0cd10 code [0x0000025c47a0cea0, 0x0000025c47a0d498]
Event: 117.917 Thread 0x0000025c5560c2b0 12920       4       com.google.common.collect.ImmutableSortedMap::entrySet (5 bytes)
Event: 117.921 Thread 0x0000025c5560c2b0 nmethod 12920 0x0000025c47a0d690 code [0x0000025c47a0d820, 0x0000025c47a0da58]
Event: 117.932 Thread 0x0000025c55611190 12923       3       java.lang.invoke.MethodHandleStatics::traceLambdaForm (96 bytes)
Event: 117.932 Thread 0x0000025c55611190 nmethod 12923 0x0000025c4146a610 code [0x0000025c4146a7a0, 0x0000025c4146a8f8]
Event: 117.933 Thread 0x0000025c55611190 12924       3       java.lang.invoke.InvokerBytecodeGenerator::emitReturnInsn (122 bytes)
Event: 117.933 Thread 0x0000025c55611190 nmethod 12924 0x0000025c4146a990 code [0x0000025c4146ac00, 0x0000025c4146b688]
Event: 117.936 Thread 0x0000025c55611190 12926       3       java.lang.invoke.InvokerBytecodeGenerator::<init> (126 bytes)
Event: 117.938 Thread 0x0000025c55611190 nmethod 12926 0x0000025c4146ba10 code [0x0000025c4146bd00, 0x0000025c4146ce68]
Event: 117.939 Thread 0x0000025c5560c2b0 12927       4       sun.invoke.util.VerifyType::isNullConversion (157 bytes)
Event: 117.944 Thread 0x0000025c5560c2b0 nmethod 12927 0x0000025c47a0e510 code [0x0000025c47a0e720, 0x0000025c47a0eb20]
Event: 117.983 Thread 0x0000025c5560c2b0 12928       4       org.gradle.internal.snapshot.MediumChildMap::withNode (67 bytes)
Event: 118.007 Thread 0x0000025c55611190 12930       3       java.util.concurrent.ThreadPoolExecutor::runStateAtLeast (11 bytes)
Event: 118.007 Thread 0x0000025c55611190 nmethod 12930 0x0000025c4146d410 code [0x0000025c4146d5a0, 0x0000025c4146d6f8]

GC Heap History (20 events):
Event: 96.385 GC heap before
{Heap before GC invocations=43 (full 0):
 garbage-first heap   total 133120K, used 109814K [0x0000000080000000, 0x0000000100000000)
  region size 1024K, 33 young (33792K), 4 survivors (4096K)
 Metaspace       used 83478K, committed 84160K, reserved 1122304K
  class space    used 11470K, committed 11776K, reserved 1048576K
}
Event: 96.417 GC heap after
{Heap after GC invocations=44 (full 0):
 garbage-first heap   total 133120K, used 82933K [0x0000000080000000, 0x0000000100000000)
  region size 1024K, 3 young (3072K), 3 survivors (3072K)
 Metaspace       used 83478K, committed 84160K, reserved 1122304K
  class space    used 11470K, committed 11776K, reserved 1048576K
}
Event: 100.310 GC heap before
{Heap before GC invocations=45 (full 0):
 garbage-first heap   total 142336K, used 108533K [0x0000000080000000, 0x0000000100000000)
  region size 1024K, 29 young (29696K), 3 survivors (3072K)
 Metaspace       used 84996K, committed 85696K, reserved 1130496K
  class space    used 11719K, committed 12032K, reserved 1048576K
}
Event: 100.334 GC heap after
{Heap after GC invocations=46 (full 0):
 garbage-first heap   total 142336K, used 85962K [0x0000000080000000, 0x0000000100000000)
  region size 1024K, 3 young (3072K), 3 survivors (3072K)
 Metaspace       used 84996K, committed 85696K, reserved 1130496K
  class space    used 11719K, committed 12032K, reserved 1048576K
}
Event: 100.500 GC heap before
{Heap before GC invocations=46 (full 0):
 garbage-first heap   total 142336K, used 88010K [0x0000000080000000, 0x0000000100000000)
  region size 1024K, 6 young (6144K), 3 survivors (3072K)
 Metaspace       used 85013K, committed 85696K, reserved 1130496K
  class space    used 11719K, committed 12032K, reserved 1048576K
}
Event: 100.514 GC heap after
{Heap after GC invocations=47 (full 0):
 garbage-first heap   total 142336K, used 85520K [0x0000000080000000, 0x0000000100000000)
  region size 1024K, 1 young (1024K), 1 survivors (1024K)
 Metaspace       used 85013K, committed 85696K, reserved 1130496K
  class space    used 11719K, committed 12032K, reserved 1048576K
}
Event: 102.614 GC heap before
{Heap before GC invocations=47 (full 0):
 garbage-first heap   total 142336K, used 118288K [0x0000000080000000, 0x0000000100000000)
  region size 1024K, 33 young (33792K), 1 survivors (1024K)
 Metaspace       used 85295K, committed 86016K, reserved 1130496K
  class space    used 11732K, committed 12096K, reserved 1048576K
}
Event: 102.628 GC heap after
{Heap after GC invocations=48 (full 0):
 garbage-first heap   total 142336K, used 87516K [0x0000000080000000, 0x0000000100000000)
  region size 1024K, 3 young (3072K), 3 survivors (3072K)
 Metaspace       used 85295K, committed 86016K, reserved 1130496K
  class space    used 11732K, committed 12096K, reserved 1048576K
}
Event: 105.792 GC heap before
{Heap before GC invocations=49 (full 0):
 garbage-first heap   total 150528K, used 118236K [0x0000000080000000, 0x0000000100000000)
  region size 1024K, 34 young (34816K), 3 survivors (3072K)
 Metaspace       used 85736K, committed 86400K, reserved 1130496K
  class space    used 11776K, committed 12096K, reserved 1048576K
}
Event: 105.811 GC heap after
{Heap after GC invocations=50 (full 0):
 garbage-first heap   total 150528K, used 90058K [0x0000000080000000, 0x0000000100000000)
  region size 1024K, 5 young (5120K), 5 survivors (5120K)
 Metaspace       used 85736K, committed 86400K, reserved 1130496K
  class space    used 11776K, committed 12096K, reserved 1048576K
}
Event: 105.870 GC heap before
{Heap before GC invocations=50 (full 0):
 garbage-first heap   total 150528K, used 91082K [0x0000000080000000, 0x0000000100000000)
  region size 1024K, 7 young (7168K), 5 survivors (5120K)
 Metaspace       used 85739K, committed 86400K, reserved 1130496K
  class space    used 11776K, committed 12096K, reserved 1048576K
}
Event: 105.886 GC heap after
{Heap after GC invocations=51 (full 0):
 garbage-first heap   total 150528K, used 89744K [0x0000000080000000, 0x0000000100000000)
  region size 1024K, 1 young (1024K), 1 survivors (1024K)
 Metaspace       used 85739K, committed 86400K, reserved 1130496K
  class space    used 11776K, committed 12096K, reserved 1048576K
}
Event: 109.565 GC heap before
{Heap before GC invocations=51 (full 0):
 garbage-first heap   total 150528K, used 124560K [0x0000000080000000, 0x0000000100000000)
  region size 1024K, 36 young (36864K), 1 survivors (1024K)
 Metaspace       used 85957K, committed 86592K, reserved 1130496K
  class space    used 11792K, committed 12096K, reserved 1048576K
}
Event: 109.578 GC heap after
{Heap after GC invocations=52 (full 0):
 garbage-first heap   total 150528K, used 91986K [0x0000000080000000, 0x0000000100000000)
  region size 1024K, 3 young (3072K), 3 survivors (3072K)
 Metaspace       used 85957K, committed 86592K, reserved 1130496K
  class space    used 11792K, committed 12096K, reserved 1048576K
}
Event: 111.753 GC heap before
{Heap before GC invocations=53 (full 0):
 garbage-first heap   total 157696K, used 123730K [0x0000000080000000, 0x0000000100000000)
  region size 1024K, 35 young (35840K), 3 survivors (3072K)
 Metaspace       used 86178K, committed 86848K, reserved 1130496K
  class space    used 11831K, committed 12160K, reserved 1048576K
}
Event: 111.771 GC heap after
{Heap after GC invocations=54 (full 0):
 garbage-first heap   total 157696K, used 93769K [0x0000000080000000, 0x0000000100000000)
  region size 1024K, 2 young (2048K), 2 survivors (2048K)
 Metaspace       used 86178K, committed 86848K, reserved 1130496K
  class space    used 11831K, committed 12160K, reserved 1048576K
}
Event: 112.515 GC heap before
{Heap before GC invocations=54 (full 0):
 garbage-first heap   total 157696K, used 97865K [0x0000000080000000, 0x0000000100000000)
  region size 1024K, 7 young (7168K), 2 survivors (2048K)
 Metaspace       used 86574K, committed 87296K, reserved 1130496K
  class space    used 11900K, committed 12224K, reserved 1048576K
}
Event: 112.529 GC heap after
{Heap after GC invocations=55 (full 0):
 garbage-first heap   total 157696K, used 93470K [0x0000000080000000, 0x0000000100000000)
  region size 1024K, 1 young (1024K), 1 survivors (1024K)
 Metaspace       used 86574K, committed 87296K, reserved 1130496K
  class space    used 11900K, committed 12224K, reserved 1048576K
}
Event: 116.304 GC heap before
{Heap before GC invocations=55 (full 0):
 garbage-first heap   total 157696K, used 130334K [0x0000000080000000, 0x0000000100000000)
  region size 1024K, 38 young (38912K), 1 survivors (1024K)
 Metaspace       used 89641K, committed 90368K, reserved 1130496K
  class space    used 12253K, committed 12608K, reserved 1048576K
}
Event: 116.340 GC heap after
{Heap after GC invocations=56 (full 0):
 garbage-first heap   total 297984K, used 97158K [0x0000000080000000, 0x0000000100000000)
  region size 1024K, 4 young (4096K), 4 survivors (4096K)
 Metaspace       used 89641K, committed 90368K, reserved 1130496K
  class space    used 12253K, committed 12608K, reserved 1048576K
}

Deoptimization events (20 events):
Event: 116.150 Thread 0x0000025c5c0ced40 DEOPT PACKING pc=0x0000025c4793bcac sp=0x000000ba97dfc720
Event: 116.150 Thread 0x0000025c5c0ced40 DEOPT UNPACKING pc=0x0000025c3f8e239d sp=0x000000ba97dfc6e0 mode 2
Event: 116.151 Thread 0x0000025c5c0ced40 Uncommon trap: trap_request=0xffffffc6 fr.pc=0x0000025c476e13c4 relative=0x0000000000000124
Event: 116.151 Thread 0x0000025c5c0ced40 Uncommon trap: reason=bimorphic_or_optimized_type_check action=maybe_recompile pc=0x0000025c476e13c4 method=com.google.common.collect.RegularImmutableMap.checkNoConflictInKeyBucket(Ljava/lang/Object;Ljava/lang/Object;Lcom/google/common/collect/ImmutableMa
Event: 116.151 Thread 0x0000025c5c0ced40 DEOPT PACKING pc=0x0000025c476e13c4 sp=0x000000ba97dfcdc0
Event: 116.151 Thread 0x0000025c5c0ced40 DEOPT UNPACKING pc=0x0000025c3f8e239d sp=0x000000ba97dfcd58 mode 2
Event: 116.904 Thread 0x0000025c5c0ce3a0 Uncommon trap: trap_request=0xffffff45 fr.pc=0x0000025c476a1ef4 relative=0x0000000000000154
Event: 116.904 Thread 0x0000025c5c0ce3a0 Uncommon trap: reason=unstable_if action=reinterpret pc=0x0000025c476a1ef4 method=sun.net.www.ParseUtil.encodePath(Ljava/lang/String;Z)Ljava/lang/String; @ 1 c2
Event: 116.904 Thread 0x0000025c5c0ce3a0 DEOPT PACKING pc=0x0000025c476a1ef4 sp=0x000000ba97ffd110
Event: 116.904 Thread 0x0000025c5c0ce3a0 DEOPT UNPACKING pc=0x0000025c3f8e239d sp=0x000000ba97ffd0b8 mode 2
Event: 117.089 Thread 0x0000025c5c0ced40 DEOPT PACKING pc=0x0000025c4145e9bc sp=0x000000ba97df90c0
Event: 117.089 Thread 0x0000025c5c0ced40 DEOPT UNPACKING pc=0x0000025c3f8e2b24 sp=0x000000ba97df8640 mode 0
Event: 117.409 Thread 0x0000025c5c0ced40 DEOPT PACKING pc=0x0000025c4145e9bc sp=0x000000ba97dfa680
Event: 117.409 Thread 0x0000025c5c0ced40 DEOPT UNPACKING pc=0x0000025c3f8e2b24 sp=0x000000ba97df9c00 mode 0
Event: 117.821 Thread 0x0000025c5c0ced40 DEOPT PACKING pc=0x0000025c4145e9bc sp=0x000000ba97dfa800
Event: 117.821 Thread 0x0000025c5c0ced40 DEOPT UNPACKING pc=0x0000025c3f8e2b24 sp=0x000000ba97df9d80 mode 0
Event: 117.951 Thread 0x0000025c5c0ce3a0 Uncommon trap: trap_request=0xffffffde fr.pc=0x0000025c479fdecc relative=0x00000000000021ec
Event: 117.951 Thread 0x0000025c5c0ce3a0 Uncommon trap: reason=class_check action=maybe_recompile pc=0x0000025c479fdecc method=java.util.concurrent.locks.AbstractQueuedSynchronizer.acquire(Ljava/util/concurrent/locks/AbstractQueuedSynchronizer$Node;IZZZJ)I @ 108 c2
Event: 117.951 Thread 0x0000025c5c0ce3a0 DEOPT PACKING pc=0x0000025c479fdecc sp=0x000000ba97ffdb90
Event: 117.951 Thread 0x0000025c5c0ce3a0 DEOPT UNPACKING pc=0x0000025c3f8e239d sp=0x000000ba97ffdb78 mode 2

Classes unloaded (0 events):
No events

Classes redefined (0 events):
No events

Internal exceptions (20 events):
Event: 111.853 Thread 0x0000025c5c0cf6e0 Exception <a 'java/lang/NoSuchMethodError'{0x0000000089946068}: 'void java.lang.invoke.DirectMethodHandle$Holder.invokeVirtual(java.lang.Object, java.lang.Object)'> (0x0000000089946068) 
thrown [d:\a\1\s\lookaside\java-17-openjdk\src\hotspot\share\interpreter\linkResolver.cpp, line 766]
Event: 115.188 Thread 0x0000025c5c0cf6e0 Exception <a 'java/lang/NoSuchMethodError'{0x00000000881400c8}: static [Ljava/lang/String;.<clinit>()V> (0x00000000881400c8) 
thrown [d:\a\1\s\lookaside\java-17-openjdk\src\hotspot\share\prims\jni.cpp, line 1107]
Event: 115.287 Thread 0x0000025c5c0cf6e0 Exception <a 'java/lang/NoSuchMethodError'{0x0000000088198170}: static Lorg/jetbrains/kotlin/incremental/ChangedFiles$Known;.<clinit>()V> (0x0000000088198170) 
thrown [d:\a\1\s\lookaside\java-17-openjdk\src\hotspot\share\prims\jni.cpp, line 1107]
Event: 115.299 Thread 0x0000025c5c0cf6e0 Exception <a 'java/lang/NoSuchMethodError'{0x00000000881dde98}: static Lorg/jetbrains/kotlin/incremental/ClasspathChanges$ClasspathSnapshotEnabled$IncrementalRun$ToBeComputedByIncrementalCompiler;.<clinit>()V> (0x00000000881dde98) 
thrown [d:\a\1\s\lookaside\java-17-openjdk\src\hotspot\share\prims\jni.cpp, line 1107]
Event: 115.299 Thread 0x0000025c5c0cf6e0 Exception <a 'java/lang/NoSuchMethodError'{0x00000000881dfe70}: static Lorg/jetbrains/kotlin/incremental/ClasspathChanges$ClasspathSnapshotEnabled$IncrementalRun;.<clinit>()V> (0x00000000881dfe70) 
thrown [d:\a\1\s\lookaside\java-17-openjdk\src\hotspot\share\prims\jni.cpp, line 1107]
Event: 115.317 Thread 0x0000025c5c0cf6e0 Exception <a 'java/lang/NoSuchMethodError'{0x00000000881e1bb8}: static Lorg/jetbrains/kotlin/incremental/ClasspathChanges$ClasspathSnapshotEnabled;.<clinit>()V> (0x00000000881e1bb8) 
thrown [d:\a\1\s\lookaside\java-17-openjdk\src\hotspot\share\prims\jni.cpp, line 1107]
Event: 115.317 Thread 0x0000025c5c0cf6e0 Exception <a 'java/lang/NoSuchMethodError'{0x00000000881e3c48}: static Lorg/jetbrains/kotlin/incremental/ClasspathChanges;.<clinit>()V> (0x00000000881e3c48) 
thrown [d:\a\1\s\lookaside\java-17-openjdk\src\hotspot\share\prims\jni.cpp, line 1107]
Event: 115.347 Thread 0x0000025c5c0cf6e0 Exception <a 'java/lang/NoSuchMethodError'{0x000000008806a7e0}: static Lorg/jetbrains/kotlin/build/report/metrics/BuildMetricsReporterImpl;.<clinit>()V> (0x000000008806a7e0) 
thrown [d:\a\1\s\lookaside\java-17-openjdk\src\hotspot\share\prims\jni.cpp, line 1107]
Event: 115.374 Thread 0x0000025c5c0cf6e0 Exception <a 'java/lang/NoSuchMethodError'{0x00000000880af348}: static Lorg/jetbrains/kotlin/build/report/metrics/GcMetrics;.<clinit>()V> (0x00000000880af348) 
thrown [d:\a\1\s\lookaside\java-17-openjdk\src\hotspot\share\prims\jni.cpp, line 1107]
Event: 115.409 Thread 0x0000025c5c0ced40 Exception <a 'sun/nio/fs/WindowsException'{0x0000000087f54930}> (0x0000000087f54930) 
thrown [d:\a\1\s\lookaside\java-17-openjdk\src\hotspot\share\prims\jni.cpp, line 516]
Event: 116.906 Thread 0x0000025c5c0ce3a0 Exception <a 'java/net/ConnectException'{0x0000000092204af0}: Connection refused: connect> (0x0000000092204af0) 
thrown [d:\a\1\s\lookaside\java-17-openjdk\src\hotspot\share\prims\jni.cpp, line 535]
Event: 116.906 Thread 0x0000025c5c0ce3a0 Exception <a 'java/net/SocketException'{0x0000000092205480}: Socket is not connected: shutdown> (0x0000000092205480) 
thrown [d:\a\1\s\lookaside\java-17-openjdk\src\hotspot\share\prims\jni.cpp, line 535]
Event: 116.940 Thread 0x0000025c5c0ce3a0 Exception <a 'java/net/ConnectException'{0x00000000922062d0}: Connection refused: connect> (0x00000000922062d0) 
thrown [d:\a\1\s\lookaside\java-17-openjdk\src\hotspot\share\prims\jni.cpp, line 535]
Event: 116.940 Thread 0x0000025c5c0ce3a0 Exception <a 'java/net/SocketException'{0x0000000092206b58}: Socket is not connected: shutdown> (0x0000000092206b58) 
thrown [d:\a\1\s\lookaside\java-17-openjdk\src\hotspot\share\prims\jni.cpp, line 535]
Event: 116.971 Thread 0x0000025c5c0ce3a0 Exception <a 'java/net/ConnectException'{0x00000000922078d8}: Connection refused: connect> (0x00000000922078d8) 
thrown [d:\a\1\s\lookaside\java-17-openjdk\src\hotspot\share\prims\jni.cpp, line 535]
Event: 116.971 Thread 0x0000025c5c0ce3a0 Exception <a 'java/net/SocketException'{0x0000000092208160}: Socket is not connected: shutdown> (0x0000000092208160) 
thrown [d:\a\1\s\lookaside\java-17-openjdk\src\hotspot\share\prims\jni.cpp, line 535]
Event: 117.929 Thread 0x0000025c5c0ce3a0 Exception <a 'java/lang/NoSuchMethodError'{0x00000000914ebbb0}: 'void java.lang.invoke.DirectMethodHandle$Holder.invokeStatic(java.lang.Object, long)'> (0x00000000914ebbb0) 
thrown [d:\a\1\s\lookaside\java-17-openjdk\src\hotspot\share\interpreter\linkResolver.cpp, line 766]
Event: 117.932 Thread 0x0000025c5c0ce3a0 Exception <a 'java/lang/NoSuchMethodError'{0x00000000914f1468}: 'java.lang.Object java.lang.invoke.DirectMethodHandle$Holder.newInvokeSpecial(java.lang.Object, long)'> (0x00000000914f1468) 
thrown [d:\a\1\s\lookaside\java-17-openjdk\src\hotspot\share\interpreter\linkResolver.cpp, line 766]
Event: 117.936 Thread 0x0000025c5c0ce3a0 Exception <a 'java/lang/NoSuchMethodError'{0x00000000914f8170}: 'java.lang.Object java.lang.invoke.DirectMethodHandle$Holder.invokeStatic(java.lang.Object, java.lang.Object, long, java.lang.Object)'> (0x00000000914f8170) 
thrown [d:\a\1\s\lookaside\java-17-openjdk\src\hotspot\share\interpreter\linkResolver.cpp, line 766]
Event: 117.936 Thread 0x0000025c5c0ce3a0 Exception <a 'java/lang/NoSuchMethodError'{0x00000000914fbbf0}: 'java.lang.Object java.lang.invoke.DirectMethodHandle$Holder.invokeStaticInit(java.lang.Object, java.lang.Object, long, java.lang.Object)'> (0x00000000914fbbf0) 
thrown [d:\a\1\s\lookaside\java-17-openjdk\src\hotspot\share\interpreter\linkResolver.cpp, line 766]

VM Operations (20 events):
Event: 114.167 Executing VM operation: HandshakeAllThreads
Event: 114.167 Executing VM operation: HandshakeAllThreads done
Event: 114.576 Executing VM operation: HandshakeAllThreads
Event: 114.576 Executing VM operation: HandshakeAllThreads done
Event: 114.812 Executing VM operation: HandshakeAllThreads
Event: 114.813 Executing VM operation: HandshakeAllThreads done
Event: 114.813 Executing VM operation: Cleanup
Event: 114.813 Executing VM operation: Cleanup done
Event: 115.082 Executing VM operation: HandshakeAllThreads
Event: 115.082 Executing VM operation: HandshakeAllThreads done
Event: 116.095 Executing VM operation: Cleanup
Event: 116.153 Executing VM operation: Cleanup done
Event: 116.290 Executing VM operation: G1CollectForAllocation
Event: 116.399 Executing VM operation: G1CollectForAllocation done
Event: 116.706 Executing VM operation: G1Concurrent
Event: 116.874 Executing VM operation: G1Concurrent done
Event: 116.982 Executing VM operation: G1Concurrent
Event: 116.983 Executing VM operation: G1Concurrent done
Event: 117.943 Executing VM operation: HandshakeAllThreads
Event: 117.943 Executing VM operation: HandshakeAllThreads done

Events (20 events):
Event: 116.906 loading class sun/net/util/SocketExceptions
Event: 116.907 loading class sun/net/util/SocketExceptions done
Event: 117.863 Loaded shared library C:\Users\11218\AppData\Local\temp\native-platform8004270289176365707dir\native-platform.dll
Event: 117.873 loading class java/lang/ProcessImpl
Event: 117.874 loading class java/lang/ProcessImpl done
Event: 117.933 loading class java/lang/ProcessHandleImpl
Event: 117.934 loading class java/lang/ProcessHandleImpl done
Event: 117.939 loading class java/lang/ProcessImpl$2
Event: 117.939 loading class java/lang/ProcessImpl$2 done
Event: 117.940 loading class java/lang/Process$PipeInputStream
Event: 117.940 loading class java/lang/Process$PipeInputStream done
Event: 117.943 loading class java/lang/ProcessBuilder$NullInputStream
Event: 117.944 loading class java/lang/ProcessBuilder$NullInputStream done
Event: 117.944 loading class jdk/internal/event/ProcessStartEvent
Event: 117.944 loading class jdk/internal/event/ProcessStartEvent done
Event: 117.945 loading class java/util/concurrent/Semaphore$NonfairSync
Event: 117.947 loading class java/util/concurrent/Semaphore$Sync
Event: 117.947 loading class java/util/concurrent/Semaphore$Sync done
Event: 117.947 loading class java/util/concurrent/Semaphore$NonfairSync done
Event: 117.951 Thread 0x0000025c5c0d30a0 Thread added: 0x0000025c5c0d30a0


Dynamic libraries:
0x00007ff739610000 - 0x00007ff739631000 	D:\java\ojdkbuild\java-17-openjdk-17.0.3.0.6-1\bin\java.exe
0x00007ffbb09d0000 - 0x00007ffbb0be7000 	C:\Windows\SYSTEM32\ntdll.dll
0x00007ffbaf530000 - 0x00007ffbaf5f4000 	C:\Windows\System32\KERNEL32.DLL
0x00007ffbae0a0000 - 0x00007ffbae446000 	C:\Windows\System32\KERNELBASE.dll
0x00007ffbadf50000 - 0x00007ffbae061000 	C:\Windows\System32\ucrtbase.dll
0x00007ffb9dfc0000 - 0x00007ffb9dfd8000 	D:\java\ojdkbuild\java-17-openjdk-17.0.3.0.6-1\bin\jli.dll
0x00007ffbb0340000 - 0x00007ffbb04ee000 	C:\Windows\System32\USER32.dll
0x00007ffbae070000 - 0x00007ffbae096000 	C:\Windows\System32\win32u.dll
0x00007ffbae990000 - 0x00007ffbae9b9000 	C:\Windows\System32\GDI32.dll
0x00007ffbae450000 - 0x00007ffbae568000 	C:\Windows\System32\gdi32full.dll
0x00007ffbade80000 - 0x00007ffbadf1a000 	C:\Windows\System32\msvcp_win.dll
0x00007ffb845b0000 - 0x00007ffb845cb000 	D:\java\ojdkbuild\java-17-openjdk-17.0.3.0.6-1\bin\VCRUNTIME140.dll
0x00007ffb91040000 - 0x00007ffb912d3000 	C:\Windows\WinSxS\amd64_microsoft.windows.common-controls_6595b64144ccf1df_6.0.22621.2506_none_270c5ae97388e100\COMCTL32.dll
0x00007ffbaf270000 - 0x00007ffbaf317000 	C:\Windows\System32\msvcrt.dll
0x00007ffbb0250000 - 0x00007ffbb0281000 	C:\Windows\System32\IMM32.DLL
0x00007ffb987f0000 - 0x00007ffb987fc000 	D:\java\ojdkbuild\java-17-openjdk-17.0.3.0.6-1\bin\vcruntime140_1.dll
0x00007ffb6d6d0000 - 0x00007ffb6d75d000 	D:\java\ojdkbuild\java-17-openjdk-17.0.3.0.6-1\bin\msvcp140.dll
0x00007ffb26df0000 - 0x00007ffb27a4f000 	D:\java\ojdkbuild\java-17-openjdk-17.0.3.0.6-1\bin\server\jvm.dll
0x00007ffbaf600000 - 0x00007ffbaf6b3000 	C:\Windows\System32\ADVAPI32.dll
0x00007ffbaf420000 - 0x00007ffbaf4c8000 	C:\Windows\System32\sechost.dll
0x00007ffbadf20000 - 0x00007ffbadf48000 	C:\Windows\System32\bcrypt.dll
0x00007ffbaea10000 - 0x00007ffbaeb27000 	C:\Windows\System32\RPCRT4.dll
0x00007ffbb0980000 - 0x00007ffbb0988000 	C:\Windows\System32\PSAPI.DLL
0x00007ffb92bb0000 - 0x00007ffb92bb9000 	C:\Windows\SYSTEM32\WSOCK32.dll
0x00007ffbb0290000 - 0x00007ffbb0301000 	C:\Windows\System32\WS2_32.dll
0x00007ffb9a840000 - 0x00007ffb9a874000 	C:\Windows\SYSTEM32\WINMM.dll
0x00007ffb9c050000 - 0x00007ffb9c05a000 	C:\Windows\SYSTEM32\VERSION.dll
0x00007ffbacda0000 - 0x00007ffbacdb8000 	C:\Windows\SYSTEM32\kernel.appcore.dll
0x00007ffb97420000 - 0x00007ffb9742a000 	D:\java\ojdkbuild\java-17-openjdk-17.0.3.0.6-1\bin\jimage.dll
0x00007ffbab7c0000 - 0x00007ffbab9f3000 	C:\Windows\SYSTEM32\DBGHELP.DLL
0x00007ffbaec10000 - 0x00007ffbaef99000 	C:\Windows\System32\combase.dll
0x00007ffbaeb30000 - 0x00007ffbaec07000 	C:\Windows\System32\OLEAUT32.dll
0x00007ffb98f10000 - 0x00007ffb98f42000 	C:\Windows\SYSTEM32\dbgcore.DLL
0x00007ffbae5e0000 - 0x00007ffbae65a000 	C:\Windows\System32\bcryptPrimitives.dll
0x00007ffb76b90000 - 0x00007ffb76bb5000 	D:\java\ojdkbuild\java-17-openjdk-17.0.3.0.6-1\bin\java.dll
0x00007ffb6d5f0000 - 0x00007ffb6d6c7000 	D:\java\ojdkbuild\java-17-openjdk-17.0.3.0.6-1\bin\jsvml.dll
0x00007ffbaf990000 - 0x00007ffbb01eb000 	C:\Windows\System32\SHELL32.dll
0x00007ffbabc30000 - 0x00007ffbac526000 	C:\Windows\SYSTEM32\windows.storage.dll
0x00007ffbabaf0000 - 0x00007ffbabc2e000 	C:\Windows\SYSTEM32\wintypes.dll
0x00007ffbaf320000 - 0x00007ffbaf413000 	C:\Windows\System32\SHCORE.dll
0x00007ffbb01f0000 - 0x00007ffbb024e000 	C:\Windows\System32\shlwapi.dll
0x00007ffbadc40000 - 0x00007ffbadc66000 	C:\Windows\SYSTEM32\profapi.dll
0x00007ffb74dc0000 - 0x00007ffb74dd9000 	D:\java\ojdkbuild\java-17-openjdk-17.0.3.0.6-1\bin\net.dll
0x00007ffba4660000 - 0x00007ffba4797000 	C:\Windows\SYSTEM32\WINHTTP.dll
0x00007ffbad270000 - 0x00007ffbad2d9000 	C:\Windows\system32\mswsock.dll
0x00007ffb74da0000 - 0x00007ffb74db6000 	D:\java\ojdkbuild\java-17-openjdk-17.0.3.0.6-1\bin\nio.dll
0x00007ffb6f0d0000 - 0x00007ffb6f0e8000 	D:\java\ojdkbuild\java-17-openjdk-17.0.3.0.6-1\bin\zip.dll
0x00007ffb96120000 - 0x00007ffb96130000 	D:\java\ojdkbuild\java-17-openjdk-17.0.3.0.6-1\bin\verify.dll
0x00007ffb67160000 - 0x00007ffb67187000 	C:\Users\11218\.gradle\native\68d5fa5c4cc2d200863cafc0d521ce42e7d3e7ee720ec0a83991735586a16f82\windows-amd64\native-platform.dll
0x00007ffb4ddc0000 - 0x00007ffb4df04000 	C:\Users\11218\.gradle\native\e376f236ea51e6404a007f0833ffe2c6e607c4080706a723a18a27aeea778392\windows-amd64\native-platform-file-events.dll
0x00007ffb902e0000 - 0x00007ffb902e9000 	D:\java\ojdkbuild\java-17-openjdk-17.0.3.0.6-1\bin\management.dll
0x00007ffb85220000 - 0x00007ffb8522b000 	D:\java\ojdkbuild\java-17-openjdk-17.0.3.0.6-1\bin\management_ext.dll
0x00007ffbad5c0000 - 0x00007ffbad5db000 	C:\Windows\SYSTEM32\CRYPTSP.dll
0x00007ffbacd60000 - 0x00007ffbacd95000 	C:\Windows\system32\rsaenh.dll
0x00007ffbad310000 - 0x00007ffbad33c000 	C:\Windows\SYSTEM32\USERENV.dll
0x00007ffbad5a0000 - 0x00007ffbad5ac000 	C:\Windows\SYSTEM32\CRYPTBASE.dll
0x00007ffbac890000 - 0x00007ffbac8bd000 	C:\Windows\SYSTEM32\IPHLPAPI.DLL
0x00007ffbaefa0000 - 0x00007ffbaefa9000 	C:\Windows\System32\NSI.dll
0x00007ffba5150000 - 0x00007ffba5169000 	C:\Windows\SYSTEM32\dhcpcsvc6.DLL
0x00007ffba4640000 - 0x00007ffba465f000 	C:\Windows\SYSTEM32\dhcpcsvc.DLL
0x00007ffbac8c0000 - 0x00007ffbac9b9000 	C:\Windows\SYSTEM32\DNSAPI.dll
0x00007ffb83470000 - 0x00007ffb8347d000 	D:\java\ojdkbuild\java-17-openjdk-17.0.3.0.6-1\bin\sunmscapi.dll
0x00007ffbadd10000 - 0x00007ffbade76000 	C:\Windows\System32\CRYPT32.dll
0x00007ffbad6d0000 - 0x00007ffbad6fe000 	C:\Windows\SYSTEM32\ncrypt.dll
0x00007ffbad690000 - 0x00007ffbad6c7000 	C:\Windows\SYSTEM32\NTASN1.dll
0x00007ffb9aa80000 - 0x00007ffb9aa88000 	C:\Windows\system32\wshunix.dll
0x00007ffb90f50000 - 0x00007ffb90f67000 	C:\Windows\system32\napinsp.dll
0x00007ffb90f30000 - 0x00007ffb90f4b000 	C:\Windows\system32\pnrpnsp.dll
0x00007ffb90f10000 - 0x00007ffb90f21000 	C:\Windows\System32\winrnr.dll
0x00007ffb9e1a0000 - 0x00007ffb9e1b5000 	C:\Windows\system32\wshbth.dll
0x00007ffb8dca0000 - 0x00007ffb8dcc1000 	C:\Windows\system32\nlansp_c.dll
0x00007ffb9b080000 - 0x00007ffb9b08a000 	C:\Windows\System32\rasadhlp.dll
0x00007ffb9bf40000 - 0x00007ffb9bfc3000 	C:\Windows\System32\fwpuclnt.dll
0x00007ffb62070000 - 0x00007ffb6208e000 	C:\Users\11218\AppData\Local\temp\native-platform8004270289176365707dir\native-platform.dll

dbghelp: loaded successfully - version: 4.0.5 - missing functions: none
symbol engine: initialized successfully - sym options: 0x614 - pdb path: .;D:\java\ojdkbuild\java-17-openjdk-17.0.3.0.6-1\bin;C:\Windows\SYSTEM32;C:\Windows\WinSxS\amd64_microsoft.windows.common-controls_6595b64144ccf1df_6.0.22621.2506_none_270c5ae97388e100;D:\java\ojdkbuild\java-17-openjdk-17.0.3.0.6-1\bin\server;C:\Users\11218\.gradle\native\68d5fa5c4cc2d200863cafc0d521ce42e7d3e7ee720ec0a83991735586a16f82\windows-amd64;C:\Users\11218\.gradle\native\e376f236ea51e6404a007f0833ffe2c6e607c4080706a723a18a27aeea778392\windows-amd64;C:\Users\11218\AppData\Local\temp\native-platform8004270289176365707dir

VM Arguments:
jvm_args: --add-opens=java.base/java.util=ALL-UNNAMED --add-opens=java.base/java.lang=ALL-UNNAMED --add-opens=java.base/java.lang.invoke=ALL-UNNAMED --add-opens=java.prefs/java.util.prefs=ALL-UNNAMED --add-opens=java.base/java.nio.charset=ALL-UNNAMED --add-opens=java.base/java.net=ALL-UNNAMED --add-opens=java.base/java.util.concurrent.atomic=ALL-UNNAMED -Xmx2048m -Dfile.encoding=UTF-8 -Duser.country=CN -Duser.language=zh -Duser.variant 
java_command: org.gradle.launcher.daemon.bootstrap.GradleDaemon 8.0
java_class_path (initial): C:\Users\11218\.gradle\wrapper\dists\gradle-8.0-all\a2o1xoguejy6msdh0lk99lxza\gradle-8.0\lib\gradle-launcher-8.0.jar
Launcher Type: SUN_STANDARD

[Global flags]
     intx CICompilerCount                          = 2                                         {product} {ergonomic}
     uint ConcGCThreads                            = 1                                         {product} {ergonomic}
     uint G1ConcRefinementThreads                  = 2                                         {product} {ergonomic}
   size_t G1HeapRegionSize                         = 1048576                                   {product} {ergonomic}
    uintx GCDrainStackTargetSize                   = 64                                        {product} {ergonomic}
   size_t InitialHeapSize                          = 132120576                                 {product} {ergonomic}
   size_t MarkStackSize                            = 4194304                                   {product} {ergonomic}
   size_t MaxHeapSize                              = 2147483648                                {product} {command line}
   size_t MaxNewSize                               = 1287651328                                {product} {ergonomic}
   size_t MinHeapDeltaBytes                        = 1048576                                   {product} {ergonomic}
   size_t MinHeapSize                              = 8388608                                   {product} {ergonomic}
    uintx NonNMethodCodeHeapSize                   = 5826188                                {pd product} {ergonomic}
    uintx NonProfiledCodeHeapSize                  = 122916026                              {pd product} {ergonomic}
    uintx ProfiledCodeHeapSize                     = 122916026                              {pd product} {ergonomic}
    uintx ReservedCodeCacheSize                    = 251658240                              {pd product} {ergonomic}
     bool SegmentedCodeCache                       = true                                      {product} {ergonomic}
   size_t SoftMaxHeapSize                          = 2147483648                             {manageable} {ergonomic}
     bool UseCompressedClassPointers               = true                           {product lp64_product} {ergonomic}
     bool UseCompressedOops                        = true                           {product lp64_product} {ergonomic}
     bool UseG1GC                                  = true                                      {product} {ergonomic}
     bool UseLargePagesIndividualAllocation        = false                                  {pd product} {ergonomic}

Logging:
Log output configuration:
 #0: stdout all=warning uptime,level,tags
 #1: stderr all=off uptime,level,tags

Environment Variables:
JAVA_HOME=D:\java\ojdkbuild\java-17-openjdk-17.0.3.0.6-1
CLASSPATH=D:\androidLearning\AndroidStudioProjects\serviceTest1\\gradle\wrapper\gradle-wrapper.jar
PATH=C:\Users\11218\miniconda3\condabin;C:\Windows\system32;C:\Windows;C:\Windows\System32\Wbem;C:\Windows\System32\WindowsPowerShell\v1.0\;C:\Windows\System32\OpenSSH\;D:\powershell\powershell7;d:\python3.11;C:\Program Files\WinRAR;C:\Program Files\Microsoft Office\root\Office16;C:\Program Files\PuTTY\;C:\Users\11218\AppData\Local\Microsoft\WindowsApps;C:\Program Files\dotnet\;D:\mytools\MinGit-2.11.1.mingit.prerelease.4-64-bit\cmd;D:\mytools\MinGit-2.11.1.mingit.prerelease.4-64-bit\usr\bin;D:\mytools\WiresharkPortable64\App\Wireshark;D:\MYTOOLS\SPSS1\JRE\bin;D:\myPython\goods;D:\mytools\SPSS1;C:\Users\11218\AppData\Roaming\nvda\addons\NVBox\globalPlugins\nvbox\adb;d:\java\ojdkbuild\java-17-openjdk-17.0.3.0.6-1.jre\bin;C:\Program Files\Docker\Docker\resources\bin;d:\java\ojdkbuild\java-17-openjdk-17.0.3.0.6-1\bin;D:\androidLearning\gradle\gradle-8.0\bin;D:\java\ojdkbuild\java-17-openjdk-17.0.3.0.6-1\bin;D:/java/ojdkbuild/java-17-openjdk-17.0.3.0.6-1.jre\bin;D:/java/ojdkbuild/java-17-openjdk-17.0.3.0.6-1.jre\bin\server;D:\ANDROIDLEARNING\REVERSE;C:\Users\11218\AppData\Local\Programs\Python\Python311;D:\myPython\NVSrC;C:\Users\11218\.gradle\wrapper\dists\gradle-8.0-all\a2o1xoguejy6msdh0lk99lxza\gradle-8.0\bin;D:\androidLearning\REVERSE\jadx\bin;C:\Program Files\Cloudflare\Cloudflare WARP\;D:\mypython\nvsrc\py-3-11-32\Scripts\;D:\mypython\nvsrc\py-3-11-32\;C:\Users\11218\AppData\Local\Programs\Python\Python311\;C:\Users\11218\miniconda3;C:\Users\11218\miniconda3\Library\mingw-w64\bin;C:\Users\11218\miniconda3\Library\usr\bin;C:\Users\11218\miniconda3\Library\bin;C:\Users\11218\miniconda3\Scripts;C:\Users\11218\scoop\shims;C:\Users\11218\AppData\Local\Microsoft\WindowsApps;C:\Users\11218\AppData\Local\Programs\Microsoft VS Code\bin;D:\myPython\goods;C:\Users\11218\AppData\Local\Microsoft\WinGet\Links;C:\Users\11218\.dotnet\tools
USERNAME=Stranger
OS=Windows_NT
PROCESSOR_IDENTIFIER=Intel64 Family 6 Model 122 Stepping 8, GenuineIntel



---------------  S Y S T E M  ---------------

OS:
 Windows 11 , 64 bit Build 22621 (10.0.22621.3085)
OS uptime: 8 days 1:11 hours
Hyper-V role detected

CPU: total 2 (initial active 2) (2 cores per cpu, 1 threads per core) family 6 model 122 stepping 8 microcode 0x1a, cx8, cmov, fxsr, mmx, 3dnowpref, sse, sse2, sse3, ssse3, sse4.1, sse4.2, popcnt, tsc, tscinvbit, aes, erms, clmul, sha, clflush, clflushopt, hv

Memory: 4k page, system-wide physical 7995M (348M free)
TotalPageFile size 17099M (AvailPageFile size 3M)
current process WorkingSet (physical memory assigned to process): 400M, peak: 400M
current process commit charge ("private bytes"): 555M, peak: 559M

vm_info: OpenJDK 64-Bit Server VM (17.0.3+6-LTS) for windows-amd64 JRE (17.0.3+6-LTS), built on May  3 2022 21:26:56 by "" with MS VC++ 16.10 / 16.11 (VS2019)

END.
