#
# There is insufficient memory for the Java Runtime Environment to continue.
# Native memory allocation (mmap) failed to map 179306496 bytes for G1 virtual space
# Possible reasons:
#   The system is out of physical RAM or swap space
#   The process is running with CompressedOops enabled, and the Java Heap may be blocking the growth of the native heap
# Possible solutions:
#   Reduce memory load on the system
#   Increase physical memory or swap space
#   Check if swap backing store is full
#   Decrease Java heap size (-Xmx/-Xms)
#   Decrease number of Java threads
#   Decrease Java thread stack sizes (-Xss)
#   Set larger code cache with -XX:ReservedCodeCacheSize=
#   JVM is running with Unscaled Compressed Oops mode in which the Java heap is
#     placed in the first 4GB address space. The Java Heap base address is the
#     maximum limit for the native heap growth. Please use -XX:HeapBaseMinAddress
#     to set the Java Heap base and to place the Java Heap above 4GB virtual address.
# This output file may be truncated or incomplete.
#
#  Out of Memory Error (os_windows.cpp:3535), pid=17800, tid=13128
#
# JRE version: OpenJDK Runtime Environment 21.9 (17.0.3+6) (build 17.0.3+6-LTS)
# Java VM: OpenJDK 64-Bit Server VM 21.9 (17.0.3+6-LTS, mixed mode, sharing, tiered, compressed oops, compressed class ptrs, g1 gc, windows-amd64)
# No core dump will be written. Minidumps are not enabled by default on client versions of Windows
#

---------------  S U M M A R Y ------------

Command Line: --add-opens=java.base/java.util=ALL-UNNAMED --add-opens=java.base/java.lang=ALL-UNNAMED --add-opens=java.base/java.lang.invoke=ALL-UNNAMED --add-opens=java.prefs/java.util.prefs=ALL-UNNAMED --add-opens=java.base/java.nio.charset=ALL-UNNAMED --add-opens=java.base/java.net=ALL-UNNAMED --add-opens=java.base/java.util.concurrent.atomic=ALL-UNNAMED -Xmx2048m -Dfile.encoding=UTF-8 -Duser.country=CN -Duser.language=zh -Duser.variant org.gradle.launcher.daemon.bootstrap.GradleDaemon 8.0

Host: Intel(R) Celeron(R) N4020 CPU @ 1.10GHz, 2 cores, 7G,  Windows 11 , 64 bit Build 22621 (10.0.22621.3085)
Time: Sun Mar 17 22:54:21 2024  Windows 11 , 64 bit Build 22621 (10.0.22621.3085) elapsed time: 602.733902 seconds (0d 0h 10m 2s)

---------------  T H R E A D  ---------------

Current thread (0x000001697ed28680):  VMThread "VM Thread" [stack: 0x00000036e6700000,0x00000036e6800000] [id=13128]

Stack: [0x00000036e6700000,0x00000036e6800000]
Native frames: (J=compiled Java code, j=interpreted, Vv=VM code, C=native code)
V  [jvm.dll+0x67720a]
V  [jvm.dll+0x832514]
V  [jvm.dll+0x833cbe]
V  [jvm.dll+0x834323]
V  [jvm.dll+0x245815]
V  [jvm.dll+0x674129]
V  [jvm.dll+0x668a62]
V  [jvm.dll+0x30469b]
V  [jvm.dll+0x30bba6]
V  [jvm.dll+0x35ba0e]
V  [jvm.dll+0x35bc3f]
V  [jvm.dll+0x2db5a8]
V  [jvm.dll+0x2d9874]
V  [jvm.dll+0x2d8e7c]
V  [jvm.dll+0x31cc5b]
V  [jvm.dll+0x8387fb]
V  [jvm.dll+0x839534]
V  [jvm.dll+0x839a4d]
V  [jvm.dll+0x839e24]
V  [jvm.dll+0x839ef0]
V  [jvm.dll+0x7e230a]
V  [jvm.dll+0x676095]
C  [ucrtbase.dll+0x29363]
C  [KERNEL32.DLL+0x1257d]
C  [ntdll.dll+0x5aa58]

VM_Operation (0x00000036e8bfca90): G1CollectForAllocation, mode: safepoint, requested by thread 0x0000016903539ba0


---------------  P R O C E S S  ---------------

Threads class SMR info:
_java_thread_list=0x00000169138f7540, length=58, elements={
0x0000016963683850, 0x000001697ed2cd20, 0x000001697ed2daa0, 0x000001697ed58150,
0x000001697ed46900, 0x000001697ed46dd0, 0x000001697ed47690, 0x000001697ed48740,
0x000001697edb32b0, 0x000001697edc3f40, 0x000001697f8bbad0, 0x000001697f8c07d0,
0x0000016902c566f0, 0x000001690328c030, 0x00000169038b7a80, 0x00000169022909a0,
0x0000016902290e70, 0x000001690228de50, 0x000001690228fb30, 0x000001690228ecc0,
0x0000016903646590, 0x0000016903646a60, 0x0000016903644d80, 0x0000016903646f30,
0x0000016903648740, 0x0000016903538390, 0x000001690353b880, 0x0000016903534ea0,
0x0000016903537050, 0x000001690353aa10, 0x000001690353aee0, 0x0000016903538860,
0x000001690353b3b0, 0x0000016903538d30, 0x00000169035396d0, 0x00000169035379f0,
0x000001690353c220, 0x000001690353bd50, 0x0000016903539ba0, 0x0000016903537ec0,
0x000001690353c6f0, 0x000001690353a540, 0x0000016903535d10, 0x0000016903535370,
0x0000016903535840, 0x00000169035361e0, 0x00000169035366b0, 0x0000016903537520,
0x0000016903536b80, 0x00000169059f7f40, 0x00000169059f8410, 0x00000169059faf60,
0x00000169059f8db0, 0x00000169059f9280, 0x00000169059f9c20, 0x000001690228f190,
0x000001690228d4b0, 0x000001690228e320
}

Java Threads: ( => current thread )
  0x0000016963683850 JavaThread "main" [_thread_blocked, id=20228, stack(0x00000036e6100000,0x00000036e6200000)]
  0x000001697ed2cd20 JavaThread "Reference Handler" daemon [_thread_blocked, id=10148, stack(0x00000036e6800000,0x00000036e6900000)]
  0x000001697ed2daa0 JavaThread "Finalizer" daemon [_thread_blocked, id=30908, stack(0x00000036e6900000,0x00000036e6a00000)]
  0x000001697ed58150 JavaThread "Signal Dispatcher" daemon [_thread_blocked, id=27824, stack(0x00000036e6a00000,0x00000036e6b00000)]
  0x000001697ed46900 JavaThread "Attach Listener" daemon [_thread_blocked, id=26936, stack(0x00000036e6b00000,0x00000036e6c00000)]
  0x000001697ed46dd0 JavaThread "Service Thread" daemon [_thread_blocked, id=3604, stack(0x00000036e6c00000,0x00000036e6d00000)]
  0x000001697ed47690 JavaThread "Monitor Deflation Thread" daemon [_thread_blocked, id=27996, stack(0x00000036e6d00000,0x00000036e6e00000)]
  0x000001697ed48740 JavaThread "C2 CompilerThread0" daemon [_thread_blocked, id=6844, stack(0x00000036e6e00000,0x00000036e6f00000)]
  0x000001697edb32b0 JavaThread "C1 CompilerThread0" daemon [_thread_blocked, id=6768, stack(0x00000036e6f00000,0x00000036e7000000)]
  0x000001697edc3f40 JavaThread "Sweeper thread" daemon [_thread_blocked, id=9636, stack(0x00000036e7000000,0x00000036e7100000)]
  0x000001697f8bbad0 JavaThread "Common-Cleaner" daemon [_thread_blocked, id=17476, stack(0x00000036e7100000,0x00000036e7200000)]
  0x000001697f8c07d0 JavaThread "Notification Thread" daemon [_thread_blocked, id=17888, stack(0x00000036e7200000,0x00000036e7300000)]
  0x0000016902c566f0 JavaThread "Daemon health stats" [_thread_blocked, id=24864, stack(0x00000036e7500000,0x00000036e7600000)]
  0x000001690328c030 JavaThread "Incoming local TCP Connector on port 54353" [_thread_in_native, id=16792, stack(0x00000036e7600000,0x00000036e7700000)]
  0x00000169038b7a80 JavaThread "Daemon periodic checks" [_thread_blocked, id=22668, stack(0x00000036e7700000,0x00000036e7800000)]
  0x00000169022909a0 JavaThread "Cache worker for journal cache (C:\Users\11218\.gradle\caches\journal-1)" [_thread_blocked, id=32652, stack(0x00000036e7f00000,0x00000036e8000000)]
  0x0000016902290e70 JavaThread "File lock request listener" [_thread_in_native, id=15176, stack(0x00000036e8000000,0x00000036e8100000)]
  0x000001690228de50 JavaThread "Cache worker for file hash cache (C:\Users\11218\.gradle\caches\8.0\fileHashes)" [_thread_blocked, id=27452, stack(0x00000036e8100000,0x00000036e8200000)]
  0x000001690228fb30 JavaThread "File watcher server" daemon [_thread_in_native, id=21024, stack(0x00000036e8400000,0x00000036e8500000)]
  0x000001690228ecc0 JavaThread "File watcher consumer" daemon [_thread_blocked, id=9732, stack(0x00000036e8500000,0x00000036e8600000)]
  0x0000016903646590 JavaThread "Cache worker for file content cache (C:\Users\11218\.gradle\caches\8.0\fileContent)" [_thread_blocked, id=13052, stack(0x00000036e8800000,0x00000036e8900000)]
  0x0000016903646a60 JavaThread "Cache worker for execution history cache (C:\Users\11218\.gradle\caches\8.0\executionHistory)" [_thread_blocked, id=8848, stack(0x00000036e8c00000,0x00000036e8d00000)]
  0x0000016903644d80 JavaThread "jar transforms" [_thread_blocked, id=31984, stack(0x00000036e8d00000,0x00000036e8e00000)]
  0x0000016903646f30 JavaThread "jar transforms Thread 2" [_thread_blocked, id=31440, stack(0x00000036e8e00000,0x00000036e8f00000)]
  0x0000016903648740 JavaThread "Cache worker for kotlin-dsl (C:\Users\11218\.gradle\caches\8.0\kotlin-dsl)" [_thread_blocked, id=23024, stack(0x00000036e8f00000,0x00000036e9000000)]
  0x0000016903538390 JavaThread "Daemon Thread 3" [_thread_blocked, id=28092, stack(0x00000036e5f00000,0x00000036e6000000)]
  0x000001690353b880 JavaThread "Handler for socket connection from /127.0.0.1:54353 to /127.0.0.1:54380" [_thread_in_native, id=9712, stack(0x00000036e6000000,0x00000036e6100000)]
  0x0000016903534ea0 JavaThread "Cancel handler" [_thread_blocked, id=28132, stack(0x00000036e7800000,0x00000036e7900000)]
  0x0000016903537050 JavaThread "Daemon worker Thread 3" [_thread_blocked, id=23320, stack(0x00000036e7900000,0x00000036e7a00000)]
  0x000001690353aa10 JavaThread "Asynchronous log dispatcher for DefaultDaemonConnection: socket connection from /127.0.0.1:54353 to /127.0.0.1:54380" [_thread_blocked, id=23788, stack(0x00000036e7a00000,0x00000036e7b00000)]
  0x000001690353aee0 JavaThread "Stdin handler" [_thread_blocked, id=9304, stack(0x00000036e7b00000,0x00000036e7c00000)]
  0x0000016903538860 JavaThread "Daemon client event forwarder" [_thread_blocked, id=14372, stack(0x00000036e7c00000,0x00000036e7d00000)]
  0x000001690353b3b0 JavaThread "Cache worker for checksums cache (D:\androidLearning\AndroidStudioProjects\serviceTest1\.gradle\8.0\checksums)" [_thread_blocked, id=32584, stack(0x00000036e7e00000,0x00000036e7f00000)]
  0x0000016903538d30 JavaThread "Cache worker for cache directory md-rule (C:\Users\11218\.gradle\caches\8.0\md-rule)" [_thread_blocked, id=16712, stack(0x00000036e8200000,0x00000036e8300000)]
  0x00000169035396d0 JavaThread "Cache worker for file hash cache (D:\androidLearning\AndroidStudioProjects\serviceTest1\.gradle\8.0\fileHashes)" [_thread_blocked, id=26512, stack(0x00000036e8300000,0x00000036e8400000)]
  0x00000169035379f0 JavaThread "Cache worker for cache directory md-supplier (C:\Users\11218\.gradle\caches\8.0\md-supplier)" [_thread_blocked, id=8116, stack(0x00000036e8600000,0x00000036e8700000)]
  0x000001690353c220 JavaThread "Cache worker for dependencies-accessors (D:\androidLearning\AndroidStudioProjects\serviceTest1\.gradle\8.0\dependencies-accessors)" [_thread_blocked, id=21576, stack(0x00000036e8700000,0x00000036e8800000)]
  0x000001690353bd50 JavaThread "Cache worker for Build Output Cleanup Cache (D:\androidLearning\AndroidStudioProjects\serviceTest1\.gradle\buildOutputCleanup)" [_thread_blocked, id=20880, stack(0x00000036e8900000,0x00000036e8a00000)]
  0x0000016903539ba0 JavaThread "Unconstrained build operations" [_thread_blocked, id=24832, stack(0x00000036e8b00000,0x00000036e8c00000)]
  0x0000016903537ec0 JavaThread "Unconstrained build operations Thread 2" [_thread_blocked, id=22384, stack(0x00000036e9000000,0x00000036e9100000)]
  0x000001690353c6f0 JavaThread "Unconstrained build operations Thread 3" [_thread_blocked, id=31912, stack(0x00000036e9100000,0x00000036e9200000)]
  0x000001690353a540 JavaThread "Unconstrained build operations Thread 4" [_thread_blocked, id=25580, stack(0x00000036e9200000,0x00000036e9300000)]
  0x0000016903535d10 JavaThread "Unconstrained build operations Thread 5" [_thread_blocked, id=17496, stack(0x00000036e9300000,0x00000036e9400000)]
  0x0000016903535370 JavaThread "Unconstrained build operations Thread 6" [_thread_blocked, id=26972, stack(0x00000036e9400000,0x00000036e9500000)]
  0x0000016903535840 JavaThread "Unconstrained build operations Thread 7" [_thread_blocked, id=30656, stack(0x00000036e9500000,0x00000036e9600000)]
  0x00000169035361e0 JavaThread "Unconstrained build operations Thread 8" [_thread_blocked, id=26172, stack(0x00000036e9600000,0x00000036e9700000)]
  0x00000169035366b0 JavaThread "Unconstrained build operations Thread 9" [_thread_blocked, id=27644, stack(0x00000036e9700000,0x00000036e9800000)]
  0x0000016903537520 JavaThread "Unconstrained build operations Thread 10" [_thread_blocked, id=27884, stack(0x00000036e9800000,0x00000036e9900000)]
  0x0000016903536b80 JavaThread "Unconstrained build operations Thread 11" [_thread_blocked, id=22568, stack(0x00000036e9900000,0x00000036e9a00000)]
  0x00000169059f7f40 JavaThread "Unconstrained build operations Thread 12" [_thread_blocked, id=17444, stack(0x00000036e9a00000,0x00000036e9b00000)]
  0x00000169059f8410 JavaThread "Unconstrained build operations Thread 13" [_thread_blocked, id=27992, stack(0x00000036e9b00000,0x00000036e9c00000)]
  0x00000169059faf60 JavaThread "Unconstrained build operations Thread 14" [_thread_blocked, id=26004, stack(0x00000036e9c00000,0x00000036e9d00000)]
  0x00000169059f8db0 JavaThread "Unconstrained build operations Thread 15" [_thread_blocked, id=32252, stack(0x00000036e9d00000,0x00000036e9e00000)]
  0x00000169059f9280 JavaThread "Unconstrained build operations Thread 16" [_thread_blocked, id=11592, stack(0x00000036e9e00000,0x00000036e9f00000)]
  0x00000169059f9c20 JavaThread "Unconstrained build operations Thread 17" [_thread_blocked, id=27912, stack(0x00000036e9f00000,0x00000036ea000000)]
  0x000001690228f190 JavaThread "Unconstrained build operations Thread 18" [_thread_blocked, id=9564, stack(0x00000036ea000000,0x00000036ea100000)]
  0x000001690228d4b0 JavaThread "Unconstrained build operations Thread 19" [_thread_blocked, id=19392, stack(0x00000036ea100000,0x00000036ea200000)]
  0x000001690228e320 JavaThread "Unconstrained build operations Thread 20" [_thread_blocked, id=31360, stack(0x00000036ea200000,0x00000036ea300000)]

Other Threads:
=>0x000001697ed28680 VMThread "VM Thread" [stack: 0x00000036e6700000,0x00000036e6800000] [id=13128]
  0x000001697f8b97a0 WatcherThread [stack: 0x00000036e7300000,0x00000036e7400000] [id=26296]
  0x00000169636dfae0 GCTaskThread "GC Thread#0" [stack: 0x00000036e6200000,0x00000036e6300000] [id=14148]
  0x000001697fa0a390 GCTaskThread "GC Thread#1" [stack: 0x00000036e7400000,0x00000036e7500000] [id=32536]
  0x00000169636f1aa0 ConcurrentGCThread "G1 Main Marker" [stack: 0x00000036e6300000,0x00000036e6400000] [id=30992]
  0x00000169636f2c50 ConcurrentGCThread "G1 Conc#0" [stack: 0x00000036e6400000,0x00000036e6500000] [id=20928]
  0x00000169637414e0 ConcurrentGCThread "G1 Refine#0" [stack: 0x00000036e6500000,0x00000036e6600000] [id=25404]
  0x0000016902db02a0 ConcurrentGCThread "G1 Refine#1" [stack: 0x00000036e8a00000,0x00000036e8b00000] [id=1796]
  0x000001697ebf00a0 ConcurrentGCThread "G1 Service" [stack: 0x00000036e6600000,0x00000036e6700000] [id=19676]

Threads with active compile tasks:
C2 CompilerThread0   602799 12605       4       org.gradle.cache.internal.btree.CachingBlockStore::read (56 bytes)

VM state: at safepoint (normal execution)

VM Mutex/Monitor currently owned by a thread:  ([mutex/lock_event])
[0x0000016963680f60] Threads_lock - owner thread: 0x000001697ed28680
[0x00000169636808a0] Heap_lock - owner thread: 0x0000016903539ba0

Heap address: 0x0000000080000000, size: 2048 MB, Compressed Oops mode: 32-bit

CDS archive(s) mapped at: [0x0000000800000000-0x0000000800bc0000-0x0000000800bc0000), size 12320768, SharedBaseAddress: 0x0000000800000000, ArchiveRelocationMode: 0.
Compressed class space mapped at: 0x0000000800c00000-0x0000000840c00000, reserved size: 1073741824
Narrow klass base: 0x0000000800000000, Narrow klass shift: 0, Narrow klass range: 0x100000000

GC Precious Log:
 CPUs: 2 total, 2 available
 Memory: 7995M
 Large Page Support: Disabled
 NUMA Support: Disabled
 Compressed Oops: Enabled (32-bit)
 Heap Region Size: 1M
 Heap Min Capacity: 8M
 Heap Initial Capacity: 126M
 Heap Max Capacity: 2G
 Pre-touch: Disabled
 Parallel Workers: 2
 Concurrent Workers: 1
 Concurrent Refinement Workers: 2
 Periodic GC: Disabled

Heap:
 garbage-first heap   total 214016K, used 120173K [0x0000000080000000, 0x0000000100000000)
  region size 1024K, 5 young (5120K), 5 survivors (5120K)
 Metaspace       used 103178K, committed 103808K, reserved 1146880K
  class space    used 13092K, committed 13440K, reserved 1048576K

Heap Regions: E=young(eden), S=young(survivor), O=old, HS=humongous(starts), HC=humongous(continues), CS=collection set, F=free, OA=open archive, CA=closed archive, TAMS=top-at-mark-start (previous, next)
|   0|0x0000000080000000, 0x0000000080100000, 0x0000000080100000|100%| O|  |TAMS 0x0000000080100000, 0x0000000080000000| Untracked 
|   1|0x0000000080100000, 0x0000000080200000, 0x0000000080200000|100%| O|  |TAMS 0x0000000080200000, 0x0000000080100000| Untracked 
|   2|0x0000000080200000, 0x0000000080300000, 0x0000000080300000|100%| O|  |TAMS 0x0000000080300000, 0x0000000080200000| Untracked 
|   3|0x0000000080300000, 0x0000000080400000, 0x0000000080400000|100%|HS|  |TAMS 0x0000000080400000, 0x0000000080300000| Complete 
|   4|0x0000000080400000, 0x0000000080500000, 0x0000000080500000|100%|HC|  |TAMS 0x0000000080500000, 0x0000000080400000| Complete 
|   5|0x0000000080500000, 0x0000000080600000, 0x0000000080600000|100%|HC|  |TAMS 0x0000000080600000, 0x0000000080500000| Complete 
|   6|0x0000000080600000, 0x0000000080700000, 0x0000000080700000|100%|HC|  |TAMS 0x0000000080700000, 0x0000000080600000| Complete 
|   7|0x0000000080700000, 0x0000000080800000, 0x0000000080800000|100%| O|  |TAMS 0x0000000080800000, 0x0000000080700000| Untracked 
|   8|0x0000000080800000, 0x0000000080900000, 0x0000000080900000|100%| O|  |TAMS 0x0000000080900000, 0x0000000080800000| Untracked 
|   9|0x0000000080900000, 0x0000000080a00000, 0x0000000080a00000|100%| O|  |TAMS 0x0000000080a00000, 0x0000000080900000| Untracked 
|  10|0x0000000080a00000, 0x0000000080b00000, 0x0000000080b00000|100%| O|  |TAMS 0x0000000080b00000, 0x0000000080a00000| Untracked 
|  11|0x0000000080b00000, 0x0000000080c00000, 0x0000000080c00000|100%| O|  |TAMS 0x0000000080c00000, 0x0000000080b00000| Untracked 
|  12|0x0000000080c00000, 0x0000000080d00000, 0x0000000080d00000|100%| O|  |TAMS 0x0000000080d00000, 0x0000000080c00000| Untracked 
|  13|0x0000000080d00000, 0x0000000080e00000, 0x0000000080e00000|100%| O|  |TAMS 0x0000000080e00000, 0x0000000080d00000| Untracked 
|  14|0x0000000080e00000, 0x0000000080f00000, 0x0000000080f00000|100%| O|  |TAMS 0x0000000080f00000, 0x0000000080e00000| Untracked 
|  15|0x0000000080f00000, 0x0000000081000000, 0x0000000081000000|100%| O|  |TAMS 0x0000000081000000, 0x0000000080f00000| Untracked 
|  16|0x0000000081000000, 0x0000000081100000, 0x0000000081100000|100%| O|  |TAMS 0x0000000081100000, 0x0000000081000000| Untracked 
|  17|0x0000000081100000, 0x0000000081200000, 0x0000000081200000|100%| O|  |TAMS 0x0000000081200000, 0x0000000081100000| Untracked 
|  18|0x0000000081200000, 0x0000000081300000, 0x0000000081300000|100%| O|  |TAMS 0x0000000081300000, 0x0000000081200000| Untracked 
|  19|0x0000000081300000, 0x0000000081400000, 0x0000000081400000|100%| O|  |TAMS 0x0000000081400000, 0x0000000081300000| Untracked 
|  20|0x0000000081400000, 0x0000000081500000, 0x0000000081500000|100%| O|  |TAMS 0x0000000081500000, 0x0000000081400000| Untracked 
|  21|0x0000000081500000, 0x0000000081600000, 0x0000000081600000|100%| O|  |TAMS 0x0000000081600000, 0x0000000081500000| Untracked 
|  22|0x0000000081600000, 0x0000000081700000, 0x0000000081700000|100%| O|  |TAMS 0x0000000081700000, 0x0000000081600000| Untracked 
|  23|0x0000000081700000, 0x0000000081800000, 0x0000000081800000|100%| O|  |TAMS 0x0000000081800000, 0x0000000081700000| Untracked 
|  24|0x0000000081800000, 0x0000000081900000, 0x0000000081900000|100%| O|  |TAMS 0x0000000081900000, 0x0000000081800000| Untracked 
|  25|0x0000000081900000, 0x0000000081a00000, 0x0000000081a00000|100%| O|  |TAMS 0x0000000081a00000, 0x0000000081900000| Untracked 
|  26|0x0000000081a00000, 0x0000000081b00000, 0x0000000081b00000|100%|HS|  |TAMS 0x0000000081b00000, 0x0000000081a00000| Complete 
|  27|0x0000000081b00000, 0x0000000081c00000, 0x0000000081c00000|100%|HC|  |TAMS 0x0000000081c00000, 0x0000000081b00000| Complete 
|  28|0x0000000081c00000, 0x0000000081d00000, 0x0000000081d00000|100%|HC|  |TAMS 0x0000000081d00000, 0x0000000081c00000| Complete 
|  29|0x0000000081d00000, 0x0000000081e00000, 0x0000000081e00000|100%|HC|  |TAMS 0x0000000081e00000, 0x0000000081d00000| Complete 
|  30|0x0000000081e00000, 0x0000000081f00000, 0x0000000081f00000|100%| O|  |TAMS 0x0000000081f00000, 0x0000000081e00000| Untracked 
|  31|0x0000000081f00000, 0x0000000082000000, 0x0000000082000000|100%| O|  |TAMS 0x0000000082000000, 0x0000000081f00000| Untracked 
|  32|0x0000000082000000, 0x0000000082100000, 0x0000000082100000|100%| O|  |TAMS 0x0000000082100000, 0x0000000082000000| Untracked 
|  33|0x0000000082100000, 0x0000000082200000, 0x0000000082200000|100%| O|  |TAMS 0x0000000082200000, 0x0000000082100000| Untracked 
|  34|0x0000000082200000, 0x0000000082300000, 0x0000000082300000|100%| O|  |TAMS 0x0000000082300000, 0x0000000082200000| Untracked 
|  35|0x0000000082300000, 0x0000000082400000, 0x0000000082400000|100%| O|  |TAMS 0x0000000082400000, 0x0000000082300000| Untracked 
|  36|0x0000000082400000, 0x0000000082500000, 0x0000000082500000|100%| O|  |TAMS 0x0000000082500000, 0x0000000082400000| Untracked 
|  37|0x0000000082500000, 0x0000000082600000, 0x0000000082600000|100%| O|  |TAMS 0x0000000082600000, 0x0000000082500000| Untracked 
|  38|0x0000000082600000, 0x0000000082700000, 0x0000000082700000|100%| O|  |TAMS 0x0000000082700000, 0x0000000082600000| Untracked 
|  39|0x0000000082700000, 0x0000000082800000, 0x0000000082800000|100%| O|  |TAMS 0x0000000082800000, 0x0000000082700000| Untracked 
|  40|0x0000000082800000, 0x0000000082900000, 0x0000000082900000|100%| O|  |TAMS 0x0000000082900000, 0x0000000082800000| Untracked 
|  41|0x0000000082900000, 0x0000000082a00000, 0x0000000082a00000|100%| O|  |TAMS 0x0000000082a00000, 0x0000000082900000| Untracked 
|  42|0x0000000082a00000, 0x0000000082b00000, 0x0000000082b00000|100%| O|  |TAMS 0x0000000082b00000, 0x0000000082a00000| Untracked 
|  43|0x0000000082b00000, 0x0000000082c00000, 0x0000000082c00000|100%| O|  |TAMS 0x0000000082c00000, 0x0000000082b00000| Untracked 
|  44|0x0000000082c00000, 0x0000000082d00000, 0x0000000082d00000|100%| O|  |TAMS 0x0000000082d00000, 0x0000000082c00000| Untracked 
|  45|0x0000000082d00000, 0x0000000082e00000, 0x0000000082e00000|100%| O|  |TAMS 0x0000000082e00000, 0x0000000082d00000| Untracked 
|  46|0x0000000082e00000, 0x0000000082f00000, 0x0000000082f00000|100%| O|  |TAMS 0x0000000082f00000, 0x0000000082e00000| Untracked 
|  47|0x0000000082f00000, 0x0000000083000000, 0x0000000083000000|100%| O|  |TAMS 0x0000000083000000, 0x0000000082f00000| Untracked 
|  48|0x0000000083000000, 0x0000000083100000, 0x0000000083100000|100%| O|  |TAMS 0x0000000083100000, 0x0000000083000000| Untracked 
|  49|0x0000000083100000, 0x0000000083200000, 0x0000000083200000|100%| O|  |TAMS 0x0000000083200000, 0x0000000083100000| Untracked 
|  50|0x0000000083200000, 0x0000000083300000, 0x0000000083300000|100%| O|  |TAMS 0x0000000083300000, 0x0000000083200000| Untracked 
|  51|0x0000000083300000, 0x0000000083400000, 0x0000000083400000|100%| O|  |TAMS 0x0000000083400000, 0x0000000083300000| Untracked 
|  52|0x0000000083400000, 0x0000000083500000, 0x0000000083500000|100%| O|  |TAMS 0x0000000083500000, 0x0000000083400000| Untracked 
|  53|0x0000000083500000, 0x0000000083600000, 0x0000000083600000|100%| O|  |TAMS 0x0000000083600000, 0x0000000083500000| Untracked 
|  54|0x0000000083600000, 0x0000000083700000, 0x0000000083700000|100%|HS|  |TAMS 0x0000000083700000, 0x0000000083600000| Complete 
|  55|0x0000000083700000, 0x0000000083800000, 0x0000000083800000|100%|HC|  |TAMS 0x0000000083800000, 0x0000000083700000| Complete 
|  56|0x0000000083800000, 0x0000000083900000, 0x0000000083900000|100%|HC|  |TAMS 0x0000000083900000, 0x0000000083800000| Complete 
|  57|0x0000000083900000, 0x0000000083a00000, 0x0000000083a00000|100%|HC|  |TAMS 0x0000000083a00000, 0x0000000083900000| Complete 
|  58|0x0000000083a00000, 0x0000000083b00000, 0x0000000083b00000|100%|HC|  |TAMS 0x0000000083b00000, 0x0000000083a00000| Complete 
|  59|0x0000000083b00000, 0x0000000083c00000, 0x0000000083c00000|100%|HC|  |TAMS 0x0000000083c00000, 0x0000000083b00000| Complete 
|  60|0x0000000083c00000, 0x0000000083d00000, 0x0000000083d00000|100%| O|  |TAMS 0x0000000083d00000, 0x0000000083c00000| Untracked 
|  61|0x0000000083d00000, 0x0000000083e00000, 0x0000000083e00000|100%| O|  |TAMS 0x0000000083e00000, 0x0000000083d00000| Untracked 
|  62|0x0000000083e00000, 0x0000000083f00000, 0x0000000083f00000|100%| O|  |TAMS 0x0000000083f00000, 0x0000000083e00000| Untracked 
|  63|0x0000000083f00000, 0x0000000084000000, 0x0000000084000000|100%| O|  |TAMS 0x0000000083f00000, 0x0000000083f00000| Untracked 
|  64|0x0000000084000000, 0x0000000084100000, 0x0000000084100000|100%| O|  |TAMS 0x0000000084100000, 0x0000000084000000| Untracked 
|  65|0x0000000084100000, 0x0000000084200000, 0x0000000084200000|100%| O|  |TAMS 0x0000000084100000, 0x0000000084100000| Untracked 
|  66|0x0000000084200000, 0x0000000084300000, 0x0000000084300000|100%| O|  |TAMS 0x0000000084200000, 0x0000000084200000| Untracked 
|  67|0x0000000084300000, 0x0000000084300000, 0x0000000084400000|  0%| F|  |TAMS 0x0000000084300000, 0x0000000084300000| Untracked 
|  68|0x0000000084400000, 0x0000000084500000, 0x0000000084500000|100%| O|  |TAMS 0x0000000084500000, 0x0000000084400000| Untracked 
|  69|0x0000000084500000, 0x0000000084600000, 0x0000000084600000|100%| O|  |TAMS 0x0000000084600000, 0x0000000084500000| Untracked 
|  70|0x0000000084600000, 0x0000000084700000, 0x0000000084700000|100%| O|  |TAMS 0x0000000084700000, 0x0000000084600000| Untracked 
|  71|0x0000000084700000, 0x0000000084800000, 0x0000000084800000|100%| O|  |TAMS 0x0000000084800000, 0x0000000084700000| Untracked 
|  72|0x0000000084800000, 0x0000000084900000, 0x0000000084900000|100%| O|  |TAMS 0x0000000084900000, 0x0000000084800000| Untracked 
|  73|0x0000000084900000, 0x0000000084a00000, 0x0000000084a00000|100%| O|  |TAMS 0x0000000084a00000, 0x0000000084900000| Untracked 
|  74|0x0000000084a00000, 0x0000000084b00000, 0x0000000084b00000|100%| O|  |TAMS 0x0000000084b00000, 0x0000000084a00000| Untracked 
|  75|0x0000000084b00000, 0x0000000084b00000, 0x0000000084c00000|  0%| F|  |TAMS 0x0000000084b00000, 0x0000000084b00000| Untracked 
|  76|0x0000000084c00000, 0x0000000084d00000, 0x0000000084d00000|100%| O|  |TAMS 0x0000000084d00000, 0x0000000084c00000| Untracked 
|  77|0x0000000084d00000, 0x0000000084e00000, 0x0000000084e00000|100%| O|  |TAMS 0x0000000084e00000, 0x0000000084d00000| Untracked 
|  78|0x0000000084e00000, 0x0000000084f00000, 0x0000000084f00000|100%| O|  |TAMS 0x0000000084f00000, 0x0000000084e00000| Untracked 
|  79|0x0000000084f00000, 0x0000000085000000, 0x0000000085000000|100%| O|  |TAMS 0x0000000085000000, 0x0000000084f00000| Untracked 
|  80|0x0000000085000000, 0x0000000085100000, 0x0000000085100000|100%| O|  |TAMS 0x0000000085100000, 0x0000000085000000| Untracked 
|  81|0x0000000085100000, 0x0000000085200000, 0x0000000085200000|100%| O|  |TAMS 0x0000000085200000, 0x0000000085100000| Untracked 
|  82|0x0000000085200000, 0x0000000085300000, 0x0000000085300000|100%| O|  |TAMS 0x0000000085300000, 0x0000000085200000| Untracked 
|  83|0x0000000085300000, 0x0000000085400000, 0x0000000085400000|100%| O|  |TAMS 0x0000000085400000, 0x0000000085300000| Untracked 
|  84|0x0000000085400000, 0x0000000085400000, 0x0000000085500000|  0%| F|  |TAMS 0x0000000085400000, 0x0000000085400000| Untracked 
|  85|0x0000000085500000, 0x0000000085500000, 0x0000000085600000|  0%| F|  |TAMS 0x0000000085500000, 0x0000000085500000| Untracked 
|  86|0x0000000085600000, 0x0000000085700000, 0x0000000085700000|100%| O|  |TAMS 0x0000000085700000, 0x0000000085600000| Untracked 
|  87|0x0000000085700000, 0x0000000085800000, 0x0000000085800000|100%| O|  |TAMS 0x0000000085800000, 0x0000000085700000| Untracked 
|  88|0x0000000085800000, 0x0000000085800000, 0x0000000085900000|  0%| F|  |TAMS 0x0000000085800000, 0x0000000085800000| Untracked 
|  89|0x0000000085900000, 0x0000000085900000, 0x0000000085a00000|  0%| F|  |TAMS 0x0000000085900000, 0x0000000085900000| Untracked 
|  90|0x0000000085a00000, 0x0000000085b00000, 0x0000000085b00000|100%| O|  |TAMS 0x0000000085b00000, 0x0000000085a00000| Untracked 
|  91|0x0000000085b00000, 0x0000000085c00000, 0x0000000085c00000|100%|HS|  |TAMS 0x0000000085c00000, 0x0000000085b00000| Complete 
|  92|0x0000000085c00000, 0x0000000085d00000, 0x0000000085d00000|100%|HS|  |TAMS 0x0000000085d00000, 0x0000000085c00000| Complete 
|  93|0x0000000085d00000, 0x0000000085e00000, 0x0000000085e00000|100%|HS|  |TAMS 0x0000000085e00000, 0x0000000085d00000| Complete 
|  94|0x0000000085e00000, 0x0000000085f00000, 0x0000000085f00000|100%|HC|  |TAMS 0x0000000085f00000, 0x0000000085e00000| Complete 
|  95|0x0000000085f00000, 0x0000000086000000, 0x0000000086000000|100%| O|  |TAMS 0x0000000086000000, 0x0000000085f00000| Untracked 
|  96|0x0000000086000000, 0x0000000086100000, 0x0000000086100000|100%| O|  |TAMS 0x0000000086100000, 0x0000000086000000| Untracked 
|  97|0x0000000086100000, 0x0000000086200000, 0x0000000086200000|100%| O|  |TAMS 0x0000000086200000, 0x0000000086100000| Untracked 
|  98|0x0000000086200000, 0x0000000086300000, 0x0000000086300000|100%| O|  |TAMS 0x0000000086300000, 0x0000000086200000| Untracked 
|  99|0x0000000086300000, 0x0000000086400000, 0x0000000086400000|100%| O|  |TAMS 0x0000000086400000, 0x0000000086300000| Untracked 
| 100|0x0000000086400000, 0x0000000086500000, 0x0000000086500000|100%| O|  |TAMS 0x0000000086500000, 0x0000000086400000| Untracked 
| 101|0x0000000086500000, 0x0000000086600000, 0x0000000086600000|100%| O|  |TAMS 0x0000000086600000, 0x0000000086500000| Untracked 
| 102|0x0000000086600000, 0x0000000086700000, 0x0000000086700000|100%|HS|  |TAMS 0x0000000086700000, 0x0000000086600000| Complete 
| 103|0x0000000086700000, 0x0000000086800000, 0x0000000086800000|100%|HS|  |TAMS 0x0000000086800000, 0x0000000086700000| Complete 
| 104|0x0000000086800000, 0x0000000086900000, 0x0000000086900000|100%|HC|  |TAMS 0x0000000086900000, 0x0000000086800000| Complete 
| 105|0x0000000086900000, 0x0000000086a00000, 0x0000000086a00000|100%|HC|  |TAMS 0x0000000086a00000, 0x0000000086900000| Complete 
| 106|0x0000000086a00000, 0x0000000086b00000, 0x0000000086b00000|100%|HC|  |TAMS 0x0000000086b00000, 0x0000000086a00000| Complete 
| 107|0x0000000086b00000, 0x0000000086c00000, 0x0000000086c00000|100%| O|  |TAMS 0x0000000086c00000, 0x0000000086b00000| Untracked 
| 108|0x0000000086c00000, 0x0000000086d00000, 0x0000000086d00000|100%| O|  |TAMS 0x0000000086d00000, 0x0000000086c00000| Untracked 
| 109|0x0000000086d00000, 0x0000000086e00000, 0x0000000086e00000|100%| O|  |TAMS 0x0000000086e00000, 0x0000000086d00000| Untracked 
| 110|0x0000000086e00000, 0x0000000086f00000, 0x0000000086f00000|100%| O|  |TAMS 0x0000000086f00000, 0x0000000086e00000| Untracked 
| 111|0x0000000086f00000, 0x0000000087000000, 0x0000000087000000|100%| O|  |TAMS 0x0000000087000000, 0x0000000086f00000| Untracked 
| 112|0x0000000087000000, 0x0000000087100000, 0x0000000087100000|100%| O|  |TAMS 0x0000000087100000, 0x0000000087000000| Untracked 
| 113|0x0000000087100000, 0x0000000087200000, 0x0000000087200000|100%| O|  |TAMS 0x00000000871d2e00, 0x0000000087100000| Untracked 
| 114|0x0000000087200000, 0x000000008729c000, 0x0000000087300000| 60%| O|  |TAMS 0x0000000087200000, 0x0000000087200000| Untracked 
| 115|0x0000000087300000, 0x0000000087400000, 0x0000000087400000|100%| O|  |TAMS 0x0000000087300000, 0x0000000087300000| Untracked 
| 116|0x0000000087400000, 0x0000000087500000, 0x0000000087500000|100%| O|  |TAMS 0x0000000087400000, 0x0000000087400000| Untracked 
| 117|0x0000000087500000, 0x0000000087600000, 0x0000000087600000|100%| O|  |TAMS 0x0000000087500000, 0x0000000087500000| Untracked 
| 118|0x0000000087600000, 0x0000000087700000, 0x0000000087700000|100%| O|  |TAMS 0x0000000087600000, 0x0000000087600000| Untracked 
| 119|0x0000000087700000, 0x0000000087700000, 0x0000000087800000|  0%| F|  |TAMS 0x0000000087700000, 0x0000000087700000| Untracked 
| 120|0x0000000087800000, 0x0000000087800000, 0x0000000087900000|  0%| F|  |TAMS 0x0000000087800000, 0x0000000087800000| Untracked 
| 121|0x0000000087900000, 0x0000000087900000, 0x0000000087a00000|  0%| F|  |TAMS 0x0000000087900000, 0x0000000087900000| Untracked 
| 122|0x0000000087a00000, 0x0000000087a00000, 0x0000000087b00000|  0%| F|  |TAMS 0x0000000087a00000, 0x0000000087a00000| Untracked 
| 123|0x0000000087b00000, 0x0000000087b00000, 0x0000000087c00000|  0%| F|  |TAMS 0x0000000087b00000, 0x0000000087b00000| Untracked 
| 124|0x0000000087c00000, 0x0000000087c00000, 0x0000000087d00000|  0%| F|  |TAMS 0x0000000087c00000, 0x0000000087c00000| Untracked 
| 125|0x0000000087d00000, 0x0000000087d00000, 0x0000000087e00000|  0%| F|  |TAMS 0x0000000087d00000, 0x0000000087d00000| Untracked 
| 126|0x0000000087e00000, 0x0000000087e00000, 0x0000000087f00000|  0%| F|  |TAMS 0x0000000087e00000, 0x0000000087e00000| Untracked 
| 127|0x0000000087f00000, 0x0000000087f00000, 0x0000000088000000|  0%| F|  |TAMS 0x0000000087f00000, 0x0000000087f00000| Untracked 
| 128|0x0000000088000000, 0x0000000088000000, 0x0000000088100000|  0%| F|  |TAMS 0x0000000088000000, 0x0000000088000000| Untracked 
| 129|0x0000000088100000, 0x0000000088100000, 0x0000000088200000|  0%| F|  |TAMS 0x0000000088100000, 0x0000000088100000| Untracked 
| 130|0x0000000088200000, 0x0000000088200000, 0x0000000088300000|  0%| F|  |TAMS 0x0000000088200000, 0x0000000088200000| Untracked 
| 131|0x0000000088300000, 0x0000000088300000, 0x0000000088400000|  0%| F|  |TAMS 0x0000000088300000, 0x0000000088300000| Untracked 
| 132|0x0000000088400000, 0x0000000088400000, 0x0000000088500000|  0%| F|  |TAMS 0x0000000088400000, 0x0000000088400000| Untracked 
| 133|0x0000000088500000, 0x0000000088500000, 0x0000000088600000|  0%| F|  |TAMS 0x0000000088500000, 0x0000000088500000| Untracked 
| 134|0x0000000088600000, 0x0000000088600000, 0x0000000088700000|  0%| F|  |TAMS 0x0000000088600000, 0x0000000088600000| Untracked 
| 135|0x0000000088700000, 0x0000000088700000, 0x0000000088800000|  0%| F|  |TAMS 0x0000000088700000, 0x0000000088700000| Untracked 
| 136|0x0000000088800000, 0x0000000088800000, 0x0000000088900000|  0%| F|  |TAMS 0x0000000088800000, 0x0000000088800000| Untracked 
| 137|0x0000000088900000, 0x0000000088900000, 0x0000000088a00000|  0%| F|  |TAMS 0x0000000088900000, 0x0000000088900000| Untracked 
| 138|0x0000000088a00000, 0x0000000088a00000, 0x0000000088b00000|  0%| F|  |TAMS 0x0000000088a00000, 0x0000000088a00000| Untracked 
| 139|0x0000000088b00000, 0x0000000088b00000, 0x0000000088c00000|  0%| F|  |TAMS 0x0000000088b00000, 0x0000000088b00000| Untracked 
| 140|0x0000000088c00000, 0x0000000088c00000, 0x0000000088d00000|  0%| F|  |TAMS 0x0000000088c00000, 0x0000000088c00000| Untracked 
| 141|0x0000000088d00000, 0x0000000088d00000, 0x0000000088e00000|  0%| F|  |TAMS 0x0000000088d00000, 0x0000000088d00000| Untracked 
| 142|0x0000000088e00000, 0x0000000088e00000, 0x0000000088f00000|  0%| F|  |TAMS 0x0000000088e00000, 0x0000000088e00000| Untracked 
| 143|0x0000000088f00000, 0x0000000088f00000, 0x0000000089000000|  0%| F|  |TAMS 0x0000000088f00000, 0x0000000088f00000| Untracked 
| 144|0x0000000089000000, 0x0000000089000000, 0x0000000089100000|  0%| F|  |TAMS 0x0000000089000000, 0x0000000089000000| Untracked 
| 145|0x0000000089100000, 0x0000000089100000, 0x0000000089200000|  0%| F|  |TAMS 0x0000000089100000, 0x0000000089100000| Untracked 
| 146|0x0000000089200000, 0x0000000089200000, 0x0000000089300000|  0%| F|  |TAMS 0x0000000089200000, 0x0000000089200000| Untracked 
| 147|0x0000000089300000, 0x0000000089300000, 0x0000000089400000|  0%| F|  |TAMS 0x0000000089300000, 0x0000000089300000| Untracked 
| 148|0x0000000089400000, 0x0000000089400000, 0x0000000089500000|  0%| F|  |TAMS 0x0000000089400000, 0x0000000089400000| Untracked 
| 149|0x0000000089500000, 0x0000000089500000, 0x0000000089600000|  0%| F|  |TAMS 0x0000000089500000, 0x0000000089500000| Untracked 
| 150|0x0000000089600000, 0x00000000896bf520, 0x0000000089700000| 74%| S|CS|TAMS 0x0000000089600000, 0x0000000089600000| Complete 
| 151|0x0000000089700000, 0x0000000089800000, 0x0000000089800000|100%| S|CS|TAMS 0x0000000089700000, 0x0000000089700000| Complete 
| 152|0x0000000089800000, 0x0000000089900000, 0x0000000089900000|100%| S|CS|TAMS 0x0000000089800000, 0x0000000089800000| Complete 
| 153|0x0000000089900000, 0x0000000089a00000, 0x0000000089a00000|100%| S|CS|TAMS 0x0000000089900000, 0x0000000089900000| Complete 
| 154|0x0000000089a00000, 0x0000000089b00000, 0x0000000089b00000|100%| S|CS|TAMS 0x0000000089a00000, 0x0000000089a00000| Complete 
| 155|0x0000000089b00000, 0x0000000089b00000, 0x0000000089c00000|  0%| F|  |TAMS 0x0000000089b00000, 0x0000000089b00000| Untracked 
| 156|0x0000000089c00000, 0x0000000089c00000, 0x0000000089d00000|  0%| F|  |TAMS 0x0000000089c00000, 0x0000000089c00000| Untracked 
| 157|0x0000000089d00000, 0x0000000089d00000, 0x0000000089e00000|  0%| F|  |TAMS 0x0000000089d00000, 0x0000000089d00000| Untracked 
| 158|0x0000000089e00000, 0x0000000089e00000, 0x0000000089f00000|  0%| F|  |TAMS 0x0000000089e00000, 0x0000000089e00000| Untracked 
| 159|0x0000000089f00000, 0x0000000089f00000, 0x000000008a000000|  0%| F|  |TAMS 0x0000000089f00000, 0x0000000089f00000| Untracked 
| 160|0x000000008a000000, 0x000000008a000000, 0x000000008a100000|  0%| F|  |TAMS 0x000000008a000000, 0x000000008a000000| Untracked 
| 161|0x000000008a100000, 0x000000008a100000, 0x000000008a200000|  0%| F|  |TAMS 0x000000008a100000, 0x000000008a100000| Untracked 
| 162|0x000000008a200000, 0x000000008a200000, 0x000000008a300000|  0%| F|  |TAMS 0x000000008a200000, 0x000000008a200000| Untracked 
| 163|0x000000008a300000, 0x000000008a300000, 0x000000008a400000|  0%| F|  |TAMS 0x000000008a300000, 0x000000008a300000| Untracked 
| 164|0x000000008a400000, 0x000000008a400000, 0x000000008a500000|  0%| F|  |TAMS 0x000000008a400000, 0x000000008a400000| Untracked 
| 165|0x000000008a500000, 0x000000008a500000, 0x000000008a600000|  0%| F|  |TAMS 0x000000008a500000, 0x000000008a500000| Untracked 
| 166|0x000000008a600000, 0x000000008a600000, 0x000000008a700000|  0%| F|  |TAMS 0x000000008a600000, 0x000000008a600000| Untracked 
| 167|0x000000008a700000, 0x000000008a700000, 0x000000008a800000|  0%| F|  |TAMS 0x000000008a700000, 0x000000008a700000| Untracked 
| 168|0x000000008a800000, 0x000000008a800000, 0x000000008a900000|  0%| F|  |TAMS 0x000000008a800000, 0x000000008a800000| Untracked 
| 169|0x000000008a900000, 0x000000008a900000, 0x000000008aa00000|  0%| F|  |TAMS 0x000000008a900000, 0x000000008a900000| Untracked 
| 170|0x000000008aa00000, 0x000000008aa00000, 0x000000008ab00000|  0%| F|  |TAMS 0x000000008aa00000, 0x000000008aa00000| Untracked 
| 171|0x000000008ab00000, 0x000000008ab00000, 0x000000008ac00000|  0%| F|  |TAMS 0x000000008ab00000, 0x000000008ab00000| Untracked 
| 172|0x000000008ac00000, 0x000000008ac00000, 0x000000008ad00000|  0%| F|  |TAMS 0x000000008ac00000, 0x000000008ac00000| Untracked 
| 173|0x000000008ad00000, 0x000000008ad00000, 0x000000008ae00000|  0%| F|  |TAMS 0x000000008ad00000, 0x000000008ad00000| Untracked 
| 174|0x000000008ae00000, 0x000000008ae00000, 0x000000008af00000|  0%| F|  |TAMS 0x000000008ae00000, 0x000000008ae00000| Untracked 
| 175|0x000000008af00000, 0x000000008af00000, 0x000000008b000000|  0%| F|  |TAMS 0x000000008af00000, 0x000000008af00000| Untracked 
| 176|0x000000008b000000, 0x000000008b000000, 0x000000008b100000|  0%| F|  |TAMS 0x000000008b000000, 0x000000008b000000| Untracked 
| 177|0x000000008b100000, 0x000000008b100000, 0x000000008b200000|  0%| F|  |TAMS 0x000000008b100000, 0x000000008b100000| Untracked 
| 178|0x000000008b200000, 0x000000008b200000, 0x000000008b300000|  0%| F|  |TAMS 0x000000008b200000, 0x000000008b200000| Untracked 
| 179|0x000000008b300000, 0x000000008b300000, 0x000000008b400000|  0%| F|  |TAMS 0x000000008b300000, 0x000000008b300000| Untracked 
| 180|0x000000008b400000, 0x000000008b400000, 0x000000008b500000|  0%| F|  |TAMS 0x000000008b400000, 0x000000008b400000| Untracked 
| 181|0x000000008b500000, 0x000000008b500000, 0x000000008b600000|  0%| F|  |TAMS 0x000000008b500000, 0x000000008b500000| Untracked 
| 182|0x000000008b600000, 0x000000008b600000, 0x000000008b700000|  0%| F|  |TAMS 0x000000008b600000, 0x000000008b600000| Untracked 
| 183|0x000000008b700000, 0x000000008b700000, 0x000000008b800000|  0%| F|  |TAMS 0x000000008b700000, 0x000000008b700000| Untracked 
| 184|0x000000008b800000, 0x000000008b800000, 0x000000008b900000|  0%| F|  |TAMS 0x000000008b800000, 0x000000008b800000| Untracked 
| 185|0x000000008b900000, 0x000000008b900000, 0x000000008ba00000|  0%| F|  |TAMS 0x000000008b900000, 0x000000008b900000| Untracked 
| 186|0x000000008ba00000, 0x000000008ba00000, 0x000000008bb00000|  0%| F|  |TAMS 0x000000008ba00000, 0x000000008ba00000| Untracked 
| 187|0x000000008bb00000, 0x000000008bb00000, 0x000000008bc00000|  0%| F|  |TAMS 0x000000008bb00000, 0x000000008bb00000| Untracked 
| 188|0x000000008bc00000, 0x000000008bc00000, 0x000000008bd00000|  0%| F|  |TAMS 0x000000008bc00000, 0x000000008bc00000| Untracked 
| 189|0x000000008bd00000, 0x000000008bd00000, 0x000000008be00000|  0%| F|  |TAMS 0x000000008bd00000, 0x000000008bd00000| Untracked 
| 190|0x000000008be00000, 0x000000008be00000, 0x000000008bf00000|  0%| F|  |TAMS 0x000000008be00000, 0x000000008be00000| Untracked 
| 191|0x000000008bf00000, 0x000000008bf00000, 0x000000008c000000|  0%| F|  |TAMS 0x000000008bf00000, 0x000000008bf00000| Untracked 
| 192|0x000000008c000000, 0x000000008c000000, 0x000000008c100000|  0%| F|  |TAMS 0x000000008c000000, 0x000000008c000000| Untracked 
| 193|0x000000008c100000, 0x000000008c100000, 0x000000008c200000|  0%| F|  |TAMS 0x000000008c100000, 0x000000008c100000| Untracked 
| 194|0x000000008c200000, 0x000000008c200000, 0x000000008c300000|  0%| F|  |TAMS 0x000000008c200000, 0x000000008c200000| Untracked 
| 195|0x000000008c300000, 0x000000008c300000, 0x000000008c400000|  0%| F|  |TAMS 0x000000008c300000, 0x000000008c300000| Untracked 
| 196|0x000000008c400000, 0x000000008c400000, 0x000000008c500000|  0%| F|  |TAMS 0x000000008c400000, 0x000000008c400000| Untracked 
| 197|0x000000008c500000, 0x000000008c500000, 0x000000008c600000|  0%| F|  |TAMS 0x000000008c500000, 0x000000008c500000| Untracked 
| 198|0x000000008c600000, 0x000000008c600000, 0x000000008c700000|  0%| F|  |TAMS 0x000000008c600000, 0x000000008c600000| Untracked 
| 199|0x000000008c700000, 0x000000008c700000, 0x000000008c800000|  0%| F|  |TAMS 0x000000008c700000, 0x000000008c700000| Untracked 
| 200|0x000000008c800000, 0x000000008c800000, 0x000000008c900000|  0%| F|  |TAMS 0x000000008c800000, 0x000000008c800000| Untracked 
| 201|0x000000008c900000, 0x000000008c900000, 0x000000008ca00000|  0%| F|  |TAMS 0x000000008c900000, 0x000000008c900000| Untracked 
| 202|0x000000008ca00000, 0x000000008ca00000, 0x000000008cb00000|  0%| F|  |TAMS 0x000000008ca00000, 0x000000008ca00000| Untracked 
| 203|0x000000008cb00000, 0x000000008cb00000, 0x000000008cc00000|  0%| F|  |TAMS 0x000000008cb00000, 0x000000008cb00000| Untracked 
| 204|0x000000008cc00000, 0x000000008cc00000, 0x000000008cd00000|  0%| F|  |TAMS 0x000000008cc00000, 0x000000008cc00000| Untracked 
| 205|0x000000008cd00000, 0x000000008cd00000, 0x000000008ce00000|  0%| F|  |TAMS 0x000000008cd00000, 0x000000008cd00000| Untracked 
| 206|0x000000008ce00000, 0x000000008ce00000, 0x000000008cf00000|  0%| F|  |TAMS 0x000000008ce00000, 0x000000008ce00000| Untracked 
| 207|0x000000008cf00000, 0x000000008cf00000, 0x000000008d000000|  0%| F|  |TAMS 0x000000008cf00000, 0x000000008cf00000| Untracked 
| 208|0x000000008d000000, 0x000000008d000000, 0x000000008d100000|  0%| F|  |TAMS 0x000000008d000000, 0x000000008d000000| Untracked 

Card table byte_map: [0x000001697a160000,0x000001697a560000] _byte_map_base: 0x0000016979d60000

Marking Bits (Prev, Next): (CMBitMap*) 0x00000169636e1100, (CMBitMap*) 0x00000169636e1140
 Prev Bits: [0x000001697a960000, 0x000001697c960000)
 Next Bits: [0x000001697c960000, 0x000001697e960000)

Polling page: 0x0000016961650000

Metaspace:

Usage:
  Non-class:     87.97 MB used.
      Class:     12.79 MB used.
       Both:    100.76 MB used.

Virtual space:
  Non-class space:       96.00 MB reserved,      88.25 MB ( 92%) committed,  12 nodes.
      Class space:        1.00 GB reserved,      13.12 MB (  1%) committed,  1 nodes.
             Both:        1.09 GB reserved,     101.38 MB (  9%) committed. 

Chunk freelists:
   Non-Class:  3.69 MB
       Class:  2.73 MB
        Both:  6.42 MB

MaxMetaspaceSize: unlimited
CompressedClassSpaceSize: 1.00 GB
Initial GC threshold: 21.00 MB
Current GC threshold: 168.06 MB
CDS: on
MetaspaceReclaimPolicy: balanced
 - commit_granule_bytes: 65536.
 - commit_granule_words: 8192.
 - virtual_space_node_default_size: 1048576.
 - enlarge_chunks_in_place: 1.
 - new_chunks_are_fully_committed: 0.
 - uncommit_free_chunks: 1.
 - use_allocation_guard: 0.
 - handle_deallocations: 1.


Internal statistics:

num_allocs_failed_limit: 6.
num_arena_births: 822.
num_arena_deaths: 0.
num_vsnodes_births: 13.
num_vsnodes_deaths: 0.
num_space_committed: 1620.
num_space_uncommitted: 0.
num_chunks_returned_to_freelist: 6.
num_chunks_taken_from_freelist: 4487.
num_chunk_merges: 6.
num_chunk_splits: 3484.
num_chunks_enlarged: 2843.
num_purges: 0.
num_inconsistent_stats: 0.

CodeHeap 'non-profiled nmethods': size=120064Kb used=6244Kb max_used=6244Kb free=113819Kb
 bounds [0x0000016972c20000, 0x0000016973240000, 0x000001697a160000]
CodeHeap 'profiled nmethods': size=120000Kb used=24143Kb max_used=24143Kb free=95856Kb
 bounds [0x000001696b6f0000, 0x000001696ce90000, 0x0000016972c20000]
CodeHeap 'non-nmethods': size=5696Kb used=2498Kb max_used=2552Kb free=3197Kb
 bounds [0x000001696b160000, 0x000001696b3f0000, 0x000001696b6f0000]
 total_blobs=12225 nmethods=11173 adapters=962
 compilation: enabled
              stopped_count=0, restarted_count=0
 full_count=0

Compilation events (20 events):
Event: 602.670 Thread 0x000001697edb32b0 nmethod 12595 0x000001696ce7eb90 code [0x000001696ce7ee80, 0x000001696ce7fe88]
Event: 602.670 Thread 0x000001697edb32b0 12596       3       org.gradle.cache.internal.btree.ByteOutput::start (42 bytes)
Event: 602.671 Thread 0x000001697edb32b0 nmethod 12596 0x000001696ce80590 code [0x000001696ce80800, 0x000001696ce814c8]
Event: 602.671 Thread 0x000001697edb32b0 12597       3       org.gradle.cache.internal.btree.ByteOutput$ResettableBufferedOutputStream::clear (6 bytes)
Event: 602.671 Thread 0x000001697edb32b0 nmethod 12597 0x000001696ce81910 code [0x000001696ce81aa0, 0x000001696ce81bb8]
Event: 602.671 Thread 0x000001697edb32b0 12598       3       com.google.common.io.CountingOutputStream::<init> (12 bytes)
Event: 602.672 Thread 0x000001697edb32b0 nmethod 12598 0x000001696ce81c90 code [0x000001696ce81e60, 0x000001696ce82368]
Event: 602.676 Thread 0x000001697edb32b0 12599       3       java.util.Optional::orElseThrow (22 bytes)
Event: 602.676 Thread 0x000001697edb32b0 nmethod 12599 0x000001696ce82510 code [0x000001696ce826c0, 0x000001696ce829c8]
Event: 602.677 Thread 0x000001697ed48740 12600       4       org.gradle.internal.logging.slf4j.OutputEventListenerBackedLogger::isLevelAtMost (20 bytes)
Event: 602.678 Thread 0x000001697ed48740 nmethod 12600 0x0000016973237b90 code [0x0000016973237d20, 0x0000016973237e18]
Event: 602.679 Thread 0x000001697edb32b0 12601       3       org.gradle.api.internal.artifacts.ivyservice.modulecache.artifacts.DefaultCachedArtifact::isMissing (13 bytes)
Event: 602.679 Thread 0x000001697edb32b0 nmethod 12601 0x000001696ce82b10 code [0x000001696ce82ca0, 0x000001696ce82e18]
Event: 602.680 Thread 0x000001697edb32b0 12602       3       org.gradle.cache.internal.filelock.DefaultLockStateSerializer$SequenceNumberLockState::completeUpdate (33 bytes)
Event: 602.681 Thread 0x000001697edb32b0 nmethod 12602 0x000001696ce82e90 code [0x000001696ce83040, 0x000001696ce833d8]
Event: 602.681 Thread 0x000001697edb32b0 12603       3       org.gradle.internal.serialize.kryo.KryoBackedEncoder::<init> (18 bytes)
Event: 602.682 Thread 0x000001697edb32b0 nmethod 12603 0x000001696ce83510 code [0x000001696ce836e0, 0x000001696ce83b78]
Event: 602.683 Thread 0x000001697ed48740 12604       4       sun.security.provider.MD5::implCompress0 (1407 bytes)
Event: 602.713 Thread 0x000001697ed48740 nmethod 12604 0x0000016973237f90 code [0x0000016973238120, 0x0000016973238e38]
Event: 602.713 Thread 0x000001697ed48740 12605       4       org.gradle.cache.internal.btree.CachingBlockStore::read (56 bytes)

GC Heap History (20 events):
Event: 357.791 GC heap after
{Heap after GC invocations=35 (full 0):
 garbage-first heap   total 163840K, used 90801K [0x0000000080000000, 0x0000000100000000)
  region size 1024K, 5 young (5120K), 5 survivors (5120K)
 Metaspace       used 94777K, committed 95296K, reserved 1138688K
  class space    used 12006K, committed 12224K, reserved 1048576K
}
Event: 362.945 GC heap before
{Heap before GC invocations=36 (full 0):
 garbage-first heap   total 163840K, used 131761K [0x0000000080000000, 0x0000000100000000)
  region size 1024K, 48 young (49152K), 5 survivors (5120K)
 Metaspace       used 96810K, committed 97408K, reserved 1138688K
  class space    used 12247K, committed 12480K, reserved 1048576K
}
Event: 362.973 GC heap after
{Heap after GC invocations=37 (full 0):
 garbage-first heap   total 163840K, used 91727K [0x0000000080000000, 0x0000000100000000)
  region size 1024K, 5 young (5120K), 5 survivors (5120K)
 Metaspace       used 96810K, committed 97408K, reserved 1138688K
  class space    used 12247K, committed 12480K, reserved 1048576K
}
Event: 363.262 GC heap before
{Heap before GC invocations=37 (full 0):
 garbage-first heap   total 163840K, used 94799K [0x0000000080000000, 0x0000000100000000)
  region size 1024K, 8 young (8192K), 5 survivors (5120K)
 Metaspace       used 96978K, committed 97600K, reserved 1138688K
  class space    used 12281K, committed 12544K, reserved 1048576K
}
Event: 363.296 GC heap after
{Heap after GC invocations=38 (full 0):
 garbage-first heap   total 163840K, used 83764K [0x0000000080000000, 0x0000000100000000)
  region size 1024K, 1 young (1024K), 1 survivors (1024K)
 Metaspace       used 96978K, committed 97600K, reserved 1138688K
  class space    used 12281K, committed 12544K, reserved 1048576K
}
Event: 369.960 GC heap before
{Heap before GC invocations=38 (full 0):
 garbage-first heap   total 163840K, used 132916K [0x0000000080000000, 0x0000000100000000)
  region size 1024K, 49 young (50176K), 1 survivors (1024K)
 Metaspace       used 101526K, committed 102144K, reserved 1138688K
  class space    used 12967K, committed 13248K, reserved 1048576K
}
Event: 369.979 GC heap after
{Heap after GC invocations=39 (full 0):
 garbage-first heap   total 163840K, used 87570K [0x0000000080000000, 0x0000000100000000)
  region size 1024K, 5 young (5120K), 5 survivors (5120K)
 Metaspace       used 101526K, committed 102144K, reserved 1138688K
  class space    used 12967K, committed 13248K, reserved 1048576K
}
Event: 374.308 GC heap before
{Heap before GC invocations=39 (full 0):
 garbage-first heap   total 163840K, used 138770K [0x0000000080000000, 0x0000000100000000)
  region size 1024K, 51 young (52224K), 5 survivors (5120K)
 Metaspace       used 102445K, committed 103040K, reserved 1138688K
  class space    used 13054K, committed 13376K, reserved 1048576K
}
Event: 374.342 GC heap after
{Heap after GC invocations=40 (full 0):
 garbage-first heap   total 163840K, used 94987K [0x0000000080000000, 0x0000000100000000)
  region size 1024K, 7 young (7168K), 7 survivors (7168K)
 Metaspace       used 102445K, committed 103040K, reserved 1138688K
  class space    used 13054K, committed 13376K, reserved 1048576K
}
Event: 375.096 GC heap before
{Heap before GC invocations=40 (full 0):
 garbage-first heap   total 163840K, used 136971K [0x0000000080000000, 0x0000000100000000)
  region size 1024K, 44 young (45056K), 7 survivors (7168K)
 Metaspace       used 102453K, committed 103040K, reserved 1138688K
  class space    used 13054K, committed 13376K, reserved 1048576K
}
Event: 375.139 GC heap after
{Heap after GC invocations=41 (full 0):
 garbage-first heap   total 163840K, used 105846K [0x0000000080000000, 0x0000000100000000)
  region size 1024K, 6 young (6144K), 6 survivors (6144K)
 Metaspace       used 102453K, committed 103040K, reserved 1138688K
  class space    used 13054K, committed 13376K, reserved 1048576K
}
Event: 378.310 GC heap before
{Heap before GC invocations=41 (full 0):
 garbage-first heap   total 163840K, used 139638K [0x0000000080000000, 0x0000000100000000)
  region size 1024K, 31 young (31744K), 6 survivors (6144K)
 Metaspace       used 102493K, committed 103104K, reserved 1138688K
  class space    used 13054K, committed 13376K, reserved 1048576K
}
Event: 378.332 GC heap after
{Heap after GC invocations=42 (full 0):
 garbage-first heap   total 163840K, used 120651K [0x0000000080000000, 0x0000000100000000)
  region size 1024K, 4 young (4096K), 4 survivors (4096K)
 Metaspace       used 102493K, committed 103104K, reserved 1138688K
  class space    used 13054K, committed 13376K, reserved 1048576K
}
Event: 379.793 GC heap before
{Heap before GC invocations=42 (full 0):
 garbage-first heap   total 163840K, used 138059K [0x0000000080000000, 0x0000000100000000)
  region size 1024K, 20 young (20480K), 4 survivors (4096K)
 Metaspace       used 102614K, committed 103232K, reserved 1138688K
  class space    used 13059K, committed 13376K, reserved 1048576K
}
Event: 379.807 GC heap after
{Heap after GC invocations=43 (full 0):
 garbage-first heap   total 163840K, used 123449K [0x0000000080000000, 0x0000000100000000)
  region size 1024K, 3 young (3072K), 3 survivors (3072K)
 Metaspace       used 102614K, committed 103232K, reserved 1138688K
  class space    used 13059K, committed 13376K, reserved 1048576K
}
Event: 380.327 GC heap before
{Heap before GC invocations=44 (full 0):
 garbage-first heap   total 214016K, used 134713K [0x0000000080000000, 0x0000000100000000)
  region size 1024K, 17 young (17408K), 3 survivors (3072K)
 Metaspace       used 102615K, committed 103232K, reserved 1138688K
  class space    used 13060K, committed 13376K, reserved 1048576K
}
Event: 380.337 GC heap after
{Heap after GC invocations=45 (full 0):
 garbage-first heap   total 214016K, used 121341K [0x0000000080000000, 0x0000000100000000)
  region size 1024K, 1 young (1024K), 1 survivors (1024K)
 Metaspace       used 102615K, committed 103232K, reserved 1138688K
  class space    used 13060K, committed 13376K, reserved 1048576K
}
Event: 380.458 GC heap before
{Heap before GC invocations=45 (full 0):
 garbage-first heap   total 214016K, used 130557K [0x0000000080000000, 0x0000000100000000)
  region size 1024K, 10 young (10240K), 1 survivors (1024K)
 Metaspace       used 102615K, committed 103232K, reserved 1138688K
  class space    used 13060K, committed 13376K, reserved 1048576K
}
Event: 380.468 GC heap after
{Heap after GC invocations=46 (full 0):
 garbage-first heap   total 214016K, used 116216K [0x0000000080000000, 0x0000000100000000)
  region size 1024K, 1 young (1024K), 1 survivors (1024K)
 Metaspace       used 102615K, committed 103232K, reserved 1138688K
  class space    used 13060K, committed 13376K, reserved 1048576K
}
Event: 602.714 GC heap before
{Heap before GC invocations=46 (full 0):
 garbage-first heap   total 214016K, used 170488K [0x0000000080000000, 0x0000000100000000)
  region size 1024K, 54 young (55296K), 1 survivors (1024K)
 Metaspace       used 103178K, committed 103808K, reserved 1146880K
  class space    used 13092K, committed 13440K, reserved 1048576K
}

Deoptimization events (20 events):
Event: 577.332 Thread 0x000001690353b880 Uncommon trap: trap_request=0xffffff45 fr.pc=0x00000169730f2124 relative=0x0000000000000244
Event: 577.332 Thread 0x000001690353b880 Uncommon trap: reason=unstable_if action=reinterpret pc=0x00000169730f2124 method=com.esotericsoftware.kryo.io.Input.readVarInt(Z)I @ 42 c2
Event: 577.332 Thread 0x000001690353b880 DEOPT PACKING pc=0x00000169730f2124 sp=0x00000036e60fec30
Event: 577.332 Thread 0x000001690353b880 DEOPT UNPACKING pc=0x000001696b1b239d sp=0x00000036e60febe8 mode 2
Event: 577.396 Thread 0x0000016903537050 Uncommon trap: trap_request=0xffffffde fr.pc=0x0000016972ee28cc relative=0x00000000000000ac
Event: 577.396 Thread 0x0000016903537050 Uncommon trap: reason=class_check action=maybe_recompile pc=0x0000016972ee28cc method=java.util.Collections$UnmodifiableList.get(I)Ljava/lang/Object; @ 5 c2
Event: 577.396 Thread 0x0000016903537050 DEOPT PACKING pc=0x0000016972ee28cc sp=0x00000036e79fec60
Event: 577.396 Thread 0x0000016903537050 DEOPT UNPACKING pc=0x000001696b1b239d sp=0x00000036e79febf8 mode 2
Event: 577.396 Thread 0x0000016903537050 Uncommon trap: trap_request=0xffffffde fr.pc=0x0000016972ee28cc relative=0x00000000000000ac
Event: 577.396 Thread 0x0000016903537050 Uncommon trap: reason=class_check action=maybe_recompile pc=0x0000016972ee28cc method=java.util.Collections$UnmodifiableList.get(I)Ljava/lang/Object; @ 5 c2
Event: 577.396 Thread 0x0000016903537050 DEOPT PACKING pc=0x0000016972ee28cc sp=0x00000036e79febb0
Event: 577.397 Thread 0x0000016903537050 DEOPT UNPACKING pc=0x000001696b1b239d sp=0x00000036e79feb48 mode 2
Event: 601.497 Thread 0x0000016903537050 Uncommon trap: trap_request=0xfffffff4 fr.pc=0x00000169730df880 relative=0x0000000000000620
Event: 601.497 Thread 0x0000016903537050 Uncommon trap: reason=null_check action=make_not_entrant pc=0x00000169730df880 method=org.gradle.util.internal.SimpleMapInterner.intern(Ljava/lang/Object;)Ljava/lang/Object; @ 2 c2
Event: 601.497 Thread 0x0000016903537050 DEOPT PACKING pc=0x00000169730df880 sp=0x00000036e79f99f0
Event: 601.497 Thread 0x0000016903537050 DEOPT UNPACKING pc=0x000001696b1b239d sp=0x00000036e79f99a8 mode 2
Event: 601.497 Thread 0x0000016903537050 Uncommon trap: trap_request=0xffffff45 fr.pc=0x00000169730deb70 relative=0x0000000000000610
Event: 601.497 Thread 0x0000016903537050 Uncommon trap: reason=unstable_if action=reinterpret pc=0x00000169730deb70 method=org.gradle.util.internal.SimpleMapInterner.intern(Ljava/lang/String;)Ljava/lang/String; @ 1 c2
Event: 601.497 Thread 0x0000016903537050 DEOPT PACKING pc=0x00000169730deb70 sp=0x00000036e79f9980
Event: 601.497 Thread 0x0000016903537050 DEOPT UNPACKING pc=0x000001696b1b239d sp=0x00000036e79f9938 mode 2

Classes unloaded (0 events):
No events

Classes redefined (0 events):
No events

Internal exceptions (20 events):
Event: 363.948 Thread 0x000001690228f190 Exception <a 'java/lang/ClassNotFoundException'{0x0000000089605770}: org/gradle/api/internal/artifacts/repositories/DefaultMavenArtifactRepositoryBeanInfo> (0x0000000089605770) 
thrown [d:\a\1\s\lookaside\java-17-openjdk\src\hotspot\share\classfile\systemDictionary.cpp, line 256]
Event: 363.950 Thread 0x000001690228f190 Exception <a 'java/lang/ClassNotFoundException'{0x0000000089617ee0}: org/gradle/api/internal/artifacts/repositories/AbstractAuthenticationSupportedRepositoryBeanInfo> (0x0000000089617ee0) 
thrown [d:\a\1\s\lookaside\java-17-openjdk\src\hotspot\share\classfile\systemDictionary.cpp, line 256]
Event: 363.951 Thread 0x000001690228f190 Exception <a 'java/lang/ClassNotFoundException'{0x000000008962a660}: org/gradle/api/internal/artifacts/repositories/AbstractResolutionAwareArtifactRepositoryBeanInfo> (0x000000008962a660) 
thrown [d:\a\1\s\lookaside\java-17-openjdk\src\hotspot\share\classfile\systemDictionary.cpp, line 256]
Event: 363.952 Thread 0x000001690228f190 Exception <a 'java/lang/ClassNotFoundException'{0x000000008963cbc8}: org/gradle/api/internal/artifacts/repositories/AbstractArtifactRepositoryBeanInfo> (0x000000008963cbc8) 
thrown [d:\a\1\s\lookaside\java-17-openjdk\src\hotspot\share\classfile\systemDictionary.cpp, line 256]
Event: 363.961 Thread 0x000001690228f190 Exception <a 'java/lang/ClassNotFoundException'{0x000000008964f118}: org/gradle/api/internal/artifacts/repositories/AbstractArtifactRepositoryCustomizer> (0x000000008964f118) 
thrown [d:\a\1\s\lookaside\java-17-openjdk\src\hotspot\share\classfile\systemDictionary.cpp, line 256]
Event: 363.965 Thread 0x000001690228f190 Exception <a 'java/lang/ClassNotFoundException'{0x000000008967dcb0}: org/gradle/api/internal/artifacts/repositories/AbstractResolutionAwareArtifactRepositoryCustomizer> (0x000000008967dcb0) 
thrown [d:\a\1\s\lookaside\java-17-openjdk\src\hotspot\share\classfile\systemDictionary.cpp, line 256]
Event: 363.975 Thread 0x000001690228f190 Exception <a 'java/lang/ClassNotFoundException'{0x0000000089698f08}: org/gradle/api/internal/artifacts/repositories/AbstractAuthenticationSupportedRepositoryCustomizer> (0x0000000089698f08) 
thrown [d:\a\1\s\lookaside\java-17-openjdk\src\hotspot\share\classfile\systemDictionary.cpp, line 256]
Event: 363.980 Thread 0x000001690228f190 Exception <a 'java/lang/ClassNotFoundException'{0x00000000896bd260}: org/gradle/api/internal/artifacts/repositories/DefaultMavenArtifactRepositoryCustomizer> (0x00000000896bd260) 
thrown [d:\a\1\s\lookaside\java-17-openjdk\src\hotspot\share\classfile\systemDictionary.cpp, line 256]
Event: 363.984 Thread 0x000001690228f190 Exception <a 'java/lang/ClassNotFoundException'{0x00000000896ec470}: org/gradle/api/internal/artifacts/repositories/DefaultMavenArtifactRepository_DecoratedCustomizer> (0x00000000896ec470) 
thrown [d:\a\1\s\lookaside\java-17-openjdk\src\hotspot\share\classfile\systemDictionary.cpp, line 256]
Event: 365.382 Thread 0x000001690228f190 Exception <a 'java/lang/NoSuchMethodError'{0x00000000888895e0}: 'int java.lang.invoke.DirectMethodHandle$Holder.invokeStaticInit(java.lang.Object, java.lang.Object, java.lang.Object, java.lang.Object, java.lang.Object)'> (0x00000000888895e0) 
thrown [d:\a\1\s\lookaside\java-17-openjdk\src\hotspot\share\interpreter\linkResolver.cpp, line 766]
Event: 367.348 Thread 0x000001690228f190 Exception <a 'java/lang/NoSuchMethodError'{0x0000000087afeaa0}: 'int java.lang.invoke.DirectMethodHandle$Holder.invokeStatic(java.lang.Object)'> (0x0000000087afeaa0) 
thrown [d:\a\1\s\lookaside\java-17-openjdk\src\hotspot\share\interpreter\linkResolver.cpp, line 766]
Event: 367.350 Thread 0x000001690228f190 Exception <a 'java/lang/NoSuchMethodError'{0x00000000879036a0}: 'int java.lang.invoke.DirectMethodHandle$Holder.invokeStaticInit(java.lang.Object)'> (0x00000000879036a0) 
thrown [d:\a\1\s\lookaside\java-17-openjdk\src\hotspot\share\interpreter\linkResolver.cpp, line 766]
Event: 367.388 Thread 0x000001690228f190 Exception <a 'java/lang/NoSuchMethodError'{0x0000000087972588}: 'java.lang.Object java.lang.invoke.DirectMethodHandle$Holder.newInvokeSpecial(java.lang.Object, java.lang.Object, java.lang.Object, java.lang.Object, java.lang.Object, int)'> (0x0000000087972588) 
thrown [d:\a\1\s\lookaside\java-17-openjdk\src\hotspot\share\interpreter\linkResolver.cpp, line 766]
Event: 367.389 Thread 0x000001690228f190 Exception <a 'java/lang/NoSuchMethodError'{0x00000000879779e0}: 'java.lang.Object java.lang.invoke.DirectMethodHandle$Holder.invokeSpecial(java.lang.Object, java.lang.Object, java.lang.Object, java.lang.Object, java.lang.Object, java.lang.Object, int)'> (0x00000000879779e0) 
thrown [d:\a\1\s\lookaside\java-17-openjdk\src\hotspot\share\interpreter\linkResolver.cpp, line 766]
Event: 367.392 Thread 0x000001690228f190 Exception <a 'java/lang/NoSuchMethodError'{0x000000008797c7c0}: 'java.lang.Object java.lang.invoke.Invokers$Holder.linkToTargetMethod(java.lang.Object, java.lang.Object, java.lang.Object, java.lang.Object, int, java.lang.Object)'> (0x000000008797c7c0) 
thrown [d:\a\1\s\lookaside\java-17-openjdk\src\hotspot\share\interpreter\linkResolver.cpp, line 766]
Event: 367.517 Thread 0x000001690228f190 Exception <a 'java/lang/NoSuchMethodError'{0x00000000878479e0}: 'void java.lang.invoke.DirectMethodHandle$Holder.invokeStatic(java.lang.Object, java.lang.Object, java.lang.Object, int, java.lang.Object)'> (0x00000000878479e0) 
thrown [d:\a\1\s\lookaside\java-17-openjdk\src\hotspot\share\interpreter\linkResolver.cpp, line 766]
Event: 370.504 Thread 0x000001690228f190 Implicit null exception at 0x00000169730f8f6f to 0x00000169730f91ac
Event: 381.343 Thread 0x000001690228f190 Exception <a 'java/lang/reflect/InvocationTargetException'{0x000000008c0004d8}> (0x000000008c0004d8) 
thrown [d:\a\1\s\lookaside\java-17-openjdk\src\hotspot\share\runtime\reflection.cpp, line 1121]
Event: 601.497 Thread 0x0000016903537050 Implicit null exception at 0x00000169730df292 to 0x00000169730df870
Event: 601.497 Thread 0x0000016903537050 Implicit null exception at 0x00000169730de594 to 0x00000169730deb5c

VM Operations (20 events):
Event: 441.734 Executing VM operation: Cleanup done
Event: 446.796 Executing VM operation: Cleanup
Event: 446.796 Executing VM operation: Cleanup done
Event: 468.969 Executing VM operation: Cleanup
Event: 468.969 Executing VM operation: Cleanup done
Event: 516.359 Executing VM operation: Cleanup
Event: 516.360 Executing VM operation: Cleanup done
Event: 526.445 Executing VM operation: Cleanup
Event: 526.445 Executing VM operation: Cleanup done
Event: 577.886 Executing VM operation: Cleanup
Event: 577.886 Executing VM operation: Cleanup done
Event: 597.090 Executing VM operation: Cleanup
Event: 597.090 Executing VM operation: Cleanup done
Event: 601.470 Executing VM operation: ICBufferFull
Event: 601.470 Executing VM operation: ICBufferFull done
Event: 601.669 Executing VM operation: ICBufferFull
Event: 601.669 Executing VM operation: ICBufferFull done
Event: 602.264 Executing VM operation: ICBufferFull
Event: 602.264 Executing VM operation: ICBufferFull done
Event: 602.714 Executing VM operation: G1CollectForAllocation

Events (20 events):
Event: 602.620 Thread 0x0000016903539ba0 Thread added: 0x0000016903539ba0
Event: 602.620 Thread 0x0000016903537ec0 Thread added: 0x0000016903537ec0
Event: 602.621 Thread 0x000001690353c6f0 Thread added: 0x000001690353c6f0
Event: 602.621 Thread 0x000001690353a540 Thread added: 0x000001690353a540
Event: 602.621 Thread 0x0000016903535d10 Thread added: 0x0000016903535d10
Event: 602.623 Thread 0x0000016903535370 Thread added: 0x0000016903535370
Event: 602.623 Thread 0x0000016903535840 Thread added: 0x0000016903535840
Event: 602.623 Thread 0x00000169035361e0 Thread added: 0x00000169035361e0
Event: 602.624 Thread 0x00000169035366b0 Thread added: 0x00000169035366b0
Event: 602.624 Thread 0x0000016903537520 Thread added: 0x0000016903537520
Event: 602.624 Thread 0x0000016903536b80 Thread added: 0x0000016903536b80
Event: 602.625 Thread 0x00000169059f7f40 Thread added: 0x00000169059f7f40
Event: 602.625 Thread 0x00000169059f8410 Thread added: 0x00000169059f8410
Event: 602.625 Thread 0x00000169059faf60 Thread added: 0x00000169059faf60
Event: 602.625 Thread 0x00000169059f8db0 Thread added: 0x00000169059f8db0
Event: 602.625 Thread 0x00000169059f9280 Thread added: 0x00000169059f9280
Event: 602.625 Thread 0x00000169059f9c20 Thread added: 0x00000169059f9c20
Event: 602.626 Thread 0x000001690228f190 Thread added: 0x000001690228f190
Event: 602.626 Thread 0x000001690228d4b0 Thread added: 0x000001690228d4b0
Event: 602.626 Thread 0x000001690228e320 Thread added: 0x000001690228e320


Dynamic libraries:
0x00007ff711ce0000 - 0x00007ff711d01000 	D:\java\ojdkbuild\java-17-openjdk-17.0.3.0.6-1\bin\java.exe
0x00007ff85fdb0000 - 0x00007ff85ffc7000 	C:\Windows\SYSTEM32\ntdll.dll
0x00007ff85e170000 - 0x00007ff85e234000 	C:\Windows\System32\KERNEL32.DLL
0x00007ff85d750000 - 0x00007ff85daf6000 	C:\Windows\System32\KERNELBASE.dll
0x00007ff85d4a0000 - 0x00007ff85d5b1000 	C:\Windows\System32\ucrtbase.dll
0x00007ff856f00000 - 0x00007ff856f1b000 	D:\java\ojdkbuild\java-17-openjdk-17.0.3.0.6-1\bin\VCRUNTIME140.dll
0x00007ff859270000 - 0x00007ff859288000 	D:\java\ojdkbuild\java-17-openjdk-17.0.3.0.6-1\bin\jli.dll
0x00007ff85ed70000 - 0x00007ff85ef1e000 	C:\Windows\System32\USER32.dll
0x00007ff85d260000 - 0x00007ff85d286000 	C:\Windows\System32\win32u.dll
0x00007ff85e9a0000 - 0x00007ff85e9c9000 	C:\Windows\System32\GDI32.dll
0x00007ff85d290000 - 0x00007ff85d3a8000 	C:\Windows\System32\gdi32full.dll
0x00007ff85d6b0000 - 0x00007ff85d74a000 	C:\Windows\System32\msvcp_win.dll
0x00007ff8493f0000 - 0x00007ff849683000 	C:\Windows\WinSxS\amd64_microsoft.windows.common-controls_6595b64144ccf1df_6.0.22621.2506_none_270c5ae97388e100\COMCTL32.dll
0x00007ff85ec40000 - 0x00007ff85ece7000 	C:\Windows\System32\msvcrt.dll
0x00007ff85e240000 - 0x00007ff85e271000 	C:\Windows\System32\IMM32.DLL
0x00007ff858890000 - 0x00007ff85889c000 	D:\java\ojdkbuild\java-17-openjdk-17.0.3.0.6-1\bin\vcruntime140_1.dll
0x00007ff80e3b0000 - 0x00007ff80e43d000 	D:\java\ojdkbuild\java-17-openjdk-17.0.3.0.6-1\bin\msvcp140.dll
0x00007fffd8960000 - 0x00007fffd95bf000 	D:\java\ojdkbuild\java-17-openjdk-17.0.3.0.6-1\bin\server\jvm.dll
0x00007ff85e3c0000 - 0x00007ff85e473000 	C:\Windows\System32\ADVAPI32.dll
0x00007ff85e5a0000 - 0x00007ff85e648000 	C:\Windows\System32\sechost.dll
0x00007ff85d470000 - 0x00007ff85d498000 	C:\Windows\System32\bcrypt.dll
0x00007ff85e480000 - 0x00007ff85e597000 	C:\Windows\System32\RPCRT4.dll
0x00007ff85e990000 - 0x00007ff85e998000 	C:\Windows\System32\PSAPI.DLL
0x00007ff83ee40000 - 0x00007ff83ee49000 	C:\Windows\SYSTEM32\WSOCK32.dll
0x00007ff85ef30000 - 0x00007ff85efa1000 	C:\Windows\System32\WS2_32.dll
0x00007ff82e330000 - 0x00007ff82e364000 	C:\Windows\SYSTEM32\WINMM.dll
0x00007ff849f00000 - 0x00007ff849f0a000 	C:\Windows\SYSTEM32\VERSION.dll
0x00007ff85c180000 - 0x00007ff85c198000 	C:\Windows\SYSTEM32\kernel.appcore.dll
0x00007ff84d470000 - 0x00007ff84d47a000 	D:\java\ojdkbuild\java-17-openjdk-17.0.3.0.6-1\bin\jimage.dll
0x00007ff85aa40000 - 0x00007ff85ac73000 	C:\Windows\SYSTEM32\DBGHELP.DLL
0x00007ff85f820000 - 0x00007ff85fba9000 	C:\Windows\System32\combase.dll
0x00007ff85e280000 - 0x00007ff85e357000 	C:\Windows\System32\OLEAUT32.dll
0x00007ff843da0000 - 0x00007ff843dd2000 	C:\Windows\SYSTEM32\dbgcore.DLL
0x00007ff85d630000 - 0x00007ff85d6aa000 	C:\Windows\System32\bcryptPrimitives.dll
0x00007ff838f20000 - 0x00007ff838f45000 	D:\java\ojdkbuild\java-17-openjdk-17.0.3.0.6-1\bin\java.dll
0x00007ff809060000 - 0x00007ff809137000 	D:\java\ojdkbuild\java-17-openjdk-17.0.3.0.6-1\bin\jsvml.dll
0x00007ff85efc0000 - 0x00007ff85f81b000 	C:\Windows\System32\SHELL32.dll
0x00007ff85b010000 - 0x00007ff85b906000 	C:\Windows\SYSTEM32\windows.storage.dll
0x00007ff85aed0000 - 0x00007ff85b00e000 	C:\Windows\SYSTEM32\wintypes.dll
0x00007ff85db00000 - 0x00007ff85dbf3000 	C:\Windows\System32\SHCORE.dll
0x00007ff85e650000 - 0x00007ff85e6ae000 	C:\Windows\System32\shlwapi.dll
0x00007ff85d020000 - 0x00007ff85d046000 	C:\Windows\SYSTEM32\profapi.dll
0x00007ff849720000 - 0x00007ff849739000 	D:\java\ojdkbuild\java-17-openjdk-17.0.3.0.6-1\bin\net.dll
0x00007ff8531f0000 - 0x00007ff853327000 	C:\Windows\SYSTEM32\WINHTTP.dll
0x00007ff85c650000 - 0x00007ff85c6b9000 	C:\Windows\system32\mswsock.dll
0x00007ff8493b0000 - 0x00007ff8493c6000 	D:\java\ojdkbuild\java-17-openjdk-17.0.3.0.6-1\bin\nio.dll
0x00007ff83b680000 - 0x00007ff83b698000 	D:\java\ojdkbuild\java-17-openjdk-17.0.3.0.6-1\bin\zip.dll
0x00007ff848d50000 - 0x00007ff848d60000 	D:\java\ojdkbuild\java-17-openjdk-17.0.3.0.6-1\bin\verify.dll
0x00007ff835b50000 - 0x00007ff835b77000 	C:\Users\11218\.gradle\native\68d5fa5c4cc2d200863cafc0d521ce42e7d3e7ee720ec0a83991735586a16f82\windows-amd64\native-platform.dll
0x00007ff8010d0000 - 0x00007ff801214000 	C:\Users\11218\.gradle\native\e376f236ea51e6404a007f0833ffe2c6e607c4080706a723a18a27aeea778392\windows-amd64\native-platform-file-events.dll
0x00007ff848a70000 - 0x00007ff848a79000 	D:\java\ojdkbuild\java-17-openjdk-17.0.3.0.6-1\bin\management.dll
0x00007ff848a40000 - 0x00007ff848a4b000 	D:\java\ojdkbuild\java-17-openjdk-17.0.3.0.6-1\bin\management_ext.dll
0x00007ff85c9a0000 - 0x00007ff85c9bb000 	C:\Windows\SYSTEM32\CRYPTSP.dll
0x00007ff85c140000 - 0x00007ff85c175000 	C:\Windows\system32\rsaenh.dll
0x00007ff85c6f0000 - 0x00007ff85c71c000 	C:\Windows\SYSTEM32\USERENV.dll
0x00007ff85c980000 - 0x00007ff85c98c000 	C:\Windows\SYSTEM32\CRYPTBASE.dll
0x00007ff85bc20000 - 0x00007ff85bc4d000 	C:\Windows\SYSTEM32\IPHLPAPI.DLL
0x00007ff85eb30000 - 0x00007ff85eb39000 	C:\Windows\System32\NSI.dll
0x00007ff8531d0000 - 0x00007ff8531e9000 	C:\Windows\SYSTEM32\dhcpcsvc6.DLL
0x00007ff8531b0000 - 0x00007ff8531cf000 	C:\Windows\SYSTEM32\dhcpcsvc.DLL
0x00007ff85bca0000 - 0x00007ff85bd99000 	C:\Windows\SYSTEM32\DNSAPI.dll
0x00007ff846b90000 - 0x00007ff846b9d000 	D:\java\ojdkbuild\java-17-openjdk-17.0.3.0.6-1\bin\sunmscapi.dll
0x00007ff85d0f0000 - 0x00007ff85d256000 	C:\Windows\System32\CRYPT32.dll
0x00007ff85cab0000 - 0x00007ff85cade000 	C:\Windows\SYSTEM32\ncrypt.dll
0x00007ff85ca70000 - 0x00007ff85caa7000 	C:\Windows\SYSTEM32\NTASN1.dll
0x00007ff8496e0000 - 0x00007ff8496e8000 	C:\Windows\system32\wshunix.dll

dbghelp: loaded successfully - version: 4.0.5 - missing functions: none
symbol engine: initialized successfully - sym options: 0x614 - pdb path: .;D:\java\ojdkbuild\java-17-openjdk-17.0.3.0.6-1\bin;C:\Windows\SYSTEM32;C:\Windows\WinSxS\amd64_microsoft.windows.common-controls_6595b64144ccf1df_6.0.22621.2506_none_270c5ae97388e100;D:\java\ojdkbuild\java-17-openjdk-17.0.3.0.6-1\bin\server;C:\Users\11218\.gradle\native\68d5fa5c4cc2d200863cafc0d521ce42e7d3e7ee720ec0a83991735586a16f82\windows-amd64;C:\Users\11218\.gradle\native\e376f236ea51e6404a007f0833ffe2c6e607c4080706a723a18a27aeea778392\windows-amd64

VM Arguments:
jvm_args: --add-opens=java.base/java.util=ALL-UNNAMED --add-opens=java.base/java.lang=ALL-UNNAMED --add-opens=java.base/java.lang.invoke=ALL-UNNAMED --add-opens=java.prefs/java.util.prefs=ALL-UNNAMED --add-opens=java.base/java.nio.charset=ALL-UNNAMED --add-opens=java.base/java.net=ALL-UNNAMED --add-opens=java.base/java.util.concurrent.atomic=ALL-UNNAMED -Xmx2048m -Dfile.encoding=UTF-8 -Duser.country=CN -Duser.language=zh -Duser.variant 
java_command: org.gradle.launcher.daemon.bootstrap.GradleDaemon 8.0
java_class_path (initial): C:\Users\11218\.gradle\wrapper\dists\gradle-8.0-all\a2o1xoguejy6msdh0lk99lxza\gradle-8.0\lib\gradle-launcher-8.0.jar
Launcher Type: SUN_STANDARD

[Global flags]
     intx CICompilerCount                          = 2                                         {product} {ergonomic}
     uint ConcGCThreads                            = 1                                         {product} {ergonomic}
     uint G1ConcRefinementThreads                  = 2                                         {product} {ergonomic}
   size_t G1HeapRegionSize                         = 1048576                                   {product} {ergonomic}
    uintx GCDrainStackTargetSize                   = 64                                        {product} {ergonomic}
   size_t InitialHeapSize                          = 132120576                                 {product} {ergonomic}
   size_t MarkStackSize                            = 4194304                                   {product} {ergonomic}
   size_t MaxHeapSize                              = 2147483648                                {product} {command line}
   size_t MaxNewSize                               = 1287651328                                {product} {ergonomic}
   size_t MinHeapDeltaBytes                        = 1048576                                   {product} {ergonomic}
   size_t MinHeapSize                              = 8388608                                   {product} {ergonomic}
    uintx NonNMethodCodeHeapSize                   = 5826188                                {pd product} {ergonomic}
    uintx NonProfiledCodeHeapSize                  = 122916026                              {pd product} {ergonomic}
    uintx ProfiledCodeHeapSize                     = 122916026                              {pd product} {ergonomic}
    uintx ReservedCodeCacheSize                    = 251658240                              {pd product} {ergonomic}
     bool SegmentedCodeCache                       = true                                      {product} {ergonomic}
   size_t SoftMaxHeapSize                          = 2147483648                             {manageable} {ergonomic}
     bool UseCompressedClassPointers               = true                           {product lp64_product} {ergonomic}
     bool UseCompressedOops                        = true                           {product lp64_product} {ergonomic}
     bool UseG1GC                                  = true                                      {product} {ergonomic}
     bool UseLargePagesIndividualAllocation        = false                                  {pd product} {ergonomic}

Logging:
Log output configuration:
 #0: stdout all=warning uptime,level,tags
 #1: stderr all=off uptime,level,tags

Environment Variables:
JAVA_HOME=D:\java\ojdkbuild\java-17-openjdk-17.0.3.0.6-1
CLASSPATH=D:\androidLearning\AndroidStudioProjects\serviceTest1\\gradle\wrapper\gradle-wrapper.jar
PATH=C:\Users\11218\miniconda3\condabin;C:\Windows\system32;C:\Windows;C:\Windows\System32\Wbem;C:\Windows\System32\WindowsPowerShell\v1.0\;C:\Windows\System32\OpenSSH\;D:\powershell\powershell7;d:\python3.11;C:\Program Files\WinRAR;C:\Program Files\Microsoft Office\root\Office16;C:\Program Files\PuTTY\;C:\Users\11218\AppData\Local\Microsoft\WindowsApps;C:\Program Files\dotnet\;D:\mytools\MinGit-2.11.1.mingit.prerelease.4-64-bit\cmd;D:\mytools\MinGit-2.11.1.mingit.prerelease.4-64-bit\usr\bin;D:\mytools\WiresharkPortable64\App\Wireshark;D:\MYTOOLS\SPSS1\JRE\bin;D:\myPython\goods;D:\mytools\SPSS1;C:\Users\11218\AppData\Roaming\nvda\addons\NVBox\globalPlugins\nvbox\adb;d:\java\ojdkbuild\java-17-openjdk-17.0.3.0.6-1.jre\bin;C:\Program Files\Docker\Docker\resources\bin;d:\java\ojdkbuild\java-17-openjdk-17.0.3.0.6-1\bin;D:\androidLearning\gradle\gradle-8.0\bin;D:\java\ojdkbuild\java-17-openjdk-17.0.3.0.6-1\bin;D:/java/ojdkbuild/java-17-openjdk-17.0.3.0.6-1.jre\bin;D:/java/ojdkbuild/java-17-openjdk-17.0.3.0.6-1.jre\bin\server;D:\ANDROIDLEARNING\REVERSE;C:\Users\11218\AppData\Local\Programs\Python\Python311;D:\myPython\NVSrC;C:\Users\11218\.gradle\wrapper\dists\gradle-8.0-all\a2o1xoguejy6msdh0lk99lxza\gradle-8.0\bin;D:\androidLearning\REVERSE\jadx\bin;C:\Program Files\Cloudflare\Cloudflare WARP\;D:\mypython\nvsrc\py-3-11-32\Scripts\;D:\mypython\nvsrc\py-3-11-32\;C:\Users\11218\AppData\Local\Programs\Python\Python311\;C:\Users\11218\miniconda3;C:\Users\11218\miniconda3\Library\mingw-w64\bin;C:\Users\11218\miniconda3\Library\usr\bin;C:\Users\11218\miniconda3\Library\bin;C:\Users\11218\miniconda3\Scripts;C:\Users\11218\scoop\shims;C:\Users\11218\AppData\Local\Microsoft\WindowsApps;C:\Users\11218\AppData\Local\Programs\Microsoft VS Code\bin;D:\myPython\goods;C:\Users\11218\AppData\Local\Microsoft\WinGet\Links;C:\Users\11218\.dotnet\tools
USERNAME=Stranger
OS=Windows_NT
PROCESSOR_IDENTIFIER=Intel64 Family 6 Model 122 Stepping 8, GenuineIntel



---------------  S Y S T E M  ---------------

OS:
 Windows 11 , 64 bit Build 22621 (10.0.22621.3085)
OS uptime: 6 days 21:11 hours
Hyper-V role detected

CPU: total 2 (initial active 2) (2 cores per cpu, 1 threads per core) family 6 model 122 stepping 8 microcode 0x1a, cx8, cmov, fxsr, mmx, 3dnowpref, sse, sse2, sse3, ssse3, sse4.1, sse4.2, popcnt, tsc, tscinvbit, aes, erms, clmul, sha, clflush, clflushopt, hv

Memory: 4k page, system-wide physical 7995M (817M free)
TotalPageFile size 17575M (AvailPageFile size 150M)
current process WorkingSet (physical memory assigned to process): 458M, peak: 458M
current process commit charge ("private bytes"): 494M, peak: 665M

vm_info: OpenJDK 64-Bit Server VM (17.0.3+6-LTS) for windows-amd64 JRE (17.0.3+6-LTS), built on May  3 2022 21:26:56 by "" with MS VC++ 16.10 / 16.11 (VS2019)

END.
