#
# There is insufficient memory for the Java Runtime Environment to continue.
# Native memory allocation (malloc) failed to allocate 294992 bytes for Chunk::new
# Possible reasons:
#   The system is out of physical RAM or swap space
#   The process is running with CompressedOops enabled, and the Java Heap may be blocking the growth of the native heap
# Possible solutions:
#   Reduce memory load on the system
#   Increase physical memory or swap space
#   Check if swap backing store is full
#   Decrease Java heap size (-Xmx/-Xms)
#   Decrease number of Java threads
#   Decrease Java thread stack sizes (-Xss)
#   Set larger code cache with -XX:ReservedCodeCacheSize=
#   JVM is running with Unscaled Compressed Oops mode in which the Java heap is
#     placed in the first 4GB address space. The Java Heap base address is the
#     maximum limit for the native heap growth. Please use -XX:HeapBaseMinAddress
#     to set the Java Heap base and to place the Java Heap above 4GB virtual address.
# This output file may be truncated or incomplete.
#
#  Out of Memory Error (arena.cpp:189), pid=18648, tid=23020
#
# JRE version: OpenJDK Runtime Environment 21.9 (17.0.3+6) (build 17.0.3+6-LTS)
# Java VM: OpenJDK 64-Bit Server VM 21.9 (17.0.3+6-LTS, mixed mode, sharing, tiered, compressed oops, compressed class ptrs, g1 gc, windows-amd64)
# No core dump will be written. Minidumps are not enabled by default on client versions of Windows
#

---------------  S U M M A R Y ------------

Command Line: -Xmx64m -Xms64m -Dorg.gradle.appname=gradlew org.gradle.wrapper.GradleWrapperMain ASSEMBLE

Host: Intel(R) Celeron(R) N4020 CPU @ 1.10GHz, 2 cores, 7G,  Windows 11 , 64 bit Build 22621 (10.0.22621.3085)
Time: Mon Mar 18 00:24:40 2024  Windows 11 , 64 bit Build 22621 (10.0.22621.3085) elapsed time: 138.046173 seconds (0d 0h 2m 18s)

---------------  T H R E A D  ---------------

Current thread (0x0000022cad460bf0):  JavaThread "C2 CompilerThread0" daemon [_thread_in_native, id=23020, stack(0x000000a54be00000,0x000000a54bf00000)]


Current CompileTask:
C2: 138046 1775   !   4       java.io.BufferedReader::readLine (327 bytes)

Stack: [0x000000a54be00000,0x000000a54bf00000]
Native frames: (J=compiled Java code, j=interpreted, Vv=VM code, C=native code)
V  [jvm.dll+0x67720a]
V  [jvm.dll+0x832514]
V  [jvm.dll+0x833cbe]
V  [jvm.dll+0x834323]
V  [jvm.dll+0x245815]
V  [jvm.dll+0xabf1b]
V  [jvm.dll+0xac4ac]
V  [jvm.dll+0x363a07]
V  [jvm.dll+0x32ded1]
V  [jvm.dll+0x32d37a]
V  [jvm.dll+0x218771]
V  [jvm.dll+0x217b91]
V  [jvm.dll+0x1a400d]
V  [jvm.dll+0x227508]
V  [jvm.dll+0x22565c]
V  [jvm.dll+0x7e7d5c]
V  [jvm.dll+0x7e230a]
V  [jvm.dll+0x676095]
C  [ucrtbase.dll+0x29363]
C  [KERNEL32.DLL+0x1257d]
C  [ntdll.dll+0x5aa58]


---------------  P R O C E S S  ---------------

Threads class SMR info:
_java_thread_list=0x0000022cad4d6c40, length=15, elements={
0x0000022c94753fe0, 0x0000022cad434c40, 0x0000022c94818770, 0x0000022cad45ad80,
0x0000022cad45caa0, 0x0000022cad45f560, 0x0000022cad45ff10, 0x0000022cad460bf0,
0x0000022cad4b4cb0, 0x0000022cad4ba990, 0x0000022cae02e8b0, 0x0000022cae033430,
0x0000022cae97ba10, 0x0000022caeeab030, 0x0000022cae3b1730
}

Java Threads: ( => current thread )
  0x0000022c94753fe0 JavaThread "main" [_thread_blocked, id=32000, stack(0x000000a54b100000,0x000000a54b200000)]
  0x0000022cad434c40 JavaThread "Reference Handler" daemon [_thread_blocked, id=3268, stack(0x000000a54b800000,0x000000a54b900000)]
  0x0000022c94818770 JavaThread "Finalizer" daemon [_thread_blocked, id=29764, stack(0x000000a54b900000,0x000000a54ba00000)]
  0x0000022cad45ad80 JavaThread "Signal Dispatcher" daemon [_thread_blocked, id=30072, stack(0x000000a54ba00000,0x000000a54bb00000)]
  0x0000022cad45caa0 JavaThread "Attach Listener" daemon [_thread_blocked, id=27844, stack(0x000000a54bb00000,0x000000a54bc00000)]
  0x0000022cad45f560 JavaThread "Service Thread" daemon [_thread_blocked, id=4188, stack(0x000000a54bc00000,0x000000a54bd00000)]
  0x0000022cad45ff10 JavaThread "Monitor Deflation Thread" daemon [_thread_blocked, id=17348, stack(0x000000a54bd00000,0x000000a54be00000)]
=>0x0000022cad460bf0 JavaThread "C2 CompilerThread0" daemon [_thread_in_native, id=23020, stack(0x000000a54be00000,0x000000a54bf00000)]
  0x0000022cad4b4cb0 JavaThread "C1 CompilerThread0" daemon [_thread_blocked, id=32448, stack(0x000000a54bf00000,0x000000a54c000000)]
  0x0000022cad4ba990 JavaThread "Sweeper thread" daemon [_thread_blocked, id=23200, stack(0x000000a54c000000,0x000000a54c100000)]
  0x0000022cae02e8b0 JavaThread "Notification Thread" daemon [_thread_blocked, id=5072, stack(0x000000a54c100000,0x000000a54c200000)]
  0x0000022cae033430 JavaThread "Common-Cleaner" daemon [_thread_blocked, id=23820, stack(0x000000a54c300000,0x000000a54c400000)]
  0x0000022cae97ba10 JavaThread "pool-1-thread-1" [_thread_in_native, id=10132, stack(0x000000a54c500000,0x000000a54c600000)]
  0x0000022caeeab030 JavaThread "DisconnectableInputStream source reader" daemon [_thread_in_native, id=24908, stack(0x000000a54c700000,0x000000a54c800000)]
  0x0000022cae3b1730 JavaThread "Forward input" [_thread_blocked, id=16448, stack(0x000000a54c800000,0x000000a54c900000)]

Other Threads:
  0x0000022c948179e0 VMThread "VM Thread" [stack: 0x000000a54b700000,0x000000a54b800000] [id=16532]
  0x0000022cae02ed80 WatcherThread [stack: 0x000000a54c200000,0x000000a54c300000] [id=24056]
  0x0000022c94773410 GCTaskThread "GC Thread#0" [stack: 0x000000a54b200000,0x000000a54b300000] [id=11236]
  0x0000022cae1b1b30 GCTaskThread "GC Thread#1" [stack: 0x000000a54c400000,0x000000a54c500000] [id=27924]
  0x0000022c94774b50 ConcurrentGCThread "G1 Main Marker" [stack: 0x000000a54b300000,0x000000a54b400000] [id=7972]
  0x0000022c94775560 ConcurrentGCThread "G1 Conc#0" [stack: 0x000000a54b400000,0x000000a54b500000] [id=8708]
  0x0000022c947b9850 ConcurrentGCThread "G1 Refine#0" [stack: 0x000000a54b500000,0x000000a54b600000] [id=22620]
  0x0000022c947ba270 ConcurrentGCThread "G1 Service" [stack: 0x000000a54b600000,0x000000a54b700000] [id=7688]

Threads with active compile tasks:
C2 CompilerThread0   138092 1775   !   4       java.io.BufferedReader::readLine (327 bytes)

VM state: not at safepoint (normal execution)

VM Mutex/Monitor currently owned by a thread: None

Heap address: 0x00000000fc000000, size: 64 MB, Compressed Oops mode: 32-bit

CDS archive(s) mapped at: [0x0000000800000000-0x0000000800bc0000-0x0000000800bc0000), size 12320768, SharedBaseAddress: 0x0000000800000000, ArchiveRelocationMode: 0.
Compressed class space mapped at: 0x0000000800c00000-0x0000000840c00000, reserved size: 1073741824
Narrow klass base: 0x0000000800000000, Narrow klass shift: 0, Narrow klass range: 0x100000000

GC Precious Log:
 CPUs: 2 total, 2 available
 Memory: 7995M
 Large Page Support: Disabled
 NUMA Support: Disabled
 Compressed Oops: Enabled (32-bit)
 Heap Region Size: 1M
 Heap Min Capacity: 64M
 Heap Initial Capacity: 64M
 Heap Max Capacity: 64M
 Pre-touch: Disabled
 Parallel Workers: 2
 Concurrent Workers: 1
 Concurrent Refinement Workers: 2
 Periodic GC: Disabled

Heap:
 garbage-first heap   total 65536K, used 21518K [0x00000000fc000000, 0x0000000100000000)
  region size 1024K, 12 young (12288K), 1 survivors (1024K)
 Metaspace       used 9693K, committed 9856K, reserved 1064960K
  class space    used 1246K, committed 1344K, reserved 1048576K

Heap Regions: E=young(eden), S=young(survivor), O=old, HS=humongous(starts), HC=humongous(continues), CS=collection set, F=free, OA=open archive, CA=closed archive, TAMS=top-at-mark-start (previous, next)
|   0|0x00000000fc000000, 0x00000000fc100000, 0x00000000fc100000|100%| O|  |TAMS 0x00000000fc000000, 0x00000000fc000000| Untracked 
|   1|0x00000000fc100000, 0x00000000fc200000, 0x00000000fc200000|100%| O|  |TAMS 0x00000000fc100000, 0x00000000fc100000| Untracked 
|   2|0x00000000fc200000, 0x00000000fc300000, 0x00000000fc300000|100%|HS|  |TAMS 0x00000000fc200000, 0x00000000fc200000| Complete 
|   3|0x00000000fc300000, 0x00000000fc400000, 0x00000000fc400000|100%|HC|  |TAMS 0x00000000fc300000, 0x00000000fc300000| Complete 
|   4|0x00000000fc400000, 0x00000000fc500000, 0x00000000fc500000|100%|HC|  |TAMS 0x00000000fc400000, 0x00000000fc400000| Complete 
|   5|0x00000000fc500000, 0x00000000fc600000, 0x00000000fc600000|100%|HC|  |TAMS 0x00000000fc500000, 0x00000000fc500000| Complete 
|   6|0x00000000fc600000, 0x00000000fc700000, 0x00000000fc700000|100%| O|  |TAMS 0x00000000fc600000, 0x00000000fc600000| Untracked 
|   7|0x00000000fc700000, 0x00000000fc800000, 0x00000000fc800000|100%| O|  |TAMS 0x00000000fc700000, 0x00000000fc700000| Untracked 
|   8|0x00000000fc800000, 0x00000000fc900000, 0x00000000fc900000|100%| O|  |TAMS 0x00000000fc800000, 0x00000000fc800000| Untracked 
|   9|0x00000000fc900000, 0x00000000fca00000, 0x00000000fca00000|100%| O|  |TAMS 0x00000000fc900000, 0x00000000fc900000| Untracked 
|  10|0x00000000fca00000, 0x00000000fca36e00, 0x00000000fcb00000| 21%| O|  |TAMS 0x00000000fca00000, 0x00000000fca00000| Untracked 
|  11|0x00000000fcb00000, 0x00000000fcb00000, 0x00000000fcc00000|  0%| F|  |TAMS 0x00000000fcb00000, 0x00000000fcb00000| Untracked 
|  12|0x00000000fcc00000, 0x00000000fcc00000, 0x00000000fcd00000|  0%| F|  |TAMS 0x00000000fcc00000, 0x00000000fcc00000| Untracked 
|  13|0x00000000fcd00000, 0x00000000fcd00000, 0x00000000fce00000|  0%| F|  |TAMS 0x00000000fcd00000, 0x00000000fcd00000| Untracked 
|  14|0x00000000fce00000, 0x00000000fce00000, 0x00000000fcf00000|  0%| F|  |TAMS 0x00000000fce00000, 0x00000000fce00000| Untracked 
|  15|0x00000000fcf00000, 0x00000000fcf00000, 0x00000000fd000000|  0%| F|  |TAMS 0x00000000fcf00000, 0x00000000fcf00000| Untracked 
|  16|0x00000000fd000000, 0x00000000fd000000, 0x00000000fd100000|  0%| F|  |TAMS 0x00000000fd000000, 0x00000000fd000000| Untracked 
|  17|0x00000000fd100000, 0x00000000fd100000, 0x00000000fd200000|  0%| F|  |TAMS 0x00000000fd100000, 0x00000000fd100000| Untracked 
|  18|0x00000000fd200000, 0x00000000fd200000, 0x00000000fd300000|  0%| F|  |TAMS 0x00000000fd200000, 0x00000000fd200000| Untracked 
|  19|0x00000000fd300000, 0x00000000fd300000, 0x00000000fd400000|  0%| F|  |TAMS 0x00000000fd300000, 0x00000000fd300000| Untracked 
|  20|0x00000000fd400000, 0x00000000fd400000, 0x00000000fd500000|  0%| F|  |TAMS 0x00000000fd400000, 0x00000000fd400000| Untracked 
|  21|0x00000000fd500000, 0x00000000fd500000, 0x00000000fd600000|  0%| F|  |TAMS 0x00000000fd500000, 0x00000000fd500000| Untracked 
|  22|0x00000000fd600000, 0x00000000fd600000, 0x00000000fd700000|  0%| F|  |TAMS 0x00000000fd600000, 0x00000000fd600000| Untracked 
|  23|0x00000000fd700000, 0x00000000fd700000, 0x00000000fd800000|  0%| F|  |TAMS 0x00000000fd700000, 0x00000000fd700000| Untracked 
|  24|0x00000000fd800000, 0x00000000fd800000, 0x00000000fd900000|  0%| F|  |TAMS 0x00000000fd800000, 0x00000000fd800000| Untracked 
|  25|0x00000000fd900000, 0x00000000fd900000, 0x00000000fda00000|  0%| F|  |TAMS 0x00000000fd900000, 0x00000000fd900000| Untracked 
|  26|0x00000000fda00000, 0x00000000fda00000, 0x00000000fdb00000|  0%| F|  |TAMS 0x00000000fda00000, 0x00000000fda00000| Untracked 
|  27|0x00000000fdb00000, 0x00000000fdb00000, 0x00000000fdc00000|  0%| F|  |TAMS 0x00000000fdb00000, 0x00000000fdb00000| Untracked 
|  28|0x00000000fdc00000, 0x00000000fdc00000, 0x00000000fdd00000|  0%| F|  |TAMS 0x00000000fdc00000, 0x00000000fdc00000| Untracked 
|  29|0x00000000fdd00000, 0x00000000fdd00000, 0x00000000fde00000|  0%| F|  |TAMS 0x00000000fdd00000, 0x00000000fdd00000| Untracked 
|  30|0x00000000fde00000, 0x00000000fde00000, 0x00000000fdf00000|  0%| F|  |TAMS 0x00000000fde00000, 0x00000000fde00000| Untracked 
|  31|0x00000000fdf00000, 0x00000000fdf00000, 0x00000000fe000000|  0%| F|  |TAMS 0x00000000fdf00000, 0x00000000fdf00000| Untracked 
|  32|0x00000000fe000000, 0x00000000fe000000, 0x00000000fe100000|  0%| F|  |TAMS 0x00000000fe000000, 0x00000000fe000000| Untracked 
|  33|0x00000000fe100000, 0x00000000fe100000, 0x00000000fe200000|  0%| F|  |TAMS 0x00000000fe100000, 0x00000000fe100000| Untracked 
|  34|0x00000000fe200000, 0x00000000fe200000, 0x00000000fe300000|  0%| F|  |TAMS 0x00000000fe200000, 0x00000000fe200000| Untracked 
|  35|0x00000000fe300000, 0x00000000fe300000, 0x00000000fe400000|  0%| F|  |TAMS 0x00000000fe300000, 0x00000000fe300000| Untracked 
|  36|0x00000000fe400000, 0x00000000fe400000, 0x00000000fe500000|  0%| F|  |TAMS 0x00000000fe400000, 0x00000000fe400000| Untracked 
|  37|0x00000000fe500000, 0x00000000fe500000, 0x00000000fe600000|  0%| F|  |TAMS 0x00000000fe500000, 0x00000000fe500000| Untracked 
|  38|0x00000000fe600000, 0x00000000fe600000, 0x00000000fe700000|  0%| F|  |TAMS 0x00000000fe600000, 0x00000000fe600000| Untracked 
|  39|0x00000000fe700000, 0x00000000fe700000, 0x00000000fe800000|  0%| F|  |TAMS 0x00000000fe700000, 0x00000000fe700000| Untracked 
|  40|0x00000000fe800000, 0x00000000fe800000, 0x00000000fe900000|  0%| F|  |TAMS 0x00000000fe800000, 0x00000000fe800000| Untracked 
|  41|0x00000000fe900000, 0x00000000fe900000, 0x00000000fea00000|  0%| F|  |TAMS 0x00000000fe900000, 0x00000000fe900000| Untracked 
|  42|0x00000000fea00000, 0x00000000fea00000, 0x00000000feb00000|  0%| F|  |TAMS 0x00000000fea00000, 0x00000000fea00000| Untracked 
|  43|0x00000000feb00000, 0x00000000feb00000, 0x00000000fec00000|  0%| F|  |TAMS 0x00000000feb00000, 0x00000000feb00000| Untracked 
|  44|0x00000000fec00000, 0x00000000fec00000, 0x00000000fed00000|  0%| F|  |TAMS 0x00000000fec00000, 0x00000000fec00000| Untracked 
|  45|0x00000000fed00000, 0x00000000fed00000, 0x00000000fee00000|  0%| F|  |TAMS 0x00000000fed00000, 0x00000000fed00000| Untracked 
|  46|0x00000000fee00000, 0x00000000fee00000, 0x00000000fef00000|  0%| F|  |TAMS 0x00000000fee00000, 0x00000000fee00000| Untracked 
|  47|0x00000000fef00000, 0x00000000fef00000, 0x00000000ff000000|  0%| F|  |TAMS 0x00000000fef00000, 0x00000000fef00000| Untracked 
|  48|0x00000000ff000000, 0x00000000ff0ccca0, 0x00000000ff100000| 79%| S|CS|TAMS 0x00000000ff000000, 0x00000000ff000000| Complete 
|  49|0x00000000ff100000, 0x00000000ff100000, 0x00000000ff200000|  0%| F|  |TAMS 0x00000000ff100000, 0x00000000ff100000| Untracked 
|  50|0x00000000ff200000, 0x00000000ff200000, 0x00000000ff300000|  0%| F|  |TAMS 0x00000000ff200000, 0x00000000ff200000| Untracked 
|  51|0x00000000ff300000, 0x00000000ff300000, 0x00000000ff400000|  0%| F|  |TAMS 0x00000000ff300000, 0x00000000ff300000| Untracked 
|  52|0x00000000ff400000, 0x00000000ff400000, 0x00000000ff500000|  0%| F|  |TAMS 0x00000000ff400000, 0x00000000ff400000| Untracked 
|  53|0x00000000ff500000, 0x00000000ff52ab20, 0x00000000ff600000| 16%| E|  |TAMS 0x00000000ff500000, 0x00000000ff500000| Complete 
|  54|0x00000000ff600000, 0x00000000ff700000, 0x00000000ff700000|100%| E|CS|TAMS 0x00000000ff600000, 0x00000000ff600000| Complete 
|  55|0x00000000ff700000, 0x00000000ff800000, 0x00000000ff800000|100%| E|CS|TAMS 0x00000000ff700000, 0x00000000ff700000| Complete 
|  56|0x00000000ff800000, 0x00000000ff900000, 0x00000000ff900000|100%| E|CS|TAMS 0x00000000ff800000, 0x00000000ff800000| Complete 
|  57|0x00000000ff900000, 0x00000000ffa00000, 0x00000000ffa00000|100%| E|CS|TAMS 0x00000000ff900000, 0x00000000ff900000| Complete 
|  58|0x00000000ffa00000, 0x00000000ffb00000, 0x00000000ffb00000|100%| E|CS|TAMS 0x00000000ffa00000, 0x00000000ffa00000| Complete 
|  59|0x00000000ffb00000, 0x00000000ffc00000, 0x00000000ffc00000|100%| E|CS|TAMS 0x00000000ffb00000, 0x00000000ffb00000| Complete 
|  60|0x00000000ffc00000, 0x00000000ffd00000, 0x00000000ffd00000|100%| E|CS|TAMS 0x00000000ffc00000, 0x00000000ffc00000| Complete 
|  61|0x00000000ffd00000, 0x00000000ffe00000, 0x00000000ffe00000|100%| E|CS|TAMS 0x00000000ffd00000, 0x00000000ffd00000| Complete 
|  62|0x00000000ffe00000, 0x00000000fff00000, 0x00000000fff00000|100%| E|CS|TAMS 0x00000000ffe00000, 0x00000000ffe00000| Complete 
|  63|0x00000000fff00000, 0x0000000100000000, 0x0000000100000000|100%| E|CS|TAMS 0x00000000fff00000, 0x00000000fff00000| Complete 

Card table byte_map: [0x0000022c928a0000,0x0000022c928c0000] _byte_map_base: 0x0000022c920c0000

Marking Bits (Prev, Next): (CMBitMap*) 0x0000022c94773a20, (CMBitMap*) 0x0000022c94773a60
 Prev Bits: [0x0000022c94330000, 0x0000022c94430000)
 Next Bits: [0x0000022c94430000, 0x0000022c94530000)

Polling page: 0x0000022c925c0000

Metaspace:

Usage:
  Non-class:      8.25 MB used.
      Class:      1.22 MB used.
       Both:      9.47 MB used.

Virtual space:
  Non-class space:       16.00 MB reserved,       8.31 MB ( 52%) committed,  2 nodes.
      Class space:        1.00 GB reserved,       1.31 MB ( <1%) committed,  1 nodes.
             Both:        1.02 GB reserved,       9.62 MB ( <1%) committed. 

Chunk freelists:
   Non-Class:  3.64 MB
       Class:  2.58 MB
        Both:  6.22 MB

MaxMetaspaceSize: unlimited
CompressedClassSpaceSize: 1.00 GB
Initial GC threshold: 21.00 MB
Current GC threshold: 21.00 MB
CDS: on
MetaspaceReclaimPolicy: balanced
 - commit_granule_bytes: 65536.
 - commit_granule_words: 8192.
 - virtual_space_node_default_size: 1048576.
 - enlarge_chunks_in_place: 1.
 - new_chunks_are_fully_committed: 0.
 - uncommit_free_chunks: 1.
 - use_allocation_guard: 0.
 - handle_deallocations: 1.


Internal statistics:

num_allocs_failed_limit: 0.
num_arena_births: 88.
num_arena_deaths: 0.
num_vsnodes_births: 3.
num_vsnodes_deaths: 0.
num_space_committed: 154.
num_space_uncommitted: 0.
num_chunks_returned_to_freelist: 0.
num_chunks_taken_from_freelist: 331.
num_chunk_merges: 0.
num_chunk_splits: 228.
num_chunks_enlarged: 195.
num_purges: 0.
num_inconsistent_stats: 0.

CodeHeap 'non-profiled nmethods': size=120064Kb used=628Kb max_used=628Kb free=119436Kb
 bounds [0x0000022ca3cf0000, 0x0000022ca3f60000, 0x0000022cab230000]
CodeHeap 'profiled nmethods': size=120000Kb used=3468Kb max_used=3468Kb free=116532Kb
 bounds [0x0000022c9c7c0000, 0x0000022c9cb30000, 0x0000022ca3cf0000]
CodeHeap 'non-nmethods': size=5696Kb used=1178Kb max_used=1194Kb free=4517Kb
 bounds [0x0000022c9c230000, 0x0000022c9c4a0000, 0x0000022c9c7c0000]
 total_blobs=2252 nmethods=1771 adapters=395
 compilation: enabled
              stopped_count=0, restarted_count=0
 full_count=0

Compilation events (20 events):
Event: 125.136 Thread 0x0000022cad4b4cb0 nmethod 1765 0x0000022c9cb20f90 code [0x0000022c9cb21140, 0x0000022c9cb21398]
Event: 125.657 Thread 0x0000022cad4b4cb0 1766       3       com.esotericsoftware.kryo.io.Input::readUtf8Length (139 bytes)
Event: 125.658 Thread 0x0000022cad4b4cb0 nmethod 1766 0x0000022c9cb21490 code [0x0000022c9cb21640, 0x0000022c9cb219b8]
Event: 126.979 Thread 0x0000022cad460bf0 1767       4       java.util.concurrent.atomic.AtomicLong::compareAndSet (13 bytes)
Event: 126.980 Thread 0x0000022cad460bf0 nmethod 1767 0x0000022ca3d8c090 code [0x0000022ca3d8c200, 0x0000022ca3d8c298]
Event: 133.177 Thread 0x0000022cad460bf0 1768       4       java.util.concurrent.ThreadPoolExecutor::beforeExecute (1 bytes)
Event: 133.177 Thread 0x0000022cad460bf0 nmethod 1768 0x0000022ca3d8c390 code [0x0000022ca3d8c500, 0x0000022ca3d8c578]
Event: 133.177 Thread 0x0000022cad460bf0 1769       4       java.lang.InheritableThreadLocal::getMap (5 bytes)
Event: 133.178 Thread 0x0000022cad460bf0 nmethod 1769 0x0000022ca3d8c690 code [0x0000022ca3d8c800, 0x0000022ca3d8c898]
Event: 136.582 Thread 0x0000022cad460bf0 1770       4       java.util.concurrent.locks.AbstractQueuedSynchronizer::signalNext (34 bytes)
Event: 136.584 Thread 0x0000022cad460bf0 nmethod 1770 0x0000022ca3d8c990 code [0x0000022ca3d8cb20, 0x0000022ca3d8cc08]
Event: 137.988 Thread 0x0000022cad4b4cb0 1771       3       org.gradle.internal.logging.text.AbstractLineChoppingStyledTextOutput$StateContext::isCurrentCharEquals (70 bytes)
Event: 137.989 Thread 0x0000022cad4b4cb0 nmethod 1771 0x0000022c9cb21b10 code [0x0000022c9cb21d20, 0x0000022c9cb22438]
Event: 137.989 Thread 0x0000022cad4b4cb0 1772       3       org.gradle.internal.logging.text.AbstractLineChoppingStyledTextOutput$StateContext::hasChar (25 bytes)
Event: 137.989 Thread 0x0000022cad4b4cb0 nmethod 1772 0x0000022c9cb22790 code [0x0000022c9cb22920, 0x0000022c9cb22ab8]
Event: 137.989 Thread 0x0000022cad4b4cb0 1773       3       org.gradle.internal.logging.text.AbstractLineChoppingStyledTextOutput$StateContext::setState (10 bytes)
Event: 137.989 Thread 0x0000022cad4b4cb0 nmethod 1773 0x0000022c9cb22b90 code [0x0000022c9cb22d40, 0x0000022c9cb22ef8]
Event: 138.017 Thread 0x0000022cad4b4cb0 1774       1       java.util.LinkedList::size (5 bytes)
Event: 138.018 Thread 0x0000022cad4b4cb0 nmethod 1774 0x0000022ca3d8cd10 code [0x0000022ca3d8cea0, 0x0000022ca3d8cf78]
Event: 138.018 Thread 0x0000022cad460bf0 1775   !   4       java.io.BufferedReader::readLine (327 bytes)

GC Heap History (8 events):
Event: 2.964 GC heap before
{Heap before GC invocations=0 (full 0):
 garbage-first heap   total 65536K, used 5120K [0x00000000fc000000, 0x0000000100000000)
  region size 1024K, 6 young (6144K), 0 survivors (0K)
 Metaspace       used 1666K, committed 1792K, reserved 1056768K
  class space    used 161K, committed 192K, reserved 1048576K
}
Event: 2.969 GC heap after
{Heap after GC invocations=1 (full 0):
 garbage-first heap   total 65536K, used 1895K [0x00000000fc000000, 0x0000000100000000)
  region size 1024K, 1 young (1024K), 1 survivors (1024K)
 Metaspace       used 1666K, committed 1792K, reserved 1056768K
  class space    used 161K, committed 192K, reserved 1048576K
}
Event: 3.255 GC heap before
{Heap before GC invocations=1 (full 0):
 garbage-first heap   total 65536K, used 5991K [0x00000000fc000000, 0x0000000100000000)
  region size 1024K, 6 young (6144K), 1 survivors (1024K)
 Metaspace       used 1744K, committed 1856K, reserved 1056768K
  class space    used 161K, committed 192K, reserved 1048576K
}
Event: 3.262 GC heap after
{Heap after GC invocations=2 (full 0):
 garbage-first heap   total 65536K, used 2067K [0x00000000fc000000, 0x0000000100000000)
  region size 1024K, 1 young (1024K), 1 survivors (1024K)
 Metaspace       used 1744K, committed 1856K, reserved 1056768K
  class space    used 161K, committed 192K, reserved 1048576K
}
Event: 5.286 GC heap before
{Heap before GC invocations=2 (full 0):
 garbage-first heap   total 65536K, used 16403K [0x00000000fc000000, 0x0000000100000000)
  region size 1024K, 12 young (12288K), 1 survivors (1024K)
 Metaspace       used 3682K, committed 3840K, reserved 1056768K
  class space    used 455K, committed 512K, reserved 1048576K
}
Event: 5.296 GC heap after
{Heap after GC invocations=3 (full 0):
 garbage-first heap   total 65536K, used 10554K [0x00000000fc000000, 0x0000000100000000)
  region size 1024K, 2 young (2048K), 2 survivors (2048K)
 Metaspace       used 3682K, committed 3840K, reserved 1056768K
  class space    used 455K, committed 512K, reserved 1048576K
}
Event: 6.724 GC heap before
{Heap before GC invocations=3 (full 0):
 garbage-first heap   total 65536K, used 23866K [0x00000000fc000000, 0x0000000100000000)
  region size 1024K, 15 young (15360K), 2 survivors (2048K)
 Metaspace       used 7522K, committed 7680K, reserved 1056768K
  class space    used 1034K, committed 1088K, reserved 1048576K
}
Event: 6.730 GC heap after
{Heap after GC invocations=4 (full 0):
 garbage-first heap   total 65536K, used 11278K [0x00000000fc000000, 0x0000000100000000)
  region size 1024K, 1 young (1024K), 1 survivors (1024K)
 Metaspace       used 7522K, committed 7680K, reserved 1056768K
  class space    used 1034K, committed 1088K, reserved 1048576K
}

Deoptimization events (20 events):
Event: 7.209 Thread 0x0000022caec29ef0 Uncommon trap: trap_request=0xffffff45 fr.pc=0x0000022ca3d5e158 relative=0x0000000000000338
Event: 7.209 Thread 0x0000022caec29ef0 Uncommon trap: reason=unstable_if action=reinterpret pc=0x0000022ca3d5e158 method=java.lang.AbstractStringBuilder.isLatin1()Z @ 10 c2
Event: 7.209 Thread 0x0000022caec29ef0 DEOPT PACKING pc=0x0000022ca3d5e158 sp=0x000000a54c6fed30
Event: 7.209 Thread 0x0000022caec29ef0 DEOPT UNPACKING pc=0x0000022c9c28239d sp=0x000000a54c6fecb0 mode 2
Event: 7.263 Thread 0x0000022caec29ef0 Uncommon trap: trap_request=0xffffff45 fr.pc=0x0000022ca3d0f344 relative=0x0000000000000124
Event: 7.263 Thread 0x0000022caec29ef0 Uncommon trap: reason=unstable_if action=reinterpret pc=0x0000022ca3d0f344 method=java.lang.StringLatin1.lastIndexOf([BI[BII)I @ 86 c2
Event: 7.263 Thread 0x0000022caec29ef0 DEOPT PACKING pc=0x0000022ca3d0f344 sp=0x000000a54c6fe200
Event: 7.263 Thread 0x0000022caec29ef0 DEOPT UNPACKING pc=0x0000022c9c28239d sp=0x000000a54c6fe158 mode 2
Event: 7.276 Thread 0x0000022caec29ef0 Uncommon trap: trap_request=0xffffff45 fr.pc=0x0000022ca3d45548 relative=0x0000000000000048
Event: 7.276 Thread 0x0000022caec29ef0 Uncommon trap: reason=unstable_if action=reinterpret pc=0x0000022ca3d45548 method=java.lang.CharacterData.of(I)Ljava/lang/CharacterData; @ 4 c2
Event: 7.276 Thread 0x0000022caec29ef0 DEOPT PACKING pc=0x0000022ca3d45548 sp=0x000000a54c6fe660
Event: 7.276 Thread 0x0000022caec29ef0 DEOPT UNPACKING pc=0x0000022c9c28239d sp=0x000000a54c6fe5f8 mode 2
Event: 13.826 Thread 0x0000022caec29ef0 Uncommon trap: trap_request=0xffffff45 fr.pc=0x0000022ca3cfda00 relative=0x0000000000000080
Event: 13.826 Thread 0x0000022caec29ef0 Uncommon trap: reason=unstable_if action=reinterpret pc=0x0000022ca3cfda00 method=java.lang.String.codePointAt(I)I @ 4 c2
Event: 13.826 Thread 0x0000022caec29ef0 DEOPT PACKING pc=0x0000022ca3cfda00 sp=0x000000a54c6feee0
Event: 13.826 Thread 0x0000022caec29ef0 DEOPT UNPACKING pc=0x0000022c9c28239d sp=0x000000a54c6fee78 mode 2
Event: 14.130 Thread 0x0000022c94753fe0 Uncommon trap: trap_request=0xffffff45 fr.pc=0x0000022ca3cf897c relative=0x000000000000007c
Event: 14.130 Thread 0x0000022c94753fe0 Uncommon trap: reason=unstable_if action=reinterpret pc=0x0000022ca3cf897c method=java.lang.String.charAt(I)C @ 4 c2
Event: 14.130 Thread 0x0000022c94753fe0 DEOPT PACKING pc=0x0000022ca3cf897c sp=0x000000a54b1fc890
Event: 14.130 Thread 0x0000022c94753fe0 DEOPT UNPACKING pc=0x0000022c9c28239d sp=0x000000a54b1fc830 mode 2

Classes unloaded (0 events):
No events

Classes redefined (0 events):
No events

Internal exceptions (20 events):
Event: 5.131 Thread 0x0000022c94753fe0 Exception <a 'java/lang/NoClassDefFoundError'{0x00000000ff42a598}: org/slf4j/impl/StaticMarkerBinder> (0x00000000ff42a598) 
thrown [d:\a\1\s\lookaside\java-17-openjdk\src\hotspot\share\classfile\systemDictionary.cpp, line 245]
Event: 5.230 Thread 0x0000022c94753fe0 Exception <a 'java/lang/NoSuchMethodError'{0x00000000ff4c6290}: 'java.lang.Object java.lang.invoke.DirectMethodHandle$Holder.invokeVirtual(java.lang.Object, java.lang.Object, java.lang.Object, java.lang.Object, java.lang.Object, java.lang.Object, java.lang.Object)'> (0x00000000ff4c6290) 
thrown [d:\a\1\s\lookaside\java-17-openjdk\src\hotspot\share\interpreter\linkResolver.cpp, line 766]
Event: 5.248 Thread 0x0000022c94753fe0 Exception <a 'java/lang/NoSuchMethodError'{0x00000000ff4d7850}: 'java.lang.Object java.lang.invoke.Invokers$Holder.invoker(java.lang.Object, java.lang.Object, java.lang.Object)'> (0x00000000ff4d7850) 
thrown [d:\a\1\s\lookaside\java-17-openjdk\src\hotspot\share\interpreter\linkResolver.cpp, line 766]
Event: 5.265 Thread 0x0000022c94753fe0 Exception <a 'java/lang/NoSuchMethodError'{0x00000000ff4e09a8}: 'java.lang.Object java.lang.invoke.DirectMethodHandle$Holder.invokeStatic(java.lang.Object, java.lang.Object, int)'> (0x00000000ff4e09a8) 
thrown [d:\a\1\s\lookaside\java-17-openjdk\src\hotspot\share\interpreter\linkResolver.cpp, line 766]
Event: 5.275 Thread 0x0000022c94753fe0 Exception <a 'java/lang/NoSuchMethodError'{0x00000000ff4ecce0}: 'void java.lang.invoke.DelegatingMethodHandle$Holder.delegate(java.lang.Object, java.lang.Object, int, java.lang.Object)'> (0x00000000ff4ecce0) 
thrown [d:\a\1\s\lookaside\java-17-openjdk\src\hotspot\share\interpreter\linkResolver.cpp, line 766]
Event: 5.276 Thread 0x0000022c94753fe0 Exception <a 'java/lang/NoSuchMethodError'{0x00000000ff4f0e28}: 'int java.lang.invoke.DirectMethodHandle$Holder.invokeSpecial(java.lang.Object, java.lang.Object, java.lang.Object)'> (0x00000000ff4f0e28) 
thrown [d:\a\1\s\lookaside\java-17-openjdk\src\hotspot\share\interpreter\linkResolver.cpp, line 766]
Event: 5.300 Thread 0x0000022c94753fe0 Exception <a 'java/lang/NoSuchMethodError'{0x00000000fff04688}: 'java.lang.Object java.lang.invoke.Invokers$Holder.invokeExact_MT(java.lang.Object, java.lang.Object, java.lang.Object, java.lang.Object)'> (0x00000000fff04688) 
thrown [d:\a\1\s\lookaside\java-17-openjdk\src\hotspot\share\interpreter\linkResolver.cpp, line 766]
Event: 5.672 Thread 0x0000022c94753fe0 Exception <a 'java/lang/NoSuchMethodError'{0x00000000ffaccb08}: 'void java.lang.invoke.DirectMethodHandle$Holder.invokeSpecial(java.lang.Object, java.lang.Object, java.lang.Object)'> (0x00000000ffaccb08) 
thrown [d:\a\1\s\lookaside\java-17-openjdk\src\hotspot\share\interpreter\linkResolver.cpp, line 766]
Event: 5.695 Thread 0x0000022c94753fe0 Implicit null exception at 0x0000022ca3d4470a to 0x0000022ca3d44c38
Event: 5.695 Thread 0x0000022c94753fe0 Implicit null exception at 0x0000022ca3d2b30c to 0x0000022ca3d2b854
Event: 5.745 Thread 0x0000022c94753fe0 Exception <a 'java/lang/NoSuchMethodError'{0x00000000ff838d58}: 'java.lang.Object java.lang.invoke.DirectMethodHandle$Holder.invokeStaticInit(java.lang.Object)'> (0x00000000ff838d58) 
thrown [d:\a\1\s\lookaside\java-17-openjdk\src\hotspot\share\interpreter\linkResolver.cpp, line 766]
Event: 6.085 Thread 0x0000022c94753fe0 Exception <a 'java/lang/NoSuchMethodError'{0x00000000ff41ade0}: 'java.lang.Object java.lang.invoke.DirectMethodHandle$Holder.invokeStaticInit(java.lang.Object, int, int, int, int)'> (0x00000000ff41ade0) 
thrown [d:\a\1\s\lookaside\java-17-openjdk\src\hotspot\share\interpreter\linkResolver.cpp, line 766]
Event: 6.216 Thread 0x0000022c94753fe0 Exception <a 'java/lang/NoSuchMethodError'{0x00000000ff49bc90}: 'java.lang.Object java.lang.invoke.DirectMethodHandle$Holder.invokeStaticInit(java.lang.Object, java.lang.Object, int, int, int, int)'> (0x00000000ff49bc90) 
thrown [d:\a\1\s\lookaside\java-17-openjdk\src\hotspot\share\interpreter\linkResolver.cpp, line 766]
Event: 6.654 Thread 0x0000022c94753fe0 Exception <a 'java/lang/NoSuchMethodError'{0x00000000ff4d8890}: 'void java.lang.invoke.DirectMethodHandle$Holder.invokeStatic(java.lang.Object, java.lang.Object, java.lang.Object)'> (0x00000000ff4d8890) 
thrown [d:\a\1\s\lookaside\java-17-openjdk\src\hotspot\share\interpreter\linkResolver.cpp, line 766]
Event: 7.221 Thread 0x0000022caec29ef0 Exception <a 'java/lang/NoSuchMethodError'{0x00000000ffa10680}: 'void java.lang.invoke.DirectMethodHandle$Holder.invokeStatic(java.lang.Object, long)'> (0x00000000ffa10680) 
thrown [d:\a\1\s\lookaside\java-17-openjdk\src\hotspot\share\interpreter\linkResolver.cpp, line 766]
Event: 7.222 Thread 0x0000022caec29ef0 Exception <a 'java/lang/NoSuchMethodError'{0x00000000ffa15d30}: 'java.lang.Object java.lang.invoke.DirectMethodHandle$Holder.newInvokeSpecial(java.lang.Object, long)'> (0x00000000ffa15d30) 
thrown [d:\a\1\s\lookaside\java-17-openjdk\src\hotspot\share\interpreter\linkResolver.cpp, line 766]
Event: 7.226 Thread 0x0000022caec29ef0 Exception <a 'java/lang/NoSuchMethodError'{0x00000000ffa20958}: 'java.lang.Object java.lang.invoke.DirectMethodHandle$Holder.invokeStaticInit(java.lang.Object, java.lang.Object, long, java.lang.Object)'> (0x00000000ffa20958) 
thrown [d:\a\1\s\lookaside\java-17-openjdk\src\hotspot\share\interpreter\linkResolver.cpp, line 766]
Event: 7.227 Thread 0x0000022caec29ef0 Exception <a 'java/lang/NoSuchMethodError'{0x00000000ffa26fe0}: 'java.lang.Object java.lang.invoke.DirectMethodHandle$Holder.newInvokeSpecial(java.lang.Object, java.lang.Object, long)'> (0x00000000ffa26fe0) 
thrown [d:\a\1\s\lookaside\java-17-openjdk\src\hotspot\share\interpreter\linkResolver.cpp, line 766]
Event: 7.227 Thread 0x0000022caec29ef0 Exception <a 'java/lang/NoSuchMethodError'{0x00000000ffa2b2d0}: 'java.lang.Object java.lang.invoke.Invokers$Holder.linkToTargetMethod(java.lang.Object, long, java.lang.Object)'> (0x00000000ffa2b2d0) 
thrown [d:\a\1\s\lookaside\java-17-openjdk\src\hotspot\share\interpreter\linkResolver.cpp, line 766]
Event: 137.973 Thread 0x0000022c94753fe0 Exception <a 'sun/net/ConnectionResetException'{0x00000000ff65e168}: Connection reset> (0x00000000ff65e168) 
thrown [d:\a\1\s\lookaside\java-17-openjdk\src\hotspot\share\prims\jni.cpp, line 535]

VM Operations (20 events):
Event: 106.850 Executing VM operation: Cleanup
Event: 106.851 Executing VM operation: Cleanup done
Event: 110.877 Executing VM operation: Cleanup
Event: 110.878 Executing VM operation: Cleanup done
Event: 113.904 Executing VM operation: Cleanup
Event: 113.904 Executing VM operation: Cleanup done
Event: 116.929 Executing VM operation: Cleanup
Event: 116.929 Executing VM operation: Cleanup done
Event: 117.932 Executing VM operation: Cleanup
Event: 117.932 Executing VM operation: Cleanup done
Event: 119.957 Executing VM operation: Cleanup
Event: 119.957 Executing VM operation: Cleanup done
Event: 122.990 Executing VM operation: Cleanup
Event: 122.990 Executing VM operation: Cleanup done
Event: 125.012 Executing VM operation: Cleanup
Event: 125.012 Executing VM operation: Cleanup done
Event: 128.032 Executing VM operation: Cleanup
Event: 128.032 Executing VM operation: Cleanup done
Event: 129.037 Executing VM operation: Cleanup
Event: 129.037 Executing VM operation: Cleanup done

Events (20 events):
Event: 56.075 loading class jdk/internal/reflect/ByteVector done
Event: 56.075 loading class jdk/internal/reflect/ByteVectorImpl done
Event: 56.075 loading class jdk/internal/reflect/ClassFileAssembler
Event: 56.075 loading class jdk/internal/reflect/ClassFileAssembler done
Event: 56.075 loading class jdk/internal/reflect/UTF8
Event: 56.075 loading class jdk/internal/reflect/UTF8 done
Event: 56.078 loading class jdk/internal/reflect/Label
Event: 56.079 loading class jdk/internal/reflect/Label done
Event: 56.079 loading class jdk/internal/reflect/Label$PatchInfo
Event: 56.079 loading class jdk/internal/reflect/Label$PatchInfo done
Event: 56.079 loading class jdk/internal/reflect/MethodAccessorGenerator$1
Event: 56.079 loading class jdk/internal/reflect/MethodAccessorGenerator$1 done
Event: 56.079 loading class jdk/internal/reflect/ClassDefiner
Event: 56.079 loading class jdk/internal/reflect/ClassDefiner done
Event: 56.079 loading class jdk/internal/reflect/ClassDefiner$1
Event: 56.079 loading class jdk/internal/reflect/ClassDefiner$1 done
Event: 69.495 loading class java/util/ArrayList$ListItr
Event: 69.495 loading class java/util/ArrayList$ListItr done
Event: 137.973 loading class sun/net/ConnectionResetException
Event: 137.973 loading class sun/net/ConnectionResetException done


Dynamic libraries:
0x00007ff711ce0000 - 0x00007ff711d01000 	D:\java\ojdkbuild\java-17-openjdk-17.0.3.0.6-1\bin\java.exe
0x00007ff85fdb0000 - 0x00007ff85ffc7000 	C:\Windows\SYSTEM32\ntdll.dll
0x00007ff85e170000 - 0x00007ff85e234000 	C:\Windows\System32\KERNEL32.DLL
0x00007ff85d750000 - 0x00007ff85daf6000 	C:\Windows\System32\KERNELBASE.dll
0x00007ff85d4a0000 - 0x00007ff85d5b1000 	C:\Windows\System32\ucrtbase.dll
0x00007ff856f00000 - 0x00007ff856f18000 	D:\java\ojdkbuild\java-17-openjdk-17.0.3.0.6-1\bin\jli.dll
0x00007ff85ed70000 - 0x00007ff85ef1e000 	C:\Windows\System32\USER32.dll
0x00007ff85d260000 - 0x00007ff85d286000 	C:\Windows\System32\win32u.dll
0x00007ff85e9a0000 - 0x00007ff85e9c9000 	C:\Windows\System32\GDI32.dll
0x00007ff85d290000 - 0x00007ff85d3a8000 	C:\Windows\System32\gdi32full.dll
0x00007ff85d6b0000 - 0x00007ff85d74a000 	C:\Windows\System32\msvcp_win.dll
0x00007ff849720000 - 0x00007ff84973b000 	D:\java\ojdkbuild\java-17-openjdk-17.0.3.0.6-1\bin\VCRUNTIME140.dll
0x00007ff8493f0000 - 0x00007ff849683000 	C:\Windows\WinSxS\amd64_microsoft.windows.common-controls_6595b64144ccf1df_6.0.22621.2506_none_270c5ae97388e100\COMCTL32.dll
0x00007ff85ec40000 - 0x00007ff85ece7000 	C:\Windows\System32\msvcrt.dll
0x00007ff85e240000 - 0x00007ff85e271000 	C:\Windows\System32\IMM32.DLL
0x00007ff859270000 - 0x00007ff85927c000 	D:\java\ojdkbuild\java-17-openjdk-17.0.3.0.6-1\bin\vcruntime140_1.dll
0x00007ff81de50000 - 0x00007ff81dedd000 	D:\java\ojdkbuild\java-17-openjdk-17.0.3.0.6-1\bin\msvcp140.dll
0x00007fffd8960000 - 0x00007fffd95bf000 	D:\java\ojdkbuild\java-17-openjdk-17.0.3.0.6-1\bin\server\jvm.dll
0x00007ff85e3c0000 - 0x00007ff85e473000 	C:\Windows\System32\ADVAPI32.dll
0x00007ff85e5a0000 - 0x00007ff85e648000 	C:\Windows\System32\sechost.dll
0x00007ff85d470000 - 0x00007ff85d498000 	C:\Windows\System32\bcrypt.dll
0x00007ff85e480000 - 0x00007ff85e597000 	C:\Windows\System32\RPCRT4.dll
0x00007ff85e990000 - 0x00007ff85e998000 	C:\Windows\System32\PSAPI.DLL
0x00007ff83ee40000 - 0x00007ff83ee49000 	C:\Windows\SYSTEM32\WSOCK32.dll
0x00007ff85ef30000 - 0x00007ff85efa1000 	C:\Windows\System32\WS2_32.dll
0x00007ff82e330000 - 0x00007ff82e364000 	C:\Windows\SYSTEM32\WINMM.dll
0x00007ff849f00000 - 0x00007ff849f0a000 	C:\Windows\SYSTEM32\VERSION.dll
0x00007ff85c180000 - 0x00007ff85c198000 	C:\Windows\SYSTEM32\kernel.appcore.dll
0x00007ff84d470000 - 0x00007ff84d47a000 	D:\java\ojdkbuild\java-17-openjdk-17.0.3.0.6-1\bin\jimage.dll
0x00007ff85aa40000 - 0x00007ff85ac73000 	C:\Windows\SYSTEM32\DBGHELP.DLL
0x00007ff85f820000 - 0x00007ff85fba9000 	C:\Windows\System32\combase.dll
0x00007ff85e280000 - 0x00007ff85e357000 	C:\Windows\System32\OLEAUT32.dll
0x00007ff843da0000 - 0x00007ff843dd2000 	C:\Windows\SYSTEM32\dbgcore.DLL
0x00007ff85d630000 - 0x00007ff85d6aa000 	C:\Windows\System32\bcryptPrimitives.dll
0x00007ff845c60000 - 0x00007ff845c85000 	D:\java\ojdkbuild\java-17-openjdk-17.0.3.0.6-1\bin\java.dll
0x00007ff80fab0000 - 0x00007ff80fb87000 	D:\java\ojdkbuild\java-17-openjdk-17.0.3.0.6-1\bin\jsvml.dll
0x00007ff85efc0000 - 0x00007ff85f81b000 	C:\Windows\System32\SHELL32.dll
0x00007ff85b010000 - 0x00007ff85b906000 	C:\Windows\SYSTEM32\windows.storage.dll
0x00007ff85aed0000 - 0x00007ff85b00e000 	C:\Windows\SYSTEM32\wintypes.dll
0x00007ff85db00000 - 0x00007ff85dbf3000 	C:\Windows\System32\SHCORE.dll
0x00007ff85e650000 - 0x00007ff85e6ae000 	C:\Windows\System32\shlwapi.dll
0x00007ff85d020000 - 0x00007ff85d046000 	C:\Windows\SYSTEM32\profapi.dll
0x00007ff8496b0000 - 0x00007ff8496c9000 	D:\java\ojdkbuild\java-17-openjdk-17.0.3.0.6-1\bin\net.dll
0x00007ff8531f0000 - 0x00007ff853327000 	C:\Windows\SYSTEM32\WINHTTP.dll
0x00007ff85c650000 - 0x00007ff85c6b9000 	C:\Windows\system32\mswsock.dll
0x00007ff8493b0000 - 0x00007ff8493c6000 	D:\java\ojdkbuild\java-17-openjdk-17.0.3.0.6-1\bin\nio.dll
0x00007ff849080000 - 0x00007ff849098000 	D:\java\ojdkbuild\java-17-openjdk-17.0.3.0.6-1\bin\zip.dll
0x00007ff848d50000 - 0x00007ff848d60000 	D:\java\ojdkbuild\java-17-openjdk-17.0.3.0.6-1\bin\verify.dll
0x00007ff835b50000 - 0x00007ff835b77000 	C:\Users\11218\.gradle\native\68d5fa5c4cc2d200863cafc0d521ce42e7d3e7ee720ec0a83991735586a16f82\windows-amd64\native-platform.dll
0x00007ff848a70000 - 0x00007ff848a7a000 	C:\Users\11218\.gradle\native\jansi\1.18\windows64\jansi.dll
0x00007ff848a40000 - 0x00007ff848a49000 	D:\java\ojdkbuild\java-17-openjdk-17.0.3.0.6-1\bin\management.dll
0x00007ff846b90000 - 0x00007ff846b9b000 	D:\java\ojdkbuild\java-17-openjdk-17.0.3.0.6-1\bin\management_ext.dll
0x00007ff85c9a0000 - 0x00007ff85c9bb000 	C:\Windows\SYSTEM32\CRYPTSP.dll
0x00007ff85c140000 - 0x00007ff85c175000 	C:\Windows\system32\rsaenh.dll
0x00007ff85c6f0000 - 0x00007ff85c71c000 	C:\Windows\SYSTEM32\USERENV.dll
0x00007ff85c980000 - 0x00007ff85c98c000 	C:\Windows\SYSTEM32\CRYPTBASE.dll
0x00007ff85bc20000 - 0x00007ff85bc4d000 	C:\Windows\SYSTEM32\IPHLPAPI.DLL
0x00007ff85eb30000 - 0x00007ff85eb39000 	C:\Windows\System32\NSI.dll
0x00007ff8531d0000 - 0x00007ff8531e9000 	C:\Windows\SYSTEM32\dhcpcsvc6.DLL
0x00007ff8531b0000 - 0x00007ff8531cf000 	C:\Windows\SYSTEM32\dhcpcsvc.DLL
0x00007ff85bca0000 - 0x00007ff85bd99000 	C:\Windows\SYSTEM32\DNSAPI.dll
0x00007ff8423b0000 - 0x00007ff8423bd000 	D:\java\ojdkbuild\java-17-openjdk-17.0.3.0.6-1\bin\sunmscapi.dll
0x00007ff85d0f0000 - 0x00007ff85d256000 	C:\Windows\System32\CRYPT32.dll
0x00007ff85cab0000 - 0x00007ff85cade000 	C:\Windows\SYSTEM32\ncrypt.dll
0x00007ff85ca70000 - 0x00007ff85caa7000 	C:\Windows\SYSTEM32\NTASN1.dll
0x00007ff8496e0000 - 0x00007ff8496e8000 	C:\Windows\system32\wshunix.dll

dbghelp: loaded successfully - version: 4.0.5 - missing functions: none
symbol engine: initialized successfully - sym options: 0x614 - pdb path: .;D:\java\ojdkbuild\java-17-openjdk-17.0.3.0.6-1\bin;C:\Windows\SYSTEM32;C:\Windows\WinSxS\amd64_microsoft.windows.common-controls_6595b64144ccf1df_6.0.22621.2506_none_270c5ae97388e100;D:\java\ojdkbuild\java-17-openjdk-17.0.3.0.6-1\bin\server;C:\Users\11218\.gradle\native\68d5fa5c4cc2d200863cafc0d521ce42e7d3e7ee720ec0a83991735586a16f82\windows-amd64;C:\Users\11218\.gradle\native\jansi\1.18\windows64

VM Arguments:
jvm_args: -Xmx64m -Xms64m -Dorg.gradle.appname=gradlew 
java_command: org.gradle.wrapper.GradleWrapperMain ASSEMBLE
java_class_path (initial): D:\androidLearning\AndroidStudioProjects\serviceTest1\\gradle\wrapper\gradle-wrapper.jar
Launcher Type: SUN_STANDARD

[Global flags]
     intx CICompilerCount                          = 2                                         {product} {ergonomic}
     uint ConcGCThreads                            = 1                                         {product} {ergonomic}
     uint G1ConcRefinementThreads                  = 2                                         {product} {ergonomic}
   size_t G1HeapRegionSize                         = 1048576                                   {product} {ergonomic}
    uintx GCDrainStackTargetSize                   = 64                                        {product} {ergonomic}
   size_t InitialHeapSize                          = 67108864                                  {product} {command line}
   size_t MarkStackSize                            = 4194304                                   {product} {ergonomic}
   size_t MaxHeapSize                              = 67108864                                  {product} {command line}
   size_t MaxNewSize                               = 39845888                                  {product} {ergonomic}
   size_t MinHeapDeltaBytes                        = 1048576                                   {product} {ergonomic}
   size_t MinHeapSize                              = 67108864                                  {product} {command line}
    uintx NonNMethodCodeHeapSize                   = 5826188                                {pd product} {ergonomic}
    uintx NonProfiledCodeHeapSize                  = 122916026                              {pd product} {ergonomic}
    uintx ProfiledCodeHeapSize                     = 122916026                              {pd product} {ergonomic}
    uintx ReservedCodeCacheSize                    = 251658240                              {pd product} {ergonomic}
     bool SegmentedCodeCache                       = true                                      {product} {ergonomic}
   size_t SoftMaxHeapSize                          = 67108864                               {manageable} {ergonomic}
     bool UseCompressedClassPointers               = true                           {product lp64_product} {ergonomic}
     bool UseCompressedOops                        = true                           {product lp64_product} {ergonomic}
     bool UseG1GC                                  = true                                      {product} {ergonomic}
     bool UseLargePagesIndividualAllocation        = false                                  {pd product} {ergonomic}

Logging:
Log output configuration:
 #0: stdout all=warning uptime,level,tags
 #1: stderr all=off uptime,level,tags

Environment Variables:
JAVA_HOME=D:\java\ojdkbuild\java-17-openjdk-17.0.3.0.6-1
CLASSPATH=D:\androidLearning\AndroidStudioProjects\serviceTest1\\gradle\wrapper\gradle-wrapper.jar
PATH=C:\Users\11218\miniconda3\condabin;C:\Windows\system32;C:\Windows;C:\Windows\System32\Wbem;C:\Windows\System32\WindowsPowerShell\v1.0\;C:\Windows\System32\OpenSSH\;D:\powershell\powershell7;d:\python3.11;C:\Program Files\WinRAR;C:\Program Files\Microsoft Office\root\Office16;C:\Program Files\PuTTY\;C:\Users\11218\AppData\Local\Microsoft\WindowsApps;C:\Program Files\dotnet\;D:\mytools\MinGit-2.11.1.mingit.prerelease.4-64-bit\cmd;D:\mytools\MinGit-2.11.1.mingit.prerelease.4-64-bit\usr\bin;D:\mytools\WiresharkPortable64\App\Wireshark;D:\MYTOOLS\SPSS1\JRE\bin;D:\myPython\goods;D:\mytools\SPSS1;C:\Users\11218\AppData\Roaming\nvda\addons\NVBox\globalPlugins\nvbox\adb;d:\java\ojdkbuild\java-17-openjdk-17.0.3.0.6-1.jre\bin;C:\Program Files\Docker\Docker\resources\bin;d:\java\ojdkbuild\java-17-openjdk-17.0.3.0.6-1\bin;D:\androidLearning\gradle\gradle-8.0\bin;D:\java\ojdkbuild\java-17-openjdk-17.0.3.0.6-1\bin;D:/java/ojdkbuild/java-17-openjdk-17.0.3.0.6-1.jre\bin;D:/java/ojdkbuild/java-17-openjdk-17.0.3.0.6-1.jre\bin\server;D:\ANDROIDLEARNING\REVERSE;C:\Users\11218\AppData\Local\Programs\Python\Python311;D:\myPython\NVSrC;C:\Users\11218\.gradle\wrapper\dists\gradle-8.0-all\a2o1xoguejy6msdh0lk99lxza\gradle-8.0\bin;D:\androidLearning\REVERSE\jadx\bin;C:\Program Files\Cloudflare\Cloudflare WARP\;D:\mypython\nvsrc\py-3-11-32\Scripts\;D:\mypython\nvsrc\py-3-11-32\;C:\Users\11218\AppData\Local\Programs\Python\Python311\;C:\Users\11218\miniconda3;C:\Users\11218\miniconda3\Library\mingw-w64\bin;C:\Users\11218\miniconda3\Library\usr\bin;C:\Users\11218\miniconda3\Library\bin;C:\Users\11218\miniconda3\Scripts;C:\Users\11218\scoop\shims;C:\Users\11218\AppData\Local\Microsoft\WindowsApps;C:\Users\11218\AppData\Local\Programs\Microsoft VS Code\bin;D:\myPython\goods;C:\Users\11218\AppData\Local\Microsoft\WinGet\Links;C:\Users\11218\.dotnet\tools
USERNAME=Stranger
OS=Windows_NT
PROCESSOR_IDENTIFIER=Intel64 Family 6 Model 122 Stepping 8, GenuineIntel



---------------  S Y S T E M  ---------------

OS:
 Windows 11 , 64 bit Build 22621 (10.0.22621.3085)
OS uptime: 6 days 22:41 hours
Hyper-V role detected

CPU: total 2 (initial active 2) (2 cores per cpu, 1 threads per core) family 6 model 122 stepping 8 microcode 0x1a, cx8, cmov, fxsr, mmx, 3dnowpref, sse, sse2, sse3, ssse3, sse4.1, sse4.2, popcnt, tsc, tscinvbit, aes, erms, clmul, sha, clflush, clflushopt, hv

Memory: 4k page, system-wide physical 7995M (848M free)
TotalPageFile size 18209M (AvailPageFile size 5M)
current process WorkingSet (physical memory assigned to process): 83M, peak: 83M
current process commit charge ("private bytes"): 152M, peak: 153M

vm_info: OpenJDK 64-Bit Server VM (17.0.3+6-LTS) for windows-amd64 JRE (17.0.3+6-LTS), built on May  3 2022 21:26:56 by "" with MS VC++ 16.10 / 16.11 (VS2019)

END.
