#
# There is insufficient memory for the Java Runtime Environment to continue.
# Native memory allocation (malloc) failed to allocate 2012752 bytes for Chunk::new
# Possible reasons:
#   The system is out of physical RAM or swap space
#   The process is running with CompressedOops enabled, and the Java Heap may be blocking the growth of the native heap
# Possible solutions:
#   Reduce memory load on the system
#   Increase physical memory or swap space
#   Check if swap backing store is full
#   Decrease Java heap size (-Xmx/-Xms)
#   Decrease number of Java threads
#   Decrease Java thread stack sizes (-Xss)
#   Set larger code cache with -XX:ReservedCodeCacheSize=
#   JVM is running with Unscaled Compressed Oops mode in which the Java heap is
#     placed in the first 4GB address space. The Java Heap base address is the
#     maximum limit for the native heap growth. Please use -XX:HeapBaseMinAddress
#     to set the Java Heap base and to place the Java Heap above 4GB virtual address.
# This output file may be truncated or incomplete.
#
#  Out of Memory Error (arena.cpp:189), pid=17040, tid=27264
#
# JRE version: OpenJDK Runtime Environment 21.9 (17.0.3+6) (build 17.0.3+6-LTS)
# Java VM: OpenJDK 64-Bit Server VM 21.9 (17.0.3+6-LTS, mixed mode, sharing, tiered, compressed oops, compressed class ptrs, g1 gc, windows-amd64)
# No core dump will be written. Minidumps are not enabled by default on client versions of Windows
#

---------------  S U M M A R Y ------------

Command Line: --add-opens=java.base/java.util=ALL-UNNAMED --add-opens=java.base/java.lang=ALL-UNNAMED --add-opens=java.base/java.lang.invoke=ALL-UNNAMED --add-opens=java.prefs/java.util.prefs=ALL-UNNAMED --add-opens=java.base/java.nio.charset=ALL-UNNAMED --add-opens=java.base/java.net=ALL-UNNAMED --add-opens=java.base/java.util.concurrent.atomic=ALL-UNNAMED -Xmx2048m -Dfile.encoding=UTF-8 -Duser.country=CN -Duser.language=zh -Duser.variant org.gradle.launcher.daemon.bootstrap.GradleDaemon 8.0

Host: Intel(R) Celeron(R) N4020 CPU @ 1.10GHz, 2 cores, 7G,  Windows 11 , 64 bit Build 22621 (10.0.22621.3085)
Time: Sun Mar 10 14:51:16 2024  Windows 11 , 64 bit Build 22621 (10.0.22621.3085) elapsed time: 1362.096005 seconds (0d 0h 22m 42s)

---------------  T H R E A D  ---------------

Current thread (0x000001c8cdd89820):  JavaThread "C2 CompilerThread0" daemon [_thread_in_native, id=27264, stack(0x00000015a1900000,0x00000015a1a00000)]


Current CompileTask:
C2:1362096 17247       4       org.gradle.api.internal.artifacts.transform.DefaultTransformedVariantFactory::locateOrCreate (150 bytes)

Stack: [0x00000015a1900000,0x00000015a1a00000]
Native frames: (J=compiled Java code, j=interpreted, Vv=VM code, C=native code)
V  [jvm.dll+0x67720a]
V  [jvm.dll+0x832514]
V  [jvm.dll+0x833cbe]
V  [jvm.dll+0x834323]
V  [jvm.dll+0x245815]
V  [jvm.dll+0xabf1b]
V  [jvm.dll+0xac4ac]
V  [jvm.dll+0x363a07]
V  [jvm.dll+0x32ded1]
V  [jvm.dll+0x32d37a]
V  [jvm.dll+0x218771]
V  [jvm.dll+0x217b91]
V  [jvm.dll+0x1a400d]
V  [jvm.dll+0x227508]
V  [jvm.dll+0x22565c]
V  [jvm.dll+0x7e7d5c]
V  [jvm.dll+0x7e230a]
V  [jvm.dll+0x676095]
C  [ucrtbase.dll+0x29363]
C  [KERNEL32.DLL+0x1257d]
C  [ntdll.dll+0x5aa58]


---------------  P R O C E S S  ---------------

Threads class SMR info:
_java_thread_list=0x000001c8d66b3f60, length=75, elements={
0x000001c8b0534050, 0x000001c8cdd6a6f0, 0x000001c8cdd6b560, 0x000001c8cdd83740,
0x000001c8cdd85210, 0x000001c8cdd87cd0, 0x000001c8cdd88680, 0x000001c8cdd89820,
0x000001c8cddc9f40, 0x000001c8cde04710, 0x000001c8ce8ba0d0, 0x000001c8ce8c45e0,
0x000001c8cf861b30, 0x000001c8cea3cf10, 0x000001c8cf670850, 0x000001c8cf2c27a0,
0x000001c8cf2c0120, 0x000001c8cf2c0f90, 0x000001c8cf2c1460, 0x000001c8cf2c0ac0,
0x000001c8cf2c3610, 0x000001c8cf3150c0, 0x000001c8cf312f10, 0x000001c8cf318a80,
0x000001c8cf3168d0, 0x000001c8cf7ed320, 0x000001c8d2fc13b0, 0x000001c8d2fbb840,
0x000001c8d2fbf200, 0x000001c8d2fc0540, 0x000001c8cf7eeb30, 0x000001c8cf7f0810,
0x000001c8cf7ea7d0, 0x000001c8cf7ed7f0, 0x000001c8cf7ef4d0, 0x000001c8cf7eaca0,
0x000001c8cf7eb640, 0x000001c8cf7ebb10, 0x000001c8cf7edcc0, 0x000001c8cf317740,
0x000001c8cf315a60, 0x000001c8cf315f30, 0x000001c8cf319dc0, 0x000001c8cf3180e0,
0x000001c8cf316400, 0x000001c8cf314250, 0x000001c8cf314bf0, 0x000001c8cf316da0,
0x000001c8cf317270, 0x000001c8cf3185b0, 0x000001c8cf31a290, 0x000001c8cf312a40,
0x000001c8cf3133e0, 0x000001c8cf3138b0, 0x000001c8cf313d80, 0x000001c8d2fbdec0,
0x000001c8d2fbbd10, 0x000001c8d2fbd050, 0x000001c8d2fbc1e0, 0x000001c8d2fc1880,
0x000001c8d2fba030, 0x000001c8d2fbe860, 0x000001c8d2fbc6b0, 0x000001c8d2fba500,
0x000001c8d2fbd520, 0x000001c8d2fbf6d0, 0x000001c8d2fbfba0, 0x000001c8d2fc0070,
0x000001c8cf2c1930, 0x000001c8cf2c3ae0, 0x000001c8cf2c1e00, 0x000001c8cf2c22d0,
0x000001c8cf2c2c70, 0x000001c8cf2c3140, 0x000001c8d818b9f0
}

Java Threads: ( => current thread )
  0x000001c8b0534050 JavaThread "main" [_thread_blocked, id=16216, stack(0x00000015a0c00000,0x00000015a0d00000)]
  0x000001c8cdd6a6f0 JavaThread "Reference Handler" daemon [_thread_blocked, id=21184, stack(0x00000015a1300000,0x00000015a1400000)]
  0x000001c8cdd6b560 JavaThread "Finalizer" daemon [_thread_blocked, id=25656, stack(0x00000015a1400000,0x00000015a1500000)]
  0x000001c8cdd83740 JavaThread "Signal Dispatcher" daemon [_thread_blocked, id=2736, stack(0x00000015a1500000,0x00000015a1600000)]
  0x000001c8cdd85210 JavaThread "Attach Listener" daemon [_thread_blocked, id=10084, stack(0x00000015a1600000,0x00000015a1700000)]
  0x000001c8cdd87cd0 JavaThread "Service Thread" daemon [_thread_blocked, id=29552, stack(0x00000015a1700000,0x00000015a1800000)]
  0x000001c8cdd88680 JavaThread "Monitor Deflation Thread" daemon [_thread_blocked, id=28220, stack(0x00000015a1800000,0x00000015a1900000)]
=>0x000001c8cdd89820 JavaThread "C2 CompilerThread0" daemon [_thread_in_native, id=27264, stack(0x00000015a1900000,0x00000015a1a00000)]
  0x000001c8cddc9f40 JavaThread "C1 CompilerThread0" daemon [_thread_blocked, id=29484, stack(0x00000015a1a00000,0x00000015a1b00000)]
  0x000001c8cde04710 JavaThread "Sweeper thread" daemon [_thread_blocked, id=19068, stack(0x00000015a1b00000,0x00000015a1c00000)]
  0x000001c8ce8ba0d0 JavaThread "Common-Cleaner" daemon [_thread_blocked, id=28720, stack(0x00000015a1c00000,0x00000015a1d00000)]
  0x000001c8ce8c45e0 JavaThread "Notification Thread" daemon [_thread_blocked, id=28916, stack(0x00000015a1d00000,0x00000015a1e00000)]
  0x000001c8cf861b30 JavaThread "Daemon health stats" [_thread_blocked, id=3372, stack(0x00000015a2000000,0x00000015a2100000)]
  0x000001c8cea3cf10 JavaThread "Incoming local TCP Connector on port 54710" [_thread_in_native, id=16312, stack(0x00000015a2100000,0x00000015a2200000)]
  0x000001c8cf670850 JavaThread "Daemon periodic checks" [_thread_blocked, id=14220, stack(0x00000015a2200000,0x00000015a2300000)]
  0x000001c8cf2c27a0 JavaThread "Cache worker for journal cache (C:\Users\11218\.gradle\caches\journal-1)" [_thread_blocked, id=21336, stack(0x00000015a2a00000,0x00000015a2b00000)]
  0x000001c8cf2c0120 JavaThread "File lock request listener" [_thread_in_native, id=24812, stack(0x00000015a2b00000,0x00000015a2c00000)]
  0x000001c8cf2c0f90 JavaThread "Cache worker for file hash cache (C:\Users\11218\.gradle\caches\8.0\fileHashes)" [_thread_blocked, id=17156, stack(0x00000015a2c00000,0x00000015a2d00000)]
  0x000001c8cf2c1460 JavaThread "File watcher server" daemon [_thread_in_native, id=7348, stack(0x00000015a2f00000,0x00000015a3000000)]
  0x000001c8cf2c0ac0 JavaThread "File watcher consumer" daemon [_thread_blocked, id=15500, stack(0x00000015a3000000,0x00000015a3100000)]
  0x000001c8cf2c3610 JavaThread "Cache worker for file content cache (C:\Users\11218\.gradle\caches\8.0\fileContent)" [_thread_blocked, id=25000, stack(0x00000015a3300000,0x00000015a3400000)]
  0x000001c8cf3150c0 JavaThread "Cache worker for execution history cache (C:\Users\11218\.gradle\caches\8.0\executionHistory)" [_thread_blocked, id=30364, stack(0x00000015a3700000,0x00000015a3800000)]
  0x000001c8cf312f10 JavaThread "jar transforms" [_thread_blocked, id=2588, stack(0x00000015a3800000,0x00000015a3900000)]
  0x000001c8cf318a80 JavaThread "jar transforms Thread 2" [_thread_blocked, id=14716, stack(0x00000015a3900000,0x00000015a3a00000)]
  0x000001c8cf3168d0 JavaThread "Cache worker for kotlin-dsl (C:\Users\11218\.gradle\caches\8.0\kotlin-dsl)" [_thread_blocked, id=27320, stack(0x00000015a3a00000,0x00000015a3b00000)]
  0x000001c8cf7ed320 JavaThread "Memory manager" [_thread_blocked, id=3644, stack(0x00000015a5100000,0x00000015a5200000)]
  0x000001c8d2fc13b0 JavaThread "RMI Scheduler(0)" daemon [_thread_blocked, id=28408, stack(0x00000015a5600000,0x00000015a5700000)]
  0x000001c8d2fbb840 JavaThread "RMI GC Daemon" daemon [_thread_blocked, id=776, stack(0x00000015a5800000,0x00000015a5900000)]
  0x000001c8d2fbf200 JavaThread "RMI TCP Accept-0" daemon [_thread_in_native, id=15068, stack(0x00000015a5900000,0x00000015a5a00000)]
  0x000001c8d2fc0540 JavaThread "RMI Reaper" [_thread_blocked, id=8204, stack(0x00000015a5a00000,0x00000015a5b00000)]
  0x000001c8cf7eeb30 JavaThread "RMI TCP Connection(idle)" daemon [_thread_blocked, id=11472, stack(0x00000015a0a00000,0x00000015a0b00000)]
  0x000001c8cf7f0810 JavaThread "RMI TCP Connection(idle)" daemon [_thread_blocked, id=3656, stack(0x00000015a0b00000,0x00000015a0c00000)]
  0x000001c8cf7ea7d0 JavaThread "Daemon Thread 3" [_thread_blocked, id=26200, stack(0x00000015a2300000,0x00000015a2400000)]
  0x000001c8cf7ed7f0 JavaThread "Handler for socket connection from /127.0.0.1:54710 to /127.0.0.1:55150" [_thread_in_native, id=16036, stack(0x00000015a2400000,0x00000015a2500000)]
  0x000001c8cf7ef4d0 JavaThread "Cancel handler" [_thread_blocked, id=28164, stack(0x00000015a2500000,0x00000015a2600000)]
  0x000001c8cf7eaca0 JavaThread "Daemon worker Thread 3" [_thread_blocked, id=15432, stack(0x00000015a2600000,0x00000015a2700000)]
  0x000001c8cf7eb640 JavaThread "Asynchronous log dispatcher for DefaultDaemonConnection: socket connection from /127.0.0.1:54710 to /127.0.0.1:55150" [_thread_blocked, id=2800, stack(0x00000015a2700000,0x00000015a2800000)]
  0x000001c8cf7ebb10 JavaThread "Stdin handler" [_thread_blocked, id=21068, stack(0x00000015a2800000,0x00000015a2900000)]
  0x000001c8cf7edcc0 JavaThread "Daemon client event forwarder" [_thread_blocked, id=30492, stack(0x00000015a2900000,0x00000015a2a00000)]
  0x000001c8cf317740 JavaThread "Cache worker for checksums cache (D:\androidLearning\AndroidStudioProjects\serviceTest1\.gradle\8.0\checksums)" [_thread_blocked, id=24548, stack(0x00000015a2d00000,0x00000015a2e00000)]
  0x000001c8cf315a60 JavaThread "Cache worker for cache directory md-rule (C:\Users\11218\.gradle\caches\8.0\md-rule)" [_thread_blocked, id=30028, stack(0x00000015a2e00000,0x00000015a2f00000)]
  0x000001c8cf315f30 JavaThread "Cache worker for file hash cache (D:\androidLearning\AndroidStudioProjects\serviceTest1\.gradle\8.0\fileHashes)" [_thread_blocked, id=1548, stack(0x00000015a3100000,0x00000015a3200000)]
  0x000001c8cf319dc0 JavaThread "Cache worker for cache directory md-supplier (C:\Users\11218\.gradle\caches\8.0\md-supplier)" [_thread_blocked, id=24524, stack(0x00000015a3200000,0x00000015a3300000)]
  0x000001c8cf3180e0 JavaThread "Cache worker for dependencies-accessors (D:\androidLearning\AndroidStudioProjects\serviceTest1\.gradle\8.0\dependencies-accessors)" [_thread_blocked, id=7592, stack(0x00000015a3400000,0x00000015a3500000)]
  0x000001c8cf316400 JavaThread "Cache worker for Build Output Cleanup Cache (D:\androidLearning\AndroidStudioProjects\serviceTest1\.gradle\buildOutputCleanup)" [_thread_blocked, id=14404, stack(0x00000015a3500000,0x00000015a3600000)]
  0x000001c8cf314250 JavaThread "Unconstrained build operations" [_thread_blocked, id=20468, stack(0x00000015a3b00000,0x00000015a3c00000)]
  0x000001c8cf314bf0 JavaThread "Unconstrained build operations Thread 2" [_thread_blocked, id=29104, stack(0x00000015a3c00000,0x00000015a3d00000)]
  0x000001c8cf316da0 JavaThread "Unconstrained build operations Thread 3" [_thread_blocked, id=8520, stack(0x00000015a3d00000,0x00000015a3e00000)]
  0x000001c8cf317270 JavaThread "Unconstrained build operations Thread 4" [_thread_blocked, id=10996, stack(0x00000015a3e00000,0x00000015a3f00000)]
  0x000001c8cf3185b0 JavaThread "Unconstrained build operations Thread 5" [_thread_blocked, id=23328, stack(0x00000015a3f00000,0x00000015a4000000)]
  0x000001c8cf31a290 JavaThread "Unconstrained build operations Thread 6" [_thread_blocked, id=27312, stack(0x00000015a4000000,0x00000015a4100000)]
  0x000001c8cf312a40 JavaThread "Unconstrained build operations Thread 7" [_thread_blocked, id=29376, stack(0x00000015a4100000,0x00000015a4200000)]
  0x000001c8cf3133e0 JavaThread "Unconstrained build operations Thread 8" [_thread_blocked, id=11512, stack(0x00000015a4200000,0x00000015a4300000)]
  0x000001c8cf3138b0 JavaThread "Unconstrained build operations Thread 9" [_thread_blocked, id=1108, stack(0x00000015a4300000,0x00000015a4400000)]
  0x000001c8cf313d80 JavaThread "Unconstrained build operations Thread 10" [_thread_blocked, id=11852, stack(0x00000015a4400000,0x00000015a4500000)]
  0x000001c8d2fbdec0 JavaThread "Unconstrained build operations Thread 11" [_thread_blocked, id=15408, stack(0x00000015a4500000,0x00000015a4600000)]
  0x000001c8d2fbbd10 JavaThread "Unconstrained build operations Thread 12" [_thread_blocked, id=18628, stack(0x00000015a4600000,0x00000015a4700000)]
  0x000001c8d2fbd050 JavaThread "Unconstrained build operations Thread 13" [_thread_blocked, id=15336, stack(0x00000015a4700000,0x00000015a4800000)]
  0x000001c8d2fbc1e0 JavaThread "Unconstrained build operations Thread 14" [_thread_blocked, id=1112, stack(0x00000015a4800000,0x00000015a4900000)]
  0x000001c8d2fc1880 JavaThread "Unconstrained build operations Thread 15" [_thread_blocked, id=27000, stack(0x00000015a4900000,0x00000015a4a00000)]
  0x000001c8d2fba030 JavaThread "Unconstrained build operations Thread 16" [_thread_blocked, id=16428, stack(0x00000015a4a00000,0x00000015a4b00000)]
  0x000001c8d2fbe860 JavaThread "Unconstrained build operations Thread 17" [_thread_blocked, id=24900, stack(0x00000015a4b00000,0x00000015a4c00000)]
  0x000001c8d2fbc6b0 JavaThread "Unconstrained build operations Thread 18" [_thread_blocked, id=19876, stack(0x00000015a4c00000,0x00000015a4d00000)]
  0x000001c8d2fba500 JavaThread "Unconstrained build operations Thread 19" [_thread_blocked, id=21980, stack(0x00000015a4d00000,0x00000015a4e00000)]
  0x000001c8d2fbd520 JavaThread "Unconstrained build operations Thread 20" [_thread_blocked, id=30388, stack(0x00000015a4e00000,0x00000015a4f00000)]
  0x000001c8d2fbf6d0 JavaThread "build event listener" [_thread_blocked, id=29944, stack(0x00000015a4f00000,0x00000015a5000000)]
  0x000001c8d2fbfba0 JavaThread "build event listener" [_thread_blocked, id=23020, stack(0x00000015a5000000,0x00000015a5100000)]
  0x000001c8d2fc0070 JavaThread "included builds" [_thread_in_vm, id=29492, stack(0x00000015a5200000,0x00000015a5300000)]
  0x000001c8cf2c1930 JavaThread "Execution worker" [_thread_blocked, id=7388, stack(0x00000015a5300000,0x00000015a5400000)]
  0x000001c8cf2c3ae0 JavaThread "Cache worker for execution history cache (D:\androidLearning\AndroidStudioProjects\serviceTest1\.gradle\8.0\executionHistory)" [_thread_blocked, id=30544, stack(0x00000015a5400000,0x00000015a5500000)]
  0x000001c8cf2c1e00 JavaThread "WorkerExecutor Queue" [_thread_in_native, id=28260, stack(0x00000015a5500000,0x00000015a5600000)]
  0x000001c8cf2c22d0 JavaThread "WorkerExecutor Queue Thread 2" [_thread_blocked, id=27216, stack(0x00000015a5700000,0x00000015a5800000)]
  0x000001c8cf2c2c70 JavaThread "pool-6-thread-1" [_thread_blocked, id=15104, stack(0x00000015a5b00000,0x00000015a5c00000)]
  0x000001c8cf2c3140 JavaThread "stderr" [_thread_in_native, id=19340, stack(0x00000015a5c00000,0x00000015a5d00000)]
  0x000001c8d818b9f0 JavaThread "stdout" [_thread_in_native, id=18848, stack(0x00000015a5d00000,0x00000015a5e00000)]

Other Threads:
  0x000001c8cdd65f60 VMThread "VM Thread" [stack: 0x00000015a1200000,0x00000015a1300000] [id=26472]
  0x000001c8ce8c4ab0 WatcherThread [stack: 0x00000015a1e00000,0x00000015a1f00000] [id=14684]
  0x000001c8b058e1e0 GCTaskThread "GC Thread#0" [stack: 0x00000015a0d00000,0x00000015a0e00000] [id=27660]
  0x000001c8ce9b08c0 GCTaskThread "GC Thread#1" [stack: 0x00000015a1f00000,0x00000015a2000000] [id=28732]
  0x000001c8b05a0130 ConcurrentGCThread "G1 Main Marker" [stack: 0x00000015a0e00000,0x00000015a0f00000] [id=28368]
  0x000001c8b05a0b40 ConcurrentGCThread "G1 Conc#0" [stack: 0x00000015a0f00000,0x00000015a1000000] [id=22596]
  0x000001c8b05fe230 ConcurrentGCThread "G1 Refine#0" [stack: 0x00000015a1000000,0x00000015a1100000] [id=28380]
  0x000001c8d2752a40 ConcurrentGCThread "G1 Refine#1" [stack: 0x00000015a3600000,0x00000015a3700000] [id=25240]
  0x000001c8b05fec50 ConcurrentGCThread "G1 Service" [stack: 0x00000015a1100000,0x00000015a1200000] [id=19452]

Threads with active compile tasks:
C2 CompilerThread0  1362177 17247       4       org.gradle.api.internal.artifacts.transform.DefaultTransformedVariantFactory::locateOrCreate (150 bytes)

VM state: not at safepoint (normal execution)

VM Mutex/Monitor currently owned by a thread: None

Heap address: 0x0000000080000000, size: 2048 MB, Compressed Oops mode: 32-bit

CDS archive(s) mapped at: [0x0000000800000000-0x0000000800bc0000-0x0000000800bc0000), size 12320768, SharedBaseAddress: 0x0000000800000000, ArchiveRelocationMode: 0.
Compressed class space mapped at: 0x0000000800c00000-0x0000000840c00000, reserved size: 1073741824
Narrow klass base: 0x0000000800000000, Narrow klass shift: 0, Narrow klass range: 0x100000000

GC Precious Log:
 CPUs: 2 total, 2 available
 Memory: 7995M
 Large Page Support: Disabled
 NUMA Support: Disabled
 Compressed Oops: Enabled (32-bit)
 Heap Region Size: 1M
 Heap Min Capacity: 8M
 Heap Initial Capacity: 126M
 Heap Max Capacity: 2G
 Pre-touch: Disabled
 Parallel Workers: 2
 Concurrent Workers: 1
 Concurrent Refinement Workers: 2
 Periodic GC: Disabled

Heap:
 garbage-first heap   total 220160K, used 135103K [0x0000000080000000, 0x0000000100000000)
  region size 1024K, 12 young (12288K), 5 survivors (5120K)
 Metaspace       used 98876K, committed 99904K, reserved 1138688K
  class space    used 13197K, committed 13696K, reserved 1048576K

Heap Regions: E=young(eden), S=young(survivor), O=old, HS=humongous(starts), HC=humongous(continues), CS=collection set, F=free, OA=open archive, CA=closed archive, TAMS=top-at-mark-start (previous, next)
|   0|0x0000000080000000, 0x0000000080100000, 0x0000000080100000|100%| O|  |TAMS 0x0000000080100000, 0x0000000080000000| Untracked 
|   1|0x0000000080100000, 0x0000000080200000, 0x0000000080200000|100%| O|  |TAMS 0x0000000080200000, 0x0000000080100000| Untracked 
|   2|0x0000000080200000, 0x0000000080300000, 0x0000000080300000|100%| O|  |TAMS 0x0000000080300000, 0x0000000080200000| Untracked 
|   3|0x0000000080300000, 0x0000000080400000, 0x0000000080400000|100%|HS|  |TAMS 0x0000000080400000, 0x0000000080300000| Complete 
|   4|0x0000000080400000, 0x0000000080500000, 0x0000000080500000|100%|HC|  |TAMS 0x0000000080500000, 0x0000000080400000| Complete 
|   5|0x0000000080500000, 0x0000000080600000, 0x0000000080600000|100%|HC|  |TAMS 0x0000000080600000, 0x0000000080500000| Complete 
|   6|0x0000000080600000, 0x0000000080700000, 0x0000000080700000|100%|HC|  |TAMS 0x0000000080700000, 0x0000000080600000| Complete 
|   7|0x0000000080700000, 0x0000000080800000, 0x0000000080800000|100%| O|  |TAMS 0x0000000080800000, 0x0000000080700000| Untracked 
|   8|0x0000000080800000, 0x0000000080900000, 0x0000000080900000|100%| O|  |TAMS 0x0000000080900000, 0x0000000080800000| Untracked 
|   9|0x0000000080900000, 0x0000000080a00000, 0x0000000080a00000|100%| O|  |TAMS 0x0000000080a00000, 0x0000000080900000| Untracked 
|  10|0x0000000080a00000, 0x0000000080b00000, 0x0000000080b00000|100%| O|  |TAMS 0x0000000080b00000, 0x0000000080a00000| Untracked 
|  11|0x0000000080b00000, 0x0000000080c00000, 0x0000000080c00000|100%| O|  |TAMS 0x0000000080c00000, 0x0000000080b00000| Untracked 
|  12|0x0000000080c00000, 0x0000000080d00000, 0x0000000080d00000|100%| O|  |TAMS 0x0000000080d00000, 0x0000000080c00000| Untracked 
|  13|0x0000000080d00000, 0x0000000080e00000, 0x0000000080e00000|100%| O|  |TAMS 0x0000000080e00000, 0x0000000080d00000| Untracked 
|  14|0x0000000080e00000, 0x0000000080f00000, 0x0000000080f00000|100%| O|  |TAMS 0x0000000080f00000, 0x0000000080e00000| Untracked 
|  15|0x0000000080f00000, 0x0000000081000000, 0x0000000081000000|100%| O|  |TAMS 0x0000000081000000, 0x0000000080f00000| Untracked 
|  16|0x0000000081000000, 0x0000000081100000, 0x0000000081100000|100%| O|  |TAMS 0x0000000081100000, 0x0000000081000000| Untracked 
|  17|0x0000000081100000, 0x0000000081200000, 0x0000000081200000|100%| O|  |TAMS 0x0000000081200000, 0x0000000081100000| Untracked 
|  18|0x0000000081200000, 0x0000000081300000, 0x0000000081300000|100%| O|  |TAMS 0x0000000081300000, 0x0000000081200000| Untracked 
|  19|0x0000000081300000, 0x0000000081400000, 0x0000000081400000|100%| O|  |TAMS 0x0000000081400000, 0x0000000081300000| Untracked 
|  20|0x0000000081400000, 0x0000000081500000, 0x0000000081500000|100%| O|  |TAMS 0x0000000081500000, 0x0000000081400000| Untracked 
|  21|0x0000000081500000, 0x0000000081600000, 0x0000000081600000|100%| O|  |TAMS 0x0000000081600000, 0x0000000081500000| Untracked 
|  22|0x0000000081600000, 0x0000000081700000, 0x0000000081700000|100%| O|  |TAMS 0x0000000081700000, 0x0000000081600000| Untracked 
|  23|0x0000000081700000, 0x0000000081800000, 0x0000000081800000|100%| O|  |TAMS 0x0000000081800000, 0x0000000081700000| Untracked 
|  24|0x0000000081800000, 0x0000000081900000, 0x0000000081900000|100%| O|  |TAMS 0x0000000081900000, 0x0000000081800000| Untracked 
|  25|0x0000000081900000, 0x0000000081a00000, 0x0000000081a00000|100%| O|  |TAMS 0x0000000081a00000, 0x0000000081900000| Untracked 
|  26|0x0000000081a00000, 0x0000000081b00000, 0x0000000081b00000|100%| O|  |TAMS 0x0000000081b00000, 0x0000000081a00000| Untracked 
|  27|0x0000000081b00000, 0x0000000081c00000, 0x0000000081c00000|100%| O|  |TAMS 0x0000000081c00000, 0x0000000081b00000| Untracked 
|  28|0x0000000081c00000, 0x0000000081d00000, 0x0000000081d00000|100%| O|  |TAMS 0x0000000081d00000, 0x0000000081c00000| Untracked 
|  29|0x0000000081d00000, 0x0000000081e00000, 0x0000000081e00000|100%| O|  |TAMS 0x0000000081e00000, 0x0000000081d00000| Untracked 
|  30|0x0000000081e00000, 0x0000000081f00000, 0x0000000081f00000|100%| O|  |TAMS 0x0000000081f00000, 0x0000000081e00000| Untracked 
|  31|0x0000000081f00000, 0x0000000082000000, 0x0000000082000000|100%| O|  |TAMS 0x0000000082000000, 0x0000000081f00000| Untracked 
|  32|0x0000000082000000, 0x0000000082100000, 0x0000000082100000|100%| O|  |TAMS 0x0000000082100000, 0x0000000082000000| Untracked 
|  33|0x0000000082100000, 0x0000000082200000, 0x0000000082200000|100%| O|  |TAMS 0x0000000082200000, 0x0000000082100000| Untracked 
|  34|0x0000000082200000, 0x0000000082300000, 0x0000000082300000|100%| O|  |TAMS 0x0000000082300000, 0x0000000082200000| Untracked 
|  35|0x0000000082300000, 0x0000000082400000, 0x0000000082400000|100%| O|  |TAMS 0x0000000082400000, 0x0000000082300000| Untracked 
|  36|0x0000000082400000, 0x0000000082500000, 0x0000000082500000|100%| O|  |TAMS 0x0000000082500000, 0x0000000082400000| Untracked 
|  37|0x0000000082500000, 0x0000000082600000, 0x0000000082600000|100%| O|  |TAMS 0x0000000082600000, 0x0000000082500000| Untracked 
|  38|0x0000000082600000, 0x0000000082700000, 0x0000000082700000|100%|HS|  |TAMS 0x0000000082700000, 0x0000000082600000| Complete 
|  39|0x0000000082700000, 0x0000000082800000, 0x0000000082800000|100%|HS|  |TAMS 0x0000000082800000, 0x0000000082700000| Complete 
|  40|0x0000000082800000, 0x0000000082900000, 0x0000000082900000|100%|HS|  |TAMS 0x0000000082900000, 0x0000000082800000| Complete 
|  41|0x0000000082900000, 0x0000000082a00000, 0x0000000082a00000|100%|HC|  |TAMS 0x0000000082a00000, 0x0000000082900000| Complete 
|  42|0x0000000082a00000, 0x0000000082b00000, 0x0000000082b00000|100%| O|  |TAMS 0x0000000082b00000, 0x0000000082a00000| Untracked 
|  43|0x0000000082b00000, 0x0000000082c00000, 0x0000000082c00000|100%|HS|  |TAMS 0x0000000082c00000, 0x0000000082b00000| Complete 
|  44|0x0000000082c00000, 0x0000000082d00000, 0x0000000082d00000|100%|HS|  |TAMS 0x0000000082d00000, 0x0000000082c00000| Complete 
|  45|0x0000000082d00000, 0x0000000082e00000, 0x0000000082e00000|100%|HC|  |TAMS 0x0000000082e00000, 0x0000000082d00000| Complete 
|  46|0x0000000082e00000, 0x0000000082f00000, 0x0000000082f00000|100%|HC|  |TAMS 0x0000000082f00000, 0x0000000082e00000| Complete 
|  47|0x0000000082f00000, 0x0000000083000000, 0x0000000083000000|100%|HC|  |TAMS 0x0000000083000000, 0x0000000082f00000| Complete 
|  48|0x0000000083000000, 0x0000000083100000, 0x0000000083100000|100%| O|  |TAMS 0x0000000083100000, 0x0000000083000000| Untracked 
|  49|0x0000000083100000, 0x0000000083200000, 0x0000000083200000|100%| O|  |TAMS 0x0000000083200000, 0x0000000083100000| Untracked 
|  50|0x0000000083200000, 0x0000000083300000, 0x0000000083300000|100%| O|  |TAMS 0x0000000083300000, 0x0000000083200000| Untracked 
|  51|0x0000000083300000, 0x0000000083400000, 0x0000000083400000|100%| O|  |TAMS 0x0000000083400000, 0x0000000083300000| Untracked 
|  52|0x0000000083400000, 0x0000000083500000, 0x0000000083500000|100%| O|  |TAMS 0x0000000083500000, 0x0000000083400000| Untracked 
|  53|0x0000000083500000, 0x0000000083600000, 0x0000000083600000|100%| O|  |TAMS 0x0000000083600000, 0x0000000083500000| Untracked 
|  54|0x0000000083600000, 0x0000000083700000, 0x0000000083700000|100%| O|  |TAMS 0x0000000083700000, 0x0000000083600000| Untracked 
|  55|0x0000000083700000, 0x0000000083800000, 0x0000000083800000|100%| O|  |TAMS 0x0000000083800000, 0x0000000083700000| Untracked 
|  56|0x0000000083800000, 0x0000000083900000, 0x0000000083900000|100%| O|  |TAMS 0x0000000083900000, 0x0000000083800000| Untracked 
|  57|0x0000000083900000, 0x0000000083a00000, 0x0000000083a00000|100%| O|  |TAMS 0x0000000083a00000, 0x0000000083900000| Untracked 
|  58|0x0000000083a00000, 0x0000000083b00000, 0x0000000083b00000|100%| O|  |TAMS 0x0000000083b00000, 0x0000000083a00000| Untracked 
|  59|0x0000000083b00000, 0x0000000083c00000, 0x0000000083c00000|100%| O|  |TAMS 0x0000000083c00000, 0x0000000083b00000| Untracked 
|  60|0x0000000083c00000, 0x0000000083d00000, 0x0000000083d00000|100%| O|  |TAMS 0x0000000083d00000, 0x0000000083c00000| Untracked 
|  61|0x0000000083d00000, 0x0000000083e00000, 0x0000000083e00000|100%| O|  |TAMS 0x0000000083e00000, 0x0000000083d00000| Untracked 
|  62|0x0000000083e00000, 0x0000000083f00000, 0x0000000083f00000|100%| O|  |TAMS 0x0000000083f00000, 0x0000000083e00000| Untracked 
|  63|0x0000000083f00000, 0x0000000084000000, 0x0000000084000000|100%| O|  |TAMS 0x0000000084000000, 0x0000000083f00000| Untracked 
|  64|0x0000000084000000, 0x0000000084100000, 0x0000000084100000|100%| O|  |TAMS 0x0000000084100000, 0x0000000084000000| Untracked 
|  65|0x0000000084100000, 0x0000000084200000, 0x0000000084200000|100%| O|  |TAMS 0x0000000084200000, 0x0000000084100000| Untracked 
|  66|0x0000000084200000, 0x0000000084300000, 0x0000000084300000|100%| O|  |TAMS 0x0000000084300000, 0x0000000084200000| Untracked 
|  67|0x0000000084300000, 0x0000000084400000, 0x0000000084400000|100%| O|  |TAMS 0x0000000084400000, 0x0000000084300000| Untracked 
|  68|0x0000000084400000, 0x0000000084500000, 0x0000000084500000|100%| O|  |TAMS 0x0000000084500000, 0x0000000084400000| Untracked 
|  69|0x0000000084500000, 0x0000000084600000, 0x0000000084600000|100%| O|  |TAMS 0x0000000084600000, 0x0000000084500000| Untracked 
|  70|0x0000000084600000, 0x0000000084600000, 0x0000000084700000|  0%| F|  |TAMS 0x0000000084600000, 0x0000000084600000| Untracked 
|  71|0x0000000084700000, 0x0000000084800000, 0x0000000084800000|100%| O|  |TAMS 0x0000000084800000, 0x0000000084700000| Untracked 
|  72|0x0000000084800000, 0x0000000084900000, 0x0000000084900000|100%| O|  |TAMS 0x0000000084900000, 0x0000000084800000| Untracked 
|  73|0x0000000084900000, 0x0000000084a00000, 0x0000000084a00000|100%| O|  |TAMS 0x0000000084a00000, 0x0000000084900000| Untracked 
|  74|0x0000000084a00000, 0x0000000084b00000, 0x0000000084b00000|100%| O|  |TAMS 0x0000000084b00000, 0x0000000084a00000| Untracked 
|  75|0x0000000084b00000, 0x0000000084c00000, 0x0000000084c00000|100%| O|  |TAMS 0x0000000084c00000, 0x0000000084b00000| Untracked 
|  76|0x0000000084c00000, 0x0000000084d00000, 0x0000000084d00000|100%| O|  |TAMS 0x0000000084d00000, 0x0000000084c00000| Untracked 
|  77|0x0000000084d00000, 0x0000000084e00000, 0x0000000084e00000|100%| O|  |TAMS 0x0000000084e00000, 0x0000000084d00000| Untracked 
|  78|0x0000000084e00000, 0x0000000084f00000, 0x0000000084f00000|100%| O|  |TAMS 0x0000000084f00000, 0x0000000084e00000| Untracked 
|  79|0x0000000084f00000, 0x0000000085000000, 0x0000000085000000|100%| O|  |TAMS 0x0000000085000000, 0x0000000084f00000| Untracked 
|  80|0x0000000085000000, 0x0000000085100000, 0x0000000085100000|100%| O|  |TAMS 0x0000000085100000, 0x0000000085000000| Complete 
|  81|0x0000000085100000, 0x0000000085200000, 0x0000000085200000|100%| O|  |TAMS 0x0000000085200000, 0x0000000085100000| Untracked 
|  82|0x0000000085200000, 0x0000000085300000, 0x0000000085300000|100%| O|  |TAMS 0x0000000085300000, 0x0000000085200000| Complete 
|  83|0x0000000085300000, 0x0000000085400000, 0x0000000085400000|100%| O|  |TAMS 0x0000000085400000, 0x0000000085300000| Untracked 
|  84|0x0000000085400000, 0x0000000085500000, 0x0000000085500000|100%| O|  |TAMS 0x0000000085500000, 0x0000000085400000| Untracked 
|  85|0x0000000085500000, 0x0000000085600000, 0x0000000085600000|100%| O|  |TAMS 0x0000000085600000, 0x0000000085500000| Untracked 
|  86|0x0000000085600000, 0x0000000085700000, 0x0000000085700000|100%| O|  |TAMS 0x0000000085700000, 0x0000000085600000| Untracked 
|  87|0x0000000085700000, 0x0000000085800000, 0x0000000085800000|100%| O|  |TAMS 0x0000000085800000, 0x0000000085700000| Untracked 
|  88|0x0000000085800000, 0x0000000085900000, 0x0000000085900000|100%| O|  |TAMS 0x0000000085900000, 0x0000000085800000| Untracked 
|  89|0x0000000085900000, 0x0000000085900000, 0x0000000085a00000|  0%| F|  |TAMS 0x0000000085900000, 0x0000000085900000| Untracked 
|  90|0x0000000085a00000, 0x0000000085b00000, 0x0000000085b00000|100%| O|  |TAMS 0x0000000085b00000, 0x0000000085a00000| Untracked 
|  91|0x0000000085b00000, 0x0000000085c00000, 0x0000000085c00000|100%| O|  |TAMS 0x0000000085c00000, 0x0000000085b00000| Untracked 
|  92|0x0000000085c00000, 0x0000000085d00000, 0x0000000085d00000|100%| O|  |TAMS 0x0000000085d00000, 0x0000000085c00000| Untracked 
|  93|0x0000000085d00000, 0x0000000085e00000, 0x0000000085e00000|100%| O|  |TAMS 0x0000000085e00000, 0x0000000085d00000| Untracked 
|  94|0x0000000085e00000, 0x0000000085f00000, 0x0000000085f00000|100%| O|  |TAMS 0x0000000085f00000, 0x0000000085e00000| Untracked 
|  95|0x0000000085f00000, 0x0000000085f00000, 0x0000000086000000|  0%| F|  |TAMS 0x0000000085f00000, 0x0000000085f00000| Untracked 
|  96|0x0000000086000000, 0x0000000086100000, 0x0000000086100000|100%| O|  |TAMS 0x0000000086100000, 0x0000000086000000| Untracked 
|  97|0x0000000086100000, 0x0000000086200000, 0x0000000086200000|100%| O|  |TAMS 0x0000000086200000, 0x0000000086100000| Untracked 
|  98|0x0000000086200000, 0x0000000086300000, 0x0000000086300000|100%| O|  |TAMS 0x0000000086300000, 0x0000000086200000| Untracked 
|  99|0x0000000086300000, 0x0000000086400000, 0x0000000086400000|100%| O|  |TAMS 0x0000000086400000, 0x0000000086300000| Untracked 
| 100|0x0000000086400000, 0x0000000086500000, 0x0000000086500000|100%| O|  |TAMS 0x0000000086500000, 0x0000000086400000| Untracked 
| 101|0x0000000086500000, 0x0000000086600000, 0x0000000086600000|100%| O|  |TAMS 0x0000000086600000, 0x0000000086500000| Complete 
| 102|0x0000000086600000, 0x0000000086700000, 0x0000000086700000|100%| O|  |TAMS 0x0000000086700000, 0x0000000086600000| Complete 
| 103|0x0000000086700000, 0x0000000086800000, 0x0000000086800000|100%| O|  |TAMS 0x0000000086800000, 0x0000000086700000| Complete 
| 104|0x0000000086800000, 0x0000000086900000, 0x0000000086900000|100%| O|  |TAMS 0x0000000086900000, 0x0000000086800000| Untracked 
| 105|0x0000000086900000, 0x0000000086a00000, 0x0000000086a00000|100%| O|  |TAMS 0x0000000086a00000, 0x0000000086900000| Complete 
| 106|0x0000000086a00000, 0x0000000086b00000, 0x0000000086b00000|100%| O|  |TAMS 0x0000000086b00000, 0x0000000086a00000| Complete 
| 107|0x0000000086b00000, 0x0000000086c00000, 0x0000000086c00000|100%| O|  |TAMS 0x0000000086c00000, 0x0000000086b00000| Complete 
| 108|0x0000000086c00000, 0x0000000086d00000, 0x0000000086d00000|100%| O|  |TAMS 0x0000000086d00000, 0x0000000086c00000| Complete 
| 109|0x0000000086d00000, 0x0000000086e00000, 0x0000000086e00000|100%| O|  |TAMS 0x0000000086e00000, 0x0000000086d00000| Complete 
| 110|0x0000000086e00000, 0x0000000086f00000, 0x0000000086f00000|100%| O|  |TAMS 0x0000000086f00000, 0x0000000086e00000| Untracked 
| 111|0x0000000086f00000, 0x0000000087000000, 0x0000000087000000|100%| O|  |TAMS 0x0000000087000000, 0x0000000086f00000| Untracked 
| 112|0x0000000087000000, 0x0000000087100000, 0x0000000087100000|100%| O|  |TAMS 0x0000000087100000, 0x0000000087000000| Complete 
| 113|0x0000000087100000, 0x0000000087200000, 0x0000000087200000|100%| O|  |TAMS 0x0000000087200000, 0x0000000087100000| Complete 
| 114|0x0000000087200000, 0x0000000087300000, 0x0000000087300000|100%| O|  |TAMS 0x0000000087300000, 0x0000000087200000| Complete 
| 115|0x0000000087300000, 0x0000000087400000, 0x0000000087400000|100%| O|  |TAMS 0x0000000087400000, 0x0000000087300000| Untracked 
| 116|0x0000000087400000, 0x0000000087500000, 0x0000000087500000|100%| O|  |TAMS 0x0000000087500000, 0x0000000087400000| Untracked 
| 117|0x0000000087500000, 0x0000000087600000, 0x0000000087600000|100%| O|  |TAMS 0x0000000087600000, 0x0000000087500000| Untracked 
| 118|0x0000000087600000, 0x0000000087700000, 0x0000000087700000|100%| O|  |TAMS 0x0000000087700000, 0x0000000087600000| Untracked 
| 119|0x0000000087700000, 0x0000000087800000, 0x0000000087800000|100%| O|  |TAMS 0x0000000087800000, 0x0000000087700000| Untracked 
| 120|0x0000000087800000, 0x0000000087900000, 0x0000000087900000|100%| O|  |TAMS 0x0000000087900000, 0x0000000087800000| Untracked 
| 121|0x0000000087900000, 0x0000000087900000, 0x0000000087a00000|  0%| F|  |TAMS 0x0000000087900000, 0x0000000087900000| Untracked 
| 122|0x0000000087a00000, 0x0000000087b00000, 0x0000000087b00000|100%| O|  |TAMS 0x0000000087b00000, 0x0000000087a00000| Untracked 
| 123|0x0000000087b00000, 0x0000000087c00000, 0x0000000087c00000|100%| O|  |TAMS 0x0000000087c00000, 0x0000000087b00000| Untracked 
| 124|0x0000000087c00000, 0x0000000087d00000, 0x0000000087d00000|100%| O|  |TAMS 0x0000000087d00000, 0x0000000087c00000| Untracked 
| 125|0x0000000087d00000, 0x0000000087d3ec00, 0x0000000087e00000| 24%| O|  |TAMS 0x0000000087d3ec00, 0x0000000087d00000| Untracked 
| 126|0x0000000087e00000, 0x0000000087e00000, 0x0000000087f00000|  0%| F|  |TAMS 0x0000000087e00000, 0x0000000087e00000| Untracked 
| 127|0x0000000087f00000, 0x0000000087f00000, 0x0000000088000000|  0%| F|  |TAMS 0x0000000087f00000, 0x0000000087f00000| Untracked 
| 128|0x0000000088000000, 0x0000000088000000, 0x0000000088100000|  0%| F|  |TAMS 0x0000000088000000, 0x0000000088000000| Untracked 
| 129|0x0000000088100000, 0x0000000088100000, 0x0000000088200000|  0%| F|  |TAMS 0x0000000088100000, 0x0000000088100000| Untracked 
| 130|0x0000000088200000, 0x0000000088200000, 0x0000000088300000|  0%| F|  |TAMS 0x0000000088200000, 0x0000000088200000| Untracked 
| 131|0x0000000088300000, 0x0000000088300000, 0x0000000088400000|  0%| F|  |TAMS 0x0000000088300000, 0x0000000088300000| Untracked 
| 132|0x0000000088400000, 0x0000000088400000, 0x0000000088500000|  0%| F|  |TAMS 0x0000000088400000, 0x0000000088400000| Untracked 
| 133|0x0000000088500000, 0x0000000088500000, 0x0000000088600000|  0%| F|  |TAMS 0x0000000088500000, 0x0000000088500000| Untracked 
| 134|0x0000000088600000, 0x0000000088600000, 0x0000000088700000|  0%| F|  |TAMS 0x0000000088600000, 0x0000000088600000| Untracked 
| 135|0x0000000088700000, 0x0000000088700000, 0x0000000088800000|  0%| F|  |TAMS 0x0000000088700000, 0x0000000088700000| Untracked 
| 136|0x0000000088800000, 0x0000000088800000, 0x0000000088900000|  0%| F|  |TAMS 0x0000000088800000, 0x0000000088800000| Untracked 
| 137|0x0000000088900000, 0x0000000088900000, 0x0000000088a00000|  0%| F|  |TAMS 0x0000000088900000, 0x0000000088900000| Untracked 
| 138|0x0000000088a00000, 0x0000000088a00000, 0x0000000088b00000|  0%| F|  |TAMS 0x0000000088a00000, 0x0000000088a00000| Untracked 
| 139|0x0000000088b00000, 0x0000000088b00000, 0x0000000088c00000|  0%| F|  |TAMS 0x0000000088b00000, 0x0000000088b00000| Untracked 
| 140|0x0000000088c00000, 0x0000000088c00000, 0x0000000088d00000|  0%| F|  |TAMS 0x0000000088c00000, 0x0000000088c00000| Untracked 
| 141|0x0000000088d00000, 0x0000000088d00000, 0x0000000088e00000|  0%| F|  |TAMS 0x0000000088d00000, 0x0000000088d00000| Untracked 
| 142|0x0000000088e00000, 0x0000000088e00000, 0x0000000088f00000|  0%| F|  |TAMS 0x0000000088e00000, 0x0000000088e00000| Untracked 
| 143|0x0000000088f00000, 0x0000000088f00000, 0x0000000089000000|  0%| F|  |TAMS 0x0000000088f00000, 0x0000000088f00000| Untracked 
| 144|0x0000000089000000, 0x0000000089000000, 0x0000000089100000|  0%| F|  |TAMS 0x0000000089000000, 0x0000000089000000| Untracked 
| 145|0x0000000089100000, 0x0000000089100000, 0x0000000089200000|  0%| F|  |TAMS 0x0000000089100000, 0x0000000089100000| Untracked 
| 146|0x0000000089200000, 0x0000000089200000, 0x0000000089300000|  0%| F|  |TAMS 0x0000000089200000, 0x0000000089200000| Untracked 
| 147|0x0000000089300000, 0x0000000089300000, 0x0000000089400000|  0%| F|  |TAMS 0x0000000089300000, 0x0000000089300000| Untracked 
| 148|0x0000000089400000, 0x0000000089400000, 0x0000000089500000|  0%| F|  |TAMS 0x0000000089400000, 0x0000000089400000| Untracked 
| 149|0x0000000089500000, 0x0000000089500000, 0x0000000089600000|  0%| F|  |TAMS 0x0000000089500000, 0x0000000089500000| Untracked 
| 150|0x0000000089600000, 0x0000000089600000, 0x0000000089700000|  0%| F|  |TAMS 0x0000000089600000, 0x0000000089600000| Untracked 
| 151|0x0000000089700000, 0x00000000897b11c0, 0x0000000089800000| 69%| S|CS|TAMS 0x0000000089700000, 0x0000000089700000| Complete 
| 152|0x0000000089800000, 0x0000000089900000, 0x0000000089900000|100%| S|CS|TAMS 0x0000000089800000, 0x0000000089800000| Complete 
| 153|0x0000000089900000, 0x0000000089a00000, 0x0000000089a00000|100%| S|CS|TAMS 0x0000000089900000, 0x0000000089900000| Complete 
| 154|0x0000000089a00000, 0x0000000089b00000, 0x0000000089b00000|100%| S|CS|TAMS 0x0000000089a00000, 0x0000000089a00000| Complete 
| 155|0x0000000089b00000, 0x0000000089c00000, 0x0000000089c00000|100%| S|CS|TAMS 0x0000000089b00000, 0x0000000089b00000| Complete 
| 156|0x0000000089c00000, 0x0000000089c00000, 0x0000000089d00000|  0%| F|  |TAMS 0x0000000089c00000, 0x0000000089c00000| Untracked 
| 157|0x0000000089d00000, 0x0000000089d00000, 0x0000000089e00000|  0%| F|  |TAMS 0x0000000089d00000, 0x0000000089d00000| Untracked 
| 158|0x0000000089e00000, 0x0000000089e00000, 0x0000000089f00000|  0%| F|  |TAMS 0x0000000089e00000, 0x0000000089e00000| Untracked 
| 159|0x0000000089f00000, 0x0000000089f00000, 0x000000008a000000|  0%| F|  |TAMS 0x0000000089f00000, 0x0000000089f00000| Untracked 
| 160|0x000000008a000000, 0x000000008a000000, 0x000000008a100000|  0%| F|  |TAMS 0x000000008a000000, 0x000000008a000000| Untracked 
| 161|0x000000008a100000, 0x000000008a100000, 0x000000008a200000|  0%| F|  |TAMS 0x000000008a100000, 0x000000008a100000| Untracked 
| 162|0x000000008a200000, 0x000000008a200000, 0x000000008a300000|  0%| F|  |TAMS 0x000000008a200000, 0x000000008a200000| Untracked 
| 163|0x000000008a300000, 0x000000008a300000, 0x000000008a400000|  0%| F|  |TAMS 0x000000008a300000, 0x000000008a300000| Untracked 
| 164|0x000000008a400000, 0x000000008a400000, 0x000000008a500000|  0%| F|  |TAMS 0x000000008a400000, 0x000000008a400000| Untracked 
| 165|0x000000008a500000, 0x000000008a500000, 0x000000008a600000|  0%| F|  |TAMS 0x000000008a500000, 0x000000008a500000| Untracked 
| 166|0x000000008a600000, 0x000000008a600000, 0x000000008a700000|  0%| F|  |TAMS 0x000000008a600000, 0x000000008a600000| Untracked 
| 167|0x000000008a700000, 0x000000008a700000, 0x000000008a800000|  0%| F|  |TAMS 0x000000008a700000, 0x000000008a700000| Untracked 
| 168|0x000000008a800000, 0x000000008a800000, 0x000000008a900000|  0%| F|  |TAMS 0x000000008a800000, 0x000000008a800000| Untracked 
| 169|0x000000008a900000, 0x000000008a900000, 0x000000008aa00000|  0%| F|  |TAMS 0x000000008a900000, 0x000000008a900000| Untracked 
| 170|0x000000008aa00000, 0x000000008aa00000, 0x000000008ab00000|  0%| F|  |TAMS 0x000000008aa00000, 0x000000008aa00000| Untracked 
| 171|0x000000008ab00000, 0x000000008ab00000, 0x000000008ac00000|  0%| F|  |TAMS 0x000000008ab00000, 0x000000008ab00000| Untracked 
| 172|0x000000008ac00000, 0x000000008ac00000, 0x000000008ad00000|  0%| F|  |TAMS 0x000000008ac00000, 0x000000008ac00000| Untracked 
| 173|0x000000008ad00000, 0x000000008ad00000, 0x000000008ae00000|  0%| F|  |TAMS 0x000000008ad00000, 0x000000008ad00000| Untracked 
| 174|0x000000008ae00000, 0x000000008ae00000, 0x000000008af00000|  0%| F|  |TAMS 0x000000008ae00000, 0x000000008ae00000| Untracked 
| 175|0x000000008af00000, 0x000000008af00000, 0x000000008b000000|  0%| F|  |TAMS 0x000000008af00000, 0x000000008af00000| Untracked 
| 176|0x000000008b000000, 0x000000008b000000, 0x000000008b100000|  0%| F|  |TAMS 0x000000008b000000, 0x000000008b000000| Untracked 
| 177|0x000000008b100000, 0x000000008b100000, 0x000000008b200000|  0%| F|  |TAMS 0x000000008b100000, 0x000000008b100000| Untracked 
| 178|0x000000008b200000, 0x000000008b200000, 0x000000008b300000|  0%| F|  |TAMS 0x000000008b200000, 0x000000008b200000| Untracked 
| 179|0x000000008b300000, 0x000000008b300000, 0x000000008b400000|  0%| F|  |TAMS 0x000000008b300000, 0x000000008b300000| Untracked 
| 180|0x000000008b400000, 0x000000008b400000, 0x000000008b500000|  0%| F|  |TAMS 0x000000008b400000, 0x000000008b400000| Untracked 
| 181|0x000000008b500000, 0x000000008b500000, 0x000000008b600000|  0%| F|  |TAMS 0x000000008b500000, 0x000000008b500000| Untracked 
| 182|0x000000008b600000, 0x000000008b600000, 0x000000008b700000|  0%| F|  |TAMS 0x000000008b600000, 0x000000008b600000| Untracked 
| 183|0x000000008b700000, 0x000000008b700000, 0x000000008b800000|  0%| F|  |TAMS 0x000000008b700000, 0x000000008b700000| Untracked 
| 184|0x000000008b800000, 0x000000008b800000, 0x000000008b900000|  0%| F|  |TAMS 0x000000008b800000, 0x000000008b800000| Untracked 
| 185|0x000000008b900000, 0x000000008b900000, 0x000000008ba00000|  0%| F|  |TAMS 0x000000008b900000, 0x000000008b900000| Untracked 
| 186|0x000000008ba00000, 0x000000008ba00000, 0x000000008bb00000|  0%| F|  |TAMS 0x000000008ba00000, 0x000000008ba00000| Untracked 
| 187|0x000000008bb00000, 0x000000008bb00000, 0x000000008bc00000|  0%| F|  |TAMS 0x000000008bb00000, 0x000000008bb00000| Untracked 
| 188|0x000000008bc00000, 0x000000008bc00000, 0x000000008bd00000|  0%| F|  |TAMS 0x000000008bc00000, 0x000000008bc00000| Untracked 
| 189|0x000000008bd00000, 0x000000008bd00000, 0x000000008be00000|  0%| F|  |TAMS 0x000000008bd00000, 0x000000008bd00000| Untracked 
| 190|0x000000008be00000, 0x000000008be00000, 0x000000008bf00000|  0%| F|  |TAMS 0x000000008be00000, 0x000000008be00000| Untracked 
| 191|0x000000008bf00000, 0x000000008bf00000, 0x000000008c000000|  0%| F|  |TAMS 0x000000008bf00000, 0x000000008bf00000| Untracked 
| 192|0x000000008c000000, 0x000000008c000000, 0x000000008c100000|  0%| F|  |TAMS 0x000000008c000000, 0x000000008c000000| Untracked 
| 193|0x000000008c100000, 0x000000008c100000, 0x000000008c200000|  0%| F|  |TAMS 0x000000008c100000, 0x000000008c100000| Untracked 
| 194|0x000000008c200000, 0x000000008c200000, 0x000000008c300000|  0%| F|  |TAMS 0x000000008c200000, 0x000000008c200000| Untracked 
| 195|0x000000008c300000, 0x000000008c300000, 0x000000008c400000|  0%| F|  |TAMS 0x000000008c300000, 0x000000008c300000| Untracked 
| 196|0x000000008c400000, 0x000000008c400000, 0x000000008c500000|  0%| F|  |TAMS 0x000000008c400000, 0x000000008c400000| Untracked 
| 197|0x000000008c500000, 0x000000008c600000, 0x000000008c600000|100%| E|CS|TAMS 0x000000008c500000, 0x000000008c500000| Complete 
| 198|0x000000008c600000, 0x000000008c700000, 0x000000008c700000|100%| E|CS|TAMS 0x000000008c600000, 0x000000008c600000| Complete 
| 199|0x000000008c700000, 0x000000008c700000, 0x000000008c800000|  0%| F|  |TAMS 0x000000008c700000, 0x000000008c700000| Untracked 
| 200|0x000000008c800000, 0x000000008c800000, 0x000000008c900000|  0%| F|  |TAMS 0x000000008c800000, 0x000000008c800000| Untracked 
| 201|0x000000008c900000, 0x000000008c900000, 0x000000008ca00000|  0%| F|  |TAMS 0x000000008c900000, 0x000000008c900000| Untracked 
| 202|0x000000008ca00000, 0x000000008ca00000, 0x000000008cb00000|  0%| F|  |TAMS 0x000000008ca00000, 0x000000008ca00000| Untracked 
| 203|0x000000008cb00000, 0x000000008cb00000, 0x000000008cc00000|  0%| F|  |TAMS 0x000000008cb00000, 0x000000008cb00000| Untracked 
| 204|0x000000008cc00000, 0x000000008cc00000, 0x000000008cd00000|  0%| F|  |TAMS 0x000000008cc00000, 0x000000008cc00000| Untracked 
| 205|0x000000008cd00000, 0x000000008cd00000, 0x000000008ce00000|  0%| F|  |TAMS 0x000000008cd00000, 0x000000008cd00000| Untracked 
| 206|0x000000008ce00000, 0x000000008ce00000, 0x000000008cf00000|  0%| F|  |TAMS 0x000000008ce00000, 0x000000008ce00000| Untracked 
| 207|0x000000008cf00000, 0x000000008cf00000, 0x000000008d000000|  0%| F|  |TAMS 0x000000008cf00000, 0x000000008cf00000| Untracked 
| 208|0x000000008d000000, 0x000000008d000000, 0x000000008d100000|  0%| F|  |TAMS 0x000000008d000000, 0x000000008d000000| Untracked 
| 209|0x000000008d100000, 0x000000008d100000, 0x000000008d200000|  0%| F|  |TAMS 0x000000008d100000, 0x000000008d100000| Untracked 
| 210|0x000000008d200000, 0x000000008d2b5a78, 0x000000008d300000| 70%| E|  |TAMS 0x000000008d200000, 0x000000008d200000| Complete 
| 211|0x000000008d300000, 0x000000008d400000, 0x000000008d400000|100%| E|CS|TAMS 0x000000008d300000, 0x000000008d300000| Complete 
| 212|0x000000008d400000, 0x000000008d500000, 0x000000008d500000|100%| E|CS|TAMS 0x000000008d400000, 0x000000008d400000| Complete 
| 213|0x000000008d500000, 0x000000008d600000, 0x000000008d600000|100%| E|CS|TAMS 0x000000008d500000, 0x000000008d500000| Complete 
| 214|0x000000008d600000, 0x000000008d700000, 0x000000008d700000|100%| E|CS|TAMS 0x000000008d600000, 0x000000008d600000| Complete 

Card table byte_map: [0x000001c8c7410000,0x000001c8c7810000] _byte_map_base: 0x000001c8c7010000

Marking Bits (Prev, Next): (CMBitMap*) 0x000001c8b058f840, (CMBitMap*) 0x000001c8b058f800
 Prev Bits: [0x000001c8c9c10000, 0x000001c8cbc10000)
 Next Bits: [0x000001c8c7c10000, 0x000001c8c9c10000)

Polling page: 0x000001c8ae380000

Metaspace:

Usage:
  Non-class:     83.67 MB used.
      Class:     12.89 MB used.
       Both:     96.56 MB used.

Virtual space:
  Non-class space:       88.00 MB reserved,      84.19 MB ( 96%) committed,  11 nodes.
      Class space:        1.00 GB reserved,      13.38 MB (  1%) committed,  1 nodes.
             Both:        1.09 GB reserved,      97.56 MB (  9%) committed. 

Chunk freelists:
   Non-Class:  3.06 MB
       Class:  2.44 MB
        Both:  5.50 MB

MaxMetaspaceSize: unlimited
CompressedClassSpaceSize: 1.00 GB
Initial GC threshold: 21.00 MB
Current GC threshold: 162.50 MB
CDS: on
MetaspaceReclaimPolicy: balanced
 - commit_granule_bytes: 65536.
 - commit_granule_words: 8192.
 - virtual_space_node_default_size: 1048576.
 - enlarge_chunks_in_place: 1.
 - new_chunks_are_fully_committed: 0.
 - uncommit_free_chunks: 1.
 - use_allocation_guard: 0.
 - handle_deallocations: 1.


Internal statistics:

num_allocs_failed_limit: 9.
num_arena_births: 1656.
num_arena_deaths: 0.
num_vsnodes_births: 12.
num_vsnodes_deaths: 0.
num_space_committed: 1560.
num_space_uncommitted: 0.
num_chunks_returned_to_freelist: 9.
num_chunks_taken_from_freelist: 5872.
num_chunk_merges: 3.
num_chunk_splits: 3762.
num_chunks_enlarged: 2306.
num_purges: 0.
num_inconsistent_stats: 0.

CodeHeap 'non-profiled nmethods': size=120064Kb used=9642Kb max_used=9642Kb free=110421Kb
 bounds [0x000001c8bfad0000, 0x000001c8c0440000, 0x000001c8c7010000]
CodeHeap 'profiled nmethods': size=120000Kb used=30401Kb max_used=30401Kb free=89599Kb
 bounds [0x000001c8b85a0000, 0x000001c8ba360000, 0x000001c8bfad0000]
CodeHeap 'non-nmethods': size=5696Kb used=2443Kb max_used=2503Kb free=3252Kb
 bounds [0x000001c8b8010000, 0x000001c8b8290000, 0x000001c8b85a0000]
 total_blobs=15809 nmethods=14818 adapters=903
 compilation: enabled
              stopped_count=0, restarted_count=0
 full_count=0

Compilation events (20 events):
Event: 1361.739 Thread 0x000001c8cddc9f40 17251       3       org.gradle.internal.execution.model.annotations.AbstractInputFilePropertyAnnotationHandler::visitPropertyValue (63 bytes)
Event: 1361.741 Thread 0x000001c8cddc9f40 nmethod 17251 0x000001c8ba344a10 code [0x000001c8ba344d40, 0x000001c8ba346468]
Event: 1361.743 Thread 0x000001c8cddc9f40 17252       3       org.gradle.internal.time.Time::startTimer (11 bytes)
Event: 1361.743 Thread 0x000001c8cddc9f40 nmethod 17252 0x000001c8ba346c10 code [0x000001c8ba346de0, 0x000001c8ba3471d8]
Event: 1361.752 Thread 0x000001c8cddc9f40 17253       3       org.gradle.tooling.internal.provider.runner.TaskOperationMapper::createFinishedEvent (40 bytes)
Event: 1361.753 Thread 0x000001c8cddc9f40 nmethod 17253 0x000001c8ba347310 code [0x000001c8ba347500, 0x000001c8ba3479b8]
Event: 1361.753 Thread 0x000001c8cddc9f40 17254       3       org.gradle.api.internal.tasks.compile.tooling.JavaCompileTaskSuccessResultPostProcessor::process (49 bytes)
Event: 1361.754 Thread 0x000001c8cddc9f40 nmethod 17254 0x000001c8ba347c90 code [0x000001c8ba347ea0, 0x000001c8ba348618]
Event: 1361.754 Thread 0x000001c8cddc9f40 17255       3       org.gradle.tooling.events.task.internal.DefaultTaskOperationDescriptor::<init> (14 bytes)
Event: 1361.755 Thread 0x000001c8cddc9f40 nmethod 17255 0x000001c8ba348810 code [0x000001c8ba348a40, 0x000001c8ba3494f8]
Event: 1361.755 Thread 0x000001c8cddc9f40 17256       3       org.gradle.tooling.internal.consumer.parameters.BuildProgressListenerAdapter::toTaskResult (179 bytes)
Event: 1361.757 Thread 0x000001c8cddc9f40 nmethod 17256 0x000001c8ba349890 code [0x000001c8ba349ce0, 0x000001c8ba34d308]
Event: 1361.757 Thread 0x000001c8cddc9f40 17257       3       org.gradle.internal.build.event.types.DefaultTaskFinishedProgressEvent::getDisplayName (39 bytes)
Event: 1361.758 Thread 0x000001c8cddc9f40 nmethod 17257 0x000001c8ba34de10 code [0x000001c8ba34e060, 0x000001c8ba34e8b8]
Event: 1361.758 Thread 0x000001c8cddc9f40 17258       3       org.gradle.tooling.events.task.internal.DefaultTaskFinishEvent::<init> (11 bytes)
Event: 1361.758 Thread 0x000001c8cddc9f40 nmethod 17258 0x000001c8ba34eb90 code [0x000001c8ba34ed20, 0x000001c8ba34ee68]
Event: 1361.804 Thread 0x000001c8cddc9f40 17259       2       java.util.regex.Pattern$CharPropertyGreedy::match (160 bytes)
Event: 1361.805 Thread 0x000001c8cddc9f40 nmethod 17259 0x000001c8ba34ef10 code [0x000001c8ba34f100, 0x000001c8ba34f548]
Event: 1361.822 Thread 0x000001c8cddc9f40 17260       1       kotlin.sequences.FilteringSequence::access$getSequence$p (5 bytes)
Event: 1361.822 Thread 0x000001c8cddc9f40 nmethod 17260 0x000001c8c0439f10 code [0x000001c8c043a0a0, 0x000001c8c043a158]

GC Heap History (20 events):
Event: 848.462 GC heap before
{Heap before GC invocations=50 (full 0):
 garbage-first heap   total 178176K, used 147456K [0x0000000080000000, 0x0000000100000000)
  region size 1024K, 40 young (40960K), 6 survivors (6144K)
 Metaspace       used 93728K, committed 94592K, reserved 1130496K
  class space    used 12701K, committed 13120K, reserved 1048576K
}
Event: 848.504 GC heap after
{Heap after GC invocations=51 (full 0):
 garbage-first heap   total 178176K, used 117703K [0x0000000080000000, 0x0000000100000000)
  region size 1024K, 4 young (4096K), 4 survivors (4096K)
 Metaspace       used 93728K, committed 94592K, reserved 1130496K
  class space    used 12701K, committed 13120K, reserved 1048576K
}
Event: 851.917 GC heap before
{Heap before GC invocations=52 (full 0):
 garbage-first heap   total 198656K, used 147399K [0x0000000080000000, 0x0000000100000000)
  region size 1024K, 33 young (33792K), 4 survivors (4096K)
 Metaspace       used 93808K, committed 94720K, reserved 1130496K
  class space    used 12712K, committed 13184K, reserved 1048576K
}
Event: 851.961 GC heap after
{Heap after GC invocations=53 (full 0):
 garbage-first heap   total 198656K, used 120582K [0x0000000080000000, 0x0000000100000000)
  region size 1024K, 3 young (3072K), 3 survivors (3072K)
 Metaspace       used 93808K, committed 94720K, reserved 1130496K
  class space    used 12712K, committed 13184K, reserved 1048576K
}
Event: 852.189 GC heap before
{Heap before GC invocations=53 (full 0):
 garbage-first heap   total 198656K, used 125702K [0x0000000080000000, 0x0000000100000000)
  region size 1024K, 9 young (9216K), 3 survivors (3072K)
 Metaspace       used 93810K, committed 94720K, reserved 1130496K
  class space    used 12712K, committed 13184K, reserved 1048576K
}
Event: 852.258 GC heap after
{Heap after GC invocations=54 (full 0):
 garbage-first heap   total 198656K, used 114208K [0x0000000080000000, 0x0000000100000000)
  region size 1024K, 1 young (1024K), 1 survivors (1024K)
 Metaspace       used 93810K, committed 94720K, reserved 1130496K
  class space    used 12712K, committed 13184K, reserved 1048576K
}
Event: 852.311 GC heap before
{Heap before GC invocations=54 (full 0):
 garbage-first heap   total 198656K, used 114208K [0x0000000080000000, 0x0000000100000000)
  region size 1024K, 2 young (2048K), 1 survivors (1024K)
 Metaspace       used 93814K, committed 94720K, reserved 1130496K
  class space    used 12713K, committed 13184K, reserved 1048576K
}
Event: 852.324 GC heap after
{Heap after GC invocations=55 (full 0):
 garbage-first heap   total 198656K, used 114138K [0x0000000080000000, 0x0000000100000000)
  region size 1024K, 1 young (1024K), 1 survivors (1024K)
 Metaspace       used 93814K, committed 94720K, reserved 1130496K
  class space    used 12713K, committed 13184K, reserved 1048576K
}
Event: 858.438 GC heap before
{Heap before GC invocations=56 (full 0):
 garbage-first heap   total 198656K, used 165338K [0x0000000080000000, 0x0000000100000000)
  region size 1024K, 50 young (51200K), 1 survivors (1024K)
 Metaspace       used 94621K, committed 95552K, reserved 1138688K
  class space    used 12742K, committed 13184K, reserved 1048576K
}
Event: 858.458 GC heap after
{Heap after GC invocations=57 (full 0):
 garbage-first heap   total 198656K, used 117011K [0x0000000080000000, 0x0000000100000000)
  region size 1024K, 4 young (4096K), 4 survivors (4096K)
 Metaspace       used 94621K, committed 95552K, reserved 1138688K
  class space    used 12742K, committed 13184K, reserved 1048576K
}
Event: 859.016 GC heap before
{Heap before GC invocations=57 (full 0):
 garbage-first heap   total 198656K, used 122131K [0x0000000080000000, 0x0000000100000000)
  region size 1024K, 9 young (9216K), 4 survivors (4096K)
 Metaspace       used 94626K, committed 95552K, reserved 1138688K
  class space    used 12742K, committed 13184K, reserved 1048576K
}
Event: 859.038 GC heap after
{Heap after GC invocations=58 (full 0):
 garbage-first heap   total 198656K, used 115704K [0x0000000080000000, 0x0000000100000000)
  region size 1024K, 1 young (1024K), 1 survivors (1024K)
 Metaspace       used 94626K, committed 95552K, reserved 1138688K
  class space    used 12742K, committed 13184K, reserved 1048576K
}
Event: 1352.053 GC heap before
{Heap before GC invocations=58 (full 0):
 garbage-first heap   total 198656K, used 163832K [0x0000000080000000, 0x0000000100000000)
  region size 1024K, 49 young (50176K), 1 survivors (1024K)
 Metaspace       used 94819K, committed 95744K, reserved 1138688K
  class space    used 12749K, committed 13184K, reserved 1048576K
}
Event: 1352.073 GC heap after
{Heap after GC invocations=59 (full 0):
 garbage-first heap   total 198656K, used 118777K [0x0000000080000000, 0x0000000100000000)
  region size 1024K, 4 young (4096K), 4 survivors (4096K)
 Metaspace       used 94819K, committed 95744K, reserved 1138688K
  class space    used 12749K, committed 13184K, reserved 1048576K
}
Event: 1356.417 GC heap before
{Heap before GC invocations=60 (full 0):
 garbage-first heap   total 203776K, used 164857K [0x0000000080000000, 0x0000000100000000)
  region size 1024K, 50 young (51200K), 4 survivors (4096K)
 Metaspace       used 95201K, committed 96192K, reserved 1138688K
  class space    used 12777K, committed 13248K, reserved 1048576K
}
Event: 1356.465 GC heap after
{Heap after GC invocations=61 (full 0):
 garbage-first heap   total 203776K, used 125457K [0x0000000080000000, 0x0000000100000000)
  region size 1024K, 7 young (7168K), 7 survivors (7168K)
 Metaspace       used 95201K, committed 96192K, reserved 1138688K
  class space    used 12777K, committed 13248K, reserved 1048576K
}
Event: 1356.698 GC heap before
{Heap before GC invocations=61 (full 0):
 garbage-first heap   total 203776K, used 126481K [0x0000000080000000, 0x0000000100000000)
  region size 1024K, 9 young (9216K), 7 survivors (7168K)
 Metaspace       used 95446K, committed 96384K, reserved 1138688K
  class space    used 12813K, committed 13248K, reserved 1048576K
}
Event: 1356.741 GC heap after
{Heap after GC invocations=62 (full 0):
 garbage-first heap   total 203776K, used 125179K [0x0000000080000000, 0x0000000100000000)
  region size 1024K, 1 young (1024K), 1 survivors (1024K)
 Metaspace       used 95446K, committed 96384K, reserved 1138688K
  class space    used 12813K, committed 13248K, reserved 1048576K
}
Event: 1360.557 GC heap before
{Heap before GC invocations=62 (full 0):
 garbage-first heap   total 203776K, used 167163K [0x0000000080000000, 0x0000000100000000)
  region size 1024K, 43 young (44032K), 1 survivors (1024K)
 Metaspace       used 98784K, committed 99840K, reserved 1138688K
  class space    used 13189K, committed 13696K, reserved 1048576K
}
Event: 1360.598 GC heap after
{Heap after GC invocations=63 (full 0):
 garbage-first heap   total 203776K, used 128959K [0x0000000080000000, 0x0000000100000000)
  region size 1024K, 5 young (5120K), 5 survivors (5120K)
 Metaspace       used 98784K, committed 99840K, reserved 1138688K
  class space    used 13189K, committed 13696K, reserved 1048576K
}

Deoptimization events (20 events):
Event: 1359.897 Thread 0x000001c8cf2c1930 Uncommon trap: trap_request=0xffffffc6 fr.pc=0x000001c8bfae88e4 relative=0x0000000000000324
Event: 1359.898 Thread 0x000001c8cf2c1930 Uncommon trap: reason=bimorphic_or_optimized_type_check action=maybe_recompile pc=0x000001c8bfae88e4 method=java.util.ArrayList$ArrayListSpliterator.tryAdvance(Ljava/util/function/Consumer;)Z @ 48 c2
Event: 1359.898 Thread 0x000001c8cf2c1930 DEOPT PACKING pc=0x000001c8bfae88e4 sp=0x00000015a53fc350
Event: 1359.898 Thread 0x000001c8cf2c1930 DEOPT UNPACKING pc=0x000001c8b806239d sp=0x00000015a53fc2e0 mode 2
Event: 1359.898 Thread 0x000001c8cf2c1930 Uncommon trap: trap_request=0xffffffc6 fr.pc=0x000001c8bfae88e4 relative=0x0000000000000324
Event: 1359.898 Thread 0x000001c8cf2c1930 Uncommon trap: reason=bimorphic_or_optimized_type_check action=maybe_recompile pc=0x000001c8bfae88e4 method=java.util.ArrayList$ArrayListSpliterator.tryAdvance(Ljava/util/function/Consumer;)Z @ 48 c2
Event: 1359.898 Thread 0x000001c8cf2c1930 DEOPT PACKING pc=0x000001c8bfae88e4 sp=0x00000015a53fc350
Event: 1359.898 Thread 0x000001c8cf2c1930 DEOPT UNPACKING pc=0x000001c8b806239d sp=0x00000015a53fc2e0 mode 2
Event: 1360.026 Thread 0x000001c8cf2c1930 Uncommon trap: trap_request=0xffffff45 fr.pc=0x000001c8c01cc21c relative=0x00000000000044fc
Event: 1360.026 Thread 0x000001c8cf2c1930 Uncommon trap: reason=unstable_if action=reinterpret pc=0x000001c8c01cc21c method=java.io.ObjectStreamClass.hasWriteReplaceMethod()Z @ 8 c2
Event: 1360.026 Thread 0x000001c8cf2c1930 DEOPT PACKING pc=0x000001c8c01cc21c sp=0x00000015a53fa160
Event: 1360.026 Thread 0x000001c8cf2c1930 DEOPT UNPACKING pc=0x000001c8b806239d sp=0x00000015a53fa190 mode 2
Event: 1360.276 Thread 0x000001c8cf2c1e00 Uncommon trap: trap_request=0xffffff45 fr.pc=0x000001c8bfb5257c relative=0x0000000000000c7c
Event: 1360.276 Thread 0x000001c8cf2c1e00 Uncommon trap: reason=unstable_if action=reinterpret pc=0x000001c8bfb5257c method=java.io.BufferedReader.readLine(Z[Z)Ljava/lang/String; @ 209 c2
Event: 1360.276 Thread 0x000001c8cf2c1e00 DEOPT PACKING pc=0x000001c8bfb5257c sp=0x00000015a55fdab0
Event: 1360.276 Thread 0x000001c8cf2c1e00 DEOPT UNPACKING pc=0x000001c8b806239d sp=0x00000015a55fda50 mode 2
Event: 1360.306 Thread 0x000001c8cf2c1e00 Uncommon trap: trap_request=0xffffffde fr.pc=0x000001c8bff69e6c relative=0x000000000000022c
Event: 1360.306 Thread 0x000001c8cf2c1e00 Uncommon trap: reason=class_check action=maybe_recompile pc=0x000001c8bff69e6c method=com.google.common.collect.ComparatorOrdering.compare(Ljava/lang/Object;Ljava/lang/Object;)I @ 6 c2
Event: 1360.306 Thread 0x000001c8cf2c1e00 DEOPT PACKING pc=0x000001c8bff69e6c sp=0x00000015a55fcff0
Event: 1360.306 Thread 0x000001c8cf2c1e00 DEOPT UNPACKING pc=0x000001c8b806239d sp=0x00000015a55fcf68 mode 2

Classes unloaded (0 events):
No events

Classes redefined (0 events):
No events

Internal exceptions (20 events):
Event: 1359.283 Thread 0x000001c8cf2c1930 Exception <a 'sun/nio/fs/WindowsException'{0x000000008ab0f790}> (0x000000008ab0f790) 
thrown [d:\a\1\s\lookaside\java-17-openjdk\src\hotspot\share\prims\jni.cpp, line 516]
Event: 1359.284 Thread 0x000001c8cf2c1930 Exception <a 'sun/nio/fs/WindowsException'{0x000000008ab11788}> (0x000000008ab11788) 
thrown [d:\a\1\s\lookaside\java-17-openjdk\src\hotspot\share\prims\jni.cpp, line 516]
Event: 1359.284 Thread 0x000001c8cf2c1930 Exception <a 'sun/nio/fs/WindowsException'{0x000000008ab11ba0}> (0x000000008ab11ba0) 
thrown [d:\a\1\s\lookaside\java-17-openjdk\src\hotspot\share\prims\jni.cpp, line 516]
Event: 1359.426 Thread 0x000001c8d2fc0070 Exception <a 'sun/nio/fs/WindowsException'{0x000000008accb1c8}> (0x000000008accb1c8) 
thrown [d:\a\1\s\lookaside\java-17-openjdk\src\hotspot\share\prims\jni.cpp, line 516]
Event: 1360.013 Thread 0x000001c8cf2c1930 Exception <a 'java/lang/NoSuchMethodError'{0x000000008a272210}: static Lcom/android/builder/internal/aapt/AaptOptions;.<clinit>()V> (0x000000008a272210) 
thrown [d:\a\1\s\lookaside\java-17-openjdk\src\hotspot\share\prims\jni.cpp, line 1107]
Event: 1360.027 Thread 0x000001c8cf2c1930 Exception <a 'java/lang/NoSuchMethodError'{0x000000008a2a34d8}: static [Ljava/lang/Object;.<clinit>()V> (0x000000008a2a34d8) 
thrown [d:\a\1\s\lookaside\java-17-openjdk\src\hotspot\share\prims\jni.cpp, line 1107]
Event: 1360.034 Thread 0x000001c8cf2c1930 Exception <a 'java/lang/NoSuchMethodError'{0x000000008a2b3bf0}: static Ljava/lang/Object;.<clinit>()V> (0x000000008a2b3bf0) 
thrown [d:\a\1\s\lookaside\java-17-openjdk\src\hotspot\share\prims\jni.cpp, line 1107]
Event: 1360.040 Thread 0x000001c8cf2c1930 Exception <a 'java/lang/NoSuchMethodError'{0x000000008a2d1230}: static Lcom/android/build/api/variant/impl/SerializableApplicationMultiOutputHandler;.<clinit>()V> (0x000000008a2d1230) 
thrown [d:\a\1\s\lookaside\java-17-openjdk\src\hotspot\share\prims\jni.cpp, line 1107]
Event: 1360.069 Thread 0x000001c8cf2c1930 Exception <a 'java/lang/NoSuchMethodError'{0x000000008a2e6bd0}: static Lcom/android/build/api/variant/impl/VariantOutputImpl$SerializedForm;.<clinit>()V> (0x000000008a2e6bd0) 
thrown [d:\a\1\s\lookaside\java-17-openjdk\src\hotspot\share\prims\jni.cpp, line 1107]
Event: 1360.073 Thread 0x000001c8cf2c1930 Exception <a 'java/lang/NoSuchMethodError'{0x000000008a2fa748}: static Lcom/android/build/api/variant/impl/VariantOutputConfigurationImpl;.<clinit>()V> (0x000000008a2fa748) 
thrown [d:\a\1\s\lookaside\java-17-openjdk\src\hotspot\share\prims\jni.cpp, line 1107]
Event: 1360.146 Thread 0x000001c8cf2c1e00 Exception <a 'sun/nio/fs/WindowsException'{0x000000008a00bd18}> (0x000000008a00bd18) 
thrown [d:\a\1\s\lookaside\java-17-openjdk\src\hotspot\share\prims\jni.cpp, line 516]
Event: 1360.146 Thread 0x000001c8cf2c1e00 Exception <a 'sun/nio/fs/WindowsException'{0x000000008a00c128}> (0x000000008a00c128) 
thrown [d:\a\1\s\lookaside\java-17-openjdk\src\hotspot\share\prims\jni.cpp, line 516]
Event: 1360.148 Thread 0x000001c8cf2c1e00 Exception <a 'sun/nio/fs/WindowsException'{0x000000008a00d130}> (0x000000008a00d130) 
thrown [d:\a\1\s\lookaside\java-17-openjdk\src\hotspot\share\prims\jni.cpp, line 516]
Event: 1360.148 Thread 0x000001c8cf2c1e00 Exception <a 'sun/nio/fs/WindowsException'{0x000000008a00d540}> (0x000000008a00d540) 
thrown [d:\a\1\s\lookaside\java-17-openjdk\src\hotspot\share\prims\jni.cpp, line 516]
Event: 1360.167 Thread 0x000001c8d2fc0070 Exception <a 'sun/nio/fs/WindowsException'{0x000000008a51e660}> (0x000000008a51e660) 
thrown [d:\a\1\s\lookaside\java-17-openjdk\src\hotspot\share\prims\jni.cpp, line 516]
Event: 1360.175 Thread 0x000001c8d2fc0070 Exception <a 'sun/nio/fs/WindowsException'{0x000000008a0c9708}> (0x000000008a0c9708) 
thrown [d:\a\1\s\lookaside\java-17-openjdk\src\hotspot\share\prims\jni.cpp, line 516]
Event: 1361.926 Thread 0x000001c8d2fc0070 Exception <a 'sun/nio/fs/WindowsException'{0x000000008d208a10}> (0x000000008d208a10) 
thrown [d:\a\1\s\lookaside\java-17-openjdk\src\hotspot\share\prims\jni.cpp, line 516]
Event: 1361.944 Thread 0x000001c8d2fc0070 Exception <a 'sun/nio/fs/WindowsException'{0x000000008d208ed8}> (0x000000008d208ed8) 
thrown [d:\a\1\s\lookaside\java-17-openjdk\src\hotspot\share\prims\jni.cpp, line 516]
Event: 1362.068 Thread 0x000001c8d2fc0070 Exception <a 'sun/nio/fs/WindowsException'{0x000000008d20b420}> (0x000000008d20b420) 
thrown [d:\a\1\s\lookaside\java-17-openjdk\src\hotspot\share\prims\jni.cpp, line 516]
Event: 1362.069 Thread 0x000001c8d2fc0070 Exception <a 'sun/nio/fs/WindowsException'{0x000000008d20b830}> (0x000000008d20b830) 
thrown [d:\a\1\s\lookaside\java-17-openjdk\src\hotspot\share\prims\jni.cpp, line 516]

VM Operations (20 events):
Event: 1356.417 Executing VM operation: G1CollectForAllocation
Event: 1356.465 Executing VM operation: G1CollectForAllocation done
Event: 1356.698 Executing VM operation: G1CollectForAllocation
Event: 1356.744 Executing VM operation: G1CollectForAllocation done
Event: 1357.746 Executing VM operation: Cleanup
Event: 1357.748 Executing VM operation: Cleanup done
Event: 1358.130 Executing VM operation: HandshakeAllThreads
Event: 1358.130 Executing VM operation: HandshakeAllThreads done
Event: 1358.528 Executing VM operation: HandshakeAllThreads
Event: 1358.528 Executing VM operation: HandshakeAllThreads done
Event: 1358.533 Executing VM operation: HandshakeAllThreads
Event: 1358.533 Executing VM operation: HandshakeAllThreads done
Event: 1359.534 Executing VM operation: Cleanup
Event: 1359.645 Executing VM operation: Cleanup done
Event: 1360.557 Executing VM operation: G1CollectForAllocation
Event: 1360.633 Executing VM operation: G1CollectForAllocation done
Event: 1361.018 Executing VM operation: G1Concurrent
Event: 1361.213 Executing VM operation: G1Concurrent done
Event: 1361.380 Executing VM operation: G1Concurrent
Event: 1361.399 Executing VM operation: G1Concurrent done

Events (20 events):
Event: 1358.154 loading class java/util/TreeMap$DescendingSubMap done
Event: 1358.154 loading class java/util/Collections$ReverseComparator
Event: 1358.154 loading class java/util/Collections$ReverseComparator done
Event: 1358.155 loading class java/util/TreeMap$DescendingSubMap$DescendingEntrySetView
Event: 1358.155 loading class java/util/TreeMap$NavigableSubMap$EntrySetView
Event: 1358.155 loading class java/util/TreeMap$NavigableSubMap$EntrySetView done
Event: 1358.155 loading class java/util/TreeMap$DescendingSubMap$DescendingEntrySetView done
Event: 1358.155 loading class java/util/TreeMap$NavigableSubMap$DescendingSubMapEntryIterator
Event: 1358.156 loading class java/util/TreeMap$NavigableSubMap$SubMapIterator
Event: 1358.156 loading class java/util/TreeMap$NavigableSubMap$SubMapIterator done
Event: 1358.156 loading class java/util/TreeMap$NavigableSubMap$DescendingSubMapEntryIterator done
Event: 1359.304 Thread 0x000001c8cf2c1e00 Thread added: 0x000001c8cf2c1e00
Event: 1359.724 Thread 0x000001c8cf2c22d0 Thread added: 0x000001c8cf2c22d0
Event: 1360.382 loading class java/util/concurrent/Executors$DelegatedScheduledExecutorService
Event: 1360.382 loading class java/util/concurrent/Executors$DelegatedExecutorService
Event: 1360.382 loading class java/util/concurrent/Executors$DelegatedExecutorService done
Event: 1360.382 loading class java/util/concurrent/Executors$DelegatedScheduledExecutorService done
Event: 1360.383 Thread 0x000001c8cf2c2c70 Thread added: 0x000001c8cf2c2c70
Event: 1361.448 Thread 0x000001c8cf2c3140 Thread added: 0x000001c8cf2c3140
Event: 1361.448 Thread 0x000001c8d818b9f0 Thread added: 0x000001c8d818b9f0


Dynamic libraries:
0x00007ff739610000 - 0x00007ff739631000 	D:\java\ojdkbuild\java-17-openjdk-17.0.3.0.6-1\bin\java.exe
0x00007ffbb09d0000 - 0x00007ffbb0be7000 	C:\Windows\SYSTEM32\ntdll.dll
0x00007ffbaf530000 - 0x00007ffbaf5f4000 	C:\Windows\System32\KERNEL32.DLL
0x00007ffbae0a0000 - 0x00007ffbae446000 	C:\Windows\System32\KERNELBASE.dll
0x00007ffbadf50000 - 0x00007ffbae061000 	C:\Windows\System32\ucrtbase.dll
0x00007ffb9dfc0000 - 0x00007ffb9dfd8000 	D:\java\ojdkbuild\java-17-openjdk-17.0.3.0.6-1\bin\jli.dll
0x00007ffbb0340000 - 0x00007ffbb04ee000 	C:\Windows\System32\USER32.dll
0x00007ffbae070000 - 0x00007ffbae096000 	C:\Windows\System32\win32u.dll
0x00007ffbae990000 - 0x00007ffbae9b9000 	C:\Windows\System32\GDI32.dll
0x00007ffbae450000 - 0x00007ffbae568000 	C:\Windows\System32\gdi32full.dll
0x00007ffbade80000 - 0x00007ffbadf1a000 	C:\Windows\System32\msvcp_win.dll
0x00007ffb845b0000 - 0x00007ffb845cb000 	D:\java\ojdkbuild\java-17-openjdk-17.0.3.0.6-1\bin\VCRUNTIME140.dll
0x00007ffb91040000 - 0x00007ffb912d3000 	C:\Windows\WinSxS\amd64_microsoft.windows.common-controls_6595b64144ccf1df_6.0.22621.2506_none_270c5ae97388e100\COMCTL32.dll
0x00007ffbaf270000 - 0x00007ffbaf317000 	C:\Windows\System32\msvcrt.dll
0x00007ffbb0250000 - 0x00007ffbb0281000 	C:\Windows\System32\IMM32.DLL
0x00007ffb987f0000 - 0x00007ffb987fc000 	D:\java\ojdkbuild\java-17-openjdk-17.0.3.0.6-1\bin\vcruntime140_1.dll
0x00007ffb6d6d0000 - 0x00007ffb6d75d000 	D:\java\ojdkbuild\java-17-openjdk-17.0.3.0.6-1\bin\msvcp140.dll
0x00007ffb26df0000 - 0x00007ffb27a4f000 	D:\java\ojdkbuild\java-17-openjdk-17.0.3.0.6-1\bin\server\jvm.dll
0x00007ffbaf600000 - 0x00007ffbaf6b3000 	C:\Windows\System32\ADVAPI32.dll
0x00007ffbaf420000 - 0x00007ffbaf4c8000 	C:\Windows\System32\sechost.dll
0x00007ffbadf20000 - 0x00007ffbadf48000 	C:\Windows\System32\bcrypt.dll
0x00007ffbaea10000 - 0x00007ffbaeb27000 	C:\Windows\System32\RPCRT4.dll
0x00007ffbb0980000 - 0x00007ffbb0988000 	C:\Windows\System32\PSAPI.DLL
0x00007ffb92bb0000 - 0x00007ffb92bb9000 	C:\Windows\SYSTEM32\WSOCK32.dll
0x00007ffbb0290000 - 0x00007ffbb0301000 	C:\Windows\System32\WS2_32.dll
0x00007ffb9a840000 - 0x00007ffb9a874000 	C:\Windows\SYSTEM32\WINMM.dll
0x00007ffb9c050000 - 0x00007ffb9c05a000 	C:\Windows\SYSTEM32\VERSION.dll
0x00007ffbacda0000 - 0x00007ffbacdb8000 	C:\Windows\SYSTEM32\kernel.appcore.dll
0x00007ffb97420000 - 0x00007ffb9742a000 	D:\java\ojdkbuild\java-17-openjdk-17.0.3.0.6-1\bin\jimage.dll
0x00007ffbab7c0000 - 0x00007ffbab9f3000 	C:\Windows\SYSTEM32\DBGHELP.DLL
0x00007ffbaec10000 - 0x00007ffbaef99000 	C:\Windows\System32\combase.dll
0x00007ffbaeb30000 - 0x00007ffbaec07000 	C:\Windows\System32\OLEAUT32.dll
0x00007ffb98f10000 - 0x00007ffb98f42000 	C:\Windows\SYSTEM32\dbgcore.DLL
0x00007ffbae5e0000 - 0x00007ffbae65a000 	C:\Windows\System32\bcryptPrimitives.dll
0x00007ffb831b0000 - 0x00007ffb831d5000 	D:\java\ojdkbuild\java-17-openjdk-17.0.3.0.6-1\bin\java.dll
0x00007ffb6d5f0000 - 0x00007ffb6d6c7000 	D:\java\ojdkbuild\java-17-openjdk-17.0.3.0.6-1\bin\jsvml.dll
0x00007ffbaf990000 - 0x00007ffbb01eb000 	C:\Windows\System32\SHELL32.dll
0x00007ffbabc30000 - 0x00007ffbac526000 	C:\Windows\SYSTEM32\windows.storage.dll
0x00007ffbabaf0000 - 0x00007ffbabc2e000 	C:\Windows\SYSTEM32\wintypes.dll
0x00007ffbaf320000 - 0x00007ffbaf413000 	C:\Windows\System32\SHCORE.dll
0x00007ffbb01f0000 - 0x00007ffbb024e000 	C:\Windows\System32\shlwapi.dll
0x00007ffbadc40000 - 0x00007ffbadc66000 	C:\Windows\SYSTEM32\profapi.dll
0x00007ffb76ba0000 - 0x00007ffb76bb9000 	D:\java\ojdkbuild\java-17-openjdk-17.0.3.0.6-1\bin\net.dll
0x00007ffba4660000 - 0x00007ffba4797000 	C:\Windows\SYSTEM32\WINHTTP.dll
0x00007ffbad270000 - 0x00007ffbad2d9000 	C:\Windows\system32\mswsock.dll
0x00007ffb74da0000 - 0x00007ffb74db6000 	D:\java\ojdkbuild\java-17-openjdk-17.0.3.0.6-1\bin\nio.dll
0x00007ffb6f0d0000 - 0x00007ffb6f0e8000 	D:\java\ojdkbuild\java-17-openjdk-17.0.3.0.6-1\bin\zip.dll
0x00007ffb96120000 - 0x00007ffb96130000 	D:\java\ojdkbuild\java-17-openjdk-17.0.3.0.6-1\bin\verify.dll
0x00007ffb6dd20000 - 0x00007ffb6dd47000 	C:\Users\11218\.gradle\native\68d5fa5c4cc2d200863cafc0d521ce42e7d3e7ee720ec0a83991735586a16f82\windows-amd64\native-platform.dll
0x00007ffb5bc10000 - 0x00007ffb5bd54000 	C:\Users\11218\.gradle\native\e376f236ea51e6404a007f0833ffe2c6e607c4080706a723a18a27aeea778392\windows-amd64\native-platform-file-events.dll
0x00007ffb85220000 - 0x00007ffb85229000 	D:\java\ojdkbuild\java-17-openjdk-17.0.3.0.6-1\bin\management.dll
0x00007ffb83450000 - 0x00007ffb8345b000 	D:\java\ojdkbuild\java-17-openjdk-17.0.3.0.6-1\bin\management_ext.dll
0x00007ffbad5c0000 - 0x00007ffbad5db000 	C:\Windows\SYSTEM32\CRYPTSP.dll
0x00007ffbacd60000 - 0x00007ffbacd95000 	C:\Windows\system32\rsaenh.dll
0x00007ffbad310000 - 0x00007ffbad33c000 	C:\Windows\SYSTEM32\USERENV.dll
0x00007ffbad5a0000 - 0x00007ffbad5ac000 	C:\Windows\SYSTEM32\CRYPTBASE.dll
0x00007ffbac890000 - 0x00007ffbac8bd000 	C:\Windows\SYSTEM32\IPHLPAPI.DLL
0x00007ffbaefa0000 - 0x00007ffbaefa9000 	C:\Windows\System32\NSI.dll
0x00007ffba5150000 - 0x00007ffba5169000 	C:\Windows\SYSTEM32\dhcpcsvc6.DLL
0x00007ffba4640000 - 0x00007ffba465f000 	C:\Windows\SYSTEM32\dhcpcsvc.DLL
0x00007ffbac8c0000 - 0x00007ffbac9b9000 	C:\Windows\SYSTEM32\DNSAPI.dll
0x00007ffb831a0000 - 0x00007ffb831ad000 	D:\java\ojdkbuild\java-17-openjdk-17.0.3.0.6-1\bin\sunmscapi.dll
0x00007ffbadd10000 - 0x00007ffbade76000 	C:\Windows\System32\CRYPT32.dll
0x00007ffbad6d0000 - 0x00007ffbad6fe000 	C:\Windows\SYSTEM32\ncrypt.dll
0x00007ffbad690000 - 0x00007ffbad6c7000 	C:\Windows\SYSTEM32\NTASN1.dll
0x00007ffb9aa80000 - 0x00007ffb9aa88000 	C:\Windows\system32\wshunix.dll
0x00007ffb90f50000 - 0x00007ffb90f67000 	C:\Windows\system32\napinsp.dll
0x00007ffb90f30000 - 0x00007ffb90f4b000 	C:\Windows\system32\pnrpnsp.dll
0x00007ffb90f10000 - 0x00007ffb90f21000 	C:\Windows\System32\winrnr.dll
0x00007ffb9e1a0000 - 0x00007ffb9e1b5000 	C:\Windows\system32\wshbth.dll
0x00007ffb8dca0000 - 0x00007ffb8dcc1000 	C:\Windows\system32\nlansp_c.dll
0x00007ffb9b080000 - 0x00007ffb9b08a000 	C:\Windows\System32\rasadhlp.dll
0x00007ffb9bf40000 - 0x00007ffb9bfc3000 	C:\Windows\System32\fwpuclnt.dll
0x00007ffb6e680000 - 0x00007ffb6e69e000 	C:\Users\11218\AppData\Local\temp\native-platform3497269427775155494dir\native-platform.dll
0x00007ffb76b90000 - 0x00007ffb76b97000 	D:\java\ojdkbuild\java-17-openjdk-17.0.3.0.6-1\bin\rmi.dll

dbghelp: loaded successfully - version: 4.0.5 - missing functions: none
symbol engine: initialized successfully - sym options: 0x614 - pdb path: .;D:\java\ojdkbuild\java-17-openjdk-17.0.3.0.6-1\bin;C:\Windows\SYSTEM32;C:\Windows\WinSxS\amd64_microsoft.windows.common-controls_6595b64144ccf1df_6.0.22621.2506_none_270c5ae97388e100;D:\java\ojdkbuild\java-17-openjdk-17.0.3.0.6-1\bin\server;C:\Users\11218\.gradle\native\68d5fa5c4cc2d200863cafc0d521ce42e7d3e7ee720ec0a83991735586a16f82\windows-amd64;C:\Users\11218\.gradle\native\e376f236ea51e6404a007f0833ffe2c6e607c4080706a723a18a27aeea778392\windows-amd64;C:\Users\11218\AppData\Local\temp\native-platform3497269427775155494dir

VM Arguments:
jvm_args: --add-opens=java.base/java.util=ALL-UNNAMED --add-opens=java.base/java.lang=ALL-UNNAMED --add-opens=java.base/java.lang.invoke=ALL-UNNAMED --add-opens=java.prefs/java.util.prefs=ALL-UNNAMED --add-opens=java.base/java.nio.charset=ALL-UNNAMED --add-opens=java.base/java.net=ALL-UNNAMED --add-opens=java.base/java.util.concurrent.atomic=ALL-UNNAMED -Xmx2048m -Dfile.encoding=UTF-8 -Duser.country=CN -Duser.language=zh -Duser.variant 
java_command: org.gradle.launcher.daemon.bootstrap.GradleDaemon 8.0
java_class_path (initial): C:\Users\11218\.gradle\wrapper\dists\gradle-8.0-all\a2o1xoguejy6msdh0lk99lxza\gradle-8.0\lib\gradle-launcher-8.0.jar
Launcher Type: SUN_STANDARD

[Global flags]
     intx CICompilerCount                          = 2                                         {product} {ergonomic}
     uint ConcGCThreads                            = 1                                         {product} {ergonomic}
     uint G1ConcRefinementThreads                  = 2                                         {product} {ergonomic}
   size_t G1HeapRegionSize                         = 1048576                                   {product} {ergonomic}
    uintx GCDrainStackTargetSize                   = 64                                        {product} {ergonomic}
   size_t InitialHeapSize                          = 132120576                                 {product} {ergonomic}
   size_t MarkStackSize                            = 4194304                                   {product} {ergonomic}
   size_t MaxHeapSize                              = 2147483648                                {product} {command line}
   size_t MaxNewSize                               = 1287651328                                {product} {ergonomic}
   size_t MinHeapDeltaBytes                        = 1048576                                   {product} {ergonomic}
   size_t MinHeapSize                              = 8388608                                   {product} {ergonomic}
    uintx NonNMethodCodeHeapSize                   = 5826188                                {pd product} {ergonomic}
    uintx NonProfiledCodeHeapSize                  = 122916026                              {pd product} {ergonomic}
    uintx ProfiledCodeHeapSize                     = 122916026                              {pd product} {ergonomic}
    uintx ReservedCodeCacheSize                    = 251658240                              {pd product} {ergonomic}
     bool SegmentedCodeCache                       = true                                      {product} {ergonomic}
   size_t SoftMaxHeapSize                          = 2147483648                             {manageable} {ergonomic}
     bool UseCompressedClassPointers               = true                           {product lp64_product} {ergonomic}
     bool UseCompressedOops                        = true                           {product lp64_product} {ergonomic}
     bool UseG1GC                                  = true                                      {product} {ergonomic}
     bool UseLargePagesIndividualAllocation        = false                                  {pd product} {ergonomic}

Logging:
Log output configuration:
 #0: stdout all=warning uptime,level,tags
 #1: stderr all=off uptime,level,tags

Environment Variables:
JAVA_HOME=D:\java\ojdkbuild\java-17-openjdk-17.0.3.0.6-1
CLASSPATH=D:\androidLearning\AndroidStudioProjects\serviceTest1\\gradle\wrapper\gradle-wrapper.jar
PATH=C:\Users\11218\miniconda3\condabin;C:\Windows\system32;C:\Windows;C:\Windows\System32\Wbem;C:\Windows\System32\WindowsPowerShell\v1.0\;C:\Windows\System32\OpenSSH\;D:\powershell\powershell7;d:\python3.11;C:\Program Files\WinRAR;C:\Program Files\Microsoft Office\root\Office16;C:\Program Files\PuTTY\;C:\Users\11218\AppData\Local\Microsoft\WindowsApps;C:\Program Files\dotnet\;D:\mytools\MinGit-2.11.1.mingit.prerelease.4-64-bit\cmd;D:\mytools\MinGit-2.11.1.mingit.prerelease.4-64-bit\usr\bin;D:\mytools\WiresharkPortable64\App\Wireshark;D:\MYTOOLS\SPSS1\JRE\bin;D:\myPython\goods;D:\mytools\SPSS1;C:\Users\11218\AppData\Roaming\nvda\addons\NVBox\globalPlugins\nvbox\adb;d:\java\ojdkbuild\java-17-openjdk-17.0.3.0.6-1.jre\bin;C:\Program Files\Docker\Docker\resources\bin;d:\java\ojdkbuild\java-17-openjdk-17.0.3.0.6-1\bin;D:\androidLearning\gradle\gradle-8.0\bin;D:\java\ojdkbuild\java-17-openjdk-17.0.3.0.6-1\bin;D:/java/ojdkbuild/java-17-openjdk-17.0.3.0.6-1.jre\bin;D:/java/ojdkbuild/java-17-openjdk-17.0.3.0.6-1.jre\bin\server;D:\ANDROIDLEARNING\REVERSE;C:\Users\11218\AppData\Local\Programs\Python\Python311;D:\myPython\NVSrC;C:\Users\11218\.gradle\wrapper\dists\gradle-8.0-all\a2o1xoguejy6msdh0lk99lxza\gradle-8.0\bin;D:\androidLearning\REVERSE\jadx\bin;C:\Program Files\Cloudflare\Cloudflare WARP\;D:\mypython\nvsrc\py-3-11-32\Scripts\;D:\mypython\nvsrc\py-3-11-32\;C:\Users\11218\AppData\Local\Programs\Python\Python311\;C:\Users\11218\miniconda3;C:\Users\11218\miniconda3\Library\mingw-w64\bin;C:\Users\11218\miniconda3\Library\usr\bin;C:\Users\11218\miniconda3\Library\bin;C:\Users\11218\miniconda3\Scripts;C:\Users\11218\scoop\shims;C:\Users\11218\AppData\Local\Microsoft\WindowsApps;C:\Users\11218\AppData\Local\Programs\Microsoft VS Code\bin;D:\myPython\goods;C:\Users\11218\AppData\Local\Microsoft\WinGet\Links;C:\Users\11218\.dotnet\tools
USERNAME=Stranger
OS=Windows_NT
PROCESSOR_IDENTIFIER=Intel64 Family 6 Model 122 Stepping 8, GenuineIntel



---------------  S Y S T E M  ---------------

OS:
 Windows 11 , 64 bit Build 22621 (10.0.22621.3085)
OS uptime: 8 days 0:04 hours
Hyper-V role detected

CPU: total 2 (initial active 2) (2 cores per cpu, 1 threads per core) family 6 model 122 stepping 8 microcode 0x1a, cx8, cmov, fxsr, mmx, 3dnowpref, sse, sse2, sse3, ssse3, sse4.1, sse4.2, popcnt, tsc, tscinvbit, aes, erms, clmul, sha, clflush, clflushopt, hv

Memory: 4k page, system-wide physical 7995M (1000M free)
TotalPageFile size 17099M (AvailPageFile size 4M)
current process WorkingSet (physical memory assigned to process): 478M, peak: 478M
current process commit charge ("private bytes"): 522M, peak: 524M

vm_info: OpenJDK 64-Bit Server VM (17.0.3+6-LTS) for windows-amd64 JRE (17.0.3+6-LTS), built on May  3 2022 21:26:56 by "" with MS VC++ 16.10 / 16.11 (VS2019)

END.
