#
# There is insufficient memory for the Java Runtime Environment to continue.
# Native memory allocation (malloc) failed to allocate 233456 bytes for Chunk::new
# Possible reasons:
#   The system is out of physical RAM or swap space
#   The process is running with CompressedOops enabled, and the Java Heap may be blocking the growth of the native heap
# Possible solutions:
#   Reduce memory load on the system
#   Increase physical memory or swap space
#   Check if swap backing store is full
#   Decrease Java heap size (-Xmx/-Xms)
#   Decrease number of Java threads
#   Decrease Java thread stack sizes (-Xss)
#   Set larger code cache with -XX:ReservedCodeCacheSize=
#   JVM is running with Unscaled Compressed Oops mode in which the Java heap is
#     placed in the first 4GB address space. The Java Heap base address is the
#     maximum limit for the native heap growth. Please use -XX:HeapBaseMinAddress
#     to set the Java Heap base and to place the Java Heap above 4GB virtual address.
# This output file may be truncated or incomplete.
#
#  Out of Memory Error (arena.cpp:189), pid=18032, tid=12368
#
# JRE version: OpenJDK Runtime Environment 21.9 (17.0.3+6) (build 17.0.3+6-LTS)
# Java VM: OpenJDK 64-Bit Server VM 21.9 (17.0.3+6-LTS, mixed mode, sharing, tiered, compressed oops, compressed class ptrs, g1 gc, windows-amd64)
# No core dump will be written. Minidumps are not enabled by default on client versions of Windows
#

---------------  S U M M A R Y ------------

Command Line: -Xmx64m -Xms64m -Dorg.gradle.appname=gradlew org.gradle.wrapper.GradleWrapperMain assemble

Host: Intel(R) Celeron(R) N4020 CPU @ 1.10GHz, 2 cores, 7G,  Windows 11 , 64 bit Build 22621 (10.0.22621.3235)
Time: Thu Mar 21 22:44:07 2024  Windows 11 , 64 bit Build 22621 (10.0.22621.3235) elapsed time: 73.125370 seconds (0d 0h 1m 13s)

---------------  T H R E A D  ---------------

Current thread (0x00000202721f02c0):  JavaThread "C2 CompilerThread0" daemon [_thread_in_native, id=12368, stack(0x000000a204900000,0x000000a204a00000)]


Current CompileTask:
C2:  73125 1607   !   4       java.io.BufferedReader::readLine (327 bytes)

Stack: [0x000000a204900000,0x000000a204a00000]
Native frames: (J=compiled Java code, j=interpreted, Vv=VM code, C=native code)
V  [jvm.dll+0x67720a]
V  [jvm.dll+0x832514]
V  [jvm.dll+0x833cbe]
V  [jvm.dll+0x834323]
V  [jvm.dll+0x245815]
V  [jvm.dll+0xabf1b]
V  [jvm.dll+0xac4ac]
V  [jvm.dll+0x2aca1f]
V  [jvm.dll+0x57e019]
V  [jvm.dll+0x22090d]
V  [jvm.dll+0x220cef]
V  [jvm.dll+0x21a5c5]
V  [jvm.dll+0x217a8b]
V  [jvm.dll+0x1a400d]
V  [jvm.dll+0x227508]
V  [jvm.dll+0x22565c]
V  [jvm.dll+0x7e7d5c]
V  [jvm.dll+0x7e230a]
V  [jvm.dll+0x676095]
C  [ucrtbase.dll+0x29363]
C  [KERNEL32.DLL+0x1257d]
C  [ntdll.dll+0x5aa58]


---------------  P R O C E S S  ---------------

Threads class SMR info:
_java_thread_list=0x000002027225c590, length=15, elements={
0x00000202575931d0, 0x00000202721c2220, 0x00000202721c3090, 0x00000202721eb510,
0x00000202721ec0c0, 0x00000202721eeb80, 0x00000202721ef530, 0x00000202721f02c0,
0x000002027224c630, 0x0000020272251300, 0x00000202722de990, 0x0000020272c30160,
0x00000202735bbfa0, 0x000002027389e4c0, 0x0000020273841f90
}

Java Threads: ( => current thread )
  0x00000202575931d0 JavaThread "main" [_thread_in_native, id=14876, stack(0x000000a203b00000,0x000000a203c00000)]
  0x00000202721c2220 JavaThread "Reference Handler" daemon [_thread_blocked, id=22476, stack(0x000000a204300000,0x000000a204400000)]
  0x00000202721c3090 JavaThread "Finalizer" daemon [_thread_blocked, id=21748, stack(0x000000a204400000,0x000000a204500000)]
  0x00000202721eb510 JavaThread "Signal Dispatcher" daemon [_thread_blocked, id=13260, stack(0x000000a204500000,0x000000a204600000)]
  0x00000202721ec0c0 JavaThread "Attach Listener" daemon [_thread_blocked, id=20820, stack(0x000000a204600000,0x000000a204700000)]
  0x00000202721eeb80 JavaThread "Service Thread" daemon [_thread_blocked, id=2108, stack(0x000000a204700000,0x000000a204800000)]
  0x00000202721ef530 JavaThread "Monitor Deflation Thread" daemon [_thread_blocked, id=19716, stack(0x000000a204800000,0x000000a204900000)]
=>0x00000202721f02c0 JavaThread "C2 CompilerThread0" daemon [_thread_in_native, id=12368, stack(0x000000a204900000,0x000000a204a00000)]
  0x000002027224c630 JavaThread "C1 CompilerThread0" daemon [_thread_blocked, id=23072, stack(0x000000a204a00000,0x000000a204b00000)]
  0x0000020272251300 JavaThread "Sweeper thread" daemon [_thread_blocked, id=20468, stack(0x000000a204b00000,0x000000a204c00000)]
  0x00000202722de990 JavaThread "Notification Thread" daemon [_thread_blocked, id=19580, stack(0x000000a204c00000,0x000000a204d00000)]
  0x0000020272c30160 JavaThread "Common-Cleaner" daemon [_thread_blocked, id=19072, stack(0x000000a204e00000,0x000000a204f00000)]
  0x00000202735bbfa0 JavaThread "pool-1-thread-1" [_thread_blocked, id=19484, stack(0x000000a205000000,0x000000a205100000)]
  0x000002027389e4c0 JavaThread "DisconnectableInputStream source reader" daemon [_thread_in_native, id=15216, stack(0x000000a205200000,0x000000a205300000)]
  0x0000020273841f90 JavaThread "Forward input" [_thread_blocked, id=19780, stack(0x000000a205300000,0x000000a205400000)]

Other Threads:
  0x0000020257657e00 VMThread "VM Thread" [stack: 0x000000a204200000,0x000000a204300000] [id=12576]
  0x0000020272c2bec0 WatcherThread [stack: 0x000000a204d00000,0x000000a204e00000] [id=22844]
  0x00000202575b2890 GCTaskThread "GC Thread#0" [stack: 0x000000a203d00000,0x000000a203e00000] [id=880]
  0x0000020272e9fa10 GCTaskThread "GC Thread#1" [stack: 0x000000a204f00000,0x000000a205000000] [id=10572]
  0x00000202575b3fd0 ConcurrentGCThread "G1 Main Marker" [stack: 0x000000a203e00000,0x000000a203f00000] [id=1044]
  0x00000202575b49e0 ConcurrentGCThread "G1 Conc#0" [stack: 0x000000a203f00000,0x000000a204000000] [id=19776]
  0x00000202575f8da0 ConcurrentGCThread "G1 Refine#0" [stack: 0x000000a204000000,0x000000a204100000] [id=21952]
  0x00000202575f97c0 ConcurrentGCThread "G1 Service" [stack: 0x000000a204100000,0x000000a204200000] [id=7088]

Threads with active compile tasks:
C2 CompilerThread0    73174 1607   !   4       java.io.BufferedReader::readLine (327 bytes)

VM state: not at safepoint (normal execution)

VM Mutex/Monitor currently owned by a thread: None

Heap address: 0x00000000fc000000, size: 64 MB, Compressed Oops mode: 32-bit

CDS archive(s) mapped at: [0x0000000800000000-0x0000000800bc0000-0x0000000800bc0000), size 12320768, SharedBaseAddress: 0x0000000800000000, ArchiveRelocationMode: 0.
Compressed class space mapped at: 0x0000000800c00000-0x0000000840c00000, reserved size: 1073741824
Narrow klass base: 0x0000000800000000, Narrow klass shift: 0, Narrow klass range: 0x100000000

GC Precious Log:
 CPUs: 2 total, 2 available
 Memory: 7995M
 Large Page Support: Disabled
 NUMA Support: Disabled
 Compressed Oops: Enabled (32-bit)
 Heap Region Size: 1M
 Heap Min Capacity: 64M
 Heap Initial Capacity: 64M
 Heap Max Capacity: 64M
 Pre-touch: Disabled
 Parallel Workers: 2
 Concurrent Workers: 1
 Concurrent Refinement Workers: 2
 Periodic GC: Disabled

Heap:
 garbage-first heap   total 65536K, used 14798K [0x00000000fc000000, 0x0000000100000000)
  region size 1024K, 5 young (5120K), 1 survivors (1024K)
 Metaspace       used 8841K, committed 8960K, reserved 1056768K
  class space    used 1160K, committed 1216K, reserved 1048576K

Heap Regions: E=young(eden), S=young(survivor), O=old, HS=humongous(starts), HC=humongous(continues), CS=collection set, F=free, OA=open archive, CA=closed archive, TAMS=top-at-mark-start (previous, next)
|   0|0x00000000fc000000, 0x00000000fc100000, 0x00000000fc100000|100%| O|  |TAMS 0x00000000fc000000, 0x00000000fc000000| Untracked 
|   1|0x00000000fc100000, 0x00000000fc200000, 0x00000000fc200000|100%| O|  |TAMS 0x00000000fc100000, 0x00000000fc100000| Untracked 
|   2|0x00000000fc200000, 0x00000000fc300000, 0x00000000fc300000|100%|HS|  |TAMS 0x00000000fc200000, 0x00000000fc200000| Complete 
|   3|0x00000000fc300000, 0x00000000fc400000, 0x00000000fc400000|100%|HC|  |TAMS 0x00000000fc300000, 0x00000000fc300000| Complete 
|   4|0x00000000fc400000, 0x00000000fc500000, 0x00000000fc500000|100%|HC|  |TAMS 0x00000000fc400000, 0x00000000fc400000| Complete 
|   5|0x00000000fc500000, 0x00000000fc600000, 0x00000000fc600000|100%|HC|  |TAMS 0x00000000fc500000, 0x00000000fc500000| Complete 
|   6|0x00000000fc600000, 0x00000000fc700000, 0x00000000fc700000|100%| O|  |TAMS 0x00000000fc600000, 0x00000000fc600000| Untracked 
|   7|0x00000000fc700000, 0x00000000fc800000, 0x00000000fc800000|100%| O|  |TAMS 0x00000000fc700000, 0x00000000fc700000| Untracked 
|   8|0x00000000fc800000, 0x00000000fc900000, 0x00000000fc900000|100%| O|  |TAMS 0x00000000fc800000, 0x00000000fc800000| Untracked 
|   9|0x00000000fc900000, 0x00000000fca00000, 0x00000000fca00000|100%| O|  |TAMS 0x00000000fc900000, 0x00000000fc900000| Untracked 
|  10|0x00000000fca00000, 0x00000000fcaa0200, 0x00000000fcb00000| 62%| O|  |TAMS 0x00000000fca00000, 0x00000000fca00000| Untracked 
|  11|0x00000000fcb00000, 0x00000000fcb00000, 0x00000000fcc00000|  0%| F|  |TAMS 0x00000000fcb00000, 0x00000000fcb00000| Untracked 
|  12|0x00000000fcc00000, 0x00000000fcc00000, 0x00000000fcd00000|  0%| F|  |TAMS 0x00000000fcc00000, 0x00000000fcc00000| Untracked 
|  13|0x00000000fcd00000, 0x00000000fcd00000, 0x00000000fce00000|  0%| F|  |TAMS 0x00000000fcd00000, 0x00000000fcd00000| Untracked 
|  14|0x00000000fce00000, 0x00000000fce00000, 0x00000000fcf00000|  0%| F|  |TAMS 0x00000000fce00000, 0x00000000fce00000| Untracked 
|  15|0x00000000fcf00000, 0x00000000fcf00000, 0x00000000fd000000|  0%| F|  |TAMS 0x00000000fcf00000, 0x00000000fcf00000| Untracked 
|  16|0x00000000fd000000, 0x00000000fd000000, 0x00000000fd100000|  0%| F|  |TAMS 0x00000000fd000000, 0x00000000fd000000| Untracked 
|  17|0x00000000fd100000, 0x00000000fd100000, 0x00000000fd200000|  0%| F|  |TAMS 0x00000000fd100000, 0x00000000fd100000| Untracked 
|  18|0x00000000fd200000, 0x00000000fd200000, 0x00000000fd300000|  0%| F|  |TAMS 0x00000000fd200000, 0x00000000fd200000| Untracked 
|  19|0x00000000fd300000, 0x00000000fd300000, 0x00000000fd400000|  0%| F|  |TAMS 0x00000000fd300000, 0x00000000fd300000| Untracked 
|  20|0x00000000fd400000, 0x00000000fd400000, 0x00000000fd500000|  0%| F|  |TAMS 0x00000000fd400000, 0x00000000fd400000| Untracked 
|  21|0x00000000fd500000, 0x00000000fd500000, 0x00000000fd600000|  0%| F|  |TAMS 0x00000000fd500000, 0x00000000fd500000| Untracked 
|  22|0x00000000fd600000, 0x00000000fd600000, 0x00000000fd700000|  0%| F|  |TAMS 0x00000000fd600000, 0x00000000fd600000| Untracked 
|  23|0x00000000fd700000, 0x00000000fd700000, 0x00000000fd800000|  0%| F|  |TAMS 0x00000000fd700000, 0x00000000fd700000| Untracked 
|  24|0x00000000fd800000, 0x00000000fd800000, 0x00000000fd900000|  0%| F|  |TAMS 0x00000000fd800000, 0x00000000fd800000| Untracked 
|  25|0x00000000fd900000, 0x00000000fd900000, 0x00000000fda00000|  0%| F|  |TAMS 0x00000000fd900000, 0x00000000fd900000| Untracked 
|  26|0x00000000fda00000, 0x00000000fda00000, 0x00000000fdb00000|  0%| F|  |TAMS 0x00000000fda00000, 0x00000000fda00000| Untracked 
|  27|0x00000000fdb00000, 0x00000000fdb00000, 0x00000000fdc00000|  0%| F|  |TAMS 0x00000000fdb00000, 0x00000000fdb00000| Untracked 
|  28|0x00000000fdc00000, 0x00000000fdc00000, 0x00000000fdd00000|  0%| F|  |TAMS 0x00000000fdc00000, 0x00000000fdc00000| Untracked 
|  29|0x00000000fdd00000, 0x00000000fdd00000, 0x00000000fde00000|  0%| F|  |TAMS 0x00000000fdd00000, 0x00000000fdd00000| Untracked 
|  30|0x00000000fde00000, 0x00000000fde00000, 0x00000000fdf00000|  0%| F|  |TAMS 0x00000000fde00000, 0x00000000fde00000| Untracked 
|  31|0x00000000fdf00000, 0x00000000fdf00000, 0x00000000fe000000|  0%| F|  |TAMS 0x00000000fdf00000, 0x00000000fdf00000| Untracked 
|  32|0x00000000fe000000, 0x00000000fe000000, 0x00000000fe100000|  0%| F|  |TAMS 0x00000000fe000000, 0x00000000fe000000| Untracked 
|  33|0x00000000fe100000, 0x00000000fe100000, 0x00000000fe200000|  0%| F|  |TAMS 0x00000000fe100000, 0x00000000fe100000| Untracked 
|  34|0x00000000fe200000, 0x00000000fe200000, 0x00000000fe300000|  0%| F|  |TAMS 0x00000000fe200000, 0x00000000fe200000| Untracked 
|  35|0x00000000fe300000, 0x00000000fe300000, 0x00000000fe400000|  0%| F|  |TAMS 0x00000000fe300000, 0x00000000fe300000| Untracked 
|  36|0x00000000fe400000, 0x00000000fe400000, 0x00000000fe500000|  0%| F|  |TAMS 0x00000000fe400000, 0x00000000fe400000| Untracked 
|  37|0x00000000fe500000, 0x00000000fe500000, 0x00000000fe600000|  0%| F|  |TAMS 0x00000000fe500000, 0x00000000fe500000| Untracked 
|  38|0x00000000fe600000, 0x00000000fe600000, 0x00000000fe700000|  0%| F|  |TAMS 0x00000000fe600000, 0x00000000fe600000| Untracked 
|  39|0x00000000fe700000, 0x00000000fe700000, 0x00000000fe800000|  0%| F|  |TAMS 0x00000000fe700000, 0x00000000fe700000| Untracked 
|  40|0x00000000fe800000, 0x00000000fe800000, 0x00000000fe900000|  0%| F|  |TAMS 0x00000000fe800000, 0x00000000fe800000| Untracked 
|  41|0x00000000fe900000, 0x00000000fe900000, 0x00000000fea00000|  0%| F|  |TAMS 0x00000000fe900000, 0x00000000fe900000| Untracked 
|  42|0x00000000fea00000, 0x00000000fea00000, 0x00000000feb00000|  0%| F|  |TAMS 0x00000000fea00000, 0x00000000fea00000| Untracked 
|  43|0x00000000feb00000, 0x00000000feb00000, 0x00000000fec00000|  0%| F|  |TAMS 0x00000000feb00000, 0x00000000feb00000| Untracked 
|  44|0x00000000fec00000, 0x00000000fec00000, 0x00000000fed00000|  0%| F|  |TAMS 0x00000000fec00000, 0x00000000fec00000| Untracked 
|  45|0x00000000fed00000, 0x00000000fed00000, 0x00000000fee00000|  0%| F|  |TAMS 0x00000000fed00000, 0x00000000fed00000| Untracked 
|  46|0x00000000fee00000, 0x00000000fee00000, 0x00000000fef00000|  0%| F|  |TAMS 0x00000000fee00000, 0x00000000fee00000| Untracked 
|  47|0x00000000fef00000, 0x00000000fef00000, 0x00000000ff000000|  0%| F|  |TAMS 0x00000000fef00000, 0x00000000fef00000| Untracked 
|  48|0x00000000ff000000, 0x00000000ff0d3718, 0x00000000ff100000| 82%| S|CS|TAMS 0x00000000ff000000, 0x00000000ff000000| Complete 
|  49|0x00000000ff100000, 0x00000000ff100000, 0x00000000ff200000|  0%| F|  |TAMS 0x00000000ff100000, 0x00000000ff100000| Untracked 
|  50|0x00000000ff200000, 0x00000000ff200000, 0x00000000ff300000|  0%| F|  |TAMS 0x00000000ff200000, 0x00000000ff200000| Untracked 
|  51|0x00000000ff300000, 0x00000000ff300000, 0x00000000ff400000|  0%| F|  |TAMS 0x00000000ff300000, 0x00000000ff300000| Untracked 
|  52|0x00000000ff400000, 0x00000000ff400000, 0x00000000ff500000|  0%| F|  |TAMS 0x00000000ff400000, 0x00000000ff400000| Untracked 
|  53|0x00000000ff500000, 0x00000000ff500000, 0x00000000ff600000|  0%| F|  |TAMS 0x00000000ff500000, 0x00000000ff500000| Untracked 
|  54|0x00000000ff600000, 0x00000000ff600000, 0x00000000ff700000|  0%| F|  |TAMS 0x00000000ff600000, 0x00000000ff600000| Untracked 
|  55|0x00000000ff700000, 0x00000000ff700000, 0x00000000ff800000|  0%| F|  |TAMS 0x00000000ff700000, 0x00000000ff700000| Untracked 
|  56|0x00000000ff800000, 0x00000000ff800000, 0x00000000ff900000|  0%| F|  |TAMS 0x00000000ff800000, 0x00000000ff800000| Untracked 
|  57|0x00000000ff900000, 0x00000000ff900000, 0x00000000ffa00000|  0%| F|  |TAMS 0x00000000ff900000, 0x00000000ff900000| Untracked 
|  58|0x00000000ffa00000, 0x00000000ffa00000, 0x00000000ffb00000|  0%| F|  |TAMS 0x00000000ffa00000, 0x00000000ffa00000| Untracked 
|  59|0x00000000ffb00000, 0x00000000ffb00000, 0x00000000ffc00000|  0%| F|  |TAMS 0x00000000ffb00000, 0x00000000ffb00000| Untracked 
|  60|0x00000000ffc00000, 0x00000000ffcd4cd0, 0x00000000ffd00000| 83%| E|  |TAMS 0x00000000ffc00000, 0x00000000ffc00000| Complete 
|  61|0x00000000ffd00000, 0x00000000ffe00000, 0x00000000ffe00000|100%| E|CS|TAMS 0x00000000ffd00000, 0x00000000ffd00000| Complete 
|  62|0x00000000ffe00000, 0x00000000fff00000, 0x00000000fff00000|100%| E|CS|TAMS 0x00000000ffe00000, 0x00000000ffe00000| Complete 
|  63|0x00000000fff00000, 0x0000000100000000, 0x0000000100000000|100%| E|CS|TAMS 0x00000000fff00000, 0x00000000fff00000| Complete 

Card table byte_map: [0x000002026fc70000,0x000002026fc90000] _byte_map_base: 0x000002026f490000

Marking Bits (Prev, Next): (CMBitMap*) 0x00000202575b2ea0, (CMBitMap*) 0x00000202575b2ee0
 Prev Bits: [0x000002026fcb0000, 0x000002026fdb0000)
 Next Bits: [0x000002026fdb0000, 0x000002026feb0000)

Polling page: 0x0000020257660000

Metaspace:

Usage:
  Non-class:      7.50 MB used.
      Class:      1.13 MB used.
       Both:      8.63 MB used.

Virtual space:
  Non-class space:        8.00 MB reserved,       7.56 MB ( 95%) committed,  1 nodes.
      Class space:        1.00 GB reserved,       1.19 MB ( <1%) committed,  1 nodes.
             Both:        1.01 GB reserved,       8.75 MB ( <1%) committed. 

Chunk freelists:
   Non-Class:  64.00 KB
       Class:  2.64 MB
        Both:  2.70 MB

MaxMetaspaceSize: unlimited
CompressedClassSpaceSize: 1.00 GB
Initial GC threshold: 21.00 MB
Current GC threshold: 21.00 MB
CDS: on
MetaspaceReclaimPolicy: balanced
 - commit_granule_bytes: 65536.
 - commit_granule_words: 8192.
 - virtual_space_node_default_size: 1048576.
 - enlarge_chunks_in_place: 1.
 - new_chunks_are_fully_committed: 0.
 - uncommit_free_chunks: 1.
 - use_allocation_guard: 0.
 - handle_deallocations: 1.


Internal statistics:

num_allocs_failed_limit: 0.
num_arena_births: 76.
num_arena_deaths: 0.
num_vsnodes_births: 2.
num_vsnodes_deaths: 0.
num_space_committed: 140.
num_space_uncommitted: 0.
num_chunks_returned_to_freelist: 0.
num_chunks_taken_from_freelist: 309.
num_chunk_merges: 0.
num_chunk_splits: 210.
num_chunks_enlarged: 175.
num_purges: 0.
num_inconsistent_stats: 0.

CodeHeap 'non-profiled nmethods': size=120064Kb used=531Kb max_used=531Kb free=119532Kb
 bounds [0x0000020268300000, 0x0000020268570000, 0x000002026f840000]
CodeHeap 'profiled nmethods': size=120000Kb used=3136Kb max_used=3136Kb free=116863Kb
 bounds [0x0000020260dd0000, 0x00000202610f0000, 0x0000020268300000]
CodeHeap 'non-nmethods': size=5696Kb used=1168Kb max_used=1182Kb free=4527Kb
 bounds [0x0000020260840000, 0x0000020260ab0000, 0x0000020260dd0000]
 total_blobs=2079 nmethods=1611 adapters=382
 compilation: enabled
              stopped_count=0, restarted_count=0
 full_count=0

Compilation events (20 events):
Event: 62.667 Thread 0x000002027224c630 nmethod 1597 0x00000202610d9190 code [0x00000202610d93e0, 0x00000202610d9fd8]
Event: 62.667 Thread 0x000002027224c630 1598       3       org.gradle.internal.logging.console.MultiLineBuildProgressArea::setVisible (43 bytes)
Event: 62.667 Thread 0x000002027224c630 nmethod 1598 0x00000202610da290 code [0x00000202610da460, 0x00000202610da9a8]
Event: 64.657 Thread 0x00000202721f02c0 1599       4       java.util.LinkedHashMap$LinkedHashIterator::hasNext (13 bytes)
Event: 64.658 Thread 0x000002027224c630 1600       3       org.gradle.internal.logging.console.ProgressBar::trimToConsole (45 bytes)
Event: 64.658 Thread 0x00000202721f02c0 nmethod 1599 0x0000020268384890 code [0x0000020268384a00, 0x0000020268384a98]
Event: 64.658 Thread 0x000002027224c630 nmethod 1600 0x00000202610dab90 code [0x00000202610dad60, 0x00000202610db0e8]
Event: 67.864 Thread 0x000002027224c630 1601       3       java.util.concurrent.ThreadPoolExecutor::afterExecute (1 bytes)
Event: 67.865 Thread 0x000002027224c630 nmethod 1601 0x00000202610db290 code [0x00000202610db420, 0x00000202610db538]
Event: 68.573 Thread 0x000002027224c630 1602       3       java.nio.channels.spi.AbstractSelectableChannel::isBlocking (13 bytes)
Event: 68.573 Thread 0x000002027224c630 nmethod 1602 0x00000202610db610 code [0x00000202610db7a0, 0x00000202610db918]
Event: 68.633 Thread 0x000002027224c630 1603       3       org.gradle.internal.logging.events.CategorisedOutputEvent::<init> (21 bytes)
Event: 68.633 Thread 0x000002027224c630 nmethod 1603 0x00000202610db990 code [0x00000202610dbb40, 0x00000202610dbdb8]
Event: 70.668 Thread 0x000002027224c630 1604       3       org.fusesource.jansi.Ansi::_appendEscapeSequence (83 bytes)
Event: 70.669 Thread 0x000002027224c630 nmethod 1604 0x00000202610dbe90 code [0x00000202610dc0e0, 0x00000202610dc898]
Event: 73.101 Thread 0x000002027224c630 1605       3       java.lang.String::<init> (74 bytes)
Event: 73.101 Thread 0x000002027224c630 nmethod 1605 0x00000202610dcc90 code [0x00000202610dce60, 0x00000202610dd278]
Event: 73.102 Thread 0x000002027224c630 1606       1       java.util.LinkedList::size (5 bytes)
Event: 73.102 Thread 0x000002027224c630 nmethod 1606 0x0000020268384b90 code [0x0000020268384d20, 0x0000020268384df8]
Event: 73.103 Thread 0x00000202721f02c0 1607   !   4       java.io.BufferedReader::readLine (327 bytes)

GC Heap History (8 events):
Event: 1.500 GC heap before
{Heap before GC invocations=0 (full 0):
 garbage-first heap   total 65536K, used 5120K [0x00000000fc000000, 0x0000000100000000)
  region size 1024K, 6 young (6144K), 0 survivors (0K)
 Metaspace       used 1693K, committed 1792K, reserved 1056768K
  class space    used 161K, committed 192K, reserved 1048576K
}
Event: 1.512 GC heap after
{Heap after GC invocations=1 (full 0):
 garbage-first heap   total 65536K, used 1857K [0x00000000fc000000, 0x0000000100000000)
  region size 1024K, 1 young (1024K), 1 survivors (1024K)
 Metaspace       used 1693K, committed 1792K, reserved 1056768K
  class space    used 161K, committed 192K, reserved 1048576K
}
Event: 2.119 GC heap before
{Heap before GC invocations=1 (full 0):
 garbage-first heap   total 65536K, used 5953K [0x00000000fc000000, 0x0000000100000000)
  region size 1024K, 6 young (6144K), 1 survivors (1024K)
 Metaspace       used 1760K, committed 1856K, reserved 1056768K
  class space    used 161K, committed 192K, reserved 1048576K
}
Event: 2.123 GC heap after
{Heap after GC invocations=2 (full 0):
 garbage-first heap   total 65536K, used 2107K [0x00000000fc000000, 0x0000000100000000)
  region size 1024K, 1 young (1024K), 1 survivors (1024K)
 Metaspace       used 1760K, committed 1856K, reserved 1056768K
  class space    used 161K, committed 192K, reserved 1048576K
}
Event: 3.709 GC heap before
{Heap before GC invocations=2 (full 0):
 garbage-first heap   total 65536K, used 16443K [0x00000000fc000000, 0x0000000100000000)
  region size 1024K, 12 young (12288K), 1 survivors (1024K)
 Metaspace       used 3701K, committed 3840K, reserved 1056768K
  class space    used 455K, committed 512K, reserved 1048576K
}
Event: 3.720 GC heap after
{Heap after GC invocations=3 (full 0):
 garbage-first heap   total 65536K, used 10930K [0x00000000fc000000, 0x0000000100000000)
  region size 1024K, 2 young (2048K), 2 survivors (2048K)
 Metaspace       used 3701K, committed 3840K, reserved 1056768K
  class space    used 455K, committed 512K, reserved 1048576K
}
Event: 5.119 GC heap before
{Heap before GC invocations=3 (full 0):
 garbage-first heap   total 65536K, used 24242K [0x00000000fc000000, 0x0000000100000000)
  region size 1024K, 15 young (15360K), 2 survivors (2048K)
 Metaspace       used 7605K, committed 7808K, reserved 1056768K
  class space    used 1036K, committed 1152K, reserved 1048576K
}
Event: 5.125 GC heap after
{Heap after GC invocations=4 (full 0):
 garbage-first heap   total 65536K, used 11726K [0x00000000fc000000, 0x0000000100000000)
  region size 1024K, 1 young (1024K), 1 survivors (1024K)
 Metaspace       used 7605K, committed 7808K, reserved 1056768K
  class space    used 1036K, committed 1152K, reserved 1048576K
}

Deoptimization events (20 events):
Event: 40.734 Thread 0x00000202735bbfa0 DEOPT PACKING pc=0x000002026831abb8 sp=0x000000a2050fe7b0
Event: 40.734 Thread 0x00000202735bbfa0 DEOPT UNPACKING pc=0x000002026089239d sp=0x000000a2050fe770 mode 2
Event: 40.752 Thread 0x00000202735bbfa0 Uncommon trap: trap_request=0xffffff45 fr.pc=0x00000202683776dc relative=0x000000000000049c
Event: 40.753 Thread 0x00000202735bbfa0 Uncommon trap: reason=unstable_if action=reinterpret pc=0x00000202683776dc method=java.lang.AbstractStringBuilder.putStringAt(ILjava/lang/String;II)V @ 8 c2
Event: 40.753 Thread 0x00000202735bbfa0 DEOPT PACKING pc=0x00000202683776dc sp=0x000000a2050fe480
Event: 40.753 Thread 0x00000202735bbfa0 DEOPT UNPACKING pc=0x000002026089239d sp=0x000000a2050fe370 mode 2
Event: 43.764 Thread 0x00000202735bbfa0 Uncommon trap: trap_request=0xffffff45 fr.pc=0x000002026833673c relative=0x000000000000011c
Event: 43.764 Thread 0x00000202735bbfa0 Uncommon trap: reason=unstable_if action=reinterpret pc=0x000002026833673c method=java.lang.AbstractStringBuilder.putStringAt(ILjava/lang/String;II)V @ 8 c2
Event: 43.764 Thread 0x00000202735bbfa0 DEOPT PACKING pc=0x000002026833673c sp=0x000000a2050fe410
Event: 43.764 Thread 0x00000202735bbfa0 DEOPT UNPACKING pc=0x000002026089239d sp=0x000000a2050fe340 mode 2
Event: 43.764 Thread 0x00000202735bbfa0 Uncommon trap: trap_request=0xffffff45 fr.pc=0x0000020268336248 relative=0x0000000000000128
Event: 43.764 Thread 0x00000202735bbfa0 Uncommon trap: reason=unstable_if action=reinterpret pc=0x0000020268336248 method=java.lang.AbstractStringBuilder.putStringAt(ILjava/lang/String;II)V @ 8 c2
Event: 43.764 Thread 0x00000202735bbfa0 DEOPT PACKING pc=0x0000020268336248 sp=0x000000a2050fe370
Event: 43.764 Thread 0x00000202735bbfa0 DEOPT UNPACKING pc=0x000002026089239d sp=0x000000a2050fe338 mode 2
Event: 73.102 Thread 0x00000202575931d0 DEOPT PACKING pc=0x00000202610bfcfe sp=0x000000a203bfca30
Event: 73.102 Thread 0x00000202575931d0 DEOPT UNPACKING pc=0x0000020260892b24 sp=0x000000a203bfbea0 mode 0
Event: 73.102 Thread 0x00000202575931d0 DEOPT PACKING pc=0x00000202610bfcfe sp=0x000000a203bfca30
Event: 73.102 Thread 0x00000202575931d0 DEOPT UNPACKING pc=0x0000020260892b24 sp=0x000000a203bfbea0 mode 0
Event: 73.103 Thread 0x00000202575931d0 DEOPT PACKING pc=0x00000202610bfcfe sp=0x000000a203bfca30
Event: 73.103 Thread 0x00000202575931d0 DEOPT UNPACKING pc=0x0000020260892b24 sp=0x000000a203bfbea0 mode 0

Classes unloaded (0 events):
No events

Classes redefined (0 events):
No events

Internal exceptions (19 events):
Event: 0.975 Thread 0x00000202575931d0 Exception <a 'java/lang/NoSuchMethodError'{0x00000000ffc715e0}: 'int java.lang.invoke.DirectMethodHandle$Holder.invokeStaticInit(java.lang.Object, java.lang.Object)'> (0x00000000ffc715e0) 
thrown [d:\a\1\s\lookaside\java-17-openjdk\src\hotspot\share\interpreter\linkResolver.cpp, line 766]
Event: 3.536 Thread 0x00000202575931d0 Exception <a 'java/lang/NoSuchMethodError'{0x00000000ff5a4208}: 'void java.lang.invoke.DirectMethodHandle$Holder.invokeStatic(java.lang.Object, java.lang.Object)'> (0x00000000ff5a4208) 
thrown [d:\a\1\s\lookaside\java-17-openjdk\src\hotspot\share\interpreter\linkResolver.cpp, line 766]
Event: 3.623 Thread 0x00000202575931d0 Exception <a 'java/lang/NoClassDefFoundError'{0x00000000ff429098}: org/slf4j/impl/StaticMarkerBinder> (0x00000000ff429098) 
thrown [d:\a\1\s\lookaside\java-17-openjdk\src\hotspot\share\classfile\systemDictionary.cpp, line 245]
Event: 3.678 Thread 0x00000202575931d0 Exception <a 'java/lang/NoSuchMethodError'{0x00000000ff4c5198}: 'java.lang.Object java.lang.invoke.DirectMethodHandle$Holder.invokeVirtual(java.lang.Object, java.lang.Object, java.lang.Object, java.lang.Object, java.lang.Object, java.lang.Object, java.lang.Object)'> (0x00000000ff4c5198) 
thrown [d:\a\1\s\lookaside\java-17-openjdk\src\hotspot\share\interpreter\linkResolver.cpp, line 766]
Event: 3.694 Thread 0x00000202575931d0 Exception <a 'java/lang/NoSuchMethodError'{0x00000000ff4d6758}: 'java.lang.Object java.lang.invoke.Invokers$Holder.invoker(java.lang.Object, java.lang.Object, java.lang.Object)'> (0x00000000ff4d6758) 
thrown [d:\a\1\s\lookaside\java-17-openjdk\src\hotspot\share\interpreter\linkResolver.cpp, line 766]
Event: 3.700 Thread 0x00000202575931d0 Exception <a 'java/lang/NoSuchMethodError'{0x00000000ff4df958}: 'java.lang.Object java.lang.invoke.DirectMethodHandle$Holder.invokeStatic(java.lang.Object, java.lang.Object, int)'> (0x00000000ff4df958) 
thrown [d:\a\1\s\lookaside\java-17-openjdk\src\hotspot\share\interpreter\linkResolver.cpp, line 766]
Event: 3.703 Thread 0x00000202575931d0 Exception <a 'java/lang/NoSuchMethodError'{0x00000000ff4eb888}: 'void java.lang.invoke.DelegatingMethodHandle$Holder.delegate(java.lang.Object, java.lang.Object, int, java.lang.Object)'> (0x00000000ff4eb888) 
thrown [d:\a\1\s\lookaside\java-17-openjdk\src\hotspot\share\interpreter\linkResolver.cpp, line 766]
Event: 3.704 Thread 0x00000202575931d0 Exception <a 'java/lang/NoSuchMethodError'{0x00000000ff4ef9d0}: 'int java.lang.invoke.DirectMethodHandle$Holder.invokeSpecial(java.lang.Object, java.lang.Object, java.lang.Object)'> (0x00000000ff4ef9d0) 
thrown [d:\a\1\s\lookaside\java-17-openjdk\src\hotspot\share\interpreter\linkResolver.cpp, line 766]
Event: 3.726 Thread 0x00000202575931d0 Exception <a 'java/lang/NoSuchMethodError'{0x00000000fff02fe0}: 'java.lang.Object java.lang.invoke.Invokers$Holder.invokeExact_MT(java.lang.Object, java.lang.Object, java.lang.Object, java.lang.Object)'> (0x00000000fff02fe0) 
thrown [d:\a\1\s\lookaside\java-17-openjdk\src\hotspot\share\interpreter\linkResolver.cpp, line 766]
Event: 4.046 Thread 0x00000202575931d0 Exception <a 'java/lang/NoSuchMethodError'{0x00000000ffad92e8}: 'void java.lang.invoke.DirectMethodHandle$Holder.invokeSpecial(java.lang.Object, java.lang.Object, java.lang.Object)'> (0x00000000ffad92e8) 
thrown [d:\a\1\s\lookaside\java-17-openjdk\src\hotspot\share\interpreter\linkResolver.cpp, line 766]
Event: 4.076 Thread 0x00000202575931d0 Implicit null exception at 0x000002026835328f to 0x00000202683537c4
Event: 4.076 Thread 0x00000202575931d0 Implicit null exception at 0x0000020268339f0d to 0x000002026833a440
Event: 4.144 Thread 0x00000202575931d0 Exception <a 'java/lang/NoSuchMethodError'{0x00000000ff8454a8}: 'java.lang.Object java.lang.invoke.DirectMethodHandle$Holder.invokeStaticInit(java.lang.Object)'> (0x00000000ff8454a8) 
thrown [d:\a\1\s\lookaside\java-17-openjdk\src\hotspot\share\interpreter\linkResolver.cpp, line 766]
Event: 4.396 Thread 0x00000202575931d0 Exception <a 'java/lang/NoSuchMethodError'{0x00000000ff428da0}: 'java.lang.Object java.lang.invoke.DirectMethodHandle$Holder.invokeStaticInit(java.lang.Object, int, int, int, int)'> (0x00000000ff428da0) 
thrown [d:\a\1\s\lookaside\java-17-openjdk\src\hotspot\share\interpreter\linkResolver.cpp, line 766]
Event: 4.572 Thread 0x00000202575931d0 Exception <a 'java/lang/NoSuchMethodError'{0x00000000ff4ce490}: 'java.lang.Object java.lang.invoke.DirectMethodHandle$Holder.invokeStaticInit(java.lang.Object, java.lang.Object, int, int, int, int)'> (0x00000000ff4ce490) 
thrown [d:\a\1\s\lookaside\java-17-openjdk\src\hotspot\share\interpreter\linkResolver.cpp, line 766]
Event: 5.044 Thread 0x00000202575931d0 Exception <a 'java/lang/NoSuchMethodError'{0x00000000ff4fcca8}: 'void java.lang.invoke.DirectMethodHandle$Holder.invokeStatic(java.lang.Object, java.lang.Object, java.lang.Object)'> (0x00000000ff4fcca8) 
thrown [d:\a\1\s\lookaside\java-17-openjdk\src\hotspot\share\interpreter\linkResolver.cpp, line 766]
Event: 5.090 Thread 0x00000202575931d0 Implicit null exception at 0x0000020268334872 to 0x0000020268334d88
Event: 5.091 Thread 0x00000202575931d0 Implicit null exception at 0x000002026833aa72 to 0x000002026833af9c
Event: 72.966 Thread 0x00000202575931d0 Exception <a 'sun/net/ConnectionResetException'{0x00000000ffd47650}: Connection reset> (0x00000000ffd47650) 
thrown [d:\a\1\s\lookaside\java-17-openjdk\src\hotspot\share\prims\jni.cpp, line 535]

VM Operations (20 events):
Event: 38.355 Executing VM operation: Cleanup
Event: 38.355 Executing VM operation: Cleanup done
Event: 41.379 Executing VM operation: Cleanup
Event: 41.379 Executing VM operation: Cleanup done
Event: 42.388 Executing VM operation: Cleanup
Event: 42.389 Executing VM operation: Cleanup done
Event: 43.398 Executing VM operation: Cleanup
Event: 43.398 Executing VM operation: Cleanup done
Event: 50.472 Executing VM operation: Cleanup
Event: 50.472 Executing VM operation: Cleanup done
Event: 54.501 Executing VM operation: Cleanup
Event: 54.501 Executing VM operation: Cleanup done
Event: 55.506 Executing VM operation: Cleanup
Event: 55.507 Executing VM operation: Cleanup done
Event: 56.537 Executing VM operation: Cleanup
Event: 56.537 Executing VM operation: Cleanup done
Event: 62.604 Executing VM operation: Cleanup
Event: 62.604 Executing VM operation: Cleanup done
Event: 65.635 Executing VM operation: Cleanup
Event: 65.635 Executing VM operation: Cleanup done

Events (20 events):
Event: 7.074 loading class jdk/internal/reflect/ByteVector done
Event: 7.074 loading class jdk/internal/reflect/ByteVectorImpl done
Event: 7.074 loading class jdk/internal/reflect/ClassFileAssembler
Event: 7.075 loading class jdk/internal/reflect/ClassFileAssembler done
Event: 7.075 loading class jdk/internal/reflect/UTF8
Event: 7.075 loading class jdk/internal/reflect/UTF8 done
Event: 7.079 loading class jdk/internal/reflect/Label
Event: 7.079 loading class jdk/internal/reflect/Label done
Event: 7.079 loading class jdk/internal/reflect/Label$PatchInfo
Event: 7.080 loading class jdk/internal/reflect/Label$PatchInfo done
Event: 7.080 loading class jdk/internal/reflect/MethodAccessorGenerator$1
Event: 7.080 loading class jdk/internal/reflect/MethodAccessorGenerator$1 done
Event: 7.081 loading class jdk/internal/reflect/ClassDefiner
Event: 7.081 loading class jdk/internal/reflect/ClassDefiner done
Event: 7.081 loading class jdk/internal/reflect/ClassDefiner$1
Event: 7.081 loading class jdk/internal/reflect/ClassDefiner$1 done
Event: 11.362 loading class java/util/ArrayList$ListItr
Event: 11.362 loading class java/util/ArrayList$ListItr done
Event: 72.966 loading class sun/net/ConnectionResetException
Event: 72.966 loading class sun/net/ConnectionResetException done


Dynamic libraries:
0x00007ff7f6c20000 - 0x00007ff7f6c41000 	D:\java\ojdkbuild\java-17-openjdk-17.0.3.0.6-1\bin\java.exe
0x00007ffd1b350000 - 0x00007ffd1b566000 	C:\Windows\SYSTEM32\ntdll.dll
0x00007ffd19fc0000 - 0x00007ffd1a084000 	C:\Windows\System32\KERNEL32.DLL
0x00007ffd18730000 - 0x00007ffd18ad6000 	C:\Windows\System32\KERNELBASE.dll
0x00007ffd18f80000 - 0x00007ffd19091000 	C:\Windows\System32\ucrtbase.dll
0x00007ffd125e0000 - 0x00007ffd125f8000 	D:\java\ojdkbuild\java-17-openjdk-17.0.3.0.6-1\bin\jli.dll
0x00007ffd19730000 - 0x00007ffd198dd000 	C:\Windows\System32\USER32.dll
0x00007ffd18700000 - 0x00007ffd18726000 	C:\Windows\System32\win32u.dll
0x00007ffd19f90000 - 0x00007ffd19fb9000 	C:\Windows\System32\GDI32.dll
0x00007ffd18c00000 - 0x00007ffd18d18000 	C:\Windows\System32\gdi32full.dll
0x00007ffd18ae0000 - 0x00007ffd18b7a000 	C:\Windows\System32\msvcp_win.dll
0x00007ffd11080000 - 0x00007ffd1109b000 	D:\java\ojdkbuild\java-17-openjdk-17.0.3.0.6-1\bin\VCRUNTIME140.dll
0x00007ffd003e0000 - 0x00007ffd00673000 	C:\Windows\WinSxS\amd64_microsoft.windows.common-controls_6595b64144ccf1df_6.0.22621.3235_none_270f74e173860f98\COMCTL32.dll
0x00007ffd1a8b0000 - 0x00007ffd1a957000 	C:\Windows\System32\msvcrt.dll
0x00007ffd19f30000 - 0x00007ffd19f61000 	C:\Windows\System32\IMM32.DLL
0x00007ffd12320000 - 0x00007ffd1232c000 	D:\java\ojdkbuild\java-17-openjdk-17.0.3.0.6-1\bin\vcruntime140_1.dll
0x00007ffce59d0000 - 0x00007ffce5a5d000 	D:\java\ojdkbuild\java-17-openjdk-17.0.3.0.6-1\bin\msvcp140.dll
0x00007ffc84ca0000 - 0x00007ffc858ff000 	D:\java\ojdkbuild\java-17-openjdk-17.0.3.0.6-1\bin\server\jvm.dll
0x00007ffd1b250000 - 0x00007ffd1b302000 	C:\Windows\System32\ADVAPI32.dll
0x00007ffd19e20000 - 0x00007ffd19ec8000 	C:\Windows\System32\sechost.dll
0x00007ffd18f50000 - 0x00007ffd18f78000 	C:\Windows\System32\bcrypt.dll
0x00007ffd19aa0000 - 0x00007ffd19bb5000 	C:\Windows\System32\RPCRT4.dll
0x00007ffd1a960000 - 0x00007ffd1a968000 	C:\Windows\System32\PSAPI.DLL
0x00007ffcfd070000 - 0x00007ffcfd079000 	C:\Windows\SYSTEM32\WSOCK32.dll
0x00007ffd19ca0000 - 0x00007ffd19d11000 	C:\Windows\System32\WS2_32.dll
0x00007ffd10a90000 - 0x00007ffd10ac4000 	C:\Windows\SYSTEM32\WINMM.dll
0x00007ffd0f120000 - 0x00007ffd0f12a000 	C:\Windows\SYSTEM32\VERSION.dll
0x00007ffd176e0000 - 0x00007ffd176f8000 	C:\Windows\SYSTEM32\kernel.appcore.dll
0x00007ffd11a60000 - 0x00007ffd11a6a000 	D:\java\ojdkbuild\java-17-openjdk-17.0.3.0.6-1\bin\jimage.dll
0x00007ffd16140000 - 0x00007ffd16373000 	C:\Windows\SYSTEM32\DBGHELP.DLL
0x00007ffd192e0000 - 0x00007ffd19668000 	C:\Windows\System32\combase.dll
0x00007ffd19bc0000 - 0x00007ffd19c97000 	C:\Windows\System32\OLEAUT32.dll
0x00007ffd04120000 - 0x00007ffd04152000 	C:\Windows\SYSTEM32\dbgcore.DLL
0x00007ffd18b80000 - 0x00007ffd18bfa000 	C:\Windows\System32\bcryptPrimitives.dll
0x00007ffcf3670000 - 0x00007ffcf3695000 	D:\java\ojdkbuild\java-17-openjdk-17.0.3.0.6-1\bin\java.dll
0x00007ffcd2770000 - 0x00007ffcd2847000 	D:\java\ojdkbuild\java-17-openjdk-17.0.3.0.6-1\bin\jsvml.dll
0x00007ffd1a9f0000 - 0x00007ffd1b24d000 	C:\Windows\System32\SHELL32.dll
0x00007ffd165b0000 - 0x00007ffd16ea8000 	C:\Windows\SYSTEM32\windows.storage.dll
0x00007ffd16470000 - 0x00007ffd165ae000 	C:\Windows\SYSTEM32\wintypes.dll
0x00007ffd1a330000 - 0x00007ffd1a423000 	C:\Windows\System32\SHCORE.dll
0x00007ffd19280000 - 0x00007ffd192de000 	C:\Windows\System32\shlwapi.dll
0x00007ffd185c0000 - 0x00007ffd185e6000 	C:\Windows\SYSTEM32\profapi.dll
0x00007ffcf8960000 - 0x00007ffcf8979000 	D:\java\ojdkbuild\java-17-openjdk-17.0.3.0.6-1\bin\net.dll
0x00007ffd10530000 - 0x00007ffd10667000 	C:\Windows\SYSTEM32\WINHTTP.dll
0x00007ffd17bf0000 - 0x00007ffd17c59000 	C:\Windows\system32\mswsock.dll
0x00007ffcf3710000 - 0x00007ffcf3726000 	D:\java\ojdkbuild\java-17-openjdk-17.0.3.0.6-1\bin\nio.dll
0x00007ffcf3620000 - 0x00007ffcf3638000 	D:\java\ojdkbuild\java-17-openjdk-17.0.3.0.6-1\bin\zip.dll
0x00007ffd03360000 - 0x00007ffd03370000 	D:\java\ojdkbuild\java-17-openjdk-17.0.3.0.6-1\bin\verify.dll
0x00007ffcee090000 - 0x00007ffcee0b7000 	C:\Users\11218\.gradle\native\68d5fa5c4cc2d200863cafc0d521ce42e7d3e7ee720ec0a83991735586a16f82\windows-amd64\native-platform.dll
0x00007ffd03090000 - 0x00007ffd0309a000 	C:\Users\11218\.gradle\native\jansi\1.18\windows64\jansi.dll
0x00007ffcffff0000 - 0x00007ffcffff9000 	D:\java\ojdkbuild\java-17-openjdk-17.0.3.0.6-1\bin\management.dll
0x00007ffcf8930000 - 0x00007ffcf893b000 	D:\java\ojdkbuild\java-17-openjdk-17.0.3.0.6-1\bin\management_ext.dll
0x00007ffd17f40000 - 0x00007ffd17f5b000 	C:\Windows\SYSTEM32\CRYPTSP.dll
0x00007ffd17700000 - 0x00007ffd17735000 	C:\Windows\system32\rsaenh.dll
0x00007ffd17c90000 - 0x00007ffd17cbc000 	C:\Windows\SYSTEM32\USERENV.dll
0x00007ffd17f20000 - 0x00007ffd17f2c000 	C:\Windows\SYSTEM32\CRYPTBASE.dll
0x00007ffd17210000 - 0x00007ffd1723d000 	C:\Windows\SYSTEM32\IPHLPAPI.DLL
0x00007ffd19670000 - 0x00007ffd19679000 	C:\Windows\System32\NSI.dll
0x00007ffd104c0000 - 0x00007ffd104d9000 	C:\Windows\SYSTEM32\dhcpcsvc6.DLL
0x00007ffd104a0000 - 0x00007ffd104bf000 	C:\Windows\SYSTEM32\dhcpcsvc.DLL
0x00007ffd17240000 - 0x00007ffd17339000 	C:\Windows\SYSTEM32\DNSAPI.dll
0x00007ffcf8900000 - 0x00007ffcf890d000 	D:\java\ojdkbuild\java-17-openjdk-17.0.3.0.6-1\bin\sunmscapi.dll
0x00007ffd18de0000 - 0x00007ffd18f46000 	C:\Windows\System32\CRYPT32.dll
0x00007ffd18050000 - 0x00007ffd1807e000 	C:\Windows\SYSTEM32\ncrypt.dll
0x00007ffd18010000 - 0x00007ffd18047000 	C:\Windows\SYSTEM32\NTASN1.dll
0x00007ffd110b0000 - 0x00007ffd110b8000 	C:\Windows\system32\wshunix.dll

dbghelp: loaded successfully - version: 4.0.5 - missing functions: none
symbol engine: initialized successfully - sym options: 0x614 - pdb path: .;D:\java\ojdkbuild\java-17-openjdk-17.0.3.0.6-1\bin;C:\Windows\SYSTEM32;C:\Windows\WinSxS\amd64_microsoft.windows.common-controls_6595b64144ccf1df_6.0.22621.3235_none_270f74e173860f98;D:\java\ojdkbuild\java-17-openjdk-17.0.3.0.6-1\bin\server;C:\Users\11218\.gradle\native\68d5fa5c4cc2d200863cafc0d521ce42e7d3e7ee720ec0a83991735586a16f82\windows-amd64;C:\Users\11218\.gradle\native\jansi\1.18\windows64

VM Arguments:
jvm_args: -Xmx64m -Xms64m -Dorg.gradle.appname=gradlew 
java_command: org.gradle.wrapper.GradleWrapperMain assemble
java_class_path (initial): D:\androidLearning\AndroidStudioProjects\serviceTest1\\gradle\wrapper\gradle-wrapper.jar
Launcher Type: SUN_STANDARD

[Global flags]
     intx CICompilerCount                          = 2                                         {product} {ergonomic}
     uint ConcGCThreads                            = 1                                         {product} {ergonomic}
     uint G1ConcRefinementThreads                  = 2                                         {product} {ergonomic}
   size_t G1HeapRegionSize                         = 1048576                                   {product} {ergonomic}
    uintx GCDrainStackTargetSize                   = 64                                        {product} {ergonomic}
   size_t InitialHeapSize                          = 67108864                                  {product} {command line}
   size_t MarkStackSize                            = 4194304                                   {product} {ergonomic}
   size_t MaxHeapSize                              = 67108864                                  {product} {command line}
   size_t MaxNewSize                               = 39845888                                  {product} {ergonomic}
   size_t MinHeapDeltaBytes                        = 1048576                                   {product} {ergonomic}
   size_t MinHeapSize                              = 67108864                                  {product} {command line}
    uintx NonNMethodCodeHeapSize                   = 5826188                                {pd product} {ergonomic}
    uintx NonProfiledCodeHeapSize                  = 122916026                              {pd product} {ergonomic}
    uintx ProfiledCodeHeapSize                     = 122916026                              {pd product} {ergonomic}
    uintx ReservedCodeCacheSize                    = 251658240                              {pd product} {ergonomic}
     bool SegmentedCodeCache                       = true                                      {product} {ergonomic}
   size_t SoftMaxHeapSize                          = 67108864                               {manageable} {ergonomic}
     bool UseCompressedClassPointers               = true                           {product lp64_product} {ergonomic}
     bool UseCompressedOops                        = true                           {product lp64_product} {ergonomic}
     bool UseG1GC                                  = true                                      {product} {ergonomic}
     bool UseLargePagesIndividualAllocation        = false                                  {pd product} {ergonomic}

Logging:
Log output configuration:
 #0: stdout all=warning uptime,level,tags
 #1: stderr all=off uptime,level,tags

Environment Variables:
JAVA_HOME=D:\java\ojdkbuild\java-17-openjdk-17.0.3.0.6-1
CLASSPATH=D:\androidLearning\AndroidStudioProjects\serviceTest1\\gradle\wrapper\gradle-wrapper.jar
PATH=C:\Users\11218\miniconda3\condabin;C:\Windows\system32;C:\Windows;C:\Windows\System32\Wbem;C:\Windows\System32\WindowsPowerShell\v1.0\;C:\Windows\System32\OpenSSH\;D:\powershell\powershell7;d:\python3.11;C:\Program Files\WinRAR;C:\Program Files\Microsoft Office\root\Office16;C:\Program Files\PuTTY\;C:\Users\11218\AppData\Local\Microsoft\WindowsApps;C:\Program Files\dotnet\;D:\mytools\MinGit-2.11.1.mingit.prerelease.4-64-bit\cmd;D:\mytools\MinGit-2.11.1.mingit.prerelease.4-64-bit\usr\bin;D:\mytools\WiresharkPortable64\App\Wireshark;D:\MYTOOLS\SPSS1\JRE\bin;D:\myPython\goods;D:\mytools\SPSS1;C:\Users\11218\AppData\Roaming\nvda\addons\NVBox\globalPlugins\nvbox\adb;d:\java\ojdkbuild\java-17-openjdk-17.0.3.0.6-1.jre\bin;C:\Program Files\Docker\Docker\resources\bin;d:\java\ojdkbuild\java-17-openjdk-17.0.3.0.6-1\bin;D:\androidLearning\gradle\gradle-8.0\bin;D:\java\ojdkbuild\java-17-openjdk-17.0.3.0.6-1\bin;D:/java/ojdkbuild/java-17-openjdk-17.0.3.0.6-1.jre\bin;D:/java/ojdkbuild/java-17-openjdk-17.0.3.0.6-1.jre\bin\server;D:\ANDROIDLEARNING\REVERSE;C:\Users\11218\AppData\Local\Programs\Python\Python311;D:\myPython\NVSrC;C:\Users\11218\.gradle\wrapper\dists\gradle-8.0-all\a2o1xoguejy6msdh0lk99lxza\gradle-8.0\bin;D:\androidLearning\REVERSE\jadx\bin;C:\Program Files\Cloudflare\Cloudflare WARP\;D:\mypython\nvsrc\py-3-11-32\Scripts\;D:\mypython\nvsrc\py-3-11-32\;C:\Users\11218\AppData\Local\Programs\Python\Python311\;C:\Users\11218\miniconda3;C:\Users\11218\miniconda3\Library\mingw-w64\bin;C:\Users\11218\miniconda3\Library\usr\bin;C:\Users\11218\miniconda3\Library\bin;C:\Users\11218\miniconda3\Scripts;C:\Users\11218\scoop\shims;C:\Users\11218\AppData\Local\Microsoft\WindowsApps;C:\Users\11218\AppData\Local\Programs\Microsoft VS Code\bin;D:\myPython\goods;C:\Users\11218\AppData\Local\Microsoft\WinGet\Links;C:\Users\11218\.dotnet\tools
USERNAME=Stranger
OS=Windows_NT
PROCESSOR_IDENTIFIER=Intel64 Family 6 Model 122 Stepping 8, GenuineIntel



---------------  S Y S T E M  ---------------

OS:
 Windows 11 , 64 bit Build 22621 (10.0.22621.3235)
OS uptime: 2 days 1:35 hours
Hyper-V role detected

CPU: total 2 (initial active 2) (2 cores per cpu, 1 threads per core) family 6 model 122 stepping 8 microcode 0x1a, cx8, cmov, fxsr, mmx, 3dnowpref, sse, sse2, sse3, ssse3, sse4.1, sse4.2, popcnt, tsc, tscinvbit, aes, erms, clmul, sha, clflush, clflushopt, hv

Memory: 4k page, system-wide physical 7995M (978M free)
TotalPageFile size 16809M (AvailPageFile size 865M)
current process WorkingSet (physical memory assigned to process): 79M, peak: 80M
current process commit charge ("private bytes"): 150M, peak: 151M

vm_info: OpenJDK 64-Bit Server VM (17.0.3+6-LTS) for windows-amd64 JRE (17.0.3+6-LTS), built on May  3 2022 21:26:56 by "" with MS VC++ 16.10 / 16.11 (VS2019)

END.
