#
# There is insufficient memory for the Java Runtime Environment to continue.
# Native memory allocation (mmap) failed to map 303038464 bytes for G1 virtual space
# Possible reasons:
#   The system is out of physical RAM or swap space
#   The process is running with CompressedOops enabled, and the Java Heap may be blocking the growth of the native heap
# Possible solutions:
#   Reduce memory load on the system
#   Increase physical memory or swap space
#   Check if swap backing store is full
#   Decrease Java heap size (-Xmx/-Xms)
#   Decrease number of Java threads
#   Decrease Java thread stack sizes (-Xss)
#   Set larger code cache with -XX:ReservedCodeCacheSize=
#   JVM is running with Unscaled Compressed Oops mode in which the Java heap is
#     placed in the first 4GB address space. The Java Heap base address is the
#     maximum limit for the native heap growth. Please use -XX:HeapBaseMinAddress
#     to set the Java Heap base and to place the Java Heap above 4GB virtual address.
# This output file may be truncated or incomplete.
#
#  Out of Memory Error (os_windows.cpp:3535), pid=8004, tid=27524
#
# JRE version: OpenJDK Runtime Environment 21.9 (17.0.3+6) (build 17.0.3+6-LTS)
# Java VM: OpenJDK 64-Bit Server VM 21.9 (17.0.3+6-LTS, mixed mode, sharing, tiered, compressed oops, compressed class ptrs, g1 gc, windows-amd64)
# No core dump will be written. Minidumps are not enabled by default on client versions of Windows
#

---------------  S U M M A R Y ------------

Command Line: --add-opens=java.base/java.util=ALL-UNNAMED --add-opens=java.base/java.lang=ALL-UNNAMED --add-opens=java.base/java.lang.invoke=ALL-UNNAMED --add-opens=java.prefs/java.util.prefs=ALL-UNNAMED --add-opens=java.base/java.nio.charset=ALL-UNNAMED --add-opens=java.base/java.net=ALL-UNNAMED --add-opens=java.base/java.util.concurrent.atomic=ALL-UNNAMED -Xmx2048m -Dfile.encoding=UTF-8 -Duser.country=CN -Duser.language=zh -Duser.variant org.gradle.launcher.daemon.bootstrap.GradleDaemon 8.0

Host: Intel(R) Celeron(R) N4020 CPU @ 1.10GHz, 2 cores, 7G,  Windows 11 , 64 bit Build 22621 (10.0.22621.3085)
Time: Fri Mar  8 15:45:37 2024  Windows 11 , 64 bit Build 22621 (10.0.22621.3085) elapsed time: 260.699860 seconds (0d 0h 4m 20s)

---------------  T H R E A D  ---------------

Current thread (0x00000260c6138790):  VMThread "VM Thread" [stack: 0x000000e5e1600000,0x000000e5e1700000] [id=27524]

Stack: [0x000000e5e1600000,0x000000e5e1700000]
Native frames: (J=compiled Java code, j=interpreted, Vv=VM code, C=native code)
V  [jvm.dll+0x67720a]
V  [jvm.dll+0x832514]
V  [jvm.dll+0x833cbe]
V  [jvm.dll+0x834323]
V  [jvm.dll+0x245815]
V  [jvm.dll+0x674129]
V  [jvm.dll+0x668a62]
V  [jvm.dll+0x30469b]
V  [jvm.dll+0x30bba6]
V  [jvm.dll+0x35ba0e]
V  [jvm.dll+0x35bc3f]
V  [jvm.dll+0x2db5a8]
V  [jvm.dll+0x2d9874]
V  [jvm.dll+0x2d8e7c]
V  [jvm.dll+0x31cf81]
V  [jvm.dll+0x8387fb]
V  [jvm.dll+0x839534]
V  [jvm.dll+0x839a4d]
V  [jvm.dll+0x839e24]
V  [jvm.dll+0x839ef0]
V  [jvm.dll+0x7e230a]
V  [jvm.dll+0x676095]
C  [ucrtbase.dll+0x29363]
C  [KERNEL32.DLL+0x1257d]
C  [ntdll.dll+0x5aa58]

VM_Operation (0x000000e5e31fcd90): G1TryInitiateConcMark, mode: safepoint, requested by thread 0x00000260c8739ae0


---------------  P R O C E S S  ---------------

Threads class SMR info:
_java_thread_list=0x00000260d0e3ed00, length=75, elements={
0x00000260a8ae5eb0, 0x00000260c613ce30, 0x00000260c613e440, 0x00000260c61564d0,
0x00000260c6158090, 0x00000260c6158c40, 0x00000260c615bb00, 0x00000260c615cca0,
0x00000260c615d740, 0x00000260c6162810, 0x00000260c6cae7d0, 0x00000260c6cb8ce0,
0x00000260c86c1890, 0x00000260c77a9e60, 0x00000260c78851b0, 0x00000260c829cf10,
0x00000260c79e1810, 0x00000260c83e6ac0, 0x00000260c83e7730, 0x00000260c8d72400,
0x00000260c79f4f30, 0x00000260c79f2d80, 0x00000260c79f58d0, 0x00000260c79f4a60,
0x00000260c79f5400, 0x00000260c79f1f10, 0x00000260c79f23e0, 0x00000260c79f3250,
0x00000260c79f3720, 0x00000260c79f3bf0, 0x00000260c79f40c0, 0x00000260c7ce6a10,
0x00000260c7ce56d0, 0x00000260c7ce4860, 0x00000260c7ce8bc0, 0x00000260c7ce5200,
0x00000260c7ce6070, 0x00000260c7ce4390, 0x00000260c7ce9a30, 0x00000260c7ce6540,
0x00000260c7ce9f00, 0x00000260c7ce73b0, 0x00000260c7ce7880, 0x00000260c7ce7d50,
0x00000260c7cea3d0, 0x00000260c7cea8a0, 0x00000260c7cead70, 0x00000260c7ce3520,
0x00000260ca708690, 0x00000260ca7064e0, 0x00000260ca709030, 0x00000260ca70bb80,
0x00000260ca70ad10, 0x00000260ca70d860, 0x00000260ca7099d0, 0x00000260ca708b60,
0x00000260ca707cf0, 0x00000260ca70d390, 0x00000260ca707820, 0x00000260ca70cec0,
0x00000260ca70b1e0, 0x00000260ca706e80, 0x00000260c8741330, 0x00000260c873bc90,
0x00000260c8739ae0, 0x00000260c873a480, 0x00000260c873a950, 0x00000260c873fb20,
0x00000260c873b2f0, 0x00000260c873ae20, 0x00000260c873b7c0, 0x00000260c79f28b0,
0x00000260ca4e28b0, 0x00000260ca4e6c10, 0x00000260ca4e3720
}

Java Threads: ( => current thread )
  0x00000260a8ae5eb0 JavaThread "main" [_thread_blocked, id=7660, stack(0x000000e5e1000000,0x000000e5e1100000)]
  0x00000260c613ce30 JavaThread "Reference Handler" daemon [_thread_blocked, id=1464, stack(0x000000e5e1700000,0x000000e5e1800000)]
  0x00000260c613e440 JavaThread "Finalizer" daemon [_thread_blocked, id=10476, stack(0x000000e5e1800000,0x000000e5e1900000)]
  0x00000260c61564d0 JavaThread "Signal Dispatcher" daemon [_thread_blocked, id=18008, stack(0x000000e5e1900000,0x000000e5e1a00000)]
  0x00000260c6158090 JavaThread "Attach Listener" daemon [_thread_blocked, id=16300, stack(0x000000e5e1a00000,0x000000e5e1b00000)]
  0x00000260c6158c40 JavaThread "Service Thread" daemon [_thread_blocked, id=23124, stack(0x000000e5e1b00000,0x000000e5e1c00000)]
  0x00000260c615bb00 JavaThread "Monitor Deflation Thread" daemon [_thread_blocked, id=8980, stack(0x000000e5e1c00000,0x000000e5e1d00000)]
  0x00000260c615cca0 JavaThread "C2 CompilerThread0" daemon [_thread_blocked, id=27364, stack(0x000000e5e1d00000,0x000000e5e1e00000)]
  0x00000260c615d740 JavaThread "C1 CompilerThread0" daemon [_thread_blocked, id=3284, stack(0x000000e5e1e00000,0x000000e5e1f00000)]
  0x00000260c6162810 JavaThread "Sweeper thread" daemon [_thread_blocked, id=8688, stack(0x000000e5e1f00000,0x000000e5e2000000)]
  0x00000260c6cae7d0 JavaThread "Common-Cleaner" daemon [_thread_blocked, id=14020, stack(0x000000e5e2000000,0x000000e5e2100000)]
  0x00000260c6cb8ce0 JavaThread "Notification Thread" daemon [_thread_blocked, id=24988, stack(0x000000e5e2100000,0x000000e5e2200000)]
  0x00000260c86c1890 JavaThread "Daemon health stats" [_thread_blocked, id=10592, stack(0x000000e5e2400000,0x000000e5e2500000)]
  0x00000260c77a9e60 JavaThread "Incoming local TCP Connector on port 62302" [_thread_in_native, id=19680, stack(0x000000e5e2500000,0x000000e5e2600000)]
  0x00000260c78851b0 JavaThread "Daemon periodic checks" [_thread_blocked, id=6516, stack(0x000000e5e2600000,0x000000e5e2700000)]
  0x00000260c829cf10 JavaThread "Daemon" [_thread_blocked, id=3180, stack(0x000000e5e2700000,0x000000e5e2800000)]
  0x00000260c79e1810 JavaThread "Handler for socket connection from /127.0.0.1:62302 to /127.0.0.1:62303" [_thread_in_native, id=8852, stack(0x000000e5e2800000,0x000000e5e2900000)]
  0x00000260c83e6ac0 JavaThread "Cancel handler" [_thread_blocked, id=26440, stack(0x000000e5e2900000,0x000000e5e2a00000)]
  0x00000260c83e7730 JavaThread "Daemon worker" [_thread_blocked, id=8424, stack(0x000000e5e2a00000,0x000000e5e2b00000)]
  0x00000260c8d72400 JavaThread "Asynchronous log dispatcher for DefaultDaemonConnection: socket connection from /127.0.0.1:62302 to /127.0.0.1:62303" [_thread_blocked, id=11536, stack(0x000000e5e2b00000,0x000000e5e2c00000)]
  0x00000260c79f4f30 JavaThread "Stdin handler" [_thread_blocked, id=22736, stack(0x000000e5e2c00000,0x000000e5e2d00000)]
  0x00000260c79f2d80 JavaThread "Daemon client event forwarder" [_thread_blocked, id=26940, stack(0x000000e5e2d00000,0x000000e5e2e00000)]
  0x00000260c79f58d0 JavaThread "Cache worker for journal cache (C:\Users\11218\.gradle\caches\journal-1)" [_thread_blocked, id=1220, stack(0x000000e5e2e00000,0x000000e5e2f00000)]
  0x00000260c79f4a60 JavaThread "File lock request listener" [_thread_in_native, id=18912, stack(0x000000e5e2f00000,0x000000e5e3000000)]
  0x00000260c79f5400 JavaThread "Cache worker for file hash cache (C:\Users\11218\.gradle\caches\8.0\fileHashes)" [_thread_blocked, id=25748, stack(0x000000e5e3000000,0x000000e5e3100000)]
  0x00000260c79f1f10 JavaThread "File watcher server" daemon [_thread_blocked, id=15164, stack(0x000000e5e3300000,0x000000e5e3400000)]
  0x00000260c79f23e0 JavaThread "File watcher consumer" daemon [_thread_blocked, id=4756, stack(0x000000e5e3400000,0x000000e5e3500000)]
  0x00000260c79f3250 JavaThread "Cache worker for checksums cache (D:\androidLearning\AndroidStudioProjects\serviceTest1\.gradle\8.0\checksums)" [_thread_blocked, id=24952, stack(0x000000e5e3500000,0x000000e5e3600000)]
  0x00000260c79f3720 JavaThread "Cache worker for cache directory md-rule (C:\Users\11218\.gradle\caches\8.0\md-rule)" [_thread_blocked, id=26224, stack(0x000000e5e3600000,0x000000e5e3700000)]
  0x00000260c79f3bf0 JavaThread "Cache worker for file content cache (C:\Users\11218\.gradle\caches\8.0\fileContent)" [_thread_blocked, id=17024, stack(0x000000e5e3700000,0x000000e5e3800000)]
  0x00000260c79f40c0 JavaThread "Cache worker for file hash cache (D:\androidLearning\AndroidStudioProjects\serviceTest1\.gradle\8.0\fileHashes)" [_thread_blocked, id=13268, stack(0x000000e5e3800000,0x000000e5e3900000)]
  0x00000260c7ce6a10 JavaThread "Cache worker for cache directory md-supplier (C:\Users\11218\.gradle\caches\8.0\md-supplier)" [_thread_blocked, id=8936, stack(0x000000e5e3a00000,0x000000e5e3b00000)]
  0x00000260c7ce56d0 JavaThread "Cache worker for execution history cache (C:\Users\11218\.gradle\caches\8.0\executionHistory)" [_thread_blocked, id=9792, stack(0x000000e5e3b00000,0x000000e5e3c00000)]
  0x00000260c7ce4860 JavaThread "jar transforms" [_thread_blocked, id=24524, stack(0x000000e5e3c00000,0x000000e5e3d00000)]
  0x00000260c7ce8bc0 JavaThread "jar transforms Thread 2" [_thread_blocked, id=14584, stack(0x000000e5e3d00000,0x000000e5e3e00000)]
  0x00000260c7ce5200 JavaThread "Cache worker for kotlin-dsl (C:\Users\11218\.gradle\caches\8.0\kotlin-dsl)" [_thread_blocked, id=24220, stack(0x000000e5e3e00000,0x000000e5e3f00000)]
  0x00000260c7ce6070 JavaThread "Cache worker for dependencies-accessors (D:\androidLearning\AndroidStudioProjects\serviceTest1\.gradle\8.0\dependencies-accessors)" [_thread_blocked, id=11016, stack(0x000000e5e0e00000,0x000000e5e0f00000)]
  0x00000260c7ce4390 JavaThread "Cache worker for Build Output Cleanup Cache (D:\androidLearning\AndroidStudioProjects\serviceTest1\.gradle\buildOutputCleanup)" [_thread_blocked, id=26736, stack(0x000000e5e0f00000,0x000000e5e1000000)]
  0x00000260c7ce9a30 JavaThread "Unconstrained build operations" [_thread_blocked, id=15228, stack(0x000000e5e4000000,0x000000e5e4100000)]
  0x00000260c7ce6540 JavaThread "Unconstrained build operations Thread 2" [_thread_blocked, id=21548, stack(0x000000e5e4100000,0x000000e5e4200000)]
  0x00000260c7ce9f00 JavaThread "Unconstrained build operations Thread 3" [_thread_blocked, id=13584, stack(0x000000e5e4200000,0x000000e5e4300000)]
  0x00000260c7ce73b0 JavaThread "Unconstrained build operations Thread 4" [_thread_blocked, id=27616, stack(0x000000e5e4300000,0x000000e5e4400000)]
  0x00000260c7ce7880 JavaThread "Unconstrained build operations Thread 5" [_thread_blocked, id=9536, stack(0x000000e5e4400000,0x000000e5e4500000)]
  0x00000260c7ce7d50 JavaThread "Unconstrained build operations Thread 6" [_thread_blocked, id=19568, stack(0x000000e5e4500000,0x000000e5e4600000)]
  0x00000260c7cea3d0 JavaThread "Unconstrained build operations Thread 7" [_thread_blocked, id=20976, stack(0x000000e5e4600000,0x000000e5e4700000)]
  0x00000260c7cea8a0 JavaThread "Unconstrained build operations Thread 8" [_thread_blocked, id=20752, stack(0x000000e5e4700000,0x000000e5e4800000)]
  0x00000260c7cead70 JavaThread "Unconstrained build operations Thread 9" [_thread_blocked, id=21888, stack(0x000000e5e4800000,0x000000e5e4900000)]
  0x00000260c7ce3520 JavaThread "Unconstrained build operations Thread 10" [_thread_blocked, id=15244, stack(0x000000e5e4900000,0x000000e5e4a00000)]
  0x00000260ca708690 JavaThread "Unconstrained build operations Thread 11" [_thread_blocked, id=27008, stack(0x000000e5e4a00000,0x000000e5e4b00000)]
  0x00000260ca7064e0 JavaThread "Unconstrained build operations Thread 12" [_thread_blocked, id=2132, stack(0x000000e5e4b00000,0x000000e5e4c00000)]
  0x00000260ca709030 JavaThread "Unconstrained build operations Thread 13" [_thread_blocked, id=27348, stack(0x000000e5e4c00000,0x000000e5e4d00000)]
  0x00000260ca70bb80 JavaThread "Unconstrained build operations Thread 14" [_thread_blocked, id=26696, stack(0x000000e5e4d00000,0x000000e5e4e00000)]
  0x00000260ca70ad10 JavaThread "Unconstrained build operations Thread 15" [_thread_blocked, id=27620, stack(0x000000e5e4e00000,0x000000e5e4f00000)]
  0x00000260ca70d860 JavaThread "Unconstrained build operations Thread 16" [_thread_blocked, id=10392, stack(0x000000e5e4f00000,0x000000e5e5000000)]
  0x00000260ca7099d0 JavaThread "Unconstrained build operations Thread 17" [_thread_blocked, id=5952, stack(0x000000e5e5000000,0x000000e5e5100000)]
  0x00000260ca708b60 JavaThread "Unconstrained build operations Thread 18" [_thread_blocked, id=10020, stack(0x000000e5e5100000,0x000000e5e5200000)]
  0x00000260ca707cf0 JavaThread "Unconstrained build operations Thread 19" [_thread_blocked, id=13456, stack(0x000000e5e5200000,0x000000e5e5300000)]
  0x00000260ca70d390 JavaThread "Unconstrained build operations Thread 20" [_thread_blocked, id=7388, stack(0x000000e5e5300000,0x000000e5e5400000)]
  0x00000260ca707820 JavaThread "Memory manager" [_thread_blocked, id=27296, stack(0x000000e5e5400000,0x000000e5e5500000)]
  0x00000260ca70cec0 JavaThread "build event listener" [_thread_blocked, id=15808, stack(0x000000e5e5500000,0x000000e5e5600000)]
  0x00000260ca70b1e0 JavaThread "build event listener" [_thread_blocked, id=23060, stack(0x000000e5e5600000,0x000000e5e5700000)]
  0x00000260ca706e80 JavaThread "included builds" [_thread_blocked, id=14956, stack(0x000000e5e5700000,0x000000e5e5800000)]
  0x00000260c8741330 JavaThread "Execution worker" [_thread_blocked, id=14308, stack(0x000000e5e5800000,0x000000e5e5900000)]
  0x00000260c873bc90 JavaThread "Cache worker for execution history cache (D:\androidLearning\AndroidStudioProjects\serviceTest1\.gradle\8.0\executionHistory)" [_thread_blocked, id=25496, stack(0x000000e5e5900000,0x000000e5e5a00000)]
  0x00000260c8739ae0 JavaThread "WorkerExecutor Queue" [_thread_blocked, id=21196, stack(0x000000e5e3100000,0x000000e5e3200000)]
  0x00000260c873a480 JavaThread "RMI Scheduler(0)" daemon [_thread_blocked, id=13500, stack(0x000000e5e5a00000,0x000000e5e5b00000)]
  0x00000260c873a950 JavaThread "RMI RenewClean-[127.0.0.1:17533,org.jetbrains.kotlin.daemon.common.LoopbackNetworkInterface$ClientLoopbackSocketFactory@652fc357]" daemon [_thread_blocked, id=7836, stack(0x000000e5e5c00000,0x000000e5e5d00000)]
  0x00000260c873fb20 JavaThread "RMI GC Daemon" daemon [_thread_blocked, id=20516, stack(0x000000e5e5d00000,0x000000e5e5e00000)]
  0x00000260c873b2f0 JavaThread "RMI RenewClean-[127.0.0.1:17602,org.jetbrains.kotlin.daemon.common.LoopbackNetworkInterface$ClientLoopbackSocketFactory@2d6c2495]" daemon [_thread_blocked, id=21632, stack(0x000000e5e5f00000,0x000000e5e6000000)]
  0x00000260c873ae20 JavaThread "RMI TCP Accept-0" daemon [_thread_in_native, id=26812, stack(0x000000e5e5e00000,0x000000e5e5f00000)]
  0x00000260c873b7c0 JavaThread "RMI Reaper" [_thread_blocked, id=18312, stack(0x000000e5e6000000,0x000000e5e6100000)]
  0x00000260c79f28b0 JavaThread "WorkerExecutor Queue Thread 2" [_thread_blocked, id=10236, stack(0x000000e5e6100000,0x000000e5e6200000)]
  0x00000260ca4e28b0 JavaThread "RMI TCP Connection(4)-127.0.0.1" daemon [_thread_in_native, id=13868, stack(0x000000e5e6200000,0x000000e5e6300000)]
  0x00000260ca4e6c10 JavaThread "RMI TCP Connection(3)-127.0.0.1" daemon [_thread_in_native, id=26344, stack(0x000000e5e6400000,0x000000e5e6500000)]
  0x00000260ca4e3720 JavaThread "ForkJoinPool.commonPool-worker-1" daemon [_thread_blocked, id=9360, stack(0x000000e5e6300000,0x000000e5e6400000)]

Other Threads:
=>0x00000260c6138790 VMThread "VM Thread" [stack: 0x000000e5e1600000,0x000000e5e1700000] [id=27524]
  0x00000260c6cb91b0 WatcherThread [stack: 0x000000e5e2200000,0x000000e5e2300000] [id=13776]
  0x00000260a8b41130 GCTaskThread "GC Thread#0" [stack: 0x000000e5e1100000,0x000000e5e1200000] [id=20172]
  0x00000260c6d04d40 GCTaskThread "GC Thread#1" [stack: 0x000000e5e2300000,0x000000e5e2400000] [id=9476]
  0x00000260a8b53080 ConcurrentGCThread "G1 Main Marker" [stack: 0x000000e5e1200000,0x000000e5e1300000] [id=18068]
  0x00000260a8b53a90 ConcurrentGCThread "G1 Conc#0" [stack: 0x000000e5e1300000,0x000000e5e1400000] [id=3820]
  0x00000260a8ba1290 ConcurrentGCThread "G1 Refine#0" [stack: 0x000000e5e1400000,0x000000e5e1500000] [id=24272]
  0x00000260c8deb350 ConcurrentGCThread "G1 Refine#1" [stack: 0x000000e5e3900000,0x000000e5e3a00000] [id=14668]
  0x00000260a8ba1cb0 ConcurrentGCThread "G1 Service" [stack: 0x000000e5e1500000,0x000000e5e1600000] [id=27540]

Threads with active compile tasks:

VM state: at safepoint (normal execution)

VM Mutex/Monitor currently owned by a thread:  ([mutex/lock_event])
[0x00000260a8ae17f0] Threads_lock - owner thread: 0x00000260c6138790
[0x00000260a8ae2f90] Heap_lock - owner thread: 0x00000260c8739ae0

Heap address: 0x0000000080000000, size: 2048 MB, Compressed Oops mode: 32-bit

CDS archive(s) mapped at: [0x0000000800000000-0x0000000800bc0000-0x0000000800bc0000), size 12320768, SharedBaseAddress: 0x0000000800000000, ArchiveRelocationMode: 0.
Compressed class space mapped at: 0x0000000800c00000-0x0000000840c00000, reserved size: 1073741824
Narrow klass base: 0x0000000800000000, Narrow klass shift: 0, Narrow klass range: 0x100000000

GC Precious Log:
 CPUs: 2 total, 2 available
 Memory: 7995M
 Large Page Support: Disabled
 NUMA Support: Disabled
 Compressed Oops: Enabled (32-bit)
 Heap Region Size: 1M
 Heap Min Capacity: 8M
 Heap Initial Capacity: 126M
 Heap Max Capacity: 2G
 Pre-touch: Disabled
 Parallel Workers: 2
 Concurrent Workers: 1
 Concurrent Refinement Workers: 2
 Periodic GC: Disabled

Heap:
 garbage-first heap   total 178176K, used 127093K [0x0000000080000000, 0x0000000100000000)
  region size 1024K, 1 young (1024K), 1 survivors (1024K)
 Metaspace       used 117796K, committed 118720K, reserved 1155072K
  class space    used 15994K, committed 16448K, reserved 1048576K

Heap Regions: E=young(eden), S=young(survivor), O=old, HS=humongous(starts), HC=humongous(continues), CS=collection set, F=free, OA=open archive, CA=closed archive, TAMS=top-at-mark-start (previous, next)
|   0|0x0000000080000000, 0x0000000080100000, 0x0000000080100000|100%| O|  |TAMS 0x0000000080100000, 0x0000000080100000| Untracked 
|   1|0x0000000080100000, 0x0000000080200000, 0x0000000080200000|100%| O|  |TAMS 0x0000000080200000, 0x0000000080200000| Untracked 
|   2|0x0000000080200000, 0x0000000080300000, 0x0000000080300000|100%| O|  |TAMS 0x0000000080300000, 0x0000000080300000| Untracked 
|   3|0x0000000080300000, 0x0000000080400000, 0x0000000080400000|100%|HS|  |TAMS 0x0000000080400000, 0x0000000080400000| Complete 
|   4|0x0000000080400000, 0x0000000080500000, 0x0000000080500000|100%|HC|  |TAMS 0x0000000080500000, 0x0000000080500000| Complete 
|   5|0x0000000080500000, 0x0000000080600000, 0x0000000080600000|100%|HC|  |TAMS 0x0000000080600000, 0x0000000080600000| Complete 
|   6|0x0000000080600000, 0x0000000080700000, 0x0000000080700000|100%|HC|  |TAMS 0x0000000080700000, 0x0000000080700000| Complete 
|   7|0x0000000080700000, 0x0000000080800000, 0x0000000080800000|100%| O|  |TAMS 0x0000000080800000, 0x0000000080800000| Untracked 
|   8|0x0000000080800000, 0x0000000080900000, 0x0000000080900000|100%| O|  |TAMS 0x0000000080900000, 0x0000000080900000| Untracked 
|   9|0x0000000080900000, 0x0000000080a00000, 0x0000000080a00000|100%| O|  |TAMS 0x0000000080a00000, 0x0000000080a00000| Untracked 
|  10|0x0000000080a00000, 0x0000000080b00000, 0x0000000080b00000|100%| O|  |TAMS 0x0000000080b00000, 0x0000000080b00000| Untracked 
|  11|0x0000000080b00000, 0x0000000080c00000, 0x0000000080c00000|100%| O|  |TAMS 0x0000000080c00000, 0x0000000080c00000| Untracked 
|  12|0x0000000080c00000, 0x0000000080d00000, 0x0000000080d00000|100%| O|  |TAMS 0x0000000080d00000, 0x0000000080d00000| Untracked 
|  13|0x0000000080d00000, 0x0000000080e00000, 0x0000000080e00000|100%| O|  |TAMS 0x0000000080e00000, 0x0000000080e00000| Untracked 
|  14|0x0000000080e00000, 0x0000000080f00000, 0x0000000080f00000|100%| O|  |TAMS 0x0000000080f00000, 0x0000000080f00000| Untracked 
|  15|0x0000000080f00000, 0x0000000081000000, 0x0000000081000000|100%| O|  |TAMS 0x0000000081000000, 0x0000000081000000| Untracked 
|  16|0x0000000081000000, 0x0000000081100000, 0x0000000081100000|100%| O|  |TAMS 0x0000000081100000, 0x0000000081100000| Untracked 
|  17|0x0000000081100000, 0x0000000081200000, 0x0000000081200000|100%| O|  |TAMS 0x0000000081200000, 0x0000000081200000| Untracked 
|  18|0x0000000081200000, 0x0000000081300000, 0x0000000081300000|100%| O|  |TAMS 0x0000000081300000, 0x0000000081300000| Untracked 
|  19|0x0000000081300000, 0x0000000081400000, 0x0000000081400000|100%| O|  |TAMS 0x0000000081400000, 0x0000000081400000| Untracked 
|  20|0x0000000081400000, 0x0000000081500000, 0x0000000081500000|100%|HS|  |TAMS 0x0000000081500000, 0x0000000081500000| Complete 
|  21|0x0000000081500000, 0x0000000081600000, 0x0000000081600000|100%| O|  |TAMS 0x0000000081600000, 0x0000000081600000| Untracked 
|  22|0x0000000081600000, 0x0000000081700000, 0x0000000081700000|100%| O|  |TAMS 0x0000000081700000, 0x0000000081700000| Untracked 
|  23|0x0000000081700000, 0x0000000081800000, 0x0000000081800000|100%| O|  |TAMS 0x0000000081800000, 0x0000000081800000| Untracked 
|  24|0x0000000081800000, 0x0000000081900000, 0x0000000081900000|100%| O|  |TAMS 0x0000000081900000, 0x0000000081900000| Untracked 
|  25|0x0000000081900000, 0x0000000081a00000, 0x0000000081a00000|100%| O|  |TAMS 0x0000000081a00000, 0x0000000081a00000| Untracked 
|  26|0x0000000081a00000, 0x0000000081b00000, 0x0000000081b00000|100%| O|  |TAMS 0x0000000081b00000, 0x0000000081b00000| Untracked 
|  27|0x0000000081b00000, 0x0000000081c00000, 0x0000000081c00000|100%| O|  |TAMS 0x0000000081c00000, 0x0000000081c00000| Untracked 
|  28|0x0000000081c00000, 0x0000000081d00000, 0x0000000081d00000|100%| O|  |TAMS 0x0000000081d00000, 0x0000000081d00000| Untracked 
|  29|0x0000000081d00000, 0x0000000081e00000, 0x0000000081e00000|100%| O|  |TAMS 0x0000000081e00000, 0x0000000081e00000| Untracked 
|  30|0x0000000081e00000, 0x0000000081f00000, 0x0000000081f00000|100%| O|  |TAMS 0x0000000081f00000, 0x0000000081f00000| Untracked 
|  31|0x0000000081f00000, 0x0000000082000000, 0x0000000082000000|100%| O|  |TAMS 0x0000000082000000, 0x0000000082000000| Untracked 
|  32|0x0000000082000000, 0x0000000082100000, 0x0000000082100000|100%| O|  |TAMS 0x0000000082100000, 0x0000000082100000| Untracked 
|  33|0x0000000082100000, 0x0000000082200000, 0x0000000082200000|100%| O|  |TAMS 0x0000000082200000, 0x0000000082200000| Untracked 
|  34|0x0000000082200000, 0x0000000082300000, 0x0000000082300000|100%| O|  |TAMS 0x0000000082300000, 0x0000000082300000| Untracked 
|  35|0x0000000082300000, 0x0000000082400000, 0x0000000082400000|100%| O|  |TAMS 0x0000000082400000, 0x0000000082400000| Untracked 
|  36|0x0000000082400000, 0x0000000082500000, 0x0000000082500000|100%| O|  |TAMS 0x0000000082500000, 0x0000000082500000| Untracked 
|  37|0x0000000082500000, 0x0000000082600000, 0x0000000082600000|100%| O|  |TAMS 0x0000000082600000, 0x0000000082600000| Untracked 
|  38|0x0000000082600000, 0x0000000082700000, 0x0000000082700000|100%| O|  |TAMS 0x0000000082700000, 0x0000000082700000| Untracked 
|  39|0x0000000082700000, 0x0000000082800000, 0x0000000082800000|100%| O|  |TAMS 0x0000000082800000, 0x0000000082800000| Untracked 
|  40|0x0000000082800000, 0x0000000082900000, 0x0000000082900000|100%| O|  |TAMS 0x0000000082900000, 0x0000000082900000| Untracked 
|  41|0x0000000082900000, 0x0000000082a00000, 0x0000000082a00000|100%| O|  |TAMS 0x0000000082a00000, 0x0000000082a00000| Untracked 
|  42|0x0000000082a00000, 0x0000000082b00000, 0x0000000082b00000|100%|HS|  |TAMS 0x0000000082b00000, 0x0000000082b00000| Complete 
|  43|0x0000000082b00000, 0x0000000082c00000, 0x0000000082c00000|100%|HS|  |TAMS 0x0000000082c00000, 0x0000000082c00000| Complete 
|  44|0x0000000082c00000, 0x0000000082d00000, 0x0000000082d00000|100%|HC|  |TAMS 0x0000000082d00000, 0x0000000082d00000| Complete 
|  45|0x0000000082d00000, 0x0000000082e00000, 0x0000000082e00000|100%|HS|  |TAMS 0x0000000082e00000, 0x0000000082e00000| Complete 
|  46|0x0000000082e00000, 0x0000000082f00000, 0x0000000082f00000|100%|HS|  |TAMS 0x0000000082f00000, 0x0000000082f00000| Complete 
|  47|0x0000000082f00000, 0x0000000083000000, 0x0000000083000000|100%|HC|  |TAMS 0x0000000083000000, 0x0000000083000000| Complete 
|  48|0x0000000083000000, 0x0000000083100000, 0x0000000083100000|100%|HC|  |TAMS 0x0000000083100000, 0x0000000083100000| Complete 
|  49|0x0000000083100000, 0x0000000083200000, 0x0000000083200000|100%|HC|  |TAMS 0x0000000083200000, 0x0000000083200000| Complete 
|  50|0x0000000083200000, 0x0000000083300000, 0x0000000083300000|100%| O|  |TAMS 0x0000000083300000, 0x0000000083300000| Untracked 
|  51|0x0000000083300000, 0x0000000083400000, 0x0000000083400000|100%| O|  |TAMS 0x0000000083400000, 0x0000000083400000| Untracked 
|  52|0x0000000083400000, 0x0000000083500000, 0x0000000083500000|100%| O|  |TAMS 0x0000000083500000, 0x0000000083500000| Untracked 
|  53|0x0000000083500000, 0x0000000083600000, 0x0000000083600000|100%| O|  |TAMS 0x0000000083600000, 0x0000000083600000| Untracked 
|  54|0x0000000083600000, 0x0000000083700000, 0x0000000083700000|100%| O|  |TAMS 0x0000000083700000, 0x0000000083700000| Untracked 
|  55|0x0000000083700000, 0x0000000083800000, 0x0000000083800000|100%| O|  |TAMS 0x0000000083800000, 0x0000000083800000| Untracked 
|  56|0x0000000083800000, 0x0000000083900000, 0x0000000083900000|100%| O|  |TAMS 0x0000000083900000, 0x0000000083900000| Untracked 
|  57|0x0000000083900000, 0x0000000083a00000, 0x0000000083a00000|100%| O|  |TAMS 0x0000000083a00000, 0x0000000083a00000| Untracked 
|  58|0x0000000083a00000, 0x0000000083b00000, 0x0000000083b00000|100%| O|  |TAMS 0x0000000083b00000, 0x0000000083b00000| Untracked 
|  59|0x0000000083b00000, 0x0000000083c00000, 0x0000000083c00000|100%| O|  |TAMS 0x0000000083c00000, 0x0000000083c00000| Untracked 
|  60|0x0000000083c00000, 0x0000000083d00000, 0x0000000083d00000|100%| O|  |TAMS 0x0000000083d00000, 0x0000000083d00000| Untracked 
|  61|0x0000000083d00000, 0x0000000083e00000, 0x0000000083e00000|100%| O|  |TAMS 0x0000000083e00000, 0x0000000083e00000| Untracked 
|  62|0x0000000083e00000, 0x0000000083f00000, 0x0000000083f00000|100%| O|  |TAMS 0x0000000083f00000, 0x0000000083f00000| Untracked 
|  63|0x0000000083f00000, 0x0000000084000000, 0x0000000084000000|100%| O|  |TAMS 0x0000000084000000, 0x0000000084000000| Untracked 
|  64|0x0000000084000000, 0x0000000084100000, 0x0000000084100000|100%| O|  |TAMS 0x0000000084100000, 0x0000000084100000| Untracked 
|  65|0x0000000084100000, 0x0000000084200000, 0x0000000084200000|100%| O|  |TAMS 0x0000000084200000, 0x0000000084200000| Untracked 
|  66|0x0000000084200000, 0x0000000084300000, 0x0000000084300000|100%| O|  |TAMS 0x0000000084300000, 0x0000000084300000| Untracked 
|  67|0x0000000084300000, 0x0000000084400000, 0x0000000084400000|100%| O|  |TAMS 0x0000000084400000, 0x0000000084400000| Untracked 
|  68|0x0000000084400000, 0x0000000084500000, 0x0000000084500000|100%| O|  |TAMS 0x0000000084500000, 0x0000000084500000| Untracked 
|  69|0x0000000084500000, 0x0000000084600000, 0x0000000084600000|100%| O|  |TAMS 0x0000000084600000, 0x0000000084600000| Untracked 
|  70|0x0000000084600000, 0x0000000084700000, 0x0000000084700000|100%| O|  |TAMS 0x0000000084700000, 0x0000000084700000| Untracked 
|  71|0x0000000084700000, 0x0000000084800000, 0x0000000084800000|100%| O|  |TAMS 0x0000000084800000, 0x0000000084800000| Untracked 
|  72|0x0000000084800000, 0x0000000084900000, 0x0000000084900000|100%| O|  |TAMS 0x0000000084900000, 0x0000000084900000| Untracked 
|  73|0x0000000084900000, 0x0000000084a00000, 0x0000000084a00000|100%| O|  |TAMS 0x0000000084a00000, 0x0000000084a00000| Untracked 
|  74|0x0000000084a00000, 0x0000000084b00000, 0x0000000084b00000|100%| O|  |TAMS 0x0000000084b00000, 0x0000000084b00000| Untracked 
|  75|0x0000000084b00000, 0x0000000084c00000, 0x0000000084c00000|100%| O|  |TAMS 0x0000000084b00000, 0x0000000084c00000| Untracked 
|  76|0x0000000084c00000, 0x0000000084d00000, 0x0000000084d00000|100%| O|  |TAMS 0x0000000084d00000, 0x0000000084d00000| Untracked 
|  77|0x0000000084d00000, 0x0000000084e00000, 0x0000000084e00000|100%| O|  |TAMS 0x0000000084e00000, 0x0000000084e00000| Untracked 
|  78|0x0000000084e00000, 0x0000000084f00000, 0x0000000084f00000|100%| O|  |TAMS 0x0000000084f00000, 0x0000000084f00000| Untracked 
|  79|0x0000000084f00000, 0x0000000085000000, 0x0000000085000000|100%| O|  |TAMS 0x0000000084f00000, 0x0000000085000000| Untracked 
|  80|0x0000000085000000, 0x0000000085100000, 0x0000000085100000|100%| O|  |TAMS 0x0000000085100000, 0x0000000085100000| Untracked 
|  81|0x0000000085100000, 0x0000000085200000, 0x0000000085200000|100%| O|  |TAMS 0x0000000085200000, 0x0000000085200000| Untracked 
|  82|0x0000000085200000, 0x0000000085300000, 0x0000000085300000|100%| O|  |TAMS 0x0000000085300000, 0x0000000085300000| Untracked 
|  83|0x0000000085300000, 0x0000000085400000, 0x0000000085400000|100%| O|  |TAMS 0x0000000085400000, 0x0000000085400000| Untracked 
|  84|0x0000000085400000, 0x0000000085500000, 0x0000000085500000|100%| O|  |TAMS 0x0000000085500000, 0x0000000085500000| Untracked 
|  85|0x0000000085500000, 0x0000000085600000, 0x0000000085600000|100%| O|  |TAMS 0x0000000085600000, 0x0000000085600000| Untracked 
|  86|0x0000000085600000, 0x0000000085700000, 0x0000000085700000|100%| O|  |TAMS 0x0000000085700000, 0x0000000085700000| Untracked 
|  87|0x0000000085700000, 0x0000000085800000, 0x0000000085800000|100%| O|  |TAMS 0x0000000085800000, 0x0000000085800000| Untracked 
|  88|0x0000000085800000, 0x0000000085900000, 0x0000000085900000|100%| O|  |TAMS 0x0000000085900000, 0x0000000085900000| Untracked 
|  89|0x0000000085900000, 0x0000000085a00000, 0x0000000085a00000|100%| O|  |TAMS 0x0000000085a00000, 0x0000000085a00000| Untracked 
|  90|0x0000000085a00000, 0x0000000085b00000, 0x0000000085b00000|100%| O|  |TAMS 0x0000000085b00000, 0x0000000085b00000| Untracked 
|  91|0x0000000085b00000, 0x0000000085c00000, 0x0000000085c00000|100%| O|  |TAMS 0x0000000085c00000, 0x0000000085c00000| Untracked 
|  92|0x0000000085c00000, 0x0000000085d00000, 0x0000000085d00000|100%| O|  |TAMS 0x0000000085d00000, 0x0000000085d00000| Untracked 
|  93|0x0000000085d00000, 0x0000000085e00000, 0x0000000085e00000|100%| O|  |TAMS 0x0000000085e00000, 0x0000000085e00000| Untracked 
|  94|0x0000000085e00000, 0x0000000085f00000, 0x0000000085f00000|100%| O|  |TAMS 0x0000000085f00000, 0x0000000085f00000| Untracked 
|  95|0x0000000085f00000, 0x0000000086000000, 0x0000000086000000|100%| O|  |TAMS 0x0000000085fcc800, 0x0000000086000000| Untracked 
|  96|0x0000000086000000, 0x0000000086100000, 0x0000000086100000|100%| O|  |TAMS 0x0000000086000000, 0x0000000086100000| Untracked 
|  97|0x0000000086100000, 0x0000000086200000, 0x0000000086200000|100%| O|  |TAMS 0x0000000086100000, 0x0000000086200000| Untracked 
|  98|0x0000000086200000, 0x0000000086300000, 0x0000000086300000|100%| O|  |TAMS 0x0000000086200000, 0x0000000086300000| Untracked 
|  99|0x0000000086300000, 0x0000000086400000, 0x0000000086400000|100%| O|  |TAMS 0x0000000086300000, 0x0000000086400000| Untracked 
| 100|0x0000000086400000, 0x0000000086500000, 0x0000000086500000|100%| O|  |TAMS 0x0000000086400000, 0x0000000086500000| Untracked 
| 101|0x0000000086500000, 0x0000000086600000, 0x0000000086600000|100%| O|  |TAMS 0x0000000086500000, 0x0000000086600000| Untracked 
| 102|0x0000000086600000, 0x0000000086700000, 0x0000000086700000|100%| O|  |TAMS 0x0000000086600000, 0x0000000086700000| Untracked 
| 103|0x0000000086700000, 0x0000000086800000, 0x0000000086800000|100%| O|  |TAMS 0x0000000086700000, 0x0000000086800000| Untracked 
| 104|0x0000000086800000, 0x0000000086900000, 0x0000000086900000|100%| O|  |TAMS 0x0000000086800000, 0x0000000086900000| Untracked 
| 105|0x0000000086900000, 0x0000000086a00000, 0x0000000086a00000|100%|HS|  |TAMS 0x0000000086900000, 0x0000000086a00000| Complete 
| 106|0x0000000086a00000, 0x0000000086b00000, 0x0000000086b00000|100%|HC|  |TAMS 0x0000000086a00000, 0x0000000086b00000| Complete 
| 107|0x0000000086b00000, 0x0000000086c00000, 0x0000000086c00000|100%|HS|  |TAMS 0x0000000086b00000, 0x0000000086c00000| Complete 
| 108|0x0000000086c00000, 0x0000000086d00000, 0x0000000086d00000|100%|HC|  |TAMS 0x0000000086c00000, 0x0000000086d00000| Complete 
| 109|0x0000000086d00000, 0x0000000086e00000, 0x0000000086e00000|100%|HC|  |TAMS 0x0000000086d00000, 0x0000000086e00000| Complete 
| 110|0x0000000086e00000, 0x0000000086f00000, 0x0000000086f00000|100%| O|  |TAMS 0x0000000086e00000, 0x0000000086f00000| Untracked 
| 111|0x0000000086f00000, 0x0000000087000000, 0x0000000087000000|100%| O|  |TAMS 0x0000000086f00000, 0x0000000087000000| Untracked 
| 112|0x0000000087000000, 0x0000000087100000, 0x0000000087100000|100%| O|  |TAMS 0x0000000087000000, 0x0000000087100000| Untracked 
| 113|0x0000000087100000, 0x0000000087200000, 0x0000000087200000|100%| O|  |TAMS 0x0000000087100000, 0x0000000087200000| Untracked 
| 114|0x0000000087200000, 0x0000000087200000, 0x0000000087300000|  0%| F|  |TAMS 0x0000000087200000, 0x0000000087200000| Untracked 
| 115|0x0000000087300000, 0x0000000087300000, 0x0000000087400000|  0%| F|  |TAMS 0x0000000087300000, 0x0000000087300000| Untracked 
| 116|0x0000000087400000, 0x0000000087500000, 0x0000000087500000|100%|HS|  |TAMS 0x0000000087400000, 0x0000000087500000| Complete 
| 117|0x0000000087500000, 0x0000000087600000, 0x0000000087600000|100%|HC|  |TAMS 0x0000000087500000, 0x0000000087600000| Complete 
| 118|0x0000000087600000, 0x0000000087600000, 0x0000000087700000|  0%| F|  |TAMS 0x0000000087600000, 0x0000000087600000| Untracked 
| 119|0x0000000087700000, 0x0000000087700000, 0x0000000087800000|  0%| F|  |TAMS 0x0000000087700000, 0x0000000087700000| Untracked 
| 120|0x0000000087800000, 0x0000000087800000, 0x0000000087900000|  0%| F|  |TAMS 0x0000000087800000, 0x0000000087800000| Untracked 
| 121|0x0000000087900000, 0x0000000087900000, 0x0000000087a00000|  0%| F|  |TAMS 0x0000000087900000, 0x0000000087900000| Untracked 
| 122|0x0000000087a00000, 0x0000000087a00000, 0x0000000087b00000|  0%| F|  |TAMS 0x0000000087a00000, 0x0000000087a00000| Untracked 
| 123|0x0000000087b00000, 0x0000000087b00000, 0x0000000087c00000|  0%| F|  |TAMS 0x0000000087b00000, 0x0000000087b00000| Untracked 
| 124|0x0000000087c00000, 0x0000000087d00000, 0x0000000087d00000|100%| O|  |TAMS 0x0000000087c00000, 0x0000000087d00000| Untracked 
| 125|0x0000000087d00000, 0x0000000087d00000, 0x0000000087e00000|  0%| F|  |TAMS 0x0000000087d00000, 0x0000000087d00000| Untracked 
| 126|0x0000000087e00000, 0x0000000087e00000, 0x0000000087f00000|  0%| F|  |TAMS 0x0000000087e00000, 0x0000000087e00000| Untracked 
| 127|0x0000000087f00000, 0x0000000087f00000, 0x0000000088000000|  0%| F|  |TAMS 0x0000000087f00000, 0x0000000087f00000| Untracked 
| 128|0x0000000088000000, 0x0000000088000000, 0x0000000088100000|  0%| F|  |TAMS 0x0000000088000000, 0x0000000088000000| Untracked 
| 129|0x0000000088100000, 0x0000000088100000, 0x0000000088200000|  0%| F|  |TAMS 0x0000000088100000, 0x0000000088100000| Untracked 
| 130|0x0000000088200000, 0x0000000088300000, 0x0000000088300000|100%| O|  |TAMS 0x0000000088200000, 0x0000000088300000| Untracked 
| 131|0x0000000088300000, 0x0000000088300000, 0x0000000088400000|  0%| F|  |TAMS 0x0000000088300000, 0x0000000088300000| Untracked 
| 132|0x0000000088400000, 0x0000000088400000, 0x0000000088500000|  0%| F|  |TAMS 0x0000000088400000, 0x0000000088400000| Untracked 
| 133|0x0000000088500000, 0x0000000088500000, 0x0000000088600000|  0%| F|  |TAMS 0x0000000088500000, 0x0000000088500000| Untracked 
| 134|0x0000000088600000, 0x0000000088600000, 0x0000000088700000|  0%| F|  |TAMS 0x0000000088600000, 0x0000000088600000| Untracked 
| 135|0x0000000088700000, 0x0000000088700000, 0x0000000088800000|  0%| F|  |TAMS 0x0000000088700000, 0x0000000088700000| Untracked 
| 136|0x0000000088800000, 0x0000000088900000, 0x0000000088900000|100%| O|  |TAMS 0x0000000088800000, 0x0000000088900000| Untracked 
| 137|0x0000000088900000, 0x0000000088a00000, 0x0000000088a00000|100%| O|  |TAMS 0x0000000088900000, 0x0000000088a00000| Untracked 
| 138|0x0000000088a00000, 0x0000000088abfe00, 0x0000000088b00000| 74%| O|  |TAMS 0x0000000088a00000, 0x0000000088abfe00| Untracked 
| 139|0x0000000088b00000, 0x0000000088b00000, 0x0000000088c00000|  0%| F|  |TAMS 0x0000000088b00000, 0x0000000088b00000| Untracked 
| 140|0x0000000088c00000, 0x0000000088c00000, 0x0000000088d00000|  0%| F|  |TAMS 0x0000000088c00000, 0x0000000088c00000| Untracked 
| 141|0x0000000088d00000, 0x0000000088d00000, 0x0000000088e00000|  0%| F|  |TAMS 0x0000000088d00000, 0x0000000088d00000| Untracked 
| 142|0x0000000088e00000, 0x0000000088e00000, 0x0000000088f00000|  0%| F|  |TAMS 0x0000000088e00000, 0x0000000088e00000| Untracked 
| 143|0x0000000088f00000, 0x0000000088f00000, 0x0000000089000000|  0%| F|  |TAMS 0x0000000088f00000, 0x0000000088f00000| Untracked 
| 144|0x0000000089000000, 0x0000000089000000, 0x0000000089100000|  0%| F|  |TAMS 0x0000000089000000, 0x0000000089000000| Untracked 
| 145|0x0000000089100000, 0x0000000089100000, 0x0000000089200000|  0%| F|  |TAMS 0x0000000089100000, 0x0000000089100000| Untracked 
| 146|0x0000000089200000, 0x0000000089200000, 0x0000000089300000|  0%| F|  |TAMS 0x0000000089200000, 0x0000000089200000| Untracked 
| 147|0x0000000089300000, 0x0000000089300000, 0x0000000089400000|  0%| F|  |TAMS 0x0000000089300000, 0x0000000089300000| Untracked 
| 148|0x0000000089400000, 0x0000000089400000, 0x0000000089500000|  0%| F|  |TAMS 0x0000000089400000, 0x0000000089400000| Untracked 
| 149|0x0000000089500000, 0x0000000089500000, 0x0000000089600000|  0%| F|  |TAMS 0x0000000089500000, 0x0000000089500000| Untracked 
| 150|0x0000000089600000, 0x0000000089600000, 0x0000000089700000|  0%| F|  |TAMS 0x0000000089600000, 0x0000000089600000| Untracked 
| 151|0x0000000089700000, 0x0000000089700000, 0x0000000089800000|  0%| F|  |TAMS 0x0000000089700000, 0x0000000089700000| Untracked 
| 152|0x0000000089800000, 0x0000000089800000, 0x0000000089900000|  0%| F|  |TAMS 0x0000000089800000, 0x0000000089800000| Untracked 
| 153|0x0000000089900000, 0x0000000089900000, 0x0000000089a00000|  0%| F|  |TAMS 0x0000000089900000, 0x0000000089900000| Untracked 
| 154|0x0000000089a00000, 0x0000000089a00000, 0x0000000089b00000|  0%| F|  |TAMS 0x0000000089a00000, 0x0000000089a00000| Untracked 
| 155|0x0000000089b00000, 0x0000000089b00000, 0x0000000089c00000|  0%| F|  |TAMS 0x0000000089b00000, 0x0000000089b00000| Untracked 
| 156|0x0000000089c00000, 0x0000000089c00000, 0x0000000089d00000|  0%| F|  |TAMS 0x0000000089c00000, 0x0000000089c00000| Untracked 
| 157|0x0000000089d00000, 0x0000000089d00000, 0x0000000089e00000|  0%| F|  |TAMS 0x0000000089d00000, 0x0000000089d00000| Untracked 
| 158|0x0000000089e00000, 0x0000000089e00000, 0x0000000089f00000|  0%| F|  |TAMS 0x0000000089e00000, 0x0000000089e00000| Untracked 
| 159|0x0000000089f00000, 0x0000000089f00000, 0x000000008a000000|  0%| F|  |TAMS 0x0000000089f00000, 0x0000000089f00000| Untracked 
| 160|0x000000008a000000, 0x000000008a000000, 0x000000008a100000|  0%| F|  |TAMS 0x000000008a000000, 0x000000008a000000| Untracked 
| 161|0x000000008a100000, 0x000000008a100000, 0x000000008a200000|  0%| F|  |TAMS 0x000000008a100000, 0x000000008a100000| Untracked 
| 162|0x000000008a200000, 0x000000008a200000, 0x000000008a300000|  0%| F|  |TAMS 0x000000008a200000, 0x000000008a200000| Untracked 
| 163|0x000000008a300000, 0x000000008a300000, 0x000000008a400000|  0%| F|  |TAMS 0x000000008a300000, 0x000000008a300000| Untracked 
| 164|0x000000008a400000, 0x000000008a400000, 0x000000008a500000|  0%| F|  |TAMS 0x000000008a400000, 0x000000008a400000| Untracked 
| 165|0x000000008a500000, 0x000000008a500000, 0x000000008a600000|  0%| F|  |TAMS 0x000000008a500000, 0x000000008a500000| Untracked 
| 166|0x000000008a600000, 0x000000008a600000, 0x000000008a700000|  0%| F|  |TAMS 0x000000008a600000, 0x000000008a600000| Untracked 
| 167|0x000000008a700000, 0x000000008a700000, 0x000000008a800000|  0%| F|  |TAMS 0x000000008a700000, 0x000000008a700000| Untracked 
| 168|0x000000008a800000, 0x000000008a800000, 0x000000008a900000|  0%| F|  |TAMS 0x000000008a800000, 0x000000008a800000| Untracked 
| 169|0x000000008a900000, 0x000000008a95d7a0, 0x000000008aa00000| 36%| S|CS|TAMS 0x000000008a900000, 0x000000008a900000| Complete 
| 170|0x000000008aa00000, 0x000000008aa00000, 0x000000008ab00000|  0%| F|  |TAMS 0x000000008aa00000, 0x000000008aa00000| Untracked 
|2045|0x00000000ffd00000, 0x00000000ffe00000, 0x00000000ffe00000|100%| O|  |TAMS 0x00000000ffe00000, 0x00000000ffe00000| Untracked 
|2046|0x00000000ffe00000, 0x00000000fff00000, 0x00000000fff00000|100%| O|  |TAMS 0x00000000fff00000, 0x00000000fff00000| Untracked 
|2047|0x00000000fff00000, 0x0000000100000000, 0x0000000100000000|100%| O|  |TAMS 0x0000000100000000, 0x0000000100000000| Untracked 

Card table byte_map: [0x00000260bf5c0000,0x00000260bf9c0000] _byte_map_base: 0x00000260bf1c0000

Marking Bits (Prev, Next): (CMBitMap*) 0x00000260a8b42790, (CMBitMap*) 0x00000260a8b42750
 Prev Bits: [0x00000260c1dc0000, 0x00000260c3dc0000)
 Next Bits: [0x00000260bfdc0000, 0x00000260c1dc0000)

Polling page: 0x00000260a6a60000

Metaspace:

Usage:
  Non-class:     99.42 MB used.
      Class:     15.62 MB used.
       Both:    115.04 MB used.

Virtual space:
  Non-class space:      104.00 MB reserved,      99.88 MB ( 96%) committed,  13 nodes.
      Class space:        1.00 GB reserved,      16.06 MB (  2%) committed,  1 nodes.
             Both:        1.10 GB reserved,     115.94 MB ( 10%) committed. 

Chunk freelists:
   Non-Class:  3.53 MB
       Class:  3.75 MB
        Both:  7.29 MB

MaxMetaspaceSize: unlimited
CompressedClassSpaceSize: 1.00 GB
Initial GC threshold: 21.00 MB
Current GC threshold: 155.88 MB
CDS: on
MetaspaceReclaimPolicy: balanced
 - commit_granule_bytes: 65536.
 - commit_granule_words: 8192.
 - virtual_space_node_default_size: 1048576.
 - enlarge_chunks_in_place: 1.
 - new_chunks_are_fully_committed: 0.
 - uncommit_free_chunks: 1.
 - use_allocation_guard: 0.
 - handle_deallocations: 1.


Internal statistics:

num_allocs_failed_limit: 9.
num_arena_births: 1472.
num_arena_deaths: 0.
num_vsnodes_births: 14.
num_vsnodes_deaths: 0.
num_space_committed: 1854.
num_space_uncommitted: 0.
num_chunks_returned_to_freelist: 9.
num_chunks_taken_from_freelist: 6234.
num_chunk_merges: 9.
num_chunk_splits: 4171.
num_chunks_enlarged: 2821.
num_purges: 0.
num_inconsistent_stats: 0.

CodeHeap 'non-profiled nmethods': size=120064Kb used=8505Kb max_used=8505Kb free=111558Kb
 bounds [0x00000260b8080000, 0x00000260b88d0000, 0x00000260bf5c0000]
CodeHeap 'profiled nmethods': size=120000Kb used=25816Kb max_used=25816Kb free=94183Kb
 bounds [0x00000260b0b50000, 0x00000260b2490000, 0x00000260b8080000]
CodeHeap 'non-nmethods': size=5696Kb used=2505Kb max_used=2543Kb free=3190Kb
 bounds [0x00000260b05c0000, 0x00000260b0850000, 0x00000260b0b50000]
 total_blobs=14079 nmethods=13015 adapters=977
 compilation: enabled
              stopped_count=0, restarted_count=0
 full_count=0

Compilation events (20 events):
Event: 260.572 Thread 0x00000260c615d740 15522       3       java.lang.invoke.LambdaForm$Name::<init> (99 bytes)
Event: 260.573 Thread 0x00000260c615d740 nmethod 15522 0x00000260b247ff10 code [0x00000260b24800c0, 0x00000260b24803d8]
Event: 260.574 Thread 0x00000260c615d740 15523       3       java.lang.invoke.LambdaFormEditor::newSpeciesData (13 bytes)
Event: 260.574 Thread 0x00000260c615d740 nmethod 15523 0x00000260b2480490 code [0x00000260b2480640, 0x00000260b2480838]
Event: 260.574 Thread 0x00000260c615d740 15524       3       java.lang.invoke.LambdaFormBuffer::replaceFunctions (121 bytes)
Event: 260.575 Thread 0x00000260c615d740 nmethod 15524 0x00000260b2480990 code [0x00000260b2480be0, 0x00000260b24815a8]
Event: 260.575 Thread 0x00000260c615d740 15525       3       java.lang.invoke.LambdaFormBuffer::renameParameter (29 bytes)
Event: 260.575 Thread 0x00000260c615d740 nmethod 15525 0x00000260b2481910 code [0x00000260b2481ac0, 0x00000260b2481c28]
Event: 260.580 Thread 0x00000260c615d740 15526   !   3       java.lang.invoke.LambdaForm::lambdaName (49 bytes)
Event: 260.581 Thread 0x00000260c615d740 nmethod 15526 0x00000260b2481d10 code [0x00000260b2481ea0, 0x00000260b2481fb8]
Event: 260.581 Thread 0x00000260c615d740 15528       3       java.lang.invoke.InvokerBytecodeGenerator::clinit (282 bytes)
Event: 260.583 Thread 0x00000260c615d740 nmethod 15528 0x00000260b2482090 code [0x00000260b24824c0, 0x00000260b24842d8]
Event: 260.583 Thread 0x00000260c615d740 15527       3       java.lang.invoke.InvokerBytecodeGenerator::classFilePrologue (63 bytes)
Event: 260.583 Thread 0x00000260c615d740 nmethod 15527 0x00000260b2484b90 code [0x00000260b2484de0, 0x00000260b2485598]
Event: 260.583 Thread 0x00000260c615d740 15529       3       java.lang.invoke.InvokerBytecodeGenerator::bogusMethod (74 bytes)
Event: 260.584 Thread 0x00000260c615d740 nmethod 15529 0x00000260b2485890 code [0x00000260b2485a20, 0x00000260b2485b38]
Event: 260.584 Thread 0x00000260c615d740 15532       3       java.lang.invoke.LambdaFormBuffer::replaceParameterByCopy (38 bytes)
Event: 260.584 Thread 0x00000260c615d740 nmethod 15532 0x00000260b2485c10 code [0x00000260b2485dc0, 0x00000260b2485f98]
Event: 260.584 Thread 0x00000260c615d740 15535       3       java.lang.invoke.LambdaForm::arguments (47 bytes)
Event: 260.585 Thread 0x00000260c615d740 nmethod 15535 0x00000260b2486090 code [0x00000260b24862c0, 0x00000260b2486b48]

GC Heap History (20 events):
Event: 154.279 GC heap after
{Heap after GC invocations=64 (full 0):
 garbage-first heap   total 178176K, used 104650K [0x0000000080000000, 0x0000000100000000)
  region size 1024K, 2 young (2048K), 2 survivors (2048K)
 Metaspace       used 94914K, committed 95744K, reserved 1138688K
  class space    used 12909K, committed 13312K, reserved 1048576K
}
Event: 155.115 GC heap before
{Heap before GC invocations=64 (full 0):
 garbage-first heap   total 178176K, used 109770K [0x0000000080000000, 0x0000000100000000)
  region size 1024K, 8 young (8192K), 2 survivors (2048K)
 Metaspace       used 94923K, committed 95744K, reserved 1138688K
  class space    used 12910K, committed 13312K, reserved 1048576K
}
Event: 155.132 GC heap after
{Heap after GC invocations=65 (full 0):
 garbage-first heap   total 178176K, used 104000K [0x0000000080000000, 0x0000000100000000)
  region size 1024K, 1 young (1024K), 1 survivors (1024K)
 Metaspace       used 94923K, committed 95744K, reserved 1138688K
  class space    used 12910K, committed 13312K, reserved 1048576K
}
Event: 170.582 GC heap before
{Heap before GC invocations=65 (full 0):
 garbage-first heap   total 178176K, used 145984K [0x0000000080000000, 0x0000000100000000)
  region size 1024K, 43 young (44032K), 1 survivors (1024K)
 Metaspace       used 96353K, committed 97152K, reserved 1138688K
  class space    used 13100K, committed 13504K, reserved 1048576K
}
Event: 170.598 GC heap after
{Heap after GC invocations=66 (full 0):
 garbage-first heap   total 178176K, used 107085K [0x0000000080000000, 0x0000000100000000)
  region size 1024K, 4 young (4096K), 4 survivors (4096K)
 Metaspace       used 96353K, committed 97152K, reserved 1138688K
  class space    used 13100K, committed 13504K, reserved 1048576K
}
Event: 245.722 GC heap before
{Heap before GC invocations=66 (full 0):
 garbage-first heap   total 178176K, used 148045K [0x0000000080000000, 0x0000000100000000)
  region size 1024K, 44 young (45056K), 4 survivors (4096K)
 Metaspace       used 100351K, committed 101120K, reserved 1138688K
  class space    used 13575K, committed 13952K, reserved 1048576K
}
Event: 245.743 GC heap after
{Heap after GC invocations=67 (full 0):
 garbage-first heap   total 178176K, used 109222K [0x0000000080000000, 0x0000000100000000)
  region size 1024K, 3 young (3072K), 3 survivors (3072K)
 Metaspace       used 100351K, committed 101120K, reserved 1138688K
  class space    used 13575K, committed 13952K, reserved 1048576K
}
Event: 250.745 GC heap before
{Heap before GC invocations=67 (full 0):
 garbage-first heap   total 178176K, used 148134K [0x0000000080000000, 0x0000000100000000)
  region size 1024K, 42 young (43008K), 3 survivors (3072K)
 Metaspace       used 110216K, committed 111040K, reserved 1146880K
  class space    used 15067K, committed 15488K, reserved 1048576K
}
Event: 250.760 GC heap after
{Heap after GC invocations=68 (full 0):
 garbage-first heap   total 178176K, used 110632K [0x0000000080000000, 0x0000000100000000)
  region size 1024K, 4 young (4096K), 4 survivors (4096K)
 Metaspace       used 110216K, committed 111040K, reserved 1146880K
  class space    used 15067K, committed 15488K, reserved 1048576K
}
Event: 255.200 GC heap before
{Heap before GC invocations=68 (full 0):
 garbage-first heap   total 178176K, used 150568K [0x0000000080000000, 0x0000000100000000)
  region size 1024K, 43 young (44032K), 4 survivors (4096K)
 Metaspace       used 112186K, committed 113024K, reserved 1146880K
  class space    used 15466K, committed 15872K, reserved 1048576K
}
Event: 255.252 GC heap after
{Heap after GC invocations=69 (full 0):
 garbage-first heap   total 178176K, used 113156K [0x0000000080000000, 0x0000000100000000)
  region size 1024K, 5 young (5120K), 5 survivors (5120K)
 Metaspace       used 112186K, committed 113024K, reserved 1146880K
  class space    used 15466K, committed 15872K, reserved 1048576K
}
Event: 260.360 GC heap before
{Heap before GC invocations=69 (full 0):
 garbage-first heap   total 178176K, used 156164K [0x0000000080000000, 0x0000000100000000)
  region size 1024K, 42 young (43008K), 5 survivors (5120K)
 Metaspace       used 117345K, committed 118272K, reserved 1155072K
  class space    used 15941K, committed 16384K, reserved 1048576K
}
Event: 260.396 GC heap after
{Heap after GC invocations=70 (full 0):
 garbage-first heap   total 178176K, used 124775K [0x0000000080000000, 0x0000000100000000)
  region size 1024K, 6 young (6144K), 6 survivors (6144K)
 Metaspace       used 117345K, committed 118272K, reserved 1155072K
  class space    used 15941K, committed 16384K, reserved 1048576K
}
Event: 260.626 GC heap before
{Heap before GC invocations=70 (full 0):
 garbage-first heap   total 178176K, used 141159K [0x0000000080000000, 0x0000000100000000)
  region size 1024K, 9 young (9216K), 6 survivors (6144K)
 Metaspace       used 117752K, committed 118656K, reserved 1155072K
  class space    used 15991K, committed 16448K, reserved 1048576K
}
Event: 260.645 GC heap after
{Heap after GC invocations=71 (full 0):
 garbage-first heap   total 178176K, used 127454K [0x0000000080000000, 0x0000000100000000)
  region size 1024K, 1 young (1024K), 1 survivors (1024K)
 Metaspace       used 117752K, committed 118656K, reserved 1155072K
  class space    used 15991K, committed 16448K, reserved 1048576K
}
Event: 260.657 GC heap before
{Heap before GC invocations=71 (full 0):
 garbage-first heap   total 178176K, used 131550K [0x0000000080000000, 0x0000000100000000)
  region size 1024K, 2 young (2048K), 1 survivors (1024K)
 Metaspace       used 117788K, committed 118720K, reserved 1155072K
  class space    used 15993K, committed 16448K, reserved 1048576K
}
Event: 260.665 GC heap after
{Heap after GC invocations=72 (full 0):
 garbage-first heap   total 178176K, used 127074K [0x0000000080000000, 0x0000000100000000)
  region size 1024K, 1 young (1024K), 1 survivors (1024K)
 Metaspace       used 117788K, committed 118720K, reserved 1155072K
  class space    used 15993K, committed 16448K, reserved 1048576K
}
Event: 260.675 GC heap before
{Heap before GC invocations=72 (full 0):
 garbage-first heap   total 178176K, used 129122K [0x0000000080000000, 0x0000000100000000)
  region size 1024K, 2 young (2048K), 1 survivors (1024K)
 Metaspace       used 117788K, committed 118720K, reserved 1155072K
  class space    used 15993K, committed 16448K, reserved 1048576K
}
Event: 260.684 GC heap after
{Heap after GC invocations=73 (full 0):
 garbage-first heap   total 178176K, used 127033K [0x0000000080000000, 0x0000000100000000)
  region size 1024K, 1 young (1024K), 1 survivors (1024K)
 Metaspace       used 117788K, committed 118720K, reserved 1155072K
  class space    used 15993K, committed 16448K, reserved 1048576K
}
Event: 260.691 GC heap before
{Heap before GC invocations=73 (full 0):
 garbage-first heap   total 178176K, used 129081K [0x0000000080000000, 0x0000000100000000)
  region size 1024K, 2 young (2048K), 1 survivors (1024K)
 Metaspace       used 117796K, committed 118720K, reserved 1155072K
  class space    used 15994K, committed 16448K, reserved 1048576K
}

Deoptimization events (20 events):
Event: 259.630 Thread 0x00000260c8739ae0 DEOPT PACKING pc=0x00000260b88b7170 sp=0x000000e5e31fd670
Event: 259.630 Thread 0x00000260c8739ae0 DEOPT UNPACKING pc=0x00000260b061239d sp=0x000000e5e31fd628 mode 2
Event: 259.697 Thread 0x00000260c8739ae0 DEOPT PACKING pc=0x00000260b2449d03 sp=0x000000e5e31fd440
Event: 259.697 Thread 0x00000260c8739ae0 DEOPT UNPACKING pc=0x00000260b0612b24 sp=0x000000e5e31fc918 mode 0
Event: 259.706 Thread 0x00000260c8739ae0 Uncommon trap: trap_request=0xffffff45 fr.pc=0x00000260b88b5924 relative=0x0000000000000984
Event: 259.706 Thread 0x00000260c8739ae0 Uncommon trap: reason=unstable_if action=reinterpret pc=0x00000260b88b5924 method=com.sun.crypto.provider.PBKDF2KeyImpl.deriveKey(Ljavax/crypto/Mac;[B[BII)[B @ 172 c2
Event: 259.706 Thread 0x00000260c8739ae0 DEOPT PACKING pc=0x00000260b88b5924 sp=0x000000e5e31fd450
Event: 259.706 Thread 0x00000260c8739ae0 DEOPT UNPACKING pc=0x00000260b061239d sp=0x000000e5e31fd418 mode 2
Event: 259.728 Thread 0x00000260c8739ae0 Uncommon trap: trap_request=0xffffff45 fr.pc=0x00000260b85bd7d0 relative=0x00000000000001b0
Event: 259.728 Thread 0x00000260c8739ae0 Uncommon trap: reason=unstable_if action=reinterpret pc=0x00000260b85bd7d0 method=java.util.regex.Pattern$GroupTail.match(Ljava/util/regex/Matcher;ILjava/lang/CharSequence;)Z @ 13 c2
Event: 259.728 Thread 0x00000260c8739ae0 DEOPT PACKING pc=0x00000260b85bd7d0 sp=0x000000e5e31fd600
Event: 259.728 Thread 0x00000260c8739ae0 DEOPT UNPACKING pc=0x00000260b061239d sp=0x000000e5e31fd5a8 mode 2
Event: 260.234 Thread 0x00000260c8739ae0 Uncommon trap: trap_request=0xffffff45 fr.pc=0x00000260b86de708 relative=0x0000000000000068
Event: 260.234 Thread 0x00000260c8739ae0 Uncommon trap: reason=unstable_if action=reinterpret pc=0x00000260b86de708 method=java.util.Arrays.sort([Ljava/lang/Object;IILjava/util/Comparator;)V @ 1 c2
Event: 260.234 Thread 0x00000260c8739ae0 DEOPT PACKING pc=0x00000260b86de708 sp=0x000000e5e31fd9f0
Event: 260.234 Thread 0x00000260c8739ae0 DEOPT UNPACKING pc=0x00000260b061239d sp=0x000000e5e31fd990 mode 2
Event: 260.556 Thread 0x00000260c79f28b0 Uncommon trap: trap_request=0xffffff45 fr.pc=0x00000260b88cb878 relative=0x00000000000007f8
Event: 260.556 Thread 0x00000260c79f28b0 Uncommon trap: reason=unstable_if action=reinterpret pc=0x00000260b88cb878 method=org.kxml2.io.KXmlParser.pushText(IZ)V @ 11 c2
Event: 260.556 Thread 0x00000260c79f28b0 DEOPT PACKING pc=0x00000260b88cb878 sp=0x000000e5e61fd040
Event: 260.557 Thread 0x00000260c79f28b0 DEOPT UNPACKING pc=0x00000260b061239d sp=0x000000e5e61fd000 mode 2

Classes unloaded (0 events):
No events

Classes redefined (0 events):
No events

Internal exceptions (20 events):
Event: 255.817 Thread 0x00000260c8741330 Exception <a 'sun/nio/fs/WindowsException'{0x000000008a7d2960}> (0x000000008a7d2960) 
thrown [d:\a\1\s\lookaside\java-17-openjdk\src\hotspot\share\prims\jni.cpp, line 516]
Event: 255.826 Thread 0x00000260c8741330 Exception <a 'sun/nio/fs/WindowsException'{0x000000008a7d49f8}> (0x000000008a7d49f8) 
thrown [d:\a\1\s\lookaside\java-17-openjdk\src\hotspot\share\prims\jni.cpp, line 516]
Event: 255.826 Thread 0x00000260c8741330 Exception <a 'sun/nio/fs/WindowsException'{0x000000008a7d4eb8}> (0x000000008a7d4eb8) 
thrown [d:\a\1\s\lookaside\java-17-openjdk\src\hotspot\share\prims\jni.cpp, line 516]
Event: 255.829 Thread 0x00000260c8741330 Exception <a 'sun/nio/fs/WindowsException'{0x000000008a7d6f40}> (0x000000008a7d6f40) 
thrown [d:\a\1\s\lookaside\java-17-openjdk\src\hotspot\share\prims\jni.cpp, line 516]
Event: 255.829 Thread 0x00000260c8741330 Exception <a 'sun/nio/fs/WindowsException'{0x000000008a7d73f0}> (0x000000008a7d73f0) 
thrown [d:\a\1\s\lookaside\java-17-openjdk\src\hotspot\share\prims\jni.cpp, line 516]
Event: 255.832 Thread 0x00000260c8741330 Exception <a 'sun/nio/fs/WindowsException'{0x000000008a7d93f8}> (0x000000008a7d93f8) 
thrown [d:\a\1\s\lookaside\java-17-openjdk\src\hotspot\share\prims\jni.cpp, line 516]
Event: 255.832 Thread 0x00000260c8741330 Exception <a 'sun/nio/fs/WindowsException'{0x000000008a7d9818}> (0x000000008a7d9818) 
thrown [d:\a\1\s\lookaside\java-17-openjdk\src\hotspot\share\prims\jni.cpp, line 516]
Event: 258.155 Thread 0x00000260ca706e80 Exception <a 'java/lang/NoSuchMethodError'{0x00000000894d8528}: static [Ljava/lang/Object;.<clinit>()V> (0x00000000894d8528) 
thrown [d:\a\1\s\lookaside\java-17-openjdk\src\hotspot\share\prims\jni.cpp, line 1107]
Event: 258.288 Thread 0x00000260ca706e80 Exception <a 'java/lang/NoSuchMethodError'{0x00000000893d6860}: static Lcom/android/build/api/variant/impl/SerializableApplicationMultiOutputHandler;.<clinit>()V> (0x00000000893d6860) 
thrown [d:\a\1\s\lookaside\java-17-openjdk\src\hotspot\share\prims\jni.cpp, line 1107]
Event: 258.294 Thread 0x00000260ca706e80 Exception <a 'java/lang/NoSuchMethodError'{0x00000000893ec4a0}: static Lcom/android/build/api/variant/impl/VariantOutputImpl$SerializedForm;.<clinit>()V> (0x00000000893ec4a0) 
thrown [d:\a\1\s\lookaside\java-17-openjdk\src\hotspot\share\prims\jni.cpp, line 1107]
Event: 258.297 Thread 0x00000260ca706e80 Exception <a 'java/lang/NoSuchMethodError'{0x0000000089201ff8}: static Lcom/android/build/api/variant/impl/VariantOutputConfigurationImpl;.<clinit>()V> (0x0000000089201ff8) 
thrown [d:\a\1\s\lookaside\java-17-openjdk\src\hotspot\share\prims\jni.cpp, line 1107]
Event: 259.596 Thread 0x00000260c8739ae0 Exception <a 'java/lang/NoSuchMethodError'{0x0000000088c5cb58}: 'java.lang.Object java.lang.invoke.DirectMethodHandle$Holder.newInvokeSpecial(java.lang.Object, java.lang.Object, java.lang.Object, java.lang.Object, java.lang.Object, int, java.lang.Object)'> (0x0000000088c5cb58) 
thrown [d:\a\1\s\lookaside\java-17-openjdk\src\hotspot\share\interpreter\linkResolver.cpp, line 766]
Event: 259.600 Thread 0x00000260c8739ae0 Exception <a 'java/lang/NoSuchMethodError'{0x0000000088c66070}: 'java.lang.Object java.lang.invoke.Invokers$Holder.linkToTargetMethod(java.lang.Object, java.lang.Object, java.lang.Object, java.lang.Object, int, java.lang.Object, java.lang.Object)'> (0x0000000088c66070) 
thrown [d:\a\1\s\lookaside\java-17-openjdk\src\hotspot\share\interpreter\linkResolver.cpp, line 766]
Event: 259.630 Thread 0x00000260c8739ae0 Implicit null exception at 0x00000260b88b700d to 0x00000260b88b715c
Event: 259.631 Thread 0x00000260c79f28b0 Exception <a 'sun/nio/fs/WindowsException'{0x0000000088dbea08}> (0x0000000088dbea08) 
thrown [d:\a\1\s\lookaside\java-17-openjdk\src\hotspot\share\prims\jni.cpp, line 516]
Event: 259.690 Thread 0x00000260c8739ae0 Exception <a 'java/lang/NoSuchMethodError'{0x0000000088b31d88}: 'java.lang.Object java.lang.invoke.DirectMethodHandle$Holder.newInvokeSpecial(java.lang.Object, java.lang.Object, java.lang.Object, java.lang.Object, java.lang.Object, java.lang.Object, java.lang.Object, int)'> (0x0000000088b31d88) 
thrown [d:\a\1\s\lookaside\java-17-openjdk\src\hotspot\share\interpreter\linkResolver.cpp, line 766]
Event: 259.695 Thread 0x00000260c8739ae0 Exception <a 'java/lang/NoSuchMethodError'{0x0000000088b37338}: 'java.lang.Object java.lang.invoke.DirectMethodHandle$Holder.invokeSpecial(java.lang.Object, java.lang.Object, java.lang.Object, java.lang.Object, java.lang.Object, java.lang.Object, java.lang.Object, java.lang.Object, int)'> (0x0000000088b37338) 
thrown [d:\a\1\s\lookaside\java-17-openjdk\src\hotspot\share\interpreter\linkResolver.cpp, line 766]
Event: 259.696 Thread 0x00000260c8739ae0 Exception <a 'java/lang/NoSuchMethodError'{0x0000000088b3c060}: 'java.lang.Object java.lang.invoke.Invokers$Holder.linkToTargetMethod(java.lang.Object, java.lang.Object, java.lang.Object, java.lang.Object, java.lang.Object, java.lang.Object, int, java.lang.Object)'> (0x0000000088b3c060) 
thrown [d:\a\1\s\lookaside\java-17-openjdk\src\hotspot\share\interpreter\linkResolver.cpp, line 766]
Event: 260.582 Thread 0x00000260c79f28b0 Exception <a 'java/lang/NoSuchMethodError'{0x000000008a823c00}: 'java.lang.Object java.lang.invoke.DirectMethodHandle$Holder.invokeSpecial(java.lang.Object, java.lang.Object, long, java.lang.Object, java.lang.Object, java.lang.Object, int, java.lang.Object, int)'> (0x000000008a823c00) 
thrown [d:\a\1\s\lookaside\java-17-openjdk\src\hotspot\share\interpreter\linkResolver.cpp, line 766]
Event: 260.583 Thread 0x00000260c79f28b0 Exception <a 'java/lang/NoSuchMethodError'{0x000000008a827c10}: 'java.lang.Object java.lang.invoke.DelegatingMethodHandle$Holder.reinvoke_L(java.lang.Object, long, java.lang.Object, java.lang.Object, java.lang.Object, int, java.lang.Object, int)'> (0x000000008a827c10) 
thrown [d:\a\1\s\lookaside\java-17-openjdk\src\hotspot\share\interpreter\linkResolver.cpp, line 766]

VM Operations (20 events):
Event: 256.730 Executing VM operation: HandshakeAllThreads done
Event: 256.730 Executing VM operation: Cleanup
Event: 256.730 Executing VM operation: Cleanup done
Event: 257.730 Executing VM operation: Cleanup
Event: 257.754 Executing VM operation: Cleanup done
Event: 258.754 Executing VM operation: Cleanup
Event: 258.856 Executing VM operation: Cleanup done
Event: 260.331 Executing VM operation: HandshakeAllThreads
Event: 260.332 Executing VM operation: HandshakeAllThreads done
Event: 260.332 Executing VM operation: Cleanup
Event: 260.332 Executing VM operation: Cleanup done
Event: 260.360 Executing VM operation: G1CollectForAllocation
Event: 260.396 Executing VM operation: G1CollectForAllocation done
Event: 260.626 Executing VM operation: G1TryInitiateConcMark
Event: 260.646 Executing VM operation: G1TryInitiateConcMark done
Event: 260.657 Executing VM operation: G1TryInitiateConcMark
Event: 260.666 Executing VM operation: G1TryInitiateConcMark done
Event: 260.675 Executing VM operation: G1TryInitiateConcMark
Event: 260.684 Executing VM operation: G1TryInitiateConcMark done
Event: 260.691 Executing VM operation: G1TryInitiateConcMark

Events (20 events):
Event: 259.709 loading class java/security/KeyStore$PrivateKeyEntry done
Event: 259.709 loading class java/security/PKCS12Attribute
Event: 259.722 loading class java/security/KeyStore$Entry$Attribute
Event: 259.722 loading class java/security/KeyStore$Entry$Attribute done
Event: 259.722 loading class java/security/PKCS12Attribute done
Event: 259.974 loading class java/util/stream/ReferencePipeline$15
Event: 259.975 loading class java/util/stream/ReferencePipeline$15 done
Event: 259.978 loading class java/util/stream/ReferencePipeline$15$1
Event: 259.979 loading class java/util/stream/ReferencePipeline$15$1 done
Event: 260.254 loading class java/security/cert/CertificateEncodingException
Event: 260.254 loading class java/security/cert/CertificateEncodingException done
Event: 260.270 loading class java/util/concurrent/ForkJoinTask$AdaptedCallable
Event: 260.274 loading class java/util/concurrent/ForkJoinTask$AdaptedCallable done
Event: 260.276 Thread 0x00000260ca4e3720 Thread added: 0x00000260ca4e3720
Event: 260.457 loading class java/nio/BufferOverflowException
Event: 260.457 loading class java/nio/BufferOverflowException done
Event: 260.507 loading class java/security/DigestException
Event: 260.523 loading class java/security/DigestException done
Event: 260.554 loading class java/util/concurrent/ForkJoinTask$AdaptedRunnableAction
Event: 260.555 loading class java/util/concurrent/ForkJoinTask$AdaptedRunnableAction done


Dynamic libraries:
0x00007ff697c80000 - 0x00007ff697ca1000 	D:\java\ojdkbuild\java-17-openjdk-17.0.3.0.6-1\bin\java.exe
0x00007ffbb09d0000 - 0x00007ffbb0be7000 	C:\Windows\SYSTEM32\ntdll.dll
0x00007ffbaf530000 - 0x00007ffbaf5f4000 	C:\Windows\System32\KERNEL32.DLL
0x00007ffbae0a0000 - 0x00007ffbae446000 	C:\Windows\System32\KERNELBASE.dll
0x00007ffbadf50000 - 0x00007ffbae061000 	C:\Windows\System32\ucrtbase.dll
0x00007ffb98430000 - 0x00007ffb98448000 	D:\java\ojdkbuild\java-17-openjdk-17.0.3.0.6-1\bin\jli.dll
0x00007ffb84bb0000 - 0x00007ffb84bcb000 	D:\java\ojdkbuild\java-17-openjdk-17.0.3.0.6-1\bin\VCRUNTIME140.dll
0x00007ffbb0340000 - 0x00007ffbb04ee000 	C:\Windows\System32\USER32.dll
0x00007ffbae070000 - 0x00007ffbae096000 	C:\Windows\System32\win32u.dll
0x00007ffbae990000 - 0x00007ffbae9b9000 	C:\Windows\System32\GDI32.dll
0x00007ffb91040000 - 0x00007ffb912d3000 	C:\Windows\WinSxS\amd64_microsoft.windows.common-controls_6595b64144ccf1df_6.0.22621.2506_none_270c5ae97388e100\COMCTL32.dll
0x00007ffbae450000 - 0x00007ffbae568000 	C:\Windows\System32\gdi32full.dll
0x00007ffbaf270000 - 0x00007ffbaf317000 	C:\Windows\System32\msvcrt.dll
0x00007ffbade80000 - 0x00007ffbadf1a000 	C:\Windows\System32\msvcp_win.dll
0x00007ffbb0250000 - 0x00007ffbb0281000 	C:\Windows\System32\IMM32.DLL
0x00007ffb98310000 - 0x00007ffb9831c000 	D:\java\ojdkbuild\java-17-openjdk-17.0.3.0.6-1\bin\vcruntime140_1.dll
0x00007ffb6d5b0000 - 0x00007ffb6d63d000 	D:\java\ojdkbuild\java-17-openjdk-17.0.3.0.6-1\bin\msvcp140.dll
0x00007ffb43940000 - 0x00007ffb4459f000 	D:\java\ojdkbuild\java-17-openjdk-17.0.3.0.6-1\bin\server\jvm.dll
0x00007ffbaf600000 - 0x00007ffbaf6b3000 	C:\Windows\System32\ADVAPI32.dll
0x00007ffbaf420000 - 0x00007ffbaf4c8000 	C:\Windows\System32\sechost.dll
0x00007ffbadf20000 - 0x00007ffbadf48000 	C:\Windows\System32\bcrypt.dll
0x00007ffbaea10000 - 0x00007ffbaeb27000 	C:\Windows\System32\RPCRT4.dll
0x00007ffbb0980000 - 0x00007ffbb0988000 	C:\Windows\System32\PSAPI.DLL
0x00007ffb92bb0000 - 0x00007ffb92bb9000 	C:\Windows\SYSTEM32\WSOCK32.dll
0x00007ffbb0290000 - 0x00007ffbb0301000 	C:\Windows\System32\WS2_32.dll
0x00007ffb9a840000 - 0x00007ffb9a874000 	C:\Windows\SYSTEM32\WINMM.dll
0x00007ffb9c050000 - 0x00007ffb9c05a000 	C:\Windows\SYSTEM32\VERSION.dll
0x00007ffbacda0000 - 0x00007ffbacdb8000 	C:\Windows\SYSTEM32\kernel.appcore.dll
0x00007ffb97420000 - 0x00007ffb9742a000 	D:\java\ojdkbuild\java-17-openjdk-17.0.3.0.6-1\bin\jimage.dll
0x00007ffbab7c0000 - 0x00007ffbab9f3000 	C:\Windows\SYSTEM32\DBGHELP.DLL
0x00007ffbaec10000 - 0x00007ffbaef99000 	C:\Windows\System32\combase.dll
0x00007ffbaeb30000 - 0x00007ffbaec07000 	C:\Windows\System32\OLEAUT32.dll
0x00007ffb98f10000 - 0x00007ffb98f42000 	C:\Windows\SYSTEM32\dbgcore.DLL
0x00007ffbae5e0000 - 0x00007ffbae65a000 	C:\Windows\System32\bcryptPrimitives.dll
0x00007ffb831b0000 - 0x00007ffb831d5000 	D:\java\ojdkbuild\java-17-openjdk-17.0.3.0.6-1\bin\java.dll
0x00007ffb6c4f0000 - 0x00007ffb6c5c7000 	D:\java\ojdkbuild\java-17-openjdk-17.0.3.0.6-1\bin\jsvml.dll
0x00007ffbaf990000 - 0x00007ffbb01eb000 	C:\Windows\System32\SHELL32.dll
0x00007ffbabc30000 - 0x00007ffbac526000 	C:\Windows\SYSTEM32\windows.storage.dll
0x00007ffbabaf0000 - 0x00007ffbabc2e000 	C:\Windows\SYSTEM32\wintypes.dll
0x00007ffbaf320000 - 0x00007ffbaf413000 	C:\Windows\System32\SHCORE.dll
0x00007ffbb01f0000 - 0x00007ffbb024e000 	C:\Windows\System32\shlwapi.dll
0x00007ffbadc40000 - 0x00007ffbadc66000 	C:\Windows\SYSTEM32\profapi.dll
0x00007ffb83190000 - 0x00007ffb831a9000 	D:\java\ojdkbuild\java-17-openjdk-17.0.3.0.6-1\bin\net.dll
0x00007ffba4660000 - 0x00007ffba4797000 	C:\Windows\SYSTEM32\WINHTTP.dll
0x00007ffbad270000 - 0x00007ffbad2d9000 	C:\Windows\system32\mswsock.dll
0x00007ffb81ef0000 - 0x00007ffb81f06000 	D:\java\ojdkbuild\java-17-openjdk-17.0.3.0.6-1\bin\nio.dll
0x00007ffb81cc0000 - 0x00007ffb81cd8000 	D:\java\ojdkbuild\java-17-openjdk-17.0.3.0.6-1\bin\zip.dll
0x00007ffb96120000 - 0x00007ffb96130000 	D:\java\ojdkbuild\java-17-openjdk-17.0.3.0.6-1\bin\verify.dll
0x00007ffb7b240000 - 0x00007ffb7b267000 	C:\Users\11218\.gradle\native\68d5fa5c4cc2d200863cafc0d521ce42e7d3e7ee720ec0a83991735586a16f82\windows-amd64\native-platform.dll
0x00007ffb5cd40000 - 0x00007ffb5ce84000 	C:\Users\11218\.gradle\native\e376f236ea51e6404a007f0833ffe2c6e607c4080706a723a18a27aeea778392\windows-amd64\native-platform-file-events.dll
0x00007ffb902e0000 - 0x00007ffb902e9000 	D:\java\ojdkbuild\java-17-openjdk-17.0.3.0.6-1\bin\management.dll
0x00007ffb85e00000 - 0x00007ffb85e0b000 	D:\java\ojdkbuild\java-17-openjdk-17.0.3.0.6-1\bin\management_ext.dll
0x00007ffbad5c0000 - 0x00007ffbad5db000 	C:\Windows\SYSTEM32\CRYPTSP.dll
0x00007ffbacd60000 - 0x00007ffbacd95000 	C:\Windows\system32\rsaenh.dll
0x00007ffbad310000 - 0x00007ffbad33c000 	C:\Windows\SYSTEM32\USERENV.dll
0x00007ffbad5a0000 - 0x00007ffbad5ac000 	C:\Windows\SYSTEM32\CRYPTBASE.dll
0x00007ffbac890000 - 0x00007ffbac8bd000 	C:\Windows\SYSTEM32\IPHLPAPI.DLL
0x00007ffbaefa0000 - 0x00007ffbaefa9000 	C:\Windows\System32\NSI.dll
0x00007ffba5150000 - 0x00007ffba5169000 	C:\Windows\SYSTEM32\dhcpcsvc6.DLL
0x00007ffba4640000 - 0x00007ffba465f000 	C:\Windows\SYSTEM32\dhcpcsvc.DLL
0x00007ffbac8c0000 - 0x00007ffbac9b9000 	C:\Windows\SYSTEM32\DNSAPI.dll
0x00007ffb857d0000 - 0x00007ffb857dd000 	D:\java\ojdkbuild\java-17-openjdk-17.0.3.0.6-1\bin\sunmscapi.dll
0x00007ffbadd10000 - 0x00007ffbade76000 	C:\Windows\System32\CRYPT32.dll
0x00007ffbad6d0000 - 0x00007ffbad6fe000 	C:\Windows\SYSTEM32\ncrypt.dll
0x00007ffbad690000 - 0x00007ffbad6c7000 	C:\Windows\SYSTEM32\NTASN1.dll
0x00007ffb9aa80000 - 0x00007ffb9aa88000 	C:\Windows\system32\wshunix.dll
0x00007ffb9b080000 - 0x00007ffb9b08a000 	C:\Windows\System32\rasadhlp.dll
0x00007ffb9bf40000 - 0x00007ffb9bfc3000 	C:\Windows\System32\fwpuclnt.dll
0x00007ffb90f50000 - 0x00007ffb90f67000 	C:\Windows\system32\napinsp.dll
0x00007ffb90f30000 - 0x00007ffb90f4b000 	C:\Windows\system32\pnrpnsp.dll
0x00007ffb90f10000 - 0x00007ffb90f21000 	C:\Windows\System32\winrnr.dll
0x00007ffb9e1a0000 - 0x00007ffb9e1b5000 	C:\Windows\system32\wshbth.dll
0x00007ffb8dca0000 - 0x00007ffb8dcc1000 	C:\Windows\system32\nlansp_c.dll
0x00007ffb815f0000 - 0x00007ffb8160e000 	C:\Users\11218\AppData\Local\temp\native-platform8829314361780760286dir\native-platform.dll
0x00007ffb85880000 - 0x00007ffb85887000 	D:\java\ojdkbuild\java-17-openjdk-17.0.3.0.6-1\bin\rmi.dll

dbghelp: loaded successfully - version: 4.0.5 - missing functions: none
symbol engine: initialized successfully - sym options: 0x614 - pdb path: .;D:\java\ojdkbuild\java-17-openjdk-17.0.3.0.6-1\bin;C:\Windows\SYSTEM32;C:\Windows\WinSxS\amd64_microsoft.windows.common-controls_6595b64144ccf1df_6.0.22621.2506_none_270c5ae97388e100;D:\java\ojdkbuild\java-17-openjdk-17.0.3.0.6-1\bin\server;C:\Users\11218\.gradle\native\68d5fa5c4cc2d200863cafc0d521ce42e7d3e7ee720ec0a83991735586a16f82\windows-amd64;C:\Users\11218\.gradle\native\e376f236ea51e6404a007f0833ffe2c6e607c4080706a723a18a27aeea778392\windows-amd64;C:\Users\11218\AppData\Local\temp\native-platform8829314361780760286dir

VM Arguments:
jvm_args: --add-opens=java.base/java.util=ALL-UNNAMED --add-opens=java.base/java.lang=ALL-UNNAMED --add-opens=java.base/java.lang.invoke=ALL-UNNAMED --add-opens=java.prefs/java.util.prefs=ALL-UNNAMED --add-opens=java.base/java.nio.charset=ALL-UNNAMED --add-opens=java.base/java.net=ALL-UNNAMED --add-opens=java.base/java.util.concurrent.atomic=ALL-UNNAMED -Xmx2048m -Dfile.encoding=UTF-8 -Duser.country=CN -Duser.language=zh -Duser.variant 
java_command: org.gradle.launcher.daemon.bootstrap.GradleDaemon 8.0
java_class_path (initial): C:\Users\11218\.gradle\wrapper\dists\gradle-8.0-all\a2o1xoguejy6msdh0lk99lxza\gradle-8.0\lib\gradle-launcher-8.0.jar
Launcher Type: SUN_STANDARD

[Global flags]
     intx CICompilerCount                          = 2                                         {product} {ergonomic}
     uint ConcGCThreads                            = 1                                         {product} {ergonomic}
     uint G1ConcRefinementThreads                  = 2                                         {product} {ergonomic}
   size_t G1HeapRegionSize                         = 1048576                                   {product} {ergonomic}
    uintx GCDrainStackTargetSize                   = 64                                        {product} {ergonomic}
   size_t InitialHeapSize                          = 132120576                                 {product} {ergonomic}
   size_t MarkStackSize                            = 4194304                                   {product} {ergonomic}
   size_t MaxHeapSize                              = 2147483648                                {product} {command line}
   size_t MaxNewSize                               = 1287651328                                {product} {ergonomic}
   size_t MinHeapDeltaBytes                        = 1048576                                   {product} {ergonomic}
   size_t MinHeapSize                              = 8388608                                   {product} {ergonomic}
    uintx NonNMethodCodeHeapSize                   = 5826188                                {pd product} {ergonomic}
    uintx NonProfiledCodeHeapSize                  = 122916026                              {pd product} {ergonomic}
    uintx ProfiledCodeHeapSize                     = 122916026                              {pd product} {ergonomic}
    uintx ReservedCodeCacheSize                    = 251658240                              {pd product} {ergonomic}
     bool SegmentedCodeCache                       = true                                      {product} {ergonomic}
   size_t SoftMaxHeapSize                          = 2147483648                             {manageable} {ergonomic}
     bool UseCompressedClassPointers               = true                           {product lp64_product} {ergonomic}
     bool UseCompressedOops                        = true                           {product lp64_product} {ergonomic}
     bool UseG1GC                                  = true                                      {product} {ergonomic}
     bool UseLargePagesIndividualAllocation        = false                                  {pd product} {ergonomic}

Logging:
Log output configuration:
 #0: stdout all=warning uptime,level,tags
 #1: stderr all=off uptime,level,tags

Environment Variables:
JAVA_HOME=D:\java\ojdkbuild\java-17-openjdk-17.0.3.0.6-1
CLASSPATH=D:\androidLearning\AndroidStudioProjects\serviceTest1\\gradle\wrapper\gradle-wrapper.jar
PATH=C:\Users\11218\miniconda3\condabin;C:\Windows\system32;C:\Windows;C:\Windows\System32\Wbem;C:\Windows\System32\WindowsPowerShell\v1.0\;C:\Windows\System32\OpenSSH\;D:\powershell\powershell7;d:\python3.11;C:\Program Files\WinRAR;C:\Program Files\Microsoft Office\root\Office16;C:\Program Files\PuTTY\;C:\Users\11218\AppData\Local\Microsoft\WindowsApps;C:\Program Files\dotnet\;D:\mytools\MinGit-2.11.1.mingit.prerelease.4-64-bit\cmd;D:\mytools\MinGit-2.11.1.mingit.prerelease.4-64-bit\usr\bin;D:\mytools\WiresharkPortable64\App\Wireshark;D:\MYTOOLS\SPSS1\JRE\bin;D:\myPython\goods;D:\mytools\SPSS1;C:\Users\11218\AppData\Roaming\nvda\addons\NVBox\globalPlugins\nvbox\adb;d:\java\ojdkbuild\java-17-openjdk-17.0.3.0.6-1.jre\bin;C:\Program Files\Docker\Docker\resources\bin;d:\java\ojdkbuild\java-17-openjdk-17.0.3.0.6-1\bin;D:\androidLearning\gradle\gradle-8.0\bin;D:\java\ojdkbuild\java-17-openjdk-17.0.3.0.6-1\bin;D:/java/ojdkbuild/java-17-openjdk-17.0.3.0.6-1.jre\bin;D:/java/ojdkbuild/java-17-openjdk-17.0.3.0.6-1.jre\bin\server;D:\ANDROIDLEARNING\REVERSE;C:\Users\11218\AppData\Local\Programs\Python\Python311;D:\myPython\NVSrC;C:\Users\11218\.gradle\wrapper\dists\gradle-8.0-all\a2o1xoguejy6msdh0lk99lxza\gradle-8.0\bin;D:\androidLearning\REVERSE\jadx\bin;C:\Program Files\Cloudflare\Cloudflare WARP\;D:\mypython\nvsrc\py-3-11-32\Scripts\;D:\mypython\nvsrc\py-3-11-32\;C:\Users\11218\AppData\Local\Programs\Python\Python311\;C:\Users\11218\miniconda3;C:\Users\11218\miniconda3\Library\mingw-w64\bin;C:\Users\11218\miniconda3\Library\usr\bin;C:\Users\11218\miniconda3\Library\bin;C:\Users\11218\miniconda3\Scripts;C:\Users\11218\scoop\shims;C:\Users\11218\AppData\Local\Microsoft\WindowsApps;C:\Users\11218\AppData\Local\Programs\Microsoft VS Code\bin;D:\myPython\goods;C:\Users\11218\AppData\Local\Microsoft\WinGet\Links;C:\Users\11218\.dotnet\tools
USERNAME=Stranger
OS=Windows_NT
PROCESSOR_IDENTIFIER=Intel64 Family 6 Model 122 Stepping 8, GenuineIntel



---------------  S Y S T E M  ---------------

OS:
 Windows 11 , 64 bit Build 22621 (10.0.22621.3085)
OS uptime: 6 days 0:58 hours
Hyper-V role detected

CPU: total 2 (initial active 2) (2 cores per cpu, 1 threads per core) family 6 model 122 stepping 8 microcode 0x1a, cx8, cmov, fxsr, mmx, 3dnowpref, sse, sse2, sse3, ssse3, sse4.1, sse4.2, popcnt, tsc, tscinvbit, aes, erms, clmul, sha, clflush, clflushopt, hv

Memory: 4k page, system-wide physical 7995M (527M free)
TotalPageFile size 16265M (AvailPageFile size 25M)
current process WorkingSet (physical memory assigned to process): 458M, peak: 458M
current process commit charge ("private bytes"): 488M, peak: 777M

vm_info: OpenJDK 64-Bit Server VM (17.0.3+6-LTS) for windows-amd64 JRE (17.0.3+6-LTS), built on May  3 2022 21:26:56 by "" with MS VC++ 16.10 / 16.11 (VS2019)

END.
