#
# There is insufficient memory for the Java Runtime Environment to continue.
# Native memory allocation (malloc) failed to allocate 244096 bytes for Chunk::new
# Possible reasons:
#   The system is out of physical RAM or swap space
#   The process is running with CompressedOops enabled, and the Java Heap may be blocking the growth of the native heap
# Possible solutions:
#   Reduce memory load on the system
#   Increase physical memory or swap space
#   Check if swap backing store is full
#   Decrease Java heap size (-Xmx/-Xms)
#   Decrease number of Java threads
#   Decrease Java thread stack sizes (-Xss)
#   Set larger code cache with -XX:ReservedCodeCacheSize=
#   JVM is running with Unscaled Compressed Oops mode in which the Java heap is
#     placed in the first 4GB address space. The Java Heap base address is the
#     maximum limit for the native heap growth. Please use -XX:HeapBaseMinAddress
#     to set the Java Heap base and to place the Java Heap above 4GB virtual address.
# This output file may be truncated or incomplete.
#
#  Out of Memory Error (arena.cpp:189), pid=28928, tid=2236
#
# JRE version: OpenJDK Runtime Environment 21.9 (17.0.3+6) (build 17.0.3+6-LTS)
# Java VM: OpenJDK 64-Bit Server VM 21.9 (17.0.3+6-LTS, mixed mode, sharing, tiered, compressed oops, compressed class ptrs, g1 gc, windows-amd64)
# No core dump will be written. Minidumps are not enabled by default on client versions of Windows
#

---------------  S U M M A R Y ------------

Command Line: -Xmx64m -Xms64m -Dorg.gradle.appname=gradlew org.gradle.wrapper.GradleWrapperMain assemble

Host: Intel(R) Celeron(R) N4020 CPU @ 1.10GHz, 2 cores, 7G,  Windows 11 , 64 bit Build 22621 (10.0.22621.3085)
Time: Sun Mar 10 15:58:54 2024  Windows 11 , 64 bit Build 22621 (10.0.22621.3085) elapsed time: 126.545313 seconds (0d 0h 2m 6s)

---------------  T H R E A D  ---------------

Current thread (0x000001d652240cb0):  JavaThread "C2 CompilerThread0" daemon [_thread_in_native, id=2236, stack(0x00000073fd500000,0x00000073fd600000)]


Current CompileTask:
C2: 126545 1759 % !   4       java.io.BufferedReader::readLine @ 139 (327 bytes)

Stack: [0x00000073fd500000,0x00000073fd600000]
Native frames: (J=compiled Java code, j=interpreted, Vv=VM code, C=native code)
V  [jvm.dll+0x67720a]
V  [jvm.dll+0x832514]
V  [jvm.dll+0x833cbe]
V  [jvm.dll+0x834323]
V  [jvm.dll+0x245815]
V  [jvm.dll+0xabf1b]
V  [jvm.dll+0xac4ac]
V  [jvm.dll+0x2aca1f]
V  [jvm.dll+0x57e019]
V  [jvm.dll+0x22090d]
V  [jvm.dll+0x220cef]
V  [jvm.dll+0x21a5c5]
V  [jvm.dll+0x217a8b]
V  [jvm.dll+0x1a400d]
V  [jvm.dll+0x227508]
V  [jvm.dll+0x22565c]
V  [jvm.dll+0x7e7d5c]
V  [jvm.dll+0x7e230a]
V  [jvm.dll+0x676095]
C  [ucrtbase.dll+0x29363]
C  [KERNEL32.DLL+0x1257d]
C  [ntdll.dll+0x5aa58]


---------------  P R O C E S S  ---------------

Threads class SMR info:
_java_thread_list=0x000001d652c9dda0, length=15, elements={
0x000001d6375e3fe0, 0x000001d652213e60, 0x000001d652214cd0, 0x000001d65223ae40,
0x000001d65223cb60, 0x000001d65223f620, 0x000001d65223ffd0, 0x000001d652240cb0,
0x000001d65229d020, 0x000001d65229fce0, 0x000001d652c2b440, 0x000001d652c2dbb0,
0x000001d6534a0020, 0x000001d652d3dde0, 0x000001d652d01fb0
}

Java Threads: ( => current thread )
  0x000001d6375e3fe0 JavaThread "main" [_thread_blocked, id=28092, stack(0x00000073fc700000,0x00000073fc800000)]
  0x000001d652213e60 JavaThread "Reference Handler" daemon [_thread_blocked, id=20224, stack(0x00000073fcf00000,0x00000073fd000000)]
  0x000001d652214cd0 JavaThread "Finalizer" daemon [_thread_blocked, id=10764, stack(0x00000073fd000000,0x00000073fd100000)]
  0x000001d65223ae40 JavaThread "Signal Dispatcher" daemon [_thread_blocked, id=22052, stack(0x00000073fd100000,0x00000073fd200000)]
  0x000001d65223cb60 JavaThread "Attach Listener" daemon [_thread_blocked, id=24908, stack(0x00000073fd200000,0x00000073fd300000)]
  0x000001d65223f620 JavaThread "Service Thread" daemon [_thread_blocked, id=22104, stack(0x00000073fd300000,0x00000073fd400000)]
  0x000001d65223ffd0 JavaThread "Monitor Deflation Thread" daemon [_thread_blocked, id=25240, stack(0x00000073fd400000,0x00000073fd500000)]
=>0x000001d652240cb0 JavaThread "C2 CompilerThread0" daemon [_thread_in_native, id=2236, stack(0x00000073fd500000,0x00000073fd600000)]
  0x000001d65229d020 JavaThread "C1 CompilerThread0" daemon [_thread_blocked, id=20528, stack(0x00000073fd600000,0x00000073fd700000)]
  0x000001d65229fce0 JavaThread "Sweeper thread" daemon [_thread_blocked, id=12260, stack(0x00000073fd700000,0x00000073fd800000)]
  0x000001d652c2b440 JavaThread "Notification Thread" daemon [_thread_blocked, id=12640, stack(0x00000073fd800000,0x00000073fd900000)]
  0x000001d652c2dbb0 JavaThread "Common-Cleaner" daemon [_thread_blocked, id=2676, stack(0x00000073fda00000,0x00000073fdb00000)]
  0x000001d6534a0020 JavaThread "pool-1-thread-1" [_thread_in_native, id=16232, stack(0x00000073fdc00000,0x00000073fdd00000)]
  0x000001d652d3dde0 JavaThread "DisconnectableInputStream source reader" daemon [_thread_in_native, id=30220, stack(0x00000073fde00000,0x00000073fdf00000)]
  0x000001d652d01fb0 JavaThread "Forward input" [_thread_blocked, id=24988, stack(0x00000073fdf00000,0x00000073fe000000)]

Other Threads:
  0x000001d6376a8a90 VMThread "VM Thread" [stack: 0x00000073fce00000,0x00000073fcf00000] [id=28060]
  0x000001d652c2b910 WatcherThread [stack: 0x00000073fd900000,0x00000073fda00000] [id=12996]
  0x000001d6376034b0 GCTaskThread "GC Thread#0" [stack: 0x00000073fc900000,0x00000073fca00000] [id=14180]
  0x000001d652e494a0 GCTaskThread "GC Thread#1" [stack: 0x00000073fdb00000,0x00000073fdc00000] [id=19836]
  0x000001d637604bf0 ConcurrentGCThread "G1 Main Marker" [stack: 0x00000073fca00000,0x00000073fcb00000] [id=28812]
  0x000001d637605600 ConcurrentGCThread "G1 Conc#0" [stack: 0x00000073fcb00000,0x00000073fcc00000] [id=16884]
  0x000001d6376499c0 ConcurrentGCThread "G1 Refine#0" [stack: 0x00000073fcc00000,0x00000073fcd00000] [id=8376]
  0x000001d63764a3e0 ConcurrentGCThread "G1 Service" [stack: 0x00000073fcd00000,0x00000073fce00000] [id=16636]

Threads with active compile tasks:
C2 CompilerThread0   126587 1759 % !   4       java.io.BufferedReader::readLine @ 139 (327 bytes)

VM state: not at safepoint (normal execution)

VM Mutex/Monitor currently owned by a thread: None

Heap address: 0x00000000fc000000, size: 64 MB, Compressed Oops mode: 32-bit

CDS archive(s) mapped at: [0x0000000800000000-0x0000000800bc0000-0x0000000800bc0000), size 12320768, SharedBaseAddress: 0x0000000800000000, ArchiveRelocationMode: 0.
Compressed class space mapped at: 0x0000000800c00000-0x0000000840c00000, reserved size: 1073741824
Narrow klass base: 0x0000000800000000, Narrow klass shift: 0, Narrow klass range: 0x100000000

GC Precious Log:
 CPUs: 2 total, 2 available
 Memory: 7995M
 Large Page Support: Disabled
 NUMA Support: Disabled
 Compressed Oops: Enabled (32-bit)
 Heap Region Size: 1M
 Heap Min Capacity: 64M
 Heap Initial Capacity: 64M
 Heap Max Capacity: 64M
 Pre-touch: Disabled
 Parallel Workers: 2
 Concurrent Workers: 1
 Concurrent Refinement Workers: 2
 Periodic GC: Disabled

Heap:
 garbage-first heap   total 65536K, used 23260K [0x00000000fc000000, 0x0000000100000000)
  region size 1024K, 13 young (13312K), 1 survivors (1024K)
 Metaspace       used 9796K, committed 9984K, reserved 1064960K
  class space    used 1256K, committed 1344K, reserved 1048576K

Heap Regions: E=young(eden), S=young(survivor), O=old, HS=humongous(starts), HC=humongous(continues), CS=collection set, F=free, OA=open archive, CA=closed archive, TAMS=top-at-mark-start (previous, next)
|   0|0x00000000fc000000, 0x00000000fc100000, 0x00000000fc100000|100%| O|  |TAMS 0x00000000fc000000, 0x00000000fc000000| Untracked 
|   1|0x00000000fc100000, 0x00000000fc200000, 0x00000000fc200000|100%| O|  |TAMS 0x00000000fc100000, 0x00000000fc100000| Untracked 
|   2|0x00000000fc200000, 0x00000000fc300000, 0x00000000fc300000|100%|HS|  |TAMS 0x00000000fc200000, 0x00000000fc200000| Complete 
|   3|0x00000000fc300000, 0x00000000fc400000, 0x00000000fc400000|100%|HC|  |TAMS 0x00000000fc300000, 0x00000000fc300000| Complete 
|   4|0x00000000fc400000, 0x00000000fc500000, 0x00000000fc500000|100%|HC|  |TAMS 0x00000000fc400000, 0x00000000fc400000| Complete 
|   5|0x00000000fc500000, 0x00000000fc600000, 0x00000000fc600000|100%|HC|  |TAMS 0x00000000fc500000, 0x00000000fc500000| Complete 
|   6|0x00000000fc600000, 0x00000000fc700000, 0x00000000fc700000|100%| O|  |TAMS 0x00000000fc600000, 0x00000000fc600000| Untracked 
|   7|0x00000000fc700000, 0x00000000fc800000, 0x00000000fc800000|100%| O|  |TAMS 0x00000000fc700000, 0x00000000fc700000| Untracked 
|   8|0x00000000fc800000, 0x00000000fc900000, 0x00000000fc900000|100%| O|  |TAMS 0x00000000fc800000, 0x00000000fc800000| Untracked 
|   9|0x00000000fc900000, 0x00000000fca00000, 0x00000000fca00000|100%| O|  |TAMS 0x00000000fc900000, 0x00000000fc900000| Untracked 
|  10|0x00000000fca00000, 0x00000000fcaea800, 0x00000000fcb00000| 91%| O|  |TAMS 0x00000000fca00000, 0x00000000fca00000| Untracked 
|  11|0x00000000fcb00000, 0x00000000fcb00000, 0x00000000fcc00000|  0%| F|  |TAMS 0x00000000fcb00000, 0x00000000fcb00000| Untracked 
|  12|0x00000000fcc00000, 0x00000000fcc00000, 0x00000000fcd00000|  0%| F|  |TAMS 0x00000000fcc00000, 0x00000000fcc00000| Untracked 
|  13|0x00000000fcd00000, 0x00000000fcd00000, 0x00000000fce00000|  0%| F|  |TAMS 0x00000000fcd00000, 0x00000000fcd00000| Untracked 
|  14|0x00000000fce00000, 0x00000000fce00000, 0x00000000fcf00000|  0%| F|  |TAMS 0x00000000fce00000, 0x00000000fce00000| Untracked 
|  15|0x00000000fcf00000, 0x00000000fcf00000, 0x00000000fd000000|  0%| F|  |TAMS 0x00000000fcf00000, 0x00000000fcf00000| Untracked 
|  16|0x00000000fd000000, 0x00000000fd000000, 0x00000000fd100000|  0%| F|  |TAMS 0x00000000fd000000, 0x00000000fd000000| Untracked 
|  17|0x00000000fd100000, 0x00000000fd100000, 0x00000000fd200000|  0%| F|  |TAMS 0x00000000fd100000, 0x00000000fd100000| Untracked 
|  18|0x00000000fd200000, 0x00000000fd200000, 0x00000000fd300000|  0%| F|  |TAMS 0x00000000fd200000, 0x00000000fd200000| Untracked 
|  19|0x00000000fd300000, 0x00000000fd300000, 0x00000000fd400000|  0%| F|  |TAMS 0x00000000fd300000, 0x00000000fd300000| Untracked 
|  20|0x00000000fd400000, 0x00000000fd400000, 0x00000000fd500000|  0%| F|  |TAMS 0x00000000fd400000, 0x00000000fd400000| Untracked 
|  21|0x00000000fd500000, 0x00000000fd500000, 0x00000000fd600000|  0%| F|  |TAMS 0x00000000fd500000, 0x00000000fd500000| Untracked 
|  22|0x00000000fd600000, 0x00000000fd600000, 0x00000000fd700000|  0%| F|  |TAMS 0x00000000fd600000, 0x00000000fd600000| Untracked 
|  23|0x00000000fd700000, 0x00000000fd700000, 0x00000000fd800000|  0%| F|  |TAMS 0x00000000fd700000, 0x00000000fd700000| Untracked 
|  24|0x00000000fd800000, 0x00000000fd800000, 0x00000000fd900000|  0%| F|  |TAMS 0x00000000fd800000, 0x00000000fd800000| Untracked 
|  25|0x00000000fd900000, 0x00000000fd900000, 0x00000000fda00000|  0%| F|  |TAMS 0x00000000fd900000, 0x00000000fd900000| Untracked 
|  26|0x00000000fda00000, 0x00000000fda00000, 0x00000000fdb00000|  0%| F|  |TAMS 0x00000000fda00000, 0x00000000fda00000| Untracked 
|  27|0x00000000fdb00000, 0x00000000fdb00000, 0x00000000fdc00000|  0%| F|  |TAMS 0x00000000fdb00000, 0x00000000fdb00000| Untracked 
|  28|0x00000000fdc00000, 0x00000000fdc00000, 0x00000000fdd00000|  0%| F|  |TAMS 0x00000000fdc00000, 0x00000000fdc00000| Untracked 
|  29|0x00000000fdd00000, 0x00000000fdd00000, 0x00000000fde00000|  0%| F|  |TAMS 0x00000000fdd00000, 0x00000000fdd00000| Untracked 
|  30|0x00000000fde00000, 0x00000000fde00000, 0x00000000fdf00000|  0%| F|  |TAMS 0x00000000fde00000, 0x00000000fde00000| Untracked 
|  31|0x00000000fdf00000, 0x00000000fdf00000, 0x00000000fe000000|  0%| F|  |TAMS 0x00000000fdf00000, 0x00000000fdf00000| Untracked 
|  32|0x00000000fe000000, 0x00000000fe000000, 0x00000000fe100000|  0%| F|  |TAMS 0x00000000fe000000, 0x00000000fe000000| Untracked 
|  33|0x00000000fe100000, 0x00000000fe100000, 0x00000000fe200000|  0%| F|  |TAMS 0x00000000fe100000, 0x00000000fe100000| Untracked 
|  34|0x00000000fe200000, 0x00000000fe200000, 0x00000000fe300000|  0%| F|  |TAMS 0x00000000fe200000, 0x00000000fe200000| Untracked 
|  35|0x00000000fe300000, 0x00000000fe300000, 0x00000000fe400000|  0%| F|  |TAMS 0x00000000fe300000, 0x00000000fe300000| Untracked 
|  36|0x00000000fe400000, 0x00000000fe400000, 0x00000000fe500000|  0%| F|  |TAMS 0x00000000fe400000, 0x00000000fe400000| Untracked 
|  37|0x00000000fe500000, 0x00000000fe500000, 0x00000000fe600000|  0%| F|  |TAMS 0x00000000fe500000, 0x00000000fe500000| Untracked 
|  38|0x00000000fe600000, 0x00000000fe600000, 0x00000000fe700000|  0%| F|  |TAMS 0x00000000fe600000, 0x00000000fe600000| Untracked 
|  39|0x00000000fe700000, 0x00000000fe700000, 0x00000000fe800000|  0%| F|  |TAMS 0x00000000fe700000, 0x00000000fe700000| Untracked 
|  40|0x00000000fe800000, 0x00000000fe800000, 0x00000000fe900000|  0%| F|  |TAMS 0x00000000fe800000, 0x00000000fe800000| Untracked 
|  41|0x00000000fe900000, 0x00000000fe900000, 0x00000000fea00000|  0%| F|  |TAMS 0x00000000fe900000, 0x00000000fe900000| Untracked 
|  42|0x00000000fea00000, 0x00000000fea00000, 0x00000000feb00000|  0%| F|  |TAMS 0x00000000fea00000, 0x00000000fea00000| Untracked 
|  43|0x00000000feb00000, 0x00000000feb00000, 0x00000000fec00000|  0%| F|  |TAMS 0x00000000feb00000, 0x00000000feb00000| Untracked 
|  44|0x00000000fec00000, 0x00000000fec00000, 0x00000000fed00000|  0%| F|  |TAMS 0x00000000fec00000, 0x00000000fec00000| Untracked 
|  45|0x00000000fed00000, 0x00000000fed00000, 0x00000000fee00000|  0%| F|  |TAMS 0x00000000fed00000, 0x00000000fed00000| Untracked 
|  46|0x00000000fee00000, 0x00000000fee00000, 0x00000000fef00000|  0%| F|  |TAMS 0x00000000fee00000, 0x00000000fee00000| Untracked 
|  47|0x00000000fef00000, 0x00000000fef00000, 0x00000000ff000000|  0%| F|  |TAMS 0x00000000fef00000, 0x00000000fef00000| Untracked 
|  48|0x00000000ff000000, 0x00000000ff000000, 0x00000000ff100000|  0%| F|  |TAMS 0x00000000ff000000, 0x00000000ff000000| Untracked 
|  49|0x00000000ff100000, 0x00000000ff1cc9f8, 0x00000000ff200000| 79%| S|CS|TAMS 0x00000000ff100000, 0x00000000ff100000| Complete 
|  50|0x00000000ff200000, 0x00000000ff200000, 0x00000000ff300000|  0%| F|  |TAMS 0x00000000ff200000, 0x00000000ff200000| Untracked 
|  51|0x00000000ff300000, 0x00000000ff300000, 0x00000000ff400000|  0%| F|  |TAMS 0x00000000ff300000, 0x00000000ff300000| Untracked 
|  52|0x00000000ff400000, 0x00000000ff4d5c30, 0x00000000ff500000| 83%| E|  |TAMS 0x00000000ff400000, 0x00000000ff400000| Complete 
|  53|0x00000000ff500000, 0x00000000ff600000, 0x00000000ff600000|100%| E|CS|TAMS 0x00000000ff500000, 0x00000000ff500000| Complete 
|  54|0x00000000ff600000, 0x00000000ff700000, 0x00000000ff700000|100%| E|CS|TAMS 0x00000000ff600000, 0x00000000ff600000| Complete 
|  55|0x00000000ff700000, 0x00000000ff800000, 0x00000000ff800000|100%| E|CS|TAMS 0x00000000ff700000, 0x00000000ff700000| Complete 
|  56|0x00000000ff800000, 0x00000000ff900000, 0x00000000ff900000|100%| E|CS|TAMS 0x00000000ff800000, 0x00000000ff800000| Complete 
|  57|0x00000000ff900000, 0x00000000ffa00000, 0x00000000ffa00000|100%| E|CS|TAMS 0x00000000ff900000, 0x00000000ff900000| Complete 
|  58|0x00000000ffa00000, 0x00000000ffb00000, 0x00000000ffb00000|100%| E|CS|TAMS 0x00000000ffa00000, 0x00000000ffa00000| Complete 
|  59|0x00000000ffb00000, 0x00000000ffc00000, 0x00000000ffc00000|100%| E|CS|TAMS 0x00000000ffb00000, 0x00000000ffb00000| Complete 
|  60|0x00000000ffc00000, 0x00000000ffd00000, 0x00000000ffd00000|100%| E|CS|TAMS 0x00000000ffc00000, 0x00000000ffc00000| Complete 
|  61|0x00000000ffd00000, 0x00000000ffe00000, 0x00000000ffe00000|100%| E|CS|TAMS 0x00000000ffd00000, 0x00000000ffd00000| Complete 
|  62|0x00000000ffe00000, 0x00000000fff00000, 0x00000000fff00000|100%| E|CS|TAMS 0x00000000ffe00000, 0x00000000ffe00000| Complete 
|  63|0x00000000fff00000, 0x0000000100000000, 0x0000000100000000|100%| E|CS|TAMS 0x00000000fff00000, 0x00000000fff00000| Complete 

Card table byte_map: [0x000001d64fcc0000,0x000001d64fce0000] _byte_map_base: 0x000001d64f4e0000

Marking Bits (Prev, Next): (CMBitMap*) 0x000001d637603ac0, (CMBitMap*) 0x000001d637603b00
 Prev Bits: [0x000001d64fd00000, 0x000001d64fe00000)
 Next Bits: [0x000001d64fe00000, 0x000001d64ff00000)

Polling page: 0x000001d6376b0000

Metaspace:

Usage:
  Non-class:      8.34 MB used.
      Class:      1.23 MB used.
       Both:      9.57 MB used.

Virtual space:
  Non-class space:       16.00 MB reserved,       8.44 MB ( 53%) committed,  2 nodes.
      Class space:        1.00 GB reserved,       1.31 MB ( <1%) committed,  1 nodes.
             Both:        1.02 GB reserved,       9.75 MB ( <1%) committed. 

Chunk freelists:
   Non-Class:  2.66 MB
       Class:  2.58 MB
        Both:  5.23 MB

MaxMetaspaceSize: unlimited
CompressedClassSpaceSize: 1.00 GB
Initial GC threshold: 21.00 MB
Current GC threshold: 21.00 MB
CDS: on
MetaspaceReclaimPolicy: balanced
 - commit_granule_bytes: 65536.
 - commit_granule_words: 8192.
 - virtual_space_node_default_size: 1048576.
 - enlarge_chunks_in_place: 1.
 - new_chunks_are_fully_committed: 0.
 - uncommit_free_chunks: 1.
 - use_allocation_guard: 0.
 - handle_deallocations: 1.


Internal statistics:

num_allocs_failed_limit: 0.
num_arena_births: 88.
num_arena_deaths: 0.
num_vsnodes_births: 3.
num_vsnodes_deaths: 0.
num_space_committed: 156.
num_space_uncommitted: 0.
num_chunks_returned_to_freelist: 0.
num_chunks_taken_from_freelist: 336.
num_chunk_merges: 0.
num_chunk_splits: 229.
num_chunks_enlarged: 191.
num_purges: 0.
num_inconsistent_stats: 0.

CodeHeap 'non-profiled nmethods': size=120064Kb used=645Kb max_used=645Kb free=119418Kb
 bounds [0x000001d648360000, 0x000001d6485d0000, 0x000001d64f8a0000]
CodeHeap 'profiled nmethods': size=120000Kb used=3447Kb max_used=3447Kb free=116552Kb
 bounds [0x000001d640e30000, 0x000001d641190000, 0x000001d648360000]
CodeHeap 'non-nmethods': size=5696Kb used=1182Kb max_used=1197Kb free=4513Kb
 bounds [0x000001d6408a0000, 0x000001d640b10000, 0x000001d640e30000]
 total_blobs=2245 nmethods=1759 adapters=400
 compilation: enabled
              stopped_count=0, restarted_count=0
 full_count=0

Compilation events (20 events):
Event: 126.343 Thread 0x000001d65229d020 nmethod 1750 0x000001d641188910 code [0x000001d641188aa0, 0x000001d641188c18]
Event: 126.343 Thread 0x000001d65229d020 1751       3       org.gradle.internal.logging.text.AbstractLineChoppingStyledTextOutput::access$800 (4 bytes)
Event: 126.343 Thread 0x000001d65229d020 nmethod 1751 0x000001d641188c90 code [0x000001d641188e20, 0x000001d641188f18]
Event: 126.343 Thread 0x000001d65229d020 1752       3       org.gradle.internal.logging.text.AbstractLineChoppingStyledTextOutput$2::execute (9 bytes)
Event: 126.343 Thread 0x000001d65229d020 nmethod 1752 0x000001d641188f90 code [0x000001d641189140, 0x000001d641189388]
Event: 126.344 Thread 0x000001d65229d020 1753       3       org.gradle.internal.logging.text.AbstractLineChoppingStyledTextOutput::access$900 (4 bytes)
Event: 126.344 Thread 0x000001d65229d020 nmethod 1753 0x000001d641189490 code [0x000001d641189620, 0x000001d641189718]
Event: 126.344 Thread 0x000001d65229d020 1754       3       org.gradle.internal.logging.text.AbstractLineChoppingStyledTextOutput$StateContext::next (11 bytes)
Event: 126.344 Thread 0x000001d65229d020 nmethod 1754 0x000001d641189790 code [0x000001d641189920, 0x000001d641189a38]
Event: 126.467 Thread 0x000001d65229d020 1755       3       org.gradle.internal.logging.text.AbstractLineChoppingStyledTextOutput$1::execute (140 bytes)
Event: 126.469 Thread 0x000001d65229d020 nmethod 1755 0x000001d641189b10 code [0x000001d641189e40, 0x000001d64118aef8]
Event: 126.469 Thread 0x000001d65229d020 1756       3       org.gradle.internal.logging.text.AbstractLineChoppingStyledTextOutput$2::execute (77 bytes)
Event: 126.470 Thread 0x000001d65229d020 nmethod 1756 0x000001d64118b610 code [0x000001d64118b8a0, 0x000001d64118c368]
Event: 126.523 Thread 0x000001d65229d020 1757       3       sun.nio.cs.DoubleByte$Decoder::decodeLoop (28 bytes)
Event: 126.524 Thread 0x000001d65229d020 nmethod 1757 0x000001d64118c810 code [0x000001d64118c9e0, 0x000001d64118ce18]
Event: 126.524 Thread 0x000001d65229d020 1758       1       java.util.LinkedList::size (5 bytes)
Event: 126.524 Thread 0x000001d65229d020 nmethod 1758 0x000001d648401490 code [0x000001d648401620, 0x000001d6484016f8]
Event: 126.525 Thread 0x000001d652240cb0 1759 % !   4       java.io.BufferedReader::readLine @ 139 (327 bytes)
Event: 126.528 Thread 0x000001d65229d020 1760       3       java.util.LinkedList::checkPositionIndex (22 bytes)
Event: 126.529 Thread 0x000001d65229d020 nmethod 1760 0x000001d64118cf90 code [0x000001d64118d1e0, 0x000001d64118d948]

GC Heap History (8 events):
Event: 3.016 GC heap before
{Heap before GC invocations=0 (full 0):
 garbage-first heap   total 65536K, used 5120K [0x00000000fc000000, 0x0000000100000000)
  region size 1024K, 6 young (6144K), 0 survivors (0K)
 Metaspace       used 1691K, committed 1792K, reserved 1056768K
  class space    used 161K, committed 192K, reserved 1048576K
}
Event: 3.022 GC heap after
{Heap after GC invocations=1 (full 0):
 garbage-first heap   total 65536K, used 1865K [0x00000000fc000000, 0x0000000100000000)
  region size 1024K, 1 young (1024K), 1 survivors (1024K)
 Metaspace       used 1691K, committed 1792K, reserved 1056768K
  class space    used 161K, committed 192K, reserved 1048576K
}
Event: 3.420 GC heap before
{Heap before GC invocations=1 (full 0):
 garbage-first heap   total 65536K, used 5961K [0x00000000fc000000, 0x0000000100000000)
  region size 1024K, 6 young (6144K), 1 survivors (1024K)
 Metaspace       used 1758K, committed 1856K, reserved 1056768K
  class space    used 161K, committed 192K, reserved 1048576K
}
Event: 3.430 GC heap after
{Heap after GC invocations=2 (full 0):
 garbage-first heap   total 65536K, used 2198K [0x00000000fc000000, 0x0000000100000000)
  region size 1024K, 1 young (1024K), 1 survivors (1024K)
 Metaspace       used 1758K, committed 1856K, reserved 1056768K
  class space    used 161K, committed 192K, reserved 1048576K
}
Event: 5.164 GC heap before
{Heap before GC invocations=2 (full 0):
 garbage-first heap   total 65536K, used 16534K [0x00000000fc000000, 0x0000000100000000)
  region size 1024K, 12 young (12288K), 1 survivors (1024K)
 Metaspace       used 3697K, committed 3840K, reserved 1056768K
  class space    used 455K, committed 512K, reserved 1048576K
}
Event: 5.172 GC heap after
{Heap after GC invocations=3 (full 0):
 garbage-first heap   total 65536K, used 11032K [0x00000000fc000000, 0x0000000100000000)
  region size 1024K, 2 young (2048K), 2 survivors (2048K)
 Metaspace       used 3697K, committed 3840K, reserved 1056768K
  class space    used 455K, committed 512K, reserved 1048576K
}
Event: 6.936 GC heap before
{Heap before GC invocations=3 (full 0):
 garbage-first heap   total 65536K, used 22296K [0x00000000fc000000, 0x0000000100000000)
  region size 1024K, 14 young (14336K), 2 survivors (2048K)
 Metaspace       used 7308K, committed 7488K, reserved 1056768K
  class space    used 1006K, committed 1088K, reserved 1048576K
}
Event: 6.943 GC heap after
{Heap after GC invocations=4 (full 0):
 garbage-first heap   total 65536K, used 11996K [0x00000000fc000000, 0x0000000100000000)
  region size 1024K, 1 young (1024K), 1 survivors (1024K)
 Metaspace       used 7308K, committed 7488K, reserved 1056768K
  class space    used 1006K, committed 1088K, reserved 1048576K
}

Deoptimization events (20 events):
Event: 15.090 Thread 0x000001d6375e3fe0 Uncommon trap: trap_request=0xffffffc6 fr.pc=0x000001d6483e6040 relative=0x0000000000000400
Event: 15.090 Thread 0x000001d6375e3fe0 Uncommon trap: reason=bimorphic_or_optimized_type_check action=maybe_recompile pc=0x000001d6483e6040 method=java.util.HashMap.getNode(Ljava/lang/Object;)Ljava/util/HashMap$Node; @ 128 c2
Event: 15.090 Thread 0x000001d6375e3fe0 DEOPT PACKING pc=0x000001d6483e6040 sp=0x00000073fc7fa430
Event: 15.090 Thread 0x000001d6375e3fe0 DEOPT UNPACKING pc=0x000001d6408f239d sp=0x00000073fc7fa3a8 mode 2
Event: 15.090 Thread 0x000001d6375e3fe0 Uncommon trap: trap_request=0xffffffc6 fr.pc=0x000001d6483e6040 relative=0x0000000000000400
Event: 15.090 Thread 0x000001d6375e3fe0 Uncommon trap: reason=bimorphic_or_optimized_type_check action=maybe_recompile pc=0x000001d6483e6040 method=java.util.HashMap.getNode(Ljava/lang/Object;)Ljava/util/HashMap$Node; @ 128 c2
Event: 15.090 Thread 0x000001d6375e3fe0 DEOPT PACKING pc=0x000001d6483e6040 sp=0x00000073fc7fa430
Event: 15.090 Thread 0x000001d6375e3fe0 DEOPT UNPACKING pc=0x000001d6408f239d sp=0x00000073fc7fa3a8 mode 2
Event: 15.090 Thread 0x000001d6375e3fe0 Uncommon trap: trap_request=0xffffffc6 fr.pc=0x000001d6483e6040 relative=0x0000000000000400
Event: 15.090 Thread 0x000001d6375e3fe0 Uncommon trap: reason=bimorphic_or_optimized_type_check action=maybe_recompile pc=0x000001d6483e6040 method=java.util.HashMap.getNode(Ljava/lang/Object;)Ljava/util/HashMap$Node; @ 128 c2
Event: 15.090 Thread 0x000001d6375e3fe0 DEOPT PACKING pc=0x000001d6483e6040 sp=0x00000073fc7fa430
Event: 15.090 Thread 0x000001d6375e3fe0 DEOPT UNPACKING pc=0x000001d6408f239d sp=0x00000073fc7fa3a8 mode 2
Event: 15.090 Thread 0x000001d6375e3fe0 Uncommon trap: trap_request=0xffffffc6 fr.pc=0x000001d6483e6040 relative=0x0000000000000400
Event: 15.090 Thread 0x000001d6375e3fe0 Uncommon trap: reason=bimorphic_or_optimized_type_check action=maybe_recompile pc=0x000001d6483e6040 method=java.util.HashMap.getNode(Ljava/lang/Object;)Ljava/util/HashMap$Node; @ 128 c2
Event: 15.090 Thread 0x000001d6375e3fe0 DEOPT PACKING pc=0x000001d6483e6040 sp=0x00000073fc7fa430
Event: 15.090 Thread 0x000001d6375e3fe0 DEOPT UNPACKING pc=0x000001d6408f239d sp=0x00000073fc7fa3a8 mode 2
Event: 15.234 Thread 0x000001d6375e3fe0 Uncommon trap: trap_request=0xffffff45 fr.pc=0x000001d648368c7c relative=0x000000000000007c
Event: 15.234 Thread 0x000001d6375e3fe0 Uncommon trap: reason=unstable_if action=reinterpret pc=0x000001d648368c7c method=java.lang.String.charAt(I)C @ 4 c2
Event: 15.234 Thread 0x000001d6375e3fe0 DEOPT PACKING pc=0x000001d648368c7c sp=0x00000073fc7fc550
Event: 15.234 Thread 0x000001d6375e3fe0 DEOPT UNPACKING pc=0x000001d6408f239d sp=0x00000073fc7fc4e0 mode 2

Classes unloaded (0 events):
No events

Classes redefined (0 events):
No events

Internal exceptions (20 events):
Event: 4.869 Thread 0x000001d6375e3fe0 Exception <a 'java/lang/NoClassDefFoundError'{0x00000000ff42a388}: org/slf4j/impl/StaticMarkerBinder> (0x00000000ff42a388) 
thrown [d:\a\1\s\lookaside\java-17-openjdk\src\hotspot\share\classfile\systemDictionary.cpp, line 245]
Event: 5.068 Thread 0x000001d6375e3fe0 Exception <a 'java/lang/NoSuchMethodError'{0x00000000ff4c6548}: 'java.lang.Object java.lang.invoke.DirectMethodHandle$Holder.invokeVirtual(java.lang.Object, java.lang.Object, java.lang.Object, java.lang.Object, java.lang.Object, java.lang.Object, java.lang.Object)'> (0x00000000ff4c6548) 
thrown [d:\a\1\s\lookaside\java-17-openjdk\src\hotspot\share\interpreter\linkResolver.cpp, line 766]
Event: 5.092 Thread 0x000001d6375e3fe0 Exception <a 'java/lang/NoSuchMethodError'{0x00000000ff4d7b08}: 'java.lang.Object java.lang.invoke.Invokers$Holder.invoker(java.lang.Object, java.lang.Object, java.lang.Object)'> (0x00000000ff4d7b08) 
thrown [d:\a\1\s\lookaside\java-17-openjdk\src\hotspot\share\interpreter\linkResolver.cpp, line 766]
Event: 5.103 Thread 0x000001d6375e3fe0 Exception <a 'java/lang/NoSuchMethodError'{0x00000000ff4e0eb0}: 'java.lang.Object java.lang.invoke.DirectMethodHandle$Holder.invokeStatic(java.lang.Object, java.lang.Object, int)'> (0x00000000ff4e0eb0) 
thrown [d:\a\1\s\lookaside\java-17-openjdk\src\hotspot\share\interpreter\linkResolver.cpp, line 766]
Event: 5.116 Thread 0x000001d6375e3fe0 Exception <a 'java/lang/NoSuchMethodError'{0x00000000ff4ecba0}: 'void java.lang.invoke.DelegatingMethodHandle$Holder.delegate(java.lang.Object, java.lang.Object, int, java.lang.Object)'> (0x00000000ff4ecba0) 
thrown [d:\a\1\s\lookaside\java-17-openjdk\src\hotspot\share\interpreter\linkResolver.cpp, line 766]
Event: 5.118 Thread 0x000001d6375e3fe0 Exception <a 'java/lang/NoSuchMethodError'{0x00000000ff4f0ce8}: 'int java.lang.invoke.DirectMethodHandle$Holder.invokeSpecial(java.lang.Object, java.lang.Object, java.lang.Object)'> (0x00000000ff4f0ce8) 
thrown [d:\a\1\s\lookaside\java-17-openjdk\src\hotspot\share\interpreter\linkResolver.cpp, line 766]
Event: 5.178 Thread 0x000001d6375e3fe0 Exception <a 'java/lang/NoSuchMethodError'{0x00000000fff04688}: 'java.lang.Object java.lang.invoke.Invokers$Holder.invokeExact_MT(java.lang.Object, java.lang.Object, java.lang.Object, java.lang.Object)'> (0x00000000fff04688) 
thrown [d:\a\1\s\lookaside\java-17-openjdk\src\hotspot\share\interpreter\linkResolver.cpp, line 766]
Event: 5.600 Thread 0x000001d6375e3fe0 Exception <a 'java/lang/NoSuchMethodError'{0x00000000ffada4b0}: 'void java.lang.invoke.DirectMethodHandle$Holder.invokeSpecial(java.lang.Object, java.lang.Object, java.lang.Object)'> (0x00000000ffada4b0) 
thrown [d:\a\1\s\lookaside\java-17-openjdk\src\hotspot\share\interpreter\linkResolver.cpp, line 766]
Event: 5.629 Thread 0x000001d6375e3fe0 Implicit null exception at 0x000001d6483aca0f to 0x000001d6483acf44
Event: 5.630 Thread 0x000001d6375e3fe0 Implicit null exception at 0x000001d64839b00d to 0x000001d64839b540
Event: 5.681 Thread 0x000001d6375e3fe0 Exception <a 'java/lang/NoSuchMethodError'{0x00000000ff8477d8}: 'java.lang.Object java.lang.invoke.DirectMethodHandle$Holder.invokeStaticInit(java.lang.Object)'> (0x00000000ff8477d8) 
thrown [d:\a\1\s\lookaside\java-17-openjdk\src\hotspot\share\interpreter\linkResolver.cpp, line 766]
Event: 6.003 Thread 0x000001d6375e3fe0 Exception <a 'java/lang/NoSuchMethodError'{0x00000000ff429e50}: 'java.lang.Object java.lang.invoke.DirectMethodHandle$Holder.invokeStaticInit(java.lang.Object, int, int, int, int)'> (0x00000000ff429e50) 
thrown [d:\a\1\s\lookaside\java-17-openjdk\src\hotspot\share\interpreter\linkResolver.cpp, line 766]
Event: 6.115 Thread 0x000001d6375e3fe0 Exception <a 'java/lang/NoSuchMethodError'{0x00000000ff463498}: 'java.lang.Object java.lang.invoke.DirectMethodHandle$Holder.invokeStaticInit(java.lang.Object, java.lang.Object, int, int, int, int)'> (0x00000000ff463498) 
thrown [d:\a\1\s\lookaside\java-17-openjdk\src\hotspot\share\interpreter\linkResolver.cpp, line 766]
Event: 6.908 Thread 0x000001d6375e3fe0 Exception <a 'java/lang/NoSuchMethodError'{0x00000000ff4927d0}: 'void java.lang.invoke.DirectMethodHandle$Holder.invokeStatic(java.lang.Object, java.lang.Object, java.lang.Object)'> (0x00000000ff4927d0) 
thrown [d:\a\1\s\lookaside\java-17-openjdk\src\hotspot\share\interpreter\linkResolver.cpp, line 766]
Event: 7.540 Thread 0x000001d6535400b0 Exception <a 'java/lang/NoSuchMethodError'{0x00000000ff810688}: 'void java.lang.invoke.DirectMethodHandle$Holder.invokeStatic(java.lang.Object, long)'> (0x00000000ff810688) 
thrown [d:\a\1\s\lookaside\java-17-openjdk\src\hotspot\share\interpreter\linkResolver.cpp, line 766]
Event: 7.543 Thread 0x000001d6535400b0 Exception <a 'java/lang/NoSuchMethodError'{0x00000000ff815d38}: 'java.lang.Object java.lang.invoke.DirectMethodHandle$Holder.newInvokeSpecial(java.lang.Object, long)'> (0x00000000ff815d38) 
thrown [d:\a\1\s\lookaside\java-17-openjdk\src\hotspot\share\interpreter\linkResolver.cpp, line 766]
Event: 7.546 Thread 0x000001d6535400b0 Exception <a 'java/lang/NoSuchMethodError'{0x00000000ff820960}: 'java.lang.Object java.lang.invoke.DirectMethodHandle$Holder.invokeStaticInit(java.lang.Object, java.lang.Object, long, java.lang.Object)'> (0x00000000ff820960) 
thrown [d:\a\1\s\lookaside\java-17-openjdk\src\hotspot\share\interpreter\linkResolver.cpp, line 766]
Event: 7.547 Thread 0x000001d6535400b0 Exception <a 'java/lang/NoSuchMethodError'{0x00000000ff826fe8}: 'java.lang.Object java.lang.invoke.DirectMethodHandle$Holder.newInvokeSpecial(java.lang.Object, java.lang.Object, long)'> (0x00000000ff826fe8) 
thrown [d:\a\1\s\lookaside\java-17-openjdk\src\hotspot\share\interpreter\linkResolver.cpp, line 766]
Event: 7.549 Thread 0x000001d6535400b0 Exception <a 'java/lang/NoSuchMethodError'{0x00000000ff82b2d8}: 'java.lang.Object java.lang.invoke.Invokers$Holder.linkToTargetMethod(java.lang.Object, long, java.lang.Object)'> (0x00000000ff82b2d8) 
thrown [d:\a\1\s\lookaside\java-17-openjdk\src\hotspot\share\interpreter\linkResolver.cpp, line 766]
Event: 126.215 Thread 0x000001d6375e3fe0 Exception <a 'sun/net/ConnectionResetException'{0x00000000ff560190}: Connection reset> (0x00000000ff560190) 
thrown [d:\a\1\s\lookaside\java-17-openjdk\src\hotspot\share\prims\jni.cpp, line 535]

VM Operations (20 events):
Event: 93.970 Executing VM operation: Cleanup
Event: 93.970 Executing VM operation: Cleanup done
Event: 104.067 Executing VM operation: Cleanup
Event: 104.067 Executing VM operation: Cleanup done
Event: 105.075 Executing VM operation: Cleanup
Event: 105.075 Executing VM operation: Cleanup done
Event: 108.083 Executing VM operation: Cleanup
Event: 108.083 Executing VM operation: Cleanup done
Event: 109.100 Executing VM operation: Cleanup
Event: 109.100 Executing VM operation: Cleanup done
Event: 111.143 Executing VM operation: Cleanup
Event: 111.143 Executing VM operation: Cleanup done
Event: 112.147 Executing VM operation: Cleanup
Event: 112.147 Executing VM operation: Cleanup done
Event: 119.206 Executing VM operation: Cleanup
Event: 119.207 Executing VM operation: Cleanup done
Event: 123.248 Executing VM operation: Cleanup
Event: 123.248 Executing VM operation: Cleanup done
Event: 126.298 Executing VM operation: Cleanup
Event: 126.298 Executing VM operation: Cleanup done

Events (20 events):
Event: 52.638 loading class jdk/internal/reflect/ByteVector done
Event: 52.638 loading class jdk/internal/reflect/ByteVectorImpl done
Event: 52.638 loading class jdk/internal/reflect/ClassFileAssembler
Event: 52.638 loading class jdk/internal/reflect/ClassFileAssembler done
Event: 52.638 loading class jdk/internal/reflect/UTF8
Event: 52.638 loading class jdk/internal/reflect/UTF8 done
Event: 52.643 loading class jdk/internal/reflect/Label
Event: 52.643 loading class jdk/internal/reflect/Label done
Event: 52.643 loading class jdk/internal/reflect/Label$PatchInfo
Event: 52.643 loading class jdk/internal/reflect/Label$PatchInfo done
Event: 52.643 loading class jdk/internal/reflect/MethodAccessorGenerator$1
Event: 52.643 loading class jdk/internal/reflect/MethodAccessorGenerator$1 done
Event: 52.643 loading class jdk/internal/reflect/ClassDefiner
Event: 52.644 loading class jdk/internal/reflect/ClassDefiner done
Event: 52.644 loading class jdk/internal/reflect/ClassDefiner$1
Event: 52.644 loading class jdk/internal/reflect/ClassDefiner$1 done
Event: 57.183 loading class java/util/ArrayList$ListItr
Event: 57.183 loading class java/util/ArrayList$ListItr done
Event: 126.215 loading class sun/net/ConnectionResetException
Event: 126.215 loading class sun/net/ConnectionResetException done


Dynamic libraries:
0x00007ff739610000 - 0x00007ff739631000 	D:\java\ojdkbuild\java-17-openjdk-17.0.3.0.6-1\bin\java.exe
0x00007ffbb09d0000 - 0x00007ffbb0be7000 	C:\Windows\SYSTEM32\ntdll.dll
0x00007ffbaf530000 - 0x00007ffbaf5f4000 	C:\Windows\System32\KERNEL32.DLL
0x00007ffbae0a0000 - 0x00007ffbae446000 	C:\Windows\System32\KERNELBASE.dll
0x00007ffbadf50000 - 0x00007ffbae061000 	C:\Windows\System32\ucrtbase.dll
0x00007ffb9dfc0000 - 0x00007ffb9dfd8000 	D:\java\ojdkbuild\java-17-openjdk-17.0.3.0.6-1\bin\jli.dll
0x00007ffbb0340000 - 0x00007ffbb04ee000 	C:\Windows\System32\USER32.dll
0x00007ffbae070000 - 0x00007ffbae096000 	C:\Windows\System32\win32u.dll
0x00007ffbae990000 - 0x00007ffbae9b9000 	C:\Windows\System32\GDI32.dll
0x00007ffbae450000 - 0x00007ffbae568000 	C:\Windows\System32\gdi32full.dll
0x00007ffbade80000 - 0x00007ffbadf1a000 	C:\Windows\System32\msvcp_win.dll
0x00007ffb845b0000 - 0x00007ffb845cb000 	D:\java\ojdkbuild\java-17-openjdk-17.0.3.0.6-1\bin\VCRUNTIME140.dll
0x00007ffb91040000 - 0x00007ffb912d3000 	C:\Windows\WinSxS\amd64_microsoft.windows.common-controls_6595b64144ccf1df_6.0.22621.2506_none_270c5ae97388e100\COMCTL32.dll
0x00007ffbaf270000 - 0x00007ffbaf317000 	C:\Windows\System32\msvcrt.dll
0x00007ffbb0250000 - 0x00007ffbb0281000 	C:\Windows\System32\IMM32.DLL
0x00007ffb987f0000 - 0x00007ffb987fc000 	D:\java\ojdkbuild\java-17-openjdk-17.0.3.0.6-1\bin\vcruntime140_1.dll
0x00007ffb6d6d0000 - 0x00007ffb6d75d000 	D:\java\ojdkbuild\java-17-openjdk-17.0.3.0.6-1\bin\msvcp140.dll
0x00007ffb26df0000 - 0x00007ffb27a4f000 	D:\java\ojdkbuild\java-17-openjdk-17.0.3.0.6-1\bin\server\jvm.dll
0x00007ffbaf600000 - 0x00007ffbaf6b3000 	C:\Windows\System32\ADVAPI32.dll
0x00007ffbaf420000 - 0x00007ffbaf4c8000 	C:\Windows\System32\sechost.dll
0x00007ffbadf20000 - 0x00007ffbadf48000 	C:\Windows\System32\bcrypt.dll
0x00007ffbaea10000 - 0x00007ffbaeb27000 	C:\Windows\System32\RPCRT4.dll
0x00007ffbb0980000 - 0x00007ffbb0988000 	C:\Windows\System32\PSAPI.DLL
0x00007ffb92bb0000 - 0x00007ffb92bb9000 	C:\Windows\SYSTEM32\WSOCK32.dll
0x00007ffbb0290000 - 0x00007ffbb0301000 	C:\Windows\System32\WS2_32.dll
0x00007ffb9a840000 - 0x00007ffb9a874000 	C:\Windows\SYSTEM32\WINMM.dll
0x00007ffb9c050000 - 0x00007ffb9c05a000 	C:\Windows\SYSTEM32\VERSION.dll
0x00007ffbacda0000 - 0x00007ffbacdb8000 	C:\Windows\SYSTEM32\kernel.appcore.dll
0x00007ffb97420000 - 0x00007ffb9742a000 	D:\java\ojdkbuild\java-17-openjdk-17.0.3.0.6-1\bin\jimage.dll
0x00007ffbab7c0000 - 0x00007ffbab9f3000 	C:\Windows\SYSTEM32\DBGHELP.DLL
0x00007ffbaec10000 - 0x00007ffbaef99000 	C:\Windows\System32\combase.dll
0x00007ffbaeb30000 - 0x00007ffbaec07000 	C:\Windows\System32\OLEAUT32.dll
0x00007ffb98f10000 - 0x00007ffb98f42000 	C:\Windows\SYSTEM32\dbgcore.DLL
0x00007ffbae5e0000 - 0x00007ffbae65a000 	C:\Windows\System32\bcryptPrimitives.dll
0x00007ffb76b90000 - 0x00007ffb76bb5000 	D:\java\ojdkbuild\java-17-openjdk-17.0.3.0.6-1\bin\java.dll
0x00007ffb6d5f0000 - 0x00007ffb6d6c7000 	D:\java\ojdkbuild\java-17-openjdk-17.0.3.0.6-1\bin\jsvml.dll
0x00007ffbaf990000 - 0x00007ffbb01eb000 	C:\Windows\System32\SHELL32.dll
0x00007ffbabc30000 - 0x00007ffbac526000 	C:\Windows\SYSTEM32\windows.storage.dll
0x00007ffbabaf0000 - 0x00007ffbabc2e000 	C:\Windows\SYSTEM32\wintypes.dll
0x00007ffbaf320000 - 0x00007ffbaf413000 	C:\Windows\System32\SHCORE.dll
0x00007ffbb01f0000 - 0x00007ffbb024e000 	C:\Windows\System32\shlwapi.dll
0x00007ffbadc40000 - 0x00007ffbadc66000 	C:\Windows\SYSTEM32\profapi.dll
0x00007ffb74dc0000 - 0x00007ffb74dd9000 	D:\java\ojdkbuild\java-17-openjdk-17.0.3.0.6-1\bin\net.dll
0x00007ffba4660000 - 0x00007ffba4797000 	C:\Windows\SYSTEM32\WINHTTP.dll
0x00007ffbad270000 - 0x00007ffbad2d9000 	C:\Windows\system32\mswsock.dll
0x00007ffb74da0000 - 0x00007ffb74db6000 	D:\java\ojdkbuild\java-17-openjdk-17.0.3.0.6-1\bin\nio.dll
0x00007ffb6f0d0000 - 0x00007ffb6f0e8000 	D:\java\ojdkbuild\java-17-openjdk-17.0.3.0.6-1\bin\zip.dll
0x00007ffb96120000 - 0x00007ffb96130000 	D:\java\ojdkbuild\java-17-openjdk-17.0.3.0.6-1\bin\verify.dll
0x00007ffb67160000 - 0x00007ffb67187000 	C:\Users\11218\.gradle\native\68d5fa5c4cc2d200863cafc0d521ce42e7d3e7ee720ec0a83991735586a16f82\windows-amd64\native-platform.dll
0x00007ffb903d0000 - 0x00007ffb903da000 	C:\Users\11218\.gradle\native\jansi\1.18\windows64\jansi.dll
0x00007ffb902e0000 - 0x00007ffb902e9000 	D:\java\ojdkbuild\java-17-openjdk-17.0.3.0.6-1\bin\management.dll
0x00007ffb85220000 - 0x00007ffb8522b000 	D:\java\ojdkbuild\java-17-openjdk-17.0.3.0.6-1\bin\management_ext.dll
0x00007ffbad5c0000 - 0x00007ffbad5db000 	C:\Windows\SYSTEM32\CRYPTSP.dll
0x00007ffbacd60000 - 0x00007ffbacd95000 	C:\Windows\system32\rsaenh.dll
0x00007ffbad310000 - 0x00007ffbad33c000 	C:\Windows\SYSTEM32\USERENV.dll
0x00007ffbad5a0000 - 0x00007ffbad5ac000 	C:\Windows\SYSTEM32\CRYPTBASE.dll
0x00007ffbac890000 - 0x00007ffbac8bd000 	C:\Windows\SYSTEM32\IPHLPAPI.DLL
0x00007ffbaefa0000 - 0x00007ffbaefa9000 	C:\Windows\System32\NSI.dll
0x00007ffba5150000 - 0x00007ffba5169000 	C:\Windows\SYSTEM32\dhcpcsvc6.DLL
0x00007ffba4640000 - 0x00007ffba465f000 	C:\Windows\SYSTEM32\dhcpcsvc.DLL
0x00007ffbac8c0000 - 0x00007ffbac9b9000 	C:\Windows\SYSTEM32\DNSAPI.dll
0x00007ffb83470000 - 0x00007ffb8347d000 	D:\java\ojdkbuild\java-17-openjdk-17.0.3.0.6-1\bin\sunmscapi.dll
0x00007ffbadd10000 - 0x00007ffbade76000 	C:\Windows\System32\CRYPT32.dll
0x00007ffbad6d0000 - 0x00007ffbad6fe000 	C:\Windows\SYSTEM32\ncrypt.dll
0x00007ffbad690000 - 0x00007ffbad6c7000 	C:\Windows\SYSTEM32\NTASN1.dll
0x00007ffb9aa80000 - 0x00007ffb9aa88000 	C:\Windows\system32\wshunix.dll

dbghelp: loaded successfully - version: 4.0.5 - missing functions: none
symbol engine: initialized successfully - sym options: 0x614 - pdb path: .;D:\java\ojdkbuild\java-17-openjdk-17.0.3.0.6-1\bin;C:\Windows\SYSTEM32;C:\Windows\WinSxS\amd64_microsoft.windows.common-controls_6595b64144ccf1df_6.0.22621.2506_none_270c5ae97388e100;D:\java\ojdkbuild\java-17-openjdk-17.0.3.0.6-1\bin\server;C:\Users\11218\.gradle\native\68d5fa5c4cc2d200863cafc0d521ce42e7d3e7ee720ec0a83991735586a16f82\windows-amd64;C:\Users\11218\.gradle\native\jansi\1.18\windows64

VM Arguments:
jvm_args: -Xmx64m -Xms64m -Dorg.gradle.appname=gradlew 
java_command: org.gradle.wrapper.GradleWrapperMain assemble
java_class_path (initial): D:\androidLearning\AndroidStudioProjects\serviceTest1\\gradle\wrapper\gradle-wrapper.jar
Launcher Type: SUN_STANDARD

[Global flags]
     intx CICompilerCount                          = 2                                         {product} {ergonomic}
     uint ConcGCThreads                            = 1                                         {product} {ergonomic}
     uint G1ConcRefinementThreads                  = 2                                         {product} {ergonomic}
   size_t G1HeapRegionSize                         = 1048576                                   {product} {ergonomic}
    uintx GCDrainStackTargetSize                   = 64                                        {product} {ergonomic}
   size_t InitialHeapSize                          = 67108864                                  {product} {command line}
   size_t MarkStackSize                            = 4194304                                   {product} {ergonomic}
   size_t MaxHeapSize                              = 67108864                                  {product} {command line}
   size_t MaxNewSize                               = 39845888                                  {product} {ergonomic}
   size_t MinHeapDeltaBytes                        = 1048576                                   {product} {ergonomic}
   size_t MinHeapSize                              = 67108864                                  {product} {command line}
    uintx NonNMethodCodeHeapSize                   = 5826188                                {pd product} {ergonomic}
    uintx NonProfiledCodeHeapSize                  = 122916026                              {pd product} {ergonomic}
    uintx ProfiledCodeHeapSize                     = 122916026                              {pd product} {ergonomic}
    uintx ReservedCodeCacheSize                    = 251658240                              {pd product} {ergonomic}
     bool SegmentedCodeCache                       = true                                      {product} {ergonomic}
   size_t SoftMaxHeapSize                          = 67108864                               {manageable} {ergonomic}
     bool UseCompressedClassPointers               = true                           {product lp64_product} {ergonomic}
     bool UseCompressedOops                        = true                           {product lp64_product} {ergonomic}
     bool UseG1GC                                  = true                                      {product} {ergonomic}
     bool UseLargePagesIndividualAllocation        = false                                  {pd product} {ergonomic}

Logging:
Log output configuration:
 #0: stdout all=warning uptime,level,tags
 #1: stderr all=off uptime,level,tags

Environment Variables:
JAVA_HOME=D:\java\ojdkbuild\java-17-openjdk-17.0.3.0.6-1
CLASSPATH=D:\androidLearning\AndroidStudioProjects\serviceTest1\\gradle\wrapper\gradle-wrapper.jar
PATH=C:\Users\11218\miniconda3\condabin;C:\Windows\system32;C:\Windows;C:\Windows\System32\Wbem;C:\Windows\System32\WindowsPowerShell\v1.0\;C:\Windows\System32\OpenSSH\;D:\powershell\powershell7;d:\python3.11;C:\Program Files\WinRAR;C:\Program Files\Microsoft Office\root\Office16;C:\Program Files\PuTTY\;C:\Users\11218\AppData\Local\Microsoft\WindowsApps;C:\Program Files\dotnet\;D:\mytools\MinGit-2.11.1.mingit.prerelease.4-64-bit\cmd;D:\mytools\MinGit-2.11.1.mingit.prerelease.4-64-bit\usr\bin;D:\mytools\WiresharkPortable64\App\Wireshark;D:\MYTOOLS\SPSS1\JRE\bin;D:\myPython\goods;D:\mytools\SPSS1;C:\Users\11218\AppData\Roaming\nvda\addons\NVBox\globalPlugins\nvbox\adb;d:\java\ojdkbuild\java-17-openjdk-17.0.3.0.6-1.jre\bin;C:\Program Files\Docker\Docker\resources\bin;d:\java\ojdkbuild\java-17-openjdk-17.0.3.0.6-1\bin;D:\androidLearning\gradle\gradle-8.0\bin;D:\java\ojdkbuild\java-17-openjdk-17.0.3.0.6-1\bin;D:/java/ojdkbuild/java-17-openjdk-17.0.3.0.6-1.jre\bin;D:/java/ojdkbuild/java-17-openjdk-17.0.3.0.6-1.jre\bin\server;D:\ANDROIDLEARNING\REVERSE;C:\Users\11218\AppData\Local\Programs\Python\Python311;D:\myPython\NVSrC;C:\Users\11218\.gradle\wrapper\dists\gradle-8.0-all\a2o1xoguejy6msdh0lk99lxza\gradle-8.0\bin;D:\androidLearning\REVERSE\jadx\bin;C:\Program Files\Cloudflare\Cloudflare WARP\;D:\mypython\nvsrc\py-3-11-32\Scripts\;D:\mypython\nvsrc\py-3-11-32\;C:\Users\11218\AppData\Local\Programs\Python\Python311\;C:\Users\11218\miniconda3;C:\Users\11218\miniconda3\Library\mingw-w64\bin;C:\Users\11218\miniconda3\Library\usr\bin;C:\Users\11218\miniconda3\Library\bin;C:\Users\11218\miniconda3\Scripts;C:\Users\11218\scoop\shims;C:\Users\11218\AppData\Local\Microsoft\WindowsApps;C:\Users\11218\AppData\Local\Programs\Microsoft VS Code\bin;D:\myPython\goods;C:\Users\11218\AppData\Local\Microsoft\WinGet\Links;C:\Users\11218\.dotnet\tools
USERNAME=Stranger
OS=Windows_NT
PROCESSOR_IDENTIFIER=Intel64 Family 6 Model 122 Stepping 8, GenuineIntel



---------------  S Y S T E M  ---------------

OS:
 Windows 11 , 64 bit Build 22621 (10.0.22621.3085)
OS uptime: 8 days 1:11 hours
Hyper-V role detected

CPU: total 2 (initial active 2) (2 cores per cpu, 1 threads per core) family 6 model 122 stepping 8 microcode 0x1a, cx8, cmov, fxsr, mmx, 3dnowpref, sse, sse2, sse3, ssse3, sse4.1, sse4.2, popcnt, tsc, tscinvbit, aes, erms, clmul, sha, clflush, clflushopt, hv

Memory: 4k page, system-wide physical 7995M (354M free)
TotalPageFile size 17099M (AvailPageFile size 2M)
current process WorkingSet (physical memory assigned to process): 82M, peak: 82M
current process commit charge ("private bytes"): 151M, peak: 152M

vm_info: OpenJDK 64-Bit Server VM (17.0.3+6-LTS) for windows-amd64 JRE (17.0.3+6-LTS), built on May  3 2022 21:26:56 by "" with MS VC++ 16.10 / 16.11 (VS2019)

END.
